0.4190 	WARNING 	We strongly recommend you activate the PTB sound engine in PsychoPy prefs as the preferred audio engine. Its timing is vastly superior. Your prefs are currently set to use ['sounddevice', 'PTB', 'pyo', 'pygame'] (in that order).
0.9913 	WARNING 	Import Error: No module named 'psychtoolbox'. Using event module for keyboard component.
5.9362 	WARNING 	Monitor specification not found. Creating a temporary one...
6.6131 	EXP 	Created window1 = Window(allowGUI=False, allowStencil=False, args=UNKNOWN, autoLog=True, bitsMode=UNKNOWN, blendMode='avg', bpc=(8, 8, 8), color=array([0., 0., 0.]), colorSpace='rgb', depthBits=8, fullscr=<method-wrapper '__getattribute__' of attributeSetter object at 0x7fcf7bf38908>, gamma=None, gammaErrorPolicy='raise', kwargs=UNKNOWN, lms=UNKNOWN, monitor=<psychopy.monitors.calibTools.Monitor object at 0x7fcf79da6b38>, multiSample=False, name='window1', numSamples=2, pos=[0.0, 0.0], screen=0, size=array([1920, 1080]), stencilBits=0, stereo=False, units='height', useFBO=True, useRetina=False, viewOri=0.0, viewPos=None, viewScale=None, waitBlanking=True, winType='pyglet')
6.6131 	EXP 	window1: recordFrameIntervals = False
6.6223 	EXP 	window1: recordFrameIntervals = True
6.6248 	WARNING 	t of last frame was 1.55ms (=1/645)
6.6337 	EXP 	window1: recordFrameIntervals = False
6.6884 	EXP 	Created setup_text = TextStim(__class__=<class 'psychopy.visual.text.TextStim'>, alignHoriz=method-wrapper(...), alignText='center', alignVert=method-wrapper(...), anchorHoriz='center', anchorVert='center', antialias=True, autoLog=True, bold=False, color='white', colorSpace='named', contrast=1.0, depth=0.0, flipHoriz=False, flipVert=False, font='Arial', fontFiles=[], height=0.1, italic=False, languageStyle='LTR', name='setup_text', opacity=1.0, ori=0, pos=array([0., 0.]), rgb=array([255., 255., 255.]), text='A vizsgálati változók beállítása...', units='height', win=Window(...), wrapWidth=1)
6.6904 	EXP 	Created main_image = ImageStim(__class__=<class 'psychopy.visual.image.ImageStim'>, autoLog=True, color=array([1., 1., 1.]), colorSpace='rgb', contrast=1.0, depth=0.0, flipHoriz=False, flipVert=False, image='sin', interpolate=True, mask=None, maskParams=None, name='main_image', opacity=1.0, ori=0.0, pos=array([0., 0.]), size=array([300., 300.]), texRes=128, units='pix', win=Window(...))
6.6927 	EXP 	setup_text: autoDraw = True
7.7188 	EXP 	Imported encoding_table.csv as conditions, 83 conditions, 16 params
7.7192 	EXP 	Created sequence: sequential, trialTypes=83, nReps=1, seed=None
7.7195 	EXP 	New trial (rep=0, index=0): OrderedDict([('TrialIndex', 1), ('StimType', 'OLP'), ('Order', 1), ('Delay', 3), ('ScannerRun', 1), ('TripletMemberA', 'Stimuli/Fractals/118a.jpg'), ('TripletMemberB', 'Stimuli/Fractals/118c.jpg'), ('TripletMemberC', 'Stimuli/Fractals/118b.jpg'), ('Xcoordinate', 212.1320344), ('Ycoordinate', 212.1320344), ('Xcoordinate_lure1', 0.0), ('Ycoordinate_lure1', 300.0), ('Xcoordinate_lure2', 300.0), ('Ycoordinate_lure2', 0.0), ('Xcoordinate_foil', -212.1320344), ('Ycoordinate_foil', -212.1320344)])
7.7601 	EXP 	setup_text: autoDraw = False
7.7601 	EXP 	main_image: pos = array([212.1320344, 212.1320344])
7.7601 	EXP 	main_image: image = 'Stimuli/Fractals/118a.jpg'
7.7601 	EXP 	main_image: autoDraw = True
8.6919 	EXP 	New trial (rep=0, index=1): OrderedDict([('TrialIndex', 2), ('StimType', 'OLP'), ('Order', 1), ('Delay', 3), ('ScannerRun', 1), ('TripletMemberA', 'Stimuli/Fractals/119c.jpg'), ('TripletMemberB', 'Stimuli/Fractals/119a.jpg'), ('TripletMemberC', 'Stimuli/Fractals/119b.jpg'), ('Xcoordinate', 212.1320344), ('Ycoordinate', -212.1320344), ('Xcoordinate_lure1', 0.0), ('Ycoordinate_lure1', -300.0), ('Xcoordinate_lure2', 300.0), ('Ycoordinate_lure2', 0.0), ('Xcoordinate_foil', -212.1320344), ('Ycoordinate_foil', 212.1320344)])
8.7297 	EXP 	main_image: autoDraw = False
8.7297 	EXP 	main_image: pos = array([ 212.1320344, -212.1320344])
8.7297 	EXP 	main_image: image = 'Stimuli/Fractals/119c.jpg'
8.7297 	EXP 	main_image: autoDraw = True
9.6914 	EXP 	New trial (rep=0, index=2): OrderedDict([('TrialIndex', 3), ('StimType', 'LLP'), ('Order', 1), ('Delay', 5), ('ScannerRun', 1), ('TripletMemberA', 'Stimuli/Fractals/135b.jpg'), ('TripletMemberB', 'Stimuli/Fractals/135a.jpg'), ('TripletMemberC', 'Stimuli/Fractals/135c.jpg'), ('Xcoordinate', 212.1320344), ('Ycoordinate', 212.1320344), ('Xcoordinate_lure1', 300.0), ('Ycoordinate_lure1', 0.0), ('Xcoordinate_lure2', 0.0), ('Ycoordinate_lure2', 300.0), ('Xcoordinate_foil', -212.1320344), ('Ycoordinate_foil', -212.1320344)])
9.7261 	EXP 	main_image: autoDraw = False
9.7261 	EXP 	main_image: pos = array([212.1320344, 212.1320344])
9.7261 	EXP 	main_image: image = 'Stimuli/Fractals/135b.jpg'
9.7261 	EXP 	main_image: autoDraw = True
10.6917 	EXP 	New trial (rep=0, index=3): OrderedDict([('TrialIndex', 4), ('StimType', 'ERP'), ('Order', 1), ('Delay', 2), ('ScannerRun', 1), ('TripletMemberA', 'Stimuli/Fractals/13a.jpg'), ('TripletMemberB', 'Stimuli/Fractals/13b.jpg'), ('TripletMemberC', 'Stimuli/Fractals/13c.jpg'), ('Xcoordinate', 212.1320344), ('Ycoordinate', -212.1320344), ('Xcoordinate_lure1', 300.0), ('Ycoordinate_lure1', 0.0), ('Xcoordinate_lure2', 0.0), ('Ycoordinate_lure2', -300.0), ('Xcoordinate_foil', -300.0), ('Ycoordinate_foil', 0.0)])
10.7253 	EXP 	main_image: autoDraw = False
10.7253 	EXP 	main_image: pos = array([ 212.1320344, -212.1320344])
10.7253 	EXP 	main_image: image = 'Stimuli/Fractals/13a.jpg'
10.7253 	EXP 	main_image: autoDraw = True
11.6918 	EXP 	New trial (rep=0, index=4): OrderedDict([('TrialIndex', 5), ('StimType', 'OLP'), ('Order', 2), ('Delay', 0), ('ScannerRun', 1), ('TripletMemberA', 'Stimuli/Fractals/118a.jpg'), ('TripletMemberB', 'Stimuli/Fractals/118c.jpg'), ('TripletMemberC', 'Stimuli/Fractals/118b.jpg'), ('Xcoordinate', 212.1320344), ('Ycoordinate', 212.1320344), ('Xcoordinate_lure1', 0.0), ('Ycoordinate_lure1', 300.0), ('Xcoordinate_lure2', 300.0), ('Ycoordinate_lure2', 0.0), ('Xcoordinate_foil', -212.1320344), ('Ycoordinate_foil', -212.1320344)])
11.7271 	EXP 	main_image: autoDraw = False
11.7271 	EXP 	main_image: pos = array([212.1320344, 212.1320344])
11.7271 	EXP 	main_image: image = 'Stimuli/Fractals/118a.jpg'
11.7271 	EXP 	main_image: autoDraw = True
12.6910 	EXP 	New trial (rep=0, index=5): OrderedDict([('TrialIndex', 6), ('StimType', 'OLP'), ('Order', 2), ('Delay', 0), ('ScannerRun', 1), ('TripletMemberA', 'Stimuli/Fractals/119c.jpg'), ('TripletMemberB', 'Stimuli/Fractals/119a.jpg'), ('TripletMemberC', 'Stimuli/Fractals/119b.jpg'), ('Xcoordinate', 212.1320344), ('Ycoordinate', -212.1320344), ('Xcoordinate_lure1', 0.0), ('Ycoordinate_lure1', -300.0), ('Xcoordinate_lure2', 300.0), ('Ycoordinate_lure2', 0.0), ('Xcoordinate_foil', -212.1320344), ('Ycoordinate_foil', 212.1320344)])
12.7260 	EXP 	main_image: autoDraw = False
12.7260 	EXP 	main_image: pos = array([ 212.1320344, -212.1320344])
12.7260 	EXP 	main_image: image = 'Stimuli/Fractals/119c.jpg'
12.7260 	EXP 	main_image: autoDraw = True
13.6915 	EXP 	New trial (rep=0, index=6): OrderedDict([('TrialIndex', 7), ('StimType', 'ERP'), ('Order', 2), ('Delay', 0), ('ScannerRun', 1), ('TripletMemberA', 'Stimuli/Fractals/13a.jpg'), ('TripletMemberB', 'Stimuli/Fractals/13b.jpg'), ('TripletMemberC', 'Stimuli/Fractals/13c.jpg'), ('Xcoordinate', 212.1320344), ('Ycoordinate', -212.1320344), ('Xcoordinate_lure1', 300.0), ('Ycoordinate_lure1', 0.0), ('Xcoordinate_lure2', 0.0), ('Ycoordinate_lure2', -300.0), ('Xcoordinate_foil', -300.0), ('Ycoordinate_foil', 0.0)])
13.7252 	EXP 	main_image: autoDraw = False
13.7252 	EXP 	main_image: pos = array([ 212.1320344, -212.1320344])
13.7252 	EXP 	main_image: image = 'Stimuli/Fractals/13a.jpg'
13.7252 	EXP 	main_image: autoDraw = True
14.6910 	EXP 	New trial (rep=0, index=7): OrderedDict([('TrialIndex', 8), ('StimType', 'ERP'), ('Order', 1), ('Delay', 5), ('ScannerRun', 1), ('TripletMemberA', 'Stimuli/Fractals/58b.jpg'), ('TripletMemberB', 'Stimuli/Fractals/58a.jpg'), ('TripletMemberC', 'Stimuli/Fractals/58c.jpg'), ('Xcoordinate', -212.1320344), ('Ycoordinate', -212.1320344), ('Xcoordinate_lure1', -300.0), ('Ycoordinate_lure1', 0.0), ('Xcoordinate_lure2', 0.0), ('Ycoordinate_lure2', -300.0), ('Xcoordinate_foil', 212.1320344), ('Ycoordinate_foil', 212.1320344)])
14.7268 	EXP 	main_image: autoDraw = False
14.7268 	EXP 	main_image: pos = array([-212.1320344, -212.1320344])
14.7268 	EXP 	main_image: image = 'Stimuli/Fractals/58b.jpg'
14.7268 	EXP 	main_image: autoDraw = True
15.6920 	EXP 	New trial (rep=0, index=8): OrderedDict([('TrialIndex', 9), ('StimType', 'LLP'), ('Order', 2), ('Delay', 0), ('ScannerRun', 1), ('TripletMemberA', 'Stimuli/Fractals/135b.jpg'), ('TripletMemberB', 'Stimuli/Fractals/135a.jpg'), ('TripletMemberC', 'Stimuli/Fractals/135c.jpg'), ('Xcoordinate', 212.1320344), ('Ycoordinate', 212.1320344), ('Xcoordinate_lure1', 300.0), ('Ycoordinate_lure1', 0.0), ('Xcoordinate_lure2', 0.0), ('Ycoordinate_lure2', 300.0), ('Xcoordinate_foil', -212.1320344), ('Ycoordinate_foil', -212.1320344)])
15.7268 	EXP 	main_image: autoDraw = False
15.7268 	EXP 	main_image: pos = array([212.1320344, 212.1320344])
15.7268 	EXP 	main_image: image = 'Stimuli/Fractals/135b.jpg'
15.7268 	EXP 	main_image: autoDraw = True
16.6913 	EXP 	New trial (rep=0, index=9): OrderedDict([('TrialIndex', 10), ('StimType', 'LLP'), ('Order', 1), ('Delay', 4), ('ScannerRun', 1), ('TripletMemberA', 'Stimuli/Fractals/130a.jpg'), ('TripletMemberB', 'Stimuli/Fractals/130c.jpg'), ('TripletMemberC', 'Stimuli/Fractals/130b.jpg'), ('Xcoordinate', 212.1320344), ('Ycoordinate', -212.1320344), ('Xcoordinate_lure1', 300.0), ('Ycoordinate_lure1', 0.0), ('Xcoordinate_lure2', 0.0), ('Ycoordinate_lure2', -300.0), ('Xcoordinate_foil', -300.0), ('Ycoordinate_foil', 0.0)])
16.7249 	EXP 	main_image: autoDraw = False
16.7249 	EXP 	main_image: pos = array([ 212.1320344, -212.1320344])
16.7249 	EXP 	main_image: image = 'Stimuli/Fractals/130a.jpg'
16.7249 	EXP 	main_image: autoDraw = True
17.6916 	EXP 	New trial (rep=0, index=10): OrderedDict([('TrialIndex', 11), ('StimType', 'ERP'), ('Order', 1), ('Delay', 1), ('ScannerRun', 1), ('TripletMemberA', 'Stimuli/Fractals/72b.jpg'), ('TripletMemberB', 'Stimuli/Fractals/72a.jpg'), ('TripletMemberC', 'Stimuli/Fractals/72c.jpg'), ('Xcoordinate', 0.0), ('Ycoordinate', 300.0), ('Xcoordinate_lure1', -212.1320344), ('Ycoordinate_lure1', 212.1320344), ('Xcoordinate_lure2', 212.1320344), ('Ycoordinate_lure2', 212.1320344), ('Xcoordinate_foil', 0.0), ('Ycoordinate_foil', -300.0)])
17.7254 	EXP 	main_image: autoDraw = False
17.7254 	EXP 	main_image: pos = array([  0., 300.])
17.7254 	EXP 	main_image: image = 'Stimuli/Fractals/72b.jpg'
17.7254 	EXP 	main_image: autoDraw = True
18.6913 	EXP 	New trial (rep=0, index=11): OrderedDict([('TrialIndex', 12), ('StimType', 'OLP'), ('Order', 1), ('Delay', 4), ('ScannerRun', 1), ('TripletMemberA', 'Stimuli/Fractals/82c.jpg'), ('TripletMemberB', 'Stimuli/Fractals/82b.jpg'), ('TripletMemberC', 'Stimuli/Fractals/82a.jpg'), ('Xcoordinate', -212.1320344), ('Ycoordinate', -212.1320344), ('Xcoordinate_lure1', -300.0), ('Ycoordinate_lure1', 0.0), ('Xcoordinate_lure2', 0.0), ('Ycoordinate_lure2', -300.0), ('Xcoordinate_foil', 212.1320344), ('Ycoordinate_foil', 212.1320344)])
18.7254 	EXP 	main_image: autoDraw = False
18.7254 	EXP 	main_image: pos = array([-212.1320344, -212.1320344])
18.7254 	EXP 	main_image: image = 'Stimuli/Fractals/82c.jpg'
18.7254 	EXP 	main_image: autoDraw = True
19.6914 	EXP 	New trial (rep=0, index=12): OrderedDict([('TrialIndex', 13), ('StimType', 'ERP'), ('Order', 2), ('Delay', 0), ('ScannerRun', 1), ('TripletMemberA', 'Stimuli/Fractals/72b.jpg'), ('TripletMemberB', 'Stimuli/Fractals/72a.jpg'), ('TripletMemberC', 'Stimuli/Fractals/72c.jpg'), ('Xcoordinate', 0.0), ('Ycoordinate', 300.0), ('Xcoordinate_lure1', -212.1320344), ('Ycoordinate_lure1', 212.1320344), ('Xcoordinate_lure2', 212.1320344), ('Ycoordinate_lure2', 212.1320344), ('Xcoordinate_foil', 0.0), ('Ycoordinate_foil', -300.0)])
19.7253 	EXP 	main_image: autoDraw = False
19.7253 	EXP 	main_image: pos = array([  0., 300.])
19.7253 	EXP 	main_image: image = 'Stimuli/Fractals/72b.jpg'
19.7253 	EXP 	main_image: autoDraw = True
20.6920 	EXP 	New trial (rep=0, index=13): OrderedDict([('TrialIndex', 14), ('StimType', 'ERP'), ('Order', 2), ('Delay', 0), ('ScannerRun', 1), ('TripletMemberA', 'Stimuli/Fractals/58b.jpg'), ('TripletMemberB', 'Stimuli/Fractals/58a.jpg'), ('TripletMemberC', 'Stimuli/Fractals/58c.jpg'), ('Xcoordinate', -212.1320344), ('Ycoordinate', -212.1320344), ('Xcoordinate_lure1', -300.0), ('Ycoordinate_lure1', 0.0), ('Xcoordinate_lure2', 0.0), ('Ycoordinate_lure2', -300.0), ('Xcoordinate_foil', 212.1320344), ('Ycoordinate_foil', 212.1320344)])
20.7280 	EXP 	main_image: autoDraw = False
20.7280 	EXP 	main_image: pos = array([-212.1320344, -212.1320344])
20.7280 	EXP 	main_image: image = 'Stimuli/Fractals/58b.jpg'
20.7280 	EXP 	main_image: autoDraw = True
21.6909 	EXP 	New trial (rep=0, index=14): OrderedDict([('TrialIndex', 15), ('StimType', 'LLP'), ('Order', 2), ('Delay', 0), ('ScannerRun', 1), ('TripletMemberA', 'Stimuli/Fractals/130a.jpg'), ('TripletMemberB', 'Stimuli/Fractals/130c.jpg'), ('TripletMemberC', 'Stimuli/Fractals/130b.jpg'), ('Xcoordinate', 212.1320344), ('Ycoordinate', -212.1320344), ('Xcoordinate_lure1', 300.0), ('Ycoordinate_lure1', 0.0), ('Xcoordinate_lure2', 0.0), ('Ycoordinate_lure2', -300.0), ('Xcoordinate_foil', -300.0), ('Ycoordinate_foil', 0.0)])
21.7245 	EXP 	main_image: autoDraw = False
21.7245 	EXP 	main_image: pos = array([ 212.1320344, -212.1320344])
21.7245 	EXP 	main_image: image = 'Stimuli/Fractals/130a.jpg'
21.7245 	EXP 	main_image: autoDraw = True
22.6912 	EXP 	New trial (rep=0, index=15): OrderedDict([('TrialIndex', 16), ('StimType', 'LLP'), ('Order', 1), ('Delay', 2), ('ScannerRun', 1), ('TripletMemberA', 'Stimuli/Fractals/40c.jpg'), ('TripletMemberB', 'Stimuli/Fractals/40a.jpg'), ('TripletMemberC', 'Stimuli/Fractals/40b.jpg'), ('Xcoordinate', -212.1320344), ('Ycoordinate', -212.1320344), ('Xcoordinate_lure1', -300.0), ('Ycoordinate_lure1', 0.0), ('Xcoordinate_lure2', 0.0), ('Ycoordinate_lure2', -300.0), ('Xcoordinate_foil', 300.0), ('Ycoordinate_foil', 0.0)])
22.7338 	EXP 	main_image: autoDraw = False
22.7338 	EXP 	main_image: pos = array([-212.1320344, -212.1320344])
22.7338 	EXP 	main_image: image = 'Stimuli/Fractals/40c.jpg'
22.7338 	EXP 	main_image: autoDraw = True
23.6910 	EXP 	New trial (rep=0, index=16): OrderedDict([('TrialIndex', 17), ('StimType', 'OLP'), ('Order', 2), ('Delay', 0), ('ScannerRun', 1), ('TripletMemberA', 'Stimuli/Fractals/82c.jpg'), ('TripletMemberB', 'Stimuli/Fractals/82b.jpg'), ('TripletMemberC', 'Stimuli/Fractals/82a.jpg'), ('Xcoordinate', -212.1320344), ('Ycoordinate', -212.1320344), ('Xcoordinate_lure1', -300.0), ('Ycoordinate_lure1', 0.0), ('Xcoordinate_lure2', 0.0), ('Ycoordinate_lure2', -300.0), ('Xcoordinate_foil', 212.1320344), ('Ycoordinate_foil', 212.1320344)])
23.7252 	EXP 	main_image: autoDraw = False
23.7252 	EXP 	main_image: pos = array([-212.1320344, -212.1320344])
23.7252 	EXP 	main_image: image = 'Stimuli/Fractals/82c.jpg'
23.7252 	EXP 	main_image: autoDraw = True
24.6920 	EXP 	New trial (rep=0, index=17): OrderedDict([('TrialIndex', 18), ('StimType', 'OLP'), ('Order', 1), ('Delay', 1), ('ScannerRun', 1), ('TripletMemberA', 'Stimuli/Fractals/116b.jpg'), ('TripletMemberB', 'Stimuli/Fractals/116a.jpg'), ('TripletMemberC', 'Stimuli/Fractals/116c.jpg'), ('Xcoordinate', 0.0), ('Ycoordinate', 300.0), ('Xcoordinate_lure1', 212.1320344), ('Ycoordinate_lure1', 212.1320344), ('Xcoordinate_lure2', -212.1320344), ('Ycoordinate_lure2', 212.1320344), ('Xcoordinate_foil', 0.0), ('Ycoordinate_foil', -300.0)])
24.7261 	EXP 	main_image: autoDraw = False
24.7261 	EXP 	main_image: pos = array([  0., 300.])
24.7261 	EXP 	main_image: image = 'Stimuli/Fractals/116b.jpg'
24.7261 	EXP 	main_image: autoDraw = True
25.6917 	EXP 	New trial (rep=0, index=18): OrderedDict([('TrialIndex', 19), ('StimType', 'LLP'), ('Order', 2), ('Delay', 0), ('ScannerRun', 1), ('TripletMemberA', 'Stimuli/Fractals/40c.jpg'), ('TripletMemberB', 'Stimuli/Fractals/40a.jpg'), ('TripletMemberC', 'Stimuli/Fractals/40b.jpg'), ('Xcoordinate', -212.1320344), ('Ycoordinate', -212.1320344), ('Xcoordinate_lure1', -300.0), ('Ycoordinate_lure1', 0.0), ('Xcoordinate_lure2', 0.0), ('Ycoordinate_lure2', -300.0), ('Xcoordinate_foil', 300.0), ('Ycoordinate_foil', 0.0)])
25.7264 	EXP 	main_image: autoDraw = False
25.7264 	EXP 	main_image: pos = array([-212.1320344, -212.1320344])
25.7264 	EXP 	main_image: image = 'Stimuli/Fractals/40c.jpg'
25.7264 	EXP 	main_image: autoDraw = True
26.6919 	EXP 	New trial (rep=0, index=19): OrderedDict([('TrialIndex', 20), ('StimType', 'OLP'), ('Order', 2), ('Delay', 0), ('ScannerRun', 1), ('TripletMemberA', 'Stimuli/Fractals/116b.jpg'), ('TripletMemberB', 'Stimuli/Fractals/116a.jpg'), ('TripletMemberC', 'Stimuli/Fractals/116c.jpg'), ('Xcoordinate', 0.0), ('Ycoordinate', 300.0), ('Xcoordinate_lure1', 212.1320344), ('Ycoordinate_lure1', 212.1320344), ('Xcoordinate_lure2', -212.1320344), ('Ycoordinate_lure2', 212.1320344), ('Xcoordinate_foil', 0.0), ('Ycoordinate_foil', -300.0)])
26.7259 	EXP 	main_image: autoDraw = False
26.7259 	EXP 	main_image: pos = array([  0., 300.])
26.7259 	EXP 	main_image: image = 'Stimuli/Fractals/116b.jpg'
26.7259 	EXP 	main_image: autoDraw = True
27.6915 	EXP 	New trial (rep=0, index=20): OrderedDict([('TrialIndex', 21), ('StimType', 'BL'), ('Order', 0), ('Delay', 0), ('ScannerRun', 1), ('TripletMemberA', 'Stimuli/Fractals/115b.jpg'), ('TripletMemberB', 'Stimuli/Fractals/115a.jpg'), ('TripletMemberC', 'Stimuli/Fractals/115c.jpg'), ('Xcoordinate', 212.1320344), ('Ycoordinate', 212.1320344), ('Xcoordinate_lure1', None), ('Ycoordinate_lure1', None), ('Xcoordinate_lure2', None), ('Ycoordinate_lure2', None), ('Xcoordinate_foil', None), ('Ycoordinate_foil', None)])
27.7792 	EXP 	main_image: autoDraw = False
27.7792 	EXP 	main_image: pos = array([212.1320344, 212.1320344])
27.7792 	EXP 	main_image: image = 'Stimuli/Fractals/115b.jpg'
27.7792 	EXP 	main_image: autoDraw = True
28.6922 	EXP 	New trial (rep=0, index=21): OrderedDict([('TrialIndex', 22), ('StimType', 'ERP'), ('Order', 1), ('Delay', 3), ('ScannerRun', 1), ('TripletMemberA', 'Stimuli/Fractals/126c.jpg'), ('TripletMemberB', 'Stimuli/Fractals/126a.jpg'), ('TripletMemberC', 'Stimuli/Fractals/126b.jpg'), ('Xcoordinate', -300.0), ('Ycoordinate', 0.0), ('Xcoordinate_lure1', -212.1320344), ('Ycoordinate_lure1', 212.1320344), ('Xcoordinate_lure2', -212.1320344), ('Ycoordinate_lure2', -212.1320344), ('Xcoordinate_foil', 212.1320344), ('Ycoordinate_foil', -212.1320344)])
28.7858 	EXP 	main_image: autoDraw = False
28.7858 	EXP 	main_image: pos = array([-300.,    0.])
28.7858 	EXP 	main_image: image = 'Stimuli/Fractals/126c.jpg'
28.7858 	EXP 	main_image: autoDraw = True
29.6926 	EXP 	New trial (rep=0, index=22): OrderedDict([('TrialIndex', 23), ('StimType', 'LLP'), ('Order', 1), ('Delay', 5), ('ScannerRun', 1), ('TripletMemberA', 'Stimuli/Fractals/120c.jpg'), ('TripletMemberB', 'Stimuli/Fractals/120a.jpg'), ('TripletMemberC', 'Stimuli/Fractals/120b.jpg'), ('Xcoordinate', 212.1320344), ('Ycoordinate', -212.1320344), ('Xcoordinate_lure1', 0.0), ('Ycoordinate_lure1', -300.0), ('Xcoordinate_lure2', 300.0), ('Ycoordinate_lure2', 0.0), ('Xcoordinate_foil', 0.0), ('Ycoordinate_foil', 300.0)])
29.7815 	EXP 	main_image: autoDraw = False
29.7815 	EXP 	main_image: pos = array([ 212.1320344, -212.1320344])
29.7815 	EXP 	main_image: image = 'Stimuli/Fractals/120c.jpg'
29.7815 	EXP 	main_image: autoDraw = True
30.6912 	EXP 	New trial (rep=0, index=23): OrderedDict([('TrialIndex', 24), ('StimType', 'ERP'), ('Order', 1), ('Delay', 2), ('ScannerRun', 1), ('TripletMemberA', 'Stimuli/Fractals/56b.jpg'), ('TripletMemberB', 'Stimuli/Fractals/56a.jpg'), ('TripletMemberC', 'Stimuli/Fractals/56c.jpg'), ('Xcoordinate', 212.1320344), ('Ycoordinate', -212.1320344), ('Xcoordinate_lure1', 0.0), ('Ycoordinate_lure1', -300.0), ('Xcoordinate_lure2', 300.0), ('Ycoordinate_lure2', 0.0), ('Xcoordinate_foil', 0.0), ('Ycoordinate_foil', 300.0)])
30.7693 	EXP 	main_image: autoDraw = False
30.7693 	EXP 	main_image: pos = array([ 212.1320344, -212.1320344])
30.7693 	EXP 	main_image: image = 'Stimuli/Fractals/56b.jpg'
30.7693 	EXP 	main_image: autoDraw = True
31.6923 	EXP 	New trial (rep=0, index=24): OrderedDict([('TrialIndex', 25), ('StimType', 'ERP'), ('Order', 1), ('Delay', 5), ('ScannerRun', 1), ('TripletMemberA', 'Stimuli/Fractals/49c.jpg'), ('TripletMemberB', 'Stimuli/Fractals/49b.jpg'), ('TripletMemberC', 'Stimuli/Fractals/49a.jpg'), ('Xcoordinate', -300.0), ('Ycoordinate', 0.0), ('Xcoordinate_lure1', -212.1320344), ('Ycoordinate_lure1', -212.1320344), ('Xcoordinate_lure2', -212.1320344), ('Ycoordinate_lure2', 212.1320344), ('Xcoordinate_foil', 212.1320344), ('Ycoordinate_foil', 212.1320344)])
31.7688 	EXP 	main_image: autoDraw = False
31.7688 	EXP 	main_image: pos = array([-300.,    0.])
31.7688 	EXP 	main_image: image = 'Stimuli/Fractals/49c.jpg'
31.7688 	EXP 	main_image: autoDraw = True
32.6919 	EXP 	New trial (rep=0, index=25): OrderedDict([('TrialIndex', 26), ('StimType', 'ERP'), ('Order', 2), ('Delay', 0), ('ScannerRun', 1), ('TripletMemberA', 'Stimuli/Fractals/126c.jpg'), ('TripletMemberB', 'Stimuli/Fractals/126a.jpg'), ('TripletMemberC', 'Stimuli/Fractals/126b.jpg'), ('Xcoordinate', -300.0), ('Ycoordinate', 0.0), ('Xcoordinate_lure1', -212.1320344), ('Ycoordinate_lure1', 212.1320344), ('Xcoordinate_lure2', -212.1320344), ('Ycoordinate_lure2', -212.1320344), ('Xcoordinate_foil', 212.1320344), ('Ycoordinate_foil', -212.1320344)])
32.7617 	EXP 	main_image: autoDraw = False
32.7617 	EXP 	main_image: pos = array([-300.,    0.])
32.7617 	EXP 	main_image: image = 'Stimuli/Fractals/126c.jpg'
32.7617 	EXP 	main_image: autoDraw = True
33.6925 	EXP 	New trial (rep=0, index=26): OrderedDict([('TrialIndex', 27), ('StimType', 'ERP'), ('Order', 2), ('Delay', 0), ('ScannerRun', 1), ('TripletMemberA', 'Stimuli/Fractals/56b.jpg'), ('TripletMemberB', 'Stimuli/Fractals/56a.jpg'), ('TripletMemberC', 'Stimuli/Fractals/56c.jpg'), ('Xcoordinate', 212.1320344), ('Ycoordinate', -212.1320344), ('Xcoordinate_lure1', 0.0), ('Ycoordinate_lure1', -300.0), ('Xcoordinate_lure2', 300.0), ('Ycoordinate_lure2', 0.0), ('Xcoordinate_foil', 0.0), ('Ycoordinate_foil', 300.0)])
33.7590 	EXP 	main_image: autoDraw = False
33.7590 	EXP 	main_image: pos = array([ 212.1320344, -212.1320344])
33.7590 	EXP 	main_image: image = 'Stimuli/Fractals/56b.jpg'
33.7590 	EXP 	main_image: autoDraw = True
34.6921 	EXP 	New trial (rep=0, index=27): OrderedDict([('TrialIndex', 28), ('StimType', 'OLP'), ('Order', 1), ('Delay', 3), ('ScannerRun', 1), ('TripletMemberA', 'Stimuli/Fractals/88c.jpg'), ('TripletMemberB', 'Stimuli/Fractals/88b.jpg'), ('TripletMemberC', 'Stimuli/Fractals/88a.jpg'), ('Xcoordinate', 0.0), ('Ycoordinate', -300.0), ('Xcoordinate_lure1', 212.1320344), ('Ycoordinate_lure1', -212.1320344), ('Xcoordinate_lure2', -212.1320344), ('Ycoordinate_lure2', -212.1320344), ('Xcoordinate_foil', 0.0), ('Ycoordinate_foil', 300.0)])
34.7723 	EXP 	main_image: autoDraw = False
34.7723 	EXP 	main_image: pos = array([   0., -300.])
34.7723 	EXP 	main_image: image = 'Stimuli/Fractals/88c.jpg'
34.7723 	EXP 	main_image: autoDraw = True
35.1777 	DATA 	Keypress: escape
35.1962 	EXP 	window1: mouseVisible = True
