0.4106 	WARNING 	We strongly recommend you activate the PTB sound engine in PsychoPy prefs as the preferred audio engine. Its timing is vastly superior. Your prefs are currently set to use ['sounddevice', 'PTB', 'pyo', 'pygame'] (in that order).
1.0253 	WARNING 	Import Error: No module named 'psychtoolbox'. Using event module for keyboard component.
4.4150 	WARNING 	Monitor specification not found. Creating a temporary one...
4.7845 	EXP 	Created window1 = Window(allowGUI=False, allowStencil=False, args=UNKNOWN, autoLog=True, bitsMode=UNKNOWN, blendMode='avg', bpc=(8, 8, 8), color=array([0.804, 0.804, 0.961]), colorSpace='rgb', depthBits=8, fullscr=<method-wrapper '__getattribute__' of attributeSetter object at 0x7ff9edcffef0>, gamma=None, gammaErrorPolicy='raise', kwargs=UNKNOWN, lms=UNKNOWN, monitor=<psychopy.monitors.calibTools.Monitor object at 0x7ff9edce5160>, multiSample=False, name='window1', numSamples=2, pos=[0.0, 0.0], screen=0, size=array([1920, 1080]), stencilBits=0, stereo=False, units='height', useFBO=True, useRetina=False, viewOri=0.0, viewPos=None, viewScale=None, waitBlanking=True, winType='pyglet')
4.7845 	EXP 	window1: recordFrameIntervals = False
4.7943 	EXP 	window1: recordFrameIntervals = True
4.8013 	WARNING 	t of last frame was 1.51ms (=1/664)
4.8037 	WARNING 	t of last frame was 1.27ms (=1/785)
4.8049 	WARNING 	t of last frame was 1.18ms (=1/850)
4.8060 	EXP 	window1: recordFrameIntervals = False
4.8663 	EXP 	Created lab_thanks = TextStim(__class__=<class 'psychopy.visual.text.TextStim'>, alignHoriz=method-wrapper(...), alignText='center', alignVert=method-wrapper(...), anchorHoriz='center', anchorVert='center', antialias=True, autoLog=True, bold=False, color='black', colorSpace='named', contrast=1.0, depth=0.0, flipHoriz=False, flipVert=False, font='Arial', fontFiles=[], height=0.05, italic=False, languageStyle='LTR', name='lab_thanks', opacity=1.0, ori=0, pos=array([0., 0.]), rgb=array([0., 0., 0.]), text=str(...), units='height', win=Window(...), wrapWidth=1)
4.8756 	EXP 	Created start_encoding_text = TextStim(__class__=<class 'psychopy.visual.text.TextStim'>, alignHoriz=method-wrapper(...), alignText='center', alignVert=method-wrapper(...), anchorHoriz='center', anchorVert='center', antialias=True, autoLog=True, bold=False, color='black', colorSpace='named', contrast=1.0, depth=0.0, flipHoriz=False, flipVert=False, font='Arial', fontFiles=[], height=0.1, italic=False, languageStyle='LTR', name='start_encoding_text', opacity=1.0, ori=0, pos=array([0., 0.]), rgb=array([0., 0., 0.]), text='default text', units='height', win=Window(...), wrapWidth=1)
4.9032 	EXP 	Created enc_instructions_1_text = TextStim(__class__=<class 'psychopy.visual.text.TextStim'>, alignHoriz=method-wrapper(...), alignText='center', alignVert=method-wrapper(...), anchorHoriz='center', anchorVert='center', antialias=True, autoLog=True, bold=False, color='black', colorSpace='named', contrast=1.0, depth=0.0, flipHoriz=False, flipVert=False, font='Arial', fontFiles=[], height=0.04, italic=False, languageStyle='LTR', name='enc_instructions_1_text', opacity=1.0, ori=0, pos=array([-0.4,  0. ]), rgb=array([0., 0., 0.]), text=str(...), units='height', win=Window(...), wrapWidth=0.9)
4.9577 	EXP 	Created enc_instructions_1_image = ImageStim(__class__=<class 'psychopy.visual.image.ImageStim'>, autoLog=True, color=array([1., 1., 1.]), colorSpace='rgb', contrast=1.0, depth=-1.0, flipHoriz=False, flipVert=False, image='stimuli/GalleryBuildingFromOutside.jpg', interpolate=True, mask=None, maskParams=None, name='enc_instructions_1_image', opacity=1.0, ori=0.0, pos=array([450.,   0.]), size=array([600., 450.]), texRes=128, units='pix', win=Window(...))
4.9729 	EXP 	Created enc_instructions_2_text = TextStim(__class__=<class 'psychopy.visual.text.TextStim'>, alignHoriz=method-wrapper(...), alignText='center', alignVert=method-wrapper(...), anchorHoriz='center', anchorVert='center', antialias=True, autoLog=True, bold=False, color='black', colorSpace='named', contrast=1.0, depth=0.0, flipHoriz=False, flipVert=False, font='Arial', fontFiles=[], height=0.04, italic=False, languageStyle='LTR', name='enc_instructions_2_text', opacity=1.0, ori=0, pos=array([-0.5,  0. ]), rgb=array([0., 0., 0.]), text=str(...), units='height', win=Window(...), wrapWidth=0.7)
5.0001 	EXP 	Created enc_instructions_2_image = ImageStim(__class__=<class 'psychopy.visual.image.ImageStim'>, autoLog=True, color=array([1., 1., 1.]), colorSpace='rgb', contrast=1.0, depth=-1.0, flipHoriz=False, flipVert=False, image='stimuli/GalleryInfo.jpg', interpolate=True, mask=None, maskParams=None, name='enc_instructions_2_image', opacity=1.0, ori=0.0, pos=array([425.,   0.]), size=array([1000.,  750.]), texRes=128, units='pix', win=Window(...))
5.0162 	EXP 	Created enc_instructions_3_text = TextStim(__class__=<class 'psychopy.visual.text.TextStim'>, alignHoriz=method-wrapper(...), alignText='center', alignVert=method-wrapper(...), anchorHoriz='center', anchorVert='center', antialias=True, autoLog=True, bold=False, color='black', colorSpace='named', contrast=1.0, depth=0.0, flipHoriz=False, flipVert=False, font='Arial', fontFiles=[], height=0.05, italic=False, languageStyle='LTR', name='enc_instructions_3_text', opacity=1.0, ori=0, pos=array([0., 0.]), rgb=array([0., 0., 0.]), text=str(...), units='height', win=Window(...), wrapWidth=1)
5.0246 	EXP 	Created start_practice_text = TextStim(__class__=<class 'psychopy.visual.text.TextStim'>, alignHoriz=method-wrapper(...), alignText='center', alignVert=method-wrapper(...), anchorHoriz='center', anchorVert='center', antialias=True, autoLog=True, bold=False, color='black', colorSpace='named', contrast=1.0, depth=0.0, flipHoriz=False, flipVert=False, font='Arial', fontFiles=[], height=0.1, italic=False, languageStyle='LTR', name='start_practice_text', opacity=1.0, ori=0, pos=array([0., 0.]), rgb=array([0., 0., 0.]), text='Kezdődik a gyakorlás...', units='height', win=Window(...), wrapWidth=1)
5.0412 	EXP 	Created enc_fx_map = ImageStim(__class__=<class 'psychopy.visual.image.ImageStim'>, autoLog=True, color=array([1., 1., 1.]), colorSpace='rgb', contrast=1.0, depth=0.0, flipHoriz=False, flipVert=False, image='stimuli/GalleryPlanInside.jpg', interpolate=True, mask=None, maskParams=None, name='enc_fx_map', opacity=1.0, ori=0.0, pos=array([  0., -25.]), size=array([1040., 1000.]), texRes=128, units='pix', win=Window(...))
5.0473 	EXP 	Created enc_fx_cross = TextStim(__class__=<class 'psychopy.visual.text.TextStim'>, alignHoriz=method-wrapper(...), alignText='center', alignVert=method-wrapper(...), anchorHoriz='center', anchorVert='center', antialias=True, autoLog=True, bold=False, color='black', colorSpace='named', contrast=1.0, depth=-1.0, flipHoriz=False, flipVert=False, font='Arial', fontFiles=[], height=50, italic=False, languageStyle='LTR', name='enc_fx_cross', opacity=1.0, ori=0, pos=array([0., 0.]), rgb=array([0., 0., 0.]), text='+', units='pix', win=Window(...), wrapWidth=500)
5.0629 	EXP 	Created enc_trial_map = ImageStim(__class__=<class 'psychopy.visual.image.ImageStim'>, autoLog=True, color=array([1., 1., 1.]), colorSpace='rgb', contrast=1.0, depth=0.0, flipHoriz=False, flipVert=False, image='stimuli/GalleryPlanInside.jpg', interpolate=True, mask=None, maskParams=None, name='enc_trial_map', opacity=1.0, ori=0.0, pos=array([  0., -25.]), size=array([1040., 1000.]), texRes=128, units='pix', win=Window(...))
5.0645 	EXP 	Created enc_trial_main_image = ImageStim(__class__=<class 'psychopy.visual.image.ImageStim'>, autoLog=True, color=array([1., 1., 1.]), colorSpace='rgb', contrast=1.0, depth=-1.0, flipHoriz=False, flipVert=False, image='sin', interpolate=True, mask=None, maskParams=None, name='enc_trial_main_image', opacity=1.0, ori=0.0, pos=array([0., 0.]), size=array([300., 300.]), texRes=128, units='pix', win=Window(...))
5.0801 	EXP 	Created enc_practice_feedback_map = ImageStim(__class__=<class 'psychopy.visual.image.ImageStim'>, autoLog=True, color=array([1., 1., 1.]), colorSpace='rgb', contrast=1.0, depth=-1.0, flipHoriz=False, flipVert=False, image='stimuli/GalleryPlanInside.jpg', interpolate=True, mask=None, maskParams=None, name='enc_practice_feedback_map', opacity=1.0, ori=0.0, pos=array([  0., -25.]), size=array([1040., 1000.]), texRes=128, units='pix', win=Window(...))
5.0814 	EXP 	Created enc_practice_feedback_image = ImageStim(__class__=<class 'psychopy.visual.image.ImageStim'>, autoLog=True, color=array([1., 1., 1.]), colorSpace='rgb', contrast=1.0, depth=-2.0, flipHoriz=False, flipVert=False, image='sin', interpolate=True, mask=None, maskParams=None, name='enc_practice_feedback_image', opacity=1.0, ori=0.0, pos=array([0., 0.]), size=array([300., 300.]), texRes=128, units='pix', win=Window(...))
5.0856 	EXP 	Created enc_practice_feedback_text = TextStim(__class__=<class 'psychopy.visual.text.TextStim'>, alignHoriz=method-wrapper(...), alignText='center', alignVert=method-wrapper(...), anchorHoriz='center', anchorVert='center', antialias=True, autoLog=True, bold=False, color='black', colorSpace='named', contrast=1.0, depth=-3.0, flipHoriz=False, flipVert=False, font='Arial', fontFiles=[], height=0.05, italic=False, languageStyle='LTR', name='enc_practice_feedback_text', opacity=1.0, ori=0, pos=array([0., 0.]), rgb=array([0., 0., 0.]), text='default text', units='height', win=Window(...), wrapWidth=1)
5.1018 	EXP 	Created end_practice_text = TextStim(__class__=<class 'psychopy.visual.text.TextStim'>, alignHoriz=method-wrapper(...), alignText='center', alignVert=method-wrapper(...), anchorHoriz='center', anchorVert='center', antialias=True, autoLog=True, bold=False, color='black', colorSpace='named', contrast=1.0, depth=0.0, flipHoriz=False, flipVert=False, font='Arial', fontFiles=[], height=0.05, italic=False, languageStyle='LTR', name='end_practice_text', opacity=1.0, ori=0, pos=array([0., 0.]), rgb=array([0., 0., 0.]), text=str(...), units='height', win=Window(...), wrapWidth=0.8)
5.1074 	EXP 	Created start_enc_run_text = TextStim(__class__=<class 'psychopy.visual.text.TextStim'>, alignHoriz=method-wrapper(...), alignText='center', alignVert=method-wrapper(...), anchorHoriz='center', anchorVert='center', antialias=True, autoLog=True, bold=False, color='black', colorSpace='named', contrast=1.0, depth=-2.0, flipHoriz=False, flipVert=False, font='Arial', fontFiles=[], height=0.1, italic=False, languageStyle='LTR', name='start_enc_run_text', opacity=1.0, ori=0, pos=array([0., 0.]), rgb=array([0., 0., 0.]), text='Kezdődik a feladat...', units='height', win=Window(...), wrapWidth=1)
5.1248 	EXP 	Created enc_fx_map = ImageStim(__class__=<class 'psychopy.visual.image.ImageStim'>, autoLog=True, color=array([1., 1., 1.]), colorSpace='rgb', contrast=1.0, depth=0.0, flipHoriz=False, flipVert=False, image='stimuli/GalleryPlanInside.jpg', interpolate=True, mask=None, maskParams=None, name='enc_fx_map', opacity=1.0, ori=0.0, pos=array([  0., -25.]), size=array([1040., 1000.]), texRes=128, units='pix', win=Window(...))
5.1261 	EXP 	Created enc_fx_cross = TextStim(__class__=<class 'psychopy.visual.text.TextStim'>, alignHoriz=method-wrapper(...), alignText='center', alignVert=method-wrapper(...), anchorHoriz='center', anchorVert='center', antialias=True, autoLog=True, bold=False, color='black', colorSpace='named', contrast=1.0, depth=-1.0, flipHoriz=False, flipVert=False, font='Arial', fontFiles=[], height=50, italic=False, languageStyle='LTR', name='enc_fx_cross', opacity=1.0, ori=0, pos=array([0., 0.]), rgb=array([0., 0., 0.]), text='+', units='pix', win=Window(...), wrapWidth=500)
5.1420 	EXP 	Created enc_trial_map = ImageStim(__class__=<class 'psychopy.visual.image.ImageStim'>, autoLog=True, color=array([1., 1., 1.]), colorSpace='rgb', contrast=1.0, depth=0.0, flipHoriz=False, flipVert=False, image='stimuli/GalleryPlanInside.jpg', interpolate=True, mask=None, maskParams=None, name='enc_trial_map', opacity=1.0, ori=0.0, pos=array([  0., -25.]), size=array([1040., 1000.]), texRes=128, units='pix', win=Window(...))
5.1434 	EXP 	Created enc_trial_main_image = ImageStim(__class__=<class 'psychopy.visual.image.ImageStim'>, autoLog=True, color=array([1., 1., 1.]), colorSpace='rgb', contrast=1.0, depth=-1.0, flipHoriz=False, flipVert=False, image='sin', interpolate=True, mask=None, maskParams=None, name='enc_trial_main_image', opacity=1.0, ori=0.0, pos=array([0., 0.]), size=array([300., 300.]), texRes=128, units='pix', win=Window(...))
5.1516 	EXP 	Created end_enc_run_text = TextStim(__class__=<class 'psychopy.visual.text.TextStim'>, alignHoriz=method-wrapper(...), alignText='center', alignVert=method-wrapper(...), anchorHoriz='center', anchorVert='center', antialias=True, autoLog=True, bold=False, color='black', colorSpace='named', contrast=1.0, depth=0.0, flipHoriz=False, flipVert=False, font='Arial', fontFiles=[], height=0.06, italic=False, languageStyle='LTR', name='end_enc_run_text', opacity=1.0, ori=0, pos=array([0., 0.]), rgb=array([0., 0., 0.]), text='default text', units='height', win=Window(...), wrapWidth=1)
5.1597 	EXP 	Created start_recognition_text = TextStim(__class__=<class 'psychopy.visual.text.TextStim'>, alignHoriz=method-wrapper(...), alignText='center', alignVert=method-wrapper(...), anchorHoriz='center', anchorVert='center', antialias=True, autoLog=True, bold=False, color='black', colorSpace='named', contrast=1.0, depth=-2.0, flipHoriz=False, flipVert=False, font='Arial', fontFiles=[], height=0.1, italic=False, languageStyle='LTR', name='start_recognition_text', opacity=1.0, ori=0, pos=array([0., 0.]), rgb=array([0., 0., 0.]), text='Második feladat\nKépfelismerés', units='height', win=Window(...), wrapWidth=1)
5.1779 	EXP 	Created rec_instructions_1_text = TextStim(__class__=<class 'psychopy.visual.text.TextStim'>, alignHoriz=method-wrapper(...), alignText='center', alignVert=method-wrapper(...), anchorHoriz='center', anchorVert='center', antialias=True, autoLog=True, bold=False, color='black', colorSpace='named', contrast=1.0, depth=0.0, flipHoriz=False, flipVert=False, font='Arial', fontFiles=[], height=0.05, italic=False, languageStyle='LTR', name='rec_instructions_1_text', opacity=1.0, ori=0, pos=array([0., 0.]), rgb=array([0., 0., 0.]), text=str(...), units='height', win=Window(...), wrapWidth=1)
5.2082 	EXP 	Created rec_instructions2_text = TextStim(__class__=<class 'psychopy.visual.text.TextStim'>, alignHoriz=method-wrapper(...), alignText='center', alignVert=method-wrapper(...), anchorHoriz='center', anchorVert='center', antialias=True, autoLog=True, bold=False, color='black', colorSpace='named', contrast=1.0, depth=0.0, flipHoriz=False, flipVert=False, font='Arial', fontFiles=[], height=0.03, italic=False, languageStyle='LTR', name='rec_instructions2_text', opacity=1.0, ori=0, pos=array([0., 0.]), rgb=array([0., 0., 0.]), text=str(...), units='height', win=Window(...), wrapWidth=1)
5.2357 	EXP 	Created rec_instrauction_3_text = TextStim(__class__=<class 'psychopy.visual.text.TextStim'>, alignHoriz=method-wrapper(...), alignText='center', alignVert=method-wrapper(...), anchorHoriz='center', anchorVert='center', antialias=True, autoLog=True, bold=False, color='black', colorSpace='named', contrast=1.0, depth=0.0, flipHoriz=False, flipVert=False, font='Arial', fontFiles=[], height=0.03, italic=False, languageStyle='LTR', name='rec_instrauction_3_text', opacity=1.0, ori=0, pos=array([0., 0.]), rgb=array([0., 0., 0.]), text=str(...), units='height', win=Window(...), wrapWidth=1)
5.2427 	EXP 	Created rec_instructions_4_text = TextStim(__class__=<class 'psychopy.visual.text.TextStim'>, alignHoriz=method-wrapper(...), alignText='center', alignVert=method-wrapper(...), anchorHoriz='center', anchorVert='center', antialias=True, autoLog=True, bold=False, color='black', colorSpace='named', contrast=1.0, depth=0.0, flipHoriz=False, flipVert=False, font='Arial', fontFiles=[], height=0.05, italic=False, languageStyle='LTR', name='rec_instructions_4_text', opacity=1.0, ori=0, pos=array([0., 0.]), rgb=array([0., 0., 0.]), text=str(...), units='height', win=Window(...), wrapWidth=1)
5.2603 	EXP 	Created demo_map = ImageStim(__class__=<class 'psychopy.visual.image.ImageStim'>, autoLog=True, color=array([1., 1., 1.]), colorSpace='rgb', contrast=1.0, depth=0.0, flipHoriz=False, flipVert=False, image='stimuli/GalleryPlanInside.jpg', interpolate=True, mask=None, maskParams=None, name='demo_map', opacity=1.0, ori=0.0, pos=array([  0., -25.]), size=array([1040., 1000.]), texRes=128, units='pix', win=Window(...))
5.2616 	EXP 	Created demo_main_image = ImageStim(__class__=<class 'psychopy.visual.image.ImageStim'>, autoLog=True, color=array([1., 1., 1.]), colorSpace='rgb', contrast=1.0, depth=-1.0, flipHoriz=False, flipVert=False, image='sin', interpolate=True, mask=None, maskParams=None, name='demo_main_image', opacity=1.0, ori=0.0, pos=array([0., 0.]), size=array([300., 300.]), texRes=128, units='pix', win=Window(...))
5.2630 	EXP 	Created demo_image = ImageStim(__class__=<class 'psychopy.visual.image.ImageStim'>, autoLog=True, color=array([1., 1., 1.]), colorSpace='rgb', contrast=1.0, depth=-2.0, flipHoriz=False, flipVert=False, image='sin', interpolate=True, mask=None, maskParams=None, name='demo_image', opacity=1.0, ori=0.0, pos=array([0., 0.]), size=array([300., 300.]), texRes=128, units='pix', win=Window(...))
5.2653 	EXP 	Created demo_text = TextStim(__class__=<class 'psychopy.visual.text.TextStim'>, alignHoriz=method-wrapper(...), alignText='center', alignVert=method-wrapper(...), anchorHoriz='center', anchorVert='center', antialias=True, autoLog=True, bold=False, color='black', colorSpace='named', contrast=1.0, depth=-3.0, flipHoriz=False, flipVert=False, font='Arial', fontFiles=[], height=0.05, italic=False, languageStyle='LTR', name='demo_text', opacity=1.0, ori=0, pos=array([0.  , 0.45]), rgb=array([0., 0., 0.]), text='default text', units='height', win=Window(...), wrapWidth=1)
5.2709 	EXP 	Created demo_end_text = TextStim(__class__=<class 'psychopy.visual.text.TextStim'>, alignHoriz=method-wrapper(...), alignText='center', alignVert=method-wrapper(...), anchorHoriz='center', anchorVert='center', antialias=True, autoLog=True, bold=False, color='black', colorSpace='named', contrast=1.0, depth=0.0, flipHoriz=False, flipVert=False, font='Arial', fontFiles=[], height=0.05, italic=False, languageStyle='LTR', name='demo_end_text', opacity=1.0, ori=0, pos=array([0., 0.]), rgb=array([0., 0., 0.]), text=str(...), units='height', win=Window(...), wrapWidth=1)
5.2757 	EXP 	Created start_practice_text = TextStim(__class__=<class 'psychopy.visual.text.TextStim'>, alignHoriz=method-wrapper(...), alignText='center', alignVert=method-wrapper(...), anchorHoriz='center', anchorVert='center', antialias=True, autoLog=True, bold=False, color='black', colorSpace='named', contrast=1.0, depth=0.0, flipHoriz=False, flipVert=False, font='Arial', fontFiles=[], height=0.1, italic=False, languageStyle='LTR', name='start_practice_text', opacity=1.0, ori=0, pos=array([0., 0.]), rgb=array([0., 0., 0.]), text='Kezdődik a gyakorlás...', units='height', win=Window(...), wrapWidth=1)
5.2787 	EXP 	Created rec_practice_block_text = TextStim(__class__=<class 'psychopy.visual.text.TextStim'>, alignHoriz=method-wrapper(...), alignText='center', alignVert=method-wrapper(...), anchorHoriz='center', anchorVert='center', antialias=True, autoLog=True, bold=False, color='black', colorSpace='named', contrast=1.0, depth=-1.0, flipHoriz=False, flipVert=False, font='Arial', fontFiles=[], height=0.1, italic=False, languageStyle='LTR', name='rec_practice_block_text', opacity=1.0, ori=0, pos=array([0., 0.]), rgb=array([0., 0., 0.]), text='default text', units='height', win=Window(...), wrapWidth=1)
5.2944 	EXP 	Created rec_fx_map = ImageStim(__class__=<class 'psychopy.visual.image.ImageStim'>, autoLog=True, color=array([1., 1., 1.]), colorSpace='rgb', contrast=1.0, depth=0.0, flipHoriz=False, flipVert=False, image='stimuli/GalleryPlanInside.jpg', interpolate=True, mask=None, maskParams=None, name='rec_fx_map', opacity=1.0, ori=0.0, pos=array([  0., -25.]), size=array([1040., 1000.]), texRes=128, units='pix', win=Window(...))
5.2964 	EXP 	Created rec_fx_cross = TextStim(__class__=<class 'psychopy.visual.text.TextStim'>, alignHoriz=method-wrapper(...), alignText='center', alignVert=method-wrapper(...), anchorHoriz='center', anchorVert='center', antialias=True, autoLog=True, bold=False, color='black', colorSpace='named', contrast=1.0, depth=-1.0, flipHoriz=False, flipVert=False, font='Arial', fontFiles=[], height=50, italic=False, languageStyle='LTR', name='rec_fx_cross', opacity=1.0, ori=0, pos=array([0., 0.]), rgb=array([0., 0., 0.]), text='+', units='pix', win=Window(...), wrapWidth=500)
5.3128 	EXP 	Created rec_trial_map = ImageStim(__class__=<class 'psychopy.visual.image.ImageStim'>, autoLog=True, color=array([1., 1., 1.]), colorSpace='rgb', contrast=1.0, depth=0.0, flipHoriz=False, flipVert=False, image='stimuli/GalleryPlanInside.jpg', interpolate=True, mask=None, maskParams=None, name='rec_trial_map', opacity=1.0, ori=0.0, pos=array([  0., -25.]), size=array([1040., 1000.]), texRes=128, units='pix', win=Window(...))
5.3142 	EXP 	Created rec_trial_main_image = ImageStim(__class__=<class 'psychopy.visual.image.ImageStim'>, autoLog=True, color=array([1., 1., 1.]), colorSpace='rgb', contrast=1.0, depth=-1.0, flipHoriz=False, flipVert=False, image='sin', interpolate=True, mask=None, maskParams=None, name='rec_trial_main_image', opacity=1.0, ori=0.0, pos=array([0., 0.]), size=array([300., 300.]), texRes=128, units='pix', win=Window(...))
5.3282 	EXP 	Created end_practice_text = TextStim(__class__=<class 'psychopy.visual.text.TextStim'>, alignHoriz=method-wrapper(...), alignText='center', alignVert=method-wrapper(...), anchorHoriz='center', anchorVert='center', antialias=True, autoLog=True, bold=False, color='black', colorSpace='named', contrast=1.0, depth=0.0, flipHoriz=False, flipVert=False, font='Arial', fontFiles=[], height=0.05, italic=False, languageStyle='LTR', name='end_practice_text', opacity=1.0, ori=0, pos=array([0., 0.]), rgb=array([0., 0., 0.]), text=str(...), units='height', win=Window(...), wrapWidth=0.8)
5.3308 	EXP 	Created start_rec_run_text = TextStim(__class__=<class 'psychopy.visual.text.TextStim'>, alignHoriz=method-wrapper(...), alignText='center', alignVert=method-wrapper(...), anchorHoriz='center', anchorVert='center', antialias=True, autoLog=True, bold=False, color='black', colorSpace='named', contrast=1.0, depth=-1.0, flipHoriz=False, flipVert=False, font='Arial', fontFiles=[], height=0.1, italic=False, languageStyle='LTR', name='start_rec_run_text', opacity=1.0, ori=0, pos=array([0., 0.]), rgb=array([0., 0., 0.]), text='Kezdődik a feladat...', units='height', win=Window(...), wrapWidth=1)
5.3330 	EXP 	Created start_rec_block_text = TextStim(__class__=<class 'psychopy.visual.text.TextStim'>, alignHoriz=method-wrapper(...), alignText='center', alignVert=method-wrapper(...), anchorHoriz='center', anchorVert='center', antialias=True, autoLog=True, bold=False, color='black', colorSpace='named', contrast=1.0, depth=-1.0, flipHoriz=False, flipVert=False, font='Arial', fontFiles=[], height=0.1, italic=False, languageStyle='LTR', name='start_rec_block_text', opacity=1.0, ori=0, pos=array([0., 0.]), rgb=array([0., 0., 0.]), text='default text', units='height', win=Window(...), wrapWidth=1)
5.3494 	EXP 	Created rec_fx_map = ImageStim(__class__=<class 'psychopy.visual.image.ImageStim'>, autoLog=True, color=array([1., 1., 1.]), colorSpace='rgb', contrast=1.0, depth=0.0, flipHoriz=False, flipVert=False, image='stimuli/GalleryPlanInside.jpg', interpolate=True, mask=None, maskParams=None, name='rec_fx_map', opacity=1.0, ori=0.0, pos=array([  0., -25.]), size=array([1040., 1000.]), texRes=128, units='pix', win=Window(...))
5.3511 	EXP 	Created rec_fx_cross = TextStim(__class__=<class 'psychopy.visual.text.TextStim'>, alignHoriz=method-wrapper(...), alignText='center', alignVert=method-wrapper(...), anchorHoriz='center', anchorVert='center', antialias=True, autoLog=True, bold=False, color='black', colorSpace='named', contrast=1.0, depth=-1.0, flipHoriz=False, flipVert=False, font='Arial', fontFiles=[], height=50, italic=False, languageStyle='LTR', name='rec_fx_cross', opacity=1.0, ori=0, pos=array([0., 0.]), rgb=array([0., 0., 0.]), text='+', units='pix', win=Window(...), wrapWidth=500)
5.3659 	EXP 	Created rec_trial_map = ImageStim(__class__=<class 'psychopy.visual.image.ImageStim'>, autoLog=True, color=array([1., 1., 1.]), colorSpace='rgb', contrast=1.0, depth=0.0, flipHoriz=False, flipVert=False, image='stimuli/GalleryPlanInside.jpg', interpolate=True, mask=None, maskParams=None, name='rec_trial_map', opacity=1.0, ori=0.0, pos=array([  0., -25.]), size=array([1040., 1000.]), texRes=128, units='pix', win=Window(...))
5.3673 	EXP 	Created rec_trial_main_image = ImageStim(__class__=<class 'psychopy.visual.image.ImageStim'>, autoLog=True, color=array([1., 1., 1.]), colorSpace='rgb', contrast=1.0, depth=-1.0, flipHoriz=False, flipVert=False, image='sin', interpolate=True, mask=None, maskParams=None, name='rec_trial_main_image', opacity=1.0, ori=0.0, pos=array([0., 0.]), size=array([300., 300.]), texRes=128, units='pix', win=Window(...))
5.3698 	EXP 	Created end_rec_run_text = TextStim(__class__=<class 'psychopy.visual.text.TextStim'>, alignHoriz=method-wrapper(...), alignText='center', alignVert=method-wrapper(...), anchorHoriz='center', anchorVert='center', antialias=True, autoLog=True, bold=False, color='black', colorSpace='named', contrast=1.0, depth=0.0, flipHoriz=False, flipVert=False, font='Arial', fontFiles=[], height=0.1, italic=False, languageStyle='LTR', name='end_rec_run_text', opacity=1.0, ori=0, pos=array([0., 0.]), rgb=array([0., 0., 0.]), text='default text', units='height', win=Window(...), wrapWidth=1)
5.3740 	EXP 	lab_thanks: autoDraw = True
7.3297 	DATA 	Keypress: right
7.3350 	EXP 	lab_thanks: autoDraw = False
7.3350 	EXP 	start_encoding_text: text = 'Első feladat\nGaléria berendezés'
7.3350 	EXP 	start_encoding_text: autoDraw = True
7.8659 	DATA 	Keypress: right
8.8366 	EXP 	start_encoding_text: autoDraw = False
8.8366 	EXP 	start_encoding_text: autoDraw = False
8.8366 	EXP 	enc_instructions_1_text: autoDraw = True
8.8366 	EXP 	enc_instructions_1_image: autoDraw = True
22.4535 	DATA 	Keypress: right
22.4583 	EXP 	enc_instructions_1_text: autoDraw = False
22.4583 	EXP 	enc_instructions_1_image: autoDraw = False
22.4583 	EXP 	enc_instructions_2_text: autoDraw = True
22.4583 	EXP 	enc_instructions_2_image: autoDraw = True
237.0485 	DATA 	Mouse: Left button down, pos=(353,580)
237.1938 	DATA 	Mouse:  Left button up, pos=(353,580)
237.7086 	DATA 	Keypress: right
237.7115 	EXP 	enc_instructions_2_text: autoDraw = False
237.7115 	EXP 	enc_instructions_2_image: autoDraw = False
237.7115 	EXP 	enc_instructions_3_text: autoDraw = True
238.5626 	DATA 	Keypress: right
238.5659 	EXP 	enc_instructions_3_text: autoDraw = False
238.5659 	EXP 	start_practice_text: autoDraw = True
239.3815 	DATA 	Keypress: right
239.5830 	EXP 	Imported encoding_practice_trials.csv as conditions, 5 conditions, 9 params
239.5838 	EXP 	Created sequence: random, trialTypes=5, nReps=1, seed=None
239.5845 	EXP 	New trial (rep=0, index=0): OrderedDict([('Task', 'EncodingPractice'), ('TrialType', 'LOC'), ('StimType', 'TARGET'), ('Order', 1), ('CurrentImage', 'stimuli/fractals/166a.jpg'), ('CurrentX', -300.0), ('CurrentY', 0.0), ('Jitter', 1500), ('Section', 'Encoding')])
239.5896 	EXP 	start_practice_text: autoDraw = False
239.5896 	EXP 	start_practice_text: autoDraw = False
239.5896 	EXP 	enc_fx_cross: pos = array([-300.,    0.])
239.5896 	EXP 	enc_fx_map: autoDraw = True
239.5896 	EXP 	enc_fx_cross: autoDraw = True
241.1701 	EXP 	enc_fx_map: autoDraw = False
241.1701 	EXP 	enc_fx_cross: autoDraw = False
241.1701 	EXP 	enc_fx_map: autoDraw = False
241.1701 	EXP 	enc_fx_cross: autoDraw = False
241.1701 	EXP 	enc_trial_main_image: pos = array([-300.,    0.])
241.1701 	EXP 	enc_trial_main_image: image = 'stimuli/fractals/166a.jpg'
241.1701 	EXP 	enc_trial_map: autoDraw = True
241.1701 	EXP 	enc_trial_main_image: autoDraw = True
244.1764 	EXP 	enc_trial_map: autoDraw = False
244.1764 	EXP 	enc_trial_main_image: autoDraw = False
244.1764 	EXP 	enc_practice_feedback_image: pos = array([-300.,    0.])
244.1764 	EXP 	enc_practice_feedback_image: image = 'stimuli/fractals/166a.jpg'
244.1764 	EXP 	enc_practice_feedback_text: text = 'Nem adott választ.'
244.1764 	EXP 	enc_practice_feedback_map: autoDraw = True
244.1764 	EXP 	enc_practice_feedback_image: autoDraw = True
244.1764 	EXP 	enc_practice_feedback_text: autoDraw = True
245.0964 	EXP 	New trial (rep=0, index=1): OrderedDict([('Task', 'EncodingPractice'), ('TrialType', 'OBJ'), ('StimType', 'TARGET'), ('Order', 1), ('CurrentImage', 'stimuli/fractals/167a.jpg'), ('CurrentX', 300.0), ('CurrentY', 0.0), ('Jitter', 500), ('Section', 'Encoding')])
245.1014 	EXP 	enc_practice_feedback_map: autoDraw = False
245.1014 	EXP 	enc_practice_feedback_image: autoDraw = False
245.1014 	EXP 	enc_practice_feedback_text: autoDraw = False
245.1014 	EXP 	enc_fx_cross: pos = array([300.,   0.])
245.1014 	EXP 	enc_fx_map: autoDraw = True
245.1014 	EXP 	enc_fx_cross: autoDraw = True
245.6806 	EXP 	enc_fx_map: autoDraw = False
245.6806 	EXP 	enc_fx_cross: autoDraw = False
245.6806 	EXP 	enc_fx_map: autoDraw = False
245.6806 	EXP 	enc_fx_cross: autoDraw = False
245.6806 	EXP 	enc_trial_main_image: pos = array([300.,   0.])
245.6806 	EXP 	enc_trial_main_image: image = 'stimuli/fractals/167a.jpg'
245.6806 	EXP 	enc_trial_map: autoDraw = True
245.6806 	EXP 	enc_trial_main_image: autoDraw = True
248.6828 	EXP 	enc_trial_map: autoDraw = False
248.6828 	EXP 	enc_trial_main_image: autoDraw = False
248.6828 	EXP 	enc_practice_feedback_image: pos = array([300.,   0.])
248.6828 	EXP 	enc_practice_feedback_image: image = 'stimuli/fractals/167a.jpg'
248.6828 	EXP 	enc_practice_feedback_text: text = 'Nem adott választ.'
248.6828 	EXP 	enc_practice_feedback_map: autoDraw = True
248.6828 	EXP 	enc_practice_feedback_image: autoDraw = True
248.6828 	EXP 	enc_practice_feedback_text: autoDraw = True
249.6065 	EXP 	New trial (rep=0, index=2): OrderedDict([('Task', 'EncodingPractice'), ('TrialType', 'LOC'), ('StimType', 'LURE'), ('Order', 1), ('CurrentImage', 'stimuli/fractals/159a.jpg'), ('CurrentX', 0.0), ('CurrentY', 300.0), ('Jitter', 5000), ('Section', 'Encoding')])
249.6113 	EXP 	enc_practice_feedback_map: autoDraw = False
249.6113 	EXP 	enc_practice_feedback_image: autoDraw = False
249.6113 	EXP 	enc_practice_feedback_text: autoDraw = False
249.6113 	EXP 	enc_fx_cross: pos = array([  0., 300.])
249.6113 	EXP 	enc_fx_map: autoDraw = True
249.6113 	EXP 	enc_fx_cross: autoDraw = True
254.7022 	EXP 	enc_fx_map: autoDraw = False
254.7022 	EXP 	enc_fx_cross: autoDraw = False
254.7022 	EXP 	enc_fx_map: autoDraw = False
254.7022 	EXP 	enc_fx_cross: autoDraw = False
254.7022 	EXP 	enc_trial_main_image: pos = array([  0., 300.])
254.7022 	EXP 	enc_trial_main_image: image = 'stimuli/fractals/159a.jpg'
254.7022 	EXP 	enc_trial_map: autoDraw = True
254.7022 	EXP 	enc_trial_main_image: autoDraw = True
257.6953 	EXP 	enc_trial_map: autoDraw = False
257.6953 	EXP 	enc_trial_main_image: autoDraw = False
257.6953 	EXP 	enc_practice_feedback_image: pos = array([  0., 300.])
257.6953 	EXP 	enc_practice_feedback_image: image = 'stimuli/fractals/159a.jpg'
257.6953 	EXP 	enc_practice_feedback_text: text = 'Nem adott választ.'
257.6953 	EXP 	enc_practice_feedback_map: autoDraw = True
257.6953 	EXP 	enc_practice_feedback_image: autoDraw = True
257.6953 	EXP 	enc_practice_feedback_text: autoDraw = True
258.6209 	EXP 	New trial (rep=0, index=3): OrderedDict([('Task', 'EncodingPractice'), ('TrialType', '-'), ('StimType', '-'), ('Order', 1), ('CurrentImage', 'stimuli/fractals/177b.jpg'), ('CurrentX', 300.0), ('CurrentY', 0.0), ('Jitter', 800), ('Section', 'Encoding')])
258.6264 	EXP 	enc_practice_feedback_map: autoDraw = False
258.6264 	EXP 	enc_practice_feedback_image: autoDraw = False
258.6264 	EXP 	enc_practice_feedback_text: autoDraw = False
258.6264 	EXP 	enc_fx_cross: pos = array([300.,   0.])
258.6264 	EXP 	enc_fx_map: autoDraw = True
258.6264 	EXP 	enc_fx_cross: autoDraw = True
259.5065 	EXP 	enc_fx_map: autoDraw = False
259.5065 	EXP 	enc_fx_cross: autoDraw = False
259.5065 	EXP 	enc_fx_map: autoDraw = False
259.5065 	EXP 	enc_fx_cross: autoDraw = False
259.5065 	EXP 	enc_trial_main_image: pos = array([300.,   0.])
259.5065 	EXP 	enc_trial_main_image: image = 'stimuli/fractals/177b.jpg'
259.5065 	EXP 	enc_trial_map: autoDraw = True
259.5065 	EXP 	enc_trial_main_image: autoDraw = True
262.5145 	EXP 	enc_trial_map: autoDraw = False
262.5145 	EXP 	enc_trial_main_image: autoDraw = False
262.5145 	EXP 	enc_practice_feedback_image: pos = array([300.,   0.])
262.5145 	EXP 	enc_practice_feedback_image: image = 'stimuli/fractals/177b.jpg'
262.5145 	EXP 	enc_practice_feedback_text: text = 'Nem adott választ.'
262.5145 	EXP 	enc_practice_feedback_map: autoDraw = True
262.5145 	EXP 	enc_practice_feedback_image: autoDraw = True
262.5145 	EXP 	enc_practice_feedback_text: autoDraw = True
263.4285 	EXP 	New trial (rep=0, index=4): OrderedDict([('Task', 'EncodingPractice'), ('TrialType', 'LOC'), ('StimType', 'FOIL'), ('Order', 1), ('CurrentImage', 'stimuli/fractals/148b.jpg'), ('CurrentX', 212.1320344), ('CurrentY', 212.1320344), ('Jitter', 1000), ('Section', 'Encoding')])
263.4340 	EXP 	enc_practice_feedback_map: autoDraw = False
263.4340 	EXP 	enc_practice_feedback_image: autoDraw = False
263.4340 	EXP 	enc_practice_feedback_text: autoDraw = False
263.4340 	EXP 	enc_fx_cross: pos = array([212.1320344, 212.1320344])
263.4340 	EXP 	enc_fx_map: autoDraw = True
263.4340 	EXP 	enc_fx_cross: autoDraw = True
264.5097 	EXP 	enc_fx_map: autoDraw = False
264.5097 	EXP 	enc_fx_cross: autoDraw = False
264.5097 	EXP 	enc_fx_map: autoDraw = False
264.5097 	EXP 	enc_fx_cross: autoDraw = False
264.5097 	EXP 	enc_trial_main_image: pos = array([212.1320344, 212.1320344])
264.5097 	EXP 	enc_trial_main_image: image = 'stimuli/fractals/148b.jpg'
264.5097 	EXP 	enc_trial_map: autoDraw = True
264.5097 	EXP 	enc_trial_main_image: autoDraw = True
267.5137 	EXP 	enc_trial_map: autoDraw = False
267.5137 	EXP 	enc_trial_main_image: autoDraw = False
267.5137 	EXP 	enc_practice_feedback_image: pos = array([212.1320344, 212.1320344])
267.5137 	EXP 	enc_practice_feedback_image: image = 'stimuli/fractals/148b.jpg'
267.5137 	EXP 	enc_practice_feedback_text: text = 'Nem adott választ.'
267.5137 	EXP 	enc_practice_feedback_map: autoDraw = True
267.5137 	EXP 	enc_practice_feedback_image: autoDraw = True
267.5137 	EXP 	enc_practice_feedback_text: autoDraw = True
268.4449 	EXP 	enc_practice_feedback_map: autoDraw = False
268.4449 	EXP 	enc_practice_feedback_image: autoDraw = False
268.4449 	EXP 	enc_practice_feedback_text: autoDraw = False
268.4449 	EXP 	end_practice_text: autoDraw = True
283.8071 	DATA 	Mouse: Left button down, pos=(926,394)
283.8690 	DATA 	Mouse:  Left button up, pos=(926,394)
284.5596 	DATA 	Keypress: right
284.5618 	EXP 	Created sequence: sequential, trialTypes=1, nReps=3, seed=None
284.5622 	EXP 	New trial (rep=0, index=0): None
284.5649 	EXP 	end_practice_text: autoDraw = False
284.5649 	EXP 	start_enc_run_text: autoDraw = True
284.8624 	DATA 	Keypress: right
286.6389 	EXP 	Imported stimuli_tables/encoding_trials_0.csv as conditions, 2 conditions, 20 params
286.6400 	EXP 	Created sequence: sequential, trialTypes=2, nReps=1, seed=None
286.6408 	EXP 	New trial (rep=0, index=0): OrderedDict([('TrialIndex', 1), ('Jitter', 2000), ('ScannerRun', 1), ('StimType', 'OLP'), ('Order', 1), ('Delay', 3), ('CurrentImage', 'stimuli/fractals/101b.jpg'), ('CurrentX', 212.1320344), ('CurrentY', 212.1320344), ('TripletMemberA', 'stimuli/fractals/101b.jpg'), ('TripletMemberB', 'stimuli/fractals/101a.jpg'), ('TripletMemberC', 'stimuli/fractals/101c.jpg'), ('Xcoordinate', 212.1320344), ('Ycoordinate', 212.1320344), ('Xcoordinate_lure1', 0.0), ('Ycoordinate_lure1', 300.0), ('Xcoordinate_lure2', 300.0), ('Ycoordinate_lure2', 0.0), ('Xcoordinate_foil', -212.1320344), ('Ycoordinate_foil', -212.1320344)])
286.6458 	EXP 	start_enc_run_text: autoDraw = False
286.6458 	EXP 	start_enc_run_text: autoDraw = False
286.6458 	EXP 	enc_fx_cross: pos = array([212.1320344, 212.1320344])
286.6458 	EXP 	enc_fx_map: autoDraw = True
286.6458 	EXP 	enc_fx_cross: autoDraw = True
288.7238 	EXP 	enc_fx_map: autoDraw = False
288.7238 	EXP 	enc_fx_cross: autoDraw = False
288.7238 	EXP 	enc_fx_map: autoDraw = False
288.7238 	EXP 	enc_fx_cross: autoDraw = False
288.7238 	EXP 	enc_trial_main_image: pos = array([212.1320344, 212.1320344])
288.7238 	EXP 	enc_trial_main_image: image = 'stimuli/fractals/101b.jpg'
288.7238 	EXP 	enc_trial_map: autoDraw = True
288.7238 	EXP 	enc_trial_main_image: autoDraw = True
291.6592 	EXP 	New trial (rep=0, index=1): OrderedDict([('TrialIndex', 2), ('Jitter', 6000), ('ScannerRun', 1), ('StimType', 'OLP'), ('Order', 1), ('Delay', 3), ('CurrentImage', 'stimuli/fractals/97b.jpg'), ('CurrentX', 212.1320344), ('CurrentY', -212.1320344), ('TripletMemberA', 'stimuli/fractals/97b.jpg'), ('TripletMemberB', 'stimuli/fractals/97c.jpg'), ('TripletMemberC', 'stimuli/fractals/97a.jpg'), ('Xcoordinate', 212.1320344), ('Ycoordinate', -212.1320344), ('Xcoordinate_lure1', 0.0), ('Ycoordinate_lure1', -300.0), ('Xcoordinate_lure2', 300.0), ('Ycoordinate_lure2', 0.0), ('Xcoordinate_foil', -212.1320344), ('Ycoordinate_foil', 212.1320344)])
291.6642 	EXP 	enc_trial_map: autoDraw = False
291.6642 	EXP 	enc_trial_main_image: autoDraw = False
291.6642 	EXP 	enc_fx_cross: pos = array([ 212.1320344, -212.1320344])
291.6642 	EXP 	enc_fx_map: autoDraw = True
291.6642 	EXP 	enc_fx_cross: autoDraw = True
297.7408 	EXP 	enc_fx_map: autoDraw = False
297.7408 	EXP 	enc_fx_cross: autoDraw = False
297.7408 	EXP 	enc_fx_map: autoDraw = False
297.7408 	EXP 	enc_fx_cross: autoDraw = False
297.7408 	EXP 	enc_trial_main_image: pos = array([ 212.1320344, -212.1320344])
297.7408 	EXP 	enc_trial_main_image: image = 'stimuli/fractals/97b.jpg'
297.7408 	EXP 	enc_trial_map: autoDraw = True
297.7408 	EXP 	enc_trial_main_image: autoDraw = True
300.6825 	EXP 	enc_trial_map: autoDraw = False
300.6825 	EXP 	enc_trial_main_image: autoDraw = False
300.6825 	EXP 	end_enc_run_text: text = 'Szünet\nA folytatáshoz nyomja le a jobb nyilat'
300.6825 	EXP 	end_enc_run_text: autoDraw = True
301.2634 	DATA 	Keypress: right
301.2656 	EXP 	New trial (rep=1, index=0): None
301.2677 	EXP 	end_enc_run_text: autoDraw = False
301.2677 	EXP 	start_enc_run_text: autoDraw = True
303.3405 	EXP 	Imported stimuli_tables/encoding_trials_0.csv as conditions, 2 conditions, 20 params
303.3415 	EXP 	Created sequence: sequential, trialTypes=2, nReps=1, seed=None
303.3423 	EXP 	New trial (rep=0, index=0): OrderedDict([('TrialIndex', 3), ('Jitter', 2000), ('ScannerRun', 1), ('StimType', 'LLP'), ('Order', 1), ('Delay', 5), ('CurrentImage', 'stimuli/fractals/76b.jpg'), ('CurrentX', 212.1320344), ('CurrentY', 212.1320344), ('TripletMemberA', 'stimuli/fractals/76b.jpg'), ('TripletMemberB', 'stimuli/fractals/76c.jpg'), ('TripletMemberC', 'stimuli/fractals/76a.jpg'), ('Xcoordinate', 212.1320344), ('Ycoordinate', 212.1320344), ('Xcoordinate_lure1', 300.0), ('Ycoordinate_lure1', 0.0), ('Xcoordinate_lure2', 0.0), ('Ycoordinate_lure2', 300.0), ('Xcoordinate_foil', -212.1320344), ('Ycoordinate_foil', -212.1320344)])
303.3474 	EXP 	start_enc_run_text: autoDraw = False
303.3474 	EXP 	start_enc_run_text: autoDraw = False
303.3474 	EXP 	enc_fx_cross: pos = array([212.1320344, 212.1320344])
303.3474 	EXP 	enc_fx_map: autoDraw = True
303.3474 	EXP 	enc_fx_cross: autoDraw = True
305.4226 	EXP 	enc_fx_map: autoDraw = False
305.4226 	EXP 	enc_fx_cross: autoDraw = False
305.4226 	EXP 	enc_fx_map: autoDraw = False
305.4226 	EXP 	enc_fx_cross: autoDraw = False
305.4226 	EXP 	enc_trial_main_image: pos = array([212.1320344, 212.1320344])
305.4226 	EXP 	enc_trial_main_image: image = 'stimuli/fractals/76b.jpg'
305.4226 	EXP 	enc_trial_map: autoDraw = True
305.4226 	EXP 	enc_trial_main_image: autoDraw = True
308.3563 	EXP 	New trial (rep=0, index=1): OrderedDict([('TrialIndex', 4), ('Jitter', 1000), ('ScannerRun', 1), ('StimType', 'ERP'), ('Order', 1), ('Delay', 2), ('CurrentImage', 'stimuli/fractals/19a.jpg'), ('CurrentX', 212.1320344), ('CurrentY', -212.1320344), ('TripletMemberA', 'stimuli/fractals/19a.jpg'), ('TripletMemberB', 'stimuli/fractals/19c.jpg'), ('TripletMemberC', 'stimuli/fractals/19b.jpg'), ('Xcoordinate', 212.1320344), ('Ycoordinate', -212.1320344), ('Xcoordinate_lure1', 300.0), ('Ycoordinate_lure1', 0.0), ('Xcoordinate_lure2', 0.0), ('Ycoordinate_lure2', -300.0), ('Xcoordinate_foil', -300.0), ('Ycoordinate_foil', 0.0)])
308.3614 	EXP 	enc_trial_map: autoDraw = False
308.3614 	EXP 	enc_trial_main_image: autoDraw = False
308.3614 	EXP 	enc_fx_cross: pos = array([ 212.1320344, -212.1320344])
308.3614 	EXP 	enc_fx_map: autoDraw = True
308.3614 	EXP 	enc_fx_cross: autoDraw = True
309.4402 	EXP 	enc_fx_map: autoDraw = False
309.4402 	EXP 	enc_fx_cross: autoDraw = False
309.4402 	EXP 	enc_fx_map: autoDraw = False
309.4402 	EXP 	enc_fx_cross: autoDraw = False
309.4402 	EXP 	enc_trial_main_image: pos = array([ 212.1320344, -212.1320344])
309.4402 	EXP 	enc_trial_main_image: image = 'stimuli/fractals/19a.jpg'
309.4402 	EXP 	enc_trial_map: autoDraw = True
309.4402 	EXP 	enc_trial_main_image: autoDraw = True
312.3699 	EXP 	enc_trial_map: autoDraw = False
312.3699 	EXP 	enc_trial_main_image: autoDraw = False
312.3699 	EXP 	end_enc_run_text: text = 'Szünet\nA folytatáshoz nyomja le a jobb nyilat'
312.3699 	EXP 	end_enc_run_text: autoDraw = True
316.3031 	DATA 	Keypress: right
316.3045 	EXP 	New trial (rep=2, index=0): None
316.3063 	EXP 	end_enc_run_text: autoDraw = False
316.3063 	EXP 	start_enc_run_text: autoDraw = True
318.3784 	EXP 	Imported stimuli_tables/encoding_trials_0.csv as conditions, 2 conditions, 20 params
318.3794 	EXP 	Created sequence: sequential, trialTypes=2, nReps=1, seed=None
318.3802 	EXP 	New trial (rep=0, index=0): OrderedDict([('TrialIndex', 5), ('Jitter', 5000), ('ScannerRun', 1), ('StimType', 'OLP'), ('Order', 2), ('Delay', 0), ('CurrentImage', 'stimuli/fractals/101a.jpg'), ('CurrentX', 212.1320344), ('CurrentY', 212.1320344), ('TripletMemberA', 'stimuli/fractals/101b.jpg'), ('TripletMemberB', 'stimuli/fractals/101a.jpg'), ('TripletMemberC', 'stimuli/fractals/101c.jpg'), ('Xcoordinate', 212.1320344), ('Ycoordinate', 212.1320344), ('Xcoordinate_lure1', 0.0), ('Ycoordinate_lure1', 300.0), ('Xcoordinate_lure2', 300.0), ('Ycoordinate_lure2', 0.0), ('Xcoordinate_foil', -212.1320344), ('Ycoordinate_foil', -212.1320344)])
318.3853 	EXP 	start_enc_run_text: autoDraw = False
318.3853 	EXP 	start_enc_run_text: autoDraw = False
318.3853 	EXP 	enc_fx_cross: pos = array([212.1320344, 212.1320344])
318.3853 	EXP 	enc_fx_map: autoDraw = True
318.3853 	EXP 	enc_fx_cross: autoDraw = True
323.4620 	EXP 	enc_fx_map: autoDraw = False
323.4620 	EXP 	enc_fx_cross: autoDraw = False
323.4620 	EXP 	enc_fx_map: autoDraw = False
323.4620 	EXP 	enc_fx_cross: autoDraw = False
323.4620 	EXP 	enc_trial_main_image: pos = array([212.1320344, 212.1320344])
323.4620 	EXP 	enc_trial_main_image: image = 'stimuli/fractals/101a.jpg'
323.4620 	EXP 	enc_trial_map: autoDraw = True
323.4620 	EXP 	enc_trial_main_image: autoDraw = True
326.3937 	EXP 	New trial (rep=0, index=1): OrderedDict([('TrialIndex', 6), ('Jitter', 3000), ('ScannerRun', 1), ('StimType', 'OLP'), ('Order', 2), ('Delay', 0), ('CurrentImage', 'stimuli/fractals/97c.jpg'), ('CurrentX', 212.1320344), ('CurrentY', -212.1320344), ('TripletMemberA', 'stimuli/fractals/97b.jpg'), ('TripletMemberB', 'stimuli/fractals/97c.jpg'), ('TripletMemberC', 'stimuli/fractals/97a.jpg'), ('Xcoordinate', 212.1320344), ('Ycoordinate', -212.1320344), ('Xcoordinate_lure1', 0.0), ('Ycoordinate_lure1', -300.0), ('Xcoordinate_lure2', 300.0), ('Ycoordinate_lure2', 0.0), ('Xcoordinate_foil', -212.1320344), ('Ycoordinate_foil', 212.1320344)])
326.3989 	EXP 	enc_trial_map: autoDraw = False
326.3989 	EXP 	enc_trial_main_image: autoDraw = False
326.3989 	EXP 	enc_fx_cross: pos = array([ 212.1320344, -212.1320344])
326.3989 	EXP 	enc_fx_map: autoDraw = True
326.3989 	EXP 	enc_fx_cross: autoDraw = True
329.4754 	EXP 	enc_fx_map: autoDraw = False
329.4754 	EXP 	enc_fx_cross: autoDraw = False
329.4754 	EXP 	enc_fx_map: autoDraw = False
329.4754 	EXP 	enc_fx_cross: autoDraw = False
329.4754 	EXP 	enc_trial_main_image: pos = array([ 212.1320344, -212.1320344])
329.4754 	EXP 	enc_trial_main_image: image = 'stimuli/fractals/97c.jpg'
329.4754 	EXP 	enc_trial_map: autoDraw = True
329.4754 	EXP 	enc_trial_main_image: autoDraw = True
332.4144 	EXP 	enc_trial_map: autoDraw = False
332.4144 	EXP 	enc_trial_main_image: autoDraw = False
332.4144 	EXP 	end_enc_run_text: text = 'Vége az első feladatnak'
332.4144 	EXP 	end_enc_run_text: autoDraw = True
334.7369 	DATA 	Keypress: right
334.7407 	EXP 	end_enc_run_text: autoDraw = False
334.7407 	EXP 	start_recognition_text: autoDraw = True
336.1349 	DATA 	Keypress: right
336.7419 	EXP 	start_recognition_text: autoDraw = False
336.7419 	EXP 	rec_instructions_1_text: autoDraw = True
338.0062 	DATA 	Keypress: right
338.0101 	EXP 	rec_instructions_1_text: autoDraw = False
338.0101 	EXP 	rec_instructions2_text: autoDraw = True
338.8457 	DATA 	Keypress: right
338.8498 	EXP 	rec_instructions2_text: autoDraw = False
338.8498 	EXP 	rec_instrauction_3_text: autoDraw = True
339.4118 	DATA 	Keypress: right
339.4143 	EXP 	rec_instrauction_3_text: autoDraw = False
339.4143 	EXP 	rec_instructions_4_text: autoDraw = True
340.1314 	DATA 	Keypress: right
340.1431 	EXP 	Imported stimuli_demo.csv as conditions, 10 conditions, 12 params
340.1435 	EXP 	Created sequence: sequential, trialTypes=10, nReps=1, seed=None
340.1442 	EXP 	New trial (rep=0, index=0): OrderedDict([('Task', 'Demo'), ('TrialType', 'OBJ'), ('StimType', 'LURE'), ('CurrentImage', 'stimuli/fractals//181b.jpg'), ('DemoImage', 'stimuli/fractals//181c.jpg'), ('CurrentX', 300.0), ('CurrentY', 0.0), ('DemoX', -300.0), ('DemoY', 0.0), ('InPractice', '-'), ('DemoText', 'Hasonló Képek'), ('Jitter', 2300)])
340.3011 	EXP 	rec_instructions_4_text: autoDraw = False
340.3011 	EXP 	demo_main_image: pos = array([300.,   0.])
340.3011 	EXP 	demo_main_image: image = 'stimuli/fractals//181b.jpg'
340.3011 	EXP 	demo_image: pos = array([-300.,    0.])
340.3011 	EXP 	demo_image: image = 'stimuli/fractals//181c.jpg'
340.3011 	EXP 	demo_text: text = 'Hasonló Képek'
340.3011 	EXP 	demo_map: autoDraw = True
340.3011 	EXP 	demo_main_image: autoDraw = True
340.3011 	EXP 	demo_image: autoDraw = True
340.3011 	EXP 	demo_text: autoDraw = True
341.1598 	DATA 	Keypress: right
342.3198 	DATA 	Keypress: right
342.3269 	EXP 	New trial (rep=0, index=1): OrderedDict([('Task', 'Demo'), ('TrialType', 'OBJ'), ('StimType', 'LURE'), ('CurrentImage', 'stimuli/fractals//149a.jpg'), ('DemoImage', 'stimuli/fractals//149b.jpg'), ('CurrentX', 300.0), ('CurrentY', 0.0), ('DemoX', -300.0), ('DemoY', 0.0), ('InPractice', '-'), ('DemoText', 'Hasonló Képek'), ('Jitter', 1000)])
342.4715 	EXP 	demo_map: autoDraw = False
342.4715 	EXP 	demo_main_image: autoDraw = False
342.4715 	EXP 	demo_image: autoDraw = False
342.4715 	EXP 	demo_text: autoDraw = False
342.4715 	EXP 	demo_main_image: pos = array([300.,   0.])
342.4715 	EXP 	demo_main_image: image = 'stimuli/fractals//149a.jpg'
342.4715 	EXP 	demo_image: pos = array([-300.,    0.])
342.4715 	EXP 	demo_image: image = 'stimuli/fractals//149b.jpg'
342.4715 	EXP 	demo_text: text = 'Hasonló Képek'
342.4715 	EXP 	demo_map: autoDraw = True
342.4715 	EXP 	demo_main_image: autoDraw = True
342.4715 	EXP 	demo_image: autoDraw = True
342.4715 	EXP 	demo_text: autoDraw = True
343.1026 	DATA 	Keypress: right
343.7006 	DATA 	Keypress: right
344.6626 	DATA 	Keypress: right
344.6685 	EXP 	New trial (rep=0, index=2): OrderedDict([('Task', 'Demo'), ('TrialType', 'OBJ'), ('StimType', 'LURE'), ('CurrentImage', 'stimuli/fractals//177b.jpg'), ('DemoImage', 'stimuli/fractals//177c.jpg'), ('CurrentX', 300.0), ('CurrentY', 0.0), ('DemoX', -300.0), ('DemoY', 0.0), ('InPractice', '-'), ('DemoText', 'Hasonló Képek'), ('Jitter', 800)])
344.8220 	EXP 	demo_map: autoDraw = False
344.8220 	EXP 	demo_main_image: autoDraw = False
344.8220 	EXP 	demo_image: autoDraw = False
344.8220 	EXP 	demo_text: autoDraw = False
344.8220 	EXP 	demo_main_image: pos = array([300.,   0.])
344.8220 	EXP 	demo_main_image: image = 'stimuli/fractals//177b.jpg'
344.8220 	EXP 	demo_image: pos = array([-300.,    0.])
344.8220 	EXP 	demo_image: image = 'stimuli/fractals//177c.jpg'
344.8220 	EXP 	demo_text: text = 'Hasonló Képek'
344.8220 	EXP 	demo_map: autoDraw = True
344.8220 	EXP 	demo_main_image: autoDraw = True
344.8220 	EXP 	demo_image: autoDraw = True
344.8220 	EXP 	demo_text: autoDraw = True
345.4093 	DATA 	Keypress: right
345.9563 	DATA 	Keypress: right
346.4838 	DATA 	Keypress: right
346.9921 	DATA 	Keypress: right
346.9942 	EXP 	New trial (rep=0, index=3): OrderedDict([('Task', 'Demo'), ('TrialType', 'OBJ'), ('StimType', 'LURE'), ('CurrentImage', 'stimuli/fractals//167a.jpg'), ('DemoImage', 'stimuli/fractals//167b.jpg'), ('CurrentX', 300.0), ('CurrentY', 0.0), ('DemoX', -300.0), ('DemoY', 0.0), ('InPractice', 'OBJ-TARGET'), ('DemoText', 'Hasonló Képek'), ('Jitter', 1500)])
347.1453 	EXP 	demo_map: autoDraw = False
347.1453 	EXP 	demo_main_image: autoDraw = False
347.1453 	EXP 	demo_image: autoDraw = False
347.1453 	EXP 	demo_text: autoDraw = False
347.1453 	EXP 	demo_main_image: pos = array([300.,   0.])
347.1453 	EXP 	demo_main_image: image = 'stimuli/fractals//167a.jpg'
347.1453 	EXP 	demo_image: pos = array([-300.,    0.])
347.1453 	EXP 	demo_image: image = 'stimuli/fractals//167b.jpg'
347.1453 	EXP 	demo_text: text = 'Hasonló Képek'
347.1453 	EXP 	demo_map: autoDraw = True
347.1453 	EXP 	demo_main_image: autoDraw = True
347.1453 	EXP 	demo_image: autoDraw = True
347.1453 	EXP 	demo_text: autoDraw = True
347.6342 	DATA 	Keypress: right
348.1180 	DATA 	Keypress: right
348.5758 	DATA 	Keypress: right
349.1733 	DATA 	Keypress: right
349.1761 	EXP 	New trial (rep=0, index=4): OrderedDict([('Task', 'Demo'), ('TrialType', 'OBJ'), ('StimType', 'FOIL'), ('CurrentImage', 'stimuli/fractals//163a.jpg'), ('DemoImage', 'stimuli/fractals//173c.jpg'), ('CurrentX', 300.0), ('CurrentY', 0.0), ('DemoX', -300.0), ('DemoY', 0.0), ('InPractice', '-'), ('DemoText', 'Új Képek'), ('Jitter', 600)])
349.3217 	EXP 	demo_map: autoDraw = False
349.3217 	EXP 	demo_main_image: autoDraw = False
349.3217 	EXP 	demo_image: autoDraw = False
349.3217 	EXP 	demo_text: autoDraw = False
349.3217 	EXP 	demo_main_image: pos = array([300.,   0.])
349.3217 	EXP 	demo_main_image: image = 'stimuli/fractals//163a.jpg'
349.3217 	EXP 	demo_image: pos = array([-300.,    0.])
349.3217 	EXP 	demo_image: image = 'stimuli/fractals//173c.jpg'
349.3217 	EXP 	demo_text: text = 'Új Képek'
349.3217 	EXP 	demo_map: autoDraw = True
349.3217 	EXP 	demo_main_image: autoDraw = True
349.3217 	EXP 	demo_image: autoDraw = True
349.3217 	EXP 	demo_text: autoDraw = True
349.9957 	DATA 	Keypress: right
350.5435 	DATA 	Keypress: right
351.1107 	DATA 	Keypress: right
351.8463 	DATA 	Keypress: right
351.8485 	EXP 	New trial (rep=0, index=5): OrderedDict([('Task', 'Demo'), ('TrialType', 'LOC'), ('StimType', 'LURE'), ('CurrentImage', 'stimuli/fractals//166a.jpg'), ('DemoImage', 'stimuli/fractals//166a.jpg'), ('CurrentX', -300.0), ('CurrentY', 0.0), ('DemoX', -212.1320344), ('DemoY', -212.1320344), ('InPractice', 'LOC-TARGET, OBJ-LURE'), ('DemoText', 'Hasonló Helyek'), ('Jitter', 800)])
351.9951 	EXP 	demo_map: autoDraw = False
351.9951 	EXP 	demo_main_image: autoDraw = False
351.9951 	EXP 	demo_image: autoDraw = False
351.9951 	EXP 	demo_text: autoDraw = False
351.9951 	EXP 	demo_main_image: pos = array([-300.,    0.])
351.9951 	EXP 	demo_main_image: image = 'stimuli/fractals//166a.jpg'
351.9951 	EXP 	demo_image: pos = array([-212.1320344, -212.1320344])
351.9951 	EXP 	demo_image: image = 'stimuli/fractals//166a.jpg'
351.9951 	EXP 	demo_text: text = 'Hasonló Helyek'
351.9951 	EXP 	demo_map: autoDraw = True
351.9951 	EXP 	demo_main_image: autoDraw = True
351.9951 	EXP 	demo_image: autoDraw = True
351.9951 	EXP 	demo_text: autoDraw = True
352.5288 	DATA 	Keypress: right
353.0619 	DATA 	Keypress: right
353.5881 	DATA 	Keypress: right
354.3165 	DATA 	Keypress: right
354.3187 	EXP 	New trial (rep=0, index=6): OrderedDict([('Task', 'Demo'), ('TrialType', 'LOC'), ('StimType', 'LURE'), ('CurrentImage', 'stimuli/fractals//159a.jpg'), ('DemoImage', 'stimuli/fractals//159a.jpg'), ('CurrentX', 0.0), ('CurrentY', 300.0), ('DemoX', -212.1320344), ('DemoY', 212.1320344), ('InPractice', 'LOC-LURE'), ('DemoText', 'Hasonló Helyek'), ('Jitter', 1500)])
354.4740 	EXP 	demo_map: autoDraw = False
354.4740 	EXP 	demo_main_image: autoDraw = False
354.4740 	EXP 	demo_image: autoDraw = False
354.4740 	EXP 	demo_text: autoDraw = False
354.4740 	EXP 	demo_main_image: pos = array([  0., 300.])
354.4740 	EXP 	demo_main_image: image = 'stimuli/fractals//159a.jpg'
354.4740 	EXP 	demo_image: pos = array([-212.1320344,  212.1320344])
354.4740 	EXP 	demo_image: image = 'stimuli/fractals//159a.jpg'
354.4740 	EXP 	demo_text: text = 'Hasonló Helyek'
354.4740 	EXP 	demo_map: autoDraw = True
354.4740 	EXP 	demo_main_image: autoDraw = True
354.4740 	EXP 	demo_image: autoDraw = True
354.4740 	EXP 	demo_text: autoDraw = True
356.6937 	DATA 	Keypress: right
356.6998 	EXP 	New trial (rep=0, index=7): OrderedDict([('Task', 'Demo'), ('TrialType', 'LOC'), ('StimType', 'LURE'), ('CurrentImage', 'stimuli/fractals//148b.jpg'), ('DemoImage', 'stimuli/fractals//148b.jpg'), ('CurrentX', 212.1320344), ('CurrentY', 212.1320344), ('DemoX', 0.0), ('DemoY', 300.0), ('InPractice', 'LOC-FOIL'), ('DemoText', 'Hasonló Helyek'), ('Jitter', 800)])
356.8398 	EXP 	demo_map: autoDraw = False
356.8398 	EXP 	demo_main_image: autoDraw = False
356.8398 	EXP 	demo_image: autoDraw = False
356.8398 	EXP 	demo_text: autoDraw = False
356.8398 	EXP 	demo_main_image: pos = array([212.1320344, 212.1320344])
356.8398 	EXP 	demo_main_image: image = 'stimuli/fractals//148b.jpg'
356.8398 	EXP 	demo_image: pos = array([  0., 300.])
356.8398 	EXP 	demo_image: image = 'stimuli/fractals//148b.jpg'
356.8398 	EXP 	demo_text: text = 'Hasonló Helyek'
356.8398 	EXP 	demo_map: autoDraw = True
356.8398 	EXP 	demo_main_image: autoDraw = True
356.8398 	EXP 	demo_image: autoDraw = True
356.8398 	EXP 	demo_text: autoDraw = True
356.9531 	DATA 	Keypress: right
357.5335 	DATA 	Keypress: right
357.7807 	DATA 	Keypress: right
358.1122 	DATA 	Keypress: right
358.5781 	DATA 	Keypress: right
359.0154 	DATA 	Keypress: right
359.0221 	EXP 	New trial (rep=0, index=8): OrderedDict([('Task', 'Demo'), ('TrialType', 'LOC'), ('StimType', 'FOIL'), ('CurrentImage', 'stimuli/fractals//177b.jpg'), ('DemoImage', 'stimuli/fractals//177b.jpg'), ('CurrentX', 300.0), ('CurrentY', 0.0), ('DemoX', -212.1320344), ('DemoY', 212.1320344), ('InPractice', 'OBJ-LURE'), ('DemoText', 'Új Helyek'), ('Jitter', 800)])
359.1860 	EXP 	demo_map: autoDraw = False
359.1860 	EXP 	demo_main_image: autoDraw = False
359.1860 	EXP 	demo_image: autoDraw = False
359.1860 	EXP 	demo_text: autoDraw = False
359.1860 	EXP 	demo_main_image: pos = array([300.,   0.])
359.1860 	EXP 	demo_main_image: image = 'stimuli/fractals//177b.jpg'
359.1860 	EXP 	demo_image: pos = array([-212.1320344,  212.1320344])
359.1860 	EXP 	demo_image: image = 'stimuli/fractals//177b.jpg'
359.1860 	EXP 	demo_text: text = 'Új Helyek'
359.1860 	EXP 	demo_map: autoDraw = True
359.1860 	EXP 	demo_main_image: autoDraw = True
359.1860 	EXP 	demo_image: autoDraw = True
359.1860 	EXP 	demo_text: autoDraw = True
359.9556 	DATA 	Keypress: right
360.7234 	DATA 	Keypress: right
361.5096 	DATA 	Keypress: right
361.5120 	EXP 	New trial (rep=0, index=9): OrderedDict([('Task', 'Demo'), ('TrialType', 'LOC'), ('StimType', 'FOIL'), ('CurrentImage', 'stimuli/fractals//177b.jpg'), ('DemoImage', 'stimuli/fractals//177b.jpg'), ('CurrentX', 300.0), ('CurrentY', 0.0), ('DemoX', -300.0), ('DemoY', 0.0), ('InPractice', 'OBJ-LURE'), ('DemoText', 'Új Helyek'), ('Jitter', 1200)])
361.6698 	EXP 	demo_map: autoDraw = False
361.6698 	EXP 	demo_main_image: autoDraw = False
361.6698 	EXP 	demo_image: autoDraw = False
361.6698 	EXP 	demo_text: autoDraw = False
361.6698 	EXP 	demo_main_image: pos = array([300.,   0.])
361.6698 	EXP 	demo_main_image: image = 'stimuli/fractals//177b.jpg'
361.6698 	EXP 	demo_image: pos = array([-300.,    0.])
361.6698 	EXP 	demo_image: image = 'stimuli/fractals//177b.jpg'
361.6698 	EXP 	demo_text: text = 'Új Helyek'
361.6698 	EXP 	demo_map: autoDraw = True
361.6698 	EXP 	demo_main_image: autoDraw = True
361.6698 	EXP 	demo_image: autoDraw = True
361.6698 	EXP 	demo_text: autoDraw = True
362.0926 	DATA 	Keypress: right
362.5208 	DATA 	Keypress: right
363.2866 	DATA 	Keypress: right
364.2937 	DATA 	Keypress: right
364.2985 	EXP 	demo_map: autoDraw = False
364.2985 	EXP 	demo_main_image: autoDraw = False
364.2985 	EXP 	demo_image: autoDraw = False
364.2985 	EXP 	demo_text: autoDraw = False
364.2985 	EXP 	demo_end_text: autoDraw = True
365.4868 	DATA 	Keypress: right
366.8990 	DATA 	Keypress: right
369.8049 	DATA 	Keypress: right
369.8069 	EXP 	demo_end_text: autoDraw = False
369.8069 	EXP 	start_practice_text: autoDraw = True
370.8075 	EXP 	Created sequence: sequential, trialTypes=1, nReps=2, seed=None
370.8078 	EXP 	New trial (rep=0, index=0): None
370.8138 	EXP 	start_practice_text: autoDraw = False
370.8138 	EXP 	start_practice_text: autoDraw = False
370.8138 	EXP 	rec_practice_block_text: text = 'Kép'
370.8138 	EXP 	rec_practice_block_text: autoDraw = True
371.8218 	EXP 	Imported recognition_practice_trials.csv as conditions, 3 conditions, 10 params
371.8225 	EXP 	Created sequence: sequential, trialTypes=3, nReps=1, seed=None
371.8232 	EXP 	New trial (rep=0, index=0): OrderedDict([('Task', 'RecognitionPractice'), ('TrialIndex', 1), ('BlockNr', 1), ('TrialType', 'OBJ'), ('StimType', 'FOIL'), ('CurrentImage', 'stimuli/fractals/156b.jpg'), ('CurrentX', 212.1320344), ('CurrentY', 212.1320344), ('Jitter', 0.6), ('Filler', 0)])
371.9022 	EXP 	rec_practice_block_text: autoDraw = False
371.9022 	EXP 	rec_practice_block_text: autoDraw = False
371.9022 	EXP 	rec_fx_cross: pos = array([212.1320344, 212.1320344])
371.9022 	EXP 	rec_fx_map: autoDraw = True
371.9022 	EXP 	rec_fx_map: autoDraw = False
371.9022 	EXP 	rec_fx_cross: autoDraw = True
371.9022 	EXP 	rec_fx_cross: autoDraw = False
371.9022 	EXP 	rec_fx_map: autoDraw = False
371.9022 	EXP 	rec_fx_cross: autoDraw = False
371.9022 	EXP 	rec_trial_main_image: pos = array([212.1320344, 212.1320344])
371.9022 	EXP 	rec_trial_main_image: image = 'stimuli/fractals/156b.jpg'
371.9022 	EXP 	rec_trial_map: autoDraw = True
371.9022 	EXP 	rec_trial_main_image: autoDraw = True
374.8300 	EXP 	New trial (rep=0, index=1): OrderedDict([('Task', 'RecognitionPractice'), ('TrialIndex', 1), ('BlockNr', 1), ('TrialType', 'OBJ'), ('StimType', 'LURE'), ('CurrentImage', 'stimuli/fractals/166c.jpg'), ('CurrentX', -300.0), ('CurrentY', 0.0), ('Jitter', 0.6), ('Filler', 0)])
374.9071 	EXP 	rec_trial_map: autoDraw = False
374.9071 	EXP 	rec_trial_main_image: autoDraw = False
374.9071 	EXP 	rec_fx_cross: pos = array([-300.,    0.])
374.9071 	EXP 	rec_fx_map: autoDraw = True
374.9071 	EXP 	rec_fx_map: autoDraw = False
374.9071 	EXP 	rec_fx_cross: autoDraw = True
374.9071 	EXP 	rec_fx_cross: autoDraw = False
374.9071 	EXP 	rec_fx_map: autoDraw = False
374.9071 	EXP 	rec_fx_cross: autoDraw = False
374.9071 	EXP 	rec_trial_main_image: pos = array([-300.,    0.])
374.9071 	EXP 	rec_trial_main_image: image = 'stimuli/fractals/166c.jpg'
374.9071 	EXP 	rec_trial_map: autoDraw = True
374.9071 	EXP 	rec_trial_main_image: autoDraw = True
377.8353 	EXP 	New trial (rep=0, index=2): OrderedDict([('Task', 'RecognitionPractice'), ('TrialIndex', 2), ('BlockNr', 1), ('TrialType', 'OBJ'), ('StimType', 'TARGET'), ('CurrentImage', 'stimuli/fractals/167a.jpg'), ('CurrentX', 0.0), ('CurrentY', 300.0), ('Jitter', 2.0), ('Filler', 0)])
377.8415 	EXP 	rec_trial_map: autoDraw = False
377.8415 	EXP 	rec_trial_main_image: autoDraw = False
377.8415 	EXP 	rec_fx_cross: pos = array([  0., 300.])
377.8415 	EXP 	rec_fx_map: autoDraw = True
377.8415 	EXP 	rec_fx_cross: autoDraw = True
377.9221 	EXP 	rec_fx_map: autoDraw = False
377.9221 	EXP 	rec_fx_cross: autoDraw = False
377.9221 	EXP 	rec_fx_map: autoDraw = False
377.9221 	EXP 	rec_fx_cross: autoDraw = False
377.9221 	EXP 	rec_trial_main_image: pos = array([  0., 300.])
377.9221 	EXP 	rec_trial_main_image: image = 'stimuli/fractals/167a.jpg'
377.9221 	EXP 	rec_trial_map: autoDraw = True
377.9221 	EXP 	rec_trial_main_image: autoDraw = True
380.8519 	EXP 	New trial (rep=1, index=0): None
380.8589 	EXP 	rec_trial_map: autoDraw = False
380.8589 	EXP 	rec_trial_main_image: autoDraw = False
380.8589 	EXP 	rec_practice_block_text: text = 'Hely'
380.8589 	EXP 	rec_practice_block_text: autoDraw = True
381.8580 	EXP 	Imported recognition_practice_trials.csv as conditions, 3 conditions, 10 params
381.8585 	EXP 	Created sequence: sequential, trialTypes=3, nReps=1, seed=None
381.8591 	EXP 	New trial (rep=0, index=0): OrderedDict([('Task', 'RecognitionPractice'), ('TrialIndex', 4), ('BlockNr', 2), ('TrialType', 'LOC'), ('StimType', 'LURE'), ('CurrentImage', 'stimuli/fractals/159a.jpg'), ('CurrentX', 212.1320344), ('CurrentY', 212.1320344), ('Jitter', 1.0), ('Filler', 0)])
381.8644 	EXP 	rec_practice_block_text: autoDraw = False
381.8644 	EXP 	rec_fx_cross: pos = array([212.1320344, 212.1320344])
381.8644 	EXP 	rec_fx_map: autoDraw = True
381.8644 	EXP 	rec_fx_cross: autoDraw = True
381.9456 	EXP 	rec_fx_map: autoDraw = False
381.9456 	EXP 	rec_fx_cross: autoDraw = False
381.9456 	EXP 	rec_fx_map: autoDraw = False
381.9456 	EXP 	rec_fx_cross: autoDraw = False
381.9456 	EXP 	rec_trial_main_image: pos = array([212.1320344, 212.1320344])
381.9456 	EXP 	rec_trial_main_image: image = 'stimuli/fractals/159a.jpg'
381.9456 	EXP 	rec_trial_map: autoDraw = True
381.9456 	EXP 	rec_trial_main_image: autoDraw = True
384.8706 	EXP 	New trial (rep=0, index=1): OrderedDict([('Task', 'RecognitionPractice'), ('TrialIndex', 5), ('BlockNr', 2), ('TrialType', 'LOC'), ('StimType', 'FOIL'), ('CurrentImage', 'stimuli/fractals/148b.jpg'), ('CurrentX', -212.1320344), ('CurrentY', -212.1320344), ('Jitter', 1.5), ('Filler', 0)])
384.8754 	EXP 	rec_trial_map: autoDraw = False
384.8754 	EXP 	rec_trial_main_image: autoDraw = False
384.8754 	EXP 	rec_fx_cross: pos = array([-212.1320344, -212.1320344])
384.8754 	EXP 	rec_fx_map: autoDraw = True
384.8754 	EXP 	rec_fx_cross: autoDraw = True
384.9491 	EXP 	rec_fx_map: autoDraw = False
384.9491 	EXP 	rec_fx_cross: autoDraw = False
384.9491 	EXP 	rec_fx_map: autoDraw = False
384.9491 	EXP 	rec_fx_cross: autoDraw = False
384.9491 	EXP 	rec_trial_main_image: pos = array([-212.1320344, -212.1320344])
384.9491 	EXP 	rec_trial_main_image: image = 'stimuli/fractals/148b.jpg'
384.9491 	EXP 	rec_trial_map: autoDraw = True
384.9491 	EXP 	rec_trial_main_image: autoDraw = True
387.8790 	EXP 	New trial (rep=0, index=2): OrderedDict([('Task', 'RecognitionPractice'), ('TrialIndex', 6), ('BlockNr', 2), ('TrialType', 'LOC'), ('StimType', 'TARGET'), ('CurrentImage', 'stimuli/fractals/166a.jpg'), ('CurrentX', -300.0), ('CurrentY', 0.0), ('Jitter', 1.0), ('Filler', 0)])
387.8839 	EXP 	rec_trial_map: autoDraw = False
387.8839 	EXP 	rec_trial_main_image: autoDraw = False
387.8839 	EXP 	rec_fx_cross: pos = array([-300.,    0.])
387.8839 	EXP 	rec_fx_map: autoDraw = True
387.8839 	EXP 	rec_fx_cross: autoDraw = True
387.9573 	EXP 	rec_fx_map: autoDraw = False
387.9573 	EXP 	rec_fx_cross: autoDraw = False
387.9573 	EXP 	rec_fx_map: autoDraw = False
387.9573 	EXP 	rec_fx_cross: autoDraw = False
387.9573 	EXP 	rec_trial_main_image: pos = array([-300.,    0.])
387.9573 	EXP 	rec_trial_main_image: image = 'stimuli/fractals/166a.jpg'
387.9573 	EXP 	rec_trial_map: autoDraw = True
387.9573 	EXP 	rec_trial_main_image: autoDraw = True
390.8911 	EXP 	rec_trial_map: autoDraw = False
390.8911 	EXP 	rec_trial_main_image: autoDraw = False
390.8911 	EXP 	end_practice_text: autoDraw = True
395.0534 	DATA 	Keypress: escape
395.0729 	EXP 	window1: mouseVisible = True
