0.5444 	WARNING 	We strongly recommend you activate the PTB sound engine in PsychoPy prefs as the preferred audio engine. Its timing is vastly superior. Your prefs are currently set to use ['sounddevice', 'PTB', 'pyo', 'pygame'] (in that order).
1.3685 	WARNING 	Import Error: No module named 'psychtoolbox'. Using event module for keyboard component.
8.3268 	WARNING 	Monitor specification not found. Creating a temporary one...
8.6977 	EXP 	Created window1 = Window(allowGUI=False, allowStencil=False, args=UNKNOWN, autoLog=True, bitsMode=UNKNOWN, blendMode='avg', bpc=(8, 8, 8), color=array([0.804, 0.804, 0.961]), colorSpace='rgb', depthBits=8, fullscr=<method-wrapper '__getattribute__' of attributeSetter object at 0x7f9b739212e8>, gamma=None, gammaErrorPolicy='raise', kwargs=UNKNOWN, lms=UNKNOWN, monitor=<psychopy.monitors.calibTools.Monitor object at 0x7f9b71694518>, multiSample=False, name='window1', numSamples=2, pos=[0.0, 0.0], screen=0, size=array([1920, 1080]), stencilBits=0, stereo=False, units='height', useFBO=True, useRetina=False, viewOri=0.0, viewPos=None, viewScale=None, waitBlanking=True, winType='pyglet')
8.6977 	EXP 	window1: recordFrameIntervals = False
8.7070 	EXP 	window1: recordFrameIntervals = True
8.7131 	WARNING 	t of last frame was 1.54ms (=1/647)
8.7144 	WARNING 	t of last frame was 1.34ms (=1/747)
8.7186 	EXP 	window1: recordFrameIntervals = False
8.7776 	EXP 	Created lab_thanks = TextStim(__class__=<class 'psychopy.visual.text.TextStim'>, alignHoriz=method-wrapper(...), alignText='center', alignVert=method-wrapper(...), anchorHoriz='center', anchorVert='center', antialias=True, autoLog=True, bold=False, color='black', colorSpace='named', contrast=1.0, depth=0.0, flipHoriz=False, flipVert=False, font='Arial', fontFiles=[], height=0.05, italic=False, languageStyle='LTR', name='lab_thanks', opacity=1.0, ori=0, pos=array([0., 0.]), rgb=array([0., 0., 0.]), text=str(...), units='height', win=Window(...), wrapWidth=1)
8.7869 	EXP 	Created start_encoding_text = TextStim(__class__=<class 'psychopy.visual.text.TextStim'>, alignHoriz=method-wrapper(...), alignText='center', alignVert=method-wrapper(...), anchorHoriz='center', anchorVert='center', antialias=True, autoLog=True, bold=False, color='black', colorSpace='named', contrast=1.0, depth=0.0, flipHoriz=False, flipVert=False, font='Arial', fontFiles=[], height=0.1, italic=False, languageStyle='LTR', name='start_encoding_text', opacity=1.0, ori=0, pos=array([0., 0.]), rgb=array([0., 0., 0.]), text='default text', units='height', win=Window(...), wrapWidth=1)
8.8134 	EXP 	Created enc_instructions_1_text = TextStim(__class__=<class 'psychopy.visual.text.TextStim'>, alignHoriz=method-wrapper(...), alignText='center', alignVert=method-wrapper(...), anchorHoriz='center', anchorVert='center', antialias=True, autoLog=True, bold=False, color='black', colorSpace='named', contrast=1.0, depth=0.0, flipHoriz=False, flipVert=False, font='Arial', fontFiles=[], height=0.04, italic=False, languageStyle='LTR', name='enc_instructions_1_text', opacity=1.0, ori=0, pos=array([-0.4,  0. ]), rgb=array([0., 0., 0.]), text=str(...), units='height', win=Window(...), wrapWidth=0.9)
8.8674 	EXP 	Created enc_instructions_1_image = ImageStim(__class__=<class 'psychopy.visual.image.ImageStim'>, autoLog=True, color=array([1., 1., 1.]), colorSpace='rgb', contrast=1.0, depth=-1.0, flipHoriz=False, flipVert=False, image='stimuli/GalleryBuildingFromOutside.jpg', interpolate=True, mask=None, maskParams=None, name='enc_instructions_1_image', opacity=1.0, ori=0.0, pos=array([450.,   0.]), size=array([600., 450.]), texRes=128, units='pix', win=Window(...))
8.8825 	EXP 	Created enc_instructions_2_text = TextStim(__class__=<class 'psychopy.visual.text.TextStim'>, alignHoriz=method-wrapper(...), alignText='center', alignVert=method-wrapper(...), anchorHoriz='center', anchorVert='center', antialias=True, autoLog=True, bold=False, color='black', colorSpace='named', contrast=1.0, depth=0.0, flipHoriz=False, flipVert=False, font='Arial', fontFiles=[], height=0.04, italic=False, languageStyle='LTR', name='enc_instructions_2_text', opacity=1.0, ori=0, pos=array([-0.5,  0. ]), rgb=array([0., 0., 0.]), text=str(...), units='height', win=Window(...), wrapWidth=0.7)
8.9097 	EXP 	Created enc_instructions_2_image = ImageStim(__class__=<class 'psychopy.visual.image.ImageStim'>, autoLog=True, color=array([1., 1., 1.]), colorSpace='rgb', contrast=1.0, depth=-1.0, flipHoriz=False, flipVert=False, image='stimuli/GalleryInfo.jpg', interpolate=True, mask=None, maskParams=None, name='enc_instructions_2_image', opacity=1.0, ori=0.0, pos=array([425.,   0.]), size=array([1000.,  750.]), texRes=128, units='pix', win=Window(...))
8.9255 	EXP 	Created enc_instructions_3_text = TextStim(__class__=<class 'psychopy.visual.text.TextStim'>, alignHoriz=method-wrapper(...), alignText='center', alignVert=method-wrapper(...), anchorHoriz='center', anchorVert='center', antialias=True, autoLog=True, bold=False, color='black', colorSpace='named', contrast=1.0, depth=0.0, flipHoriz=False, flipVert=False, font='Arial', fontFiles=[], height=0.05, italic=False, languageStyle='LTR', name='enc_instructions_3_text', opacity=1.0, ori=0, pos=array([0., 0.]), rgb=array([0., 0., 0.]), text=str(...), units='height', win=Window(...), wrapWidth=1)
8.9336 	EXP 	Created start_practice_text = TextStim(__class__=<class 'psychopy.visual.text.TextStim'>, alignHoriz=method-wrapper(...), alignText='center', alignVert=method-wrapper(...), anchorHoriz='center', anchorVert='center', antialias=True, autoLog=True, bold=False, color='black', colorSpace='named', contrast=1.0, depth=0.0, flipHoriz=False, flipVert=False, font='Arial', fontFiles=[], height=0.1, italic=False, languageStyle='LTR', name='start_practice_text', opacity=1.0, ori=0, pos=array([0., 0.]), rgb=array([0., 0., 0.]), text='Kezdődik a gyakorlás...', units='height', win=Window(...), wrapWidth=1)
8.9494 	EXP 	Created enc_fx_map = ImageStim(__class__=<class 'psychopy.visual.image.ImageStim'>, autoLog=True, color=array([1., 1., 1.]), colorSpace='rgb', contrast=1.0, depth=0.0, flipHoriz=False, flipVert=False, image='stimuli/GalleryPlanInside.jpg', interpolate=True, mask=None, maskParams=None, name='enc_fx_map', opacity=1.0, ori=0.0, pos=array([  0., -25.]), size=array([1040., 1000.]), texRes=128, units='pix', win=Window(...))
8.9556 	EXP 	Created enc_fx_cross = TextStim(__class__=<class 'psychopy.visual.text.TextStim'>, alignHoriz=method-wrapper(...), alignText='center', alignVert=method-wrapper(...), anchorHoriz='center', anchorVert='center', antialias=True, autoLog=True, bold=False, color='black', colorSpace='named', contrast=1.0, depth=-1.0, flipHoriz=False, flipVert=False, font='Arial', fontFiles=[], height=50, italic=False, languageStyle='LTR', name='enc_fx_cross', opacity=1.0, ori=0, pos=array([0., 0.]), rgb=array([0., 0., 0.]), text='+', units='pix', win=Window(...), wrapWidth=500)
8.9710 	EXP 	Created enc_trial_map = ImageStim(__class__=<class 'psychopy.visual.image.ImageStim'>, autoLog=True, color=array([1., 1., 1.]), colorSpace='rgb', contrast=1.0, depth=0.0, flipHoriz=False, flipVert=False, image='stimuli/GalleryPlanInside.jpg', interpolate=True, mask=None, maskParams=None, name='enc_trial_map', opacity=1.0, ori=0.0, pos=array([  0., -25.]), size=array([1040., 1000.]), texRes=128, units='pix', win=Window(...))
8.9726 	EXP 	Created enc_trial_main_image = ImageStim(__class__=<class 'psychopy.visual.image.ImageStim'>, autoLog=True, color=array([1., 1., 1.]), colorSpace='rgb', contrast=1.0, depth=-1.0, flipHoriz=False, flipVert=False, image='sin', interpolate=True, mask=None, maskParams=None, name='enc_trial_main_image', opacity=1.0, ori=0.0, pos=array([0., 0.]), size=array([300., 300.]), texRes=128, units='pix', win=Window(...))
8.9884 	EXP 	Created enc_practice_feedback_map = ImageStim(__class__=<class 'psychopy.visual.image.ImageStim'>, autoLog=True, color=array([1., 1., 1.]), colorSpace='rgb', contrast=1.0, depth=-1.0, flipHoriz=False, flipVert=False, image='stimuli/GalleryPlanInside.jpg', interpolate=True, mask=None, maskParams=None, name='enc_practice_feedback_map', opacity=1.0, ori=0.0, pos=array([  0., -25.]), size=array([1040., 1000.]), texRes=128, units='pix', win=Window(...))
8.9897 	EXP 	Created enc_practice_feedback_image = ImageStim(__class__=<class 'psychopy.visual.image.ImageStim'>, autoLog=True, color=array([1., 1., 1.]), colorSpace='rgb', contrast=1.0, depth=-2.0, flipHoriz=False, flipVert=False, image='sin', interpolate=True, mask=None, maskParams=None, name='enc_practice_feedback_image', opacity=1.0, ori=0.0, pos=array([0., 0.]), size=array([300., 300.]), texRes=128, units='pix', win=Window(...))
8.9939 	EXP 	Created enc_practice_feedback_text = TextStim(__class__=<class 'psychopy.visual.text.TextStim'>, alignHoriz=method-wrapper(...), alignText='center', alignVert=method-wrapper(...), anchorHoriz='center', anchorVert='center', antialias=True, autoLog=True, bold=False, color='black', colorSpace='named', contrast=1.0, depth=-3.0, flipHoriz=False, flipVert=False, font='Arial', fontFiles=[], height=0.05, italic=False, languageStyle='LTR', name='enc_practice_feedback_text', opacity=1.0, ori=0, pos=array([0., 0.]), rgb=array([0., 0., 0.]), text='default text', units='height', win=Window(...), wrapWidth=1)
9.0098 	EXP 	Created end_practice_text = TextStim(__class__=<class 'psychopy.visual.text.TextStim'>, alignHoriz=method-wrapper(...), alignText='center', alignVert=method-wrapper(...), anchorHoriz='center', anchorVert='center', antialias=True, autoLog=True, bold=False, color='black', colorSpace='named', contrast=1.0, depth=0.0, flipHoriz=False, flipVert=False, font='Arial', fontFiles=[], height=0.05, italic=False, languageStyle='LTR', name='end_practice_text', opacity=1.0, ori=0, pos=array([0., 0.]), rgb=array([0., 0., 0.]), text=str(...), units='height', win=Window(...), wrapWidth=0.8)
9.0152 	EXP 	Created start_enc_run_text = TextStim(__class__=<class 'psychopy.visual.text.TextStim'>, alignHoriz=method-wrapper(...), alignText='center', alignVert=method-wrapper(...), anchorHoriz='center', anchorVert='center', antialias=True, autoLog=True, bold=False, color='black', colorSpace='named', contrast=1.0, depth=-2.0, flipHoriz=False, flipVert=False, font='Arial', fontFiles=[], height=0.1, italic=False, languageStyle='LTR', name='start_enc_run_text', opacity=1.0, ori=0, pos=array([0., 0.]), rgb=array([0., 0., 0.]), text='Kezdődik a feladat...', units='height', win=Window(...), wrapWidth=1)
9.0327 	EXP 	Created enc_fx_map = ImageStim(__class__=<class 'psychopy.visual.image.ImageStim'>, autoLog=True, color=array([1., 1., 1.]), colorSpace='rgb', contrast=1.0, depth=0.0, flipHoriz=False, flipVert=False, image='stimuli/GalleryPlanInside.jpg', interpolate=True, mask=None, maskParams=None, name='enc_fx_map', opacity=1.0, ori=0.0, pos=array([  0., -25.]), size=array([1040., 1000.]), texRes=128, units='pix', win=Window(...))
9.0340 	EXP 	Created enc_fx_cross = TextStim(__class__=<class 'psychopy.visual.text.TextStim'>, alignHoriz=method-wrapper(...), alignText='center', alignVert=method-wrapper(...), anchorHoriz='center', anchorVert='center', antialias=True, autoLog=True, bold=False, color='black', colorSpace='named', contrast=1.0, depth=-1.0, flipHoriz=False, flipVert=False, font='Arial', fontFiles=[], height=50, italic=False, languageStyle='LTR', name='enc_fx_cross', opacity=1.0, ori=0, pos=array([0., 0.]), rgb=array([0., 0., 0.]), text='+', units='pix', win=Window(...), wrapWidth=500)
9.0497 	EXP 	Created enc_trial_map = ImageStim(__class__=<class 'psychopy.visual.image.ImageStim'>, autoLog=True, color=array([1., 1., 1.]), colorSpace='rgb', contrast=1.0, depth=0.0, flipHoriz=False, flipVert=False, image='stimuli/GalleryPlanInside.jpg', interpolate=True, mask=None, maskParams=None, name='enc_trial_map', opacity=1.0, ori=0.0, pos=array([  0., -25.]), size=array([1040., 1000.]), texRes=128, units='pix', win=Window(...))
9.0511 	EXP 	Created enc_trial_main_image = ImageStim(__class__=<class 'psychopy.visual.image.ImageStim'>, autoLog=True, color=array([1., 1., 1.]), colorSpace='rgb', contrast=1.0, depth=-1.0, flipHoriz=False, flipVert=False, image='sin', interpolate=True, mask=None, maskParams=None, name='enc_trial_main_image', opacity=1.0, ori=0.0, pos=array([0., 0.]), size=array([300., 300.]), texRes=128, units='pix', win=Window(...))
9.0594 	EXP 	Created end_enc_run_text = TextStim(__class__=<class 'psychopy.visual.text.TextStim'>, alignHoriz=method-wrapper(...), alignText='center', alignVert=method-wrapper(...), anchorHoriz='center', anchorVert='center', antialias=True, autoLog=True, bold=False, color='black', colorSpace='named', contrast=1.0, depth=0.0, flipHoriz=False, flipVert=False, font='Arial', fontFiles=[], height=0.06, italic=False, languageStyle='LTR', name='end_enc_run_text', opacity=1.0, ori=0, pos=array([0., 0.]), rgb=array([0., 0., 0.]), text='default text', units='height', win=Window(...), wrapWidth=1)
9.0674 	EXP 	Created start_recognition_text = TextStim(__class__=<class 'psychopy.visual.text.TextStim'>, alignHoriz=method-wrapper(...), alignText='center', alignVert=method-wrapper(...), anchorHoriz='center', anchorVert='center', antialias=True, autoLog=True, bold=False, color='black', colorSpace='named', contrast=1.0, depth=-2.0, flipHoriz=False, flipVert=False, font='Arial', fontFiles=[], height=0.1, italic=False, languageStyle='LTR', name='start_recognition_text', opacity=1.0, ori=0, pos=array([0., 0.]), rgb=array([0., 0., 0.]), text='Második feladat\nKépfelismerés', units='height', win=Window(...), wrapWidth=1)
9.0844 	EXP 	Created rec_instructions_1_text = TextStim(__class__=<class 'psychopy.visual.text.TextStim'>, alignHoriz=method-wrapper(...), alignText='center', alignVert=method-wrapper(...), anchorHoriz='center', anchorVert='center', antialias=True, autoLog=True, bold=False, color='black', colorSpace='named', contrast=1.0, depth=0.0, flipHoriz=False, flipVert=False, font='Arial', fontFiles=[], height=0.05, italic=False, languageStyle='LTR', name='rec_instructions_1_text', opacity=1.0, ori=0, pos=array([0., 0.]), rgb=array([0., 0., 0.]), text=str(...), units='height', win=Window(...), wrapWidth=1)
9.1143 	EXP 	Created rec_instructions2_text = TextStim(__class__=<class 'psychopy.visual.text.TextStim'>, alignHoriz=method-wrapper(...), alignText='center', alignVert=method-wrapper(...), anchorHoriz='center', anchorVert='center', antialias=True, autoLog=True, bold=False, color='black', colorSpace='named', contrast=1.0, depth=0.0, flipHoriz=False, flipVert=False, font='Arial', fontFiles=[], height=0.03, italic=False, languageStyle='LTR', name='rec_instructions2_text', opacity=1.0, ori=0, pos=array([0., 0.]), rgb=array([0., 0., 0.]), text=str(...), units='height', win=Window(...), wrapWidth=1)
9.1405 	EXP 	Created rec_instrauction_3_text = TextStim(__class__=<class 'psychopy.visual.text.TextStim'>, alignHoriz=method-wrapper(...), alignText='center', alignVert=method-wrapper(...), anchorHoriz='center', anchorVert='center', antialias=True, autoLog=True, bold=False, color='black', colorSpace='named', contrast=1.0, depth=0.0, flipHoriz=False, flipVert=False, font='Arial', fontFiles=[], height=0.03, italic=False, languageStyle='LTR', name='rec_instrauction_3_text', opacity=1.0, ori=0, pos=array([0., 0.]), rgb=array([0., 0., 0.]), text=str(...), units='height', win=Window(...), wrapWidth=1)
9.1459 	EXP 	Created rec_instructions_4_text = TextStim(__class__=<class 'psychopy.visual.text.TextStim'>, alignHoriz=method-wrapper(...), alignText='center', alignVert=method-wrapper(...), anchorHoriz='center', anchorVert='center', antialias=True, autoLog=True, bold=False, color='black', colorSpace='named', contrast=1.0, depth=0.0, flipHoriz=False, flipVert=False, font='Arial', fontFiles=[], height=0.05, italic=False, languageStyle='LTR', name='rec_instructions_4_text', opacity=1.0, ori=0, pos=array([0., 0.]), rgb=array([0., 0., 0.]), text=str(...), units='height', win=Window(...), wrapWidth=1)
9.1639 	EXP 	Created demo_map = ImageStim(__class__=<class 'psychopy.visual.image.ImageStim'>, autoLog=True, color=array([1., 1., 1.]), colorSpace='rgb', contrast=1.0, depth=0.0, flipHoriz=False, flipVert=False, image='stimuli/GalleryPlanInside.jpg', interpolate=True, mask=None, maskParams=None, name='demo_map', opacity=1.0, ori=0.0, pos=array([  0., -25.]), size=array([1040., 1000.]), texRes=128, units='pix', win=Window(...))
9.1653 	EXP 	Created demo_main_image = ImageStim(__class__=<class 'psychopy.visual.image.ImageStim'>, autoLog=True, color=array([1., 1., 1.]), colorSpace='rgb', contrast=1.0, depth=-1.0, flipHoriz=False, flipVert=False, image='sin', interpolate=True, mask=None, maskParams=None, name='demo_main_image', opacity=1.0, ori=0.0, pos=array([0., 0.]), size=array([300., 300.]), texRes=128, units='pix', win=Window(...))
9.1665 	EXP 	Created demo_image = ImageStim(__class__=<class 'psychopy.visual.image.ImageStim'>, autoLog=True, color=array([1., 1., 1.]), colorSpace='rgb', contrast=1.0, depth=-2.0, flipHoriz=False, flipVert=False, image='sin', interpolate=True, mask=None, maskParams=None, name='demo_image', opacity=1.0, ori=0.0, pos=array([0., 0.]), size=array([300., 300.]), texRes=128, units='pix', win=Window(...))
9.1688 	EXP 	Created demo_text = TextStim(__class__=<class 'psychopy.visual.text.TextStim'>, alignHoriz=method-wrapper(...), alignText='center', alignVert=method-wrapper(...), anchorHoriz='center', anchorVert='center', antialias=True, autoLog=True, bold=False, color='black', colorSpace='named', contrast=1.0, depth=-3.0, flipHoriz=False, flipVert=False, font='Arial', fontFiles=[], height=0.05, italic=False, languageStyle='LTR', name='demo_text', opacity=1.0, ori=0, pos=array([0.  , 0.45]), rgb=array([0., 0., 0.]), text='default text', units='height', win=Window(...), wrapWidth=1)
9.1735 	EXP 	Created demo_end_text = TextStim(__class__=<class 'psychopy.visual.text.TextStim'>, alignHoriz=method-wrapper(...), alignText='center', alignVert=method-wrapper(...), anchorHoriz='center', anchorVert='center', antialias=True, autoLog=True, bold=False, color='black', colorSpace='named', contrast=1.0, depth=0.0, flipHoriz=False, flipVert=False, font='Arial', fontFiles=[], height=0.05, italic=False, languageStyle='LTR', name='demo_end_text', opacity=1.0, ori=0, pos=array([0., 0.]), rgb=array([0., 0., 0.]), text=str(...), units='height', win=Window(...), wrapWidth=1)
9.1781 	EXP 	Created start_practice_text = TextStim(__class__=<class 'psychopy.visual.text.TextStim'>, alignHoriz=method-wrapper(...), alignText='center', alignVert=method-wrapper(...), anchorHoriz='center', anchorVert='center', antialias=True, autoLog=True, bold=False, color='black', colorSpace='named', contrast=1.0, depth=0.0, flipHoriz=False, flipVert=False, font='Arial', fontFiles=[], height=0.1, italic=False, languageStyle='LTR', name='start_practice_text', opacity=1.0, ori=0, pos=array([0., 0.]), rgb=array([0., 0., 0.]), text='Kezdődik a gyakorlás...', units='height', win=Window(...), wrapWidth=1)
9.1823 	EXP 	Created rec_practice_block_text = TextStim(__class__=<class 'psychopy.visual.text.TextStim'>, alignHoriz=method-wrapper(...), alignText='center', alignVert=method-wrapper(...), anchorHoriz='center', anchorVert='center', antialias=True, autoLog=True, bold=False, color='black', colorSpace='named', contrast=1.0, depth=-1.0, flipHoriz=False, flipVert=False, font='Arial', fontFiles=[], height=0.1, italic=False, languageStyle='LTR', name='rec_practice_block_text', opacity=1.0, ori=0, pos=array([0., 0.]), rgb=array([0., 0., 0.]), text='default text', units='height', win=Window(...), wrapWidth=1)
9.1978 	EXP 	Created rec_fx_map = ImageStim(__class__=<class 'psychopy.visual.image.ImageStim'>, autoLog=True, color=array([1., 1., 1.]), colorSpace='rgb', contrast=1.0, depth=0.0, flipHoriz=False, flipVert=False, image='stimuli/GalleryPlanInside.jpg', interpolate=True, mask=None, maskParams=None, name='rec_fx_map', opacity=1.0, ori=0.0, pos=array([  0., -25.]), size=array([1040., 1000.]), texRes=128, units='pix', win=Window(...))
9.1999 	EXP 	Created rec_fx_cross = TextStim(__class__=<class 'psychopy.visual.text.TextStim'>, alignHoriz=method-wrapper(...), alignText='center', alignVert=method-wrapper(...), anchorHoriz='center', anchorVert='center', antialias=True, autoLog=True, bold=False, color='black', colorSpace='named', contrast=1.0, depth=-1.0, flipHoriz=False, flipVert=False, font='Arial', fontFiles=[], height=50, italic=False, languageStyle='LTR', name='rec_fx_cross', opacity=1.0, ori=0, pos=array([0., 0.]), rgb=array([0., 0., 0.]), text='+', units='pix', win=Window(...), wrapWidth=500)
9.2049 	EXP 	Created rec_fx_text = TextStim(__class__=<class 'psychopy.visual.text.TextStim'>, alignHoriz=method-wrapper(...), alignText='center', alignVert=method-wrapper(...), anchorHoriz='center', anchorVert='center', antialias=True, autoLog=True, bold=False, color='black', colorSpace='named', contrast=1.0, depth=-3.0, flipHoriz=False, flipVert=False, font='Arial', fontFiles=[], height=0.045, italic=False, languageStyle='LTR', name='rec_fx_text', opacity=1.0, ori=0, pos=array([0.  , 0.45]), rgb=array([0., 0., 0.]), text='default text', units='height', win=Window(...), wrapWidth=1)
9.2207 	EXP 	Created rec_trial_map = ImageStim(__class__=<class 'psychopy.visual.image.ImageStim'>, autoLog=True, color=array([1., 1., 1.]), colorSpace='rgb', contrast=1.0, depth=0.0, flipHoriz=False, flipVert=False, image='stimuli/GalleryPlanInside.jpg', interpolate=True, mask=None, maskParams=None, name='rec_trial_map', opacity=1.0, ori=0.0, pos=array([  0., -25.]), size=array([1040., 1000.]), texRes=128, units='pix', win=Window(...))
9.2221 	EXP 	Created rec_trial_main_image = ImageStim(__class__=<class 'psychopy.visual.image.ImageStim'>, autoLog=True, color=array([1., 1., 1.]), colorSpace='rgb', contrast=1.0, depth=-1.0, flipHoriz=False, flipVert=False, image='sin', interpolate=True, mask=None, maskParams=None, name='rec_trial_main_image', opacity=1.0, ori=0.0, pos=array([0., 0.]), size=array([300., 300.]), texRes=128, units='pix', win=Window(...))
9.2253 	EXP 	Created rec_trial_text = TextStim(__class__=<class 'psychopy.visual.text.TextStim'>, alignHoriz=method-wrapper(...), alignText='center', alignVert=method-wrapper(...), anchorHoriz='center', anchorVert='center', antialias=True, autoLog=True, bold=False, color='black', colorSpace='named', contrast=1.0, depth=-3.0, flipHoriz=False, flipVert=False, font='Arial', fontFiles=[], height=0.045, italic=False, languageStyle='LTR', name='rec_trial_text', opacity=1.0, ori=0, pos=array([0.  , 0.45]), rgb=array([0., 0., 0.]), text='default text', units='height', win=Window(...), wrapWidth=1)
9.2412 	EXP 	Created end_practice_text = TextStim(__class__=<class 'psychopy.visual.text.TextStim'>, alignHoriz=method-wrapper(...), alignText='center', alignVert=method-wrapper(...), anchorHoriz='center', anchorVert='center', antialias=True, autoLog=True, bold=False, color='black', colorSpace='named', contrast=1.0, depth=0.0, flipHoriz=False, flipVert=False, font='Arial', fontFiles=[], height=0.05, italic=False, languageStyle='LTR', name='end_practice_text', opacity=1.0, ori=0, pos=array([0., 0.]), rgb=array([0., 0., 0.]), text=str(...), units='height', win=Window(...), wrapWidth=0.8)
9.2457 	EXP 	Created start_rec_run_text = TextStim(__class__=<class 'psychopy.visual.text.TextStim'>, alignHoriz=method-wrapper(...), alignText='center', alignVert=method-wrapper(...), anchorHoriz='center', anchorVert='center', antialias=True, autoLog=True, bold=False, color='black', colorSpace='named', contrast=1.0, depth=-1.0, flipHoriz=False, flipVert=False, font='Arial', fontFiles=[], height=0.1, italic=False, languageStyle='LTR', name='start_rec_run_text', opacity=1.0, ori=0, pos=array([0., 0.]), rgb=array([0., 0., 0.]), text='Kezdődik a feladat...', units='height', win=Window(...), wrapWidth=1)
9.2487 	EXP 	Created start_rec_block_text = TextStim(__class__=<class 'psychopy.visual.text.TextStim'>, alignHoriz=method-wrapper(...), alignText='center', alignVert=method-wrapper(...), anchorHoriz='center', anchorVert='center', antialias=True, autoLog=True, bold=False, color='black', colorSpace='named', contrast=1.0, depth=-1.0, flipHoriz=False, flipVert=False, font='Arial', fontFiles=[], height=0.1, italic=False, languageStyle='LTR', name='start_rec_block_text', opacity=1.0, ori=0, pos=array([0., 0.]), rgb=array([0., 0., 0.]), text='default text', units='height', win=Window(...), wrapWidth=1)
9.2641 	EXP 	Created rec_fx_map = ImageStim(__class__=<class 'psychopy.visual.image.ImageStim'>, autoLog=True, color=array([1., 1., 1.]), colorSpace='rgb', contrast=1.0, depth=0.0, flipHoriz=False, flipVert=False, image='stimuli/GalleryPlanInside.jpg', interpolate=True, mask=None, maskParams=None, name='rec_fx_map', opacity=1.0, ori=0.0, pos=array([  0., -25.]), size=array([1040., 1000.]), texRes=128, units='pix', win=Window(...))
9.2661 	EXP 	Created rec_fx_cross = TextStim(__class__=<class 'psychopy.visual.text.TextStim'>, alignHoriz=method-wrapper(...), alignText='center', alignVert=method-wrapper(...), anchorHoriz='center', anchorVert='center', antialias=True, autoLog=True, bold=False, color='black', colorSpace='named', contrast=1.0, depth=-1.0, flipHoriz=False, flipVert=False, font='Arial', fontFiles=[], height=50, italic=False, languageStyle='LTR', name='rec_fx_cross', opacity=1.0, ori=0, pos=array([0., 0.]), rgb=array([0., 0., 0.]), text='+', units='pix', win=Window(...), wrapWidth=500)
9.2693 	EXP 	Created rec_fx_text = TextStim(__class__=<class 'psychopy.visual.text.TextStim'>, alignHoriz=method-wrapper(...), alignText='center', alignVert=method-wrapper(...), anchorHoriz='center', anchorVert='center', antialias=True, autoLog=True, bold=False, color='black', colorSpace='named', contrast=1.0, depth=-3.0, flipHoriz=False, flipVert=False, font='Arial', fontFiles=[], height=0.045, italic=False, languageStyle='LTR', name='rec_fx_text', opacity=1.0, ori=0, pos=array([0.  , 0.45]), rgb=array([0., 0., 0.]), text='default text', units='height', win=Window(...), wrapWidth=1)
9.2853 	EXP 	Created rec_trial_map = ImageStim(__class__=<class 'psychopy.visual.image.ImageStim'>, autoLog=True, color=array([1., 1., 1.]), colorSpace='rgb', contrast=1.0, depth=0.0, flipHoriz=False, flipVert=False, image='stimuli/GalleryPlanInside.jpg', interpolate=True, mask=None, maskParams=None, name='rec_trial_map', opacity=1.0, ori=0.0, pos=array([  0., -25.]), size=array([1040., 1000.]), texRes=128, units='pix', win=Window(...))
9.2867 	EXP 	Created rec_trial_main_image = ImageStim(__class__=<class 'psychopy.visual.image.ImageStim'>, autoLog=True, color=array([1., 1., 1.]), colorSpace='rgb', contrast=1.0, depth=-1.0, flipHoriz=False, flipVert=False, image='sin', interpolate=True, mask=None, maskParams=None, name='rec_trial_main_image', opacity=1.0, ori=0.0, pos=array([0., 0.]), size=array([300., 300.]), texRes=128, units='pix', win=Window(...))
9.2898 	EXP 	Created rec_trial_text = TextStim(__class__=<class 'psychopy.visual.text.TextStim'>, alignHoriz=method-wrapper(...), alignText='center', alignVert=method-wrapper(...), anchorHoriz='center', anchorVert='center', antialias=True, autoLog=True, bold=False, color='black', colorSpace='named', contrast=1.0, depth=-3.0, flipHoriz=False, flipVert=False, font='Arial', fontFiles=[], height=0.045, italic=False, languageStyle='LTR', name='rec_trial_text', opacity=1.0, ori=0, pos=array([0.  , 0.45]), rgb=array([0., 0., 0.]), text='default text', units='height', win=Window(...), wrapWidth=1)
9.2917 	EXP 	Created end_rec_run_text = TextStim(__class__=<class 'psychopy.visual.text.TextStim'>, alignHoriz=method-wrapper(...), alignText='center', alignVert=method-wrapper(...), anchorHoriz='center', anchorVert='center', antialias=True, autoLog=True, bold=False, color='black', colorSpace='named', contrast=1.0, depth=0.0, flipHoriz=False, flipVert=False, font='Arial', fontFiles=[], height=0.1, italic=False, languageStyle='LTR', name='end_rec_run_text', opacity=1.0, ori=0, pos=array([0., 0.]), rgb=array([0., 0., 0.]), text='default text', units='height', win=Window(...), wrapWidth=1)
9.2936 	EXP 	lab_thanks: autoDraw = True
10.6370 	DATA 	Keypress: right
10.6435 	EXP 	lab_thanks: autoDraw = False
10.6435 	EXP 	start_encoding_text: text = 'Első feladat\nGaléria berendezés'
10.6435 	EXP 	start_encoding_text: autoDraw = True
12.1445 	EXP 	start_encoding_text: autoDraw = False
12.1445 	EXP 	start_encoding_text: autoDraw = False
12.1445 	EXP 	enc_instructions_1_text: autoDraw = True
12.1445 	EXP 	enc_instructions_1_image: autoDraw = True
14.4542 	DATA 	Keypress: right
14.4576 	EXP 	enc_instructions_1_text: autoDraw = False
14.4576 	EXP 	enc_instructions_1_image: autoDraw = False
14.4576 	EXP 	enc_instructions_2_text: autoDraw = True
14.4576 	EXP 	enc_instructions_2_image: autoDraw = True
15.0166 	DATA 	Keypress: right
15.0184 	EXP 	enc_instructions_2_text: autoDraw = False
15.0184 	EXP 	enc_instructions_2_image: autoDraw = False
15.0184 	EXP 	enc_instructions_3_text: autoDraw = True
15.4850 	DATA 	Keypress: right
15.4864 	EXP 	enc_instructions_3_text: autoDraw = False
15.4864 	EXP 	start_practice_text: autoDraw = True
16.4934 	EXP 	Imported encoding_practice_trials.csv as conditions, 5 conditions, 9 params
16.4937 	EXP 	Created sequence: random, trialTypes=5, nReps=1, seed=None
16.4941 	EXP 	New trial (rep=0, index=0): OrderedDict([('Task', 'EncodingPractice'), ('TrialType', 'LOC'), ('StimType', 'TARGET'), ('Order', 1), ('CurrentImage', 'stimuli/fractals/166a.jpg'), ('CurrentX', -300.0), ('CurrentY', 0.0), ('Jitter', 1500), ('Section', 'Encoding')])
16.4982 	EXP 	start_practice_text: autoDraw = False
16.4982 	EXP 	start_practice_text: autoDraw = False
16.4982 	EXP 	enc_fx_cross: pos = array([-300.,    0.])
16.4982 	EXP 	enc_fx_map: autoDraw = True
16.4982 	EXP 	enc_fx_cross: autoDraw = True
18.0364 	EXP 	enc_fx_map: autoDraw = False
18.0364 	EXP 	enc_fx_cross: autoDraw = False
18.0364 	EXP 	enc_fx_map: autoDraw = False
18.0364 	EXP 	enc_fx_cross: autoDraw = False
18.0364 	EXP 	enc_trial_main_image: pos = array([-300.,    0.])
18.0364 	EXP 	enc_trial_main_image: image = 'stimuli/fractals/166a.jpg'
18.0364 	EXP 	enc_trial_map: autoDraw = True
18.0364 	EXP 	enc_trial_main_image: autoDraw = True
21.0384 	EXP 	enc_trial_map: autoDraw = False
21.0384 	EXP 	enc_trial_main_image: autoDraw = False
21.0384 	EXP 	enc_practice_feedback_image: pos = array([-300.,    0.])
21.0384 	EXP 	enc_practice_feedback_image: image = 'stimuli/fractals/166a.jpg'
21.0384 	EXP 	enc_practice_feedback_text: text = 'Nem adott választ.'
21.0384 	EXP 	enc_practice_feedback_map: autoDraw = True
21.0384 	EXP 	enc_practice_feedback_image: autoDraw = True
21.0384 	EXP 	enc_practice_feedback_text: autoDraw = True
22.0025 	EXP 	New trial (rep=0, index=1): OrderedDict([('Task', 'EncodingPractice'), ('TrialType', 'LOC'), ('StimType', 'LURE'), ('Order', 1), ('CurrentImage', 'stimuli/fractals/159a.jpg'), ('CurrentX', 0.0), ('CurrentY', 300.0), ('Jitter', 5000), ('Section', 'Encoding')])
22.0071 	EXP 	enc_practice_feedback_map: autoDraw = False
22.0071 	EXP 	enc_practice_feedback_image: autoDraw = False
22.0071 	EXP 	enc_practice_feedback_text: autoDraw = False
22.0071 	EXP 	enc_fx_cross: pos = array([  0., 300.])
22.0071 	EXP 	enc_fx_map: autoDraw = True
22.0071 	EXP 	enc_fx_cross: autoDraw = True
27.0840 	EXP 	enc_fx_map: autoDraw = False
27.0840 	EXP 	enc_fx_cross: autoDraw = False
27.0840 	EXP 	enc_fx_map: autoDraw = False
27.0840 	EXP 	enc_fx_cross: autoDraw = False
27.0840 	EXP 	enc_trial_main_image: pos = array([  0., 300.])
27.0840 	EXP 	enc_trial_main_image: image = 'stimuli/fractals/159a.jpg'
27.0840 	EXP 	enc_trial_map: autoDraw = True
27.0840 	EXP 	enc_trial_main_image: autoDraw = True
30.0885 	EXP 	enc_trial_map: autoDraw = False
30.0885 	EXP 	enc_trial_main_image: autoDraw = False
30.0885 	EXP 	enc_practice_feedback_image: pos = array([  0., 300.])
30.0885 	EXP 	enc_practice_feedback_image: image = 'stimuli/fractals/159a.jpg'
30.0885 	EXP 	enc_practice_feedback_text: text = 'Nem adott választ.'
30.0885 	EXP 	enc_practice_feedback_map: autoDraw = True
30.0885 	EXP 	enc_practice_feedback_image: autoDraw = True
30.0885 	EXP 	enc_practice_feedback_text: autoDraw = True
31.0115 	EXP 	New trial (rep=0, index=2): OrderedDict([('Task', 'EncodingPractice'), ('TrialType', '-'), ('StimType', '-'), ('Order', 1), ('CurrentImage', 'stimuli/fractals/177b.jpg'), ('CurrentX', 300.0), ('CurrentY', 0.0), ('Jitter', 800), ('Section', 'Encoding')])
31.0161 	EXP 	enc_practice_feedback_map: autoDraw = False
31.0161 	EXP 	enc_practice_feedback_image: autoDraw = False
31.0161 	EXP 	enc_practice_feedback_text: autoDraw = False
31.0161 	EXP 	enc_fx_cross: pos = array([300.,   0.])
31.0161 	EXP 	enc_fx_map: autoDraw = True
31.0161 	EXP 	enc_fx_cross: autoDraw = True
31.8923 	EXP 	enc_fx_map: autoDraw = False
31.8923 	EXP 	enc_fx_cross: autoDraw = False
31.8923 	EXP 	enc_fx_map: autoDraw = False
31.8923 	EXP 	enc_fx_cross: autoDraw = False
31.8923 	EXP 	enc_trial_main_image: pos = array([300.,   0.])
31.8923 	EXP 	enc_trial_main_image: image = 'stimuli/fractals/177b.jpg'
31.8923 	EXP 	enc_trial_map: autoDraw = True
31.8923 	EXP 	enc_trial_main_image: autoDraw = True
34.8957 	EXP 	enc_trial_map: autoDraw = False
34.8957 	EXP 	enc_trial_main_image: autoDraw = False
34.8957 	EXP 	enc_practice_feedback_image: pos = array([300.,   0.])
34.8957 	EXP 	enc_practice_feedback_image: image = 'stimuli/fractals/177b.jpg'
34.8957 	EXP 	enc_practice_feedback_text: text = 'Nem adott választ.'
34.8957 	EXP 	enc_practice_feedback_map: autoDraw = True
34.8957 	EXP 	enc_practice_feedback_image: autoDraw = True
34.8957 	EXP 	enc_practice_feedback_text: autoDraw = True
35.8210 	EXP 	New trial (rep=0, index=3): OrderedDict([('Task', 'EncodingPractice'), ('TrialType', 'LOC'), ('StimType', 'FOIL'), ('Order', 1), ('CurrentImage', 'stimuli/fractals/148b.jpg'), ('CurrentX', 212.1320344), ('CurrentY', 212.1320344), ('Jitter', 1000), ('Section', 'Encoding')])
35.8257 	EXP 	enc_practice_feedback_map: autoDraw = False
35.8257 	EXP 	enc_practice_feedback_image: autoDraw = False
35.8257 	EXP 	enc_practice_feedback_text: autoDraw = False
35.8257 	EXP 	enc_fx_cross: pos = array([212.1320344, 212.1320344])
35.8257 	EXP 	enc_fx_map: autoDraw = True
35.8257 	EXP 	enc_fx_cross: autoDraw = True
36.8962 	EXP 	enc_fx_map: autoDraw = False
36.8962 	EXP 	enc_fx_cross: autoDraw = False
36.8962 	EXP 	enc_fx_map: autoDraw = False
36.8962 	EXP 	enc_fx_cross: autoDraw = False
36.8962 	EXP 	enc_trial_main_image: pos = array([212.1320344, 212.1320344])
36.8962 	EXP 	enc_trial_main_image: image = 'stimuli/fractals/148b.jpg'
36.8962 	EXP 	enc_trial_map: autoDraw = True
36.8962 	EXP 	enc_trial_main_image: autoDraw = True
39.9008 	EXP 	enc_trial_map: autoDraw = False
39.9008 	EXP 	enc_trial_main_image: autoDraw = False
39.9008 	EXP 	enc_practice_feedback_image: pos = array([212.1320344, 212.1320344])
39.9008 	EXP 	enc_practice_feedback_image: image = 'stimuli/fractals/148b.jpg'
39.9008 	EXP 	enc_practice_feedback_text: text = 'Nem adott választ.'
39.9008 	EXP 	enc_practice_feedback_map: autoDraw = True
39.9008 	EXP 	enc_practice_feedback_image: autoDraw = True
39.9008 	EXP 	enc_practice_feedback_text: autoDraw = True
40.8305 	EXP 	New trial (rep=0, index=4): OrderedDict([('Task', 'EncodingPractice'), ('TrialType', 'OBJ'), ('StimType', 'TARGET'), ('Order', 1), ('CurrentImage', 'stimuli/fractals/167a.jpg'), ('CurrentX', 300.0), ('CurrentY', 0.0), ('Jitter', 500), ('Section', 'Encoding')])
40.8350 	EXP 	enc_practice_feedback_map: autoDraw = False
40.8350 	EXP 	enc_practice_feedback_image: autoDraw = False
40.8350 	EXP 	enc_practice_feedback_text: autoDraw = False
40.8350 	EXP 	enc_fx_cross: pos = array([300.,   0.])
40.8350 	EXP 	enc_fx_map: autoDraw = True
40.8350 	EXP 	enc_fx_cross: autoDraw = True
41.4086 	EXP 	enc_fx_map: autoDraw = False
41.4086 	EXP 	enc_fx_cross: autoDraw = False
41.4086 	EXP 	enc_fx_map: autoDraw = False
41.4086 	EXP 	enc_fx_cross: autoDraw = False
41.4086 	EXP 	enc_trial_main_image: pos = array([300.,   0.])
41.4086 	EXP 	enc_trial_main_image: image = 'stimuli/fractals/167a.jpg'
41.4086 	EXP 	enc_trial_map: autoDraw = True
41.4086 	EXP 	enc_trial_main_image: autoDraw = True
44.4130 	EXP 	enc_trial_map: autoDraw = False
44.4130 	EXP 	enc_trial_main_image: autoDraw = False
44.4130 	EXP 	enc_practice_feedback_image: pos = array([300.,   0.])
44.4130 	EXP 	enc_practice_feedback_image: image = 'stimuli/fractals/167a.jpg'
44.4130 	EXP 	enc_practice_feedback_text: text = 'Nem adott választ.'
44.4130 	EXP 	enc_practice_feedback_map: autoDraw = True
44.4130 	EXP 	enc_practice_feedback_image: autoDraw = True
44.4130 	EXP 	enc_practice_feedback_text: autoDraw = True
45.3419 	EXP 	enc_practice_feedback_map: autoDraw = False
45.3419 	EXP 	enc_practice_feedback_image: autoDraw = False
45.3419 	EXP 	enc_practice_feedback_text: autoDraw = False
45.3419 	EXP 	end_practice_text: autoDraw = True
56.4076 	DATA 	Keypress: right
56.4083 	EXP 	Created sequence: sequential, trialTypes=1, nReps=3, seed=None
56.4086 	EXP 	New trial (rep=0, index=0): None
56.4104 	EXP 	end_practice_text: autoDraw = False
56.4104 	EXP 	start_enc_run_text: autoDraw = True
58.4782 	EXP 	Imported stimuli_tables/encoding_trials_0.csv as conditions, 2 conditions, 20 params
58.4792 	EXP 	Created sequence: sequential, trialTypes=2, nReps=1, seed=None
58.4799 	EXP 	New trial (rep=0, index=0): OrderedDict([('TrialIndex', 1), ('Jitter', 2000), ('ScannerRun', 1), ('StimType', 'OLP'), ('Order', 1), ('Delay', 3), ('CurrentImage', 'stimuli/fractals/101b.jpg'), ('CurrentX', 212.1320344), ('CurrentY', 212.1320344), ('TripletMemberA', 'stimuli/fractals/101b.jpg'), ('TripletMemberB', 'stimuli/fractals/101a.jpg'), ('TripletMemberC', 'stimuli/fractals/101c.jpg'), ('Xcoordinate', 212.1320344), ('Ycoordinate', 212.1320344), ('Xcoordinate_lure1', 0.0), ('Ycoordinate_lure1', 300.0), ('Xcoordinate_lure2', 300.0), ('Ycoordinate_lure2', 0.0), ('Xcoordinate_foil', -212.1320344), ('Ycoordinate_foil', -212.1320344)])
58.4848 	EXP 	start_enc_run_text: autoDraw = False
58.4848 	EXP 	start_enc_run_text: autoDraw = False
58.4848 	EXP 	enc_fx_cross: pos = array([212.1320344, 212.1320344])
58.4848 	EXP 	enc_fx_map: autoDraw = True
58.4848 	EXP 	enc_fx_cross: autoDraw = True
60.5583 	EXP 	enc_fx_map: autoDraw = False
60.5583 	EXP 	enc_fx_cross: autoDraw = False
60.5583 	EXP 	enc_fx_map: autoDraw = False
60.5583 	EXP 	enc_fx_cross: autoDraw = False
60.5583 	EXP 	enc_trial_main_image: pos = array([212.1320344, 212.1320344])
60.5583 	EXP 	enc_trial_main_image: image = 'stimuli/fractals/101b.jpg'
60.5583 	EXP 	enc_trial_map: autoDraw = True
60.5583 	EXP 	enc_trial_main_image: autoDraw = True
63.4922 	EXP 	New trial (rep=0, index=1): OrderedDict([('TrialIndex', 2), ('Jitter', 6000), ('ScannerRun', 1), ('StimType', 'OLP'), ('Order', 1), ('Delay', 3), ('CurrentImage', 'stimuli/fractals/97b.jpg'), ('CurrentX', 212.1320344), ('CurrentY', -212.1320344), ('TripletMemberA', 'stimuli/fractals/97b.jpg'), ('TripletMemberB', 'stimuli/fractals/97c.jpg'), ('TripletMemberC', 'stimuli/fractals/97a.jpg'), ('Xcoordinate', 212.1320344), ('Ycoordinate', -212.1320344), ('Xcoordinate_lure1', 0.0), ('Ycoordinate_lure1', -300.0), ('Xcoordinate_lure2', 300.0), ('Ycoordinate_lure2', 0.0), ('Xcoordinate_foil', -212.1320344), ('Ycoordinate_foil', 212.1320344)])
63.4970 	EXP 	enc_trial_map: autoDraw = False
63.4970 	EXP 	enc_trial_main_image: autoDraw = False
63.4970 	EXP 	enc_fx_cross: pos = array([ 212.1320344, -212.1320344])
63.4970 	EXP 	enc_fx_map: autoDraw = True
63.4970 	EXP 	enc_fx_cross: autoDraw = True
69.5683 	EXP 	enc_fx_map: autoDraw = False
69.5683 	EXP 	enc_fx_cross: autoDraw = False
69.5683 	EXP 	enc_fx_map: autoDraw = False
69.5683 	EXP 	enc_fx_cross: autoDraw = False
69.5683 	EXP 	enc_trial_main_image: pos = array([ 212.1320344, -212.1320344])
69.5683 	EXP 	enc_trial_main_image: image = 'stimuli/fractals/97b.jpg'
69.5683 	EXP 	enc_trial_map: autoDraw = True
69.5683 	EXP 	enc_trial_main_image: autoDraw = True
72.5130 	EXP 	enc_trial_map: autoDraw = False
72.5130 	EXP 	enc_trial_main_image: autoDraw = False
72.5130 	EXP 	end_enc_run_text: text = 'Szünet\nA folytatáshoz nyomja le a jobb nyilat'
72.5130 	EXP 	end_enc_run_text: autoDraw = True
75.7606 	DATA 	Keypress: right
75.7625 	EXP 	New trial (rep=1, index=0): None
75.7643 	EXP 	end_enc_run_text: autoDraw = False
75.7643 	EXP 	start_enc_run_text: autoDraw = True
77.8304 	EXP 	Imported stimuli_tables/encoding_trials_0.csv as conditions, 2 conditions, 20 params
77.8314 	EXP 	Created sequence: sequential, trialTypes=2, nReps=1, seed=None
77.8321 	EXP 	New trial (rep=0, index=0): OrderedDict([('TrialIndex', 3), ('Jitter', 2000), ('ScannerRun', 1), ('StimType', 'LLP'), ('Order', 1), ('Delay', 5), ('CurrentImage', 'stimuli/fractals/76b.jpg'), ('CurrentX', 212.1320344), ('CurrentY', 212.1320344), ('TripletMemberA', 'stimuli/fractals/76b.jpg'), ('TripletMemberB', 'stimuli/fractals/76c.jpg'), ('TripletMemberC', 'stimuli/fractals/76a.jpg'), ('Xcoordinate', 212.1320344), ('Ycoordinate', 212.1320344), ('Xcoordinate_lure1', 300.0), ('Ycoordinate_lure1', 0.0), ('Xcoordinate_lure2', 0.0), ('Ycoordinate_lure2', 300.0), ('Xcoordinate_foil', -212.1320344), ('Ycoordinate_foil', -212.1320344)])
77.8370 	EXP 	start_enc_run_text: autoDraw = False
77.8370 	EXP 	start_enc_run_text: autoDraw = False
77.8370 	EXP 	enc_fx_cross: pos = array([212.1320344, 212.1320344])
77.8370 	EXP 	enc_fx_map: autoDraw = True
77.8370 	EXP 	enc_fx_cross: autoDraw = True
79.9096 	EXP 	enc_fx_map: autoDraw = False
79.9096 	EXP 	enc_fx_cross: autoDraw = False
79.9096 	EXP 	enc_fx_map: autoDraw = False
79.9096 	EXP 	enc_fx_cross: autoDraw = False
79.9096 	EXP 	enc_trial_main_image: pos = array([212.1320344, 212.1320344])
79.9096 	EXP 	enc_trial_main_image: image = 'stimuli/fractals/76b.jpg'
79.9096 	EXP 	enc_trial_map: autoDraw = True
79.9096 	EXP 	enc_trial_main_image: autoDraw = True
82.8417 	EXP 	New trial (rep=0, index=1): OrderedDict([('TrialIndex', 4), ('Jitter', 1000), ('ScannerRun', 1), ('StimType', 'ERP'), ('Order', 1), ('Delay', 2), ('CurrentImage', 'stimuli/fractals/19a.jpg'), ('CurrentX', 212.1320344), ('CurrentY', -212.1320344), ('TripletMemberA', 'stimuli/fractals/19a.jpg'), ('TripletMemberB', 'stimuli/fractals/19c.jpg'), ('TripletMemberC', 'stimuli/fractals/19b.jpg'), ('Xcoordinate', 212.1320344), ('Ycoordinate', -212.1320344), ('Xcoordinate_lure1', 300.0), ('Ycoordinate_lure1', 0.0), ('Xcoordinate_lure2', 0.0), ('Ycoordinate_lure2', -300.0), ('Xcoordinate_foil', -300.0), ('Ycoordinate_foil', 0.0)])
82.8466 	EXP 	enc_trial_map: autoDraw = False
82.8466 	EXP 	enc_trial_main_image: autoDraw = False
82.8466 	EXP 	enc_fx_cross: pos = array([ 212.1320344, -212.1320344])
82.8466 	EXP 	enc_fx_map: autoDraw = True
82.8466 	EXP 	enc_fx_cross: autoDraw = True
83.1635 	DATA 	Keypress: right
83.9188 	EXP 	enc_fx_map: autoDraw = False
83.9188 	EXP 	enc_fx_cross: autoDraw = False
83.9188 	EXP 	enc_fx_map: autoDraw = False
83.9188 	EXP 	enc_fx_cross: autoDraw = False
83.9188 	EXP 	enc_trial_main_image: pos = array([ 212.1320344, -212.1320344])
83.9188 	EXP 	enc_trial_main_image: image = 'stimuli/fractals/19a.jpg'
83.9188 	EXP 	enc_trial_map: autoDraw = True
83.9188 	EXP 	enc_trial_main_image: autoDraw = True
86.8532 	EXP 	enc_trial_map: autoDraw = False
86.8532 	EXP 	enc_trial_main_image: autoDraw = False
86.8532 	EXP 	end_enc_run_text: text = 'Szünet\nA folytatáshoz nyomja le a jobb nyilat'
86.8532 	EXP 	end_enc_run_text: autoDraw = True
88.3088 	DATA 	Keypress: right
88.3101 	EXP 	New trial (rep=2, index=0): None
88.3117 	EXP 	end_enc_run_text: autoDraw = False
88.3117 	EXP 	start_enc_run_text: autoDraw = True
90.3785 	EXP 	Imported stimuli_tables/encoding_trials_0.csv as conditions, 2 conditions, 20 params
90.3795 	EXP 	Created sequence: sequential, trialTypes=2, nReps=1, seed=None
90.3803 	EXP 	New trial (rep=0, index=0): OrderedDict([('TrialIndex', 5), ('Jitter', 5000), ('ScannerRun', 1), ('StimType', 'OLP'), ('Order', 2), ('Delay', 0), ('CurrentImage', 'stimuli/fractals/101a.jpg'), ('CurrentX', 212.1320344), ('CurrentY', 212.1320344), ('TripletMemberA', 'stimuli/fractals/101b.jpg'), ('TripletMemberB', 'stimuli/fractals/101a.jpg'), ('TripletMemberC', 'stimuli/fractals/101c.jpg'), ('Xcoordinate', 212.1320344), ('Ycoordinate', 212.1320344), ('Xcoordinate_lure1', 0.0), ('Ycoordinate_lure1', 300.0), ('Xcoordinate_lure2', 300.0), ('Ycoordinate_lure2', 0.0), ('Xcoordinate_foil', -212.1320344), ('Ycoordinate_foil', -212.1320344)])
90.3852 	EXP 	start_enc_run_text: autoDraw = False
90.3852 	EXP 	start_enc_run_text: autoDraw = False
90.3852 	EXP 	enc_fx_cross: pos = array([212.1320344, 212.1320344])
90.3852 	EXP 	enc_fx_map: autoDraw = True
90.3852 	EXP 	enc_fx_cross: autoDraw = True
95.4565 	EXP 	enc_fx_map: autoDraw = False
95.4565 	EXP 	enc_fx_cross: autoDraw = False
95.4565 	EXP 	enc_fx_map: autoDraw = False
95.4565 	EXP 	enc_fx_cross: autoDraw = False
95.4565 	EXP 	enc_trial_main_image: pos = array([212.1320344, 212.1320344])
95.4565 	EXP 	enc_trial_main_image: image = 'stimuli/fractals/101a.jpg'
95.4565 	EXP 	enc_trial_map: autoDraw = True
95.4565 	EXP 	enc_trial_main_image: autoDraw = True
98.3900 	EXP 	New trial (rep=0, index=1): OrderedDict([('TrialIndex', 6), ('Jitter', 3000), ('ScannerRun', 1), ('StimType', 'OLP'), ('Order', 2), ('Delay', 0), ('CurrentImage', 'stimuli/fractals/97c.jpg'), ('CurrentX', 212.1320344), ('CurrentY', -212.1320344), ('TripletMemberA', 'stimuli/fractals/97b.jpg'), ('TripletMemberB', 'stimuli/fractals/97c.jpg'), ('TripletMemberC', 'stimuli/fractals/97a.jpg'), ('Xcoordinate', 212.1320344), ('Ycoordinate', -212.1320344), ('Xcoordinate_lure1', 0.0), ('Ycoordinate_lure1', -300.0), ('Xcoordinate_lure2', 300.0), ('Ycoordinate_lure2', 0.0), ('Xcoordinate_foil', -212.1320344), ('Ycoordinate_foil', 212.1320344)])
98.3948 	EXP 	enc_trial_map: autoDraw = False
98.3948 	EXP 	enc_trial_main_image: autoDraw = False
98.3948 	EXP 	enc_fx_cross: pos = array([ 212.1320344, -212.1320344])
98.3948 	EXP 	enc_fx_map: autoDraw = True
98.3948 	EXP 	enc_fx_cross: autoDraw = True
101.4688 	EXP 	enc_fx_map: autoDraw = False
101.4688 	EXP 	enc_fx_cross: autoDraw = False
101.4688 	EXP 	enc_fx_map: autoDraw = False
101.4688 	EXP 	enc_fx_cross: autoDraw = False
101.4688 	EXP 	enc_trial_main_image: pos = array([ 212.1320344, -212.1320344])
101.4688 	EXP 	enc_trial_main_image: image = 'stimuli/fractals/97c.jpg'
101.4688 	EXP 	enc_trial_map: autoDraw = True
101.4688 	EXP 	enc_trial_main_image: autoDraw = True
104.4063 	EXP 	enc_trial_map: autoDraw = False
104.4063 	EXP 	enc_trial_main_image: autoDraw = False
104.4063 	EXP 	end_enc_run_text: text = 'Vége az első feladatnak'
104.4063 	EXP 	end_enc_run_text: autoDraw = True
107.8734 	DATA 	Keypress: right
107.8763 	EXP 	end_enc_run_text: autoDraw = False
107.8763 	EXP 	start_recognition_text: autoDraw = True
109.8778 	EXP 	start_recognition_text: autoDraw = False
109.8778 	EXP 	rec_instructions_1_text: autoDraw = True
126.0344 	DATA 	Keypress: right
126.0367 	EXP 	rec_instructions_1_text: autoDraw = False
126.0367 	EXP 	rec_instructions2_text: autoDraw = True
147.7077 	DATA 	Keypress: right
147.7099 	EXP 	rec_instructions2_text: autoDraw = False
147.7099 	EXP 	rec_instrauction_3_text: autoDraw = True
175.9371 	DATA 	Keypress: right
175.9393 	EXP 	rec_instrauction_3_text: autoDraw = False
175.9393 	EXP 	rec_instructions_4_text: autoDraw = True
180.2344 	DATA 	Keypress: right
180.2444 	EXP 	Imported stimuli_demo.csv as conditions, 10 conditions, 12 params
180.2448 	EXP 	Created sequence: sequential, trialTypes=10, nReps=1, seed=None
180.2455 	EXP 	New trial (rep=0, index=0): OrderedDict([('Task', 'Demo'), ('TrialType', 'OBJ'), ('StimType', 'LURE'), ('CurrentImage', 'stimuli/fractals//181b.jpg'), ('DemoImage', 'stimuli/fractals//181c.jpg'), ('CurrentX', 300.0), ('CurrentY', 0.0), ('DemoX', -300.0), ('DemoY', 0.0), ('InPractice', '-'), ('DemoText', 'Hasonló Képek'), ('Jitter', 2300)])
180.3971 	EXP 	rec_instructions_4_text: autoDraw = False
180.3971 	EXP 	demo_main_image: pos = array([300.,   0.])
180.3971 	EXP 	demo_main_image: image = 'stimuli/fractals//181b.jpg'
180.3971 	EXP 	demo_image: pos = array([-300.,    0.])
180.3971 	EXP 	demo_image: image = 'stimuli/fractals//181c.jpg'
180.3971 	EXP 	demo_text: text = 'Hasonló Képek'
180.3971 	EXP 	demo_map: autoDraw = True
180.3971 	EXP 	demo_main_image: autoDraw = True
180.3971 	EXP 	demo_image: autoDraw = True
180.3971 	EXP 	demo_text: autoDraw = True
181.5681 	DATA 	Keypress: right
183.0468 	DATA 	Keypress: right
183.0501 	EXP 	New trial (rep=0, index=1): OrderedDict([('Task', 'Demo'), ('TrialType', 'OBJ'), ('StimType', 'LURE'), ('CurrentImage', 'stimuli/fractals//149a.jpg'), ('DemoImage', 'stimuli/fractals//149b.jpg'), ('CurrentX', 300.0), ('CurrentY', 0.0), ('DemoX', -300.0), ('DemoY', 0.0), ('InPractice', '-'), ('DemoText', 'Hasonló Képek'), ('Jitter', 1000)])
183.1917 	EXP 	demo_map: autoDraw = False
183.1917 	EXP 	demo_main_image: autoDraw = False
183.1917 	EXP 	demo_image: autoDraw = False
183.1917 	EXP 	demo_text: autoDraw = False
183.1917 	EXP 	demo_main_image: pos = array([300.,   0.])
183.1917 	EXP 	demo_main_image: image = 'stimuli/fractals//149a.jpg'
183.1917 	EXP 	demo_image: pos = array([-300.,    0.])
183.1917 	EXP 	demo_image: image = 'stimuli/fractals//149b.jpg'
183.1917 	EXP 	demo_text: text = 'Hasonló Képek'
183.1917 	EXP 	demo_map: autoDraw = True
183.1917 	EXP 	demo_main_image: autoDraw = True
183.1917 	EXP 	demo_image: autoDraw = True
183.1917 	EXP 	demo_text: autoDraw = True
184.3813 	DATA 	Keypress: right
187.0411 	DATA 	Keypress: right
187.0431 	EXP 	New trial (rep=0, index=2): OrderedDict([('Task', 'Demo'), ('TrialType', 'OBJ'), ('StimType', 'LURE'), ('CurrentImage', 'stimuli/fractals//177b.jpg'), ('DemoImage', 'stimuli/fractals//177c.jpg'), ('CurrentX', 300.0), ('CurrentY', 0.0), ('DemoX', -300.0), ('DemoY', 0.0), ('InPractice', '-'), ('DemoText', 'Hasonló Képek'), ('Jitter', 800)])
187.1952 	EXP 	demo_map: autoDraw = False
187.1952 	EXP 	demo_main_image: autoDraw = False
187.1952 	EXP 	demo_image: autoDraw = False
187.1952 	EXP 	demo_text: autoDraw = False
187.1952 	EXP 	demo_main_image: pos = array([300.,   0.])
187.1952 	EXP 	demo_main_image: image = 'stimuli/fractals//177b.jpg'
187.1952 	EXP 	demo_image: pos = array([-300.,    0.])
187.1952 	EXP 	demo_image: image = 'stimuli/fractals//177c.jpg'
187.1952 	EXP 	demo_text: text = 'Hasonló Képek'
187.1952 	EXP 	demo_map: autoDraw = True
187.1952 	EXP 	demo_main_image: autoDraw = True
187.1952 	EXP 	demo_image: autoDraw = True
187.1952 	EXP 	demo_text: autoDraw = True
188.9200 	DATA 	Keypress: right
190.8028 	DATA 	Keypress: right
190.8048 	EXP 	New trial (rep=0, index=3): OrderedDict([('Task', 'Demo'), ('TrialType', 'OBJ'), ('StimType', 'LURE'), ('CurrentImage', 'stimuli/fractals//167a.jpg'), ('DemoImage', 'stimuli/fractals//167b.jpg'), ('CurrentX', 300.0), ('CurrentY', 0.0), ('DemoX', -300.0), ('DemoY', 0.0), ('InPractice', 'OBJ-TARGET'), ('DemoText', 'Hasonló Képek'), ('Jitter', 1500)])
190.9394 	EXP 	demo_map: autoDraw = False
190.9394 	EXP 	demo_main_image: autoDraw = False
190.9394 	EXP 	demo_image: autoDraw = False
190.9394 	EXP 	demo_text: autoDraw = False
190.9394 	EXP 	demo_main_image: pos = array([300.,   0.])
190.9394 	EXP 	demo_main_image: image = 'stimuli/fractals//167a.jpg'
190.9394 	EXP 	demo_image: pos = array([-300.,    0.])
190.9394 	EXP 	demo_image: image = 'stimuli/fractals//167b.jpg'
190.9394 	EXP 	demo_text: text = 'Hasonló Képek'
190.9394 	EXP 	demo_map: autoDraw = True
190.9394 	EXP 	demo_main_image: autoDraw = True
190.9394 	EXP 	demo_image: autoDraw = True
190.9394 	EXP 	demo_text: autoDraw = True
193.0686 	DATA 	Keypress: right
193.0708 	EXP 	New trial (rep=0, index=4): OrderedDict([('Task', 'Demo'), ('TrialType', 'OBJ'), ('StimType', 'FOIL'), ('CurrentImage', 'stimuli/fractals//163a.jpg'), ('DemoImage', 'stimuli/fractals//173c.jpg'), ('CurrentX', 300.0), ('CurrentY', 0.0), ('DemoX', -300.0), ('DemoY', 0.0), ('InPractice', '-'), ('DemoText', 'Új Képek'), ('Jitter', 600)])
193.2132 	EXP 	demo_map: autoDraw = False
193.2132 	EXP 	demo_main_image: autoDraw = False
193.2132 	EXP 	demo_image: autoDraw = False
193.2132 	EXP 	demo_text: autoDraw = False
193.2132 	EXP 	demo_main_image: pos = array([300.,   0.])
193.2132 	EXP 	demo_main_image: image = 'stimuli/fractals//163a.jpg'
193.2132 	EXP 	demo_image: pos = array([-300.,    0.])
193.2132 	EXP 	demo_image: image = 'stimuli/fractals//173c.jpg'
193.2132 	EXP 	demo_text: text = 'Új Képek'
193.2132 	EXP 	demo_map: autoDraw = True
193.2132 	EXP 	demo_main_image: autoDraw = True
193.2132 	EXP 	demo_image: autoDraw = True
193.2132 	EXP 	demo_text: autoDraw = True
194.3277 	DATA 	Keypress: right
195.6027 	DATA 	Keypress: right
195.6050 	EXP 	New trial (rep=0, index=5): OrderedDict([('Task', 'Demo'), ('TrialType', 'LOC'), ('StimType', 'LURE'), ('CurrentImage', 'stimuli/fractals//166a.jpg'), ('DemoImage', 'stimuli/fractals//166a.jpg'), ('CurrentX', -300.0), ('CurrentY', 0.0), ('DemoX', -212.1320344), ('DemoY', -212.1320344), ('InPractice', 'LOC-TARGET, OBJ-LURE'), ('DemoText', 'Hasonló Helyek'), ('Jitter', 800)])
195.7443 	EXP 	demo_map: autoDraw = False
195.7443 	EXP 	demo_main_image: autoDraw = False
195.7443 	EXP 	demo_image: autoDraw = False
195.7443 	EXP 	demo_text: autoDraw = False
195.7443 	EXP 	demo_main_image: pos = array([-300.,    0.])
195.7443 	EXP 	demo_main_image: image = 'stimuli/fractals//166a.jpg'
195.7443 	EXP 	demo_image: pos = array([-212.1320344, -212.1320344])
195.7443 	EXP 	demo_image: image = 'stimuli/fractals//166a.jpg'
195.7443 	EXP 	demo_text: text = 'Hasonló Helyek'
195.7443 	EXP 	demo_map: autoDraw = True
195.7443 	EXP 	demo_main_image: autoDraw = True
195.7443 	EXP 	demo_image: autoDraw = True
195.7443 	EXP 	demo_text: autoDraw = True
197.3389 	DATA 	Keypress: right
198.3637 	DATA 	Keypress: right
198.3657 	EXP 	New trial (rep=0, index=6): OrderedDict([('Task', 'Demo'), ('TrialType', 'LOC'), ('StimType', 'LURE'), ('CurrentImage', 'stimuli/fractals//159a.jpg'), ('DemoImage', 'stimuli/fractals//159a.jpg'), ('CurrentX', 0.0), ('CurrentY', 300.0), ('DemoX', -212.1320344), ('DemoY', 212.1320344), ('InPractice', 'LOC-LURE'), ('DemoText', 'Hasonló Helyek'), ('Jitter', 1500)])
198.5123 	EXP 	demo_map: autoDraw = False
198.5123 	EXP 	demo_main_image: autoDraw = False
198.5123 	EXP 	demo_image: autoDraw = False
198.5123 	EXP 	demo_text: autoDraw = False
198.5123 	EXP 	demo_main_image: pos = array([  0., 300.])
198.5123 	EXP 	demo_main_image: image = 'stimuli/fractals//159a.jpg'
198.5123 	EXP 	demo_image: pos = array([-212.1320344,  212.1320344])
198.5123 	EXP 	demo_image: image = 'stimuli/fractals//159a.jpg'
198.5123 	EXP 	demo_text: text = 'Hasonló Helyek'
198.5123 	EXP 	demo_map: autoDraw = True
198.5123 	EXP 	demo_main_image: autoDraw = True
198.5123 	EXP 	demo_image: autoDraw = True
198.5123 	EXP 	demo_text: autoDraw = True
199.1748 	DATA 	Keypress: right
200.2899 	DATA 	Keypress: right
201.9153 	DATA 	Keypress: right
201.9173 	EXP 	New trial (rep=0, index=7): OrderedDict([('Task', 'Demo'), ('TrialType', 'LOC'), ('StimType', 'LURE'), ('CurrentImage', 'stimuli/fractals//148b.jpg'), ('DemoImage', 'stimuli/fractals//148b.jpg'), ('CurrentX', 212.1320344), ('CurrentY', 212.1320344), ('DemoX', 0.0), ('DemoY', 300.0), ('InPractice', 'LOC-FOIL'), ('DemoText', 'Hasonló Helyek'), ('Jitter', 800)])
202.0494 	EXP 	demo_map: autoDraw = False
202.0494 	EXP 	demo_main_image: autoDraw = False
202.0494 	EXP 	demo_image: autoDraw = False
202.0494 	EXP 	demo_text: autoDraw = False
202.0494 	EXP 	demo_main_image: pos = array([212.1320344, 212.1320344])
202.0494 	EXP 	demo_main_image: image = 'stimuli/fractals//148b.jpg'
202.0494 	EXP 	demo_image: pos = array([  0., 300.])
202.0494 	EXP 	demo_image: image = 'stimuli/fractals//148b.jpg'
202.0494 	EXP 	demo_text: text = 'Hasonló Helyek'
202.0494 	EXP 	demo_map: autoDraw = True
202.0494 	EXP 	demo_main_image: autoDraw = True
202.0494 	EXP 	demo_image: autoDraw = True
202.0494 	EXP 	demo_text: autoDraw = True
202.7713 	DATA 	Keypress: right
203.7027 	DATA 	Keypress: right
204.1003 	DATA 	Keypress: right
204.1023 	EXP 	New trial (rep=0, index=8): OrderedDict([('Task', 'Demo'), ('TrialType', 'LOC'), ('StimType', 'FOIL'), ('CurrentImage', 'stimuli/fractals//177b.jpg'), ('DemoImage', 'stimuli/fractals//177b.jpg'), ('CurrentX', 300.0), ('CurrentY', 0.0), ('DemoX', -212.1320344), ('DemoY', 212.1320344), ('InPractice', 'OBJ-LURE'), ('DemoText', 'Új Helyek'), ('Jitter', 800)])
204.2533 	EXP 	demo_map: autoDraw = False
204.2533 	EXP 	demo_main_image: autoDraw = False
204.2533 	EXP 	demo_image: autoDraw = False
204.2533 	EXP 	demo_text: autoDraw = False
204.2533 	EXP 	demo_main_image: pos = array([300.,   0.])
204.2533 	EXP 	demo_main_image: image = 'stimuli/fractals//177b.jpg'
204.2533 	EXP 	demo_image: pos = array([-212.1320344,  212.1320344])
204.2533 	EXP 	demo_image: image = 'stimuli/fractals//177b.jpg'
204.2533 	EXP 	demo_text: text = 'Új Helyek'
204.2533 	EXP 	demo_map: autoDraw = True
204.2533 	EXP 	demo_main_image: autoDraw = True
204.2533 	EXP 	demo_image: autoDraw = True
204.2533 	EXP 	demo_text: autoDraw = True
205.6105 	DATA 	Keypress: right
206.3355 	DATA 	Keypress: right
206.3416 	EXP 	New trial (rep=0, index=9): OrderedDict([('Task', 'Demo'), ('TrialType', 'LOC'), ('StimType', 'FOIL'), ('CurrentImage', 'stimuli/fractals//177b.jpg'), ('DemoImage', 'stimuli/fractals//177b.jpg'), ('CurrentX', 300.0), ('CurrentY', 0.0), ('DemoX', -300.0), ('DemoY', 0.0), ('InPractice', 'OBJ-LURE'), ('DemoText', 'Új Helyek'), ('Jitter', 1200)])
206.4907 	EXP 	demo_map: autoDraw = False
206.4907 	EXP 	demo_main_image: autoDraw = False
206.4907 	EXP 	demo_image: autoDraw = False
206.4907 	EXP 	demo_text: autoDraw = False
206.4907 	EXP 	demo_main_image: pos = array([300.,   0.])
206.4907 	EXP 	demo_main_image: image = 'stimuli/fractals//177b.jpg'
206.4907 	EXP 	demo_image: pos = array([-300.,    0.])
206.4907 	EXP 	demo_image: image = 'stimuli/fractals//177b.jpg'
206.4907 	EXP 	demo_text: text = 'Új Helyek'
206.4907 	EXP 	demo_map: autoDraw = True
206.4907 	EXP 	demo_main_image: autoDraw = True
206.4907 	EXP 	demo_image: autoDraw = True
206.4907 	EXP 	demo_text: autoDraw = True
207.0459 	DATA 	Keypress: right
207.6366 	DATA 	Keypress: right
209.6815 	DATA 	Keypress: right
209.6901 	EXP 	demo_map: autoDraw = False
209.6901 	EXP 	demo_main_image: autoDraw = False
209.6901 	EXP 	demo_image: autoDraw = False
209.6901 	EXP 	demo_text: autoDraw = False
209.6901 	EXP 	demo_end_text: autoDraw = True
213.0278 	DATA 	Keypress: right
213.5839 	DATA 	Keypress: right
215.6957 	DATA 	Keypress: right
215.6975 	EXP 	demo_end_text: autoDraw = False
215.6975 	EXP 	start_practice_text: autoDraw = True
216.6968 	EXP 	Created sequence: sequential, trialTypes=1, nReps=2, seed=None
216.6971 	EXP 	New trial (rep=0, index=0): None
216.7033 	EXP 	start_practice_text: autoDraw = False
216.7033 	EXP 	start_practice_text: autoDraw = False
216.7033 	EXP 	rec_practice_block_text: text = 'Kép'
216.7033 	EXP 	rec_practice_block_text: autoDraw = True
217.7114 	EXP 	Imported recognition_practice_trials.csv as conditions, 3 conditions, 10 params
217.7117 	EXP 	Created sequence: sequential, trialTypes=3, nReps=1, seed=None
217.7124 	EXP 	New trial (rep=0, index=0): OrderedDict([('Task', 'RecognitionPractice'), ('TrialIndex', 1), ('BlockNr', 1), ('TrialType', 'OBJ'), ('StimType', 'FOIL'), ('CurrentImage', 'stimuli/fractals/156b.jpg'), ('CurrentX', 212.1320344), ('CurrentY', 212.1320344), ('Jitter', 0.6), ('Filler', 0)])
217.7531 	EXP 	window1: mouseVisible = True
