0.4066 	WARNING 	We strongly recommend you activate the PTB sound engine in PsychoPy prefs as the preferred audio engine. Its timing is vastly superior. Your prefs are currently set to use ['sounddevice', 'PTB', 'pyo', 'pygame'] (in that order).
1.0263 	WARNING 	Import Error: No module named 'psychtoolbox'. Using event module for keyboard component.
6.1608 	WARNING 	Monitor specification not found. Creating a temporary one...
6.5231 	EXP 	Created window1 = Window(allowGUI=False, allowStencil=False, args=UNKNOWN, autoLog=True, bitsMode=UNKNOWN, blendMode='avg', bpc=(8, 8, 8), color=array([0.804, 0.804, 0.961]), colorSpace='rgb', depthBits=8, fullscr=<method-wrapper '__getattribute__' of attributeSetter object at 0x7f5970a03ef0>, gamma=None, gammaErrorPolicy='raise', kwargs=UNKNOWN, lms=UNKNOWN, monitor=<psychopy.monitors.calibTools.Monitor object at 0x7f59709e9160>, multiSample=False, name='window1', numSamples=2, pos=[0.0, 0.0], screen=0, size=array([1920, 1080]), stencilBits=0, stereo=False, units='height', useFBO=True, useRetina=False, viewOri=0.0, viewPos=None, viewScale=None, waitBlanking=True, winType='pyglet')
6.5232 	EXP 	window1: recordFrameIntervals = False
6.5329 	EXP 	window1: recordFrameIntervals = True
6.5375 	WARNING 	t of last frame was 1.57ms (=1/636)
6.5448 	EXP 	window1: recordFrameIntervals = False
6.6055 	EXP 	Created lab_thanks = TextStim(__class__=<class 'psychopy.visual.text.TextStim'>, alignHoriz=method-wrapper(...), alignText='center', alignVert=method-wrapper(...), anchorHoriz='center', anchorVert='center', antialias=True, autoLog=True, bold=False, color='black', colorSpace='named', contrast=1.0, depth=0.0, flipHoriz=False, flipVert=False, font='Arial', fontFiles=[], height=0.05, italic=False, languageStyle='LTR', name='lab_thanks', opacity=1.0, ori=0, pos=array([0., 0.]), rgb=array([0., 0., 0.]), text=str(...), units='height', win=Window(...), wrapWidth=1)
6.6134 	EXP 	Created start_encoding_text = TextStim(__class__=<class 'psychopy.visual.text.TextStim'>, alignHoriz=method-wrapper(...), alignText='center', alignVert=method-wrapper(...), anchorHoriz='center', anchorVert='center', antialias=True, autoLog=True, bold=False, color='black', colorSpace='named', contrast=1.0, depth=0.0, flipHoriz=False, flipVert=False, font='Arial', fontFiles=[], height=0.1, italic=False, languageStyle='LTR', name='start_encoding_text', opacity=1.0, ori=0, pos=array([0., 0.]), rgb=array([0., 0., 0.]), text='default text', units='height', win=Window(...), wrapWidth=1)
6.6396 	EXP 	Created enc_instructions_1_text = TextStim(__class__=<class 'psychopy.visual.text.TextStim'>, alignHoriz=method-wrapper(...), alignText='center', alignVert=method-wrapper(...), anchorHoriz='center', anchorVert='center', antialias=True, autoLog=True, bold=False, color='black', colorSpace='named', contrast=1.0, depth=0.0, flipHoriz=False, flipVert=False, font='Arial', fontFiles=[], height=0.04, italic=False, languageStyle='LTR', name='enc_instructions_1_text', opacity=1.0, ori=0, pos=array([-0.4,  0. ]), rgb=array([0., 0., 0.]), text=str(...), units='height', win=Window(...), wrapWidth=0.9)
6.6948 	EXP 	Created enc_instructions_1_image = ImageStim(__class__=<class 'psychopy.visual.image.ImageStim'>, autoLog=True, color=array([1., 1., 1.]), colorSpace='rgb', contrast=1.0, depth=-1.0, flipHoriz=False, flipVert=False, image='stimuli/GalleryBuildingFromOutside.jpg', interpolate=True, mask=None, maskParams=None, name='enc_instructions_1_image', opacity=1.0, ori=0.0, pos=array([450.,   0.]), size=array([600., 450.]), texRes=128, units='pix', win=Window(...))
6.7099 	EXP 	Created enc_instructions_2_text = TextStim(__class__=<class 'psychopy.visual.text.TextStim'>, alignHoriz=method-wrapper(...), alignText='center', alignVert=method-wrapper(...), anchorHoriz='center', anchorVert='center', antialias=True, autoLog=True, bold=False, color='black', colorSpace='named', contrast=1.0, depth=0.0, flipHoriz=False, flipVert=False, font='Arial', fontFiles=[], height=0.04, italic=False, languageStyle='LTR', name='enc_instructions_2_text', opacity=1.0, ori=0, pos=array([-0.5,  0. ]), rgb=array([0., 0., 0.]), text=str(...), units='height', win=Window(...), wrapWidth=0.7)
6.7381 	EXP 	Created enc_instructions_2_image = ImageStim(__class__=<class 'psychopy.visual.image.ImageStim'>, autoLog=True, color=array([1., 1., 1.]), colorSpace='rgb', contrast=1.0, depth=-1.0, flipHoriz=False, flipVert=False, image='stimuli/GalleryInfo.jpg', interpolate=True, mask=None, maskParams=None, name='enc_instructions_2_image', opacity=1.0, ori=0.0, pos=array([425.,   0.]), size=array([1000.,  750.]), texRes=128, units='pix', win=Window(...))
6.7530 	EXP 	Created enc_instructions_3_text = TextStim(__class__=<class 'psychopy.visual.text.TextStim'>, alignHoriz=method-wrapper(...), alignText='center', alignVert=method-wrapper(...), anchorHoriz='center', anchorVert='center', antialias=True, autoLog=True, bold=False, color='black', colorSpace='named', contrast=1.0, depth=0.0, flipHoriz=False, flipVert=False, font='Arial', fontFiles=[], height=0.05, italic=False, languageStyle='LTR', name='enc_instructions_3_text', opacity=1.0, ori=0, pos=array([0., 0.]), rgb=array([0., 0., 0.]), text=str(...), units='height', win=Window(...), wrapWidth=1)
6.7613 	EXP 	Created start_practice_text = TextStim(__class__=<class 'psychopy.visual.text.TextStim'>, alignHoriz=method-wrapper(...), alignText='center', alignVert=method-wrapper(...), anchorHoriz='center', anchorVert='center', antialias=True, autoLog=True, bold=False, color='black', colorSpace='named', contrast=1.0, depth=0.0, flipHoriz=False, flipVert=False, font='Arial', fontFiles=[], height=0.1, italic=False, languageStyle='LTR', name='start_practice_text', opacity=1.0, ori=0, pos=array([0., 0.]), rgb=array([0., 0., 0.]), text='Kezdődik a gyakorlás...', units='height', win=Window(...), wrapWidth=1)
6.7783 	EXP 	Created enc_fx_map = ImageStim(__class__=<class 'psychopy.visual.image.ImageStim'>, autoLog=True, color=array([1., 1., 1.]), colorSpace='rgb', contrast=1.0, depth=0.0, flipHoriz=False, flipVert=False, image='stimuli/GalleryPlanInside.jpg', interpolate=True, mask=None, maskParams=None, name='enc_fx_map', opacity=1.0, ori=0.0, pos=array([  0., -25.]), size=array([1040., 1000.]), texRes=128, units='pix', win=Window(...))
6.7847 	EXP 	Created enc_fx_cross = TextStim(__class__=<class 'psychopy.visual.text.TextStim'>, alignHoriz=method-wrapper(...), alignText='center', alignVert=method-wrapper(...), anchorHoriz='center', anchorVert='center', antialias=True, autoLog=True, bold=False, color='black', colorSpace='named', contrast=1.0, depth=-1.0, flipHoriz=False, flipVert=False, font='Arial', fontFiles=[], height=50, italic=False, languageStyle='LTR', name='enc_fx_cross', opacity=1.0, ori=0, pos=array([0., 0.]), rgb=array([0., 0., 0.]), text='+', units='pix', win=Window(...), wrapWidth=500)
6.8002 	EXP 	Created enc_trial_map = ImageStim(__class__=<class 'psychopy.visual.image.ImageStim'>, autoLog=True, color=array([1., 1., 1.]), colorSpace='rgb', contrast=1.0, depth=0.0, flipHoriz=False, flipVert=False, image='stimuli/GalleryPlanInside.jpg', interpolate=True, mask=None, maskParams=None, name='enc_trial_map', opacity=1.0, ori=0.0, pos=array([  0., -25.]), size=array([1040., 1000.]), texRes=128, units='pix', win=Window(...))
6.8028 	EXP 	Created enc_trial_main_image = ImageStim(__class__=<class 'psychopy.visual.image.ImageStim'>, autoLog=True, color=array([1., 1., 1.]), colorSpace='rgb', contrast=1.0, depth=-1.0, flipHoriz=False, flipVert=False, image='sin', interpolate=True, mask=None, maskParams=None, name='enc_trial_main_image', opacity=1.0, ori=0.0, pos=array([0., 0.]), size=array([300., 300.]), texRes=128, units='pix', win=Window(...))
6.8186 	EXP 	Created enc_practice_feedback_map = ImageStim(__class__=<class 'psychopy.visual.image.ImageStim'>, autoLog=True, color=array([1., 1., 1.]), colorSpace='rgb', contrast=1.0, depth=-1.0, flipHoriz=False, flipVert=False, image='stimuli/GalleryPlanInside.jpg', interpolate=True, mask=None, maskParams=None, name='enc_practice_feedback_map', opacity=1.0, ori=0.0, pos=array([  0., -25.]), size=array([1040., 1000.]), texRes=128, units='pix', win=Window(...))
6.8202 	EXP 	Created enc_practice_feedback_image = ImageStim(__class__=<class 'psychopy.visual.image.ImageStim'>, autoLog=True, color=array([1., 1., 1.]), colorSpace='rgb', contrast=1.0, depth=-2.0, flipHoriz=False, flipVert=False, image='sin', interpolate=True, mask=None, maskParams=None, name='enc_practice_feedback_image', opacity=1.0, ori=0.0, pos=array([0., 0.]), size=array([300., 300.]), texRes=128, units='pix', win=Window(...))
6.8244 	EXP 	Created enc_practice_feedback_text = TextStim(__class__=<class 'psychopy.visual.text.TextStim'>, alignHoriz=method-wrapper(...), alignText='center', alignVert=method-wrapper(...), anchorHoriz='center', anchorVert='center', antialias=True, autoLog=True, bold=False, color='black', colorSpace='named', contrast=1.0, depth=-3.0, flipHoriz=False, flipVert=False, font='Arial', fontFiles=[], height=0.05, italic=False, languageStyle='LTR', name='enc_practice_feedback_text', opacity=1.0, ori=0, pos=array([0., 0.]), rgb=array([0., 0., 0.]), text='default text', units='height', win=Window(...), wrapWidth=1)
6.8407 	EXP 	Created end_practice_text = TextStim(__class__=<class 'psychopy.visual.text.TextStim'>, alignHoriz=method-wrapper(...), alignText='center', alignVert=method-wrapper(...), anchorHoriz='center', anchorVert='center', antialias=True, autoLog=True, bold=False, color='black', colorSpace='named', contrast=1.0, depth=0.0, flipHoriz=False, flipVert=False, font='Arial', fontFiles=[], height=0.05, italic=False, languageStyle='LTR', name='end_practice_text', opacity=1.0, ori=0, pos=array([0., 0.]), rgb=array([0., 0., 0.]), text=str(...), units='height', win=Window(...), wrapWidth=0.8)
6.8450 	EXP 	Created start_enc_run_text = TextStim(__class__=<class 'psychopy.visual.text.TextStim'>, alignHoriz=method-wrapper(...), alignText='center', alignVert=method-wrapper(...), anchorHoriz='center', anchorVert='center', antialias=True, autoLog=True, bold=False, color='black', colorSpace='named', contrast=1.0, depth=-2.0, flipHoriz=False, flipVert=False, font='Arial', fontFiles=[], height=0.1, italic=False, languageStyle='LTR', name='start_enc_run_text', opacity=1.0, ori=0, pos=array([0., 0.]), rgb=array([0., 0., 0.]), text='Kezdődik a feladat...', units='height', win=Window(...), wrapWidth=1)
6.8626 	EXP 	Created enc_fx_map = ImageStim(__class__=<class 'psychopy.visual.image.ImageStim'>, autoLog=True, color=array([1., 1., 1.]), colorSpace='rgb', contrast=1.0, depth=0.0, flipHoriz=False, flipVert=False, image='stimuli/GalleryPlanInside.jpg', interpolate=True, mask=None, maskParams=None, name='enc_fx_map', opacity=1.0, ori=0.0, pos=array([  0., -25.]), size=array([1040., 1000.]), texRes=128, units='pix', win=Window(...))
6.8639 	EXP 	Created enc_fx_cross = TextStim(__class__=<class 'psychopy.visual.text.TextStim'>, alignHoriz=method-wrapper(...), alignText='center', alignVert=method-wrapper(...), anchorHoriz='center', anchorVert='center', antialias=True, autoLog=True, bold=False, color='black', colorSpace='named', contrast=1.0, depth=-1.0, flipHoriz=False, flipVert=False, font='Arial', fontFiles=[], height=50, italic=False, languageStyle='LTR', name='enc_fx_cross', opacity=1.0, ori=0, pos=array([0., 0.]), rgb=array([0., 0., 0.]), text='+', units='pix', win=Window(...), wrapWidth=500)
6.8803 	EXP 	Created enc_trial_map = ImageStim(__class__=<class 'psychopy.visual.image.ImageStim'>, autoLog=True, color=array([1., 1., 1.]), colorSpace='rgb', contrast=1.0, depth=0.0, flipHoriz=False, flipVert=False, image='stimuli/GalleryPlanInside.jpg', interpolate=True, mask=None, maskParams=None, name='enc_trial_map', opacity=1.0, ori=0.0, pos=array([  0., -25.]), size=array([1040., 1000.]), texRes=128, units='pix', win=Window(...))
6.8818 	EXP 	Created enc_trial_main_image = ImageStim(__class__=<class 'psychopy.visual.image.ImageStim'>, autoLog=True, color=array([1., 1., 1.]), colorSpace='rgb', contrast=1.0, depth=-1.0, flipHoriz=False, flipVert=False, image='sin', interpolate=True, mask=None, maskParams=None, name='enc_trial_main_image', opacity=1.0, ori=0.0, pos=array([0., 0.]), size=array([300., 300.]), texRes=128, units='pix', win=Window(...))
6.8901 	EXP 	Created end_enc_run_text = TextStim(__class__=<class 'psychopy.visual.text.TextStim'>, alignHoriz=method-wrapper(...), alignText='center', alignVert=method-wrapper(...), anchorHoriz='center', anchorVert='center', antialias=True, autoLog=True, bold=False, color='black', colorSpace='named', contrast=1.0, depth=0.0, flipHoriz=False, flipVert=False, font='Arial', fontFiles=[], height=0.06, italic=False, languageStyle='LTR', name='end_enc_run_text', opacity=1.0, ori=0, pos=array([0., 0.]), rgb=array([0., 0., 0.]), text='default text', units='height', win=Window(...), wrapWidth=1)
6.8993 	EXP 	Created start_recognition_text = TextStim(__class__=<class 'psychopy.visual.text.TextStim'>, alignHoriz=method-wrapper(...), alignText='center', alignVert=method-wrapper(...), anchorHoriz='center', anchorVert='center', antialias=True, autoLog=True, bold=False, color='black', colorSpace='named', contrast=1.0, depth=-2.0, flipHoriz=False, flipVert=False, font='Arial', fontFiles=[], height=0.1, italic=False, languageStyle='LTR', name='start_recognition_text', opacity=1.0, ori=0, pos=array([0., 0.]), rgb=array([0., 0., 0.]), text='Második feladat\nKépfelismerés', units='height', win=Window(...), wrapWidth=1)
6.9170 	EXP 	Created rec_instructions_1_text = TextStim(__class__=<class 'psychopy.visual.text.TextStim'>, alignHoriz=method-wrapper(...), alignText='center', alignVert=method-wrapper(...), anchorHoriz='center', anchorVert='center', antialias=True, autoLog=True, bold=False, color='black', colorSpace='named', contrast=1.0, depth=0.0, flipHoriz=False, flipVert=False, font='Arial', fontFiles=[], height=0.05, italic=False, languageStyle='LTR', name='rec_instructions_1_text', opacity=1.0, ori=0, pos=array([0., 0.]), rgb=array([0., 0., 0.]), text=str(...), units='height', win=Window(...), wrapWidth=1)
6.9473 	EXP 	Created rec_instructions2_text = TextStim(__class__=<class 'psychopy.visual.text.TextStim'>, alignHoriz=method-wrapper(...), alignText='center', alignVert=method-wrapper(...), anchorHoriz='center', anchorVert='center', antialias=True, autoLog=True, bold=False, color='black', colorSpace='named', contrast=1.0, depth=0.0, flipHoriz=False, flipVert=False, font='Arial', fontFiles=[], height=0.03, italic=False, languageStyle='LTR', name='rec_instructions2_text', opacity=1.0, ori=0, pos=array([0., 0.]), rgb=array([0., 0., 0.]), text=str(...), units='height', win=Window(...), wrapWidth=1)
6.9742 	EXP 	Created rec_instrauction_3_text = TextStim(__class__=<class 'psychopy.visual.text.TextStim'>, alignHoriz=method-wrapper(...), alignText='center', alignVert=method-wrapper(...), anchorHoriz='center', anchorVert='center', antialias=True, autoLog=True, bold=False, color='black', colorSpace='named', contrast=1.0, depth=0.0, flipHoriz=False, flipVert=False, font='Arial', fontFiles=[], height=0.03, italic=False, languageStyle='LTR', name='rec_instrauction_3_text', opacity=1.0, ori=0, pos=array([0., 0.]), rgb=array([0., 0., 0.]), text=str(...), units='height', win=Window(...), wrapWidth=1)
6.9798 	EXP 	Created rec_instructions_4_text = TextStim(__class__=<class 'psychopy.visual.text.TextStim'>, alignHoriz=method-wrapper(...), alignText='center', alignVert=method-wrapper(...), anchorHoriz='center', anchorVert='center', antialias=True, autoLog=True, bold=False, color='black', colorSpace='named', contrast=1.0, depth=0.0, flipHoriz=False, flipVert=False, font='Arial', fontFiles=[], height=0.05, italic=False, languageStyle='LTR', name='rec_instructions_4_text', opacity=1.0, ori=0, pos=array([0., 0.]), rgb=array([0., 0., 0.]), text=str(...), units='height', win=Window(...), wrapWidth=1)
6.9983 	EXP 	Created demo_map = ImageStim(__class__=<class 'psychopy.visual.image.ImageStim'>, autoLog=True, color=array([1., 1., 1.]), colorSpace='rgb', contrast=1.0, depth=0.0, flipHoriz=False, flipVert=False, image='stimuli/GalleryPlanInside.jpg', interpolate=True, mask=None, maskParams=None, name='demo_map', opacity=1.0, ori=0.0, pos=array([  0., -25.]), size=array([1040., 1000.]), texRes=128, units='pix', win=Window(...))
6.9997 	EXP 	Created demo_main_image = ImageStim(__class__=<class 'psychopy.visual.image.ImageStim'>, autoLog=True, color=array([1., 1., 1.]), colorSpace='rgb', contrast=1.0, depth=-1.0, flipHoriz=False, flipVert=False, image='sin', interpolate=True, mask=None, maskParams=None, name='demo_main_image', opacity=1.0, ori=0.0, pos=array([0., 0.]), size=array([300., 300.]), texRes=128, units='pix', win=Window(...))
7.0011 	EXP 	Created demo_image = ImageStim(__class__=<class 'psychopy.visual.image.ImageStim'>, autoLog=True, color=array([1., 1., 1.]), colorSpace='rgb', contrast=1.0, depth=-2.0, flipHoriz=False, flipVert=False, image='sin', interpolate=True, mask=None, maskParams=None, name='demo_image', opacity=1.0, ori=0.0, pos=array([0., 0.]), size=array([300., 300.]), texRes=128, units='pix', win=Window(...))
7.0041 	EXP 	Created demo_text = TextStim(__class__=<class 'psychopy.visual.text.TextStim'>, alignHoriz=method-wrapper(...), alignText='center', alignVert=method-wrapper(...), anchorHoriz='center', anchorVert='center', antialias=True, autoLog=True, bold=False, color='black', colorSpace='named', contrast=1.0, depth=-3.0, flipHoriz=False, flipVert=False, font='Arial', fontFiles=[], height=0.05, italic=False, languageStyle='LTR', name='demo_text', opacity=1.0, ori=0, pos=array([0.  , 0.45]), rgb=array([0., 0., 0.]), text='default text', units='height', win=Window(...), wrapWidth=1)
7.0088 	EXP 	Created demo_end_text = TextStim(__class__=<class 'psychopy.visual.text.TextStim'>, alignHoriz=method-wrapper(...), alignText='center', alignVert=method-wrapper(...), anchorHoriz='center', anchorVert='center', antialias=True, autoLog=True, bold=False, color='black', colorSpace='named', contrast=1.0, depth=0.0, flipHoriz=False, flipVert=False, font='Arial', fontFiles=[], height=0.05, italic=False, languageStyle='LTR', name='demo_end_text', opacity=1.0, ori=0, pos=array([0., 0.]), rgb=array([0., 0., 0.]), text=str(...), units='height', win=Window(...), wrapWidth=1)
7.0134 	EXP 	Created start_practice_text = TextStim(__class__=<class 'psychopy.visual.text.TextStim'>, alignHoriz=method-wrapper(...), alignText='center', alignVert=method-wrapper(...), anchorHoriz='center', anchorVert='center', antialias=True, autoLog=True, bold=False, color='black', colorSpace='named', contrast=1.0, depth=0.0, flipHoriz=False, flipVert=False, font='Arial', fontFiles=[], height=0.1, italic=False, languageStyle='LTR', name='start_practice_text', opacity=1.0, ori=0, pos=array([0., 0.]), rgb=array([0., 0., 0.]), text='Kezdődik a gyakorlás...', units='height', win=Window(...), wrapWidth=1)
7.0164 	EXP 	Created rec_practice_block_text = TextStim(__class__=<class 'psychopy.visual.text.TextStim'>, alignHoriz=method-wrapper(...), alignText='center', alignVert=method-wrapper(...), anchorHoriz='center', anchorVert='center', antialias=True, autoLog=True, bold=False, color='black', colorSpace='named', contrast=1.0, depth=-1.0, flipHoriz=False, flipVert=False, font='Arial', fontFiles=[], height=0.1, italic=False, languageStyle='LTR', name='rec_practice_block_text', opacity=1.0, ori=0, pos=array([0., 0.]), rgb=array([0., 0., 0.]), text='default text', units='height', win=Window(...), wrapWidth=1)
7.0321 	EXP 	Created rec_fx_map = ImageStim(__class__=<class 'psychopy.visual.image.ImageStim'>, autoLog=True, color=array([1., 1., 1.]), colorSpace='rgb', contrast=1.0, depth=0.0, flipHoriz=False, flipVert=False, image='stimuli/GalleryPlanInside.jpg', interpolate=True, mask=None, maskParams=None, name='rec_fx_map', opacity=1.0, ori=0.0, pos=array([  0., -25.]), size=array([1040., 1000.]), texRes=128, units='pix', win=Window(...))
7.0342 	EXP 	Created rec_fx_cross = TextStim(__class__=<class 'psychopy.visual.text.TextStim'>, alignHoriz=method-wrapper(...), alignText='center', alignVert=method-wrapper(...), anchorHoriz='center', anchorVert='center', antialias=True, autoLog=True, bold=False, color='black', colorSpace='named', contrast=1.0, depth=-1.0, flipHoriz=False, flipVert=False, font='Arial', fontFiles=[], height=50, italic=False, languageStyle='LTR', name='rec_fx_cross', opacity=1.0, ori=0, pos=array([0., 0.]), rgb=array([0., 0., 0.]), text='+', units='pix', win=Window(...), wrapWidth=500)
7.0506 	EXP 	Created rec_trial_map = ImageStim(__class__=<class 'psychopy.visual.image.ImageStim'>, autoLog=True, color=array([1., 1., 1.]), colorSpace='rgb', contrast=1.0, depth=0.0, flipHoriz=False, flipVert=False, image='stimuli/GalleryPlanInside.jpg', interpolate=True, mask=None, maskParams=None, name='rec_trial_map', opacity=1.0, ori=0.0, pos=array([  0., -25.]), size=array([1040., 1000.]), texRes=128, units='pix', win=Window(...))
7.0520 	EXP 	Created rec_trial_main_image = ImageStim(__class__=<class 'psychopy.visual.image.ImageStim'>, autoLog=True, color=array([1., 1., 1.]), colorSpace='rgb', contrast=1.0, depth=-1.0, flipHoriz=False, flipVert=False, image='sin', interpolate=True, mask=None, maskParams=None, name='rec_trial_main_image', opacity=1.0, ori=0.0, pos=array([0., 0.]), size=array([300., 300.]), texRes=128, units='pix', win=Window(...))
7.0658 	EXP 	Created end_practice_text = TextStim(__class__=<class 'psychopy.visual.text.TextStim'>, alignHoriz=method-wrapper(...), alignText='center', alignVert=method-wrapper(...), anchorHoriz='center', anchorVert='center', antialias=True, autoLog=True, bold=False, color='black', colorSpace='named', contrast=1.0, depth=0.0, flipHoriz=False, flipVert=False, font='Arial', fontFiles=[], height=0.05, italic=False, languageStyle='LTR', name='end_practice_text', opacity=1.0, ori=0, pos=array([0., 0.]), rgb=array([0., 0., 0.]), text=str(...), units='height', win=Window(...), wrapWidth=0.8)
7.0687 	EXP 	Created start_rec_run_text = TextStim(__class__=<class 'psychopy.visual.text.TextStim'>, alignHoriz=method-wrapper(...), alignText='center', alignVert=method-wrapper(...), anchorHoriz='center', anchorVert='center', antialias=True, autoLog=True, bold=False, color='black', colorSpace='named', contrast=1.0, depth=-1.0, flipHoriz=False, flipVert=False, font='Arial', fontFiles=[], height=0.1, italic=False, languageStyle='LTR', name='start_rec_run_text', opacity=1.0, ori=0, pos=array([0., 0.]), rgb=array([0., 0., 0.]), text='Kezdődik a feladat...', units='height', win=Window(...), wrapWidth=1)
7.0718 	EXP 	Created start_rec_block_text = TextStim(__class__=<class 'psychopy.visual.text.TextStim'>, alignHoriz=method-wrapper(...), alignText='center', alignVert=method-wrapper(...), anchorHoriz='center', anchorVert='center', antialias=True, autoLog=True, bold=False, color='black', colorSpace='named', contrast=1.0, depth=-1.0, flipHoriz=False, flipVert=False, font='Arial', fontFiles=[], height=0.1, italic=False, languageStyle='LTR', name='start_rec_block_text', opacity=1.0, ori=0, pos=array([0., 0.]), rgb=array([0., 0., 0.]), text='default text', units='height', win=Window(...), wrapWidth=1)
7.0888 	EXP 	Created rec_fx_map = ImageStim(__class__=<class 'psychopy.visual.image.ImageStim'>, autoLog=True, color=array([1., 1., 1.]), colorSpace='rgb', contrast=1.0, depth=0.0, flipHoriz=False, flipVert=False, image='stimuli/GalleryPlanInside.jpg', interpolate=True, mask=None, maskParams=None, name='rec_fx_map', opacity=1.0, ori=0.0, pos=array([  0., -25.]), size=array([1040., 1000.]), texRes=128, units='pix', win=Window(...))
7.0903 	EXP 	Created rec_fx_cross = TextStim(__class__=<class 'psychopy.visual.text.TextStim'>, alignHoriz=method-wrapper(...), alignText='center', alignVert=method-wrapper(...), anchorHoriz='center', anchorVert='center', antialias=True, autoLog=True, bold=False, color='black', colorSpace='named', contrast=1.0, depth=-1.0, flipHoriz=False, flipVert=False, font='Arial', fontFiles=[], height=50, italic=False, languageStyle='LTR', name='rec_fx_cross', opacity=1.0, ori=0, pos=array([0., 0.]), rgb=array([0., 0., 0.]), text='+', units='pix', win=Window(...), wrapWidth=500)
7.1056 	EXP 	Created rec_trial_map = ImageStim(__class__=<class 'psychopy.visual.image.ImageStim'>, autoLog=True, color=array([1., 1., 1.]), colorSpace='rgb', contrast=1.0, depth=0.0, flipHoriz=False, flipVert=False, image='stimuli/GalleryPlanInside.jpg', interpolate=True, mask=None, maskParams=None, name='rec_trial_map', opacity=1.0, ori=0.0, pos=array([  0., -25.]), size=array([1040., 1000.]), texRes=128, units='pix', win=Window(...))
7.1070 	EXP 	Created rec_trial_main_image = ImageStim(__class__=<class 'psychopy.visual.image.ImageStim'>, autoLog=True, color=array([1., 1., 1.]), colorSpace='rgb', contrast=1.0, depth=-1.0, flipHoriz=False, flipVert=False, image='sin', interpolate=True, mask=None, maskParams=None, name='rec_trial_main_image', opacity=1.0, ori=0.0, pos=array([0., 0.]), size=array([300., 300.]), texRes=128, units='pix', win=Window(...))
7.1094 	EXP 	Created end_rec_run_text = TextStim(__class__=<class 'psychopy.visual.text.TextStim'>, alignHoriz=method-wrapper(...), alignText='center', alignVert=method-wrapper(...), anchorHoriz='center', anchorVert='center', antialias=True, autoLog=True, bold=False, color='black', colorSpace='named', contrast=1.0, depth=0.0, flipHoriz=False, flipVert=False, font='Arial', fontFiles=[], height=0.1, italic=False, languageStyle='LTR', name='end_rec_run_text', opacity=1.0, ori=0, pos=array([0., 0.]), rgb=array([0., 0., 0.]), text='default text', units='height', win=Window(...), wrapWidth=1)
7.1143 	EXP 	lab_thanks: autoDraw = True
15.5053 	DATA 	Keypress: right
15.5127 	EXP 	lab_thanks: autoDraw = False
15.5127 	EXP 	start_encoding_text: text = 'Első feladat\nGaléria berendezés'
15.5127 	EXP 	start_encoding_text: autoDraw = True
15.8547 	DATA 	Keypress: right
17.0140 	EXP 	start_encoding_text: autoDraw = False
17.0140 	EXP 	start_encoding_text: autoDraw = False
17.0140 	EXP 	enc_instructions_1_text: autoDraw = True
17.0140 	EXP 	enc_instructions_1_image: autoDraw = True
21.7022 	DATA 	Keypress: right
21.7057 	EXP 	enc_instructions_1_text: autoDraw = False
21.7057 	EXP 	enc_instructions_1_image: autoDraw = False
21.7057 	EXP 	enc_instructions_2_text: autoDraw = True
21.7057 	EXP 	enc_instructions_2_image: autoDraw = True
23.2254 	DATA 	Keypress: right
23.2270 	EXP 	enc_instructions_2_text: autoDraw = False
23.2270 	EXP 	enc_instructions_2_image: autoDraw = False
23.2270 	EXP 	enc_instructions_3_text: autoDraw = True
23.8920 	DATA 	Keypress: right
23.8946 	EXP 	enc_instructions_3_text: autoDraw = False
23.8946 	EXP 	start_practice_text: autoDraw = True
24.9001 	EXP 	Imported encoding_practice_trials.csv as conditions, 5 conditions, 9 params
24.9005 	EXP 	Created sequence: random, trialTypes=5, nReps=1, seed=None
24.9008 	EXP 	New trial (rep=0, index=0): OrderedDict([('Task', 'EncodingPractice'), ('TrialType', 'LOC'), ('StimType', 'LURE'), ('Order', 1), ('CurrentImage', 'stimuli/fractals/159a.jpg'), ('CurrentX', 0.0), ('CurrentY', 300.0), ('Jitter', 5000), ('Section', 'Encoding')])
24.9049 	EXP 	start_practice_text: autoDraw = False
24.9049 	EXP 	start_practice_text: autoDraw = False
24.9049 	EXP 	enc_fx_cross: pos = array([  0., 300.])
24.9049 	EXP 	enc_fx_map: autoDraw = True
24.9049 	EXP 	enc_fx_cross: autoDraw = True
29.9478 	EXP 	enc_fx_map: autoDraw = False
29.9478 	EXP 	enc_fx_cross: autoDraw = False
29.9478 	EXP 	enc_fx_map: autoDraw = False
29.9478 	EXP 	enc_fx_cross: autoDraw = False
29.9478 	EXP 	enc_trial_main_image: pos = array([  0., 300.])
29.9478 	EXP 	enc_trial_main_image: image = 'stimuli/fractals/159a.jpg'
29.9478 	EXP 	enc_trial_map: autoDraw = True
29.9478 	EXP 	enc_trial_main_image: autoDraw = True
32.9891 	EXP 	enc_trial_map: autoDraw = False
32.9891 	EXP 	enc_trial_main_image: autoDraw = False
32.9891 	EXP 	enc_practice_feedback_image: pos = array([  0., 300.])
32.9891 	EXP 	enc_practice_feedback_image: image = 'stimuli/fractals/159a.jpg'
32.9891 	EXP 	enc_practice_feedback_text: text = 'Nem adott választ.'
32.9891 	EXP 	enc_practice_feedback_map: autoDraw = True
32.9891 	EXP 	enc_practice_feedback_image: autoDraw = True
32.9891 	EXP 	enc_practice_feedback_text: autoDraw = True
33.9114 	EXP 	New trial (rep=0, index=1): OrderedDict([('Task', 'EncodingPractice'), ('TrialType', '-'), ('StimType', '-'), ('Order', 1), ('CurrentImage', 'stimuli/fractals/177b.jpg'), ('CurrentX', 300.0), ('CurrentY', 0.0), ('Jitter', 800), ('Section', 'Encoding')])
33.9160 	EXP 	enc_practice_feedback_map: autoDraw = False
33.9160 	EXP 	enc_practice_feedback_image: autoDraw = False
33.9160 	EXP 	enc_practice_feedback_text: autoDraw = False
33.9160 	EXP 	enc_fx_cross: pos = array([300.,   0.])
33.9160 	EXP 	enc_fx_map: autoDraw = True
33.9160 	EXP 	enc_fx_cross: autoDraw = True
34.7958 	EXP 	enc_fx_map: autoDraw = False
34.7958 	EXP 	enc_fx_cross: autoDraw = False
34.7958 	EXP 	enc_fx_map: autoDraw = False
34.7958 	EXP 	enc_fx_cross: autoDraw = False
34.7958 	EXP 	enc_trial_main_image: pos = array([300.,   0.])
34.7958 	EXP 	enc_trial_main_image: image = 'stimuli/fractals/177b.jpg'
34.7958 	EXP 	enc_trial_map: autoDraw = True
34.7958 	EXP 	enc_trial_main_image: autoDraw = True
35.2262 	DATA 	Keypress: j
37.8015 	EXP 	enc_trial_map: autoDraw = False
37.8015 	EXP 	enc_trial_main_image: autoDraw = False
37.8015 	EXP 	enc_practice_feedback_image: pos = array([300.,   0.])
37.8015 	EXP 	enc_practice_feedback_image: image = 'stimuli/fractals/177b.jpg'
37.8015 	EXP 	enc_practice_feedback_text: text = 'Az Ön válasza:\nA kép marad.'
37.8015 	EXP 	enc_practice_feedback_map: autoDraw = True
37.8015 	EXP 	enc_practice_feedback_image: autoDraw = True
37.8015 	EXP 	enc_practice_feedback_text: autoDraw = True
38.7206 	EXP 	New trial (rep=0, index=2): OrderedDict([('Task', 'EncodingPractice'), ('TrialType', 'OBJ'), ('StimType', 'TARGET'), ('Order', 1), ('CurrentImage', 'stimuli/fractals/167a.jpg'), ('CurrentX', 300.0), ('CurrentY', 0.0), ('Jitter', 500), ('Section', 'Encoding')])
38.7252 	EXP 	enc_practice_feedback_map: autoDraw = False
38.7252 	EXP 	enc_practice_feedback_image: autoDraw = False
38.7252 	EXP 	enc_practice_feedback_text: autoDraw = False
38.7252 	EXP 	enc_fx_cross: pos = array([300.,   0.])
38.7252 	EXP 	enc_fx_map: autoDraw = True
38.7252 	EXP 	enc_fx_cross: autoDraw = True
39.2988 	EXP 	enc_fx_map: autoDraw = False
39.2988 	EXP 	enc_fx_cross: autoDraw = False
39.2988 	EXP 	enc_fx_map: autoDraw = False
39.2988 	EXP 	enc_fx_cross: autoDraw = False
39.2988 	EXP 	enc_trial_main_image: pos = array([300.,   0.])
39.2988 	EXP 	enc_trial_main_image: image = 'stimuli/fractals/167a.jpg'
39.2988 	EXP 	enc_trial_map: autoDraw = True
39.2988 	EXP 	enc_trial_main_image: autoDraw = True
42.3036 	EXP 	enc_trial_map: autoDraw = False
42.3036 	EXP 	enc_trial_main_image: autoDraw = False
42.3036 	EXP 	enc_practice_feedback_image: pos = array([300.,   0.])
42.3036 	EXP 	enc_practice_feedback_image: image = 'stimuli/fractals/167a.jpg'
42.3036 	EXP 	enc_practice_feedback_text: text = 'Nem adott választ.'
42.3036 	EXP 	enc_practice_feedback_map: autoDraw = True
42.3036 	EXP 	enc_practice_feedback_image: autoDraw = True
42.3036 	EXP 	enc_practice_feedback_text: autoDraw = True
43.2300 	EXP 	New trial (rep=0, index=3): OrderedDict([('Task', 'EncodingPractice'), ('TrialType', 'LOC'), ('StimType', 'FOIL'), ('Order', 1), ('CurrentImage', 'stimuli/fractals/148b.jpg'), ('CurrentX', 212.1320344), ('CurrentY', 212.1320344), ('Jitter', 1000), ('Section', 'Encoding')])
43.2346 	EXP 	enc_practice_feedback_map: autoDraw = False
43.2346 	EXP 	enc_practice_feedback_image: autoDraw = False
43.2346 	EXP 	enc_practice_feedback_text: autoDraw = False
43.2346 	EXP 	enc_fx_cross: pos = array([212.1320344, 212.1320344])
43.2346 	EXP 	enc_fx_map: autoDraw = True
43.2346 	EXP 	enc_fx_cross: autoDraw = True
44.3074 	EXP 	enc_fx_map: autoDraw = False
44.3074 	EXP 	enc_fx_cross: autoDraw = False
44.3074 	EXP 	enc_fx_map: autoDraw = False
44.3074 	EXP 	enc_fx_cross: autoDraw = False
44.3074 	EXP 	enc_trial_main_image: pos = array([212.1320344, 212.1320344])
44.3074 	EXP 	enc_trial_main_image: image = 'stimuli/fractals/148b.jpg'
44.3074 	EXP 	enc_trial_map: autoDraw = True
44.3074 	EXP 	enc_trial_main_image: autoDraw = True
47.3093 	EXP 	enc_trial_map: autoDraw = False
47.3093 	EXP 	enc_trial_main_image: autoDraw = False
47.3093 	EXP 	enc_practice_feedback_image: pos = array([212.1320344, 212.1320344])
47.3093 	EXP 	enc_practice_feedback_image: image = 'stimuli/fractals/148b.jpg'
47.3093 	EXP 	enc_practice_feedback_text: text = 'Nem adott választ.'
47.3093 	EXP 	enc_practice_feedback_map: autoDraw = True
47.3093 	EXP 	enc_practice_feedback_image: autoDraw = True
47.3093 	EXP 	enc_practice_feedback_text: autoDraw = True
48.2387 	EXP 	New trial (rep=0, index=4): OrderedDict([('Task', 'EncodingPractice'), ('TrialType', 'LOC'), ('StimType', 'TARGET'), ('Order', 1), ('CurrentImage', 'stimuli/fractals/166a.jpg'), ('CurrentX', -300.0), ('CurrentY', 0.0), ('Jitter', 1500), ('Section', 'Encoding')])
48.2433 	EXP 	enc_practice_feedback_map: autoDraw = False
48.2433 	EXP 	enc_practice_feedback_image: autoDraw = False
48.2433 	EXP 	enc_practice_feedback_text: autoDraw = False
48.2433 	EXP 	enc_fx_cross: pos = array([-300.,    0.])
48.2433 	EXP 	enc_fx_map: autoDraw = True
48.2433 	EXP 	enc_fx_cross: autoDraw = True
49.8125 	EXP 	enc_fx_map: autoDraw = False
49.8125 	EXP 	enc_fx_cross: autoDraw = False
49.8125 	EXP 	enc_fx_map: autoDraw = False
49.8125 	EXP 	enc_fx_cross: autoDraw = False
49.8125 	EXP 	enc_trial_main_image: pos = array([-300.,    0.])
49.8125 	EXP 	enc_trial_main_image: image = 'stimuli/fractals/166a.jpg'
49.8125 	EXP 	enc_trial_map: autoDraw = True
49.8125 	EXP 	enc_trial_main_image: autoDraw = True
52.8186 	EXP 	enc_trial_map: autoDraw = False
52.8186 	EXP 	enc_trial_main_image: autoDraw = False
52.8186 	EXP 	enc_practice_feedback_image: pos = array([-300.,    0.])
52.8186 	EXP 	enc_practice_feedback_image: image = 'stimuli/fractals/166a.jpg'
52.8186 	EXP 	enc_practice_feedback_text: text = 'Nem adott választ.'
52.8186 	EXP 	enc_practice_feedback_map: autoDraw = True
52.8186 	EXP 	enc_practice_feedback_image: autoDraw = True
52.8186 	EXP 	enc_practice_feedback_text: autoDraw = True
53.7456 	EXP 	enc_practice_feedback_map: autoDraw = False
53.7456 	EXP 	enc_practice_feedback_image: autoDraw = False
53.7456 	EXP 	enc_practice_feedback_text: autoDraw = False
53.7456 	EXP 	end_practice_text: autoDraw = True
55.3109 	DATA 	Keypress: right
55.3115 	EXP 	Created sequence: sequential, trialTypes=1, nReps=3, seed=None
55.3119 	EXP 	New trial (rep=0, index=0): None
55.3145 	EXP 	end_practice_text: autoDraw = False
55.3145 	EXP 	start_enc_run_text: autoDraw = True
55.7089 	DATA 	Keypress: right
57.3822 	EXP 	Imported stimuli_tables/encoding_trials_0.csv as conditions, 2 conditions, 20 params
57.3832 	EXP 	Created sequence: sequential, trialTypes=2, nReps=1, seed=None
57.3840 	EXP 	New trial (rep=0, index=0): OrderedDict([('TrialIndex', 1), ('Jitter', 2000), ('ScannerRun', 1), ('StimType', 'OLP'), ('Order', 1), ('Delay', 3), ('CurrentImage', 'stimuli/fractals/101b.jpg'), ('CurrentX', 212.1320344), ('CurrentY', 212.1320344), ('TripletMemberA', 'stimuli/fractals/101b.jpg'), ('TripletMemberB', 'stimuli/fractals/101a.jpg'), ('TripletMemberC', 'stimuli/fractals/101c.jpg'), ('Xcoordinate', 212.1320344), ('Ycoordinate', 212.1320344), ('Xcoordinate_lure1', 0.0), ('Ycoordinate_lure1', 300.0), ('Xcoordinate_lure2', 300.0), ('Ycoordinate_lure2', 0.0), ('Xcoordinate_foil', -212.1320344), ('Ycoordinate_foil', -212.1320344)])
57.3890 	EXP 	start_enc_run_text: autoDraw = False
57.3890 	EXP 	start_enc_run_text: autoDraw = False
57.3890 	EXP 	enc_fx_cross: pos = array([212.1320344, 212.1320344])
57.3890 	EXP 	enc_fx_map: autoDraw = True
57.3890 	EXP 	enc_fx_cross: autoDraw = True
57.8364 	DATA 	Keypress: right
59.4642 	EXP 	enc_fx_map: autoDraw = False
59.4642 	EXP 	enc_fx_cross: autoDraw = False
59.4642 	EXP 	enc_fx_map: autoDraw = False
59.4642 	EXP 	enc_fx_cross: autoDraw = False
59.4642 	EXP 	enc_trial_main_image: pos = array([212.1320344, 212.1320344])
59.4642 	EXP 	enc_trial_main_image: image = 'stimuli/fractals/101b.jpg'
59.4642 	EXP 	enc_trial_map: autoDraw = True
59.4642 	EXP 	enc_trial_main_image: autoDraw = True
62.3969 	EXP 	New trial (rep=0, index=1): OrderedDict([('TrialIndex', 2), ('Jitter', 6000), ('ScannerRun', 1), ('StimType', 'OLP'), ('Order', 1), ('Delay', 3), ('CurrentImage', 'stimuli/fractals/97b.jpg'), ('CurrentX', 212.1320344), ('CurrentY', -212.1320344), ('TripletMemberA', 'stimuli/fractals/97b.jpg'), ('TripletMemberB', 'stimuli/fractals/97c.jpg'), ('TripletMemberC', 'stimuli/fractals/97a.jpg'), ('Xcoordinate', 212.1320344), ('Ycoordinate', -212.1320344), ('Xcoordinate_lure1', 0.0), ('Ycoordinate_lure1', -300.0), ('Xcoordinate_lure2', 300.0), ('Ycoordinate_lure2', 0.0), ('Xcoordinate_foil', -212.1320344), ('Ycoordinate_foil', 212.1320344)])
62.4018 	EXP 	enc_trial_map: autoDraw = False
62.4018 	EXP 	enc_trial_main_image: autoDraw = False
62.4018 	EXP 	enc_fx_cross: pos = array([ 212.1320344, -212.1320344])
62.4018 	EXP 	enc_fx_map: autoDraw = True
62.4018 	EXP 	enc_fx_cross: autoDraw = True
68.4733 	EXP 	enc_fx_map: autoDraw = False
68.4733 	EXP 	enc_fx_cross: autoDraw = False
68.4733 	EXP 	enc_fx_map: autoDraw = False
68.4733 	EXP 	enc_fx_cross: autoDraw = False
68.4733 	EXP 	enc_trial_main_image: pos = array([ 212.1320344, -212.1320344])
68.4733 	EXP 	enc_trial_main_image: image = 'stimuli/fractals/97b.jpg'
68.4733 	EXP 	enc_trial_map: autoDraw = True
68.4733 	EXP 	enc_trial_main_image: autoDraw = True
71.4181 	EXP 	enc_trial_map: autoDraw = False
71.4181 	EXP 	enc_trial_main_image: autoDraw = False
71.4181 	EXP 	end_enc_run_text: text = 'Szünet\nA folytatáshoz nyomja le a jobb nyilat'
71.4181 	EXP 	end_enc_run_text: autoDraw = True
75.5888 	DATA 	Keypress: right
75.5907 	EXP 	New trial (rep=1, index=0): None
75.5923 	EXP 	end_enc_run_text: autoDraw = False
75.5923 	EXP 	start_enc_run_text: autoDraw = True
77.6605 	EXP 	Imported stimuli_tables/encoding_trials_0.csv as conditions, 2 conditions, 20 params
77.6615 	EXP 	Created sequence: sequential, trialTypes=2, nReps=1, seed=None
77.6623 	EXP 	New trial (rep=0, index=0): OrderedDict([('TrialIndex', 3), ('Jitter', 2000), ('ScannerRun', 1), ('StimType', 'LLP'), ('Order', 1), ('Delay', 5), ('CurrentImage', 'stimuli/fractals/76b.jpg'), ('CurrentX', 212.1320344), ('CurrentY', 212.1320344), ('TripletMemberA', 'stimuli/fractals/76b.jpg'), ('TripletMemberB', 'stimuli/fractals/76c.jpg'), ('TripletMemberC', 'stimuli/fractals/76a.jpg'), ('Xcoordinate', 212.1320344), ('Ycoordinate', 212.1320344), ('Xcoordinate_lure1', 300.0), ('Ycoordinate_lure1', 0.0), ('Xcoordinate_lure2', 0.0), ('Ycoordinate_lure2', 300.0), ('Xcoordinate_foil', -212.1320344), ('Ycoordinate_foil', -212.1320344)])
77.6672 	EXP 	start_enc_run_text: autoDraw = False
77.6672 	EXP 	start_enc_run_text: autoDraw = False
77.6672 	EXP 	enc_fx_cross: pos = array([212.1320344, 212.1320344])
77.6672 	EXP 	enc_fx_map: autoDraw = True
77.6672 	EXP 	enc_fx_cross: autoDraw = True
78.3130 	DATA 	Keypress: right
79.7409 	EXP 	enc_fx_map: autoDraw = False
79.7409 	EXP 	enc_fx_cross: autoDraw = False
79.7409 	EXP 	enc_fx_map: autoDraw = False
79.7409 	EXP 	enc_fx_cross: autoDraw = False
79.7409 	EXP 	enc_trial_main_image: pos = array([212.1320344, 212.1320344])
79.7409 	EXP 	enc_trial_main_image: image = 'stimuli/fractals/76b.jpg'
79.7409 	EXP 	enc_trial_map: autoDraw = True
79.7409 	EXP 	enc_trial_main_image: autoDraw = True
82.6745 	EXP 	New trial (rep=0, index=1): OrderedDict([('TrialIndex', 4), ('Jitter', 1000), ('ScannerRun', 1), ('StimType', 'ERP'), ('Order', 1), ('Delay', 2), ('CurrentImage', 'stimuli/fractals/19a.jpg'), ('CurrentX', 212.1320344), ('CurrentY', -212.1320344), ('TripletMemberA', 'stimuli/fractals/19a.jpg'), ('TripletMemberB', 'stimuli/fractals/19c.jpg'), ('TripletMemberC', 'stimuli/fractals/19b.jpg'), ('Xcoordinate', 212.1320344), ('Ycoordinate', -212.1320344), ('Xcoordinate_lure1', 300.0), ('Ycoordinate_lure1', 0.0), ('Xcoordinate_lure2', 0.0), ('Ycoordinate_lure2', -300.0), ('Xcoordinate_foil', -300.0), ('Ycoordinate_foil', 0.0)])
82.6794 	EXP 	enc_trial_map: autoDraw = False
82.6794 	EXP 	enc_trial_main_image: autoDraw = False
82.6794 	EXP 	enc_fx_cross: pos = array([ 212.1320344, -212.1320344])
82.6794 	EXP 	enc_fx_map: autoDraw = True
82.6794 	EXP 	enc_fx_cross: autoDraw = True
83.7521 	EXP 	enc_fx_map: autoDraw = False
83.7521 	EXP 	enc_fx_cross: autoDraw = False
83.7521 	EXP 	enc_fx_map: autoDraw = False
83.7521 	EXP 	enc_fx_cross: autoDraw = False
83.7521 	EXP 	enc_trial_main_image: pos = array([ 212.1320344, -212.1320344])
83.7521 	EXP 	enc_trial_main_image: image = 'stimuli/fractals/19a.jpg'
83.7521 	EXP 	enc_trial_map: autoDraw = True
83.7521 	EXP 	enc_trial_main_image: autoDraw = True
86.6887 	EXP 	enc_trial_map: autoDraw = False
86.6887 	EXP 	enc_trial_main_image: autoDraw = False
86.6887 	EXP 	end_enc_run_text: text = 'Szünet\nA folytatáshoz nyomja le a jobb nyilat'
86.6887 	EXP 	end_enc_run_text: autoDraw = True
96.0427 	DATA 	Keypress: right
96.0452 	EXP 	New trial (rep=2, index=0): None
96.0469 	EXP 	end_enc_run_text: autoDraw = False
96.0469 	EXP 	start_enc_run_text: autoDraw = True
98.1137 	EXP 	Imported stimuli_tables/encoding_trials_0.csv as conditions, 2 conditions, 20 params
98.1147 	EXP 	Created sequence: sequential, trialTypes=2, nReps=1, seed=None
98.1155 	EXP 	New trial (rep=0, index=0): OrderedDict([('TrialIndex', 5), ('Jitter', 5000), ('ScannerRun', 1), ('StimType', 'OLP'), ('Order', 2), ('Delay', 0), ('CurrentImage', 'stimuli/fractals/101a.jpg'), ('CurrentX', 212.1320344), ('CurrentY', 212.1320344), ('TripletMemberA', 'stimuli/fractals/101b.jpg'), ('TripletMemberB', 'stimuli/fractals/101a.jpg'), ('TripletMemberC', 'stimuli/fractals/101c.jpg'), ('Xcoordinate', 212.1320344), ('Ycoordinate', 212.1320344), ('Xcoordinate_lure1', 0.0), ('Ycoordinate_lure1', 300.0), ('Xcoordinate_lure2', 300.0), ('Ycoordinate_lure2', 0.0), ('Xcoordinate_foil', -212.1320344), ('Ycoordinate_foil', -212.1320344)])
98.1204 	EXP 	start_enc_run_text: autoDraw = False
98.1204 	EXP 	start_enc_run_text: autoDraw = False
98.1204 	EXP 	enc_fx_cross: pos = array([212.1320344, 212.1320344])
98.1204 	EXP 	enc_fx_map: autoDraw = True
98.1204 	EXP 	enc_fx_cross: autoDraw = True
103.1915 	EXP 	enc_fx_map: autoDraw = False
103.1915 	EXP 	enc_fx_cross: autoDraw = False
103.1915 	EXP 	enc_fx_map: autoDraw = False
103.1915 	EXP 	enc_fx_cross: autoDraw = False
103.1915 	EXP 	enc_trial_main_image: pos = array([212.1320344, 212.1320344])
103.1915 	EXP 	enc_trial_main_image: image = 'stimuli/fractals/101a.jpg'
103.1915 	EXP 	enc_trial_map: autoDraw = True
103.1915 	EXP 	enc_trial_main_image: autoDraw = True
106.1246 	EXP 	New trial (rep=0, index=1): OrderedDict([('TrialIndex', 6), ('Jitter', 3000), ('ScannerRun', 1), ('StimType', 'OLP'), ('Order', 2), ('Delay', 0), ('CurrentImage', 'stimuli/fractals/97c.jpg'), ('CurrentX', 212.1320344), ('CurrentY', -212.1320344), ('TripletMemberA', 'stimuli/fractals/97b.jpg'), ('TripletMemberB', 'stimuli/fractals/97c.jpg'), ('TripletMemberC', 'stimuli/fractals/97a.jpg'), ('Xcoordinate', 212.1320344), ('Ycoordinate', -212.1320344), ('Xcoordinate_lure1', 0.0), ('Ycoordinate_lure1', -300.0), ('Xcoordinate_lure2', 300.0), ('Ycoordinate_lure2', 0.0), ('Xcoordinate_foil', -212.1320344), ('Ycoordinate_foil', 212.1320344)])
106.1294 	EXP 	enc_trial_map: autoDraw = False
106.1294 	EXP 	enc_trial_main_image: autoDraw = False
106.1294 	EXP 	enc_fx_cross: pos = array([ 212.1320344, -212.1320344])
106.1294 	EXP 	enc_fx_map: autoDraw = True
106.1294 	EXP 	enc_fx_cross: autoDraw = True
109.2038 	EXP 	enc_fx_map: autoDraw = False
109.2038 	EXP 	enc_fx_cross: autoDraw = False
109.2038 	EXP 	enc_fx_map: autoDraw = False
109.2038 	EXP 	enc_fx_cross: autoDraw = False
109.2038 	EXP 	enc_trial_main_image: pos = array([ 212.1320344, -212.1320344])
109.2038 	EXP 	enc_trial_main_image: image = 'stimuli/fractals/97c.jpg'
109.2038 	EXP 	enc_trial_map: autoDraw = True
109.2038 	EXP 	enc_trial_main_image: autoDraw = True
112.1458 	EXP 	enc_trial_map: autoDraw = False
112.1458 	EXP 	enc_trial_main_image: autoDraw = False
112.1458 	EXP 	end_enc_run_text: text = 'Vége az első feladatnak'
112.1458 	EXP 	end_enc_run_text: autoDraw = True
120.7683 	DATA 	Keypress: right
120.7714 	EXP 	end_enc_run_text: autoDraw = False
120.7714 	EXP 	start_recognition_text: autoDraw = True
122.1657 	DATA 	Keypress: right
122.7724 	EXP 	start_recognition_text: autoDraw = False
122.7724 	EXP 	rec_instructions_1_text: autoDraw = True
123.8082 	DATA 	Keypress: right
123.8110 	EXP 	rec_instructions_1_text: autoDraw = False
123.8110 	EXP 	rec_instructions2_text: autoDraw = True
124.7411 	DATA 	Keypress: right
124.7436 	EXP 	rec_instructions2_text: autoDraw = False
124.7436 	EXP 	rec_instrauction_3_text: autoDraw = True
125.2634 	DATA 	Keypress: right
125.2655 	EXP 	rec_instrauction_3_text: autoDraw = False
125.2655 	EXP 	rec_instructions_4_text: autoDraw = True
125.9179 	DATA 	Keypress: right
125.9293 	EXP 	Imported stimuli_demo.csv as conditions, 10 conditions, 12 params
125.9298 	EXP 	Created sequence: sequential, trialTypes=10, nReps=1, seed=None
125.9304 	EXP 	New trial (rep=0, index=0): OrderedDict([('Task', 'Demo'), ('TrialType', 'OBJ'), ('StimType', 'LURE'), ('CurrentImage', 'stimuli/fractals//181b.jpg'), ('DemoImage', 'stimuli/fractals//181c.jpg'), ('CurrentX', 300.0), ('CurrentY', 0.0), ('DemoX', -300.0), ('DemoY', 0.0), ('InPractice', '-'), ('DemoText', 'Hasonló Képek'), ('Jitter', 2300)])
126.0804 	EXP 	rec_instructions_4_text: autoDraw = False
126.0804 	EXP 	demo_main_image: pos = array([300.,   0.])
126.0804 	EXP 	demo_main_image: image = 'stimuli/fractals//181b.jpg'
126.0804 	EXP 	demo_image: pos = array([-300.,    0.])
126.0804 	EXP 	demo_image: image = 'stimuli/fractals//181c.jpg'
126.0804 	EXP 	demo_text: text = 'Hasonló Képek'
126.0804 	EXP 	demo_map: autoDraw = True
126.0804 	EXP 	demo_main_image: autoDraw = True
126.0804 	EXP 	demo_image: autoDraw = True
126.0804 	EXP 	demo_text: autoDraw = True
126.9381 	DATA 	Keypress: right
127.6555 	DATA 	Keypress: right
128.7496 	DATA 	Keypress: right
128.7527 	EXP 	New trial (rep=0, index=1): OrderedDict([('Task', 'Demo'), ('TrialType', 'OBJ'), ('StimType', 'LURE'), ('CurrentImage', 'stimuli/fractals//149a.jpg'), ('DemoImage', 'stimuli/fractals//149b.jpg'), ('CurrentX', 300.0), ('CurrentY', 0.0), ('DemoX', -300.0), ('DemoY', 0.0), ('InPractice', '-'), ('DemoText', 'Hasonló Képek'), ('Jitter', 1000)])
128.8930 	EXP 	demo_map: autoDraw = False
128.8930 	EXP 	demo_main_image: autoDraw = False
128.8930 	EXP 	demo_image: autoDraw = False
128.8930 	EXP 	demo_text: autoDraw = False
128.8930 	EXP 	demo_main_image: pos = array([300.,   0.])
128.8930 	EXP 	demo_main_image: image = 'stimuli/fractals//149a.jpg'
128.8930 	EXP 	demo_image: pos = array([-300.,    0.])
128.8930 	EXP 	demo_image: image = 'stimuli/fractals//149b.jpg'
128.8930 	EXP 	demo_text: text = 'Hasonló Képek'
128.8930 	EXP 	demo_map: autoDraw = True
128.8930 	EXP 	demo_main_image: autoDraw = True
128.8930 	EXP 	demo_image: autoDraw = True
128.8930 	EXP 	demo_text: autoDraw = True
129.7125 	DATA 	Keypress: right
130.2043 	DATA 	Keypress: right
130.9823 	DATA 	Keypress: right
130.9844 	EXP 	New trial (rep=0, index=2): OrderedDict([('Task', 'Demo'), ('TrialType', 'OBJ'), ('StimType', 'LURE'), ('CurrentImage', 'stimuli/fractals//177b.jpg'), ('DemoImage', 'stimuli/fractals//177c.jpg'), ('CurrentX', 300.0), ('CurrentY', 0.0), ('DemoX', -300.0), ('DemoY', 0.0), ('InPractice', '-'), ('DemoText', 'Hasonló Képek'), ('Jitter', 800)])
131.1308 	EXP 	demo_map: autoDraw = False
131.1308 	EXP 	demo_main_image: autoDraw = False
131.1308 	EXP 	demo_image: autoDraw = False
131.1308 	EXP 	demo_text: autoDraw = False
131.1308 	EXP 	demo_main_image: pos = array([300.,   0.])
131.1308 	EXP 	demo_main_image: image = 'stimuli/fractals//177b.jpg'
131.1308 	EXP 	demo_image: pos = array([-300.,    0.])
131.1308 	EXP 	demo_image: image = 'stimuli/fractals//177c.jpg'
131.1308 	EXP 	demo_text: text = 'Hasonló Képek'
131.1308 	EXP 	demo_map: autoDraw = True
131.1308 	EXP 	demo_main_image: autoDraw = True
131.1308 	EXP 	demo_image: autoDraw = True
131.1308 	EXP 	demo_text: autoDraw = True
131.6978 	DATA 	Keypress: right
132.3606 	DATA 	Keypress: right
132.8032 	DATA 	Keypress: right
133.3739 	DATA 	Keypress: right
133.3760 	EXP 	New trial (rep=0, index=3): OrderedDict([('Task', 'Demo'), ('TrialType', 'OBJ'), ('StimType', 'LURE'), ('CurrentImage', 'stimuli/fractals//167a.jpg'), ('DemoImage', 'stimuli/fractals//167b.jpg'), ('CurrentX', 300.0), ('CurrentY', 0.0), ('DemoX', -300.0), ('DemoY', 0.0), ('InPractice', 'OBJ-TARGET'), ('DemoText', 'Hasonló Képek'), ('Jitter', 1500)])
133.5098 	EXP 	demo_map: autoDraw = False
133.5098 	EXP 	demo_main_image: autoDraw = False
133.5098 	EXP 	demo_image: autoDraw = False
133.5098 	EXP 	demo_text: autoDraw = False
133.5098 	EXP 	demo_main_image: pos = array([300.,   0.])
133.5098 	EXP 	demo_main_image: image = 'stimuli/fractals//167a.jpg'
133.5098 	EXP 	demo_image: pos = array([-300.,    0.])
133.5098 	EXP 	demo_image: image = 'stimuli/fractals//167b.jpg'
133.5098 	EXP 	demo_text: text = 'Hasonló Képek'
133.5098 	EXP 	demo_map: autoDraw = True
133.5098 	EXP 	demo_main_image: autoDraw = True
133.5098 	EXP 	demo_image: autoDraw = True
133.5098 	EXP 	demo_text: autoDraw = True
134.0394 	DATA 	Keypress: right
134.5859 	DATA 	Keypress: right
135.0112 	DATA 	Keypress: right
135.4846 	DATA 	Keypress: right
135.9973 	DATA 	Keypress: right
136.0002 	EXP 	New trial (rep=0, index=4): OrderedDict([('Task', 'Demo'), ('TrialType', 'OBJ'), ('StimType', 'FOIL'), ('CurrentImage', 'stimuli/fractals//163a.jpg'), ('DemoImage', 'stimuli/fractals//173c.jpg'), ('CurrentX', 300.0), ('CurrentY', 0.0), ('DemoX', -300.0), ('DemoY', 0.0), ('InPractice', '-'), ('DemoText', 'Új Képek'), ('Jitter', 600)])
136.1381 	EXP 	demo_map: autoDraw = False
136.1381 	EXP 	demo_main_image: autoDraw = False
136.1381 	EXP 	demo_image: autoDraw = False
136.1381 	EXP 	demo_text: autoDraw = False
136.1381 	EXP 	demo_main_image: pos = array([300.,   0.])
136.1381 	EXP 	demo_main_image: image = 'stimuli/fractals//163a.jpg'
136.1381 	EXP 	demo_image: pos = array([-300.,    0.])
136.1381 	EXP 	demo_image: image = 'stimuli/fractals//173c.jpg'
136.1381 	EXP 	demo_text: text = 'Új Képek'
136.1381 	EXP 	demo_map: autoDraw = True
136.1381 	EXP 	demo_main_image: autoDraw = True
136.1381 	EXP 	demo_image: autoDraw = True
136.1381 	EXP 	demo_text: autoDraw = True
136.7164 	DATA 	Keypress: right
137.3827 	DATA 	Keypress: right
138.4687 	DATA 	Keypress: right
138.4710 	EXP 	New trial (rep=0, index=5): OrderedDict([('Task', 'Demo'), ('TrialType', 'LOC'), ('StimType', 'LURE'), ('CurrentImage', 'stimuli/fractals//166a.jpg'), ('DemoImage', 'stimuli/fractals//166a.jpg'), ('CurrentX', -300.0), ('CurrentY', 0.0), ('DemoX', -212.1320344), ('DemoY', -212.1320344), ('InPractice', 'LOC-TARGET, OBJ-LURE'), ('DemoText', 'Hasonló Helyek'), ('Jitter', 800)])
138.6100 	EXP 	demo_map: autoDraw = False
138.6100 	EXP 	demo_main_image: autoDraw = False
138.6100 	EXP 	demo_image: autoDraw = False
138.6100 	EXP 	demo_text: autoDraw = False
138.6100 	EXP 	demo_main_image: pos = array([-300.,    0.])
138.6100 	EXP 	demo_main_image: image = 'stimuli/fractals//166a.jpg'
138.6100 	EXP 	demo_image: pos = array([-212.1320344, -212.1320344])
138.6100 	EXP 	demo_image: image = 'stimuli/fractals//166a.jpg'
138.6100 	EXP 	demo_text: text = 'Hasonló Helyek'
138.6100 	EXP 	demo_map: autoDraw = True
138.6100 	EXP 	demo_main_image: autoDraw = True
138.6100 	EXP 	demo_image: autoDraw = True
138.6100 	EXP 	demo_text: autoDraw = True
139.2772 	DATA 	Keypress: right
139.8924 	DATA 	Keypress: right
140.5222 	DATA 	Keypress: right
141.8767 	DATA 	Keypress: right
141.8824 	EXP 	New trial (rep=0, index=6): OrderedDict([('Task', 'Demo'), ('TrialType', 'LOC'), ('StimType', 'LURE'), ('CurrentImage', 'stimuli/fractals//159a.jpg'), ('DemoImage', 'stimuli/fractals//159a.jpg'), ('CurrentX', 0.0), ('CurrentY', 300.0), ('DemoX', -212.1320344), ('DemoY', 212.1320344), ('InPractice', 'LOC-LURE'), ('DemoText', 'Hasonló Helyek'), ('Jitter', 1500)])
142.0268 	EXP 	demo_map: autoDraw = False
142.0268 	EXP 	demo_main_image: autoDraw = False
142.0268 	EXP 	demo_image: autoDraw = False
142.0268 	EXP 	demo_text: autoDraw = False
142.0268 	EXP 	demo_main_image: pos = array([  0., 300.])
142.0268 	EXP 	demo_main_image: image = 'stimuli/fractals//159a.jpg'
142.0268 	EXP 	demo_image: pos = array([-212.1320344,  212.1320344])
142.0268 	EXP 	demo_image: image = 'stimuli/fractals//159a.jpg'
142.0268 	EXP 	demo_text: text = 'Hasonló Helyek'
142.0268 	EXP 	demo_map: autoDraw = True
142.0268 	EXP 	demo_main_image: autoDraw = True
142.0268 	EXP 	demo_image: autoDraw = True
142.0268 	EXP 	demo_text: autoDraw = True
142.7017 	DATA 	Keypress: right
143.2228 	DATA 	Keypress: right
143.6309 	DATA 	Keypress: right
144.2024 	DATA 	Keypress: right
144.2044 	EXP 	New trial (rep=0, index=7): OrderedDict([('Task', 'Demo'), ('TrialType', 'LOC'), ('StimType', 'LURE'), ('CurrentImage', 'stimuli/fractals//148b.jpg'), ('DemoImage', 'stimuli/fractals//148b.jpg'), ('CurrentX', 212.1320344), ('CurrentY', 212.1320344), ('DemoX', 0.0), ('DemoY', 300.0), ('InPractice', 'LOC-FOIL'), ('DemoText', 'Hasonló Helyek'), ('Jitter', 800)])
144.3390 	EXP 	demo_map: autoDraw = False
144.3390 	EXP 	demo_main_image: autoDraw = False
144.3390 	EXP 	demo_image: autoDraw = False
144.3390 	EXP 	demo_text: autoDraw = False
144.3390 	EXP 	demo_main_image: pos = array([212.1320344, 212.1320344])
144.3390 	EXP 	demo_main_image: image = 'stimuli/fractals//148b.jpg'
144.3390 	EXP 	demo_image: pos = array([  0., 300.])
144.3390 	EXP 	demo_image: image = 'stimuli/fractals//148b.jpg'
144.3390 	EXP 	demo_text: text = 'Hasonló Helyek'
144.3390 	EXP 	demo_map: autoDraw = True
144.3390 	EXP 	demo_main_image: autoDraw = True
144.3390 	EXP 	demo_image: autoDraw = True
144.3390 	EXP 	demo_text: autoDraw = True
144.9272 	DATA 	Keypress: right
145.3302 	DATA 	Keypress: right
145.7280 	DATA 	Keypress: right
146.2103 	DATA 	Keypress: right
147.4867 	DATA 	Keypress: right
147.4888 	EXP 	New trial (rep=0, index=8): OrderedDict([('Task', 'Demo'), ('TrialType', 'LOC'), ('StimType', 'FOIL'), ('CurrentImage', 'stimuli/fractals//177b.jpg'), ('DemoImage', 'stimuli/fractals//177b.jpg'), ('CurrentX', 300.0), ('CurrentY', 0.0), ('DemoX', -212.1320344), ('DemoY', 212.1320344), ('InPractice', 'OBJ-LURE'), ('DemoText', 'Új Helyek'), ('Jitter', 800)])
147.6413 	EXP 	demo_map: autoDraw = False
147.6413 	EXP 	demo_main_image: autoDraw = False
147.6413 	EXP 	demo_image: autoDraw = False
147.6413 	EXP 	demo_text: autoDraw = False
147.6413 	EXP 	demo_main_image: pos = array([300.,   0.])
147.6413 	EXP 	demo_main_image: image = 'stimuli/fractals//177b.jpg'
147.6413 	EXP 	demo_image: pos = array([-212.1320344,  212.1320344])
147.6413 	EXP 	demo_image: image = 'stimuli/fractals//177b.jpg'
147.6413 	EXP 	demo_text: text = 'Új Helyek'
147.6413 	EXP 	demo_map: autoDraw = True
147.6413 	EXP 	demo_main_image: autoDraw = True
147.6413 	EXP 	demo_image: autoDraw = True
147.6413 	EXP 	demo_text: autoDraw = True
158.0582 	DATA 	Keypress: right
158.0641 	EXP 	New trial (rep=0, index=9): OrderedDict([('Task', 'Demo'), ('TrialType', 'LOC'), ('StimType', 'FOIL'), ('CurrentImage', 'stimuli/fractals//177b.jpg'), ('DemoImage', 'stimuli/fractals//177b.jpg'), ('CurrentX', 300.0), ('CurrentY', 0.0), ('DemoX', -300.0), ('DemoY', 0.0), ('InPractice', 'OBJ-LURE'), ('DemoText', 'Új Helyek'), ('Jitter', 1200)])
158.2129 	EXP 	demo_map: autoDraw = False
158.2129 	EXP 	demo_main_image: autoDraw = False
158.2129 	EXP 	demo_image: autoDraw = False
158.2129 	EXP 	demo_text: autoDraw = False
158.2129 	EXP 	demo_main_image: pos = array([300.,   0.])
158.2129 	EXP 	demo_main_image: image = 'stimuli/fractals//177b.jpg'
158.2129 	EXP 	demo_image: pos = array([-300.,    0.])
158.2129 	EXP 	demo_image: image = 'stimuli/fractals//177b.jpg'
158.2129 	EXP 	demo_text: text = 'Új Helyek'
158.2129 	EXP 	demo_map: autoDraw = True
158.2129 	EXP 	demo_main_image: autoDraw = True
158.2129 	EXP 	demo_image: autoDraw = True
158.2129 	EXP 	demo_text: autoDraw = True
169.7210 	DATA 	Keypress: right
169.7247 	EXP 	demo_map: autoDraw = False
169.7247 	EXP 	demo_main_image: autoDraw = False
169.7247 	EXP 	demo_image: autoDraw = False
169.7247 	EXP 	demo_text: autoDraw = False
169.7247 	EXP 	demo_end_text: autoDraw = True
172.8200 	DATA 	Keypress: right
173.7727 	DATA 	Keypress: right
174.1351 	DATA 	Keypress: right
178.0279 	DATA 	Keypress: right
178.0297 	EXP 	demo_end_text: autoDraw = False
178.0297 	EXP 	start_practice_text: autoDraw = True
178.9470 	DATA 	Keypress: right
179.0293 	EXP 	Created sequence: sequential, trialTypes=1, nReps=2, seed=None
179.0296 	EXP 	New trial (rep=0, index=0): None
179.0352 	EXP 	start_practice_text: autoDraw = False
179.0352 	EXP 	start_practice_text: autoDraw = False
179.0352 	EXP 	rec_practice_block_text: text = 'Kép'
179.0352 	EXP 	rec_practice_block_text: autoDraw = True
180.0430 	EXP 	Imported recognition_practice_trials.csv as conditions, 3 conditions, 10 params
180.0436 	EXP 	Created sequence: sequential, trialTypes=3, nReps=1, seed=None
180.0443 	EXP 	New trial (rep=0, index=0): OrderedDict([('Task', 'RecognitionPractice'), ('TrialIndex', 1), ('BlockNr', 1), ('TrialType', 'OBJ'), ('StimType', 'FOIL'), ('CurrentImage', 'stimuli/fractals/156b.jpg'), ('CurrentX', 212.1320344), ('CurrentY', 212.1320344), ('Jitter', 0.6), ('Filler', 0)])
180.1204 	EXP 	rec_practice_block_text: autoDraw = False
180.1204 	EXP 	rec_practice_block_text: autoDraw = False
180.1204 	EXP 	rec_fx_cross: pos = array([212.1320344, 212.1320344])
180.1204 	EXP 	rec_fx_map: autoDraw = True
180.1204 	EXP 	rec_fx_map: autoDraw = False
180.1204 	EXP 	rec_fx_cross: autoDraw = True
180.1204 	EXP 	rec_fx_cross: autoDraw = False
180.1204 	EXP 	rec_fx_map: autoDraw = False
180.1204 	EXP 	rec_fx_cross: autoDraw = False
180.1204 	EXP 	rec_trial_main_image: pos = array([212.1320344, 212.1320344])
180.1204 	EXP 	rec_trial_main_image: image = 'stimuli/fractals/156b.jpg'
180.1204 	EXP 	rec_trial_map: autoDraw = True
180.1204 	EXP 	rec_trial_main_image: autoDraw = True
183.0507 	EXP 	New trial (rep=0, index=1): OrderedDict([('Task', 'RecognitionPractice'), ('TrialIndex', 1), ('BlockNr', 1), ('TrialType', 'OBJ'), ('StimType', 'LURE'), ('CurrentImage', 'stimuli/fractals/166c.jpg'), ('CurrentX', -300.0), ('CurrentY', 0.0), ('Jitter', 0.6), ('Filler', 0)])
183.1238 	EXP 	rec_trial_map: autoDraw = False
183.1238 	EXP 	rec_trial_main_image: autoDraw = False
183.1238 	EXP 	rec_fx_cross: pos = array([-300.,    0.])
183.1238 	EXP 	rec_fx_map: autoDraw = True
183.1238 	EXP 	rec_fx_map: autoDraw = False
183.1238 	EXP 	rec_fx_cross: autoDraw = True
183.1238 	EXP 	rec_fx_cross: autoDraw = False
183.1238 	EXP 	rec_fx_map: autoDraw = False
183.1238 	EXP 	rec_fx_cross: autoDraw = False
183.1238 	EXP 	rec_trial_main_image: pos = array([-300.,    0.])
183.1238 	EXP 	rec_trial_main_image: image = 'stimuli/fractals/166c.jpg'
183.1238 	EXP 	rec_trial_map: autoDraw = True
183.1238 	EXP 	rec_trial_main_image: autoDraw = True
186.0573 	EXP 	New trial (rep=0, index=2): OrderedDict([('Task', 'RecognitionPractice'), ('TrialIndex', 2), ('BlockNr', 1), ('TrialType', 'OBJ'), ('StimType', 'TARGET'), ('CurrentImage', 'stimuli/fractals/167a.jpg'), ('CurrentX', 0.0), ('CurrentY', 300.0), ('Jitter', 2.0), ('Filler', 0)])
186.0623 	EXP 	rec_trial_map: autoDraw = False
186.0623 	EXP 	rec_trial_main_image: autoDraw = False
186.0623 	EXP 	rec_fx_cross: pos = array([  0., 300.])
186.0623 	EXP 	rec_fx_map: autoDraw = True
186.0623 	EXP 	rec_fx_cross: autoDraw = True
186.1346 	EXP 	rec_fx_map: autoDraw = False
186.1346 	EXP 	rec_fx_cross: autoDraw = False
186.1346 	EXP 	rec_fx_map: autoDraw = False
186.1346 	EXP 	rec_fx_cross: autoDraw = False
186.1346 	EXP 	rec_trial_main_image: pos = array([  0., 300.])
186.1346 	EXP 	rec_trial_main_image: image = 'stimuli/fractals/167a.jpg'
186.1346 	EXP 	rec_trial_map: autoDraw = True
186.1346 	EXP 	rec_trial_main_image: autoDraw = True
189.0682 	EXP 	New trial (rep=1, index=0): None
189.0733 	EXP 	rec_trial_map: autoDraw = False
189.0733 	EXP 	rec_trial_main_image: autoDraw = False
189.0733 	EXP 	rec_practice_block_text: text = 'Hely'
189.0733 	EXP 	rec_practice_block_text: autoDraw = True
190.0737 	EXP 	Imported recognition_practice_trials.csv as conditions, 3 conditions, 10 params
190.0742 	EXP 	Created sequence: sequential, trialTypes=3, nReps=1, seed=None
190.0748 	EXP 	New trial (rep=0, index=0): OrderedDict([('Task', 'RecognitionPractice'), ('TrialIndex', 4), ('BlockNr', 2), ('TrialType', 'LOC'), ('StimType', 'LURE'), ('CurrentImage', 'stimuli/fractals/159a.jpg'), ('CurrentX', 212.1320344), ('CurrentY', 212.1320344), ('Jitter', 1.0), ('Filler', 0)])
190.0796 	EXP 	rec_practice_block_text: autoDraw = False
190.0796 	EXP 	rec_fx_cross: pos = array([212.1320344, 212.1320344])
190.0796 	EXP 	rec_fx_map: autoDraw = True
190.0796 	EXP 	rec_fx_cross: autoDraw = True
190.1579 	EXP 	rec_fx_map: autoDraw = False
190.1579 	EXP 	rec_fx_cross: autoDraw = False
190.1579 	EXP 	rec_fx_map: autoDraw = False
190.1579 	EXP 	rec_fx_cross: autoDraw = False
190.1579 	EXP 	rec_trial_main_image: pos = array([212.1320344, 212.1320344])
190.1579 	EXP 	rec_trial_main_image: image = 'stimuli/fractals/159a.jpg'
190.1579 	EXP 	rec_trial_map: autoDraw = True
190.1579 	EXP 	rec_trial_main_image: autoDraw = True
193.0842 	EXP 	New trial (rep=0, index=1): OrderedDict([('Task', 'RecognitionPractice'), ('TrialIndex', 5), ('BlockNr', 2), ('TrialType', 'LOC'), ('StimType', 'FOIL'), ('CurrentImage', 'stimuli/fractals/148b.jpg'), ('CurrentX', -212.1320344), ('CurrentY', -212.1320344), ('Jitter', 1.5), ('Filler', 0)])
193.0888 	EXP 	rec_trial_map: autoDraw = False
193.0888 	EXP 	rec_trial_main_image: autoDraw = False
193.0888 	EXP 	rec_fx_cross: pos = array([-212.1320344, -212.1320344])
193.0888 	EXP 	rec_fx_map: autoDraw = True
193.0888 	EXP 	rec_fx_cross: autoDraw = True
193.1593 	EXP 	rec_fx_map: autoDraw = False
193.1593 	EXP 	rec_fx_cross: autoDraw = False
193.1593 	EXP 	rec_fx_map: autoDraw = False
193.1593 	EXP 	rec_fx_cross: autoDraw = False
193.1593 	EXP 	rec_trial_main_image: pos = array([-212.1320344, -212.1320344])
193.1593 	EXP 	rec_trial_main_image: image = 'stimuli/fractals/148b.jpg'
193.1593 	EXP 	rec_trial_map: autoDraw = True
193.1593 	EXP 	rec_trial_main_image: autoDraw = True
196.0922 	EXP 	New trial (rep=0, index=2): OrderedDict([('Task', 'RecognitionPractice'), ('TrialIndex', 6), ('BlockNr', 2), ('TrialType', 'LOC'), ('StimType', 'TARGET'), ('CurrentImage', 'stimuli/fractals/166a.jpg'), ('CurrentX', -300.0), ('CurrentY', 0.0), ('Jitter', 1.0), ('Filler', 0)])
196.0978 	EXP 	rec_trial_map: autoDraw = False
196.0978 	EXP 	rec_trial_main_image: autoDraw = False
196.0978 	EXP 	rec_fx_cross: pos = array([-300.,    0.])
196.0978 	EXP 	rec_fx_map: autoDraw = True
196.0978 	EXP 	rec_fx_cross: autoDraw = True
196.1689 	EXP 	rec_fx_map: autoDraw = False
196.1689 	EXP 	rec_fx_cross: autoDraw = False
196.1689 	EXP 	rec_fx_map: autoDraw = False
196.1689 	EXP 	rec_fx_cross: autoDraw = False
196.1689 	EXP 	rec_trial_main_image: pos = array([-300.,    0.])
196.1689 	EXP 	rec_trial_main_image: image = 'stimuli/fractals/166a.jpg'
196.1689 	EXP 	rec_trial_map: autoDraw = True
196.1689 	EXP 	rec_trial_main_image: autoDraw = True
199.1031 	EXP 	rec_trial_map: autoDraw = False
199.1031 	EXP 	rec_trial_main_image: autoDraw = False
199.1031 	EXP 	end_practice_text: autoDraw = True
204.8798 	DATA 	Keypress: right
204.8817 	EXP 	Created sequence: sequential, trialTypes=1, nReps=3, seed=None
204.8821 	EXP 	New trial (rep=0, index=0): None
204.8848 	EXP 	end_practice_text: autoDraw = False
204.8848 	EXP 	start_rec_run_text: autoDraw = True
205.8853 	EXP 	Created sequence: sequential, trialTypes=1, nReps=2, seed=None
205.8856 	EXP 	New trial (rep=0, index=0): None
205.8894 	EXP 	start_rec_run_text: autoDraw = False
205.8894 	EXP 	start_rec_run_text: autoDraw = False
205.8894 	EXP 	start_rec_block_text: text = 'Hely'
205.8894 	EXP 	start_rec_block_text: autoDraw = True
207.4445 	EXP 	Imported stimuli_tables/recognition_trials_0.csv as conditions, 3 conditions, 25 params
207.4453 	EXP 	Created sequence: sequential, trialTypes=3, nReps=1, seed=None
207.4462 	EXP 	New trial (rep=0, index=0): OrderedDict([('TrialIndex', 1), ('Jitter', 500), ('ScannerRun', None), ('BlockNr', 1), ('TrialType', 'OBJ'), ('StimType', 'FOIL'), ('CurrentImage', 'stimuli/fractals/102b.jpg'), ('CurrentX', 300.0), ('CurrentY', 0.0), ('EncodingTrialIndex', 0.0), ('EncodingStimType', 'FOIL'), ('EncodingImage', None), ('EncodingXcoordinate', 0.0), ('EncodingYcoordinate', 0.0), ('TripletMemberA', None), ('TripletMemberB', None), ('TripletMemberC', None), ('Xcoordinate', None), ('Ycoordinate', None), ('Xcoordinate_lure1', None), ('Ycoordinate_lure1', None), ('Xcoordinate_lure2', None), ('Ycoordinate_lure2', None), ('Xcoordinate_foil', None), ('Ycoordinate_foil', None)])
207.4512 	EXP 	start_rec_block_text: autoDraw = False
207.4512 	EXP 	start_rec_block_text: autoDraw = False
207.4512 	EXP 	rec_fx_cross: pos = array([300.,   0.])
207.4512 	EXP 	rec_fx_map: autoDraw = True
207.4512 	EXP 	rec_fx_cross: autoDraw = True
208.0282 	EXP 	rec_fx_map: autoDraw = False
208.0282 	EXP 	rec_fx_cross: autoDraw = False
208.0282 	EXP 	rec_fx_map: autoDraw = False
208.0282 	EXP 	rec_fx_cross: autoDraw = False
208.0282 	EXP 	rec_trial_main_image: pos = array([300.,   0.])
208.0282 	EXP 	rec_trial_main_image: image = 'stimuli/fractals/102b.jpg'
208.0282 	EXP 	rec_trial_map: autoDraw = True
208.0282 	EXP 	rec_trial_main_image: autoDraw = True
210.9559 	EXP 	New trial (rep=0, index=1): OrderedDict([('TrialIndex', 2), ('Jitter', 1000), ('ScannerRun', None), ('BlockNr', 1), ('TrialType', 'OBJ'), ('StimType', 'LURE'), ('CurrentImage', 'stimuli/fractals/101c.jpg'), ('CurrentX', 212.1320344), ('CurrentY', 212.1320344), ('EncodingTrialIndex', 1.0), ('EncodingStimType', 'OLP'), ('EncodingImage', 'stimuli/fractals/101b.jpg'), ('EncodingXcoordinate', 212.1320344), ('EncodingYcoordinate', 212.1320344), ('TripletMemberA', 'stimuli/fractals/101b.jpg'), ('TripletMemberB', 'stimuli/fractals/101a.jpg'), ('TripletMemberC', 'stimuli/fractals/101c.jpg'), ('Xcoordinate', 212.1320344), ('Ycoordinate', 212.1320344), ('Xcoordinate_lure1', 0.0), ('Ycoordinate_lure1', 300.0), ('Xcoordinate_lure2', 300.0), ('Ycoordinate_lure2', 0.0), ('Xcoordinate_foil', -212.1320344), ('Ycoordinate_foil', -212.1320344)])
210.9608 	EXP 	rec_trial_map: autoDraw = False
210.9608 	EXP 	rec_trial_main_image: autoDraw = False
210.9608 	EXP 	rec_fx_cross: pos = array([212.1320344, 212.1320344])
210.9608 	EXP 	rec_fx_map: autoDraw = True
210.9608 	EXP 	rec_fx_cross: autoDraw = True
212.0389 	EXP 	rec_fx_map: autoDraw = False
212.0389 	EXP 	rec_fx_cross: autoDraw = False
212.0389 	EXP 	rec_fx_map: autoDraw = False
212.0389 	EXP 	rec_fx_cross: autoDraw = False
212.0389 	EXP 	rec_trial_main_image: pos = array([212.1320344, 212.1320344])
212.0389 	EXP 	rec_trial_main_image: image = 'stimuli/fractals/101c.jpg'
212.0389 	EXP 	rec_trial_map: autoDraw = True
212.0389 	EXP 	rec_trial_main_image: autoDraw = True
214.9668 	EXP 	New trial (rep=0, index=2): OrderedDict([('TrialIndex', 3), ('Jitter', 2000), ('ScannerRun', None), ('BlockNr', 1), ('TrialType', 'OBJ'), ('StimType', 'TARGET'), ('CurrentImage', 'stimuli/fractals/97b.jpg'), ('CurrentX', 212.1320344), ('CurrentY', -212.1320344), ('EncodingTrialIndex', 2.0), ('EncodingStimType', 'OLP'), ('EncodingImage', 'stimuli/fractals/97b.jpg'), ('EncodingXcoordinate', 212.1320344), ('EncodingYcoordinate', -212.1320344), ('TripletMemberA', 'stimuli/fractals/97b.jpg'), ('TripletMemberB', 'stimuli/fractals/97c.jpg'), ('TripletMemberC', 'stimuli/fractals/97a.jpg'), ('Xcoordinate', 212.1320344), ('Ycoordinate', -212.1320344), ('Xcoordinate_lure1', 0.0), ('Ycoordinate_lure1', -300.0), ('Xcoordinate_lure2', 300.0), ('Ycoordinate_lure2', 0.0), ('Xcoordinate_foil', -212.1320344), ('Ycoordinate_foil', 212.1320344)])
214.9724 	EXP 	rec_trial_map: autoDraw = False
214.9724 	EXP 	rec_trial_main_image: autoDraw = False
214.9724 	EXP 	rec_fx_cross: pos = array([ 212.1320344, -212.1320344])
214.9724 	EXP 	rec_fx_map: autoDraw = True
214.9724 	EXP 	rec_fx_cross: autoDraw = True
217.0448 	EXP 	rec_fx_map: autoDraw = False
217.0448 	EXP 	rec_fx_cross: autoDraw = False
217.0448 	EXP 	rec_fx_map: autoDraw = False
217.0448 	EXP 	rec_fx_cross: autoDraw = False
217.0448 	EXP 	rec_trial_main_image: pos = array([ 212.1320344, -212.1320344])
217.0448 	EXP 	rec_trial_main_image: image = 'stimuli/fractals/97b.jpg'
217.0448 	EXP 	rec_trial_map: autoDraw = True
217.0448 	EXP 	rec_trial_main_image: autoDraw = True
219.9763 	EXP 	New trial (rep=1, index=0): None
219.9806 	EXP 	rec_trial_map: autoDraw = False
219.9806 	EXP 	rec_trial_main_image: autoDraw = False
219.9806 	EXP 	start_rec_block_text: text = 'Kép'
219.9806 	EXP 	start_rec_block_text: autoDraw = True
221.5279 	EXP 	Imported stimuli_tables/recognition_trials_0.csv as conditions, 3 conditions, 25 params
221.5287 	EXP 	Created sequence: sequential, trialTypes=3, nReps=1, seed=None
221.5296 	EXP 	New trial (rep=0, index=0): OrderedDict([('TrialIndex', 4), ('Jitter', 3000), ('ScannerRun', None), ('BlockNr', 1), ('TrialType', 'OBJ'), ('StimType', 'FOIL'), ('CurrentImage', 'stimuli/fractals/57a.jpg'), ('CurrentX', -212.1320344), ('CurrentY', -212.1320344), ('EncodingTrialIndex', 0.0), ('EncodingStimType', 'FOIL'), ('EncodingImage', None), ('EncodingXcoordinate', 0.0), ('EncodingYcoordinate', 0.0), ('TripletMemberA', None), ('TripletMemberB', None), ('TripletMemberC', None), ('Xcoordinate', None), ('Ycoordinate', None), ('Xcoordinate_lure1', None), ('Ycoordinate_lure1', None), ('Xcoordinate_lure2', None), ('Ycoordinate_lure2', None), ('Xcoordinate_foil', None), ('Ycoordinate_foil', None)])
221.5346 	EXP 	start_rec_block_text: autoDraw = False
221.5346 	EXP 	rec_fx_cross: pos = array([-212.1320344, -212.1320344])
221.5346 	EXP 	rec_fx_map: autoDraw = True
221.5346 	EXP 	rec_fx_cross: autoDraw = True
224.6090 	EXP 	rec_fx_map: autoDraw = False
224.6090 	EXP 	rec_fx_cross: autoDraw = False
224.6090 	EXP 	rec_fx_map: autoDraw = False
224.6090 	EXP 	rec_fx_cross: autoDraw = False
224.6090 	EXP 	rec_trial_main_image: pos = array([-212.1320344, -212.1320344])
224.6090 	EXP 	rec_trial_main_image: image = 'stimuli/fractals/57a.jpg'
224.6090 	EXP 	rec_trial_map: autoDraw = True
224.6090 	EXP 	rec_trial_main_image: autoDraw = True
227.5403 	EXP 	New trial (rep=0, index=1): OrderedDict([('TrialIndex', 5), ('Jitter', 2000), ('ScannerRun', None), ('BlockNr', 1), ('TrialType', 'OBJ'), ('StimType', 'TARGET'), ('CurrentImage', 'stimuli/fractals/15b.jpg'), ('CurrentX', -212.1320344), ('CurrentY', -212.1320344), ('EncodingTrialIndex', 12.0), ('EncodingStimType', 'OLP'), ('EncodingImage', 'stimuli/fractals/15b.jpg'), ('EncodingXcoordinate', -212.1320344), ('EncodingYcoordinate', -212.1320344), ('TripletMemberA', 'stimuli/fractals/15b.jpg'), ('TripletMemberB', 'stimuli/fractals/15a.jpg'), ('TripletMemberC', 'stimuli/fractals/15c.jpg'), ('Xcoordinate', -212.1320344), ('Ycoordinate', -212.1320344), ('Xcoordinate_lure1', -300.0), ('Ycoordinate_lure1', 0.0), ('Xcoordinate_lure2', 0.0), ('Ycoordinate_lure2', -300.0), ('Xcoordinate_foil', 212.1320344), ('Ycoordinate_foil', 212.1320344)])
227.5458 	EXP 	rec_trial_map: autoDraw = False
227.5458 	EXP 	rec_trial_main_image: autoDraw = False
227.5458 	EXP 	rec_fx_cross: pos = array([-212.1320344, -212.1320344])
227.5458 	EXP 	rec_fx_map: autoDraw = True
227.5458 	EXP 	rec_fx_cross: autoDraw = True
229.6169 	EXP 	rec_fx_map: autoDraw = False
229.6169 	EXP 	rec_fx_cross: autoDraw = False
229.6169 	EXP 	rec_fx_map: autoDraw = False
229.6169 	EXP 	rec_fx_cross: autoDraw = False
229.6169 	EXP 	rec_trial_main_image: pos = array([-212.1320344, -212.1320344])
229.6169 	EXP 	rec_trial_main_image: image = 'stimuli/fractals/15b.jpg'
229.6169 	EXP 	rec_trial_map: autoDraw = True
229.6169 	EXP 	rec_trial_main_image: autoDraw = True
232.5493 	EXP 	New trial (rep=0, index=2): OrderedDict([('TrialIndex', 6), ('Jitter', 1000), ('ScannerRun', None), ('BlockNr', 1), ('TrialType', 'OBJ'), ('StimType', 'FOIL'), ('CurrentImage', 'stimuli/fractals/20c.jpg'), ('CurrentX', 300.0), ('CurrentY', 0.0), ('EncodingTrialIndex', 0.0), ('EncodingStimType', 'FOIL'), ('EncodingImage', None), ('EncodingXcoordinate', 0.0), ('EncodingYcoordinate', 0.0), ('TripletMemberA', None), ('TripletMemberB', None), ('TripletMemberC', None), ('Xcoordinate', None), ('Ycoordinate', None), ('Xcoordinate_lure1', None), ('Ycoordinate_lure1', None), ('Xcoordinate_lure2', None), ('Ycoordinate_lure2', None), ('Xcoordinate_foil', None), ('Ycoordinate_foil', None)])
232.5542 	EXP 	rec_trial_map: autoDraw = False
232.5542 	EXP 	rec_trial_main_image: autoDraw = False
232.5542 	EXP 	rec_fx_cross: pos = array([300.,   0.])
232.5542 	EXP 	rec_fx_map: autoDraw = True
232.5542 	EXP 	rec_fx_cross: autoDraw = True
233.6312 	EXP 	rec_fx_map: autoDraw = False
233.6312 	EXP 	rec_fx_cross: autoDraw = False
233.6312 	EXP 	rec_fx_map: autoDraw = False
233.6312 	EXP 	rec_fx_cross: autoDraw = False
233.6312 	EXP 	rec_trial_main_image: pos = array([300.,   0.])
233.6312 	EXP 	rec_trial_main_image: image = 'stimuli/fractals/20c.jpg'
233.6312 	EXP 	rec_trial_map: autoDraw = True
233.6312 	EXP 	rec_trial_main_image: autoDraw = True
236.5783 	EXP 	rec_trial_map: autoDraw = False
236.5783 	EXP 	rec_trial_main_image: autoDraw = False
236.5783 	EXP 	end_rec_run_text: text = 'Szünet\nA folytatáshoz nyomja le a jobb nyilat'
236.5783 	EXP 	end_rec_run_text: autoDraw = True
298.2586 	DATA 	Mouse: Left button down, pos=(1473,119)
298.3737 	DATA 	Mouse:  Left button up, pos=(1473,119)
299.9735 	DATA 	Mouse: Left button down, pos=(502,290)
300.1101 	DATA 	Mouse:  Left button up, pos=(502,290)
300.7526 	DATA 	Keypress: right
300.7574 	EXP 	New trial (rep=1, index=0): None
300.7592 	EXP 	end_rec_run_text: autoDraw = False
300.7592 	EXP 	start_rec_run_text: autoDraw = True
301.7587 	EXP 	Created sequence: sequential, trialTypes=1, nReps=2, seed=None
301.7590 	EXP 	New trial (rep=0, index=0): None
301.7606 	EXP 	start_rec_run_text: autoDraw = False
301.7606 	EXP 	start_rec_run_text: autoDraw = False
301.7606 	EXP 	start_rec_block_text: text = 'Kép'
301.7606 	EXP 	start_rec_block_text: autoDraw = True
303.3144 	EXP 	Imported stimuli_tables/recognition_trials_0.csv as conditions, 3 conditions, 25 params
303.3152 	EXP 	Created sequence: sequential, trialTypes=3, nReps=1, seed=None
303.3161 	EXP 	New trial (rep=0, index=0): OrderedDict([('TrialIndex', 7), ('Jitter', 3000), ('ScannerRun', None), ('BlockNr', 1), ('TrialType', 'OBJ'), ('StimType', 'TARGET'), ('CurrentImage', 'stimuli/fractals/121b.jpg'), ('CurrentX', 0.0), ('CurrentY', 300.0), ('EncodingTrialIndex', 18.0), ('EncodingStimType', 'OLP'), ('EncodingImage', 'stimuli/fractals/121b.jpg'), ('EncodingXcoordinate', 0.0), ('EncodingYcoordinate', 300.0), ('TripletMemberA', 'stimuli/fractals/121b.jpg'), ('TripletMemberB', 'stimuli/fractals/121c.jpg'), ('TripletMemberC', 'stimuli/fractals/121a.jpg'), ('Xcoordinate', 0.0), ('Ycoordinate', 300.0), ('Xcoordinate_lure1', 212.1320344), ('Ycoordinate_lure1', 212.1320344), ('Xcoordinate_lure2', -212.1320344), ('Ycoordinate_lure2', 212.1320344), ('Xcoordinate_foil', 0.0), ('Ycoordinate_foil', -300.0)])
303.3213 	EXP 	start_rec_block_text: autoDraw = False
303.3213 	EXP 	start_rec_block_text: autoDraw = False
303.3213 	EXP 	rec_fx_cross: pos = array([  0., 300.])
303.3213 	EXP 	rec_fx_map: autoDraw = True
303.3213 	EXP 	rec_fx_cross: autoDraw = True
306.3980 	EXP 	rec_fx_map: autoDraw = False
306.3980 	EXP 	rec_fx_cross: autoDraw = False
306.3980 	EXP 	rec_fx_map: autoDraw = False
306.3980 	EXP 	rec_fx_cross: autoDraw = False
306.3980 	EXP 	rec_trial_main_image: pos = array([  0., 300.])
306.3980 	EXP 	rec_trial_main_image: image = 'stimuli/fractals/121b.jpg'
306.3980 	EXP 	rec_trial_map: autoDraw = True
306.3980 	EXP 	rec_trial_main_image: autoDraw = True
309.3288 	EXP 	New trial (rep=0, index=1): OrderedDict([('TrialIndex', 8), ('Jitter', 1000), ('ScannerRun', None), ('BlockNr', 1), ('TrialType', 'OBJ'), ('StimType', 'TARGET'), ('CurrentImage', 'stimuli/fractals/19a.jpg'), ('CurrentX', 212.1320344), ('CurrentY', -212.1320344), ('EncodingTrialIndex', 4.0), ('EncodingStimType', 'ERP'), ('EncodingImage', 'stimuli/fractals/19a.jpg'), ('EncodingXcoordinate', 212.1320344), ('EncodingYcoordinate', -212.1320344), ('TripletMemberA', 'stimuli/fractals/19a.jpg'), ('TripletMemberB', 'stimuli/fractals/19c.jpg'), ('TripletMemberC', 'stimuli/fractals/19b.jpg'), ('Xcoordinate', 212.1320344), ('Ycoordinate', -212.1320344), ('Xcoordinate_lure1', 300.0), ('Ycoordinate_lure1', 0.0), ('Xcoordinate_lure2', 0.0), ('Ycoordinate_lure2', -300.0), ('Xcoordinate_foil', -300.0), ('Ycoordinate_foil', 0.0)])
309.3342 	EXP 	rec_trial_map: autoDraw = False
309.3342 	EXP 	rec_trial_main_image: autoDraw = False
309.3342 	EXP 	rec_fx_cross: pos = array([ 212.1320344, -212.1320344])
309.3342 	EXP 	rec_fx_map: autoDraw = True
309.3342 	EXP 	rec_fx_cross: autoDraw = True
310.4062 	EXP 	rec_fx_map: autoDraw = False
310.4062 	EXP 	rec_fx_cross: autoDraw = False
310.4062 	EXP 	rec_fx_map: autoDraw = False
310.4062 	EXP 	rec_fx_cross: autoDraw = False
310.4062 	EXP 	rec_trial_main_image: pos = array([ 212.1320344, -212.1320344])
310.4062 	EXP 	rec_trial_main_image: image = 'stimuli/fractals/19a.jpg'
310.4062 	EXP 	rec_trial_map: autoDraw = True
310.4062 	EXP 	rec_trial_main_image: autoDraw = True
313.3404 	EXP 	New trial (rep=0, index=2): OrderedDict([('TrialIndex', 9), ('Jitter', 2000), ('ScannerRun', None), ('BlockNr', 1), ('TrialType', 'OBJ'), ('StimType', 'TARGET'), ('CurrentImage', 'stimuli/fractals/14c.jpg'), ('CurrentX', -212.1320344), ('CurrentY', -212.1320344), ('EncodingTrialIndex', 8.0), ('EncodingStimType', 'ERP'), ('EncodingImage', 'stimuli/fractals/14c.jpg'), ('EncodingXcoordinate', -212.1320344), ('EncodingYcoordinate', -212.1320344), ('TripletMemberA', 'stimuli/fractals/14c.jpg'), ('TripletMemberB', 'stimuli/fractals/14b.jpg'), ('TripletMemberC', 'stimuli/fractals/14a.jpg'), ('Xcoordinate', -212.1320344), ('Ycoordinate', -212.1320344), ('Xcoordinate_lure1', -300.0), ('Ycoordinate_lure1', 0.0), ('Xcoordinate_lure2', 0.0), ('Ycoordinate_lure2', -300.0), ('Xcoordinate_foil', 212.1320344), ('Ycoordinate_foil', 212.1320344)])
313.3453 	EXP 	rec_trial_map: autoDraw = False
313.3453 	EXP 	rec_trial_main_image: autoDraw = False
313.3453 	EXP 	rec_fx_cross: pos = array([-212.1320344, -212.1320344])
313.3453 	EXP 	rec_fx_map: autoDraw = True
313.3453 	EXP 	rec_fx_cross: autoDraw = True
315.4179 	EXP 	rec_fx_map: autoDraw = False
315.4179 	EXP 	rec_fx_cross: autoDraw = False
315.4179 	EXP 	rec_fx_map: autoDraw = False
315.4179 	EXP 	rec_fx_cross: autoDraw = False
315.4179 	EXP 	rec_trial_main_image: pos = array([-212.1320344, -212.1320344])
315.4179 	EXP 	rec_trial_main_image: image = 'stimuli/fractals/14c.jpg'
315.4179 	EXP 	rec_trial_map: autoDraw = True
315.4179 	EXP 	rec_trial_main_image: autoDraw = True
318.3510 	EXP 	New trial (rep=1, index=0): None
318.3526 	EXP 	rec_trial_map: autoDraw = False
318.3526 	EXP 	rec_trial_main_image: autoDraw = False
318.3526 	EXP 	start_rec_block_text: text = 'Kép'
318.3526 	EXP 	start_rec_block_text: autoDraw = True
319.9003 	EXP 	Imported stimuli_tables/recognition_trials_0.csv as conditions, 3 conditions, 25 params
319.9011 	EXP 	Created sequence: sequential, trialTypes=3, nReps=1, seed=None
319.9020 	EXP 	New trial (rep=0, index=0): OrderedDict([('TrialIndex', 10), ('Jitter', 2000), ('ScannerRun', None), ('BlockNr', 1), ('TrialType', 'OBJ'), ('StimType', 'FOIL'), ('CurrentImage', 'stimuli/fractals/71c.jpg'), ('CurrentX', 300.0), ('CurrentY', 0.0), ('EncodingTrialIndex', 0.0), ('EncodingStimType', 'FOIL'), ('EncodingImage', None), ('EncodingXcoordinate', 0.0), ('EncodingYcoordinate', 0.0), ('TripletMemberA', None), ('TripletMemberB', None), ('TripletMemberC', None), ('Xcoordinate', None), ('Ycoordinate', None), ('Xcoordinate_lure1', None), ('Ycoordinate_lure1', None), ('Xcoordinate_lure2', None), ('Ycoordinate_lure2', None), ('Xcoordinate_foil', None), ('Ycoordinate_foil', None)])
319.9071 	EXP 	start_rec_block_text: autoDraw = False
319.9071 	EXP 	rec_fx_cross: pos = array([300.,   0.])
319.9071 	EXP 	rec_fx_map: autoDraw = True
319.9071 	EXP 	rec_fx_cross: autoDraw = True
321.9820 	EXP 	rec_fx_map: autoDraw = False
321.9820 	EXP 	rec_fx_cross: autoDraw = False
321.9820 	EXP 	rec_fx_map: autoDraw = False
321.9820 	EXP 	rec_fx_cross: autoDraw = False
321.9820 	EXP 	rec_trial_main_image: pos = array([300.,   0.])
321.9820 	EXP 	rec_trial_main_image: image = 'stimuli/fractals/71c.jpg'
321.9820 	EXP 	rec_trial_map: autoDraw = True
321.9820 	EXP 	rec_trial_main_image: autoDraw = True
324.9145 	EXP 	New trial (rep=0, index=1): OrderedDict([('TrialIndex', 11), ('Jitter', 6000), ('ScannerRun', None), ('BlockNr', 1), ('TrialType', 'OBJ'), ('StimType', 'LURE'), ('CurrentImage', 'stimuli/fractals/76a.jpg'), ('CurrentX', 212.1320344), ('CurrentY', 212.1320344), ('EncodingTrialIndex', 3.0), ('EncodingStimType', 'LLP'), ('EncodingImage', 'stimuli/fractals/76b.jpg'), ('EncodingXcoordinate', 212.1320344), ('EncodingYcoordinate', 212.1320344), ('TripletMemberA', 'stimuli/fractals/76b.jpg'), ('TripletMemberB', 'stimuli/fractals/76c.jpg'), ('TripletMemberC', 'stimuli/fractals/76a.jpg'), ('Xcoordinate', 212.1320344), ('Ycoordinate', 212.1320344), ('Xcoordinate_lure1', 300.0), ('Ycoordinate_lure1', 0.0), ('Xcoordinate_lure2', 0.0), ('Ycoordinate_lure2', 300.0), ('Xcoordinate_foil', -212.1320344), ('Ycoordinate_foil', -212.1320344)])
324.9194 	EXP 	rec_trial_map: autoDraw = False
324.9194 	EXP 	rec_trial_main_image: autoDraw = False
324.9194 	EXP 	rec_fx_cross: pos = array([212.1320344, 212.1320344])
324.9194 	EXP 	rec_fx_map: autoDraw = True
324.9194 	EXP 	rec_fx_cross: autoDraw = True
330.9909 	EXP 	rec_fx_map: autoDraw = False
330.9909 	EXP 	rec_fx_cross: autoDraw = False
330.9909 	EXP 	rec_fx_map: autoDraw = False
330.9909 	EXP 	rec_fx_cross: autoDraw = False
330.9909 	EXP 	rec_trial_main_image: pos = array([212.1320344, 212.1320344])
330.9909 	EXP 	rec_trial_main_image: image = 'stimuli/fractals/76a.jpg'
330.9909 	EXP 	rec_trial_map: autoDraw = True
330.9909 	EXP 	rec_trial_main_image: autoDraw = True
333.9238 	EXP 	New trial (rep=0, index=2): OrderedDict([('TrialIndex', 12), ('Jitter', 2000), ('ScannerRun', None), ('BlockNr', 1), ('TrialType', 'OBJ'), ('StimType', 'FOIL'), ('CurrentImage', 'stimuli/fractals/129c.jpg'), ('CurrentX', 212.1320344), ('CurrentY', 212.1320344), ('EncodingTrialIndex', 0.0), ('EncodingStimType', 'FOIL'), ('EncodingImage', None), ('EncodingXcoordinate', 0.0), ('EncodingYcoordinate', 0.0), ('TripletMemberA', None), ('TripletMemberB', None), ('TripletMemberC', None), ('Xcoordinate', None), ('Ycoordinate', None), ('Xcoordinate_lure1', None), ('Ycoordinate_lure1', None), ('Xcoordinate_lure2', None), ('Ycoordinate_lure2', None), ('Xcoordinate_foil', None), ('Ycoordinate_foil', None)])
333.9287 	EXP 	rec_trial_map: autoDraw = False
333.9287 	EXP 	rec_trial_main_image: autoDraw = False
333.9287 	EXP 	rec_fx_cross: pos = array([212.1320344, 212.1320344])
333.9287 	EXP 	rec_fx_map: autoDraw = True
333.9287 	EXP 	rec_fx_cross: autoDraw = True
336.0001 	EXP 	rec_fx_map: autoDraw = False
336.0001 	EXP 	rec_fx_cross: autoDraw = False
336.0001 	EXP 	rec_fx_map: autoDraw = False
336.0001 	EXP 	rec_fx_cross: autoDraw = False
336.0001 	EXP 	rec_trial_main_image: pos = array([212.1320344, 212.1320344])
336.0001 	EXP 	rec_trial_main_image: image = 'stimuli/fractals/129c.jpg'
336.0001 	EXP 	rec_trial_map: autoDraw = True
336.0001 	EXP 	rec_trial_main_image: autoDraw = True
338.9330 	EXP 	rec_trial_map: autoDraw = False
338.9330 	EXP 	rec_trial_main_image: autoDraw = False
338.9330 	EXP 	end_rec_run_text: text = 'Szünet\nA folytatáshoz nyomja le a jobb nyilat'
338.9330 	EXP 	end_rec_run_text: autoDraw = True
341.4242 	DATA 	Keypress: right
341.4255 	EXP 	New trial (rep=2, index=0): None
341.4275 	EXP 	end_rec_run_text: autoDraw = False
341.4275 	EXP 	start_rec_run_text: autoDraw = True
342.4263 	EXP 	Created sequence: sequential, trialTypes=1, nReps=2, seed=None
342.4266 	EXP 	New trial (rep=0, index=0): None
342.4282 	EXP 	start_rec_run_text: autoDraw = False
342.4282 	EXP 	start_rec_run_text: autoDraw = False
342.4282 	EXP 	start_rec_block_text: text = 'Kép'
342.4282 	EXP 	start_rec_block_text: autoDraw = True
343.9810 	EXP 	Imported stimuli_tables/recognition_trials_0.csv as conditions, 3 conditions, 25 params
343.9817 	EXP 	Created sequence: sequential, trialTypes=3, nReps=1, seed=None
343.9826 	EXP 	New trial (rep=0, index=0): OrderedDict([('TrialIndex', 13), ('Jitter', 2000), ('ScannerRun', None), ('BlockNr', 1), ('TrialType', 'OBJ'), ('StimType', 'LURE'), ('CurrentImage', 'stimuli/fractals/63a.jpg'), ('CurrentX', 0.0), ('CurrentY', 300.0), ('EncodingTrialIndex', 11.0), ('EncodingStimType', 'ERP'), ('EncodingImage', 'stimuli/fractals/63c.jpg'), ('EncodingXcoordinate', 0.0), ('EncodingYcoordinate', 300.0), ('TripletMemberA', 'stimuli/fractals/63c.jpg'), ('TripletMemberB', 'stimuli/fractals/63b.jpg'), ('TripletMemberC', 'stimuli/fractals/63a.jpg'), ('Xcoordinate', 0.0), ('Ycoordinate', 300.0), ('Xcoordinate_lure1', -212.1320344), ('Ycoordinate_lure1', 212.1320344), ('Xcoordinate_lure2', 212.1320344), ('Ycoordinate_lure2', 212.1320344), ('Xcoordinate_foil', 0.0), ('Ycoordinate_foil', -300.0)])
343.9876 	EXP 	start_rec_block_text: autoDraw = False
343.9876 	EXP 	start_rec_block_text: autoDraw = False
343.9876 	EXP 	rec_fx_cross: pos = array([  0., 300.])
343.9876 	EXP 	rec_fx_map: autoDraw = True
343.9876 	EXP 	rec_fx_cross: autoDraw = True
346.0591 	EXP 	rec_fx_map: autoDraw = False
346.0591 	EXP 	rec_fx_cross: autoDraw = False
346.0591 	EXP 	rec_fx_map: autoDraw = False
346.0591 	EXP 	rec_fx_cross: autoDraw = False
346.0591 	EXP 	rec_trial_main_image: pos = array([  0., 300.])
346.0591 	EXP 	rec_trial_main_image: image = 'stimuli/fractals/63a.jpg'
346.0591 	EXP 	rec_trial_map: autoDraw = True
346.0591 	EXP 	rec_trial_main_image: autoDraw = True
348.9939 	EXP 	New trial (rep=0, index=1): OrderedDict([('TrialIndex', 14), ('Jitter', 3000), ('ScannerRun', None), ('BlockNr', 1), ('TrialType', 'OBJ'), ('StimType', 'FOIL'), ('CurrentImage', 'stimuli/fractals/23b.jpg'), ('CurrentX', -212.1320344), ('CurrentY', 212.1320344), ('EncodingTrialIndex', 0.0), ('EncodingStimType', 'FOIL'), ('EncodingImage', None), ('EncodingXcoordinate', 0.0), ('EncodingYcoordinate', 0.0), ('TripletMemberA', None), ('TripletMemberB', None), ('TripletMemberC', None), ('Xcoordinate', None), ('Ycoordinate', None), ('Xcoordinate_lure1', None), ('Ycoordinate_lure1', None), ('Xcoordinate_lure2', None), ('Ycoordinate_lure2', None), ('Xcoordinate_foil', None), ('Ycoordinate_foil', None)])
348.9988 	EXP 	rec_trial_map: autoDraw = False
348.9988 	EXP 	rec_trial_main_image: autoDraw = False
348.9988 	EXP 	rec_fx_cross: pos = array([-212.1320344,  212.1320344])
348.9988 	EXP 	rec_fx_map: autoDraw = True
348.9988 	EXP 	rec_fx_cross: autoDraw = True
352.0706 	EXP 	rec_fx_map: autoDraw = False
352.0706 	EXP 	rec_fx_cross: autoDraw = False
352.0706 	EXP 	rec_fx_map: autoDraw = False
352.0706 	EXP 	rec_fx_cross: autoDraw = False
352.0706 	EXP 	rec_trial_main_image: pos = array([-212.1320344,  212.1320344])
352.0706 	EXP 	rec_trial_main_image: image = 'stimuli/fractals/23b.jpg'
352.0706 	EXP 	rec_trial_map: autoDraw = True
352.0706 	EXP 	rec_trial_main_image: autoDraw = True
355.0060 	EXP 	New trial (rep=0, index=2): OrderedDict([('TrialIndex', 15), ('Jitter', 2000), ('ScannerRun', None), ('BlockNr', 1), ('TrialType', 'OBJ'), ('StimType', 'LURE'), ('CurrentImage', 'stimuli/fractals/36b.jpg'), ('CurrentX', -300.0), ('CurrentY', 0.0), ('EncodingTrialIndex', 22.0), ('EncodingStimType', 'ERP'), ('EncodingImage', 'stimuli/fractals/36a.jpg'), ('EncodingXcoordinate', -300.0), ('EncodingYcoordinate', 0.0), ('TripletMemberA', 'stimuli/fractals/36a.jpg'), ('TripletMemberB', 'stimuli/fractals/36c.jpg'), ('TripletMemberC', 'stimuli/fractals/36b.jpg'), ('Xcoordinate', -300.0), ('Ycoordinate', 0.0), ('Xcoordinate_lure1', -212.1320344), ('Ycoordinate_lure1', 212.1320344), ('Xcoordinate_lure2', -212.1320344), ('Ycoordinate_lure2', -212.1320344), ('Xcoordinate_foil', 212.1320344), ('Ycoordinate_foil', -212.1320344)])
355.0109 	EXP 	rec_trial_map: autoDraw = False
355.0109 	EXP 	rec_trial_main_image: autoDraw = False
355.0109 	EXP 	rec_fx_cross: pos = array([-300.,    0.])
355.0109 	EXP 	rec_fx_map: autoDraw = True
355.0109 	EXP 	rec_fx_cross: autoDraw = True
357.0823 	EXP 	rec_fx_map: autoDraw = False
357.0823 	EXP 	rec_fx_cross: autoDraw = False
357.0823 	EXP 	rec_fx_map: autoDraw = False
357.0823 	EXP 	rec_fx_cross: autoDraw = False
357.0823 	EXP 	rec_trial_main_image: pos = array([-300.,    0.])
357.0823 	EXP 	rec_trial_main_image: image = 'stimuli/fractals/36b.jpg'
357.0823 	EXP 	rec_trial_map: autoDraw = True
357.0823 	EXP 	rec_trial_main_image: autoDraw = True
360.0155 	EXP 	New trial (rep=1, index=0): None
360.0174 	EXP 	rec_trial_map: autoDraw = False
360.0174 	EXP 	rec_trial_main_image: autoDraw = False
360.0174 	EXP 	start_rec_block_text: text = 'Kép'
360.0174 	EXP 	start_rec_block_text: autoDraw = True
361.5659 	EXP 	Imported stimuli_tables/recognition_trials_0.csv as conditions, 3 conditions, 25 params
361.5667 	EXP 	Created sequence: sequential, trialTypes=3, nReps=1, seed=None
361.5676 	EXP 	New trial (rep=0, index=0): OrderedDict([('TrialIndex', 16), ('Jitter', 1000), ('ScannerRun', None), ('BlockNr', 1), ('TrialType', 'OBJ'), ('StimType', 'LURE'), ('CurrentImage', 'stimuli/fractals/27b.jpg'), ('CurrentX', 212.1320344), ('CurrentY', -212.1320344), ('EncodingTrialIndex', 10.0), ('EncodingStimType', 'LLP'), ('EncodingImage', 'stimuli/fractals/27a.jpg'), ('EncodingXcoordinate', 212.1320344), ('EncodingYcoordinate', -212.1320344), ('TripletMemberA', 'stimuli/fractals/27a.jpg'), ('TripletMemberB', 'stimuli/fractals/27c.jpg'), ('TripletMemberC', 'stimuli/fractals/27b.jpg'), ('Xcoordinate', 212.1320344), ('Ycoordinate', -212.1320344), ('Xcoordinate_lure1', 300.0), ('Ycoordinate_lure1', 0.0), ('Xcoordinate_lure2', 0.0), ('Ycoordinate_lure2', -300.0), ('Xcoordinate_foil', -300.0), ('Ycoordinate_foil', 0.0)])
361.5726 	EXP 	start_rec_block_text: autoDraw = False
361.5726 	EXP 	rec_fx_cross: pos = array([ 212.1320344, -212.1320344])
361.5726 	EXP 	rec_fx_map: autoDraw = True
361.5726 	EXP 	rec_fx_cross: autoDraw = True
362.6434 	EXP 	rec_fx_map: autoDraw = False
362.6434 	EXP 	rec_fx_cross: autoDraw = False
362.6434 	EXP 	rec_fx_map: autoDraw = False
362.6434 	EXP 	rec_fx_cross: autoDraw = False
362.6434 	EXP 	rec_trial_main_image: pos = array([ 212.1320344, -212.1320344])
362.6434 	EXP 	rec_trial_main_image: image = 'stimuli/fractals/27b.jpg'
362.6434 	EXP 	rec_trial_map: autoDraw = True
362.6434 	EXP 	rec_trial_main_image: autoDraw = True
365.5783 	EXP 	New trial (rep=0, index=1): OrderedDict([('TrialIndex', 17), ('Jitter', 1000), ('ScannerRun', None), ('BlockNr', 1), ('TrialType', 'OBJ'), ('StimType', 'TARGET'), ('CurrentImage', 'stimuli/fractals/40a.jpg'), ('CurrentX', -212.1320344), ('CurrentY', -212.1320344), ('EncodingTrialIndex', 16.0), ('EncodingStimType', 'LLP'), ('EncodingImage', 'stimuli/fractals/40a.jpg'), ('EncodingXcoordinate', -212.1320344), ('EncodingYcoordinate', -212.1320344), ('TripletMemberA', 'stimuli/fractals/40a.jpg'), ('TripletMemberB', 'stimuli/fractals/40b.jpg'), ('TripletMemberC', 'stimuli/fractals/40c.jpg'), ('Xcoordinate', -212.1320344), ('Ycoordinate', -212.1320344), ('Xcoordinate_lure1', -300.0), ('Ycoordinate_lure1', 0.0), ('Xcoordinate_lure2', 0.0), ('Ycoordinate_lure2', -300.0), ('Xcoordinate_foil', 300.0), ('Ycoordinate_foil', 0.0)])
365.5833 	EXP 	rec_trial_map: autoDraw = False
365.5833 	EXP 	rec_trial_main_image: autoDraw = False
365.5833 	EXP 	rec_fx_cross: pos = array([-212.1320344, -212.1320344])
365.5833 	EXP 	rec_fx_map: autoDraw = True
365.5833 	EXP 	rec_fx_cross: autoDraw = True
366.6535 	EXP 	rec_fx_map: autoDraw = False
366.6535 	EXP 	rec_fx_cross: autoDraw = False
366.6535 	EXP 	rec_fx_map: autoDraw = False
366.6535 	EXP 	rec_fx_cross: autoDraw = False
366.6535 	EXP 	rec_trial_main_image: pos = array([-212.1320344, -212.1320344])
366.6535 	EXP 	rec_trial_main_image: image = 'stimuli/fractals/40a.jpg'
366.6535 	EXP 	rec_trial_map: autoDraw = True
366.6535 	EXP 	rec_trial_main_image: autoDraw = True
369.5870 	EXP 	New trial (rep=0, index=2): OrderedDict([('TrialIndex', 18), ('Jitter', 500), ('ScannerRun', None), ('BlockNr', 1), ('TrialType', 'OBJ'), ('StimType', 'FOIL'), ('CurrentImage', 'stimuli/fractals/95b.jpg'), ('CurrentX', 300.0), ('CurrentY', 0.0), ('EncodingTrialIndex', 0.0), ('EncodingStimType', 'FOIL'), ('EncodingImage', None), ('EncodingXcoordinate', 0.0), ('EncodingYcoordinate', 0.0), ('TripletMemberA', None), ('TripletMemberB', None), ('TripletMemberC', None), ('Xcoordinate', None), ('Ycoordinate', None), ('Xcoordinate_lure1', None), ('Ycoordinate_lure1', None), ('Xcoordinate_lure2', None), ('Ycoordinate_lure2', None), ('Xcoordinate_foil', None), ('Ycoordinate_foil', None)])
369.5923 	EXP 	rec_trial_map: autoDraw = False
369.5923 	EXP 	rec_trial_main_image: autoDraw = False
369.5923 	EXP 	rec_fx_cross: pos = array([300.,   0.])
369.5923 	EXP 	rec_fx_map: autoDraw = True
369.5923 	EXP 	rec_fx_cross: autoDraw = True
370.1655 	EXP 	rec_fx_map: autoDraw = False
370.1655 	EXP 	rec_fx_cross: autoDraw = False
370.1655 	EXP 	rec_fx_map: autoDraw = False
370.1655 	EXP 	rec_fx_cross: autoDraw = False
370.1655 	EXP 	rec_trial_main_image: pos = array([300.,   0.])
370.1655 	EXP 	rec_trial_main_image: image = 'stimuli/fractals/95b.jpg'
370.1655 	EXP 	rec_trial_map: autoDraw = True
370.1655 	EXP 	rec_trial_main_image: autoDraw = True
373.1057 	EXP 	rec_trial_map: autoDraw = False
373.1057 	EXP 	rec_trial_main_image: autoDraw = False
373.1057 	EXP 	end_rec_run_text: text = 'Vége a második feladatnak'
373.1057 	EXP 	end_rec_run_text: autoDraw = True
380.2296 	DATA 	Keypress: right
380.2318 	EXP 	end_rec_run_text: autoDraw = False
380.2725 	EXP 	window1: mouseVisible = True
