0.4220 	WARNING 	We strongly recommend you activate the PTB sound engine in PsychoPy prefs as the preferred audio engine. Its timing is vastly superior. Your prefs are currently set to use ['sounddevice', 'PTB', 'pyo', 'pygame'] (in that order).
1.0241 	WARNING 	Import Error: No module named 'psychtoolbox'. Using event module for keyboard component.
4.2484 	WARNING 	Monitor specification not found. Creating a temporary one...
4.6215 	EXP 	Created window1 = Window(allowGUI=False, allowStencil=False, args=UNKNOWN, autoLog=True, bitsMode=UNKNOWN, blendMode='avg', bpc=(8, 8, 8), color=array([0.804, 0.804, 0.961]), colorSpace='rgb', depthBits=8, fullscr=<method-wrapper '__getattribute__' of attributeSetter object at 0x7f6b74765dd8>, gamma=None, gammaErrorPolicy='raise', kwargs=UNKNOWN, lms=UNKNOWN, monitor=<psychopy.monitors.calibTools.Monitor object at 0x7f6b74729048>, multiSample=False, name='window1', numSamples=2, pos=[0.0, 0.0], screen=0, size=array([1920, 1080]), stencilBits=0, stereo=False, units='height', useFBO=True, useRetina=False, viewOri=0.0, viewPos=None, viewScale=None, waitBlanking=True, winType='pyglet')
4.6215 	EXP 	window1: recordFrameIntervals = False
4.6318 	EXP 	window1: recordFrameIntervals = True
4.6398 	WARNING 	t of last frame was 1.55ms (=1/646)
4.6433 	EXP 	window1: recordFrameIntervals = False
4.7070 	EXP 	Created lab_thanks = TextStim(__class__=<class 'psychopy.visual.text.TextStim'>, alignHoriz=method-wrapper(...), alignText='center', alignVert=method-wrapper(...), anchorHoriz='center', anchorVert='center', antialias=True, autoLog=True, bold=False, color='black', colorSpace='named', contrast=1.0, depth=0.0, flipHoriz=False, flipVert=False, font='Arial', fontFiles=[], height=0.05, italic=False, languageStyle='LTR', name='lab_thanks', opacity=1.0, ori=0, pos=array([0., 0.]), rgb=array([0., 0., 0.]), text=str(...), units='height', win=Window(...), wrapWidth=1)
4.7150 	EXP 	Created start_encoding_text = TextStim(__class__=<class 'psychopy.visual.text.TextStim'>, alignHoriz=method-wrapper(...), alignText='center', alignVert=method-wrapper(...), anchorHoriz='center', anchorVert='center', antialias=True, autoLog=True, bold=False, color='black', colorSpace='named', contrast=1.0, depth=0.0, flipHoriz=False, flipVert=False, font='Arial', fontFiles=[], height=0.1, italic=False, languageStyle='LTR', name='start_encoding_text', opacity=1.0, ori=0, pos=array([0., 0.]), rgb=array([0., 0., 0.]), text='default text', units='height', win=Window(...), wrapWidth=1)
4.7421 	EXP 	Created enc_instructions_1_text = TextStim(__class__=<class 'psychopy.visual.text.TextStim'>, alignHoriz=method-wrapper(...), alignText='center', alignVert=method-wrapper(...), anchorHoriz='center', anchorVert='center', antialias=True, autoLog=True, bold=False, color='black', colorSpace='named', contrast=1.0, depth=0.0, flipHoriz=False, flipVert=False, font='Arial', fontFiles=[], height=0.04, italic=False, languageStyle='LTR', name='enc_instructions_1_text', opacity=1.0, ori=0, pos=array([-0.4,  0. ]), rgb=array([0., 0., 0.]), text=str(...), units='height', win=Window(...), wrapWidth=0.9)
4.7979 	EXP 	Created enc_instructions_1_image = ImageStim(__class__=<class 'psychopy.visual.image.ImageStim'>, autoLog=True, color=array([1., 1., 1.]), colorSpace='rgb', contrast=1.0, depth=-1.0, flipHoriz=False, flipVert=False, image='stimuli/GalleryBuildingFromOutside.jpg', interpolate=True, mask=None, maskParams=None, name='enc_instructions_1_image', opacity=1.0, ori=0.0, pos=array([450.,   0.]), size=array([600., 450.]), texRes=128, units='pix', win=Window(...))
4.8116 	EXP 	Created enc_instructions_2_text = TextStim(__class__=<class 'psychopy.visual.text.TextStim'>, alignHoriz=method-wrapper(...), alignText='center', alignVert=method-wrapper(...), anchorHoriz='center', anchorVert='center', antialias=True, autoLog=True, bold=False, color='black', colorSpace='named', contrast=1.0, depth=0.0, flipHoriz=False, flipVert=False, font='Arial', fontFiles=[], height=0.04, italic=False, languageStyle='LTR', name='enc_instructions_2_text', opacity=1.0, ori=0, pos=array([-0.5,  0. ]), rgb=array([0., 0., 0.]), text=str(...), units='height', win=Window(...), wrapWidth=0.7)
4.8398 	EXP 	Created enc_instructions_2_image = ImageStim(__class__=<class 'psychopy.visual.image.ImageStim'>, autoLog=True, color=array([1., 1., 1.]), colorSpace='rgb', contrast=1.0, depth=-1.0, flipHoriz=False, flipVert=False, image='stimuli/GalleryInfo.jpg', interpolate=True, mask=None, maskParams=None, name='enc_instructions_2_image', opacity=1.0, ori=0.0, pos=array([425.,   0.]), size=array([1000.,  750.]), texRes=128, units='pix', win=Window(...))
4.8552 	EXP 	Created enc_instructions_3_text = TextStim(__class__=<class 'psychopy.visual.text.TextStim'>, alignHoriz=method-wrapper(...), alignText='center', alignVert=method-wrapper(...), anchorHoriz='center', anchorVert='center', antialias=True, autoLog=True, bold=False, color='black', colorSpace='named', contrast=1.0, depth=0.0, flipHoriz=False, flipVert=False, font='Arial', fontFiles=[], height=0.05, italic=False, languageStyle='LTR', name='enc_instructions_3_text', opacity=1.0, ori=0, pos=array([0., 0.]), rgb=array([0., 0., 0.]), text=str(...), units='height', win=Window(...), wrapWidth=1)
4.8636 	EXP 	Created start_practice_text = TextStim(__class__=<class 'psychopy.visual.text.TextStim'>, alignHoriz=method-wrapper(...), alignText='center', alignVert=method-wrapper(...), anchorHoriz='center', anchorVert='center', antialias=True, autoLog=True, bold=False, color='black', colorSpace='named', contrast=1.0, depth=0.0, flipHoriz=False, flipVert=False, font='Arial', fontFiles=[], height=0.1, italic=False, languageStyle='LTR', name='start_practice_text', opacity=1.0, ori=0, pos=array([0., 0.]), rgb=array([0., 0., 0.]), text='Kezdődik a gyakorlás...', units='height', win=Window(...), wrapWidth=1)
4.8797 	EXP 	Created enc_fx_map = ImageStim(__class__=<class 'psychopy.visual.image.ImageStim'>, autoLog=True, color=array([1., 1., 1.]), colorSpace='rgb', contrast=1.0, depth=0.0, flipHoriz=False, flipVert=False, image='stimuli/GalleryPlanInside.jpg', interpolate=True, mask=None, maskParams=None, name='enc_fx_map', opacity=1.0, ori=0.0, pos=array([  0., -25.]), size=array([1040., 1000.]), texRes=128, units='pix', win=Window(...))
4.8868 	EXP 	Created enc_fx_cross = TextStim(__class__=<class 'psychopy.visual.text.TextStim'>, alignHoriz=method-wrapper(...), alignText='center', alignVert=method-wrapper(...), anchorHoriz='center', anchorVert='center', antialias=True, autoLog=True, bold=False, color='black', colorSpace='named', contrast=1.0, depth=-1.0, flipHoriz=False, flipVert=False, font='Arial', fontFiles=[], height=50, italic=False, languageStyle='LTR', name='enc_fx_cross', opacity=1.0, ori=0, pos=array([0., 0.]), rgb=array([0., 0., 0.]), text='+', units='pix', win=Window(...), wrapWidth=500)
4.9022 	EXP 	Created enc_trial_map = ImageStim(__class__=<class 'psychopy.visual.image.ImageStim'>, autoLog=True, color=array([1., 1., 1.]), colorSpace='rgb', contrast=1.0, depth=0.0, flipHoriz=False, flipVert=False, image='stimuli/GalleryPlanInside.jpg', interpolate=True, mask=None, maskParams=None, name='enc_trial_map', opacity=1.0, ori=0.0, pos=array([  0., -25.]), size=array([1040., 1000.]), texRes=128, units='pix', win=Window(...))
4.9040 	EXP 	Created enc_trial_main_image = ImageStim(__class__=<class 'psychopy.visual.image.ImageStim'>, autoLog=True, color=array([1., 1., 1.]), colorSpace='rgb', contrast=1.0, depth=-1.0, flipHoriz=False, flipVert=False, image='sin', interpolate=True, mask=None, maskParams=None, name='enc_trial_main_image', opacity=1.0, ori=0.0, pos=array([0., 0.]), size=array([300., 300.]), texRes=128, units='pix', win=Window(...))
4.9206 	EXP 	Created enc_practice_feedback_map = ImageStim(__class__=<class 'psychopy.visual.image.ImageStim'>, autoLog=True, color=array([1., 1., 1.]), colorSpace='rgb', contrast=1.0, depth=-1.0, flipHoriz=False, flipVert=False, image='stimuli/GalleryPlanInside.jpg', interpolate=True, mask=None, maskParams=None, name='enc_practice_feedback_map', opacity=1.0, ori=0.0, pos=array([  0., -25.]), size=array([1040., 1000.]), texRes=128, units='pix', win=Window(...))
4.9221 	EXP 	Created enc_practice_feedback_image = ImageStim(__class__=<class 'psychopy.visual.image.ImageStim'>, autoLog=True, color=array([1., 1., 1.]), colorSpace='rgb', contrast=1.0, depth=-2.0, flipHoriz=False, flipVert=False, image='sin', interpolate=True, mask=None, maskParams=None, name='enc_practice_feedback_image', opacity=1.0, ori=0.0, pos=array([0., 0.]), size=array([300., 300.]), texRes=128, units='pix', win=Window(...))
4.9263 	EXP 	Created enc_practice_feedback_text = TextStim(__class__=<class 'psychopy.visual.text.TextStim'>, alignHoriz=method-wrapper(...), alignText='center', alignVert=method-wrapper(...), anchorHoriz='center', anchorVert='center', antialias=True, autoLog=True, bold=False, color='black', colorSpace='named', contrast=1.0, depth=-3.0, flipHoriz=False, flipVert=False, font='Arial', fontFiles=[], height=0.05, italic=False, languageStyle='LTR', name='enc_practice_feedback_text', opacity=1.0, ori=0, pos=array([0., 0.]), rgb=array([0., 0., 0.]), text='default text', units='height', win=Window(...), wrapWidth=1)
4.9421 	EXP 	Created end_practice_text = TextStim(__class__=<class 'psychopy.visual.text.TextStim'>, alignHoriz=method-wrapper(...), alignText='center', alignVert=method-wrapper(...), anchorHoriz='center', anchorVert='center', antialias=True, autoLog=True, bold=False, color='black', colorSpace='named', contrast=1.0, depth=0.0, flipHoriz=False, flipVert=False, font='Arial', fontFiles=[], height=0.05, italic=False, languageStyle='LTR', name='end_practice_text', opacity=1.0, ori=0, pos=array([0., 0.]), rgb=array([0., 0., 0.]), text=str(...), units='height', win=Window(...), wrapWidth=0.8)
4.9463 	EXP 	Created start_enc_run_text = TextStim(__class__=<class 'psychopy.visual.text.TextStim'>, alignHoriz=method-wrapper(...), alignText='center', alignVert=method-wrapper(...), anchorHoriz='center', anchorVert='center', antialias=True, autoLog=True, bold=False, color='black', colorSpace='named', contrast=1.0, depth=-2.0, flipHoriz=False, flipVert=False, font='Arial', fontFiles=[], height=0.1, italic=False, languageStyle='LTR', name='start_enc_run_text', opacity=1.0, ori=0, pos=array([0., 0.]), rgb=array([0., 0., 0.]), text='Kezdődik a feladat...', units='height', win=Window(...), wrapWidth=1)
4.9647 	EXP 	Created enc_fx_map = ImageStim(__class__=<class 'psychopy.visual.image.ImageStim'>, autoLog=True, color=array([1., 1., 1.]), colorSpace='rgb', contrast=1.0, depth=0.0, flipHoriz=False, flipVert=False, image='stimuli/GalleryPlanInside.jpg', interpolate=True, mask=None, maskParams=None, name='enc_fx_map', opacity=1.0, ori=0.0, pos=array([  0., -25.]), size=array([1040., 1000.]), texRes=128, units='pix', win=Window(...))
4.9661 	EXP 	Created enc_fx_cross = TextStim(__class__=<class 'psychopy.visual.text.TextStim'>, alignHoriz=method-wrapper(...), alignText='center', alignVert=method-wrapper(...), anchorHoriz='center', anchorVert='center', antialias=True, autoLog=True, bold=False, color='black', colorSpace='named', contrast=1.0, depth=-1.0, flipHoriz=False, flipVert=False, font='Arial', fontFiles=[], height=50, italic=False, languageStyle='LTR', name='enc_fx_cross', opacity=1.0, ori=0, pos=array([0., 0.]), rgb=array([0., 0., 0.]), text='+', units='pix', win=Window(...), wrapWidth=500)
4.9816 	EXP 	Created enc_trial_map = ImageStim(__class__=<class 'psychopy.visual.image.ImageStim'>, autoLog=True, color=array([1., 1., 1.]), colorSpace='rgb', contrast=1.0, depth=0.0, flipHoriz=False, flipVert=False, image='stimuli/GalleryPlanInside.jpg', interpolate=True, mask=None, maskParams=None, name='enc_trial_map', opacity=1.0, ori=0.0, pos=array([  0., -25.]), size=array([1040., 1000.]), texRes=128, units='pix', win=Window(...))
4.9830 	EXP 	Created enc_trial_main_image = ImageStim(__class__=<class 'psychopy.visual.image.ImageStim'>, autoLog=True, color=array([1., 1., 1.]), colorSpace='rgb', contrast=1.0, depth=-1.0, flipHoriz=False, flipVert=False, image='sin', interpolate=True, mask=None, maskParams=None, name='enc_trial_main_image', opacity=1.0, ori=0.0, pos=array([0., 0.]), size=array([300., 300.]), texRes=128, units='pix', win=Window(...))
4.9920 	EXP 	Created end_enc_run_text = TextStim(__class__=<class 'psychopy.visual.text.TextStim'>, alignHoriz=method-wrapper(...), alignText='center', alignVert=method-wrapper(...), anchorHoriz='center', anchorVert='center', antialias=True, autoLog=True, bold=False, color='black', colorSpace='named', contrast=1.0, depth=0.0, flipHoriz=False, flipVert=False, font='Arial', fontFiles=[], height=0.06, italic=False, languageStyle='LTR', name='end_enc_run_text', opacity=1.0, ori=0, pos=array([0., 0.]), rgb=array([0., 0., 0.]), text='default text', units='height', win=Window(...), wrapWidth=1)
5.0006 	EXP 	Created start_recognition_text = TextStim(__class__=<class 'psychopy.visual.text.TextStim'>, alignHoriz=method-wrapper(...), alignText='center', alignVert=method-wrapper(...), anchorHoriz='center', anchorVert='center', antialias=True, autoLog=True, bold=False, color='black', colorSpace='named', contrast=1.0, depth=-2.0, flipHoriz=False, flipVert=False, font='Arial', fontFiles=[], height=0.1, italic=False, languageStyle='LTR', name='start_recognition_text', opacity=1.0, ori=0, pos=array([0., 0.]), rgb=array([0., 0., 0.]), text='Második feladat\nKépfelismerés', units='height', win=Window(...), wrapWidth=1)
5.0174 	EXP 	Created rec_instructions_1_text = TextStim(__class__=<class 'psychopy.visual.text.TextStim'>, alignHoriz=method-wrapper(...), alignText='center', alignVert=method-wrapper(...), anchorHoriz='center', anchorVert='center', antialias=True, autoLog=True, bold=False, color='black', colorSpace='named', contrast=1.0, depth=0.0, flipHoriz=False, flipVert=False, font='Arial', fontFiles=[], height=0.05, italic=False, languageStyle='LTR', name='rec_instructions_1_text', opacity=1.0, ori=0, pos=array([0., 0.]), rgb=array([0., 0., 0.]), text=str(...), units='height', win=Window(...), wrapWidth=1)
5.0481 	EXP 	Created rec_instructions2_text = TextStim(__class__=<class 'psychopy.visual.text.TextStim'>, alignHoriz=method-wrapper(...), alignText='center', alignVert=method-wrapper(...), anchorHoriz='center', anchorVert='center', antialias=True, autoLog=True, bold=False, color='black', colorSpace='named', contrast=1.0, depth=0.0, flipHoriz=False, flipVert=False, font='Arial', fontFiles=[], height=0.03, italic=False, languageStyle='LTR', name='rec_instructions2_text', opacity=1.0, ori=0, pos=array([0., 0.]), rgb=array([0., 0., 0.]), text=str(...), units='height', win=Window(...), wrapWidth=1)
5.0757 	EXP 	Created rec_instrauction_3_text = TextStim(__class__=<class 'psychopy.visual.text.TextStim'>, alignHoriz=method-wrapper(...), alignText='center', alignVert=method-wrapper(...), anchorHoriz='center', anchorVert='center', antialias=True, autoLog=True, bold=False, color='black', colorSpace='named', contrast=1.0, depth=0.0, flipHoriz=False, flipVert=False, font='Arial', fontFiles=[], height=0.03, italic=False, languageStyle='LTR', name='rec_instrauction_3_text', opacity=1.0, ori=0, pos=array([0., 0.]), rgb=array([0., 0., 0.]), text=str(...), units='height', win=Window(...), wrapWidth=1)
5.0813 	EXP 	Created rec_instructions_4_text = TextStim(__class__=<class 'psychopy.visual.text.TextStim'>, alignHoriz=method-wrapper(...), alignText='center', alignVert=method-wrapper(...), anchorHoriz='center', anchorVert='center', antialias=True, autoLog=True, bold=False, color='black', colorSpace='named', contrast=1.0, depth=0.0, flipHoriz=False, flipVert=False, font='Arial', fontFiles=[], height=0.05, italic=False, languageStyle='LTR', name='rec_instructions_4_text', opacity=1.0, ori=0, pos=array([0., 0.]), rgb=array([0., 0., 0.]), text=str(...), units='height', win=Window(...), wrapWidth=1)
5.1003 	EXP 	Created demo_map = ImageStim(__class__=<class 'psychopy.visual.image.ImageStim'>, autoLog=True, color=array([1., 1., 1.]), colorSpace='rgb', contrast=1.0, depth=0.0, flipHoriz=False, flipVert=False, image='stimuli/GalleryPlanInside.jpg', interpolate=True, mask=None, maskParams=None, name='demo_map', opacity=1.0, ori=0.0, pos=array([  0., -25.]), size=array([1040., 1000.]), texRes=128, units='pix', win=Window(...))
5.1017 	EXP 	Created demo_main_image = ImageStim(__class__=<class 'psychopy.visual.image.ImageStim'>, autoLog=True, color=array([1., 1., 1.]), colorSpace='rgb', contrast=1.0, depth=-1.0, flipHoriz=False, flipVert=False, image='sin', interpolate=True, mask=None, maskParams=None, name='demo_main_image', opacity=1.0, ori=0.0, pos=array([0., 0.]), size=array([300., 300.]), texRes=128, units='pix', win=Window(...))
5.1030 	EXP 	Created demo_image = ImageStim(__class__=<class 'psychopy.visual.image.ImageStim'>, autoLog=True, color=array([1., 1., 1.]), colorSpace='rgb', contrast=1.0, depth=-2.0, flipHoriz=False, flipVert=False, image='sin', interpolate=True, mask=None, maskParams=None, name='demo_image', opacity=1.0, ori=0.0, pos=array([0., 0.]), size=array([300., 300.]), texRes=128, units='pix', win=Window(...))
5.1053 	EXP 	Created demo_text = TextStim(__class__=<class 'psychopy.visual.text.TextStim'>, alignHoriz=method-wrapper(...), alignText='center', alignVert=method-wrapper(...), anchorHoriz='center', anchorVert='center', antialias=True, autoLog=True, bold=False, color='black', colorSpace='named', contrast=1.0, depth=-3.0, flipHoriz=False, flipVert=False, font='Arial', fontFiles=[], height=0.05, italic=False, languageStyle='LTR', name='demo_text', opacity=1.0, ori=0, pos=array([0.  , 0.45]), rgb=array([0., 0., 0.]), text='default text', units='height', win=Window(...), wrapWidth=1)
5.1100 	EXP 	Created demo_end_text = TextStim(__class__=<class 'psychopy.visual.text.TextStim'>, alignHoriz=method-wrapper(...), alignText='center', alignVert=method-wrapper(...), anchorHoriz='center', anchorVert='center', antialias=True, autoLog=True, bold=False, color='black', colorSpace='named', contrast=1.0, depth=0.0, flipHoriz=False, flipVert=False, font='Arial', fontFiles=[], height=0.05, italic=False, languageStyle='LTR', name='demo_end_text', opacity=1.0, ori=0, pos=array([0., 0.]), rgb=array([0., 0., 0.]), text=str(...), units='height', win=Window(...), wrapWidth=1)
5.1146 	EXP 	Created start_practice_text = TextStim(__class__=<class 'psychopy.visual.text.TextStim'>, alignHoriz=method-wrapper(...), alignText='center', alignVert=method-wrapper(...), anchorHoriz='center', anchorVert='center', antialias=True, autoLog=True, bold=False, color='black', colorSpace='named', contrast=1.0, depth=0.0, flipHoriz=False, flipVert=False, font='Arial', fontFiles=[], height=0.1, italic=False, languageStyle='LTR', name='start_practice_text', opacity=1.0, ori=0, pos=array([0., 0.]), rgb=array([0., 0., 0.]), text='Kezdődik a gyakorlás...', units='height', win=Window(...), wrapWidth=1)
5.1176 	EXP 	Created rec_practice_block_text = TextStim(__class__=<class 'psychopy.visual.text.TextStim'>, alignHoriz=method-wrapper(...), alignText='center', alignVert=method-wrapper(...), anchorHoriz='center', anchorVert='center', antialias=True, autoLog=True, bold=False, color='black', colorSpace='named', contrast=1.0, depth=-1.0, flipHoriz=False, flipVert=False, font='Arial', fontFiles=[], height=0.1, italic=False, languageStyle='LTR', name='rec_practice_block_text', opacity=1.0, ori=0, pos=array([0., 0.]), rgb=array([0., 0., 0.]), text='default text', units='height', win=Window(...), wrapWidth=1)
5.1341 	EXP 	Created rec_fx_map = ImageStim(__class__=<class 'psychopy.visual.image.ImageStim'>, autoLog=True, color=array([1., 1., 1.]), colorSpace='rgb', contrast=1.0, depth=0.0, flipHoriz=False, flipVert=False, image='stimuli/GalleryPlanInside.jpg', interpolate=True, mask=None, maskParams=None, name='rec_fx_map', opacity=1.0, ori=0.0, pos=array([  0., -25.]), size=array([1040., 1000.]), texRes=128, units='pix', win=Window(...))
5.1362 	EXP 	Created rec_fx_cross = TextStim(__class__=<class 'psychopy.visual.text.TextStim'>, alignHoriz=method-wrapper(...), alignText='center', alignVert=method-wrapper(...), anchorHoriz='center', anchorVert='center', antialias=True, autoLog=True, bold=False, color='black', colorSpace='named', contrast=1.0, depth=-1.0, flipHoriz=False, flipVert=False, font='Arial', fontFiles=[], height=50, italic=False, languageStyle='LTR', name='rec_fx_cross', opacity=1.0, ori=0, pos=array([0., 0.]), rgb=array([0., 0., 0.]), text='+', units='pix', win=Window(...), wrapWidth=500)
5.1526 	EXP 	Created rec_trial_map = ImageStim(__class__=<class 'psychopy.visual.image.ImageStim'>, autoLog=True, color=array([1., 1., 1.]), colorSpace='rgb', contrast=1.0, depth=0.0, flipHoriz=False, flipVert=False, image='stimuli/GalleryPlanInside.jpg', interpolate=True, mask=None, maskParams=None, name='rec_trial_map', opacity=1.0, ori=0.0, pos=array([  0., -25.]), size=array([1040., 1000.]), texRes=128, units='pix', win=Window(...))
5.1542 	EXP 	Created rec_trial_main_image = ImageStim(__class__=<class 'psychopy.visual.image.ImageStim'>, autoLog=True, color=array([1., 1., 1.]), colorSpace='rgb', contrast=1.0, depth=-1.0, flipHoriz=False, flipVert=False, image='sin', interpolate=True, mask=None, maskParams=None, name='rec_trial_main_image', opacity=1.0, ori=0.0, pos=array([0., 0.]), size=array([300., 300.]), texRes=128, units='pix', win=Window(...))
5.1681 	EXP 	Created end_practice_text = TextStim(__class__=<class 'psychopy.visual.text.TextStim'>, alignHoriz=method-wrapper(...), alignText='center', alignVert=method-wrapper(...), anchorHoriz='center', anchorVert='center', antialias=True, autoLog=True, bold=False, color='black', colorSpace='named', contrast=1.0, depth=0.0, flipHoriz=False, flipVert=False, font='Arial', fontFiles=[], height=0.05, italic=False, languageStyle='LTR', name='end_practice_text', opacity=1.0, ori=0, pos=array([0., 0.]), rgb=array([0., 0., 0.]), text=str(...), units='height', win=Window(...), wrapWidth=0.8)
5.1708 	EXP 	Created start_rec_run_text = TextStim(__class__=<class 'psychopy.visual.text.TextStim'>, alignHoriz=method-wrapper(...), alignText='center', alignVert=method-wrapper(...), anchorHoriz='center', anchorVert='center', antialias=True, autoLog=True, bold=False, color='black', colorSpace='named', contrast=1.0, depth=-1.0, flipHoriz=False, flipVert=False, font='Arial', fontFiles=[], height=0.1, italic=False, languageStyle='LTR', name='start_rec_run_text', opacity=1.0, ori=0, pos=array([0., 0.]), rgb=array([0., 0., 0.]), text='Kezdődik a feladat...', units='height', win=Window(...), wrapWidth=1)
5.1731 	EXP 	Created start_rec_block_text = TextStim(__class__=<class 'psychopy.visual.text.TextStim'>, alignHoriz=method-wrapper(...), alignText='center', alignVert=method-wrapper(...), anchorHoriz='center', anchorVert='center', antialias=True, autoLog=True, bold=False, color='black', colorSpace='named', contrast=1.0, depth=-1.0, flipHoriz=False, flipVert=False, font='Arial', fontFiles=[], height=0.1, italic=False, languageStyle='LTR', name='start_rec_block_text', opacity=1.0, ori=0, pos=array([0., 0.]), rgb=array([0., 0., 0.]), text='default text', units='height', win=Window(...), wrapWidth=1)
5.1893 	EXP 	Created rec_fx_map = ImageStim(__class__=<class 'psychopy.visual.image.ImageStim'>, autoLog=True, color=array([1., 1., 1.]), colorSpace='rgb', contrast=1.0, depth=0.0, flipHoriz=False, flipVert=False, image='stimuli/GalleryPlanInside.jpg', interpolate=True, mask=None, maskParams=None, name='rec_fx_map', opacity=1.0, ori=0.0, pos=array([  0., -25.]), size=array([1040., 1000.]), texRes=128, units='pix', win=Window(...))
5.1908 	EXP 	Created rec_fx_cross = TextStim(__class__=<class 'psychopy.visual.text.TextStim'>, alignHoriz=method-wrapper(...), alignText='center', alignVert=method-wrapper(...), anchorHoriz='center', anchorVert='center', antialias=True, autoLog=True, bold=False, color='black', colorSpace='named', contrast=1.0, depth=-1.0, flipHoriz=False, flipVert=False, font='Arial', fontFiles=[], height=50, italic=False, languageStyle='LTR', name='rec_fx_cross', opacity=1.0, ori=0, pos=array([0., 0.]), rgb=array([0., 0., 0.]), text='+', units='pix', win=Window(...), wrapWidth=500)
5.2059 	EXP 	Created rec_trial_map = ImageStim(__class__=<class 'psychopy.visual.image.ImageStim'>, autoLog=True, color=array([1., 1., 1.]), colorSpace='rgb', contrast=1.0, depth=0.0, flipHoriz=False, flipVert=False, image='stimuli/GalleryPlanInside.jpg', interpolate=True, mask=None, maskParams=None, name='rec_trial_map', opacity=1.0, ori=0.0, pos=array([  0., -25.]), size=array([1040., 1000.]), texRes=128, units='pix', win=Window(...))
5.2073 	EXP 	Created rec_trial_main_image = ImageStim(__class__=<class 'psychopy.visual.image.ImageStim'>, autoLog=True, color=array([1., 1., 1.]), colorSpace='rgb', contrast=1.0, depth=-1.0, flipHoriz=False, flipVert=False, image='sin', interpolate=True, mask=None, maskParams=None, name='rec_trial_main_image', opacity=1.0, ori=0.0, pos=array([0., 0.]), size=array([300., 300.]), texRes=128, units='pix', win=Window(...))
5.2098 	EXP 	Created end_rec_run_text = TextStim(__class__=<class 'psychopy.visual.text.TextStim'>, alignHoriz=method-wrapper(...), alignText='center', alignVert=method-wrapper(...), anchorHoriz='center', anchorVert='center', antialias=True, autoLog=True, bold=False, color='black', colorSpace='named', contrast=1.0, depth=0.0, flipHoriz=False, flipVert=False, font='Arial', fontFiles=[], height=0.1, italic=False, languageStyle='LTR', name='end_rec_run_text', opacity=1.0, ori=0, pos=array([0., 0.]), rgb=array([0., 0., 0.]), text='default text', units='height', win=Window(...), wrapWidth=1)
5.2146 	EXP 	lab_thanks: autoDraw = True
6.7949 	DATA 	Keypress: right
6.8002 	EXP 	lab_thanks: autoDraw = False
6.8002 	EXP 	start_encoding_text: text = 'Első feladat\nGaléria berendezés'
6.8002 	EXP 	start_encoding_text: autoDraw = True
7.1138 	DATA 	Keypress: right
7.5281 	DATA 	Keypress: right
8.3014 	EXP 	start_encoding_text: autoDraw = False
8.3014 	EXP 	start_encoding_text: autoDraw = False
8.3014 	EXP 	enc_instructions_1_text: autoDraw = True
8.3014 	EXP 	enc_instructions_1_image: autoDraw = True
8.9874 	DATA 	Keypress: right
8.9907 	EXP 	enc_instructions_1_text: autoDraw = False
8.9907 	EXP 	enc_instructions_1_image: autoDraw = False
8.9907 	EXP 	enc_instructions_2_text: autoDraw = True
8.9907 	EXP 	enc_instructions_2_image: autoDraw = True
9.2996 	DATA 	Keypress: right
9.3012 	EXP 	enc_instructions_2_text: autoDraw = False
9.3012 	EXP 	enc_instructions_2_image: autoDraw = False
9.3012 	EXP 	enc_instructions_3_text: autoDraw = True
9.6103 	DATA 	Keypress: right
9.6118 	EXP 	enc_instructions_3_text: autoDraw = False
9.6118 	EXP 	start_practice_text: autoDraw = True
9.9142 	DATA 	Keypress: right
10.6177 	EXP 	Imported encoding_practice_trials.csv as conditions, 5 conditions, 9 params
10.6180 	EXP 	Created sequence: random, trialTypes=5, nReps=1, seed=None
10.6184 	EXP 	New trial (rep=0, index=0): OrderedDict([('Task', 'EncodingPractice'), ('TrialType', 'LOC'), ('StimType', 'FOIL'), ('Order', 1), ('CurrentImage', 'stimuli/fractals/148b.jpg'), ('CurrentX', 212.1320344), ('CurrentY', 212.1320344), ('Jitter', 1000), ('Section', 'Encoding')])
10.6224 	EXP 	start_practice_text: autoDraw = False
10.6224 	EXP 	start_practice_text: autoDraw = False
10.6224 	EXP 	enc_fx_cross: pos = array([212.1320344, 212.1320344])
10.6224 	EXP 	enc_fx_map: autoDraw = True
10.6224 	EXP 	enc_fx_cross: autoDraw = True
11.1752 	DATA 	Keypress: right
11.6605 	EXP 	enc_fx_map: autoDraw = False
11.6605 	EXP 	enc_fx_cross: autoDraw = False
11.6605 	EXP 	enc_fx_map: autoDraw = False
11.6605 	EXP 	enc_fx_cross: autoDraw = False
11.6605 	EXP 	enc_trial_main_image: pos = array([212.1320344, 212.1320344])
11.6605 	EXP 	enc_trial_main_image: image = 'stimuli/fractals/148b.jpg'
11.6605 	EXP 	enc_trial_map: autoDraw = True
11.6605 	EXP 	enc_trial_main_image: autoDraw = True
13.9965 	DATA 	Keypress: right
14.6659 	EXP 	enc_trial_map: autoDraw = False
14.6659 	EXP 	enc_trial_main_image: autoDraw = False
14.6659 	EXP 	enc_practice_feedback_image: pos = array([212.1320344, 212.1320344])
14.6659 	EXP 	enc_practice_feedback_image: image = 'stimuli/fractals/148b.jpg'
14.6659 	EXP 	enc_practice_feedback_text: text = 'Nem adott választ.'
14.6659 	EXP 	enc_practice_feedback_map: autoDraw = True
14.6659 	EXP 	enc_practice_feedback_image: autoDraw = True
14.6659 	EXP 	enc_practice_feedback_text: autoDraw = True
15.6246 	EXP 	New trial (rep=0, index=1): OrderedDict([('Task', 'EncodingPractice'), ('TrialType', '-'), ('StimType', '-'), ('Order', 1), ('CurrentImage', 'stimuli/fractals/177b.jpg'), ('CurrentX', 300.0), ('CurrentY', 0.0), ('Jitter', 800), ('Section', 'Encoding')])
15.6291 	EXP 	enc_practice_feedback_map: autoDraw = False
15.6291 	EXP 	enc_practice_feedback_image: autoDraw = False
15.6291 	EXP 	enc_practice_feedback_text: autoDraw = False
15.6291 	EXP 	enc_fx_cross: pos = array([300.,   0.])
15.6291 	EXP 	enc_fx_map: autoDraw = True
15.6291 	EXP 	enc_fx_cross: autoDraw = True
16.5106 	EXP 	enc_fx_map: autoDraw = False
16.5106 	EXP 	enc_fx_cross: autoDraw = False
16.5106 	EXP 	enc_fx_map: autoDraw = False
16.5106 	EXP 	enc_fx_cross: autoDraw = False
16.5106 	EXP 	enc_trial_main_image: pos = array([300.,   0.])
16.5106 	EXP 	enc_trial_main_image: image = 'stimuli/fractals/177b.jpg'
16.5106 	EXP 	enc_trial_map: autoDraw = True
16.5106 	EXP 	enc_trial_main_image: autoDraw = True
17.0067 	DATA 	Keypress: f
19.5157 	EXP 	enc_trial_map: autoDraw = False
19.5157 	EXP 	enc_trial_main_image: autoDraw = False
19.5157 	EXP 	enc_practice_feedback_image: pos = array([300.,   0.])
19.5157 	EXP 	enc_practice_feedback_image: image = 'stimuli/fractals/177b.jpg'
19.5157 	EXP 	enc_practice_feedback_text: text = 'Az Ön válasza:\nA kép nem marad.'
19.5157 	EXP 	enc_practice_feedback_map: autoDraw = True
19.5157 	EXP 	enc_practice_feedback_image: autoDraw = True
19.5157 	EXP 	enc_practice_feedback_text: autoDraw = True
20.0544 	DATA 	Keypress: j
20.4349 	EXP 	New trial (rep=0, index=2): OrderedDict([('Task', 'EncodingPractice'), ('TrialType', 'LOC'), ('StimType', 'TARGET'), ('Order', 1), ('CurrentImage', 'stimuli/fractals/166a.jpg'), ('CurrentX', -300.0), ('CurrentY', 0.0), ('Jitter', 1500), ('Section', 'Encoding')])
20.4406 	EXP 	enc_practice_feedback_map: autoDraw = False
20.4406 	EXP 	enc_practice_feedback_image: autoDraw = False
20.4406 	EXP 	enc_practice_feedback_text: autoDraw = False
20.4406 	EXP 	enc_fx_cross: pos = array([-300.,    0.])
20.4406 	EXP 	enc_fx_map: autoDraw = True
20.4406 	EXP 	enc_fx_cross: autoDraw = True
22.0133 	EXP 	enc_fx_map: autoDraw = False
22.0133 	EXP 	enc_fx_cross: autoDraw = False
22.0133 	EXP 	enc_fx_map: autoDraw = False
22.0133 	EXP 	enc_fx_cross: autoDraw = False
22.0133 	EXP 	enc_trial_main_image: pos = array([-300.,    0.])
22.0133 	EXP 	enc_trial_main_image: image = 'stimuli/fractals/166a.jpg'
22.0133 	EXP 	enc_trial_map: autoDraw = True
22.0133 	EXP 	enc_trial_main_image: autoDraw = True
25.0206 	EXP 	enc_trial_map: autoDraw = False
25.0206 	EXP 	enc_trial_main_image: autoDraw = False
25.0206 	EXP 	enc_practice_feedback_image: pos = array([-300.,    0.])
25.0206 	EXP 	enc_practice_feedback_image: image = 'stimuli/fractals/166a.jpg'
25.0206 	EXP 	enc_practice_feedback_text: text = 'Nem adott választ.'
25.0206 	EXP 	enc_practice_feedback_map: autoDraw = True
25.0206 	EXP 	enc_practice_feedback_image: autoDraw = True
25.0206 	EXP 	enc_practice_feedback_text: autoDraw = True
25.9471 	EXP 	New trial (rep=0, index=3): OrderedDict([('Task', 'EncodingPractice'), ('TrialType', 'LOC'), ('StimType', 'LURE'), ('Order', 1), ('CurrentImage', 'stimuli/fractals/159a.jpg'), ('CurrentX', 0.0), ('CurrentY', 300.0), ('Jitter', 5000), ('Section', 'Encoding')])
25.9517 	EXP 	enc_practice_feedback_map: autoDraw = False
25.9517 	EXP 	enc_practice_feedback_image: autoDraw = False
25.9517 	EXP 	enc_practice_feedback_text: autoDraw = False
25.9517 	EXP 	enc_fx_cross: pos = array([  0., 300.])
25.9517 	EXP 	enc_fx_map: autoDraw = True
25.9517 	EXP 	enc_fx_cross: autoDraw = True
31.0259 	EXP 	enc_fx_map: autoDraw = False
31.0259 	EXP 	enc_fx_cross: autoDraw = False
31.0259 	EXP 	enc_fx_map: autoDraw = False
31.0259 	EXP 	enc_fx_cross: autoDraw = False
31.0259 	EXP 	enc_trial_main_image: pos = array([  0., 300.])
31.0259 	EXP 	enc_trial_main_image: image = 'stimuli/fractals/159a.jpg'
31.0259 	EXP 	enc_trial_map: autoDraw = True
31.0259 	EXP 	enc_trial_main_image: autoDraw = True
34.0306 	EXP 	enc_trial_map: autoDraw = False
34.0306 	EXP 	enc_trial_main_image: autoDraw = False
34.0306 	EXP 	enc_practice_feedback_image: pos = array([  0., 300.])
34.0306 	EXP 	enc_practice_feedback_image: image = 'stimuli/fractals/159a.jpg'
34.0306 	EXP 	enc_practice_feedback_text: text = 'Nem adott választ.'
34.0306 	EXP 	enc_practice_feedback_map: autoDraw = True
34.0306 	EXP 	enc_practice_feedback_image: autoDraw = True
34.0306 	EXP 	enc_practice_feedback_text: autoDraw = True
34.9562 	EXP 	New trial (rep=0, index=4): OrderedDict([('Task', 'EncodingPractice'), ('TrialType', 'OBJ'), ('StimType', 'TARGET'), ('Order', 1), ('CurrentImage', 'stimuli/fractals/167a.jpg'), ('CurrentX', 300.0), ('CurrentY', 0.0), ('Jitter', 500), ('Section', 'Encoding')])
34.9611 	EXP 	enc_practice_feedback_map: autoDraw = False
34.9611 	EXP 	enc_practice_feedback_image: autoDraw = False
34.9611 	EXP 	enc_practice_feedback_text: autoDraw = False
34.9611 	EXP 	enc_fx_cross: pos = array([300.,   0.])
34.9611 	EXP 	enc_fx_map: autoDraw = True
34.9611 	EXP 	enc_fx_cross: autoDraw = True
35.5325 	EXP 	enc_fx_map: autoDraw = False
35.5325 	EXP 	enc_fx_cross: autoDraw = False
35.5325 	EXP 	enc_fx_map: autoDraw = False
35.5325 	EXP 	enc_fx_cross: autoDraw = False
35.5325 	EXP 	enc_trial_main_image: pos = array([300.,   0.])
35.5325 	EXP 	enc_trial_main_image: image = 'stimuli/fractals/167a.jpg'
35.5325 	EXP 	enc_trial_map: autoDraw = True
35.5325 	EXP 	enc_trial_main_image: autoDraw = True
38.5370 	EXP 	enc_trial_map: autoDraw = False
38.5370 	EXP 	enc_trial_main_image: autoDraw = False
38.5370 	EXP 	enc_practice_feedback_image: pos = array([300.,   0.])
38.5370 	EXP 	enc_practice_feedback_image: image = 'stimuli/fractals/167a.jpg'
38.5370 	EXP 	enc_practice_feedback_text: text = 'Nem adott választ.'
38.5370 	EXP 	enc_practice_feedback_map: autoDraw = True
38.5370 	EXP 	enc_practice_feedback_image: autoDraw = True
38.5370 	EXP 	enc_practice_feedback_text: autoDraw = True
39.4659 	EXP 	enc_practice_feedback_map: autoDraw = False
39.4659 	EXP 	enc_practice_feedback_image: autoDraw = False
39.4659 	EXP 	enc_practice_feedback_text: autoDraw = False
39.4659 	EXP 	end_practice_text: autoDraw = True
39.6620 	DATA 	Keypress: right
39.6626 	EXP 	Created sequence: sequential, trialTypes=1, nReps=3, seed=None
39.6630 	EXP 	New trial (rep=0, index=0): None
39.6648 	EXP 	end_practice_text: autoDraw = False
39.6648 	EXP 	start_enc_run_text: autoDraw = True
40.8712 	DATA 	Keypress: right
41.7344 	EXP 	Imported stimuli_tables/encoding_trials_0.csv as conditions, 2 conditions, 20 params
41.7354 	EXP 	Created sequence: sequential, trialTypes=2, nReps=1, seed=None
41.7362 	EXP 	New trial (rep=0, index=0): OrderedDict([('TrialIndex', 1), ('Jitter', 2000), ('ScannerRun', 1), ('StimType', 'OLP'), ('Order', 1), ('Delay', 3), ('CurrentImage', 'stimuli/fractals/101b.jpg'), ('CurrentX', 212.1320344), ('CurrentY', 212.1320344), ('TripletMemberA', 'stimuli/fractals/101b.jpg'), ('TripletMemberB', 'stimuli/fractals/101a.jpg'), ('TripletMemberC', 'stimuli/fractals/101c.jpg'), ('Xcoordinate', 212.1320344), ('Ycoordinate', 212.1320344), ('Xcoordinate_lure1', 0.0), ('Ycoordinate_lure1', 300.0), ('Xcoordinate_lure2', 300.0), ('Ycoordinate_lure2', 0.0), ('Xcoordinate_foil', -212.1320344), ('Ycoordinate_foil', -212.1320344)])
41.7412 	EXP 	start_enc_run_text: autoDraw = False
41.7412 	EXP 	start_enc_run_text: autoDraw = False
41.7412 	EXP 	enc_fx_cross: pos = array([212.1320344, 212.1320344])
41.7412 	EXP 	enc_fx_map: autoDraw = True
41.7412 	EXP 	enc_fx_cross: autoDraw = True
43.8148 	EXP 	enc_fx_map: autoDraw = False
43.8148 	EXP 	enc_fx_cross: autoDraw = False
43.8148 	EXP 	enc_fx_map: autoDraw = False
43.8148 	EXP 	enc_fx_cross: autoDraw = False
43.8148 	EXP 	enc_trial_main_image: pos = array([212.1320344, 212.1320344])
43.8148 	EXP 	enc_trial_main_image: image = 'stimuli/fractals/101b.jpg'
43.8148 	EXP 	enc_trial_map: autoDraw = True
43.8148 	EXP 	enc_trial_main_image: autoDraw = True
46.7458 	EXP 	New trial (rep=0, index=1): OrderedDict([('TrialIndex', 2), ('Jitter', 6000), ('ScannerRun', 1), ('StimType', 'OLP'), ('Order', 1), ('Delay', 3), ('CurrentImage', 'stimuli/fractals/97b.jpg'), ('CurrentX', 212.1320344), ('CurrentY', -212.1320344), ('TripletMemberA', 'stimuli/fractals/97b.jpg'), ('TripletMemberB', 'stimuli/fractals/97c.jpg'), ('TripletMemberC', 'stimuli/fractals/97a.jpg'), ('Xcoordinate', 212.1320344), ('Ycoordinate', -212.1320344), ('Xcoordinate_lure1', 0.0), ('Ycoordinate_lure1', -300.0), ('Xcoordinate_lure2', 300.0), ('Ycoordinate_lure2', 0.0), ('Xcoordinate_foil', -212.1320344), ('Ycoordinate_foil', 212.1320344)])
46.7506 	EXP 	enc_trial_map: autoDraw = False
46.7506 	EXP 	enc_trial_main_image: autoDraw = False
46.7506 	EXP 	enc_fx_cross: pos = array([ 212.1320344, -212.1320344])
46.7506 	EXP 	enc_fx_map: autoDraw = True
46.7506 	EXP 	enc_fx_cross: autoDraw = True
52.8209 	EXP 	enc_fx_map: autoDraw = False
52.8209 	EXP 	enc_fx_cross: autoDraw = False
52.8209 	EXP 	enc_fx_map: autoDraw = False
52.8209 	EXP 	enc_fx_cross: autoDraw = False
52.8209 	EXP 	enc_trial_main_image: pos = array([ 212.1320344, -212.1320344])
52.8209 	EXP 	enc_trial_main_image: image = 'stimuli/fractals/97b.jpg'
52.8209 	EXP 	enc_trial_map: autoDraw = True
52.8209 	EXP 	enc_trial_main_image: autoDraw = True
55.7676 	EXP 	enc_trial_map: autoDraw = False
55.7676 	EXP 	enc_trial_main_image: autoDraw = False
55.7676 	EXP 	end_enc_run_text: text = 'Szünet\nA folytatáshoz nyomja le a jobb nyilat'
55.7676 	EXP 	end_enc_run_text: autoDraw = True
61.0534 	DATA 	Keypress: right
61.0554 	EXP 	New trial (rep=1, index=0): None
61.0571 	EXP 	end_enc_run_text: autoDraw = False
61.0571 	EXP 	start_enc_run_text: autoDraw = True
63.1257 	EXP 	Imported stimuli_tables/encoding_trials_0.csv as conditions, 2 conditions, 20 params
63.1267 	EXP 	Created sequence: sequential, trialTypes=2, nReps=1, seed=None
63.1275 	EXP 	New trial (rep=0, index=0): OrderedDict([('TrialIndex', 3), ('Jitter', 2000), ('ScannerRun', 1), ('StimType', 'LLP'), ('Order', 1), ('Delay', 5), ('CurrentImage', 'stimuli/fractals/76b.jpg'), ('CurrentX', 212.1320344), ('CurrentY', 212.1320344), ('TripletMemberA', 'stimuli/fractals/76b.jpg'), ('TripletMemberB', 'stimuli/fractals/76c.jpg'), ('TripletMemberC', 'stimuli/fractals/76a.jpg'), ('Xcoordinate', 212.1320344), ('Ycoordinate', 212.1320344), ('Xcoordinate_lure1', 300.0), ('Ycoordinate_lure1', 0.0), ('Xcoordinate_lure2', 0.0), ('Ycoordinate_lure2', 300.0), ('Xcoordinate_foil', -212.1320344), ('Ycoordinate_foil', -212.1320344)])
63.1323 	EXP 	start_enc_run_text: autoDraw = False
63.1323 	EXP 	start_enc_run_text: autoDraw = False
63.1323 	EXP 	enc_fx_cross: pos = array([212.1320344, 212.1320344])
63.1323 	EXP 	enc_fx_map: autoDraw = True
63.1323 	EXP 	enc_fx_cross: autoDraw = True
65.2034 	EXP 	enc_fx_map: autoDraw = False
65.2034 	EXP 	enc_fx_cross: autoDraw = False
65.2034 	EXP 	enc_fx_map: autoDraw = False
65.2034 	EXP 	enc_fx_cross: autoDraw = False
65.2034 	EXP 	enc_trial_main_image: pos = array([212.1320344, 212.1320344])
65.2034 	EXP 	enc_trial_main_image: image = 'stimuli/fractals/76b.jpg'
65.2034 	EXP 	enc_trial_map: autoDraw = True
65.2034 	EXP 	enc_trial_main_image: autoDraw = True
68.1385 	EXP 	New trial (rep=0, index=1): OrderedDict([('TrialIndex', 4), ('Jitter', 1000), ('ScannerRun', 1), ('StimType', 'ERP'), ('Order', 1), ('Delay', 2), ('CurrentImage', 'stimuli/fractals/19a.jpg'), ('CurrentX', 212.1320344), ('CurrentY', -212.1320344), ('TripletMemberA', 'stimuli/fractals/19a.jpg'), ('TripletMemberB', 'stimuli/fractals/19c.jpg'), ('TripletMemberC', 'stimuli/fractals/19b.jpg'), ('Xcoordinate', 212.1320344), ('Ycoordinate', -212.1320344), ('Xcoordinate_lure1', 300.0), ('Ycoordinate_lure1', 0.0), ('Xcoordinate_lure2', 0.0), ('Ycoordinate_lure2', -300.0), ('Xcoordinate_foil', -300.0), ('Ycoordinate_foil', 0.0)])
68.1432 	EXP 	enc_trial_map: autoDraw = False
68.1432 	EXP 	enc_trial_main_image: autoDraw = False
68.1432 	EXP 	enc_fx_cross: pos = array([ 212.1320344, -212.1320344])
68.1432 	EXP 	enc_fx_map: autoDraw = True
68.1432 	EXP 	enc_fx_cross: autoDraw = True
69.2170 	EXP 	enc_fx_map: autoDraw = False
69.2170 	EXP 	enc_fx_cross: autoDraw = False
69.2170 	EXP 	enc_fx_map: autoDraw = False
69.2170 	EXP 	enc_fx_cross: autoDraw = False
69.2170 	EXP 	enc_trial_main_image: pos = array([ 212.1320344, -212.1320344])
69.2170 	EXP 	enc_trial_main_image: image = 'stimuli/fractals/19a.jpg'
69.2170 	EXP 	enc_trial_map: autoDraw = True
69.2170 	EXP 	enc_trial_main_image: autoDraw = True
72.1492 	EXP 	enc_trial_map: autoDraw = False
72.1492 	EXP 	enc_trial_main_image: autoDraw = False
72.1492 	EXP 	end_enc_run_text: text = 'Szünet\nA folytatáshoz nyomja le a jobb nyilat'
72.1492 	EXP 	end_enc_run_text: autoDraw = True
73.5727 	DATA 	Keypress: right
73.5741 	EXP 	New trial (rep=2, index=0): None
73.5758 	EXP 	end_enc_run_text: autoDraw = False
73.5758 	EXP 	start_enc_run_text: autoDraw = True
75.6444 	EXP 	Imported stimuli_tables/encoding_trials_0.csv as conditions, 2 conditions, 20 params
75.6454 	EXP 	Created sequence: sequential, trialTypes=2, nReps=1, seed=None
75.6462 	EXP 	New trial (rep=0, index=0): OrderedDict([('TrialIndex', 5), ('Jitter', 5000), ('ScannerRun', 1), ('StimType', 'OLP'), ('Order', 2), ('Delay', 0), ('CurrentImage', 'stimuli/fractals/101a.jpg'), ('CurrentX', 212.1320344), ('CurrentY', 212.1320344), ('TripletMemberA', 'stimuli/fractals/101b.jpg'), ('TripletMemberB', 'stimuli/fractals/101a.jpg'), ('TripletMemberC', 'stimuli/fractals/101c.jpg'), ('Xcoordinate', 212.1320344), ('Ycoordinate', 212.1320344), ('Xcoordinate_lure1', 0.0), ('Ycoordinate_lure1', 300.0), ('Xcoordinate_lure2', 300.0), ('Ycoordinate_lure2', 0.0), ('Xcoordinate_foil', -212.1320344), ('Ycoordinate_foil', -212.1320344)])
75.6511 	EXP 	start_enc_run_text: autoDraw = False
75.6511 	EXP 	start_enc_run_text: autoDraw = False
75.6511 	EXP 	enc_fx_cross: pos = array([212.1320344, 212.1320344])
75.6511 	EXP 	enc_fx_map: autoDraw = True
75.6511 	EXP 	enc_fx_cross: autoDraw = True
80.7214 	EXP 	enc_fx_map: autoDraw = False
80.7214 	EXP 	enc_fx_cross: autoDraw = False
80.7214 	EXP 	enc_fx_map: autoDraw = False
80.7214 	EXP 	enc_fx_cross: autoDraw = False
80.7214 	EXP 	enc_trial_main_image: pos = array([212.1320344, 212.1320344])
80.7214 	EXP 	enc_trial_main_image: image = 'stimuli/fractals/101a.jpg'
80.7214 	EXP 	enc_trial_map: autoDraw = True
80.7214 	EXP 	enc_trial_main_image: autoDraw = True
83.6559 	EXP 	New trial (rep=0, index=1): OrderedDict([('TrialIndex', 6), ('Jitter', 3000), ('ScannerRun', 1), ('StimType', 'OLP'), ('Order', 2), ('Delay', 0), ('CurrentImage', 'stimuli/fractals/97c.jpg'), ('CurrentX', 212.1320344), ('CurrentY', -212.1320344), ('TripletMemberA', 'stimuli/fractals/97b.jpg'), ('TripletMemberB', 'stimuli/fractals/97c.jpg'), ('TripletMemberC', 'stimuli/fractals/97a.jpg'), ('Xcoordinate', 212.1320344), ('Ycoordinate', -212.1320344), ('Xcoordinate_lure1', 0.0), ('Ycoordinate_lure1', -300.0), ('Xcoordinate_lure2', 300.0), ('Ycoordinate_lure2', 0.0), ('Xcoordinate_foil', -212.1320344), ('Ycoordinate_foil', 212.1320344)])
83.6607 	EXP 	enc_trial_map: autoDraw = False
83.6607 	EXP 	enc_trial_main_image: autoDraw = False
83.6607 	EXP 	enc_fx_cross: pos = array([ 212.1320344, -212.1320344])
83.6607 	EXP 	enc_fx_map: autoDraw = True
83.6607 	EXP 	enc_fx_cross: autoDraw = True
86.7337 	EXP 	enc_fx_map: autoDraw = False
86.7337 	EXP 	enc_fx_cross: autoDraw = False
86.7337 	EXP 	enc_fx_map: autoDraw = False
86.7337 	EXP 	enc_fx_cross: autoDraw = False
86.7337 	EXP 	enc_trial_main_image: pos = array([ 212.1320344, -212.1320344])
86.7337 	EXP 	enc_trial_main_image: image = 'stimuli/fractals/97c.jpg'
86.7337 	EXP 	enc_trial_map: autoDraw = True
86.7337 	EXP 	enc_trial_main_image: autoDraw = True
89.6750 	EXP 	enc_trial_map: autoDraw = False
89.6750 	EXP 	enc_trial_main_image: autoDraw = False
89.6750 	EXP 	end_enc_run_text: text = 'Vége az első feladatnak'
89.6750 	EXP 	end_enc_run_text: autoDraw = True
91.6812 	DATA 	Keypress: right
91.6842 	EXP 	end_enc_run_text: autoDraw = False
91.6842 	EXP 	start_recognition_text: autoDraw = True
93.6851 	EXP 	start_recognition_text: autoDraw = False
93.6851 	EXP 	rec_instructions_1_text: autoDraw = True
102.1808 	DATA 	Keypress: right
102.1832 	EXP 	rec_instructions_1_text: autoDraw = False
102.1832 	EXP 	rec_instructions2_text: autoDraw = True
103.0634 	DATA 	Keypress: right
103.0657 	EXP 	rec_instructions2_text: autoDraw = False
103.0657 	EXP 	rec_instrauction_3_text: autoDraw = True
104.4146 	DATA 	Keypress: right
104.4167 	EXP 	rec_instrauction_3_text: autoDraw = False
104.4167 	EXP 	rec_instructions_4_text: autoDraw = True
111.1664 	DATA 	Keypress: right
111.1760 	EXP 	Imported stimuli_demo.csv as conditions, 10 conditions, 12 params
111.1765 	EXP 	Created sequence: sequential, trialTypes=10, nReps=1, seed=None
111.1771 	EXP 	New trial (rep=0, index=0): OrderedDict([('Task', 'Demo'), ('TrialType', 'OBJ'), ('StimType', 'LURE'), ('CurrentImage', 'stimuli/fractals//181b.jpg'), ('DemoImage', 'stimuli/fractals//181c.jpg'), ('CurrentX', 300.0), ('CurrentY', 0.0), ('DemoX', -300.0), ('DemoY', 0.0), ('InPractice', '-'), ('DemoText', 'Hasonló Képek'), ('Jitter', 2300)])
111.3271 	EXP 	rec_instructions_4_text: autoDraw = False
111.3271 	EXP 	demo_main_image: pos = array([300.,   0.])
111.3271 	EXP 	demo_main_image: image = 'stimuli/fractals//181b.jpg'
111.3271 	EXP 	demo_image: pos = array([-300.,    0.])
111.3271 	EXP 	demo_image: image = 'stimuli/fractals//181c.jpg'
111.3271 	EXP 	demo_text: text = 'Hasonló Képek'
111.3271 	EXP 	demo_map: autoDraw = True
111.3271 	EXP 	demo_main_image: autoDraw = True
111.3271 	EXP 	demo_image: autoDraw = True
111.3271 	EXP 	demo_text: autoDraw = True
116.1555 	DATA 	Keypress: right
116.1586 	EXP 	New trial (rep=0, index=1): OrderedDict([('Task', 'Demo'), ('TrialType', 'OBJ'), ('StimType', 'LURE'), ('CurrentImage', 'stimuli/fractals//149a.jpg'), ('DemoImage', 'stimuli/fractals//149b.jpg'), ('CurrentX', 300.0), ('CurrentY', 0.0), ('DemoX', -300.0), ('DemoY', 0.0), ('InPractice', '-'), ('DemoText', 'Hasonló Képek'), ('Jitter', 1000)])
116.3019 	EXP 	demo_map: autoDraw = False
116.3019 	EXP 	demo_main_image: autoDraw = False
116.3019 	EXP 	demo_image: autoDraw = False
116.3019 	EXP 	demo_text: autoDraw = False
116.3019 	EXP 	demo_main_image: pos = array([300.,   0.])
116.3019 	EXP 	demo_main_image: image = 'stimuli/fractals//149a.jpg'
116.3019 	EXP 	demo_image: pos = array([-300.,    0.])
116.3019 	EXP 	demo_image: image = 'stimuli/fractals//149b.jpg'
116.3019 	EXP 	demo_text: text = 'Hasonló Képek'
116.3019 	EXP 	demo_map: autoDraw = True
116.3019 	EXP 	demo_main_image: autoDraw = True
116.3019 	EXP 	demo_image: autoDraw = True
116.3019 	EXP 	demo_text: autoDraw = True
122.7577 	DATA 	Keypress: right
122.7598 	EXP 	New trial (rep=0, index=2): OrderedDict([('Task', 'Demo'), ('TrialType', 'OBJ'), ('StimType', 'LURE'), ('CurrentImage', 'stimuli/fractals//177b.jpg'), ('DemoImage', 'stimuli/fractals//177c.jpg'), ('CurrentX', 300.0), ('CurrentY', 0.0), ('DemoX', -300.0), ('DemoY', 0.0), ('InPractice', '-'), ('DemoText', 'Hasonló Képek'), ('Jitter', 800)])
122.9077 	EXP 	demo_map: autoDraw = False
122.9077 	EXP 	demo_main_image: autoDraw = False
122.9077 	EXP 	demo_image: autoDraw = False
122.9077 	EXP 	demo_text: autoDraw = False
122.9077 	EXP 	demo_main_image: pos = array([300.,   0.])
122.9077 	EXP 	demo_main_image: image = 'stimuli/fractals//177b.jpg'
122.9077 	EXP 	demo_image: pos = array([-300.,    0.])
122.9077 	EXP 	demo_image: image = 'stimuli/fractals//177c.jpg'
122.9077 	EXP 	demo_text: text = 'Hasonló Képek'
122.9077 	EXP 	demo_map: autoDraw = True
122.9077 	EXP 	demo_main_image: autoDraw = True
122.9077 	EXP 	demo_image: autoDraw = True
122.9077 	EXP 	demo_text: autoDraw = True
125.1306 	DATA 	Keypress: right
125.1326 	EXP 	New trial (rep=0, index=3): OrderedDict([('Task', 'Demo'), ('TrialType', 'OBJ'), ('StimType', 'LURE'), ('CurrentImage', 'stimuli/fractals//167a.jpg'), ('DemoImage', 'stimuli/fractals//167b.jpg'), ('CurrentX', 300.0), ('CurrentY', 0.0), ('DemoX', -300.0), ('DemoY', 0.0), ('InPractice', 'OBJ-TARGET'), ('DemoText', 'Hasonló Képek'), ('Jitter', 1500)])
125.2663 	EXP 	demo_map: autoDraw = False
125.2663 	EXP 	demo_main_image: autoDraw = False
125.2663 	EXP 	demo_image: autoDraw = False
125.2663 	EXP 	demo_text: autoDraw = False
125.2663 	EXP 	demo_main_image: pos = array([300.,   0.])
125.2663 	EXP 	demo_main_image: image = 'stimuli/fractals//167a.jpg'
125.2663 	EXP 	demo_image: pos = array([-300.,    0.])
125.2663 	EXP 	demo_image: image = 'stimuli/fractals//167b.jpg'
125.2663 	EXP 	demo_text: text = 'Hasonló Képek'
125.2663 	EXP 	demo_map: autoDraw = True
125.2663 	EXP 	demo_main_image: autoDraw = True
125.2663 	EXP 	demo_image: autoDraw = True
125.2663 	EXP 	demo_text: autoDraw = True
127.0164 	DATA 	Keypress: right
131.6280 	DATA 	Keypress: right
131.6300 	EXP 	New trial (rep=0, index=4): OrderedDict([('Task', 'Demo'), ('TrialType', 'OBJ'), ('StimType', 'FOIL'), ('CurrentImage', 'stimuli/fractals//163a.jpg'), ('DemoImage', 'stimuli/fractals//173c.jpg'), ('CurrentX', 300.0), ('CurrentY', 0.0), ('DemoX', -300.0), ('DemoY', 0.0), ('InPractice', '-'), ('DemoText', 'Új Képek'), ('Jitter', 600)])
131.7661 	EXP 	demo_map: autoDraw = False
131.7661 	EXP 	demo_main_image: autoDraw = False
131.7661 	EXP 	demo_image: autoDraw = False
131.7661 	EXP 	demo_text: autoDraw = False
131.7661 	EXP 	demo_main_image: pos = array([300.,   0.])
131.7661 	EXP 	demo_main_image: image = 'stimuli/fractals//163a.jpg'
131.7661 	EXP 	demo_image: pos = array([-300.,    0.])
131.7661 	EXP 	demo_image: image = 'stimuli/fractals//173c.jpg'
131.7661 	EXP 	demo_text: text = 'Új Képek'
131.7661 	EXP 	demo_map: autoDraw = True
131.7661 	EXP 	demo_main_image: autoDraw = True
131.7661 	EXP 	demo_image: autoDraw = True
131.7661 	EXP 	demo_text: autoDraw = True
139.4749 	DATA 	Keypress: right
139.4808 	EXP 	New trial (rep=0, index=5): OrderedDict([('Task', 'Demo'), ('TrialType', 'LOC'), ('StimType', 'LURE'), ('CurrentImage', 'stimuli/fractals//166a.jpg'), ('DemoImage', 'stimuli/fractals//166a.jpg'), ('CurrentX', -300.0), ('CurrentY', 0.0), ('DemoX', -212.1320344), ('DemoY', -212.1320344), ('InPractice', 'LOC-TARGET, OBJ-LURE'), ('DemoText', 'Hasonló Helyek'), ('Jitter', 800)])
139.6224 	EXP 	demo_map: autoDraw = False
139.6224 	EXP 	demo_main_image: autoDraw = False
139.6224 	EXP 	demo_image: autoDraw = False
139.6224 	EXP 	demo_text: autoDraw = False
139.6224 	EXP 	demo_main_image: pos = array([-300.,    0.])
139.6224 	EXP 	demo_main_image: image = 'stimuli/fractals//166a.jpg'
139.6224 	EXP 	demo_image: pos = array([-212.1320344, -212.1320344])
139.6224 	EXP 	demo_image: image = 'stimuli/fractals//166a.jpg'
139.6224 	EXP 	demo_text: text = 'Hasonló Helyek'
139.6224 	EXP 	demo_map: autoDraw = True
139.6224 	EXP 	demo_main_image: autoDraw = True
139.6224 	EXP 	demo_image: autoDraw = True
139.6224 	EXP 	demo_text: autoDraw = True
140.9679 	DATA 	Keypress: right
142.5144 	DATA 	Keypress: right
142.5164 	EXP 	New trial (rep=0, index=6): OrderedDict([('Task', 'Demo'), ('TrialType', 'LOC'), ('StimType', 'LURE'), ('CurrentImage', 'stimuli/fractals//159a.jpg'), ('DemoImage', 'stimuli/fractals//159a.jpg'), ('CurrentX', 0.0), ('CurrentY', 300.0), ('DemoX', -212.1320344), ('DemoY', 212.1320344), ('InPractice', 'LOC-LURE'), ('DemoText', 'Hasonló Helyek'), ('Jitter', 1500)])
142.6639 	EXP 	demo_map: autoDraw = False
142.6639 	EXP 	demo_main_image: autoDraw = False
142.6639 	EXP 	demo_image: autoDraw = False
142.6639 	EXP 	demo_text: autoDraw = False
142.6639 	EXP 	demo_main_image: pos = array([  0., 300.])
142.6639 	EXP 	demo_main_image: image = 'stimuli/fractals//159a.jpg'
142.6639 	EXP 	demo_image: pos = array([-212.1320344,  212.1320344])
142.6639 	EXP 	demo_image: image = 'stimuli/fractals//159a.jpg'
142.6639 	EXP 	demo_text: text = 'Hasonló Helyek'
142.6639 	EXP 	demo_map: autoDraw = True
142.6639 	EXP 	demo_main_image: autoDraw = True
142.6639 	EXP 	demo_image: autoDraw = True
142.6639 	EXP 	demo_text: autoDraw = True
143.6579 	DATA 	Keypress: right
145.5394 	DATA 	Keypress: right
145.5414 	EXP 	New trial (rep=0, index=7): OrderedDict([('Task', 'Demo'), ('TrialType', 'LOC'), ('StimType', 'LURE'), ('CurrentImage', 'stimuli/fractals//148b.jpg'), ('DemoImage', 'stimuli/fractals//148b.jpg'), ('CurrentX', 212.1320344), ('CurrentY', 212.1320344), ('DemoX', 0.0), ('DemoY', 300.0), ('InPractice', 'LOC-FOIL'), ('DemoText', 'Hasonló Helyek'), ('Jitter', 800)])
145.6779 	EXP 	demo_map: autoDraw = False
145.6779 	EXP 	demo_main_image: autoDraw = False
145.6779 	EXP 	demo_image: autoDraw = False
145.6779 	EXP 	demo_text: autoDraw = False
145.6779 	EXP 	demo_main_image: pos = array([212.1320344, 212.1320344])
145.6779 	EXP 	demo_main_image: image = 'stimuli/fractals//148b.jpg'
145.6779 	EXP 	demo_image: pos = array([  0., 300.])
145.6779 	EXP 	demo_image: image = 'stimuli/fractals//148b.jpg'
145.6779 	EXP 	demo_text: text = 'Hasonló Helyek'
145.6779 	EXP 	demo_map: autoDraw = True
145.6779 	EXP 	demo_main_image: autoDraw = True
145.6779 	EXP 	demo_image: autoDraw = True
145.6779 	EXP 	demo_text: autoDraw = True
146.6799 	DATA 	Keypress: right
148.1266 	DATA 	Keypress: right
148.1305 	EXP 	New trial (rep=0, index=8): OrderedDict([('Task', 'Demo'), ('TrialType', 'LOC'), ('StimType', 'FOIL'), ('CurrentImage', 'stimuli/fractals//177b.jpg'), ('DemoImage', 'stimuli/fractals//177b.jpg'), ('CurrentX', 300.0), ('CurrentY', 0.0), ('DemoX', -212.1320344), ('DemoY', 212.1320344), ('InPractice', 'OBJ-LURE'), ('DemoText', 'Új Helyek'), ('Jitter', 800)])
148.2805 	EXP 	demo_map: autoDraw = False
148.2805 	EXP 	demo_main_image: autoDraw = False
148.2805 	EXP 	demo_image: autoDraw = False
148.2805 	EXP 	demo_text: autoDraw = False
148.2805 	EXP 	demo_main_image: pos = array([300.,   0.])
148.2805 	EXP 	demo_main_image: image = 'stimuli/fractals//177b.jpg'
148.2805 	EXP 	demo_image: pos = array([-212.1320344,  212.1320344])
148.2805 	EXP 	demo_image: image = 'stimuli/fractals//177b.jpg'
148.2805 	EXP 	demo_text: text = 'Új Helyek'
148.2805 	EXP 	demo_map: autoDraw = True
148.2805 	EXP 	demo_main_image: autoDraw = True
148.2805 	EXP 	demo_image: autoDraw = True
148.2805 	EXP 	demo_text: autoDraw = True
148.9031 	DATA 	Keypress: right
149.6223 	DATA 	Keypress: right
150.2196 	DATA 	Keypress: right
150.8494 	DATA 	Keypress: right
150.8515 	EXP 	New trial (rep=0, index=9): OrderedDict([('Task', 'Demo'), ('TrialType', 'LOC'), ('StimType', 'FOIL'), ('CurrentImage', 'stimuli/fractals//177b.jpg'), ('DemoImage', 'stimuli/fractals//177b.jpg'), ('CurrentX', 300.0), ('CurrentY', 0.0), ('DemoX', -300.0), ('DemoY', 0.0), ('InPractice', 'OBJ-LURE'), ('DemoText', 'Új Helyek'), ('Jitter', 1200)])
150.9987 	EXP 	demo_map: autoDraw = False
150.9987 	EXP 	demo_main_image: autoDraw = False
150.9987 	EXP 	demo_image: autoDraw = False
150.9987 	EXP 	demo_text: autoDraw = False
150.9987 	EXP 	demo_main_image: pos = array([300.,   0.])
150.9987 	EXP 	demo_main_image: image = 'stimuli/fractals//177b.jpg'
150.9987 	EXP 	demo_image: pos = array([-300.,    0.])
150.9987 	EXP 	demo_image: image = 'stimuli/fractals//177b.jpg'
150.9987 	EXP 	demo_text: text = 'Új Helyek'
150.9987 	EXP 	demo_map: autoDraw = True
150.9987 	EXP 	demo_main_image: autoDraw = True
150.9987 	EXP 	demo_image: autoDraw = True
150.9987 	EXP 	demo_text: autoDraw = True
165.5578 	DATA 	Keypress: right
165.5653 	EXP 	demo_map: autoDraw = False
165.5653 	EXP 	demo_main_image: autoDraw = False
165.5653 	EXP 	demo_image: autoDraw = False
165.5653 	EXP 	demo_text: autoDraw = False
165.5653 	EXP 	demo_end_text: autoDraw = True
177.7973 	DATA 	Keypress: right
177.7993 	EXP 	demo_end_text: autoDraw = False
177.7993 	EXP 	start_practice_text: autoDraw = True
178.8071 	EXP 	Imported recognition_practice_trials.csv as conditions, 1 conditions, 10 params
178.8075 	EXP 	Created sequence: sequential, trialTypes=1, nReps=2, seed=None
178.8081 	EXP 	New trial (rep=0, index=0): OrderedDict([('Task', 'RecognitionPractice'), ('TrialIndex', 1), ('BlockNr', 1), ('TrialType', 'OBJ'), ('StimType', 'FOIL'), ('CurrentImage', 'stimuli/fractals/156b.jpg'), ('CurrentX', 212.1320344), ('CurrentY', 212.1320344), ('Jitter', 0.6), ('Filler', 0)])
178.8144 	EXP 	start_practice_text: autoDraw = False
178.8144 	EXP 	start_practice_text: autoDraw = False
178.8144 	EXP 	rec_practice_block_text: text = 'OBJ'
178.8144 	EXP 	rec_practice_block_text: autoDraw = True
179.8229 	EXP 	Imported recognition_practice_trials.csv as conditions, 3 conditions, 10 params
179.8233 	EXP 	Created sequence: sequential, trialTypes=3, nReps=1, seed=None
179.8239 	EXP 	New trial (rep=0, index=0): OrderedDict([('Task', 'RecognitionPractice'), ('TrialIndex', 1), ('BlockNr', 1), ('TrialType', 'OBJ'), ('StimType', 'FOIL'), ('CurrentImage', 'stimuli/fractals/156b.jpg'), ('CurrentX', 212.1320344), ('CurrentY', 212.1320344), ('Jitter', 0.6), ('Filler', 0)])
179.8989 	EXP 	rec_practice_block_text: autoDraw = False
179.8989 	EXP 	rec_practice_block_text: autoDraw = False
179.8989 	EXP 	rec_fx_cross: pos = array([212.1320344, 212.1320344])
179.8989 	EXP 	rec_fx_map: autoDraw = True
179.8989 	EXP 	rec_fx_map: autoDraw = False
179.8989 	EXP 	rec_fx_cross: autoDraw = True
179.8989 	EXP 	rec_fx_cross: autoDraw = False
179.8989 	EXP 	rec_fx_map: autoDraw = False
179.8989 	EXP 	rec_fx_cross: autoDraw = False
179.8989 	EXP 	rec_trial_main_image: pos = array([212.1320344, 212.1320344])
179.8989 	EXP 	rec_trial_main_image: image = 'stimuli/fractals/156b.jpg'
179.8989 	EXP 	rec_trial_map: autoDraw = True
179.8989 	EXP 	rec_trial_main_image: autoDraw = True
182.8328 	EXP 	New trial (rep=0, index=1): OrderedDict([('Task', 'RecognitionPractice'), ('TrialIndex', 1), ('BlockNr', 1), ('TrialType', 'OBJ'), ('StimType', 'LURE'), ('CurrentImage', 'stimuli/fractals/166c.jpg'), ('CurrentX', -300.0), ('CurrentY', 0.0), ('Jitter', 0.6), ('Filler', 0)])
182.9074 	EXP 	rec_trial_map: autoDraw = False
182.9074 	EXP 	rec_trial_main_image: autoDraw = False
182.9074 	EXP 	rec_fx_cross: pos = array([-300.,    0.])
182.9074 	EXP 	rec_fx_map: autoDraw = True
182.9074 	EXP 	rec_fx_map: autoDraw = False
182.9074 	EXP 	rec_fx_cross: autoDraw = True
182.9074 	EXP 	rec_fx_cross: autoDraw = False
182.9074 	EXP 	rec_fx_map: autoDraw = False
182.9074 	EXP 	rec_fx_cross: autoDraw = False
182.9074 	EXP 	rec_trial_main_image: pos = array([-300.,    0.])
182.9074 	EXP 	rec_trial_main_image: image = 'stimuli/fractals/166c.jpg'
182.9074 	EXP 	rec_trial_map: autoDraw = True
182.9074 	EXP 	rec_trial_main_image: autoDraw = True
185.8389 	EXP 	New trial (rep=0, index=2): OrderedDict([('Task', 'RecognitionPractice'), ('TrialIndex', 2), ('BlockNr', 1), ('TrialType', 'OBJ'), ('StimType', 'TARGET'), ('CurrentImage', 'stimuli/fractals/167a.jpg'), ('CurrentX', 0.0), ('CurrentY', 300.0), ('Jitter', 2.0), ('Filler', 0)])
185.8439 	EXP 	rec_trial_map: autoDraw = False
185.8439 	EXP 	rec_trial_main_image: autoDraw = False
185.8439 	EXP 	rec_fx_cross: pos = array([  0., 300.])
185.8439 	EXP 	rec_fx_map: autoDraw = True
185.8439 	EXP 	rec_fx_cross: autoDraw = True
185.9157 	EXP 	rec_fx_map: autoDraw = False
185.9157 	EXP 	rec_fx_cross: autoDraw = False
185.9157 	EXP 	rec_fx_map: autoDraw = False
185.9157 	EXP 	rec_fx_cross: autoDraw = False
185.9157 	EXP 	rec_trial_main_image: pos = array([  0., 300.])
185.9157 	EXP 	rec_trial_main_image: image = 'stimuli/fractals/167a.jpg'
185.9157 	EXP 	rec_trial_map: autoDraw = True
185.9157 	EXP 	rec_trial_main_image: autoDraw = True
188.8488 	EXP 	New trial (rep=1, index=0): OrderedDict([('Task', 'RecognitionPractice'), ('TrialIndex', 1), ('BlockNr', 1), ('TrialType', 'OBJ'), ('StimType', 'FOIL'), ('CurrentImage', 'stimuli/fractals/156b.jpg'), ('CurrentX', 212.1320344), ('CurrentY', 212.1320344), ('Jitter', 0.6), ('Filler', 0)])
188.8507 	EXP 	rec_trial_map: autoDraw = False
188.8507 	EXP 	rec_trial_main_image: autoDraw = False
188.8507 	EXP 	rec_practice_block_text: text = 'OBJ'
188.8507 	EXP 	rec_practice_block_text: autoDraw = True
189.8539 	EXP 	Imported recognition_practice_trials.csv as conditions, 3 conditions, 10 params
189.8543 	EXP 	Created sequence: sequential, trialTypes=3, nReps=1, seed=None
189.8549 	EXP 	New trial (rep=0, index=0): OrderedDict([('Task', 'RecognitionPractice'), ('TrialIndex', 4), ('BlockNr', 2), ('TrialType', 'LOC'), ('StimType', 'LURE'), ('CurrentImage', 'stimuli/fractals/159a.jpg'), ('CurrentX', 212.1320344), ('CurrentY', 212.1320344), ('Jitter', 1.0), ('Filler', 0)])
189.8596 	EXP 	rec_practice_block_text: autoDraw = False
189.8596 	EXP 	rec_fx_cross: pos = array([212.1320344, 212.1320344])
189.8596 	EXP 	rec_fx_map: autoDraw = True
189.8596 	EXP 	rec_fx_cross: autoDraw = True
189.9371 	EXP 	rec_fx_map: autoDraw = False
189.9371 	EXP 	rec_fx_cross: autoDraw = False
189.9371 	EXP 	rec_fx_map: autoDraw = False
189.9371 	EXP 	rec_fx_cross: autoDraw = False
189.9371 	EXP 	rec_trial_main_image: pos = array([212.1320344, 212.1320344])
189.9371 	EXP 	rec_trial_main_image: image = 'stimuli/fractals/159a.jpg'
189.9371 	EXP 	rec_trial_map: autoDraw = True
189.9371 	EXP 	rec_trial_main_image: autoDraw = True
192.8666 	EXP 	New trial (rep=0, index=1): OrderedDict([('Task', 'RecognitionPractice'), ('TrialIndex', 5), ('BlockNr', 2), ('TrialType', 'LOC'), ('StimType', 'FOIL'), ('CurrentImage', 'stimuli/fractals/148b.jpg'), ('CurrentX', -212.1320344), ('CurrentY', -212.1320344), ('Jitter', 1.5), ('Filler', 0)])
192.8711 	EXP 	rec_trial_map: autoDraw = False
192.8711 	EXP 	rec_trial_main_image: autoDraw = False
192.8711 	EXP 	rec_fx_cross: pos = array([-212.1320344, -212.1320344])
192.8711 	EXP 	rec_fx_map: autoDraw = True
192.8711 	EXP 	rec_fx_cross: autoDraw = True
192.9428 	EXP 	rec_fx_map: autoDraw = False
192.9428 	EXP 	rec_fx_cross: autoDraw = False
192.9428 	EXP 	rec_fx_map: autoDraw = False
192.9428 	EXP 	rec_fx_cross: autoDraw = False
192.9428 	EXP 	rec_trial_main_image: pos = array([-212.1320344, -212.1320344])
192.9428 	EXP 	rec_trial_main_image: image = 'stimuli/fractals/148b.jpg'
192.9428 	EXP 	rec_trial_map: autoDraw = True
192.9428 	EXP 	rec_trial_main_image: autoDraw = True
195.8738 	EXP 	New trial (rep=0, index=2): OrderedDict([('Task', 'RecognitionPractice'), ('TrialIndex', 6), ('BlockNr', 2), ('TrialType', 'LOC'), ('StimType', 'TARGET'), ('CurrentImage', 'stimuli/fractals/166a.jpg'), ('CurrentX', -300.0), ('CurrentY', 0.0), ('Jitter', 1.0), ('Filler', 0)])
195.8783 	EXP 	rec_trial_map: autoDraw = False
195.8783 	EXP 	rec_trial_main_image: autoDraw = False
195.8783 	EXP 	rec_fx_cross: pos = array([-300.,    0.])
195.8783 	EXP 	rec_fx_map: autoDraw = True
195.8783 	EXP 	rec_fx_cross: autoDraw = True
195.9491 	EXP 	rec_fx_map: autoDraw = False
195.9491 	EXP 	rec_fx_cross: autoDraw = False
195.9491 	EXP 	rec_fx_map: autoDraw = False
195.9491 	EXP 	rec_fx_cross: autoDraw = False
195.9491 	EXP 	rec_trial_main_image: pos = array([-300.,    0.])
195.9491 	EXP 	rec_trial_main_image: image = 'stimuli/fractals/166a.jpg'
195.9491 	EXP 	rec_trial_map: autoDraw = True
195.9491 	EXP 	rec_trial_main_image: autoDraw = True
198.8841 	EXP 	rec_trial_map: autoDraw = False
198.8841 	EXP 	rec_trial_main_image: autoDraw = False
198.8841 	EXP 	end_practice_text: autoDraw = True
199.7104 	DATA 	Keypress: right
199.7110 	EXP 	Created sequence: sequential, trialTypes=1, nReps=3, seed=None
199.7113 	EXP 	New trial (rep=0, index=0): None
199.7131 	EXP 	end_practice_text: autoDraw = False
199.7131 	EXP 	start_rec_run_text: autoDraw = True
200.8038 	EXP 	window1: mouseVisible = True
