0.5451 	WARNING 	We strongly recommend you activate the PTB sound engine in PsychoPy prefs as the preferred audio engine. Its timing is vastly superior. Your prefs are currently set to use ['sounddevice', 'PTB', 'pyo', 'pygame'] (in that order).
1.3255 	WARNING 	Import Error: No module named 'psychtoolbox'. Using event module for keyboard component.
7.3031 	WARNING 	Monitor specification not found. Creating a temporary one...
7.6336 	EXP 	Created window1 = Window(allowGUI=False, allowStencil=False, args=UNKNOWN, autoLog=True, bitsMode=UNKNOWN, blendMode='avg', bpc=(8, 8, 8), color=array([0.804, 0.804, 0.961]), colorSpace='rgb', depthBits=8, fullscr=<method-wrapper '__getattribute__' of attributeSetter object at 0x7f4a8b042860>, gamma=None, gammaErrorPolicy='raise', kwargs=UNKNOWN, lms=UNKNOWN, monitor=<psychopy.monitors.calibTools.Monitor object at 0x7f4a88de2a90>, multiSample=False, name='window1', numSamples=2, pos=[0.0, 0.0], screen=0, size=array([1920, 1080]), stencilBits=0, stereo=False, units='height', useFBO=True, useRetina=False, viewOri=0.0, viewPos=None, viewScale=None, waitBlanking=True, winType='pyglet')
7.6336 	EXP 	window1: recordFrameIntervals = False
7.6435 	EXP 	window1: recordFrameIntervals = True
7.6461 	WARNING 	t of last frame was 1.62ms (=1/618)
7.6549 	EXP 	window1: recordFrameIntervals = False
7.7079 	EXP 	Created lab_thanks = TextStim(__class__=<class 'psychopy.visual.text.TextStim'>, alignHoriz=method-wrapper(...), alignText='center', alignVert=method-wrapper(...), anchorHoriz='center', anchorVert='center', antialias=True, autoLog=True, bold=False, color='black', colorSpace='named', contrast=1.0, depth=0.0, flipHoriz=False, flipVert=False, font='Arial', fontFiles=[], height=0.05, italic=False, languageStyle='LTR', name='lab_thanks', opacity=1.0, ori=0, pos=array([0., 0.]), rgb=array([0., 0., 0.]), text=str(...), units='height', win=Window(...), wrapWidth=1)
7.7155 	EXP 	Created start_encoding_text = TextStim(__class__=<class 'psychopy.visual.text.TextStim'>, alignHoriz=method-wrapper(...), alignText='center', alignVert=method-wrapper(...), anchorHoriz='center', anchorVert='center', antialias=True, autoLog=True, bold=False, color='black', colorSpace='named', contrast=1.0, depth=0.0, flipHoriz=False, flipVert=False, font='Arial', fontFiles=[], height=0.1, italic=False, languageStyle='LTR', name='start_encoding_text', opacity=1.0, ori=0, pos=array([0., 0.]), rgb=array([0., 0., 0.]), text='default text', units='height', win=Window(...), wrapWidth=1)
7.7407 	EXP 	Created enc_instructions_1_text = TextStim(__class__=<class 'psychopy.visual.text.TextStim'>, alignHoriz=method-wrapper(...), alignText='center', alignVert=method-wrapper(...), anchorHoriz='center', anchorVert='center', antialias=True, autoLog=True, bold=False, color='black', colorSpace='named', contrast=1.0, depth=0.0, flipHoriz=False, flipVert=False, font='Arial', fontFiles=[], height=0.04, italic=False, languageStyle='LTR', name='enc_instructions_1_text', opacity=1.0, ori=0, pos=array([-0.4,  0. ]), rgb=array([0., 0., 0.]), text=str(...), units='height', win=Window(...), wrapWidth=0.9)
7.7921 	EXP 	Created enc_instructions_1_image = ImageStim(__class__=<class 'psychopy.visual.image.ImageStim'>, autoLog=True, color=array([1., 1., 1.]), colorSpace='rgb', contrast=1.0, depth=-1.0, flipHoriz=False, flipVert=False, image='stimuli/GalleryBuildingFromOutside.jpg', interpolate=True, mask=None, maskParams=None, name='enc_instructions_1_image', opacity=1.0, ori=0.0, pos=array([450.,   0.]), size=array([600., 450.]), texRes=128, units='pix', win=Window(...))
7.8047 	EXP 	Created enc_instructions_2_text = TextStim(__class__=<class 'psychopy.visual.text.TextStim'>, alignHoriz=method-wrapper(...), alignText='center', alignVert=method-wrapper(...), anchorHoriz='center', anchorVert='center', antialias=True, autoLog=True, bold=False, color='black', colorSpace='named', contrast=1.0, depth=0.0, flipHoriz=False, flipVert=False, font='Arial', fontFiles=[], height=0.04, italic=False, languageStyle='LTR', name='enc_instructions_2_text', opacity=1.0, ori=0, pos=array([-0.5,  0. ]), rgb=array([0., 0., 0.]), text=str(...), units='height', win=Window(...), wrapWidth=0.7)
7.8291 	EXP 	Created enc_instructions_2_image = ImageStim(__class__=<class 'psychopy.visual.image.ImageStim'>, autoLog=True, color=array([1., 1., 1.]), colorSpace='rgb', contrast=1.0, depth=-1.0, flipHoriz=False, flipVert=False, image='stimuli/GalleryInfo.jpg', interpolate=True, mask=None, maskParams=None, name='enc_instructions_2_image', opacity=1.0, ori=0.0, pos=array([425.,   0.]), size=array([1000.,  750.]), texRes=128, units='pix', win=Window(...))
7.8434 	EXP 	Created enc_instructions_3_text = TextStim(__class__=<class 'psychopy.visual.text.TextStim'>, alignHoriz=method-wrapper(...), alignText='center', alignVert=method-wrapper(...), anchorHoriz='center', anchorVert='center', antialias=True, autoLog=True, bold=False, color='black', colorSpace='named', contrast=1.0, depth=0.0, flipHoriz=False, flipVert=False, font='Arial', fontFiles=[], height=0.05, italic=False, languageStyle='LTR', name='enc_instructions_3_text', opacity=1.0, ori=0, pos=array([0., 0.]), rgb=array([0., 0., 0.]), text=str(...), units='height', win=Window(...), wrapWidth=1)
7.8515 	EXP 	Created start_practice_text = TextStim(__class__=<class 'psychopy.visual.text.TextStim'>, alignHoriz=method-wrapper(...), alignText='center', alignVert=method-wrapper(...), anchorHoriz='center', anchorVert='center', antialias=True, autoLog=True, bold=False, color='black', colorSpace='named', contrast=1.0, depth=0.0, flipHoriz=False, flipVert=False, font='Arial', fontFiles=[], height=0.1, italic=False, languageStyle='LTR', name='start_practice_text', opacity=1.0, ori=0, pos=array([0., 0.]), rgb=array([0., 0., 0.]), text='Kezdődik a gyakorlás...', units='height', win=Window(...), wrapWidth=1)
7.8666 	EXP 	Created enc_fx_map = ImageStim(__class__=<class 'psychopy.visual.image.ImageStim'>, autoLog=True, color=array([1., 1., 1.]), colorSpace='rgb', contrast=1.0, depth=0.0, flipHoriz=False, flipVert=False, image='stimuli/GalleryPlanInside.jpg', interpolate=True, mask=None, maskParams=None, name='enc_fx_map', opacity=1.0, ori=0.0, pos=array([  0., -25.]), size=array([1040., 1000.]), texRes=128, units='pix', win=Window(...))
7.8725 	EXP 	Created enc_fx_cross = TextStim(__class__=<class 'psychopy.visual.text.TextStim'>, alignHoriz=method-wrapper(...), alignText='center', alignVert=method-wrapper(...), anchorHoriz='center', anchorVert='center', antialias=True, autoLog=True, bold=False, color='black', colorSpace='named', contrast=1.0, depth=-1.0, flipHoriz=False, flipVert=False, font='Arial', fontFiles=[], height=50, italic=False, languageStyle='LTR', name='enc_fx_cross', opacity=1.0, ori=0, pos=array([0., 0.]), rgb=array([0., 0., 0.]), text='+', units='pix', win=Window(...), wrapWidth=500)
7.8874 	EXP 	Created enc_trial_map = ImageStim(__class__=<class 'psychopy.visual.image.ImageStim'>, autoLog=True, color=array([1., 1., 1.]), colorSpace='rgb', contrast=1.0, depth=0.0, flipHoriz=False, flipVert=False, image='stimuli/GalleryPlanInside.jpg', interpolate=True, mask=None, maskParams=None, name='enc_trial_map', opacity=1.0, ori=0.0, pos=array([  0., -25.]), size=array([1040., 1000.]), texRes=128, units='pix', win=Window(...))
7.8889 	EXP 	Created enc_trial_main_image = ImageStim(__class__=<class 'psychopy.visual.image.ImageStim'>, autoLog=True, color=array([1., 1., 1.]), colorSpace='rgb', contrast=1.0, depth=-1.0, flipHoriz=False, flipVert=False, image='sin', interpolate=True, mask=None, maskParams=None, name='enc_trial_main_image', opacity=1.0, ori=0.0, pos=array([0., 0.]), size=array([300., 300.]), texRes=128, units='pix', win=Window(...))
7.9038 	EXP 	Created enc_practice_feedback_map = ImageStim(__class__=<class 'psychopy.visual.image.ImageStim'>, autoLog=True, color=array([1., 1., 1.]), colorSpace='rgb', contrast=1.0, depth=-1.0, flipHoriz=False, flipVert=False, image='stimuli/GalleryPlanInside.jpg', interpolate=True, mask=None, maskParams=None, name='enc_practice_feedback_map', opacity=1.0, ori=0.0, pos=array([  0., -25.]), size=array([1040., 1000.]), texRes=128, units='pix', win=Window(...))
7.9051 	EXP 	Created enc_practice_feedback_image = ImageStim(__class__=<class 'psychopy.visual.image.ImageStim'>, autoLog=True, color=array([1., 1., 1.]), colorSpace='rgb', contrast=1.0, depth=-2.0, flipHoriz=False, flipVert=False, image='sin', interpolate=True, mask=None, maskParams=None, name='enc_practice_feedback_image', opacity=1.0, ori=0.0, pos=array([0., 0.]), size=array([300., 300.]), texRes=128, units='pix', win=Window(...))
7.9093 	EXP 	Created enc_practice_feedback_text = TextStim(__class__=<class 'psychopy.visual.text.TextStim'>, alignHoriz=method-wrapper(...), alignText='center', alignVert=method-wrapper(...), anchorHoriz='center', anchorVert='center', antialias=True, autoLog=True, bold=False, color='black', colorSpace='named', contrast=1.0, depth=-3.0, flipHoriz=False, flipVert=False, font='Arial', fontFiles=[], height=0.05, italic=False, languageStyle='LTR', name='enc_practice_feedback_text', opacity=1.0, ori=0, pos=array([0., 0.]), rgb=array([0., 0., 0.]), text='default text', units='height', win=Window(...), wrapWidth=1)
7.9245 	EXP 	Created end_practice_text = TextStim(__class__=<class 'psychopy.visual.text.TextStim'>, alignHoriz=method-wrapper(...), alignText='center', alignVert=method-wrapper(...), anchorHoriz='center', anchorVert='center', antialias=True, autoLog=True, bold=False, color='black', colorSpace='named', contrast=1.0, depth=0.0, flipHoriz=False, flipVert=False, font='Arial', fontFiles=[], height=0.05, italic=False, languageStyle='LTR', name='end_practice_text', opacity=1.0, ori=0, pos=array([0., 0.]), rgb=array([0., 0., 0.]), text=str(...), units='height', win=Window(...), wrapWidth=0.8)
7.9283 	EXP 	Created start_enc_run_text = TextStim(__class__=<class 'psychopy.visual.text.TextStim'>, alignHoriz=method-wrapper(...), alignText='center', alignVert=method-wrapper(...), anchorHoriz='center', anchorVert='center', antialias=True, autoLog=True, bold=False, color='black', colorSpace='named', contrast=1.0, depth=-2.0, flipHoriz=False, flipVert=False, font='Arial', fontFiles=[], height=0.1, italic=False, languageStyle='LTR', name='start_enc_run_text', opacity=1.0, ori=0, pos=array([0., 0.]), rgb=array([0., 0., 0.]), text='Kezdődik a feladat...', units='height', win=Window(...), wrapWidth=1)
7.9446 	EXP 	Created enc_fx_map = ImageStim(__class__=<class 'psychopy.visual.image.ImageStim'>, autoLog=True, color=array([1., 1., 1.]), colorSpace='rgb', contrast=1.0, depth=0.0, flipHoriz=False, flipVert=False, image='stimuli/GalleryPlanInside.jpg', interpolate=True, mask=None, maskParams=None, name='enc_fx_map', opacity=1.0, ori=0.0, pos=array([  0., -25.]), size=array([1040., 1000.]), texRes=128, units='pix', win=Window(...))
7.9459 	EXP 	Created enc_fx_cross = TextStim(__class__=<class 'psychopy.visual.text.TextStim'>, alignHoriz=method-wrapper(...), alignText='center', alignVert=method-wrapper(...), anchorHoriz='center', anchorVert='center', antialias=True, autoLog=True, bold=False, color='black', colorSpace='named', contrast=1.0, depth=-1.0, flipHoriz=False, flipVert=False, font='Arial', fontFiles=[], height=50, italic=False, languageStyle='LTR', name='enc_fx_cross', opacity=1.0, ori=0, pos=array([0., 0.]), rgb=array([0., 0., 0.]), text='+', units='pix', win=Window(...), wrapWidth=500)
7.9607 	EXP 	Created enc_trial_map = ImageStim(__class__=<class 'psychopy.visual.image.ImageStim'>, autoLog=True, color=array([1., 1., 1.]), colorSpace='rgb', contrast=1.0, depth=0.0, flipHoriz=False, flipVert=False, image='stimuli/GalleryPlanInside.jpg', interpolate=True, mask=None, maskParams=None, name='enc_trial_map', opacity=1.0, ori=0.0, pos=array([  0., -25.]), size=array([1040., 1000.]), texRes=128, units='pix', win=Window(...))
7.9621 	EXP 	Created enc_trial_main_image = ImageStim(__class__=<class 'psychopy.visual.image.ImageStim'>, autoLog=True, color=array([1., 1., 1.]), colorSpace='rgb', contrast=1.0, depth=-1.0, flipHoriz=False, flipVert=False, image='sin', interpolate=True, mask=None, maskParams=None, name='enc_trial_main_image', opacity=1.0, ori=0.0, pos=array([0., 0.]), size=array([300., 300.]), texRes=128, units='pix', win=Window(...))
7.9696 	EXP 	Created end_enc_run_text = TextStim(__class__=<class 'psychopy.visual.text.TextStim'>, alignHoriz=method-wrapper(...), alignText='center', alignVert=method-wrapper(...), anchorHoriz='center', anchorVert='center', antialias=True, autoLog=True, bold=False, color='black', colorSpace='named', contrast=1.0, depth=0.0, flipHoriz=False, flipVert=False, font='Arial', fontFiles=[], height=0.06, italic=False, languageStyle='LTR', name='end_enc_run_text', opacity=1.0, ori=0, pos=array([0., 0.]), rgb=array([0., 0., 0.]), text='default text', units='height', win=Window(...), wrapWidth=1)
7.9768 	EXP 	Created start_recognition_text = TextStim(__class__=<class 'psychopy.visual.text.TextStim'>, alignHoriz=method-wrapper(...), alignText='center', alignVert=method-wrapper(...), anchorHoriz='center', anchorVert='center', antialias=True, autoLog=True, bold=False, color='black', colorSpace='named', contrast=1.0, depth=-2.0, flipHoriz=False, flipVert=False, font='Arial', fontFiles=[], height=0.1, italic=False, languageStyle='LTR', name='start_recognition_text', opacity=1.0, ori=0, pos=array([0., 0.]), rgb=array([0., 0., 0.]), text='Második feladat\nKépfelismerés', units='height', win=Window(...), wrapWidth=1)
7.9918 	EXP 	Created rec_instructions_1_text = TextStim(__class__=<class 'psychopy.visual.text.TextStim'>, alignHoriz=method-wrapper(...), alignText='center', alignVert=method-wrapper(...), anchorHoriz='center', anchorVert='center', antialias=True, autoLog=True, bold=False, color='black', colorSpace='named', contrast=1.0, depth=0.0, flipHoriz=False, flipVert=False, font='Arial', fontFiles=[], height=0.05, italic=False, languageStyle='LTR', name='rec_instructions_1_text', opacity=1.0, ori=0, pos=array([0., 0.]), rgb=array([0., 0., 0.]), text=str(...), units='height', win=Window(...), wrapWidth=1)
8.0181 	EXP 	Created rec_instructions2_text = TextStim(__class__=<class 'psychopy.visual.text.TextStim'>, alignHoriz=method-wrapper(...), alignText='center', alignVert=method-wrapper(...), anchorHoriz='center', anchorVert='center', antialias=True, autoLog=True, bold=False, color='black', colorSpace='named', contrast=1.0, depth=0.0, flipHoriz=False, flipVert=False, font='Arial', fontFiles=[], height=0.03, italic=False, languageStyle='LTR', name='rec_instructions2_text', opacity=1.0, ori=0, pos=array([0., 0.]), rgb=array([0., 0., 0.]), text=str(...), units='height', win=Window(...), wrapWidth=1)
8.0426 	EXP 	Created rec_instrauction_3_text = TextStim(__class__=<class 'psychopy.visual.text.TextStim'>, alignHoriz=method-wrapper(...), alignText='center', alignVert=method-wrapper(...), anchorHoriz='center', anchorVert='center', antialias=True, autoLog=True, bold=False, color='black', colorSpace='named', contrast=1.0, depth=0.0, flipHoriz=False, flipVert=False, font='Arial', fontFiles=[], height=0.03, italic=False, languageStyle='LTR', name='rec_instrauction_3_text', opacity=1.0, ori=0, pos=array([0., 0.]), rgb=array([0., 0., 0.]), text=str(...), units='height', win=Window(...), wrapWidth=1)
8.0476 	EXP 	Created rec_instructions_4_text = TextStim(__class__=<class 'psychopy.visual.text.TextStim'>, alignHoriz=method-wrapper(...), alignText='center', alignVert=method-wrapper(...), anchorHoriz='center', anchorVert='center', antialias=True, autoLog=True, bold=False, color='black', colorSpace='named', contrast=1.0, depth=0.0, flipHoriz=False, flipVert=False, font='Arial', fontFiles=[], height=0.05, italic=False, languageStyle='LTR', name='rec_instructions_4_text', opacity=1.0, ori=0, pos=array([0., 0.]), rgb=array([0., 0., 0.]), text=str(...), units='height', win=Window(...), wrapWidth=1)
8.0638 	EXP 	Created demo_map = ImageStim(__class__=<class 'psychopy.visual.image.ImageStim'>, autoLog=True, color=array([1., 1., 1.]), colorSpace='rgb', contrast=1.0, depth=0.0, flipHoriz=False, flipVert=False, image='stimuli/GalleryPlanInside.jpg', interpolate=True, mask=None, maskParams=None, name='demo_map', opacity=1.0, ori=0.0, pos=array([  0., -25.]), size=array([1040., 1000.]), texRes=128, units='pix', win=Window(...))
8.0650 	EXP 	Created demo_main_image = ImageStim(__class__=<class 'psychopy.visual.image.ImageStim'>, autoLog=True, color=array([1., 1., 1.]), colorSpace='rgb', contrast=1.0, depth=-1.0, flipHoriz=False, flipVert=False, image='sin', interpolate=True, mask=None, maskParams=None, name='demo_main_image', opacity=1.0, ori=0.0, pos=array([0., 0.]), size=array([300., 300.]), texRes=128, units='pix', win=Window(...))
8.0662 	EXP 	Created demo_image = ImageStim(__class__=<class 'psychopy.visual.image.ImageStim'>, autoLog=True, color=array([1., 1., 1.]), colorSpace='rgb', contrast=1.0, depth=-2.0, flipHoriz=False, flipVert=False, image='sin', interpolate=True, mask=None, maskParams=None, name='demo_image', opacity=1.0, ori=0.0, pos=array([0., 0.]), size=array([300., 300.]), texRes=128, units='pix', win=Window(...))
8.0684 	EXP 	Created demo_text = TextStim(__class__=<class 'psychopy.visual.text.TextStim'>, alignHoriz=method-wrapper(...), alignText='center', alignVert=method-wrapper(...), anchorHoriz='center', anchorVert='center', antialias=True, autoLog=True, bold=False, color='black', colorSpace='named', contrast=1.0, depth=-3.0, flipHoriz=False, flipVert=False, font='Arial', fontFiles=[], height=0.05, italic=False, languageStyle='LTR', name='demo_text', opacity=1.0, ori=0, pos=array([0.  , 0.45]), rgb=array([0., 0., 0.]), text='default text', units='height', win=Window(...), wrapWidth=1)
8.0726 	EXP 	Created demo_end_text = TextStim(__class__=<class 'psychopy.visual.text.TextStim'>, alignHoriz=method-wrapper(...), alignText='center', alignVert=method-wrapper(...), anchorHoriz='center', anchorVert='center', antialias=True, autoLog=True, bold=False, color='black', colorSpace='named', contrast=1.0, depth=0.0, flipHoriz=False, flipVert=False, font='Arial', fontFiles=[], height=0.05, italic=False, languageStyle='LTR', name='demo_end_text', opacity=1.0, ori=0, pos=array([0., 0.]), rgb=array([0., 0., 0.]), text=str(...), units='height', win=Window(...), wrapWidth=1)
8.0766 	EXP 	Created start_practice_text = TextStim(__class__=<class 'psychopy.visual.text.TextStim'>, alignHoriz=method-wrapper(...), alignText='center', alignVert=method-wrapper(...), anchorHoriz='center', anchorVert='center', antialias=True, autoLog=True, bold=False, color='black', colorSpace='named', contrast=1.0, depth=0.0, flipHoriz=False, flipVert=False, font='Arial', fontFiles=[], height=0.1, italic=False, languageStyle='LTR', name='start_practice_text', opacity=1.0, ori=0, pos=array([0., 0.]), rgb=array([0., 0., 0.]), text='Kezdődik a gyakorlás...', units='height', win=Window(...), wrapWidth=1)
8.0793 	EXP 	Created rec_practice_block_text = TextStim(__class__=<class 'psychopy.visual.text.TextStim'>, alignHoriz=method-wrapper(...), alignText='center', alignVert=method-wrapper(...), anchorHoriz='center', anchorVert='center', antialias=True, autoLog=True, bold=False, color='black', colorSpace='named', contrast=1.0, depth=-1.0, flipHoriz=False, flipVert=False, font='Arial', fontFiles=[], height=0.1, italic=False, languageStyle='LTR', name='rec_practice_block_text', opacity=1.0, ori=0, pos=array([0., 0.]), rgb=array([0., 0., 0.]), text='default text', units='height', win=Window(...), wrapWidth=1)
8.0934 	EXP 	Created rec_fx_map = ImageStim(__class__=<class 'psychopy.visual.image.ImageStim'>, autoLog=True, color=array([1., 1., 1.]), colorSpace='rgb', contrast=1.0, depth=0.0, flipHoriz=False, flipVert=False, image='stimuli/GalleryPlanInside.jpg', interpolate=True, mask=None, maskParams=None, name='rec_fx_map', opacity=1.0, ori=0.0, pos=array([  0., -25.]), size=array([1040., 1000.]), texRes=128, units='pix', win=Window(...))
8.0953 	EXP 	Created rec_fx_cross = TextStim(__class__=<class 'psychopy.visual.text.TextStim'>, alignHoriz=method-wrapper(...), alignText='center', alignVert=method-wrapper(...), anchorHoriz='center', anchorVert='center', antialias=True, autoLog=True, bold=False, color='black', colorSpace='named', contrast=1.0, depth=-1.0, flipHoriz=False, flipVert=False, font='Arial', fontFiles=[], height=50, italic=False, languageStyle='LTR', name='rec_fx_cross', opacity=1.0, ori=0, pos=array([0., 0.]), rgb=array([0., 0., 0.]), text='+', units='pix', win=Window(...), wrapWidth=500)
8.0998 	EXP 	Created rec_fx_text_block = TextStim(__class__=<class 'psychopy.visual.text.TextStim'>, alignHoriz=method-wrapper(...), alignText='center', alignVert=method-wrapper(...), anchorHoriz='center', anchorVert='center', antialias=True, autoLog=True, bold=False, color='black', colorSpace='named', contrast=1.0, depth=-3.0, flipHoriz=False, flipVert=False, font='Arial', fontFiles=[], height=0.045, italic=False, languageStyle='LTR', name='rec_fx_text_block', opacity=1.0, ori=0, pos=array([0.  , 0.45]), rgb=array([0., 0., 0.]), text='default text', units='height', win=Window(...), wrapWidth=1)
8.1055 	EXP 	Created rec_fx_instructions_text = TextStim(__class__=<class 'psychopy.visual.text.TextStim'>, alignHoriz=method-wrapper(...), alignText='center', alignVert=method-wrapper(...), anchorHoriz='center', anchorVert='center', antialias=True, autoLog=True, bold=False, color='white', colorSpace='named', contrast=1.0, depth=-4.0, flipHoriz=False, flipVert=False, font='Arial', fontFiles=[], height=0.045, italic=False, languageStyle='LTR', name='rec_fx_instructions_text', opacity=1.0, ori=0, pos=array([ 0.   , -0.045]), rgb=array([255., 255., 255.]), text='[F - Régi]  [J - Új] [K - Hasonló]', units='height', win=Window(...), wrapWidth=1)
8.1196 	EXP 	Created rec_trial_map = ImageStim(__class__=<class 'psychopy.visual.image.ImageStim'>, autoLog=True, color=array([1., 1., 1.]), colorSpace='rgb', contrast=1.0, depth=0.0, flipHoriz=False, flipVert=False, image='stimuli/GalleryPlanInside.jpg', interpolate=True, mask=None, maskParams=None, name='rec_trial_map', opacity=1.0, ori=0.0, pos=array([  0., -25.]), size=array([1040., 1000.]), texRes=128, units='pix', win=Window(...))
8.1208 	EXP 	Created rec_trial_main_image = ImageStim(__class__=<class 'psychopy.visual.image.ImageStim'>, autoLog=True, color=array([1., 1., 1.]), colorSpace='rgb', contrast=1.0, depth=-1.0, flipHoriz=False, flipVert=False, image='sin', interpolate=True, mask=None, maskParams=None, name='rec_trial_main_image', opacity=1.0, ori=0.0, pos=array([0., 0.]), size=array([300., 300.]), texRes=128, units='pix', win=Window(...))
8.1232 	EXP 	Created rec_trial_text_block = TextStim(__class__=<class 'psychopy.visual.text.TextStim'>, alignHoriz=method-wrapper(...), alignText='center', alignVert=method-wrapper(...), anchorHoriz='center', anchorVert='center', antialias=True, autoLog=True, bold=False, color='black', colorSpace='named', contrast=1.0, depth=-3.0, flipHoriz=False, flipVert=False, font='Arial', fontFiles=[], height=0.045, italic=False, languageStyle='LTR', name='rec_trial_text_block', opacity=1.0, ori=0, pos=array([0.  , 0.45]), rgb=array([0., 0., 0.]), text='default text', units='height', win=Window(...), wrapWidth=1)
8.1254 	EXP 	Created rec_trial_instructions_text = TextStim(__class__=<class 'psychopy.visual.text.TextStim'>, alignHoriz=method-wrapper(...), alignText='center', alignVert=method-wrapper(...), anchorHoriz='center', anchorVert='center', antialias=True, autoLog=True, bold=False, color='black', colorSpace='named', contrast=1.0, depth=-4.0, flipHoriz=False, flipVert=False, font='Arial', fontFiles=[], height=0.045, italic=False, languageStyle='LTR', name='rec_trial_instructions_text', opacity=1.0, ori=0, pos=array([ 0.  , -0.45]), rgb=array([0., 0., 0.]), text='[F - Régi]  [J - Új] [K - Hasonló]', units='height', win=Window(...), wrapWidth=1)
8.1284 	EXP 	Created rec_practice_feedback_text = TextStim(__class__=<class 'psychopy.visual.text.TextStim'>, alignHoriz=method-wrapper(...), alignText='center', alignVert=method-wrapper(...), anchorHoriz='center', anchorVert='center', antialias=True, autoLog=True, bold=False, color='black', colorSpace='named', contrast=1.0, depth=0.0, flipHoriz=False, flipVert=False, font='Arial', fontFiles=[], height=0.05, italic=False, languageStyle='LTR', name='rec_practice_feedback_text', opacity=1.0, ori=0, pos=array([0., 0.]), rgb=array([0., 0., 0.]), text='default text', units='height', win=Window(...), wrapWidth=1)
8.1413 	EXP 	Created end_practice_text = TextStim(__class__=<class 'psychopy.visual.text.TextStim'>, alignHoriz=method-wrapper(...), alignText='center', alignVert=method-wrapper(...), anchorHoriz='center', anchorVert='center', antialias=True, autoLog=True, bold=False, color='black', colorSpace='named', contrast=1.0, depth=0.0, flipHoriz=False, flipVert=False, font='Arial', fontFiles=[], height=0.05, italic=False, languageStyle='LTR', name='end_practice_text', opacity=1.0, ori=0, pos=array([0., 0.]), rgb=array([0., 0., 0.]), text=str(...), units='height', win=Window(...), wrapWidth=0.8)
8.1449 	EXP 	Created start_rec_run_text = TextStim(__class__=<class 'psychopy.visual.text.TextStim'>, alignHoriz=method-wrapper(...), alignText='center', alignVert=method-wrapper(...), anchorHoriz='center', anchorVert='center', antialias=True, autoLog=True, bold=False, color='black', colorSpace='named', contrast=1.0, depth=-1.0, flipHoriz=False, flipVert=False, font='Arial', fontFiles=[], height=0.1, italic=False, languageStyle='LTR', name='start_rec_run_text', opacity=1.0, ori=0, pos=array([0., 0.]), rgb=array([0., 0., 0.]), text='Kezdődik a feladat...', units='height', win=Window(...), wrapWidth=1)
8.1470 	EXP 	Created start_rec_block_text = TextStim(__class__=<class 'psychopy.visual.text.TextStim'>, alignHoriz=method-wrapper(...), alignText='center', alignVert=method-wrapper(...), anchorHoriz='center', anchorVert='center', antialias=True, autoLog=True, bold=False, color='black', colorSpace='named', contrast=1.0, depth=-1.0, flipHoriz=False, flipVert=False, font='Arial', fontFiles=[], height=0.1, italic=False, languageStyle='LTR', name='start_rec_block_text', opacity=1.0, ori=0, pos=array([0., 0.]), rgb=array([0., 0., 0.]), text='default text', units='height', win=Window(...), wrapWidth=1)
8.1610 	EXP 	Created rec_fx_map = ImageStim(__class__=<class 'psychopy.visual.image.ImageStim'>, autoLog=True, color=array([1., 1., 1.]), colorSpace='rgb', contrast=1.0, depth=0.0, flipHoriz=False, flipVert=False, image='stimuli/GalleryPlanInside.jpg', interpolate=True, mask=None, maskParams=None, name='rec_fx_map', opacity=1.0, ori=0.0, pos=array([  0., -25.]), size=array([1040., 1000.]), texRes=128, units='pix', win=Window(...))
8.1629 	EXP 	Created rec_fx_cross = TextStim(__class__=<class 'psychopy.visual.text.TextStim'>, alignHoriz=method-wrapper(...), alignText='center', alignVert=method-wrapper(...), anchorHoriz='center', anchorVert='center', antialias=True, autoLog=True, bold=False, color='black', colorSpace='named', contrast=1.0, depth=-1.0, flipHoriz=False, flipVert=False, font='Arial', fontFiles=[], height=50, italic=False, languageStyle='LTR', name='rec_fx_cross', opacity=1.0, ori=0, pos=array([0., 0.]), rgb=array([0., 0., 0.]), text='+', units='pix', win=Window(...), wrapWidth=500)
8.1659 	EXP 	Created rec_fx_text_block = TextStim(__class__=<class 'psychopy.visual.text.TextStim'>, alignHoriz=method-wrapper(...), alignText='center', alignVert=method-wrapper(...), anchorHoriz='center', anchorVert='center', antialias=True, autoLog=True, bold=False, color='black', colorSpace='named', contrast=1.0, depth=-3.0, flipHoriz=False, flipVert=False, font='Arial', fontFiles=[], height=0.045, italic=False, languageStyle='LTR', name='rec_fx_text_block', opacity=1.0, ori=0, pos=array([0.  , 0.45]), rgb=array([0., 0., 0.]), text='default text', units='height', win=Window(...), wrapWidth=1)
8.1716 	EXP 	Created rec_fx_instructions_text = TextStim(__class__=<class 'psychopy.visual.text.TextStim'>, alignHoriz=method-wrapper(...), alignText='center', alignVert=method-wrapper(...), anchorHoriz='center', anchorVert='center', antialias=True, autoLog=True, bold=False, color='white', colorSpace='named', contrast=1.0, depth=-4.0, flipHoriz=False, flipVert=False, font='Arial', fontFiles=[], height=0.045, italic=False, languageStyle='LTR', name='rec_fx_instructions_text', opacity=1.0, ori=0, pos=array([ 0.   , -0.045]), rgb=array([255., 255., 255.]), text='[F - Régi]  [J - Új] [K - Hasonló]', units='height', win=Window(...), wrapWidth=1)
8.1851 	EXP 	Created rec_trial_map = ImageStim(__class__=<class 'psychopy.visual.image.ImageStim'>, autoLog=True, color=array([1., 1., 1.]), colorSpace='rgb', contrast=1.0, depth=0.0, flipHoriz=False, flipVert=False, image='stimuli/GalleryPlanInside.jpg', interpolate=True, mask=None, maskParams=None, name='rec_trial_map', opacity=1.0, ori=0.0, pos=array([  0., -25.]), size=array([1040., 1000.]), texRes=128, units='pix', win=Window(...))
8.1863 	EXP 	Created rec_trial_main_image = ImageStim(__class__=<class 'psychopy.visual.image.ImageStim'>, autoLog=True, color=array([1., 1., 1.]), colorSpace='rgb', contrast=1.0, depth=-1.0, flipHoriz=False, flipVert=False, image='sin', interpolate=True, mask=None, maskParams=None, name='rec_trial_main_image', opacity=1.0, ori=0.0, pos=array([0., 0.]), size=array([300., 300.]), texRes=128, units='pix', win=Window(...))
8.1888 	EXP 	Created rec_trial_text_block = TextStim(__class__=<class 'psychopy.visual.text.TextStim'>, alignHoriz=method-wrapper(...), alignText='center', alignVert=method-wrapper(...), anchorHoriz='center', anchorVert='center', antialias=True, autoLog=True, bold=False, color='black', colorSpace='named', contrast=1.0, depth=-3.0, flipHoriz=False, flipVert=False, font='Arial', fontFiles=[], height=0.045, italic=False, languageStyle='LTR', name='rec_trial_text_block', opacity=1.0, ori=0, pos=array([0.  , 0.45]), rgb=array([0., 0., 0.]), text='default text', units='height', win=Window(...), wrapWidth=1)
8.1916 	EXP 	Created rec_trial_instructions_text = TextStim(__class__=<class 'psychopy.visual.text.TextStim'>, alignHoriz=method-wrapper(...), alignText='center', alignVert=method-wrapper(...), anchorHoriz='center', anchorVert='center', antialias=True, autoLog=True, bold=False, color='black', colorSpace='named', contrast=1.0, depth=-4.0, flipHoriz=False, flipVert=False, font='Arial', fontFiles=[], height=0.045, italic=False, languageStyle='LTR', name='rec_trial_instructions_text', opacity=1.0, ori=0, pos=array([ 0.  , -0.45]), rgb=array([0., 0., 0.]), text='[F - Régi]  [J - Új] [K - Hasonló]', units='height', win=Window(...), wrapWidth=1)
8.1932 	EXP 	Created end_rec_run_text = TextStim(__class__=<class 'psychopy.visual.text.TextStim'>, alignHoriz=method-wrapper(...), alignText='center', alignVert=method-wrapper(...), anchorHoriz='center', anchorVert='center', antialias=True, autoLog=True, bold=False, color='black', colorSpace='named', contrast=1.0, depth=0.0, flipHoriz=False, flipVert=False, font='Arial', fontFiles=[], height=0.1, italic=False, languageStyle='LTR', name='end_rec_run_text', opacity=1.0, ori=0, pos=array([0., 0.]), rgb=array([0., 0., 0.]), text='default text', units='height', win=Window(...), wrapWidth=1)
8.1952 	EXP 	lab_thanks: autoDraw = True
9.4492 	DATA 	Keypress: right
9.4556 	EXP 	lab_thanks: autoDraw = False
9.4556 	EXP 	start_encoding_text: text = 'Első feladat\nGaléria berendezés'
9.4556 	EXP 	start_encoding_text: autoDraw = True
10.0050 	DATA 	Keypress: right
10.9569 	EXP 	start_encoding_text: autoDraw = False
10.9569 	EXP 	start_encoding_text: autoDraw = False
10.9569 	EXP 	enc_instructions_1_text: autoDraw = True
10.9569 	EXP 	enc_instructions_1_image: autoDraw = True
16.7698 	DATA 	Keypress: right
16.7731 	EXP 	enc_instructions_1_text: autoDraw = False
16.7731 	EXP 	enc_instructions_1_image: autoDraw = False
16.7731 	EXP 	enc_instructions_2_text: autoDraw = True
16.7731 	EXP 	enc_instructions_2_image: autoDraw = True
17.1826 	DATA 	Keypress: right
17.1844 	EXP 	enc_instructions_2_text: autoDraw = False
17.1844 	EXP 	enc_instructions_2_image: autoDraw = False
17.1844 	EXP 	enc_instructions_3_text: autoDraw = True
17.6567 	DATA 	Keypress: right
17.6580 	EXP 	enc_instructions_3_text: autoDraw = False
17.6580 	EXP 	start_practice_text: autoDraw = True
18.1310 	DATA 	Keypress: right
18.6632 	EXP 	Imported encoding_practice_trials.csv as conditions, 5 conditions, 9 params
18.6635 	EXP 	Created sequence: random, trialTypes=5, nReps=1, seed=None
18.6638 	EXP 	New trial (rep=0, index=0): OrderedDict([('Task', 'EncodingPractice'), ('TrialType', 'OBJ'), ('StimType', 'TARGET'), ('Order', 1), ('CurrentImage', 'stimuli/fractals/167a.jpg'), ('CurrentX', 300.0), ('CurrentY', 0.0), ('Jitter', 500), ('Section', 'Encoding')])
18.6679 	EXP 	start_practice_text: autoDraw = False
18.6679 	EXP 	start_practice_text: autoDraw = False
18.6679 	EXP 	enc_fx_cross: pos = array([300.,   0.])
18.6679 	EXP 	enc_fx_map: autoDraw = True
18.6679 	EXP 	enc_fx_cross: autoDraw = True
19.2062 	EXP 	enc_fx_map: autoDraw = False
19.2062 	EXP 	enc_fx_cross: autoDraw = False
19.2062 	EXP 	enc_fx_map: autoDraw = False
19.2062 	EXP 	enc_fx_cross: autoDraw = False
19.2062 	EXP 	enc_trial_main_image: pos = array([300.,   0.])
19.2062 	EXP 	enc_trial_main_image: image = 'stimuli/fractals/167a.jpg'
19.2062 	EXP 	enc_trial_map: autoDraw = True
19.2062 	EXP 	enc_trial_main_image: autoDraw = True
20.7213 	DATA 	Keypress: right
22.2092 	EXP 	enc_trial_map: autoDraw = False
22.2092 	EXP 	enc_trial_main_image: autoDraw = False
22.2092 	EXP 	enc_practice_feedback_image: pos = array([300.,   0.])
22.2092 	EXP 	enc_practice_feedback_image: image = 'stimuli/fractals/167a.jpg'
22.2092 	EXP 	enc_practice_feedback_text: text = 'Nem adott választ.'
22.2092 	EXP 	enc_practice_feedback_map: autoDraw = True
22.2092 	EXP 	enc_practice_feedback_image: autoDraw = True
22.2092 	EXP 	enc_practice_feedback_text: autoDraw = True
23.1697 	EXP 	New trial (rep=0, index=1): OrderedDict([('Task', 'EncodingPractice'), ('TrialType', 'LOC'), ('StimType', 'FOIL'), ('Order', 1), ('CurrentImage', 'stimuli/fractals/148b.jpg'), ('CurrentX', 212.1320344), ('CurrentY', 212.1320344), ('Jitter', 1000), ('Section', 'Encoding')])
23.1734 	EXP 	enc_practice_feedback_map: autoDraw = False
23.1734 	EXP 	enc_practice_feedback_image: autoDraw = False
23.1734 	EXP 	enc_practice_feedback_text: autoDraw = False
23.1734 	EXP 	enc_fx_cross: pos = array([212.1320344, 212.1320344])
23.1734 	EXP 	enc_fx_map: autoDraw = True
23.1734 	EXP 	enc_fx_cross: autoDraw = True
23.7173 	DATA 	Keypress: right
24.2085 	EXP 	enc_fx_map: autoDraw = False
24.2085 	EXP 	enc_fx_cross: autoDraw = False
24.2085 	EXP 	enc_fx_map: autoDraw = False
24.2085 	EXP 	enc_fx_cross: autoDraw = False
24.2085 	EXP 	enc_trial_main_image: pos = array([212.1320344, 212.1320344])
24.2085 	EXP 	enc_trial_main_image: image = 'stimuli/fractals/148b.jpg'
24.2085 	EXP 	enc_trial_map: autoDraw = True
24.2085 	EXP 	enc_trial_main_image: autoDraw = True
27.2097 	EXP 	enc_trial_map: autoDraw = False
27.2097 	EXP 	enc_trial_main_image: autoDraw = False
27.2097 	EXP 	enc_practice_feedback_image: pos = array([212.1320344, 212.1320344])
27.2097 	EXP 	enc_practice_feedback_image: image = 'stimuli/fractals/148b.jpg'
27.2097 	EXP 	enc_practice_feedback_text: text = 'Nem adott választ.'
27.2097 	EXP 	enc_practice_feedback_map: autoDraw = True
27.2097 	EXP 	enc_practice_feedback_image: autoDraw = True
27.2097 	EXP 	enc_practice_feedback_text: autoDraw = True
28.1730 	EXP 	New trial (rep=0, index=2): OrderedDict([('Task', 'EncodingPractice'), ('TrialType', 'LOC'), ('StimType', 'LURE'), ('Order', 1), ('CurrentImage', 'stimuli/fractals/159a.jpg'), ('CurrentX', 0.0), ('CurrentY', 300.0), ('Jitter', 5000), ('Section', 'Encoding')])
28.1774 	EXP 	enc_practice_feedback_map: autoDraw = False
28.1774 	EXP 	enc_practice_feedback_image: autoDraw = False
28.1774 	EXP 	enc_practice_feedback_text: autoDraw = False
28.1774 	EXP 	enc_fx_cross: pos = array([  0., 300.])
28.1774 	EXP 	enc_fx_map: autoDraw = True
28.1774 	EXP 	enc_fx_cross: autoDraw = True
33.2166 	EXP 	enc_fx_map: autoDraw = False
33.2166 	EXP 	enc_fx_cross: autoDraw = False
33.2166 	EXP 	enc_fx_map: autoDraw = False
33.2166 	EXP 	enc_fx_cross: autoDraw = False
33.2166 	EXP 	enc_trial_main_image: pos = array([  0., 300.])
33.2166 	EXP 	enc_trial_main_image: image = 'stimuli/fractals/159a.jpg'
33.2166 	EXP 	enc_trial_map: autoDraw = True
33.2166 	EXP 	enc_trial_main_image: autoDraw = True
36.2207 	EXP 	enc_trial_map: autoDraw = False
36.2207 	EXP 	enc_trial_main_image: autoDraw = False
36.2207 	EXP 	enc_practice_feedback_image: pos = array([  0., 300.])
36.2207 	EXP 	enc_practice_feedback_image: image = 'stimuli/fractals/159a.jpg'
36.2207 	EXP 	enc_practice_feedback_text: text = 'Nem adott választ.'
36.2207 	EXP 	enc_practice_feedback_map: autoDraw = True
36.2207 	EXP 	enc_practice_feedback_image: autoDraw = True
36.2207 	EXP 	enc_practice_feedback_text: autoDraw = True
37.1806 	EXP 	New trial (rep=0, index=3): OrderedDict([('Task', 'EncodingPractice'), ('TrialType', 'LOC'), ('StimType', 'TARGET'), ('Order', 1), ('CurrentImage', 'stimuli/fractals/166a.jpg'), ('CurrentX', -300.0), ('CurrentY', 0.0), ('Jitter', 1500), ('Section', 'Encoding')])
37.1844 	EXP 	enc_practice_feedback_map: autoDraw = False
37.1844 	EXP 	enc_practice_feedback_image: autoDraw = False
37.1844 	EXP 	enc_practice_feedback_text: autoDraw = False
37.1844 	EXP 	enc_fx_cross: pos = array([-300.,    0.])
37.1844 	EXP 	enc_fx_map: autoDraw = True
37.1844 	EXP 	enc_fx_cross: autoDraw = True
38.7196 	EXP 	enc_fx_map: autoDraw = False
38.7196 	EXP 	enc_fx_cross: autoDraw = False
38.7196 	EXP 	enc_fx_map: autoDraw = False
38.7196 	EXP 	enc_fx_cross: autoDraw = False
38.7196 	EXP 	enc_trial_main_image: pos = array([-300.,    0.])
38.7196 	EXP 	enc_trial_main_image: image = 'stimuli/fractals/166a.jpg'
38.7196 	EXP 	enc_trial_map: autoDraw = True
38.7196 	EXP 	enc_trial_main_image: autoDraw = True
41.7554 	EXP 	enc_trial_map: autoDraw = False
41.7554 	EXP 	enc_trial_main_image: autoDraw = False
41.7554 	EXP 	enc_practice_feedback_image: pos = array([-300.,    0.])
41.7554 	EXP 	enc_practice_feedback_image: image = 'stimuli/fractals/166a.jpg'
41.7554 	EXP 	enc_practice_feedback_text: text = 'Nem adott választ.'
41.7554 	EXP 	enc_practice_feedback_map: autoDraw = True
41.7554 	EXP 	enc_practice_feedback_image: autoDraw = True
41.7554 	EXP 	enc_practice_feedback_text: autoDraw = True
42.6853 	EXP 	New trial (rep=0, index=4): OrderedDict([('Task', 'EncodingPractice'), ('TrialType', '-'), ('StimType', '-'), ('Order', 1), ('CurrentImage', 'stimuli/fractals/177b.jpg'), ('CurrentX', 300.0), ('CurrentY', 0.0), ('Jitter', 800), ('Section', 'Encoding')])
42.6899 	EXP 	enc_practice_feedback_map: autoDraw = False
42.6899 	EXP 	enc_practice_feedback_image: autoDraw = False
42.6899 	EXP 	enc_practice_feedback_text: autoDraw = False
42.6899 	EXP 	enc_fx_cross: pos = array([300.,   0.])
42.6899 	EXP 	enc_fx_map: autoDraw = True
42.6899 	EXP 	enc_fx_cross: autoDraw = True
43.5643 	EXP 	enc_fx_map: autoDraw = False
43.5643 	EXP 	enc_fx_cross: autoDraw = False
43.5643 	EXP 	enc_fx_map: autoDraw = False
43.5643 	EXP 	enc_fx_cross: autoDraw = False
43.5643 	EXP 	enc_trial_main_image: pos = array([300.,   0.])
43.5643 	EXP 	enc_trial_main_image: image = 'stimuli/fractals/177b.jpg'
43.5643 	EXP 	enc_trial_map: autoDraw = True
43.5643 	EXP 	enc_trial_main_image: autoDraw = True
46.5691 	EXP 	enc_trial_map: autoDraw = False
46.5691 	EXP 	enc_trial_main_image: autoDraw = False
46.5691 	EXP 	enc_practice_feedback_image: pos = array([300.,   0.])
46.5691 	EXP 	enc_practice_feedback_image: image = 'stimuli/fractals/177b.jpg'
46.5691 	EXP 	enc_practice_feedback_text: text = 'Nem adott választ.'
46.5691 	EXP 	enc_practice_feedback_map: autoDraw = True
46.5691 	EXP 	enc_practice_feedback_image: autoDraw = True
46.5691 	EXP 	enc_practice_feedback_text: autoDraw = True
47.4956 	EXP 	enc_practice_feedback_map: autoDraw = False
47.4956 	EXP 	enc_practice_feedback_image: autoDraw = False
47.4956 	EXP 	enc_practice_feedback_text: autoDraw = False
47.4956 	EXP 	end_practice_text: autoDraw = True
50.5666 	DATA 	Keypress: right
50.5672 	EXP 	Created sequence: sequential, trialTypes=1, nReps=3, seed=None
50.5675 	EXP 	New trial (rep=0, index=0): None
50.5695 	EXP 	end_practice_text: autoDraw = False
50.5695 	EXP 	start_enc_run_text: autoDraw = True
52.6320 	EXP 	Imported stimuli_tables/encoding_trials_0.csv as conditions, 2 conditions, 20 params
52.6330 	EXP 	Created sequence: sequential, trialTypes=2, nReps=1, seed=None
52.6337 	EXP 	New trial (rep=0, index=0): OrderedDict([('TrialIndex', 1), ('Jitter', 2000), ('ScannerRun', 1), ('StimType', 'OLP'), ('Order', 1), ('Delay', 3), ('CurrentImage', 'stimuli/fractals/101b.jpg'), ('CurrentX', 212.1320344), ('CurrentY', 212.1320344), ('TripletMemberA', 'stimuli/fractals/101b.jpg'), ('TripletMemberB', 'stimuli/fractals/101a.jpg'), ('TripletMemberC', 'stimuli/fractals/101c.jpg'), ('Xcoordinate', 212.1320344), ('Ycoordinate', 212.1320344), ('Xcoordinate_lure1', 0.0), ('Ycoordinate_lure1', 300.0), ('Xcoordinate_lure2', 300.0), ('Ycoordinate_lure2', 0.0), ('Xcoordinate_foil', -212.1320344), ('Ycoordinate_foil', -212.1320344)])
52.6386 	EXP 	start_enc_run_text: autoDraw = False
52.6386 	EXP 	start_enc_run_text: autoDraw = False
52.6386 	EXP 	enc_fx_cross: pos = array([212.1320344, 212.1320344])
52.6386 	EXP 	enc_fx_map: autoDraw = True
52.6386 	EXP 	enc_fx_cross: autoDraw = True
54.7092 	EXP 	enc_fx_map: autoDraw = False
54.7092 	EXP 	enc_fx_cross: autoDraw = False
54.7092 	EXP 	enc_fx_map: autoDraw = False
54.7092 	EXP 	enc_fx_cross: autoDraw = False
54.7092 	EXP 	enc_trial_main_image: pos = array([212.1320344, 212.1320344])
54.7092 	EXP 	enc_trial_main_image: image = 'stimuli/fractals/101b.jpg'
54.7092 	EXP 	enc_trial_map: autoDraw = True
54.7092 	EXP 	enc_trial_main_image: autoDraw = True
57.6424 	EXP 	New trial (rep=0, index=1): OrderedDict([('TrialIndex', 2), ('Jitter', 6000), ('ScannerRun', 1), ('StimType', 'OLP'), ('Order', 1), ('Delay', 3), ('CurrentImage', 'stimuli/fractals/97b.jpg'), ('CurrentX', 212.1320344), ('CurrentY', -212.1320344), ('TripletMemberA', 'stimuli/fractals/97b.jpg'), ('TripletMemberB', 'stimuli/fractals/97c.jpg'), ('TripletMemberC', 'stimuli/fractals/97a.jpg'), ('Xcoordinate', 212.1320344), ('Ycoordinate', -212.1320344), ('Xcoordinate_lure1', 0.0), ('Ycoordinate_lure1', -300.0), ('Xcoordinate_lure2', 300.0), ('Ycoordinate_lure2', 0.0), ('Xcoordinate_foil', -212.1320344), ('Ycoordinate_foil', 212.1320344)])
57.6471 	EXP 	enc_trial_map: autoDraw = False
57.6471 	EXP 	enc_trial_main_image: autoDraw = False
57.6471 	EXP 	enc_fx_cross: pos = array([ 212.1320344, -212.1320344])
57.6471 	EXP 	enc_fx_map: autoDraw = True
57.6471 	EXP 	enc_fx_cross: autoDraw = True
63.7185 	EXP 	enc_fx_map: autoDraw = False
63.7185 	EXP 	enc_fx_cross: autoDraw = False
63.7185 	EXP 	enc_fx_map: autoDraw = False
63.7185 	EXP 	enc_fx_cross: autoDraw = False
63.7185 	EXP 	enc_trial_main_image: pos = array([ 212.1320344, -212.1320344])
63.7185 	EXP 	enc_trial_main_image: image = 'stimuli/fractals/97b.jpg'
63.7185 	EXP 	enc_trial_map: autoDraw = True
63.7185 	EXP 	enc_trial_main_image: autoDraw = True
66.6647 	EXP 	enc_trial_map: autoDraw = False
66.6647 	EXP 	enc_trial_main_image: autoDraw = False
66.6647 	EXP 	end_enc_run_text: text = 'Szünet\nA folytatáshoz nyomja le a jobb nyilat'
66.6647 	EXP 	end_enc_run_text: autoDraw = True
69.7037 	DATA 	Keypress: right
69.7056 	EXP 	New trial (rep=1, index=0): None
69.7072 	EXP 	end_enc_run_text: autoDraw = False
69.7072 	EXP 	start_enc_run_text: autoDraw = True
71.7716 	EXP 	Imported stimuli_tables/encoding_trials_0.csv as conditions, 2 conditions, 20 params
71.7725 	EXP 	Created sequence: sequential, trialTypes=2, nReps=1, seed=None
71.7733 	EXP 	New trial (rep=0, index=0): OrderedDict([('TrialIndex', 3), ('Jitter', 2000), ('ScannerRun', 1), ('StimType', 'LLP'), ('Order', 1), ('Delay', 5), ('CurrentImage', 'stimuli/fractals/76b.jpg'), ('CurrentX', 212.1320344), ('CurrentY', 212.1320344), ('TripletMemberA', 'stimuli/fractals/76b.jpg'), ('TripletMemberB', 'stimuli/fractals/76c.jpg'), ('TripletMemberC', 'stimuli/fractals/76a.jpg'), ('Xcoordinate', 212.1320344), ('Ycoordinate', 212.1320344), ('Xcoordinate_lure1', 300.0), ('Ycoordinate_lure1', 0.0), ('Xcoordinate_lure2', 0.0), ('Ycoordinate_lure2', 300.0), ('Xcoordinate_foil', -212.1320344), ('Ycoordinate_foil', -212.1320344)])
71.7781 	EXP 	start_enc_run_text: autoDraw = False
71.7781 	EXP 	start_enc_run_text: autoDraw = False
71.7781 	EXP 	enc_fx_cross: pos = array([212.1320344, 212.1320344])
71.7781 	EXP 	enc_fx_map: autoDraw = True
71.7781 	EXP 	enc_fx_cross: autoDraw = True
73.8466 	EXP 	enc_fx_map: autoDraw = False
73.8466 	EXP 	enc_fx_cross: autoDraw = False
73.8466 	EXP 	enc_fx_map: autoDraw = False
73.8466 	EXP 	enc_fx_cross: autoDraw = False
73.8466 	EXP 	enc_trial_main_image: pos = array([212.1320344, 212.1320344])
73.8466 	EXP 	enc_trial_main_image: image = 'stimuli/fractals/76b.jpg'
73.8466 	EXP 	enc_trial_map: autoDraw = True
73.8466 	EXP 	enc_trial_main_image: autoDraw = True
75.3953 	DATA 	Keypress: right
76.7805 	EXP 	New trial (rep=0, index=1): OrderedDict([('TrialIndex', 4), ('Jitter', 1000), ('ScannerRun', 1), ('StimType', 'ERP'), ('Order', 1), ('Delay', 2), ('CurrentImage', 'stimuli/fractals/19a.jpg'), ('CurrentX', 212.1320344), ('CurrentY', -212.1320344), ('TripletMemberA', 'stimuli/fractals/19a.jpg'), ('TripletMemberB', 'stimuli/fractals/19c.jpg'), ('TripletMemberC', 'stimuli/fractals/19b.jpg'), ('Xcoordinate', 212.1320344), ('Ycoordinate', -212.1320344), ('Xcoordinate_lure1', 300.0), ('Ycoordinate_lure1', 0.0), ('Xcoordinate_lure2', 0.0), ('Ycoordinate_lure2', -300.0), ('Xcoordinate_foil', -300.0), ('Ycoordinate_foil', 0.0)])
76.7852 	EXP 	enc_trial_map: autoDraw = False
76.7852 	EXP 	enc_trial_main_image: autoDraw = False
76.7852 	EXP 	enc_fx_cross: pos = array([ 212.1320344, -212.1320344])
76.7852 	EXP 	enc_fx_map: autoDraw = True
76.7852 	EXP 	enc_fx_cross: autoDraw = True
77.8547 	EXP 	enc_fx_map: autoDraw = False
77.8547 	EXP 	enc_fx_cross: autoDraw = False
77.8547 	EXP 	enc_fx_map: autoDraw = False
77.8547 	EXP 	enc_fx_cross: autoDraw = False
77.8547 	EXP 	enc_trial_main_image: pos = array([ 212.1320344, -212.1320344])
77.8547 	EXP 	enc_trial_main_image: image = 'stimuli/fractals/19a.jpg'
77.8547 	EXP 	enc_trial_map: autoDraw = True
77.8547 	EXP 	enc_trial_main_image: autoDraw = True
80.7927 	EXP 	enc_trial_map: autoDraw = False
80.7927 	EXP 	enc_trial_main_image: autoDraw = False
80.7927 	EXP 	end_enc_run_text: text = 'Szünet\nA folytatáshoz nyomja le a jobb nyilat'
80.7927 	EXP 	end_enc_run_text: autoDraw = True
81.6289 	DATA 	Keypress: right
81.6301 	EXP 	New trial (rep=2, index=0): None
81.6317 	EXP 	end_enc_run_text: autoDraw = False
81.6317 	EXP 	start_enc_run_text: autoDraw = True
83.6950 	EXP 	Imported stimuli_tables/encoding_trials_0.csv as conditions, 2 conditions, 20 params
83.6959 	EXP 	Created sequence: sequential, trialTypes=2, nReps=1, seed=None
83.6967 	EXP 	New trial (rep=0, index=0): OrderedDict([('TrialIndex', 5), ('Jitter', 5000), ('ScannerRun', 1), ('StimType', 'OLP'), ('Order', 2), ('Delay', 0), ('CurrentImage', 'stimuli/fractals/101a.jpg'), ('CurrentX', 212.1320344), ('CurrentY', 212.1320344), ('TripletMemberA', 'stimuli/fractals/101b.jpg'), ('TripletMemberB', 'stimuli/fractals/101a.jpg'), ('TripletMemberC', 'stimuli/fractals/101c.jpg'), ('Xcoordinate', 212.1320344), ('Ycoordinate', 212.1320344), ('Xcoordinate_lure1', 0.0), ('Ycoordinate_lure1', 300.0), ('Xcoordinate_lure2', 300.0), ('Ycoordinate_lure2', 0.0), ('Xcoordinate_foil', -212.1320344), ('Ycoordinate_foil', -212.1320344)])
83.7015 	EXP 	start_enc_run_text: autoDraw = False
83.7015 	EXP 	start_enc_run_text: autoDraw = False
83.7015 	EXP 	enc_fx_cross: pos = array([212.1320344, 212.1320344])
83.7015 	EXP 	enc_fx_map: autoDraw = True
83.7015 	EXP 	enc_fx_cross: autoDraw = True
88.7728 	EXP 	enc_fx_map: autoDraw = False
88.7728 	EXP 	enc_fx_cross: autoDraw = False
88.7728 	EXP 	enc_fx_map: autoDraw = False
88.7728 	EXP 	enc_fx_cross: autoDraw = False
88.7728 	EXP 	enc_trial_main_image: pos = array([212.1320344, 212.1320344])
88.7728 	EXP 	enc_trial_main_image: image = 'stimuli/fractals/101a.jpg'
88.7728 	EXP 	enc_trial_map: autoDraw = True
88.7728 	EXP 	enc_trial_main_image: autoDraw = True
89.4710 	DATA 	Keypress: right
91.7077 	EXP 	New trial (rep=0, index=1): OrderedDict([('TrialIndex', 6), ('Jitter', 3000), ('ScannerRun', 1), ('StimType', 'OLP'), ('Order', 2), ('Delay', 0), ('CurrentImage', 'stimuli/fractals/97c.jpg'), ('CurrentX', 212.1320344), ('CurrentY', -212.1320344), ('TripletMemberA', 'stimuli/fractals/97b.jpg'), ('TripletMemberB', 'stimuli/fractals/97c.jpg'), ('TripletMemberC', 'stimuli/fractals/97a.jpg'), ('Xcoordinate', 212.1320344), ('Ycoordinate', -212.1320344), ('Xcoordinate_lure1', 0.0), ('Ycoordinate_lure1', -300.0), ('Xcoordinate_lure2', 300.0), ('Ycoordinate_lure2', 0.0), ('Xcoordinate_foil', -212.1320344), ('Ycoordinate_foil', 212.1320344)])
91.7124 	EXP 	enc_trial_map: autoDraw = False
91.7124 	EXP 	enc_trial_main_image: autoDraw = False
91.7124 	EXP 	enc_fx_cross: pos = array([ 212.1320344, -212.1320344])
91.7124 	EXP 	enc_fx_map: autoDraw = True
91.7124 	EXP 	enc_fx_cross: autoDraw = True
94.5211 	DATA 	Keypress: right
94.7810 	EXP 	enc_fx_map: autoDraw = False
94.7810 	EXP 	enc_fx_cross: autoDraw = False
94.7810 	EXP 	enc_fx_map: autoDraw = False
94.7810 	EXP 	enc_fx_cross: autoDraw = False
94.7810 	EXP 	enc_trial_main_image: pos = array([ 212.1320344, -212.1320344])
94.7810 	EXP 	enc_trial_main_image: image = 'stimuli/fractals/97c.jpg'
94.7810 	EXP 	enc_trial_map: autoDraw = True
94.7810 	EXP 	enc_trial_main_image: autoDraw = True
97.7222 	EXP 	enc_trial_map: autoDraw = False
97.7222 	EXP 	enc_trial_main_image: autoDraw = False
97.7222 	EXP 	end_enc_run_text: text = 'Vége az első feladatnak'
97.7222 	EXP 	end_enc_run_text: autoDraw = True
99.1159 	DATA 	Keypress: right
99.1189 	EXP 	end_enc_run_text: autoDraw = False
99.1189 	EXP 	start_recognition_text: autoDraw = True
101.1197 	EXP 	start_recognition_text: autoDraw = False
101.1197 	EXP 	rec_instructions_1_text: autoDraw = True
106.2046 	DATA 	Keypress: right
106.2068 	EXP 	rec_instructions_1_text: autoDraw = False
106.2068 	EXP 	rec_instructions2_text: autoDraw = True
107.2643 	DATA 	Keypress: right
107.2667 	EXP 	rec_instructions2_text: autoDraw = False
107.2667 	EXP 	rec_instrauction_3_text: autoDraw = True
108.0181 	DATA 	Keypress: right
108.0208 	EXP 	rec_instrauction_3_text: autoDraw = False
108.0208 	EXP 	rec_instructions_4_text: autoDraw = True
108.5352 	DATA 	Keypress: right
108.5456 	EXP 	Imported stimuli_demo.csv as conditions, 10 conditions, 12 params
108.5460 	EXP 	Created sequence: sequential, trialTypes=10, nReps=1, seed=None
108.5466 	EXP 	New trial (rep=0, index=0): OrderedDict([('Task', 'Demo'), ('TrialType', 'OBJ'), ('StimType', 'LURE'), ('CurrentImage', 'stimuli/fractals//181b.jpg'), ('DemoImage', 'stimuli/fractals//181c.jpg'), ('CurrentX', 300.0), ('CurrentY', 0.0), ('DemoX', -300.0), ('DemoY', 0.0), ('InPractice', '-'), ('DemoText', 'Hasonló Képek'), ('Jitter', 2300)])
108.6918 	EXP 	rec_instructions_4_text: autoDraw = False
108.6918 	EXP 	demo_main_image: pos = array([300.,   0.])
108.6918 	EXP 	demo_main_image: image = 'stimuli/fractals//181b.jpg'
108.6918 	EXP 	demo_image: pos = array([-300.,    0.])
108.6918 	EXP 	demo_image: image = 'stimuli/fractals//181c.jpg'
108.6918 	EXP 	demo_text: text = 'Hasonló Képek'
108.6918 	EXP 	demo_map: autoDraw = True
108.6918 	EXP 	demo_main_image: autoDraw = True
108.6918 	EXP 	demo_image: autoDraw = True
108.6918 	EXP 	demo_text: autoDraw = True
113.0741 	DATA 	Keypress: right
113.0771 	EXP 	New trial (rep=0, index=1): OrderedDict([('Task', 'Demo'), ('TrialType', 'OBJ'), ('StimType', 'LURE'), ('CurrentImage', 'stimuli/fractals//149a.jpg'), ('DemoImage', 'stimuli/fractals//149b.jpg'), ('CurrentX', 300.0), ('CurrentY', 0.0), ('DemoX', -300.0), ('DemoY', 0.0), ('InPractice', '-'), ('DemoText', 'Hasonló Képek'), ('Jitter', 1000)])
113.2104 	EXP 	demo_map: autoDraw = False
113.2104 	EXP 	demo_main_image: autoDraw = False
113.2104 	EXP 	demo_image: autoDraw = False
113.2104 	EXP 	demo_text: autoDraw = False
113.2104 	EXP 	demo_main_image: pos = array([300.,   0.])
113.2104 	EXP 	demo_main_image: image = 'stimuli/fractals//149a.jpg'
113.2104 	EXP 	demo_image: pos = array([-300.,    0.])
113.2104 	EXP 	demo_image: image = 'stimuli/fractals//149b.jpg'
113.2104 	EXP 	demo_text: text = 'Hasonló Képek'
113.2104 	EXP 	demo_map: autoDraw = True
113.2104 	EXP 	demo_main_image: autoDraw = True
113.2104 	EXP 	demo_image: autoDraw = True
113.2104 	EXP 	demo_text: autoDraw = True
115.2018 	DATA 	Keypress: right
116.0112 	DATA 	Keypress: right
116.0132 	EXP 	New trial (rep=0, index=2): OrderedDict([('Task', 'Demo'), ('TrialType', 'OBJ'), ('StimType', 'LURE'), ('CurrentImage', 'stimuli/fractals//177b.jpg'), ('DemoImage', 'stimuli/fractals//177c.jpg'), ('CurrentX', 300.0), ('CurrentY', 0.0), ('DemoX', -300.0), ('DemoY', 0.0), ('InPractice', '-'), ('DemoText', 'Hasonló Képek'), ('Jitter', 800)])
116.1548 	EXP 	demo_map: autoDraw = False
116.1548 	EXP 	demo_main_image: autoDraw = False
116.1548 	EXP 	demo_image: autoDraw = False
116.1548 	EXP 	demo_text: autoDraw = False
116.1548 	EXP 	demo_main_image: pos = array([300.,   0.])
116.1548 	EXP 	demo_main_image: image = 'stimuli/fractals//177b.jpg'
116.1548 	EXP 	demo_image: pos = array([-300.,    0.])
116.1548 	EXP 	demo_image: image = 'stimuli/fractals//177c.jpg'
116.1548 	EXP 	demo_text: text = 'Hasonló Képek'
116.1548 	EXP 	demo_map: autoDraw = True
116.1548 	EXP 	demo_main_image: autoDraw = True
116.1548 	EXP 	demo_image: autoDraw = True
116.1548 	EXP 	demo_text: autoDraw = True
116.7412 	DATA 	Keypress: right
117.4389 	DATA 	Keypress: right
119.0174 	DATA 	Keypress: right
119.0194 	EXP 	New trial (rep=0, index=3): OrderedDict([('Task', 'Demo'), ('TrialType', 'OBJ'), ('StimType', 'LURE'), ('CurrentImage', 'stimuli/fractals//167a.jpg'), ('DemoImage', 'stimuli/fractals//167b.jpg'), ('CurrentX', 300.0), ('CurrentY', 0.0), ('DemoX', -300.0), ('DemoY', 0.0), ('InPractice', 'OBJ-TARGET'), ('DemoText', 'Hasonló Képek'), ('Jitter', 1500)])
119.1481 	EXP 	demo_map: autoDraw = False
119.1481 	EXP 	demo_main_image: autoDraw = False
119.1481 	EXP 	demo_image: autoDraw = False
119.1481 	EXP 	demo_text: autoDraw = False
119.1481 	EXP 	demo_main_image: pos = array([300.,   0.])
119.1481 	EXP 	demo_main_image: image = 'stimuli/fractals//167a.jpg'
119.1481 	EXP 	demo_image: pos = array([-300.,    0.])
119.1481 	EXP 	demo_image: image = 'stimuli/fractals//167b.jpg'
119.1481 	EXP 	demo_text: text = 'Hasonló Képek'
119.1481 	EXP 	demo_map: autoDraw = True
119.1481 	EXP 	demo_main_image: autoDraw = True
119.1481 	EXP 	demo_image: autoDraw = True
119.1481 	EXP 	demo_text: autoDraw = True
120.1314 	DATA 	Keypress: right
121.1369 	DATA 	Keypress: right
122.3527 	DATA 	Keypress: right
122.3546 	EXP 	New trial (rep=0, index=4): OrderedDict([('Task', 'Demo'), ('TrialType', 'OBJ'), ('StimType', 'FOIL'), ('CurrentImage', 'stimuli/fractals//163a.jpg'), ('DemoImage', 'stimuli/fractals//173c.jpg'), ('CurrentX', 300.0), ('CurrentY', 0.0), ('DemoX', -300.0), ('DemoY', 0.0), ('InPractice', '-'), ('DemoText', 'Új Képek'), ('Jitter', 600)])
122.4866 	EXP 	demo_map: autoDraw = False
122.4866 	EXP 	demo_main_image: autoDraw = False
122.4866 	EXP 	demo_image: autoDraw = False
122.4866 	EXP 	demo_text: autoDraw = False
122.4866 	EXP 	demo_main_image: pos = array([300.,   0.])
122.4866 	EXP 	demo_main_image: image = 'stimuli/fractals//163a.jpg'
122.4866 	EXP 	demo_image: pos = array([-300.,    0.])
122.4866 	EXP 	demo_image: image = 'stimuli/fractals//173c.jpg'
122.4866 	EXP 	demo_text: text = 'Új Képek'
122.4866 	EXP 	demo_map: autoDraw = True
122.4866 	EXP 	demo_main_image: autoDraw = True
122.4866 	EXP 	demo_image: autoDraw = True
122.4866 	EXP 	demo_text: autoDraw = True
123.2212 	DATA 	Keypress: right
123.7970 	DATA 	Keypress: right
124.2446 	DATA 	Keypress: right
124.7452 	DATA 	Keypress: right
124.7472 	EXP 	New trial (rep=0, index=5): OrderedDict([('Task', 'Demo'), ('TrialType', 'LOC'), ('StimType', 'LURE'), ('CurrentImage', 'stimuli/fractals//166a.jpg'), ('DemoImage', 'stimuli/fractals//166a.jpg'), ('CurrentX', -300.0), ('CurrentY', 0.0), ('DemoX', -212.1320344), ('DemoY', -212.1320344), ('InPractice', 'LOC-TARGET, OBJ-LURE'), ('DemoText', 'Hasonló Helyek'), ('Jitter', 800)])
124.8814 	EXP 	demo_map: autoDraw = False
124.8814 	EXP 	demo_main_image: autoDraw = False
124.8814 	EXP 	demo_image: autoDraw = False
124.8814 	EXP 	demo_text: autoDraw = False
124.8814 	EXP 	demo_main_image: pos = array([-300.,    0.])
124.8814 	EXP 	demo_main_image: image = 'stimuli/fractals//166a.jpg'
124.8814 	EXP 	demo_image: pos = array([-212.1320344, -212.1320344])
124.8814 	EXP 	demo_image: image = 'stimuli/fractals//166a.jpg'
124.8814 	EXP 	demo_text: text = 'Hasonló Helyek'
124.8814 	EXP 	demo_map: autoDraw = True
124.8814 	EXP 	demo_main_image: autoDraw = True
124.8814 	EXP 	demo_image: autoDraw = True
124.8814 	EXP 	demo_text: autoDraw = True
125.5518 	DATA 	Keypress: right
136.6013 	DATA 	Keypress: right
136.6032 	EXP 	New trial (rep=0, index=6): OrderedDict([('Task', 'Demo'), ('TrialType', 'LOC'), ('StimType', 'LURE'), ('CurrentImage', 'stimuli/fractals//159a.jpg'), ('DemoImage', 'stimuli/fractals//159a.jpg'), ('CurrentX', 0.0), ('CurrentY', 300.0), ('DemoX', -212.1320344), ('DemoY', 212.1320344), ('InPractice', 'LOC-LURE'), ('DemoText', 'Hasonló Helyek'), ('Jitter', 1500)])
136.7468 	EXP 	demo_map: autoDraw = False
136.7468 	EXP 	demo_main_image: autoDraw = False
136.7468 	EXP 	demo_image: autoDraw = False
136.7468 	EXP 	demo_text: autoDraw = False
136.7468 	EXP 	demo_main_image: pos = array([  0., 300.])
136.7468 	EXP 	demo_main_image: image = 'stimuli/fractals//159a.jpg'
136.7468 	EXP 	demo_image: pos = array([-212.1320344,  212.1320344])
136.7468 	EXP 	demo_image: image = 'stimuli/fractals//159a.jpg'
136.7468 	EXP 	demo_text: text = 'Hasonló Helyek'
136.7468 	EXP 	demo_map: autoDraw = True
136.7468 	EXP 	demo_main_image: autoDraw = True
136.7468 	EXP 	demo_image: autoDraw = True
136.7468 	EXP 	demo_text: autoDraw = True
137.2334 	DATA 	Keypress: right
137.8490 	DATA 	Keypress: right
138.5876 	DATA 	Keypress: right
148.2507 	DATA 	Keypress: right
148.2527 	EXP 	New trial (rep=0, index=7): OrderedDict([('Task', 'Demo'), ('TrialType', 'LOC'), ('StimType', 'LURE'), ('CurrentImage', 'stimuli/fractals//148b.jpg'), ('DemoImage', 'stimuli/fractals//148b.jpg'), ('CurrentX', 212.1320344), ('CurrentY', 212.1320344), ('DemoX', 0.0), ('DemoY', 300.0), ('InPractice', 'LOC-FOIL'), ('DemoText', 'Hasonló Helyek'), ('Jitter', 800)])
148.3853 	EXP 	demo_map: autoDraw = False
148.3853 	EXP 	demo_main_image: autoDraw = False
148.3853 	EXP 	demo_image: autoDraw = False
148.3853 	EXP 	demo_text: autoDraw = False
148.3853 	EXP 	demo_main_image: pos = array([212.1320344, 212.1320344])
148.3853 	EXP 	demo_main_image: image = 'stimuli/fractals//148b.jpg'
148.3853 	EXP 	demo_image: pos = array([  0., 300.])
148.3853 	EXP 	demo_image: image = 'stimuli/fractals//148b.jpg'
148.3853 	EXP 	demo_text: text = 'Hasonló Helyek'
148.3853 	EXP 	demo_map: autoDraw = True
148.3853 	EXP 	demo_main_image: autoDraw = True
148.3853 	EXP 	demo_image: autoDraw = True
148.3853 	EXP 	demo_text: autoDraw = True
149.0083 	DATA 	Keypress: right
149.8159 	DATA 	Keypress: right
150.5235 	DATA 	Keypress: right
150.5256 	EXP 	New trial (rep=0, index=8): OrderedDict([('Task', 'Demo'), ('TrialType', 'LOC'), ('StimType', 'FOIL'), ('CurrentImage', 'stimuli/fractals//177b.jpg'), ('DemoImage', 'stimuli/fractals//177b.jpg'), ('CurrentX', 300.0), ('CurrentY', 0.0), ('DemoX', -212.1320344), ('DemoY', 212.1320344), ('InPractice', 'OBJ-LURE'), ('DemoText', 'Új Helyek'), ('Jitter', 800)])
150.6703 	EXP 	demo_map: autoDraw = False
150.6703 	EXP 	demo_main_image: autoDraw = False
150.6703 	EXP 	demo_image: autoDraw = False
150.6703 	EXP 	demo_text: autoDraw = False
150.6703 	EXP 	demo_main_image: pos = array([300.,   0.])
150.6703 	EXP 	demo_main_image: image = 'stimuli/fractals//177b.jpg'
150.6703 	EXP 	demo_image: pos = array([-212.1320344,  212.1320344])
150.6703 	EXP 	demo_image: image = 'stimuli/fractals//177b.jpg'
150.6703 	EXP 	demo_text: text = 'Új Helyek'
150.6703 	EXP 	demo_map: autoDraw = True
150.6703 	EXP 	demo_main_image: autoDraw = True
150.6703 	EXP 	demo_image: autoDraw = True
150.6703 	EXP 	demo_text: autoDraw = True
151.3545 	DATA 	Keypress: right
151.8941 	DATA 	Keypress: right
152.4941 	DATA 	Keypress: right
153.1997 	DATA 	Keypress: right
153.2017 	EXP 	New trial (rep=0, index=9): OrderedDict([('Task', 'Demo'), ('TrialType', 'LOC'), ('StimType', 'FOIL'), ('CurrentImage', 'stimuli/fractals//177b.jpg'), ('DemoImage', 'stimuli/fractals//177b.jpg'), ('CurrentX', 300.0), ('CurrentY', 0.0), ('DemoX', -300.0), ('DemoY', 0.0), ('InPractice', 'OBJ-LURE'), ('DemoText', 'Új Helyek'), ('Jitter', 1200)])
153.3445 	EXP 	demo_map: autoDraw = False
153.3445 	EXP 	demo_main_image: autoDraw = False
153.3445 	EXP 	demo_image: autoDraw = False
153.3445 	EXP 	demo_text: autoDraw = False
153.3445 	EXP 	demo_main_image: pos = array([300.,   0.])
153.3445 	EXP 	demo_main_image: image = 'stimuli/fractals//177b.jpg'
153.3445 	EXP 	demo_image: pos = array([-300.,    0.])
153.3445 	EXP 	demo_image: image = 'stimuli/fractals//177b.jpg'
153.3445 	EXP 	demo_text: text = 'Új Helyek'
153.3445 	EXP 	demo_map: autoDraw = True
153.3445 	EXP 	demo_main_image: autoDraw = True
153.3445 	EXP 	demo_image: autoDraw = True
153.3445 	EXP 	demo_text: autoDraw = True
154.1303 	DATA 	Keypress: right
156.2098 	DATA 	Keypress: right
156.2135 	EXP 	demo_map: autoDraw = False
156.2135 	EXP 	demo_main_image: autoDraw = False
156.2135 	EXP 	demo_image: autoDraw = False
156.2135 	EXP 	demo_text: autoDraw = False
156.2135 	EXP 	demo_end_text: autoDraw = True
159.1645 	DATA 	Keypress: right
161.8737 	DATA 	Keypress: right
161.8766 	EXP 	demo_end_text: autoDraw = False
161.8766 	EXP 	start_practice_text: autoDraw = True
162.8764 	EXP 	Created sequence: sequential, trialTypes=1, nReps=2, seed=None
162.8768 	EXP 	New trial (rep=0, index=0): None
162.8824 	EXP 	start_practice_text: autoDraw = False
162.8824 	EXP 	start_practice_text: autoDraw = False
162.8824 	EXP 	rec_practice_block_text: text = 'Kép'
162.8824 	EXP 	rec_practice_block_text: autoDraw = True
163.8907 	EXP 	Imported recognition_practice_trials.csv as conditions, 3 conditions, 10 params
163.8911 	EXP 	Created sequence: sequential, trialTypes=3, nReps=1, seed=None
163.8917 	EXP 	New trial (rep=0, index=0): OrderedDict([('Task', 'RecognitionPractice'), ('TrialIndex', 1), ('BlockNr', 1), ('TrialType', 'OBJ'), ('StimType', 'FOIL'), ('CurrentImage', 'stimuli/fractals/156b.jpg'), ('CurrentX', 212.1320344), ('CurrentY', 212.1320344), ('Jitter', 0.6), ('Filler', 0)])
163.9727 	EXP 	rec_practice_block_text: autoDraw = False
163.9727 	EXP 	rec_practice_block_text: autoDraw = False
163.9727 	EXP 	rec_fx_cross: pos = array([212.1320344, 212.1320344])
163.9727 	EXP 	rec_fx_text_block: text = 'Kép'
163.9727 	EXP 	rec_fx_map: autoDraw = True
163.9727 	EXP 	rec_fx_map: autoDraw = False
163.9727 	EXP 	rec_fx_cross: autoDraw = True
163.9727 	EXP 	rec_fx_cross: autoDraw = False
163.9727 	EXP 	rec_fx_text_block: autoDraw = True
163.9727 	EXP 	rec_fx_text_block: autoDraw = False
163.9727 	EXP 	rec_fx_instructions_text: autoDraw = True
163.9727 	EXP 	rec_fx_instructions_text: autoDraw = False
163.9727 	EXP 	rec_fx_map: autoDraw = False
163.9727 	EXP 	rec_fx_cross: autoDraw = False
163.9727 	EXP 	rec_fx_text_block: autoDraw = False
163.9727 	EXP 	rec_fx_instructions_text: autoDraw = False
163.9727 	EXP 	rec_trial_main_image: pos = array([212.1320344, 212.1320344])
163.9727 	EXP 	rec_trial_main_image: image = 'stimuli/fractals/156b.jpg'
163.9727 	EXP 	rec_trial_text_block: text = 'OBJ'
163.9727 	EXP 	rec_trial_map: autoDraw = True
163.9727 	EXP 	rec_trial_main_image: autoDraw = True
163.9727 	EXP 	rec_trial_text_block: autoDraw = True
163.9727 	EXP 	rec_trial_instructions_text: autoDraw = True
165.8204 	DATA 	Keypress: k
166.9358 	EXP 	window1: mouseVisible = True
