0.5346 	WARNING 	We strongly recommend you activate the PTB sound engine in PsychoPy prefs as the preferred audio engine. Its timing is vastly superior. Your prefs are currently set to use ['sounddevice', 'PTB', 'pyo', 'pygame'] (in that order).
1.3576 	WARNING 	Import Error: No module named 'psychtoolbox'. Using event module for keyboard component.
4.8518 	WARNING 	Monitor specification not found. Creating a temporary one...
5.2259 	EXP 	Created window1 = Window(allowGUI=False, allowStencil=False, args=UNKNOWN, autoLog=True, bitsMode=UNKNOWN, blendMode='avg', bpc=(8, 8, 8), color=array([0.804, 0.804, 0.961]), colorSpace='rgb', depthBits=8, fullscr=<method-wrapper '__getattribute__' of attributeSetter object at 0x7ff97a7022b0>, gamma=None, gammaErrorPolicy='raise', kwargs=UNKNOWN, lms=UNKNOWN, monitor=<psychopy.monitors.calibTools.Monitor object at 0x7ff97844a4e0>, multiSample=False, name='window1', numSamples=2, pos=[0.0, 0.0], screen=0, size=array([1920, 1080]), stencilBits=0, stereo=False, units='height', useFBO=True, useRetina=False, viewOri=0.0, viewPos=None, viewScale=None, waitBlanking=True, winType='pyglet')
5.2260 	EXP 	window1: recordFrameIntervals = False
5.2363 	EXP 	window1: recordFrameIntervals = True
5.2422 	WARNING 	t of last frame was 1.89ms (=1/530)
5.2440 	WARNING 	t of last frame was 1.74ms (=1/573)
5.2488 	EXP 	window1: recordFrameIntervals = False
5.3079 	EXP 	Created lab_thanks = TextStim(__class__=<class 'psychopy.visual.text.TextStim'>, alignHoriz=method-wrapper(...), alignText='center', alignVert=method-wrapper(...), anchorHoriz='center', anchorVert='center', antialias=True, autoLog=True, bold=False, color='black', colorSpace='named', contrast=1.0, depth=0.0, flipHoriz=False, flipVert=False, font='Arial', fontFiles=[], height=0.05, italic=False, languageStyle='LTR', name='lab_thanks', opacity=1.0, ori=0, pos=array([0., 0.]), rgb=array([0., 0., 0.]), text=str(...), units='height', win=Window(...), wrapWidth=1)
5.3165 	EXP 	Created start_encoding_text = TextStim(__class__=<class 'psychopy.visual.text.TextStim'>, alignHoriz=method-wrapper(...), alignText='center', alignVert=method-wrapper(...), anchorHoriz='center', anchorVert='center', antialias=True, autoLog=True, bold=False, color='black', colorSpace='named', contrast=1.0, depth=0.0, flipHoriz=False, flipVert=False, font='Arial', fontFiles=[], height=0.1, italic=False, languageStyle='LTR', name='start_encoding_text', opacity=1.0, ori=0, pos=array([0., 0.]), rgb=array([0., 0., 0.]), text='default text', units='height', win=Window(...), wrapWidth=1)
5.3432 	EXP 	Created enc_instructions_1_text = TextStim(__class__=<class 'psychopy.visual.text.TextStim'>, alignHoriz=method-wrapper(...), alignText='center', alignVert=method-wrapper(...), anchorHoriz='center', anchorVert='center', antialias=True, autoLog=True, bold=False, color='black', colorSpace='named', contrast=1.0, depth=0.0, flipHoriz=False, flipVert=False, font='Arial', fontFiles=[], height=0.04, italic=False, languageStyle='LTR', name='enc_instructions_1_text', opacity=1.0, ori=0, pos=array([-0.4,  0. ]), rgb=array([0., 0., 0.]), text=str(...), units='height', win=Window(...), wrapWidth=0.9)
5.3966 	EXP 	Created enc_instructions_1_image = ImageStim(__class__=<class 'psychopy.visual.image.ImageStim'>, autoLog=True, color=array([1., 1., 1.]), colorSpace='rgb', contrast=1.0, depth=-1.0, flipHoriz=False, flipVert=False, image='stimuli/GalleryBuildingFromOutside.jpg', interpolate=True, mask=None, maskParams=None, name='enc_instructions_1_image', opacity=1.0, ori=0.0, pos=array([450.,   0.]), size=array([600., 450.]), texRes=128, units='pix', win=Window(...))
5.4110 	EXP 	Created enc_instructions_2_text = TextStim(__class__=<class 'psychopy.visual.text.TextStim'>, alignHoriz=method-wrapper(...), alignText='center', alignVert=method-wrapper(...), anchorHoriz='center', anchorVert='center', antialias=True, autoLog=True, bold=False, color='black', colorSpace='named', contrast=1.0, depth=0.0, flipHoriz=False, flipVert=False, font='Arial', fontFiles=[], height=0.04, italic=False, languageStyle='LTR', name='enc_instructions_2_text', opacity=1.0, ori=0, pos=array([-0.5,  0. ]), rgb=array([0., 0., 0.]), text=str(...), units='height', win=Window(...), wrapWidth=0.7)
5.4377 	EXP 	Created enc_instructions_2_image = ImageStim(__class__=<class 'psychopy.visual.image.ImageStim'>, autoLog=True, color=array([1., 1., 1.]), colorSpace='rgb', contrast=1.0, depth=-1.0, flipHoriz=False, flipVert=False, image='stimuli/GalleryInfo.jpg', interpolate=True, mask=None, maskParams=None, name='enc_instructions_2_image', opacity=1.0, ori=0.0, pos=array([425.,   0.]), size=array([1000.,  750.]), texRes=128, units='pix', win=Window(...))
5.4539 	EXP 	Created enc_instructions_3_text = TextStim(__class__=<class 'psychopy.visual.text.TextStim'>, alignHoriz=method-wrapper(...), alignText='center', alignVert=method-wrapper(...), anchorHoriz='center', anchorVert='center', antialias=True, autoLog=True, bold=False, color='black', colorSpace='named', contrast=1.0, depth=0.0, flipHoriz=False, flipVert=False, font='Arial', fontFiles=[], height=0.05, italic=False, languageStyle='LTR', name='enc_instructions_3_text', opacity=1.0, ori=0, pos=array([0., 0.]), rgb=array([0., 0., 0.]), text=str(...), units='height', win=Window(...), wrapWidth=1)
5.4621 	EXP 	Created start_practice_text = TextStim(__class__=<class 'psychopy.visual.text.TextStim'>, alignHoriz=method-wrapper(...), alignText='center', alignVert=method-wrapper(...), anchorHoriz='center', anchorVert='center', antialias=True, autoLog=True, bold=False, color='black', colorSpace='named', contrast=1.0, depth=0.0, flipHoriz=False, flipVert=False, font='Arial', fontFiles=[], height=0.1, italic=False, languageStyle='LTR', name='start_practice_text', opacity=1.0, ori=0, pos=array([0., 0.]), rgb=array([0., 0., 0.]), text='Kezdődik a gyakorlás...', units='height', win=Window(...), wrapWidth=1)
5.4782 	EXP 	Created enc_fx_map = ImageStim(__class__=<class 'psychopy.visual.image.ImageStim'>, autoLog=True, color=array([1., 1., 1.]), colorSpace='rgb', contrast=1.0, depth=0.0, flipHoriz=False, flipVert=False, image='stimuli/GalleryPlanInside.jpg', interpolate=True, mask=None, maskParams=None, name='enc_fx_map', opacity=1.0, ori=0.0, pos=array([  0., -25.]), size=array([1040., 1000.]), texRes=128, units='pix', win=Window(...))
5.4842 	EXP 	Created enc_fx_cross = TextStim(__class__=<class 'psychopy.visual.text.TextStim'>, alignHoriz=method-wrapper(...), alignText='center', alignVert=method-wrapper(...), anchorHoriz='center', anchorVert='center', antialias=True, autoLog=True, bold=False, color='black', colorSpace='named', contrast=1.0, depth=-1.0, flipHoriz=False, flipVert=False, font='Arial', fontFiles=[], height=50, italic=False, languageStyle='LTR', name='enc_fx_cross', opacity=1.0, ori=0, pos=array([0., 0.]), rgb=array([0., 0., 0.]), text='+', units='pix', win=Window(...), wrapWidth=500)
5.4991 	EXP 	Created enc_trial_map = ImageStim(__class__=<class 'psychopy.visual.image.ImageStim'>, autoLog=True, color=array([1., 1., 1.]), colorSpace='rgb', contrast=1.0, depth=0.0, flipHoriz=False, flipVert=False, image='stimuli/GalleryPlanInside.jpg', interpolate=True, mask=None, maskParams=None, name='enc_trial_map', opacity=1.0, ori=0.0, pos=array([  0., -25.]), size=array([1040., 1000.]), texRes=128, units='pix', win=Window(...))
5.5006 	EXP 	Created enc_trial_main_image = ImageStim(__class__=<class 'psychopy.visual.image.ImageStim'>, autoLog=True, color=array([1., 1., 1.]), colorSpace='rgb', contrast=1.0, depth=-1.0, flipHoriz=False, flipVert=False, image='sin', interpolate=True, mask=None, maskParams=None, name='enc_trial_main_image', opacity=1.0, ori=0.0, pos=array([0., 0.]), size=array([300., 300.]), texRes=128, units='pix', win=Window(...))
5.5163 	EXP 	Created enc_practice_feedback_map = ImageStim(__class__=<class 'psychopy.visual.image.ImageStim'>, autoLog=True, color=array([1., 1., 1.]), colorSpace='rgb', contrast=1.0, depth=-1.0, flipHoriz=False, flipVert=False, image='stimuli/GalleryPlanInside.jpg', interpolate=True, mask=None, maskParams=None, name='enc_practice_feedback_map', opacity=1.0, ori=0.0, pos=array([  0., -25.]), size=array([1040., 1000.]), texRes=128, units='pix', win=Window(...))
5.5177 	EXP 	Created enc_practice_feedback_image = ImageStim(__class__=<class 'psychopy.visual.image.ImageStim'>, autoLog=True, color=array([1., 1., 1.]), colorSpace='rgb', contrast=1.0, depth=-2.0, flipHoriz=False, flipVert=False, image='sin', interpolate=True, mask=None, maskParams=None, name='enc_practice_feedback_image', opacity=1.0, ori=0.0, pos=array([0., 0.]), size=array([300., 300.]), texRes=128, units='pix', win=Window(...))
5.5219 	EXP 	Created enc_practice_feedback_text = TextStim(__class__=<class 'psychopy.visual.text.TextStim'>, alignHoriz=method-wrapper(...), alignText='center', alignVert=method-wrapper(...), anchorHoriz='center', anchorVert='center', antialias=True, autoLog=True, bold=False, color='black', colorSpace='named', contrast=1.0, depth=-3.0, flipHoriz=False, flipVert=False, font='Arial', fontFiles=[], height=0.05, italic=False, languageStyle='LTR', name='enc_practice_feedback_text', opacity=1.0, ori=0, pos=array([0., 0.]), rgb=array([0., 0., 0.]), text='default text', units='height', win=Window(...), wrapWidth=1)
5.5377 	EXP 	Created end_practice_text = TextStim(__class__=<class 'psychopy.visual.text.TextStim'>, alignHoriz=method-wrapper(...), alignText='center', alignVert=method-wrapper(...), anchorHoriz='center', anchorVert='center', antialias=True, autoLog=True, bold=False, color='black', colorSpace='named', contrast=1.0, depth=0.0, flipHoriz=False, flipVert=False, font='Arial', fontFiles=[], height=0.05, italic=False, languageStyle='LTR', name='end_practice_text', opacity=1.0, ori=0, pos=array([0., 0.]), rgb=array([0., 0., 0.]), text=str(...), units='height', win=Window(...), wrapWidth=0.8)
5.5418 	EXP 	Created start_enc_run_text = TextStim(__class__=<class 'psychopy.visual.text.TextStim'>, alignHoriz=method-wrapper(...), alignText='center', alignVert=method-wrapper(...), anchorHoriz='center', anchorVert='center', antialias=True, autoLog=True, bold=False, color='black', colorSpace='named', contrast=1.0, depth=-2.0, flipHoriz=False, flipVert=False, font='Arial', fontFiles=[], height=0.1, italic=False, languageStyle='LTR', name='start_enc_run_text', opacity=1.0, ori=0, pos=array([0., 0.]), rgb=array([0., 0., 0.]), text='Kezdődik a feladat...', units='height', win=Window(...), wrapWidth=1)
5.5597 	EXP 	Created enc_fx_map = ImageStim(__class__=<class 'psychopy.visual.image.ImageStim'>, autoLog=True, color=array([1., 1., 1.]), colorSpace='rgb', contrast=1.0, depth=0.0, flipHoriz=False, flipVert=False, image='stimuli/GalleryPlanInside.jpg', interpolate=True, mask=None, maskParams=None, name='enc_fx_map', opacity=1.0, ori=0.0, pos=array([  0., -25.]), size=array([1040., 1000.]), texRes=128, units='pix', win=Window(...))
5.5610 	EXP 	Created enc_fx_cross = TextStim(__class__=<class 'psychopy.visual.text.TextStim'>, alignHoriz=method-wrapper(...), alignText='center', alignVert=method-wrapper(...), anchorHoriz='center', anchorVert='center', antialias=True, autoLog=True, bold=False, color='black', colorSpace='named', contrast=1.0, depth=-1.0, flipHoriz=False, flipVert=False, font='Arial', fontFiles=[], height=50, italic=False, languageStyle='LTR', name='enc_fx_cross', opacity=1.0, ori=0, pos=array([0., 0.]), rgb=array([0., 0., 0.]), text='+', units='pix', win=Window(...), wrapWidth=500)
5.5768 	EXP 	Created enc_trial_map = ImageStim(__class__=<class 'psychopy.visual.image.ImageStim'>, autoLog=True, color=array([1., 1., 1.]), colorSpace='rgb', contrast=1.0, depth=0.0, flipHoriz=False, flipVert=False, image='stimuli/GalleryPlanInside.jpg', interpolate=True, mask=None, maskParams=None, name='enc_trial_map', opacity=1.0, ori=0.0, pos=array([  0., -25.]), size=array([1040., 1000.]), texRes=128, units='pix', win=Window(...))
5.5783 	EXP 	Created enc_trial_main_image = ImageStim(__class__=<class 'psychopy.visual.image.ImageStim'>, autoLog=True, color=array([1., 1., 1.]), colorSpace='rgb', contrast=1.0, depth=-1.0, flipHoriz=False, flipVert=False, image='sin', interpolate=True, mask=None, maskParams=None, name='enc_trial_main_image', opacity=1.0, ori=0.0, pos=array([0., 0.]), size=array([300., 300.]), texRes=128, units='pix', win=Window(...))
5.5863 	EXP 	Created end_enc_run_text = TextStim(__class__=<class 'psychopy.visual.text.TextStim'>, alignHoriz=method-wrapper(...), alignText='center', alignVert=method-wrapper(...), anchorHoriz='center', anchorVert='center', antialias=True, autoLog=True, bold=False, color='black', colorSpace='named', contrast=1.0, depth=0.0, flipHoriz=False, flipVert=False, font='Arial', fontFiles=[], height=0.06, italic=False, languageStyle='LTR', name='end_enc_run_text', opacity=1.0, ori=0, pos=array([0., 0.]), rgb=array([0., 0., 0.]), text='default text', units='height', win=Window(...), wrapWidth=1)
5.5942 	EXP 	Created start_recognition_text = TextStim(__class__=<class 'psychopy.visual.text.TextStim'>, alignHoriz=method-wrapper(...), alignText='center', alignVert=method-wrapper(...), anchorHoriz='center', anchorVert='center', antialias=True, autoLog=True, bold=False, color='black', colorSpace='named', contrast=1.0, depth=-2.0, flipHoriz=False, flipVert=False, font='Arial', fontFiles=[], height=0.1, italic=False, languageStyle='LTR', name='start_recognition_text', opacity=1.0, ori=0, pos=array([0., 0.]), rgb=array([0., 0., 0.]), text='Második feladat\nKépfelismerés', units='height', win=Window(...), wrapWidth=1)
5.6110 	EXP 	Created rec_instructions_1_text = TextStim(__class__=<class 'psychopy.visual.text.TextStim'>, alignHoriz=method-wrapper(...), alignText='center', alignVert=method-wrapper(...), anchorHoriz='center', anchorVert='center', antialias=True, autoLog=True, bold=False, color='black', colorSpace='named', contrast=1.0, depth=0.0, flipHoriz=False, flipVert=False, font='Arial', fontFiles=[], height=0.05, italic=False, languageStyle='LTR', name='rec_instructions_1_text', opacity=1.0, ori=0, pos=array([0., 0.]), rgb=array([0., 0., 0.]), text=str(...), units='height', win=Window(...), wrapWidth=1)
5.6397 	EXP 	Created rec_instructions2_text = TextStim(__class__=<class 'psychopy.visual.text.TextStim'>, alignHoriz=method-wrapper(...), alignText='center', alignVert=method-wrapper(...), anchorHoriz='center', anchorVert='center', antialias=True, autoLog=True, bold=False, color='black', colorSpace='named', contrast=1.0, depth=0.0, flipHoriz=False, flipVert=False, font='Arial', fontFiles=[], height=0.03, italic=False, languageStyle='LTR', name='rec_instructions2_text', opacity=1.0, ori=0, pos=array([0., 0.]), rgb=array([0., 0., 0.]), text=str(...), units='height', win=Window(...), wrapWidth=1)
5.6671 	EXP 	Created rec_instrauction_3_text = TextStim(__class__=<class 'psychopy.visual.text.TextStim'>, alignHoriz=method-wrapper(...), alignText='center', alignVert=method-wrapper(...), anchorHoriz='center', anchorVert='center', antialias=True, autoLog=True, bold=False, color='black', colorSpace='named', contrast=1.0, depth=0.0, flipHoriz=False, flipVert=False, font='Arial', fontFiles=[], height=0.03, italic=False, languageStyle='LTR', name='rec_instrauction_3_text', opacity=1.0, ori=0, pos=array([0., 0.]), rgb=array([0., 0., 0.]), text=str(...), units='height', win=Window(...), wrapWidth=1)
5.6724 	EXP 	Created rec_instructions_4_text = TextStim(__class__=<class 'psychopy.visual.text.TextStim'>, alignHoriz=method-wrapper(...), alignText='center', alignVert=method-wrapper(...), anchorHoriz='center', anchorVert='center', antialias=True, autoLog=True, bold=False, color='black', colorSpace='named', contrast=1.0, depth=0.0, flipHoriz=False, flipVert=False, font='Arial', fontFiles=[], height=0.05, italic=False, languageStyle='LTR', name='rec_instructions_4_text', opacity=1.0, ori=0, pos=array([0., 0.]), rgb=array([0., 0., 0.]), text=str(...), units='height', win=Window(...), wrapWidth=1)
5.6906 	EXP 	Created demo_map = ImageStim(__class__=<class 'psychopy.visual.image.ImageStim'>, autoLog=True, color=array([1., 1., 1.]), colorSpace='rgb', contrast=1.0, depth=0.0, flipHoriz=False, flipVert=False, image='stimuli/GalleryPlanInside.jpg', interpolate=True, mask=None, maskParams=None, name='demo_map', opacity=1.0, ori=0.0, pos=array([  0., -25.]), size=array([1040., 1000.]), texRes=128, units='pix', win=Window(...))
5.6919 	EXP 	Created demo_main_image = ImageStim(__class__=<class 'psychopy.visual.image.ImageStim'>, autoLog=True, color=array([1., 1., 1.]), colorSpace='rgb', contrast=1.0, depth=-1.0, flipHoriz=False, flipVert=False, image='sin', interpolate=True, mask=None, maskParams=None, name='demo_main_image', opacity=1.0, ori=0.0, pos=array([0., 0.]), size=array([300., 300.]), texRes=128, units='pix', win=Window(...))
5.6933 	EXP 	Created demo_image = ImageStim(__class__=<class 'psychopy.visual.image.ImageStim'>, autoLog=True, color=array([1., 1., 1.]), colorSpace='rgb', contrast=1.0, depth=-2.0, flipHoriz=False, flipVert=False, image='sin', interpolate=True, mask=None, maskParams=None, name='demo_image', opacity=1.0, ori=0.0, pos=array([0., 0.]), size=array([300., 300.]), texRes=128, units='pix', win=Window(...))
5.6957 	EXP 	Created demo_text = TextStim(__class__=<class 'psychopy.visual.text.TextStim'>, alignHoriz=method-wrapper(...), alignText='center', alignVert=method-wrapper(...), anchorHoriz='center', anchorVert='center', antialias=True, autoLog=True, bold=False, color='black', colorSpace='named', contrast=1.0, depth=-3.0, flipHoriz=False, flipVert=False, font='Arial', fontFiles=[], height=0.05, italic=False, languageStyle='LTR', name='demo_text', opacity=1.0, ori=0, pos=array([0.  , 0.45]), rgb=array([0., 0., 0.]), text='default text', units='height', win=Window(...), wrapWidth=1)
5.7004 	EXP 	Created demo_end_text = TextStim(__class__=<class 'psychopy.visual.text.TextStim'>, alignHoriz=method-wrapper(...), alignText='center', alignVert=method-wrapper(...), anchorHoriz='center', anchorVert='center', antialias=True, autoLog=True, bold=False, color='black', colorSpace='named', contrast=1.0, depth=0.0, flipHoriz=False, flipVert=False, font='Arial', fontFiles=[], height=0.05, italic=False, languageStyle='LTR', name='demo_end_text', opacity=1.0, ori=0, pos=array([0., 0.]), rgb=array([0., 0., 0.]), text=str(...), units='height', win=Window(...), wrapWidth=1)
5.7048 	EXP 	Created start_practice_text = TextStim(__class__=<class 'psychopy.visual.text.TextStim'>, alignHoriz=method-wrapper(...), alignText='center', alignVert=method-wrapper(...), anchorHoriz='center', anchorVert='center', antialias=True, autoLog=True, bold=False, color='black', colorSpace='named', contrast=1.0, depth=0.0, flipHoriz=False, flipVert=False, font='Arial', fontFiles=[], height=0.1, italic=False, languageStyle='LTR', name='start_practice_text', opacity=1.0, ori=0, pos=array([0., 0.]), rgb=array([0., 0., 0.]), text='Kezdődik a gyakorlás...', units='height', win=Window(...), wrapWidth=1)
5.7077 	EXP 	Created rec_practice_block_text = TextStim(__class__=<class 'psychopy.visual.text.TextStim'>, alignHoriz=method-wrapper(...), alignText='center', alignVert=method-wrapper(...), anchorHoriz='center', anchorVert='center', antialias=True, autoLog=True, bold=False, color='black', colorSpace='named', contrast=1.0, depth=-1.0, flipHoriz=False, flipVert=False, font='Arial', fontFiles=[], height=0.1, italic=False, languageStyle='LTR', name='rec_practice_block_text', opacity=1.0, ori=0, pos=array([0., 0.]), rgb=array([0., 0., 0.]), text='default text', units='height', win=Window(...), wrapWidth=1)
5.7236 	EXP 	Created rec_fx_map = ImageStim(__class__=<class 'psychopy.visual.image.ImageStim'>, autoLog=True, color=array([1., 1., 1.]), colorSpace='rgb', contrast=1.0, depth=0.0, flipHoriz=False, flipVert=False, image='stimuli/GalleryPlanInside.jpg', interpolate=True, mask=None, maskParams=None, name='rec_fx_map', opacity=1.0, ori=0.0, pos=array([  0., -25.]), size=array([1040., 1000.]), texRes=128, units='pix', win=Window(...))
5.7257 	EXP 	Created rec_fx_cross = TextStim(__class__=<class 'psychopy.visual.text.TextStim'>, alignHoriz=method-wrapper(...), alignText='center', alignVert=method-wrapper(...), anchorHoriz='center', anchorVert='center', antialias=True, autoLog=True, bold=False, color='black', colorSpace='named', contrast=1.0, depth=-1.0, flipHoriz=False, flipVert=False, font='Arial', fontFiles=[], height=50, italic=False, languageStyle='LTR', name='rec_fx_cross', opacity=1.0, ori=0, pos=array([0., 0.]), rgb=array([0., 0., 0.]), text='+', units='pix', win=Window(...), wrapWidth=500)
5.7307 	EXP 	Created rec_fx_text = TextStim(__class__=<class 'psychopy.visual.text.TextStim'>, alignHoriz=method-wrapper(...), alignText='center', alignVert=method-wrapper(...), anchorHoriz='center', anchorVert='center', antialias=True, autoLog=True, bold=False, color='black', colorSpace='named', contrast=1.0, depth=-3.0, flipHoriz=False, flipVert=False, font='Arial', fontFiles=[], height=0.045, italic=False, languageStyle='LTR', name='rec_fx_text', opacity=1.0, ori=0, pos=array([0.  , 0.45]), rgb=array([0., 0., 0.]), text='default text', units='height', win=Window(...), wrapWidth=1)
5.7471 	EXP 	Created rec_trial_map = ImageStim(__class__=<class 'psychopy.visual.image.ImageStim'>, autoLog=True, color=array([1., 1., 1.]), colorSpace='rgb', contrast=1.0, depth=0.0, flipHoriz=False, flipVert=False, image='stimuli/GalleryPlanInside.jpg', interpolate=True, mask=None, maskParams=None, name='rec_trial_map', opacity=1.0, ori=0.0, pos=array([  0., -25.]), size=array([1040., 1000.]), texRes=128, units='pix', win=Window(...))
5.7485 	EXP 	Created rec_trial_main_image = ImageStim(__class__=<class 'psychopy.visual.image.ImageStim'>, autoLog=True, color=array([1., 1., 1.]), colorSpace='rgb', contrast=1.0, depth=-1.0, flipHoriz=False, flipVert=False, image='sin', interpolate=True, mask=None, maskParams=None, name='rec_trial_main_image', opacity=1.0, ori=0.0, pos=array([0., 0.]), size=array([300., 300.]), texRes=128, units='pix', win=Window(...))
5.7517 	EXP 	Created rec_trial_text = TextStim(__class__=<class 'psychopy.visual.text.TextStim'>, alignHoriz=method-wrapper(...), alignText='center', alignVert=method-wrapper(...), anchorHoriz='center', anchorVert='center', antialias=True, autoLog=True, bold=False, color='black', colorSpace='named', contrast=1.0, depth=-3.0, flipHoriz=False, flipVert=False, font='Arial', fontFiles=[], height=0.045, italic=False, languageStyle='LTR', name='rec_trial_text', opacity=1.0, ori=0, pos=array([0.  , 0.45]), rgb=array([0., 0., 0.]), text='default text', units='height', win=Window(...), wrapWidth=1)
5.7677 	EXP 	Created end_practice_text = TextStim(__class__=<class 'psychopy.visual.text.TextStim'>, alignHoriz=method-wrapper(...), alignText='center', alignVert=method-wrapper(...), anchorHoriz='center', anchorVert='center', antialias=True, autoLog=True, bold=False, color='black', colorSpace='named', contrast=1.0, depth=0.0, flipHoriz=False, flipVert=False, font='Arial', fontFiles=[], height=0.05, italic=False, languageStyle='LTR', name='end_practice_text', opacity=1.0, ori=0, pos=array([0., 0.]), rgb=array([0., 0., 0.]), text=str(...), units='height', win=Window(...), wrapWidth=0.8)
5.7717 	EXP 	Created start_rec_run_text = TextStim(__class__=<class 'psychopy.visual.text.TextStim'>, alignHoriz=method-wrapper(...), alignText='center', alignVert=method-wrapper(...), anchorHoriz='center', anchorVert='center', antialias=True, autoLog=True, bold=False, color='black', colorSpace='named', contrast=1.0, depth=-1.0, flipHoriz=False, flipVert=False, font='Arial', fontFiles=[], height=0.1, italic=False, languageStyle='LTR', name='start_rec_run_text', opacity=1.0, ori=0, pos=array([0., 0.]), rgb=array([0., 0., 0.]), text='Kezdődik a feladat...', units='height', win=Window(...), wrapWidth=1)
5.7740 	EXP 	Created start_rec_block_text = TextStim(__class__=<class 'psychopy.visual.text.TextStim'>, alignHoriz=method-wrapper(...), alignText='center', alignVert=method-wrapper(...), anchorHoriz='center', anchorVert='center', antialias=True, autoLog=True, bold=False, color='black', colorSpace='named', contrast=1.0, depth=-1.0, flipHoriz=False, flipVert=False, font='Arial', fontFiles=[], height=0.1, italic=False, languageStyle='LTR', name='start_rec_block_text', opacity=1.0, ori=0, pos=array([0., 0.]), rgb=array([0., 0., 0.]), text='default text', units='height', win=Window(...), wrapWidth=1)
5.7901 	EXP 	Created rec_fx_map = ImageStim(__class__=<class 'psychopy.visual.image.ImageStim'>, autoLog=True, color=array([1., 1., 1.]), colorSpace='rgb', contrast=1.0, depth=0.0, flipHoriz=False, flipVert=False, image='stimuli/GalleryPlanInside.jpg', interpolate=True, mask=None, maskParams=None, name='rec_fx_map', opacity=1.0, ori=0.0, pos=array([  0., -25.]), size=array([1040., 1000.]), texRes=128, units='pix', win=Window(...))
5.7921 	EXP 	Created rec_fx_cross = TextStim(__class__=<class 'psychopy.visual.text.TextStim'>, alignHoriz=method-wrapper(...), alignText='center', alignVert=method-wrapper(...), anchorHoriz='center', anchorVert='center', antialias=True, autoLog=True, bold=False, color='black', colorSpace='named', contrast=1.0, depth=-1.0, flipHoriz=False, flipVert=False, font='Arial', fontFiles=[], height=50, italic=False, languageStyle='LTR', name='rec_fx_cross', opacity=1.0, ori=0, pos=array([0., 0.]), rgb=array([0., 0., 0.]), text='+', units='pix', win=Window(...), wrapWidth=500)
5.7954 	EXP 	Created rec_fx_text = TextStim(__class__=<class 'psychopy.visual.text.TextStim'>, alignHoriz=method-wrapper(...), alignText='center', alignVert=method-wrapper(...), anchorHoriz='center', anchorVert='center', antialias=True, autoLog=True, bold=False, color='black', colorSpace='named', contrast=1.0, depth=-3.0, flipHoriz=False, flipVert=False, font='Arial', fontFiles=[], height=0.045, italic=False, languageStyle='LTR', name='rec_fx_text', opacity=1.0, ori=0, pos=array([0.  , 0.45]), rgb=array([0., 0., 0.]), text='default text', units='height', win=Window(...), wrapWidth=1)
5.8107 	EXP 	Created rec_trial_map = ImageStim(__class__=<class 'psychopy.visual.image.ImageStim'>, autoLog=True, color=array([1., 1., 1.]), colorSpace='rgb', contrast=1.0, depth=0.0, flipHoriz=False, flipVert=False, image='stimuli/GalleryPlanInside.jpg', interpolate=True, mask=None, maskParams=None, name='rec_trial_map', opacity=1.0, ori=0.0, pos=array([  0., -25.]), size=array([1040., 1000.]), texRes=128, units='pix', win=Window(...))
5.8124 	EXP 	Created rec_trial_main_image = ImageStim(__class__=<class 'psychopy.visual.image.ImageStim'>, autoLog=True, color=array([1., 1., 1.]), colorSpace='rgb', contrast=1.0, depth=-1.0, flipHoriz=False, flipVert=False, image='sin', interpolate=True, mask=None, maskParams=None, name='rec_trial_main_image', opacity=1.0, ori=0.0, pos=array([0., 0.]), size=array([300., 300.]), texRes=128, units='pix', win=Window(...))
5.8156 	EXP 	Created rec_trial_text = TextStim(__class__=<class 'psychopy.visual.text.TextStim'>, alignHoriz=method-wrapper(...), alignText='center', alignVert=method-wrapper(...), anchorHoriz='center', anchorVert='center', antialias=True, autoLog=True, bold=False, color='black', colorSpace='named', contrast=1.0, depth=-3.0, flipHoriz=False, flipVert=False, font='Arial', fontFiles=[], height=0.045, italic=False, languageStyle='LTR', name='rec_trial_text', opacity=1.0, ori=0, pos=array([0.  , 0.45]), rgb=array([0., 0., 0.]), text='default text', units='height', win=Window(...), wrapWidth=1)
5.8175 	EXP 	Created end_rec_run_text = TextStim(__class__=<class 'psychopy.visual.text.TextStim'>, alignHoriz=method-wrapper(...), alignText='center', alignVert=method-wrapper(...), anchorHoriz='center', anchorVert='center', antialias=True, autoLog=True, bold=False, color='black', colorSpace='named', contrast=1.0, depth=0.0, flipHoriz=False, flipVert=False, font='Arial', fontFiles=[], height=0.1, italic=False, languageStyle='LTR', name='end_rec_run_text', opacity=1.0, ori=0, pos=array([0., 0.]), rgb=array([0., 0., 0.]), text='default text', units='height', win=Window(...), wrapWidth=1)
5.8194 	EXP 	lab_thanks: autoDraw = True
11.9893 	DATA 	Keypress: right
11.9959 	EXP 	lab_thanks: autoDraw = False
11.9959 	EXP 	start_encoding_text: text = 'Első feladat\nGaléria berendezés'
11.9959 	EXP 	start_encoding_text: autoDraw = True
12.4114 	DATA 	Keypress: right
13.4975 	EXP 	start_encoding_text: autoDraw = False
13.4975 	EXP 	start_encoding_text: autoDraw = False
13.4975 	EXP 	enc_instructions_1_text: autoDraw = True
13.4975 	EXP 	enc_instructions_1_image: autoDraw = True
14.1032 	DATA 	Keypress: right
14.1090 	EXP 	enc_instructions_1_text: autoDraw = False
14.1090 	EXP 	enc_instructions_1_image: autoDraw = False
14.1090 	EXP 	enc_instructions_2_text: autoDraw = True
14.1090 	EXP 	enc_instructions_2_image: autoDraw = True
14.6347 	DATA 	Keypress: right
14.6363 	EXP 	enc_instructions_2_text: autoDraw = False
14.6363 	EXP 	enc_instructions_2_image: autoDraw = False
14.6363 	EXP 	enc_instructions_3_text: autoDraw = True
15.1173 	DATA 	Keypress: right
15.1186 	EXP 	enc_instructions_3_text: autoDraw = False
15.1186 	EXP 	start_practice_text: autoDraw = True
15.8028 	DATA 	Keypress: right
16.1255 	EXP 	Imported encoding_practice_trials.csv as conditions, 5 conditions, 9 params
16.1258 	EXP 	Created sequence: random, trialTypes=5, nReps=1, seed=None
16.1262 	EXP 	New trial (rep=0, index=0): OrderedDict([('Task', 'EncodingPractice'), ('TrialType', 'LOC'), ('StimType', 'LURE'), ('Order', 1), ('CurrentImage', 'stimuli/fractals/159a.jpg'), ('CurrentX', 0.0), ('CurrentY', 300.0), ('Jitter', 5000), ('Section', 'Encoding')])
16.1302 	EXP 	start_practice_text: autoDraw = False
16.1302 	EXP 	start_practice_text: autoDraw = False
16.1302 	EXP 	enc_fx_cross: pos = array([  0., 300.])
16.1302 	EXP 	enc_fx_map: autoDraw = True
16.1302 	EXP 	enc_fx_cross: autoDraw = True
16.5972 	DATA 	Keypress: right
21.2128 	EXP 	enc_fx_map: autoDraw = False
21.2128 	EXP 	enc_fx_cross: autoDraw = False
21.2128 	EXP 	enc_fx_map: autoDraw = False
21.2128 	EXP 	enc_fx_cross: autoDraw = False
21.2128 	EXP 	enc_trial_main_image: pos = array([  0., 300.])
21.2128 	EXP 	enc_trial_main_image: image = 'stimuli/fractals/159a.jpg'
21.2128 	EXP 	enc_trial_map: autoDraw = True
21.2128 	EXP 	enc_trial_main_image: autoDraw = True
24.2193 	EXP 	enc_trial_map: autoDraw = False
24.2193 	EXP 	enc_trial_main_image: autoDraw = False
24.2193 	EXP 	enc_practice_feedback_image: pos = array([  0., 300.])
24.2193 	EXP 	enc_practice_feedback_image: image = 'stimuli/fractals/159a.jpg'
24.2193 	EXP 	enc_practice_feedback_text: text = 'Nem adott választ.'
24.2193 	EXP 	enc_practice_feedback_map: autoDraw = True
24.2193 	EXP 	enc_practice_feedback_image: autoDraw = True
24.2193 	EXP 	enc_practice_feedback_text: autoDraw = True
25.1376 	EXP 	New trial (rep=0, index=1): OrderedDict([('Task', 'EncodingPractice'), ('TrialType', 'OBJ'), ('StimType', 'TARGET'), ('Order', 1), ('CurrentImage', 'stimuli/fractals/167a.jpg'), ('CurrentX', 300.0), ('CurrentY', 0.0), ('Jitter', 500), ('Section', 'Encoding')])
25.1425 	EXP 	enc_practice_feedback_map: autoDraw = False
25.1425 	EXP 	enc_practice_feedback_image: autoDraw = False
25.1425 	EXP 	enc_practice_feedback_text: autoDraw = False
25.1425 	EXP 	enc_fx_cross: pos = array([300.,   0.])
25.1425 	EXP 	enc_fx_map: autoDraw = True
25.1425 	EXP 	enc_fx_cross: autoDraw = True
25.7149 	EXP 	enc_fx_map: autoDraw = False
25.7149 	EXP 	enc_fx_cross: autoDraw = False
25.7149 	EXP 	enc_fx_map: autoDraw = False
25.7149 	EXP 	enc_fx_cross: autoDraw = False
25.7149 	EXP 	enc_trial_main_image: pos = array([300.,   0.])
25.7149 	EXP 	enc_trial_main_image: image = 'stimuli/fractals/167a.jpg'
25.7149 	EXP 	enc_trial_map: autoDraw = True
25.7149 	EXP 	enc_trial_main_image: autoDraw = True
28.7124 	DATA 	Keypress: right
28.7190 	EXP 	enc_trial_map: autoDraw = False
28.7190 	EXP 	enc_trial_main_image: autoDraw = False
28.7190 	EXP 	enc_practice_feedback_image: pos = array([300.,   0.])
28.7190 	EXP 	enc_practice_feedback_image: image = 'stimuli/fractals/167a.jpg'
28.7190 	EXP 	enc_practice_feedback_text: text = 'Nem adott választ.'
28.7190 	EXP 	enc_practice_feedback_map: autoDraw = True
28.7190 	EXP 	enc_practice_feedback_image: autoDraw = True
28.7190 	EXP 	enc_practice_feedback_text: autoDraw = True
29.6455 	EXP 	New trial (rep=0, index=2): OrderedDict([('Task', 'EncodingPractice'), ('TrialType', '-'), ('StimType', '-'), ('Order', 1), ('CurrentImage', 'stimuli/fractals/177b.jpg'), ('CurrentX', 300.0), ('CurrentY', 0.0), ('Jitter', 800), ('Section', 'Encoding')])
29.6501 	EXP 	enc_practice_feedback_map: autoDraw = False
29.6501 	EXP 	enc_practice_feedback_image: autoDraw = False
29.6501 	EXP 	enc_practice_feedback_text: autoDraw = False
29.6501 	EXP 	enc_fx_cross: pos = array([300.,   0.])
29.6501 	EXP 	enc_fx_map: autoDraw = True
29.6501 	EXP 	enc_fx_cross: autoDraw = True
30.5265 	EXP 	enc_fx_map: autoDraw = False
30.5265 	EXP 	enc_fx_cross: autoDraw = False
30.5265 	EXP 	enc_fx_map: autoDraw = False
30.5265 	EXP 	enc_fx_cross: autoDraw = False
30.5265 	EXP 	enc_trial_main_image: pos = array([300.,   0.])
30.5265 	EXP 	enc_trial_main_image: image = 'stimuli/fractals/177b.jpg'
30.5265 	EXP 	enc_trial_map: autoDraw = True
30.5265 	EXP 	enc_trial_main_image: autoDraw = True
33.5311 	EXP 	enc_trial_map: autoDraw = False
33.5311 	EXP 	enc_trial_main_image: autoDraw = False
33.5311 	EXP 	enc_practice_feedback_image: pos = array([300.,   0.])
33.5311 	EXP 	enc_practice_feedback_image: image = 'stimuli/fractals/177b.jpg'
33.5311 	EXP 	enc_practice_feedback_text: text = 'Nem adott választ.'
33.5311 	EXP 	enc_practice_feedback_map: autoDraw = True
33.5311 	EXP 	enc_practice_feedback_image: autoDraw = True
33.5311 	EXP 	enc_practice_feedback_text: autoDraw = True
34.4544 	EXP 	New trial (rep=0, index=3): OrderedDict([('Task', 'EncodingPractice'), ('TrialType', 'LOC'), ('StimType', 'TARGET'), ('Order', 1), ('CurrentImage', 'stimuli/fractals/166a.jpg'), ('CurrentX', -300.0), ('CurrentY', 0.0), ('Jitter', 1500), ('Section', 'Encoding')])
34.4591 	EXP 	enc_practice_feedback_map: autoDraw = False
34.4591 	EXP 	enc_practice_feedback_image: autoDraw = False
34.4591 	EXP 	enc_practice_feedback_text: autoDraw = False
34.4591 	EXP 	enc_fx_cross: pos = array([-300.,    0.])
34.4591 	EXP 	enc_fx_map: autoDraw = True
34.4591 	EXP 	enc_fx_cross: autoDraw = True
36.0294 	EXP 	enc_fx_map: autoDraw = False
36.0294 	EXP 	enc_fx_cross: autoDraw = False
36.0294 	EXP 	enc_fx_map: autoDraw = False
36.0294 	EXP 	enc_fx_cross: autoDraw = False
36.0294 	EXP 	enc_trial_main_image: pos = array([-300.,    0.])
36.0294 	EXP 	enc_trial_main_image: image = 'stimuli/fractals/166a.jpg'
36.0294 	EXP 	enc_trial_map: autoDraw = True
36.0294 	EXP 	enc_trial_main_image: autoDraw = True
39.0362 	EXP 	enc_trial_map: autoDraw = False
39.0362 	EXP 	enc_trial_main_image: autoDraw = False
39.0362 	EXP 	enc_practice_feedback_image: pos = array([-300.,    0.])
39.0362 	EXP 	enc_practice_feedback_image: image = 'stimuli/fractals/166a.jpg'
39.0362 	EXP 	enc_practice_feedback_text: text = 'Nem adott választ.'
39.0362 	EXP 	enc_practice_feedback_map: autoDraw = True
39.0362 	EXP 	enc_practice_feedback_image: autoDraw = True
39.0362 	EXP 	enc_practice_feedback_text: autoDraw = True
39.9642 	EXP 	New trial (rep=0, index=4): OrderedDict([('Task', 'EncodingPractice'), ('TrialType', 'LOC'), ('StimType', 'FOIL'), ('Order', 1), ('CurrentImage', 'stimuli/fractals/148b.jpg'), ('CurrentX', 212.1320344), ('CurrentY', 212.1320344), ('Jitter', 1000), ('Section', 'Encoding')])
39.9687 	EXP 	enc_practice_feedback_map: autoDraw = False
39.9687 	EXP 	enc_practice_feedback_image: autoDraw = False
39.9687 	EXP 	enc_practice_feedback_text: autoDraw = False
39.9687 	EXP 	enc_fx_cross: pos = array([212.1320344, 212.1320344])
39.9687 	EXP 	enc_fx_map: autoDraw = True
39.9687 	EXP 	enc_fx_cross: autoDraw = True
41.0403 	EXP 	enc_fx_map: autoDraw = False
41.0403 	EXP 	enc_fx_cross: autoDraw = False
41.0403 	EXP 	enc_fx_map: autoDraw = False
41.0403 	EXP 	enc_fx_cross: autoDraw = False
41.0403 	EXP 	enc_trial_main_image: pos = array([212.1320344, 212.1320344])
41.0403 	EXP 	enc_trial_main_image: image = 'stimuli/fractals/148b.jpg'
41.0403 	EXP 	enc_trial_map: autoDraw = True
41.0403 	EXP 	enc_trial_main_image: autoDraw = True
44.0418 	EXP 	enc_trial_map: autoDraw = False
44.0418 	EXP 	enc_trial_main_image: autoDraw = False
44.0418 	EXP 	enc_practice_feedback_image: pos = array([212.1320344, 212.1320344])
44.0418 	EXP 	enc_practice_feedback_image: image = 'stimuli/fractals/148b.jpg'
44.0418 	EXP 	enc_practice_feedback_text: text = 'Nem adott választ.'
44.0418 	EXP 	enc_practice_feedback_map: autoDraw = True
44.0418 	EXP 	enc_practice_feedback_image: autoDraw = True
44.0418 	EXP 	enc_practice_feedback_text: autoDraw = True
44.9733 	EXP 	enc_practice_feedback_map: autoDraw = False
44.9733 	EXP 	enc_practice_feedback_image: autoDraw = False
44.9733 	EXP 	enc_practice_feedback_text: autoDraw = False
44.9733 	EXP 	end_practice_text: autoDraw = True
60.8802 	DATA 	Keypress: right
60.8808 	EXP 	Created sequence: sequential, trialTypes=1, nReps=3, seed=None
60.8812 	EXP 	New trial (rep=0, index=0): None
60.8832 	EXP 	end_practice_text: autoDraw = False
60.8832 	EXP 	start_enc_run_text: autoDraw = True
62.9505 	EXP 	Imported stimuli_tables/encoding_trials_0.csv as conditions, 2 conditions, 20 params
62.9515 	EXP 	Created sequence: sequential, trialTypes=2, nReps=1, seed=None
62.9523 	EXP 	New trial (rep=0, index=0): OrderedDict([('TrialIndex', 1), ('Jitter', 2000), ('ScannerRun', 1), ('StimType', 'OLP'), ('Order', 1), ('Delay', 3), ('CurrentImage', 'stimuli/fractals/101b.jpg'), ('CurrentX', 212.1320344), ('CurrentY', 212.1320344), ('TripletMemberA', 'stimuli/fractals/101b.jpg'), ('TripletMemberB', 'stimuli/fractals/101a.jpg'), ('TripletMemberC', 'stimuli/fractals/101c.jpg'), ('Xcoordinate', 212.1320344), ('Ycoordinate', 212.1320344), ('Xcoordinate_lure1', 0.0), ('Ycoordinate_lure1', 300.0), ('Xcoordinate_lure2', 300.0), ('Ycoordinate_lure2', 0.0), ('Xcoordinate_foil', -212.1320344), ('Ycoordinate_foil', -212.1320344)])
62.9572 	EXP 	start_enc_run_text: autoDraw = False
62.9572 	EXP 	start_enc_run_text: autoDraw = False
62.9572 	EXP 	enc_fx_cross: pos = array([212.1320344, 212.1320344])
62.9572 	EXP 	enc_fx_map: autoDraw = True
62.9572 	EXP 	enc_fx_cross: autoDraw = True
65.0292 	EXP 	enc_fx_map: autoDraw = False
65.0292 	EXP 	enc_fx_cross: autoDraw = False
65.0292 	EXP 	enc_fx_map: autoDraw = False
65.0292 	EXP 	enc_fx_cross: autoDraw = False
65.0292 	EXP 	enc_trial_main_image: pos = array([212.1320344, 212.1320344])
65.0292 	EXP 	enc_trial_main_image: image = 'stimuli/fractals/101b.jpg'
65.0292 	EXP 	enc_trial_map: autoDraw = True
65.0292 	EXP 	enc_trial_main_image: autoDraw = True
67.9626 	EXP 	New trial (rep=0, index=1): OrderedDict([('TrialIndex', 2), ('Jitter', 6000), ('ScannerRun', 1), ('StimType', 'OLP'), ('Order', 1), ('Delay', 3), ('CurrentImage', 'stimuli/fractals/97b.jpg'), ('CurrentX', 212.1320344), ('CurrentY', -212.1320344), ('TripletMemberA', 'stimuli/fractals/97b.jpg'), ('TripletMemberB', 'stimuli/fractals/97c.jpg'), ('TripletMemberC', 'stimuli/fractals/97a.jpg'), ('Xcoordinate', 212.1320344), ('Ycoordinate', -212.1320344), ('Xcoordinate_lure1', 0.0), ('Ycoordinate_lure1', -300.0), ('Xcoordinate_lure2', 300.0), ('Ycoordinate_lure2', 0.0), ('Xcoordinate_foil', -212.1320344), ('Ycoordinate_foil', 212.1320344)])
67.9674 	EXP 	enc_trial_map: autoDraw = False
67.9674 	EXP 	enc_trial_main_image: autoDraw = False
67.9674 	EXP 	enc_fx_cross: pos = array([ 212.1320344, -212.1320344])
67.9674 	EXP 	enc_fx_map: autoDraw = True
67.9674 	EXP 	enc_fx_cross: autoDraw = True
71.6588 	DATA 	Keypress: right
74.0394 	EXP 	enc_fx_map: autoDraw = False
74.0394 	EXP 	enc_fx_cross: autoDraw = False
74.0394 	EXP 	enc_fx_map: autoDraw = False
74.0394 	EXP 	enc_fx_cross: autoDraw = False
74.0394 	EXP 	enc_trial_main_image: pos = array([ 212.1320344, -212.1320344])
74.0394 	EXP 	enc_trial_main_image: image = 'stimuli/fractals/97b.jpg'
74.0394 	EXP 	enc_trial_map: autoDraw = True
74.0394 	EXP 	enc_trial_main_image: autoDraw = True
76.9870 	EXP 	enc_trial_map: autoDraw = False
76.9870 	EXP 	enc_trial_main_image: autoDraw = False
76.9870 	EXP 	end_enc_run_text: text = 'Szünet\nA folytatáshoz nyomja le a jobb nyilat'
76.9870 	EXP 	end_enc_run_text: autoDraw = True
85.0691 	DATA 	Keypress: right
85.0710 	EXP 	New trial (rep=1, index=0): None
85.0729 	EXP 	end_enc_run_text: autoDraw = False
85.0729 	EXP 	start_enc_run_text: autoDraw = True
85.6642 	DATA 	Keypress: right
87.1423 	EXP 	Imported stimuli_tables/encoding_trials_0.csv as conditions, 2 conditions, 20 params
87.1433 	EXP 	Created sequence: sequential, trialTypes=2, nReps=1, seed=None
87.1441 	EXP 	New trial (rep=0, index=0): OrderedDict([('TrialIndex', 3), ('Jitter', 2000), ('ScannerRun', 1), ('StimType', 'LLP'), ('Order', 1), ('Delay', 5), ('CurrentImage', 'stimuli/fractals/76b.jpg'), ('CurrentX', 212.1320344), ('CurrentY', 212.1320344), ('TripletMemberA', 'stimuli/fractals/76b.jpg'), ('TripletMemberB', 'stimuli/fractals/76c.jpg'), ('TripletMemberC', 'stimuli/fractals/76a.jpg'), ('Xcoordinate', 212.1320344), ('Ycoordinate', 212.1320344), ('Xcoordinate_lure1', 300.0), ('Ycoordinate_lure1', 0.0), ('Xcoordinate_lure2', 0.0), ('Ycoordinate_lure2', 300.0), ('Xcoordinate_foil', -212.1320344), ('Ycoordinate_foil', -212.1320344)])
87.1490 	EXP 	start_enc_run_text: autoDraw = False
87.1490 	EXP 	start_enc_run_text: autoDraw = False
87.1490 	EXP 	enc_fx_cross: pos = array([212.1320344, 212.1320344])
87.1490 	EXP 	enc_fx_map: autoDraw = True
87.1490 	EXP 	enc_fx_cross: autoDraw = True
87.8984 	DATA 	Keypress: right
89.2201 	EXP 	enc_fx_map: autoDraw = False
89.2201 	EXP 	enc_fx_cross: autoDraw = False
89.2201 	EXP 	enc_fx_map: autoDraw = False
89.2201 	EXP 	enc_fx_cross: autoDraw = False
89.2201 	EXP 	enc_trial_main_image: pos = array([212.1320344, 212.1320344])
89.2201 	EXP 	enc_trial_main_image: image = 'stimuli/fractals/76b.jpg'
89.2201 	EXP 	enc_trial_map: autoDraw = True
89.2201 	EXP 	enc_trial_main_image: autoDraw = True
92.1534 	EXP 	New trial (rep=0, index=1): OrderedDict([('TrialIndex', 4), ('Jitter', 1000), ('ScannerRun', 1), ('StimType', 'ERP'), ('Order', 1), ('Delay', 2), ('CurrentImage', 'stimuli/fractals/19a.jpg'), ('CurrentX', 212.1320344), ('CurrentY', -212.1320344), ('TripletMemberA', 'stimuli/fractals/19a.jpg'), ('TripletMemberB', 'stimuli/fractals/19c.jpg'), ('TripletMemberC', 'stimuli/fractals/19b.jpg'), ('Xcoordinate', 212.1320344), ('Ycoordinate', -212.1320344), ('Xcoordinate_lure1', 300.0), ('Ycoordinate_lure1', 0.0), ('Xcoordinate_lure2', 0.0), ('Ycoordinate_lure2', -300.0), ('Xcoordinate_foil', -300.0), ('Ycoordinate_foil', 0.0)])
92.1582 	EXP 	enc_trial_map: autoDraw = False
92.1582 	EXP 	enc_trial_main_image: autoDraw = False
92.1582 	EXP 	enc_fx_cross: pos = array([ 212.1320344, -212.1320344])
92.1582 	EXP 	enc_fx_map: autoDraw = True
92.1582 	EXP 	enc_fx_cross: autoDraw = True
93.2305 	EXP 	enc_fx_map: autoDraw = False
93.2305 	EXP 	enc_fx_cross: autoDraw = False
93.2305 	EXP 	enc_fx_map: autoDraw = False
93.2305 	EXP 	enc_fx_cross: autoDraw = False
93.2305 	EXP 	enc_trial_main_image: pos = array([ 212.1320344, -212.1320344])
93.2305 	EXP 	enc_trial_main_image: image = 'stimuli/fractals/19a.jpg'
93.2305 	EXP 	enc_trial_map: autoDraw = True
93.2305 	EXP 	enc_trial_main_image: autoDraw = True
96.1669 	EXP 	enc_trial_map: autoDraw = False
96.1669 	EXP 	enc_trial_main_image: autoDraw = False
96.1669 	EXP 	end_enc_run_text: text = 'Szünet\nA folytatáshoz nyomja le a jobb nyilat'
96.1669 	EXP 	end_enc_run_text: autoDraw = True
97.1733 	DATA 	Keypress: right
97.1747 	EXP 	New trial (rep=2, index=0): None
97.1765 	EXP 	end_enc_run_text: autoDraw = False
97.1765 	EXP 	start_enc_run_text: autoDraw = True
99.2435 	EXP 	Imported stimuli_tables/encoding_trials_0.csv as conditions, 2 conditions, 20 params
99.2445 	EXP 	Created sequence: sequential, trialTypes=2, nReps=1, seed=None
99.2453 	EXP 	New trial (rep=0, index=0): OrderedDict([('TrialIndex', 5), ('Jitter', 5000), ('ScannerRun', 1), ('StimType', 'OLP'), ('Order', 2), ('Delay', 0), ('CurrentImage', 'stimuli/fractals/101a.jpg'), ('CurrentX', 212.1320344), ('CurrentY', 212.1320344), ('TripletMemberA', 'stimuli/fractals/101b.jpg'), ('TripletMemberB', 'stimuli/fractals/101a.jpg'), ('TripletMemberC', 'stimuli/fractals/101c.jpg'), ('Xcoordinate', 212.1320344), ('Ycoordinate', 212.1320344), ('Xcoordinate_lure1', 0.0), ('Ycoordinate_lure1', 300.0), ('Xcoordinate_lure2', 300.0), ('Ycoordinate_lure2', 0.0), ('Xcoordinate_foil', -212.1320344), ('Ycoordinate_foil', -212.1320344)])
99.2502 	EXP 	start_enc_run_text: autoDraw = False
99.2502 	EXP 	start_enc_run_text: autoDraw = False
99.2502 	EXP 	enc_fx_cross: pos = array([212.1320344, 212.1320344])
99.2502 	EXP 	enc_fx_map: autoDraw = True
99.2502 	EXP 	enc_fx_cross: autoDraw = True
102.0414 	DATA 	Keypress: right
104.3237 	EXP 	enc_fx_map: autoDraw = False
104.3237 	EXP 	enc_fx_cross: autoDraw = False
104.3237 	EXP 	enc_fx_map: autoDraw = False
104.3237 	EXP 	enc_fx_cross: autoDraw = False
104.3237 	EXP 	enc_trial_main_image: pos = array([212.1320344, 212.1320344])
104.3237 	EXP 	enc_trial_main_image: image = 'stimuli/fractals/101a.jpg'
104.3237 	EXP 	enc_trial_map: autoDraw = True
104.3237 	EXP 	enc_trial_main_image: autoDraw = True
107.2579 	EXP 	New trial (rep=0, index=1): OrderedDict([('TrialIndex', 6), ('Jitter', 3000), ('ScannerRun', 1), ('StimType', 'OLP'), ('Order', 2), ('Delay', 0), ('CurrentImage', 'stimuli/fractals/97c.jpg'), ('CurrentX', 212.1320344), ('CurrentY', -212.1320344), ('TripletMemberA', 'stimuli/fractals/97b.jpg'), ('TripletMemberB', 'stimuli/fractals/97c.jpg'), ('TripletMemberC', 'stimuli/fractals/97a.jpg'), ('Xcoordinate', 212.1320344), ('Ycoordinate', -212.1320344), ('Xcoordinate_lure1', 0.0), ('Ycoordinate_lure1', -300.0), ('Xcoordinate_lure2', 300.0), ('Ycoordinate_lure2', 0.0), ('Xcoordinate_foil', -212.1320344), ('Ycoordinate_foil', 212.1320344)])
107.2627 	EXP 	enc_trial_map: autoDraw = False
107.2627 	EXP 	enc_trial_main_image: autoDraw = False
107.2627 	EXP 	enc_fx_cross: pos = array([ 212.1320344, -212.1320344])
107.2627 	EXP 	enc_fx_map: autoDraw = True
107.2627 	EXP 	enc_fx_cross: autoDraw = True
110.3341 	EXP 	enc_fx_map: autoDraw = False
110.3341 	EXP 	enc_fx_cross: autoDraw = False
110.3341 	EXP 	enc_fx_map: autoDraw = False
110.3341 	EXP 	enc_fx_cross: autoDraw = False
110.3341 	EXP 	enc_trial_main_image: pos = array([ 212.1320344, -212.1320344])
110.3341 	EXP 	enc_trial_main_image: image = 'stimuli/fractals/97c.jpg'
110.3341 	EXP 	enc_trial_map: autoDraw = True
110.3341 	EXP 	enc_trial_main_image: autoDraw = True
111.2856 	DATA 	Keypress: right
113.2750 	EXP 	enc_trial_map: autoDraw = False
113.2750 	EXP 	enc_trial_main_image: autoDraw = False
113.2750 	EXP 	end_enc_run_text: text = 'Vége az első feladatnak'
113.2750 	EXP 	end_enc_run_text: autoDraw = True
114.1304 	DATA 	Keypress: right
114.1333 	EXP 	end_enc_run_text: autoDraw = False
114.1333 	EXP 	start_recognition_text: autoDraw = True
116.1337 	EXP 	start_recognition_text: autoDraw = False
116.1337 	EXP 	start_recognition_text: autoDraw = False
116.1337 	EXP 	rec_instructions_1_text: autoDraw = True
117.3191 	DATA 	Keypress: right
117.3213 	EXP 	rec_instructions_1_text: autoDraw = False
117.3213 	EXP 	rec_instructions2_text: autoDraw = True
118.4976 	DATA 	Keypress: right
118.5017 	EXP 	rec_instructions2_text: autoDraw = False
118.5017 	EXP 	rec_instrauction_3_text: autoDraw = True
119.4136 	DATA 	Keypress: right
119.4173 	EXP 	rec_instrauction_3_text: autoDraw = False
119.4173 	EXP 	rec_instructions_4_text: autoDraw = True
121.1535 	DATA 	Keypress: right
121.1637 	EXP 	Imported stimuli_demo.csv as conditions, 10 conditions, 12 params
121.1642 	EXP 	Created sequence: sequential, trialTypes=10, nReps=1, seed=None
121.1649 	EXP 	New trial (rep=0, index=0): OrderedDict([('Task', 'Demo'), ('TrialType', 'OBJ'), ('StimType', 'LURE'), ('CurrentImage', 'stimuli/fractals//181b.jpg'), ('DemoImage', 'stimuli/fractals//181c.jpg'), ('CurrentX', 300.0), ('CurrentY', 0.0), ('DemoX', -300.0), ('DemoY', 0.0), ('InPractice', '-'), ('DemoText', 'Hasonló Képek'), ('Jitter', 2300)])
121.3150 	EXP 	rec_instructions_4_text: autoDraw = False
121.3150 	EXP 	demo_main_image: pos = array([300.,   0.])
121.3150 	EXP 	demo_main_image: image = 'stimuli/fractals//181b.jpg'
121.3150 	EXP 	demo_image: pos = array([-300.,    0.])
121.3150 	EXP 	demo_image: image = 'stimuli/fractals//181c.jpg'
121.3150 	EXP 	demo_text: text = 'Hasonló Képek'
121.3150 	EXP 	demo_map: autoDraw = True
121.3150 	EXP 	demo_main_image: autoDraw = True
121.3150 	EXP 	demo_image: autoDraw = True
121.3150 	EXP 	demo_text: autoDraw = True
123.7056 	DATA 	Keypress: right
123.7130 	EXP 	New trial (rep=0, index=1): OrderedDict([('Task', 'Demo'), ('TrialType', 'OBJ'), ('StimType', 'LURE'), ('CurrentImage', 'stimuli/fractals//149a.jpg'), ('DemoImage', 'stimuli/fractals//149b.jpg'), ('CurrentX', 300.0), ('CurrentY', 0.0), ('DemoX', -300.0), ('DemoY', 0.0), ('InPractice', '-'), ('DemoText', 'Hasonló Képek'), ('Jitter', 1000)])
123.8529 	EXP 	demo_map: autoDraw = False
123.8529 	EXP 	demo_main_image: autoDraw = False
123.8529 	EXP 	demo_image: autoDraw = False
123.8529 	EXP 	demo_text: autoDraw = False
123.8529 	EXP 	demo_main_image: pos = array([300.,   0.])
123.8529 	EXP 	demo_main_image: image = 'stimuli/fractals//149a.jpg'
123.8529 	EXP 	demo_image: pos = array([-300.,    0.])
123.8529 	EXP 	demo_image: image = 'stimuli/fractals//149b.jpg'
123.8529 	EXP 	demo_text: text = 'Hasonló Képek'
123.8529 	EXP 	demo_map: autoDraw = True
123.8529 	EXP 	demo_main_image: autoDraw = True
123.8529 	EXP 	demo_image: autoDraw = True
123.8529 	EXP 	demo_text: autoDraw = True
125.9380 	DATA 	Keypress: right
125.9400 	EXP 	New trial (rep=0, index=2): OrderedDict([('Task', 'Demo'), ('TrialType', 'OBJ'), ('StimType', 'LURE'), ('CurrentImage', 'stimuli/fractals//177b.jpg'), ('DemoImage', 'stimuli/fractals//177c.jpg'), ('CurrentX', 300.0), ('CurrentY', 0.0), ('DemoX', -300.0), ('DemoY', 0.0), ('InPractice', '-'), ('DemoText', 'Hasonló Képek'), ('Jitter', 800)])
126.0874 	EXP 	demo_map: autoDraw = False
126.0874 	EXP 	demo_main_image: autoDraw = False
126.0874 	EXP 	demo_image: autoDraw = False
126.0874 	EXP 	demo_text: autoDraw = False
126.0874 	EXP 	demo_main_image: pos = array([300.,   0.])
126.0874 	EXP 	demo_main_image: image = 'stimuli/fractals//177b.jpg'
126.0874 	EXP 	demo_image: pos = array([-300.,    0.])
126.0874 	EXP 	demo_image: image = 'stimuli/fractals//177c.jpg'
126.0874 	EXP 	demo_text: text = 'Hasonló Képek'
126.0874 	EXP 	demo_map: autoDraw = True
126.0874 	EXP 	demo_main_image: autoDraw = True
126.0874 	EXP 	demo_image: autoDraw = True
126.0874 	EXP 	demo_text: autoDraw = True
126.9047 	DATA 	Keypress: right
128.6988 	DATA 	Keypress: right
128.7049 	EXP 	New trial (rep=0, index=3): OrderedDict([('Task', 'Demo'), ('TrialType', 'OBJ'), ('StimType', 'LURE'), ('CurrentImage', 'stimuli/fractals//167a.jpg'), ('DemoImage', 'stimuli/fractals//167b.jpg'), ('CurrentX', 300.0), ('CurrentY', 0.0), ('DemoX', -300.0), ('DemoY', 0.0), ('InPractice', 'OBJ-TARGET'), ('DemoText', 'Hasonló Képek'), ('Jitter', 1500)])
128.8377 	EXP 	demo_map: autoDraw = False
128.8377 	EXP 	demo_main_image: autoDraw = False
128.8377 	EXP 	demo_image: autoDraw = False
128.8377 	EXP 	demo_text: autoDraw = False
128.8377 	EXP 	demo_main_image: pos = array([300.,   0.])
128.8377 	EXP 	demo_main_image: image = 'stimuli/fractals//167a.jpg'
128.8377 	EXP 	demo_image: pos = array([-300.,    0.])
128.8377 	EXP 	demo_image: image = 'stimuli/fractals//167b.jpg'
128.8377 	EXP 	demo_text: text = 'Hasonló Képek'
128.8377 	EXP 	demo_map: autoDraw = True
128.8377 	EXP 	demo_main_image: autoDraw = True
128.8377 	EXP 	demo_image: autoDraw = True
128.8377 	EXP 	demo_text: autoDraw = True
129.8545 	DATA 	Keypress: right
132.5573 	DATA 	Keypress: right
132.5594 	EXP 	New trial (rep=0, index=4): OrderedDict([('Task', 'Demo'), ('TrialType', 'OBJ'), ('StimType', 'FOIL'), ('CurrentImage', 'stimuli/fractals//163a.jpg'), ('DemoImage', 'stimuli/fractals//173c.jpg'), ('CurrentX', 300.0), ('CurrentY', 0.0), ('DemoX', -300.0), ('DemoY', 0.0), ('InPractice', '-'), ('DemoText', 'Új Képek'), ('Jitter', 600)])
132.6975 	EXP 	demo_map: autoDraw = False
132.6975 	EXP 	demo_main_image: autoDraw = False
132.6975 	EXP 	demo_image: autoDraw = False
132.6975 	EXP 	demo_text: autoDraw = False
132.6975 	EXP 	demo_main_image: pos = array([300.,   0.])
132.6975 	EXP 	demo_main_image: image = 'stimuli/fractals//163a.jpg'
132.6975 	EXP 	demo_image: pos = array([-300.,    0.])
132.6975 	EXP 	demo_image: image = 'stimuli/fractals//173c.jpg'
132.6975 	EXP 	demo_text: text = 'Új Képek'
132.6975 	EXP 	demo_map: autoDraw = True
132.6975 	EXP 	demo_main_image: autoDraw = True
132.6975 	EXP 	demo_image: autoDraw = True
132.6975 	EXP 	demo_text: autoDraw = True
133.8253 	DATA 	Keypress: right
136.4419 	DATA 	Keypress: right
136.4444 	EXP 	New trial (rep=0, index=5): OrderedDict([('Task', 'Demo'), ('TrialType', 'LOC'), ('StimType', 'LURE'), ('CurrentImage', 'stimuli/fractals//166a.jpg'), ('DemoImage', 'stimuli/fractals//166a.jpg'), ('CurrentX', -300.0), ('CurrentY', 0.0), ('DemoX', -212.1320344), ('DemoY', -212.1320344), ('InPractice', 'LOC-TARGET, OBJ-LURE'), ('DemoText', 'Hasonló Helyek'), ('Jitter', 800)])
136.5828 	EXP 	demo_map: autoDraw = False
136.5828 	EXP 	demo_main_image: autoDraw = False
136.5828 	EXP 	demo_image: autoDraw = False
136.5828 	EXP 	demo_text: autoDraw = False
136.5828 	EXP 	demo_main_image: pos = array([-300.,    0.])
136.5828 	EXP 	demo_main_image: image = 'stimuli/fractals//166a.jpg'
136.5828 	EXP 	demo_image: pos = array([-212.1320344, -212.1320344])
136.5828 	EXP 	demo_image: image = 'stimuli/fractals//166a.jpg'
136.5828 	EXP 	demo_text: text = 'Hasonló Helyek'
136.5828 	EXP 	demo_map: autoDraw = True
136.5828 	EXP 	demo_main_image: autoDraw = True
136.5828 	EXP 	demo_image: autoDraw = True
136.5828 	EXP 	demo_text: autoDraw = True
137.5405 	DATA 	Keypress: right
138.7198 	DATA 	Keypress: right
138.7219 	EXP 	New trial (rep=0, index=6): OrderedDict([('Task', 'Demo'), ('TrialType', 'LOC'), ('StimType', 'LURE'), ('CurrentImage', 'stimuli/fractals//159a.jpg'), ('DemoImage', 'stimuli/fractals//159a.jpg'), ('CurrentX', 0.0), ('CurrentY', 300.0), ('DemoX', -212.1320344), ('DemoY', 212.1320344), ('InPractice', 'LOC-LURE'), ('DemoText', 'Hasonló Helyek'), ('Jitter', 1500)])
138.8679 	EXP 	demo_map: autoDraw = False
138.8679 	EXP 	demo_main_image: autoDraw = False
138.8679 	EXP 	demo_image: autoDraw = False
138.8679 	EXP 	demo_text: autoDraw = False
138.8679 	EXP 	demo_main_image: pos = array([  0., 300.])
138.8679 	EXP 	demo_main_image: image = 'stimuli/fractals//159a.jpg'
138.8679 	EXP 	demo_image: pos = array([-212.1320344,  212.1320344])
138.8679 	EXP 	demo_image: image = 'stimuli/fractals//159a.jpg'
138.8679 	EXP 	demo_text: text = 'Hasonló Helyek'
138.8679 	EXP 	demo_map: autoDraw = True
138.8679 	EXP 	demo_main_image: autoDraw = True
138.8679 	EXP 	demo_image: autoDraw = True
138.8679 	EXP 	demo_text: autoDraw = True
139.8776 	DATA 	Keypress: right
141.1745 	DATA 	Keypress: right
141.1765 	EXP 	New trial (rep=0, index=7): OrderedDict([('Task', 'Demo'), ('TrialType', 'LOC'), ('StimType', 'LURE'), ('CurrentImage', 'stimuli/fractals//148b.jpg'), ('DemoImage', 'stimuli/fractals//148b.jpg'), ('CurrentX', 212.1320344), ('CurrentY', 212.1320344), ('DemoX', 0.0), ('DemoY', 300.0), ('InPractice', 'LOC-FOIL'), ('DemoText', 'Hasonló Helyek'), ('Jitter', 800)])
141.3112 	EXP 	demo_map: autoDraw = False
141.3112 	EXP 	demo_main_image: autoDraw = False
141.3112 	EXP 	demo_image: autoDraw = False
141.3112 	EXP 	demo_text: autoDraw = False
141.3112 	EXP 	demo_main_image: pos = array([212.1320344, 212.1320344])
141.3112 	EXP 	demo_main_image: image = 'stimuli/fractals//148b.jpg'
141.3112 	EXP 	demo_image: pos = array([  0., 300.])
141.3112 	EXP 	demo_image: image = 'stimuli/fractals//148b.jpg'
141.3112 	EXP 	demo_text: text = 'Hasonló Helyek'
141.3112 	EXP 	demo_map: autoDraw = True
141.3112 	EXP 	demo_main_image: autoDraw = True
141.3112 	EXP 	demo_image: autoDraw = True
141.3112 	EXP 	demo_text: autoDraw = True
141.9739 	DATA 	Keypress: right
144.6104 	DATA 	Keypress: right
144.6162 	EXP 	New trial (rep=0, index=8): OrderedDict([('Task', 'Demo'), ('TrialType', 'LOC'), ('StimType', 'FOIL'), ('CurrentImage', 'stimuli/fractals//177b.jpg'), ('DemoImage', 'stimuli/fractals//177b.jpg'), ('CurrentX', 300.0), ('CurrentY', 0.0), ('DemoX', -212.1320344), ('DemoY', 212.1320344), ('InPractice', 'OBJ-LURE'), ('DemoText', 'Új Helyek'), ('Jitter', 800)])
144.7704 	EXP 	demo_map: autoDraw = False
144.7704 	EXP 	demo_main_image: autoDraw = False
144.7704 	EXP 	demo_image: autoDraw = False
144.7704 	EXP 	demo_text: autoDraw = False
144.7704 	EXP 	demo_main_image: pos = array([300.,   0.])
144.7704 	EXP 	demo_main_image: image = 'stimuli/fractals//177b.jpg'
144.7704 	EXP 	demo_image: pos = array([-212.1320344,  212.1320344])
144.7704 	EXP 	demo_image: image = 'stimuli/fractals//177b.jpg'
144.7704 	EXP 	demo_text: text = 'Új Helyek'
144.7704 	EXP 	demo_map: autoDraw = True
144.7704 	EXP 	demo_main_image: autoDraw = True
144.7704 	EXP 	demo_image: autoDraw = True
144.7704 	EXP 	demo_text: autoDraw = True
146.0768 	DATA 	Keypress: right
146.9709 	DATA 	Keypress: right
146.9730 	EXP 	New trial (rep=0, index=9): OrderedDict([('Task', 'Demo'), ('TrialType', 'LOC'), ('StimType', 'FOIL'), ('CurrentImage', 'stimuli/fractals//177b.jpg'), ('DemoImage', 'stimuli/fractals//177b.jpg'), ('CurrentX', 300.0), ('CurrentY', 0.0), ('DemoX', -300.0), ('DemoY', 0.0), ('InPractice', 'OBJ-LURE'), ('DemoText', 'Új Helyek'), ('Jitter', 1200)])
147.1223 	EXP 	demo_map: autoDraw = False
147.1223 	EXP 	demo_main_image: autoDraw = False
147.1223 	EXP 	demo_image: autoDraw = False
147.1223 	EXP 	demo_text: autoDraw = False
147.1223 	EXP 	demo_main_image: pos = array([300.,   0.])
147.1223 	EXP 	demo_main_image: image = 'stimuli/fractals//177b.jpg'
147.1223 	EXP 	demo_image: pos = array([-300.,    0.])
147.1223 	EXP 	demo_image: image = 'stimuli/fractals//177b.jpg'
147.1223 	EXP 	demo_text: text = 'Új Helyek'
147.1223 	EXP 	demo_map: autoDraw = True
147.1223 	EXP 	demo_main_image: autoDraw = True
147.1223 	EXP 	demo_image: autoDraw = True
147.1223 	EXP 	demo_text: autoDraw = True
149.5208 	DATA 	Keypress: right
149.5262 	EXP 	demo_map: autoDraw = False
149.5262 	EXP 	demo_main_image: autoDraw = False
149.5262 	EXP 	demo_image: autoDraw = False
149.5262 	EXP 	demo_text: autoDraw = False
149.5262 	EXP 	demo_end_text: autoDraw = True
152.4920 	DATA 	Keypress: right
154.7248 	DATA 	Keypress: right
154.7265 	EXP 	demo_end_text: autoDraw = False
154.7265 	EXP 	start_practice_text: autoDraw = True
155.7255 	EXP 	Created sequence: sequential, trialTypes=1, nReps=2, seed=None
155.7259 	EXP 	New trial (rep=0, index=0): None
155.7322 	EXP 	start_practice_text: autoDraw = False
155.7322 	EXP 	start_practice_text: autoDraw = False
155.7322 	EXP 	rec_practice_block_text: text = 'Kép'
155.7322 	EXP 	rec_practice_block_text: autoDraw = True
156.7405 	EXP 	Imported recognition_practice_trials.csv as conditions, 3 conditions, 10 params
156.7409 	EXP 	Created sequence: sequential, trialTypes=3, nReps=1, seed=None
156.7416 	EXP 	New trial (rep=0, index=0): OrderedDict([('Task', 'RecognitionPractice'), ('TrialIndex', 1), ('BlockNr', 1), ('TrialType', 'OBJ'), ('StimType', 'FOIL'), ('CurrentImage', 'stimuli/fractals/156b.jpg'), ('CurrentX', 212.1320344), ('CurrentY', 212.1320344), ('Jitter', 0.6), ('Filler', 0)])
156.8229 	EXP 	rec_practice_block_text: autoDraw = False
156.8229 	EXP 	rec_practice_block_text: autoDraw = False
156.8229 	EXP 	rec_fx_cross: pos = array([212.1320344, 212.1320344])
156.8229 	EXP 	rec_fx_text: text = 'OBJ'
156.8229 	EXP 	rec_fx_map: autoDraw = True
156.8229 	EXP 	rec_fx_map: autoDraw = False
156.8229 	EXP 	rec_fx_cross: autoDraw = True
156.8229 	EXP 	rec_fx_cross: autoDraw = False
156.8229 	EXP 	rec_fx_text: autoDraw = True
156.8229 	EXP 	rec_fx_text: autoDraw = False
156.8229 	EXP 	rec_fx_map: autoDraw = False
156.8229 	EXP 	rec_fx_cross: autoDraw = False
156.8229 	EXP 	rec_fx_text: autoDraw = False
156.8229 	EXP 	rec_trial_main_image: pos = array([212.1320344, 212.1320344])
156.8229 	EXP 	rec_trial_main_image: image = 'stimuli/fractals/156b.jpg'
156.8229 	EXP 	rec_trial_text: text = 'OBJ'
156.8229 	EXP 	rec_trial_map: autoDraw = True
156.8229 	EXP 	rec_trial_main_image: autoDraw = True
156.8229 	EXP 	rec_trial_text: autoDraw = True
159.7539 	EXP 	New trial (rep=0, index=1): OrderedDict([('Task', 'RecognitionPractice'), ('TrialIndex', 1), ('BlockNr', 1), ('TrialType', 'OBJ'), ('StimType', 'LURE'), ('CurrentImage', 'stimuli/fractals/166c.jpg'), ('CurrentX', -300.0), ('CurrentY', 0.0), ('Jitter', 0.6), ('Filler', 0)])
159.8283 	EXP 	rec_trial_map: autoDraw = False
159.8283 	EXP 	rec_trial_main_image: autoDraw = False
159.8283 	EXP 	rec_trial_text: autoDraw = False
159.8283 	EXP 	rec_fx_cross: pos = array([-300.,    0.])
159.8283 	EXP 	rec_fx_text: text = 'OBJ'
159.8283 	EXP 	rec_fx_map: autoDraw = True
159.8283 	EXP 	rec_fx_map: autoDraw = False
159.8283 	EXP 	rec_fx_cross: autoDraw = True
159.8283 	EXP 	rec_fx_cross: autoDraw = False
159.8283 	EXP 	rec_fx_text: autoDraw = True
159.8283 	EXP 	rec_fx_text: autoDraw = False
159.8283 	EXP 	rec_fx_map: autoDraw = False
159.8283 	EXP 	rec_fx_cross: autoDraw = False
159.8283 	EXP 	rec_fx_text: autoDraw = False
159.8283 	EXP 	rec_trial_main_image: pos = array([-300.,    0.])
159.8283 	EXP 	rec_trial_main_image: image = 'stimuli/fractals/166c.jpg'
159.8283 	EXP 	rec_trial_text: text = 'OBJ'
159.8283 	EXP 	rec_trial_map: autoDraw = True
159.8283 	EXP 	rec_trial_main_image: autoDraw = True
159.8283 	EXP 	rec_trial_text: autoDraw = True
162.7607 	EXP 	New trial (rep=0, index=2): OrderedDict([('Task', 'RecognitionPractice'), ('TrialIndex', 2), ('BlockNr', 1), ('TrialType', 'OBJ'), ('StimType', 'TARGET'), ('CurrentImage', 'stimuli/fractals/167a.jpg'), ('CurrentX', 0.0), ('CurrentY', 300.0), ('Jitter', 2.0), ('Filler', 0)])
162.7660 	EXP 	rec_trial_map: autoDraw = False
162.7660 	EXP 	rec_trial_main_image: autoDraw = False
162.7660 	EXP 	rec_trial_text: autoDraw = False
162.7660 	EXP 	rec_fx_cross: pos = array([  0., 300.])
162.7660 	EXP 	rec_fx_text: text = 'OBJ'
162.7660 	EXP 	rec_fx_map: autoDraw = True
162.7660 	EXP 	rec_fx_cross: autoDraw = True
162.7660 	EXP 	rec_fx_text: autoDraw = True
162.8393 	EXP 	rec_fx_map: autoDraw = False
162.8393 	EXP 	rec_fx_cross: autoDraw = False
162.8393 	EXP 	rec_fx_text: autoDraw = False
162.8393 	EXP 	rec_fx_map: autoDraw = False
162.8393 	EXP 	rec_fx_cross: autoDraw = False
162.8393 	EXP 	rec_fx_text: autoDraw = False
162.8393 	EXP 	rec_trial_main_image: pos = array([  0., 300.])
162.8393 	EXP 	rec_trial_main_image: image = 'stimuli/fractals/167a.jpg'
162.8393 	EXP 	rec_trial_text: text = 'OBJ'
162.8393 	EXP 	rec_trial_map: autoDraw = True
162.8393 	EXP 	rec_trial_main_image: autoDraw = True
162.8393 	EXP 	rec_trial_text: autoDraw = True
165.7733 	EXP 	New trial (rep=1, index=0): None
165.7797 	EXP 	rec_trial_map: autoDraw = False
165.7797 	EXP 	rec_trial_main_image: autoDraw = False
165.7797 	EXP 	rec_trial_text: autoDraw = False
165.7797 	EXP 	rec_practice_block_text: text = 'Hely'
165.7797 	EXP 	rec_practice_block_text: autoDraw = True
166.7779 	EXP 	Imported recognition_practice_trials.csv as conditions, 3 conditions, 10 params
166.7783 	EXP 	Created sequence: sequential, trialTypes=3, nReps=1, seed=None
166.7789 	EXP 	New trial (rep=0, index=0): OrderedDict([('Task', 'RecognitionPractice'), ('TrialIndex', 4), ('BlockNr', 2), ('TrialType', 'LOC'), ('StimType', 'LURE'), ('CurrentImage', 'stimuli/fractals/159a.jpg'), ('CurrentX', 212.1320344), ('CurrentY', 212.1320344), ('Jitter', 1.0), ('Filler', 0)])
166.7871 	EXP 	rec_practice_block_text: autoDraw = False
166.7871 	EXP 	rec_fx_cross: pos = array([212.1320344, 212.1320344])
166.7871 	EXP 	rec_fx_text: text = 'LOC'
166.7871 	EXP 	rec_fx_map: autoDraw = True
166.7871 	EXP 	rec_fx_cross: autoDraw = True
166.7871 	EXP 	rec_fx_text: autoDraw = True
166.8683 	EXP 	rec_fx_map: autoDraw = False
166.8683 	EXP 	rec_fx_cross: autoDraw = False
166.8683 	EXP 	rec_fx_text: autoDraw = False
166.8683 	EXP 	rec_fx_map: autoDraw = False
166.8683 	EXP 	rec_fx_cross: autoDraw = False
166.8683 	EXP 	rec_fx_text: autoDraw = False
166.8683 	EXP 	rec_trial_main_image: pos = array([212.1320344, 212.1320344])
166.8683 	EXP 	rec_trial_main_image: image = 'stimuli/fractals/159a.jpg'
166.8683 	EXP 	rec_trial_text: text = 'LOC'
166.8683 	EXP 	rec_trial_map: autoDraw = True
166.8683 	EXP 	rec_trial_main_image: autoDraw = True
166.8683 	EXP 	rec_trial_text: autoDraw = True
169.7929 	EXP 	New trial (rep=0, index=1): OrderedDict([('Task', 'RecognitionPractice'), ('TrialIndex', 5), ('BlockNr', 2), ('TrialType', 'LOC'), ('StimType', 'FOIL'), ('CurrentImage', 'stimuli/fractals/148b.jpg'), ('CurrentX', -212.1320344), ('CurrentY', -212.1320344), ('Jitter', 1.5), ('Filler', 0)])
169.7983 	EXP 	rec_trial_map: autoDraw = False
169.7983 	EXP 	rec_trial_main_image: autoDraw = False
169.7983 	EXP 	rec_trial_text: autoDraw = False
169.7983 	EXP 	rec_fx_cross: pos = array([-212.1320344, -212.1320344])
169.7983 	EXP 	rec_fx_text: text = 'LOC'
169.7983 	EXP 	rec_fx_map: autoDraw = True
169.7983 	EXP 	rec_fx_cross: autoDraw = True
169.7983 	EXP 	rec_fx_text: autoDraw = True
169.8697 	EXP 	rec_fx_map: autoDraw = False
169.8697 	EXP 	rec_fx_cross: autoDraw = False
169.8697 	EXP 	rec_fx_text: autoDraw = False
169.8697 	EXP 	rec_fx_map: autoDraw = False
169.8697 	EXP 	rec_fx_cross: autoDraw = False
169.8697 	EXP 	rec_fx_text: autoDraw = False
169.8697 	EXP 	rec_trial_main_image: pos = array([-212.1320344, -212.1320344])
169.8697 	EXP 	rec_trial_main_image: image = 'stimuli/fractals/148b.jpg'
169.8697 	EXP 	rec_trial_text: text = 'LOC'
169.8697 	EXP 	rec_trial_map: autoDraw = True
169.8697 	EXP 	rec_trial_main_image: autoDraw = True
169.8697 	EXP 	rec_trial_text: autoDraw = True
172.8022 	EXP 	New trial (rep=0, index=2): OrderedDict([('Task', 'RecognitionPractice'), ('TrialIndex', 6), ('BlockNr', 2), ('TrialType', 'LOC'), ('StimType', 'TARGET'), ('CurrentImage', 'stimuli/fractals/166a.jpg'), ('CurrentX', -300.0), ('CurrentY', 0.0), ('Jitter', 1.0), ('Filler', 0)])
172.8071 	EXP 	rec_trial_map: autoDraw = False
172.8071 	EXP 	rec_trial_main_image: autoDraw = False
172.8071 	EXP 	rec_trial_text: autoDraw = False
172.8071 	EXP 	rec_fx_cross: pos = array([-300.,    0.])
172.8071 	EXP 	rec_fx_text: text = 'LOC'
172.8071 	EXP 	rec_fx_map: autoDraw = True
172.8071 	EXP 	rec_fx_cross: autoDraw = True
172.8071 	EXP 	rec_fx_text: autoDraw = True
172.8792 	EXP 	rec_fx_map: autoDraw = False
172.8792 	EXP 	rec_fx_cross: autoDraw = False
172.8792 	EXP 	rec_fx_text: autoDraw = False
172.8792 	EXP 	rec_fx_map: autoDraw = False
172.8792 	EXP 	rec_fx_cross: autoDraw = False
172.8792 	EXP 	rec_fx_text: autoDraw = False
172.8792 	EXP 	rec_trial_main_image: pos = array([-300.,    0.])
172.8792 	EXP 	rec_trial_main_image: image = 'stimuli/fractals/166a.jpg'
172.8792 	EXP 	rec_trial_text: text = 'LOC'
172.8792 	EXP 	rec_trial_map: autoDraw = True
172.8792 	EXP 	rec_trial_main_image: autoDraw = True
172.8792 	EXP 	rec_trial_text: autoDraw = True
175.8134 	EXP 	rec_trial_map: autoDraw = False
175.8134 	EXP 	rec_trial_main_image: autoDraw = False
175.8134 	EXP 	rec_trial_text: autoDraw = False
175.8134 	EXP 	end_practice_text: autoDraw = True
176.9886 	DATA 	Keypress: right
176.9892 	EXP 	Created sequence: sequential, trialTypes=1, nReps=3, seed=None
176.9895 	EXP 	New trial (rep=0, index=0): None
176.9920 	EXP 	end_practice_text: autoDraw = False
176.9920 	EXP 	start_rec_run_text: autoDraw = True
177.9922 	EXP 	Created sequence: sequential, trialTypes=1, nReps=2, seed=None
177.9925 	EXP 	New trial (rep=0, index=0): None
177.9970 	EXP 	start_rec_run_text: autoDraw = False
177.9970 	EXP 	start_rec_run_text: autoDraw = False
177.9970 	EXP 	start_rec_block_text: text = 'Kép'
177.9970 	EXP 	start_rec_block_text: autoDraw = True
179.5485 	EXP 	Imported stimuli_tables/recognition_trials_0.csv as conditions, 3 conditions, 25 params
179.5493 	EXP 	Created sequence: sequential, trialTypes=3, nReps=1, seed=None
179.5502 	EXP 	New trial (rep=0, index=0): OrderedDict([('TrialIndex', 1), ('Jitter', 500), ('ScannerRun', None), ('BlockNr', 1), ('TrialType', 'OBJ'), ('StimType', 'FOIL'), ('CurrentImage', 'stimuli/fractals/102b.jpg'), ('CurrentX', 300.0), ('CurrentY', 0.0), ('EncodingTrialIndex', 0.0), ('EncodingStimType', 'FOIL'), ('EncodingImage', None), ('EncodingXcoordinate', 0.0), ('EncodingYcoordinate', 0.0), ('TripletMemberA', None), ('TripletMemberB', None), ('TripletMemberC', None), ('Xcoordinate', None), ('Ycoordinate', None), ('Xcoordinate_lure1', None), ('Ycoordinate_lure1', None), ('Xcoordinate_lure2', None), ('Ycoordinate_lure2', None), ('Xcoordinate_foil', None), ('Ycoordinate_foil', None)])
179.5591 	EXP 	start_rec_block_text: autoDraw = False
179.5591 	EXP 	start_rec_block_text: autoDraw = False
179.5591 	EXP 	rec_fx_cross: pos = array([300.,   0.])
179.5591 	EXP 	rec_fx_text: text = 'OBJ'
179.5591 	EXP 	rec_fx_map: autoDraw = True
179.5591 	EXP 	rec_fx_cross: autoDraw = True
179.5591 	EXP 	rec_fx_text: autoDraw = True
180.1382 	EXP 	rec_fx_map: autoDraw = False
180.1382 	EXP 	rec_fx_cross: autoDraw = False
180.1382 	EXP 	rec_fx_text: autoDraw = False
180.1382 	EXP 	rec_fx_map: autoDraw = False
180.1382 	EXP 	rec_fx_cross: autoDraw = False
180.1382 	EXP 	rec_fx_text: autoDraw = False
180.1382 	EXP 	rec_trial_main_image: pos = array([300.,   0.])
180.1382 	EXP 	rec_trial_main_image: image = 'stimuli/fractals/102b.jpg'
180.1382 	EXP 	rec_trial_text: text = 'OBJ'
180.1382 	EXP 	rec_trial_map: autoDraw = True
180.1382 	EXP 	rec_trial_main_image: autoDraw = True
180.1382 	EXP 	rec_trial_text: autoDraw = True
183.0656 	EXP 	New trial (rep=0, index=1): OrderedDict([('TrialIndex', 2), ('Jitter', 1000), ('ScannerRun', None), ('BlockNr', 1), ('TrialType', 'OBJ'), ('StimType', 'LURE'), ('CurrentImage', 'stimuli/fractals/101c.jpg'), ('CurrentX', 212.1320344), ('CurrentY', 212.1320344), ('EncodingTrialIndex', 1.0), ('EncodingStimType', 'OLP'), ('EncodingImage', 'stimuli/fractals/101b.jpg'), ('EncodingXcoordinate', 212.1320344), ('EncodingYcoordinate', 212.1320344), ('TripletMemberA', 'stimuli/fractals/101b.jpg'), ('TripletMemberB', 'stimuli/fractals/101a.jpg'), ('TripletMemberC', 'stimuli/fractals/101c.jpg'), ('Xcoordinate', 212.1320344), ('Ycoordinate', 212.1320344), ('Xcoordinate_lure1', 0.0), ('Ycoordinate_lure1', 300.0), ('Xcoordinate_lure2', 300.0), ('Ycoordinate_lure2', 0.0), ('Xcoordinate_foil', -212.1320344), ('Ycoordinate_foil', -212.1320344)])
183.0709 	EXP 	rec_trial_map: autoDraw = False
183.0709 	EXP 	rec_trial_main_image: autoDraw = False
183.0709 	EXP 	rec_trial_text: autoDraw = False
183.0709 	EXP 	rec_fx_cross: pos = array([212.1320344, 212.1320344])
183.0709 	EXP 	rec_fx_text: text = 'OBJ'
183.0709 	EXP 	rec_fx_map: autoDraw = True
183.0709 	EXP 	rec_fx_cross: autoDraw = True
183.0709 	EXP 	rec_fx_text: autoDraw = True
184.1476 	EXP 	rec_fx_map: autoDraw = False
184.1476 	EXP 	rec_fx_cross: autoDraw = False
184.1476 	EXP 	rec_fx_text: autoDraw = False
184.1476 	EXP 	rec_fx_map: autoDraw = False
184.1476 	EXP 	rec_fx_cross: autoDraw = False
184.1476 	EXP 	rec_fx_text: autoDraw = False
184.1476 	EXP 	rec_trial_main_image: pos = array([212.1320344, 212.1320344])
184.1476 	EXP 	rec_trial_main_image: image = 'stimuli/fractals/101c.jpg'
184.1476 	EXP 	rec_trial_text: text = 'OBJ'
184.1476 	EXP 	rec_trial_map: autoDraw = True
184.1476 	EXP 	rec_trial_main_image: autoDraw = True
184.1476 	EXP 	rec_trial_text: autoDraw = True
187.0766 	EXP 	New trial (rep=0, index=2): OrderedDict([('TrialIndex', 3), ('Jitter', 2000), ('ScannerRun', None), ('BlockNr', 1), ('TrialType', 'OBJ'), ('StimType', 'TARGET'), ('CurrentImage', 'stimuli/fractals/97b.jpg'), ('CurrentX', 212.1320344), ('CurrentY', -212.1320344), ('EncodingTrialIndex', 2.0), ('EncodingStimType', 'OLP'), ('EncodingImage', 'stimuli/fractals/97b.jpg'), ('EncodingXcoordinate', 212.1320344), ('EncodingYcoordinate', -212.1320344), ('TripletMemberA', 'stimuli/fractals/97b.jpg'), ('TripletMemberB', 'stimuli/fractals/97c.jpg'), ('TripletMemberC', 'stimuli/fractals/97a.jpg'), ('Xcoordinate', 212.1320344), ('Ycoordinate', -212.1320344), ('Xcoordinate_lure1', 0.0), ('Ycoordinate_lure1', -300.0), ('Xcoordinate_lure2', 300.0), ('Ycoordinate_lure2', 0.0), ('Xcoordinate_foil', -212.1320344), ('Ycoordinate_foil', 212.1320344)])
187.0817 	EXP 	rec_trial_map: autoDraw = False
187.0817 	EXP 	rec_trial_main_image: autoDraw = False
187.0817 	EXP 	rec_trial_text: autoDraw = False
187.0817 	EXP 	rec_fx_cross: pos = array([ 212.1320344, -212.1320344])
187.0817 	EXP 	rec_fx_text: text = 'OBJ'
187.0817 	EXP 	rec_fx_map: autoDraw = True
187.0817 	EXP 	rec_fx_cross: autoDraw = True
187.0817 	EXP 	rec_fx_text: autoDraw = True
189.1529 	EXP 	rec_fx_map: autoDraw = False
189.1529 	EXP 	rec_fx_cross: autoDraw = False
189.1529 	EXP 	rec_fx_text: autoDraw = False
189.1529 	EXP 	rec_fx_map: autoDraw = False
189.1529 	EXP 	rec_fx_cross: autoDraw = False
189.1529 	EXP 	rec_fx_text: autoDraw = False
189.1529 	EXP 	rec_trial_main_image: pos = array([ 212.1320344, -212.1320344])
189.1529 	EXP 	rec_trial_main_image: image = 'stimuli/fractals/97b.jpg'
189.1529 	EXP 	rec_trial_text: text = 'OBJ'
189.1529 	EXP 	rec_trial_map: autoDraw = True
189.1529 	EXP 	rec_trial_main_image: autoDraw = True
189.1529 	EXP 	rec_trial_text: autoDraw = True
192.0850 	EXP 	New trial (rep=1, index=0): None
192.0866 	EXP 	rec_trial_map: autoDraw = False
192.0866 	EXP 	rec_trial_main_image: autoDraw = False
192.0866 	EXP 	rec_trial_text: autoDraw = False
192.0866 	EXP 	start_rec_block_text: text = 'Kép'
192.0866 	EXP 	start_rec_block_text: autoDraw = True
193.6383 	EXP 	Imported stimuli_tables/recognition_trials_0.csv as conditions, 3 conditions, 25 params
193.6392 	EXP 	Created sequence: sequential, trialTypes=3, nReps=1, seed=None
193.6400 	EXP 	New trial (rep=0, index=0): OrderedDict([('TrialIndex', 4), ('Jitter', 3000), ('ScannerRun', None), ('BlockNr', 1), ('TrialType', 'OBJ'), ('StimType', 'FOIL'), ('CurrentImage', 'stimuli/fractals/57a.jpg'), ('CurrentX', -212.1320344), ('CurrentY', -212.1320344), ('EncodingTrialIndex', 0.0), ('EncodingStimType', 'FOIL'), ('EncodingImage', None), ('EncodingXcoordinate', 0.0), ('EncodingYcoordinate', 0.0), ('TripletMemberA', None), ('TripletMemberB', None), ('TripletMemberC', None), ('Xcoordinate', None), ('Ycoordinate', None), ('Xcoordinate_lure1', None), ('Ycoordinate_lure1', None), ('Xcoordinate_lure2', None), ('Ycoordinate_lure2', None), ('Xcoordinate_foil', None), ('Ycoordinate_foil', None)])
193.6453 	EXP 	start_rec_block_text: autoDraw = False
193.6453 	EXP 	rec_fx_cross: pos = array([-212.1320344, -212.1320344])
193.6453 	EXP 	rec_fx_text: text = 'OBJ'
193.6453 	EXP 	rec_fx_map: autoDraw = True
193.6453 	EXP 	rec_fx_cross: autoDraw = True
193.6453 	EXP 	rec_fx_text: autoDraw = True
196.7217 	EXP 	rec_fx_map: autoDraw = False
196.7217 	EXP 	rec_fx_cross: autoDraw = False
196.7217 	EXP 	rec_fx_text: autoDraw = False
196.7217 	EXP 	rec_fx_map: autoDraw = False
196.7217 	EXP 	rec_fx_cross: autoDraw = False
196.7217 	EXP 	rec_fx_text: autoDraw = False
196.7217 	EXP 	rec_trial_main_image: pos = array([-212.1320344, -212.1320344])
196.7217 	EXP 	rec_trial_main_image: image = 'stimuli/fractals/57a.jpg'
196.7217 	EXP 	rec_trial_text: text = 'OBJ'
196.7217 	EXP 	rec_trial_map: autoDraw = True
196.7217 	EXP 	rec_trial_main_image: autoDraw = True
196.7217 	EXP 	rec_trial_text: autoDraw = True
199.6529 	EXP 	New trial (rep=0, index=1): OrderedDict([('TrialIndex', 5), ('Jitter', 2000), ('ScannerRun', None), ('BlockNr', 1), ('TrialType', 'OBJ'), ('StimType', 'TARGET'), ('CurrentImage', 'stimuli/fractals/15b.jpg'), ('CurrentX', -212.1320344), ('CurrentY', -212.1320344), ('EncodingTrialIndex', 12.0), ('EncodingStimType', 'OLP'), ('EncodingImage', 'stimuli/fractals/15b.jpg'), ('EncodingXcoordinate', -212.1320344), ('EncodingYcoordinate', -212.1320344), ('TripletMemberA', 'stimuli/fractals/15b.jpg'), ('TripletMemberB', 'stimuli/fractals/15a.jpg'), ('TripletMemberC', 'stimuli/fractals/15c.jpg'), ('Xcoordinate', -212.1320344), ('Ycoordinate', -212.1320344), ('Xcoordinate_lure1', -300.0), ('Ycoordinate_lure1', 0.0), ('Xcoordinate_lure2', 0.0), ('Ycoordinate_lure2', -300.0), ('Xcoordinate_foil', 212.1320344), ('Ycoordinate_foil', 212.1320344)])
199.6584 	EXP 	rec_trial_map: autoDraw = False
199.6584 	EXP 	rec_trial_main_image: autoDraw = False
199.6584 	EXP 	rec_trial_text: autoDraw = False
199.6584 	EXP 	rec_fx_cross: pos = array([-212.1320344, -212.1320344])
199.6584 	EXP 	rec_fx_text: text = 'OBJ'
199.6584 	EXP 	rec_fx_map: autoDraw = True
199.6584 	EXP 	rec_fx_cross: autoDraw = True
199.6584 	EXP 	rec_fx_text: autoDraw = True
201.7316 	EXP 	rec_fx_map: autoDraw = False
201.7316 	EXP 	rec_fx_cross: autoDraw = False
201.7316 	EXP 	rec_fx_text: autoDraw = False
201.7316 	EXP 	rec_fx_map: autoDraw = False
201.7316 	EXP 	rec_fx_cross: autoDraw = False
201.7316 	EXP 	rec_fx_text: autoDraw = False
201.7316 	EXP 	rec_trial_main_image: pos = array([-212.1320344, -212.1320344])
201.7316 	EXP 	rec_trial_main_image: image = 'stimuli/fractals/15b.jpg'
201.7316 	EXP 	rec_trial_text: text = 'OBJ'
201.7316 	EXP 	rec_trial_map: autoDraw = True
201.7316 	EXP 	rec_trial_main_image: autoDraw = True
201.7316 	EXP 	rec_trial_text: autoDraw = True
204.6651 	EXP 	New trial (rep=0, index=2): OrderedDict([('TrialIndex', 6), ('Jitter', 1000), ('ScannerRun', None), ('BlockNr', 1), ('TrialType', 'OBJ'), ('StimType', 'FOIL'), ('CurrentImage', 'stimuli/fractals/20c.jpg'), ('CurrentX', 300.0), ('CurrentY', 0.0), ('EncodingTrialIndex', 0.0), ('EncodingStimType', 'FOIL'), ('EncodingImage', None), ('EncodingXcoordinate', 0.0), ('EncodingYcoordinate', 0.0), ('TripletMemberA', None), ('TripletMemberB', None), ('TripletMemberC', None), ('Xcoordinate', None), ('Ycoordinate', None), ('Xcoordinate_lure1', None), ('Ycoordinate_lure1', None), ('Xcoordinate_lure2', None), ('Ycoordinate_lure2', None), ('Xcoordinate_foil', None), ('Ycoordinate_foil', None)])
204.6705 	EXP 	rec_trial_map: autoDraw = False
204.6705 	EXP 	rec_trial_main_image: autoDraw = False
204.6705 	EXP 	rec_trial_text: autoDraw = False
204.6705 	EXP 	rec_fx_cross: pos = array([300.,   0.])
204.6705 	EXP 	rec_fx_text: text = 'OBJ'
204.6705 	EXP 	rec_fx_map: autoDraw = True
204.6705 	EXP 	rec_fx_cross: autoDraw = True
204.6705 	EXP 	rec_fx_text: autoDraw = True
205.3950 	DATA 	Keypress: escape
205.4143 	EXP 	window1: mouseVisible = True
