0.4018 	WARNING 	We strongly recommend you activate the PTB sound engine in PsychoPy prefs as the preferred audio engine. Its timing is vastly superior. Your prefs are currently set to use ['sounddevice', 'PTB', 'pyo', 'pygame'] (in that order).
0.9780 	WARNING 	Import Error: No module named 'psychtoolbox'. Using event module for keyboard component.
4.5656 	WARNING 	Monitor specification not found. Creating a temporary one...
4.9361 	EXP 	Created window1 = Window(allowGUI=False, allowStencil=False, args=UNKNOWN, autoLog=True, bitsMode=UNKNOWN, blendMode='avg', bpc=(8, 8, 8), color=array([0.804, 0.804, 0.961]), colorSpace='rgb', depthBits=8, fullscr=<method-wrapper '__getattribute__' of attributeSetter object at 0x7f1e8a472eb8>, gamma=None, gammaErrorPolicy='raise', kwargs=UNKNOWN, lms=UNKNOWN, monitor=<psychopy.monitors.calibTools.Monitor object at 0x7f1e8a459128>, multiSample=False, name='window1', numSamples=2, pos=[0.0, 0.0], screen=0, size=array([1920, 1080]), stencilBits=0, stereo=False, units='height', useFBO=True, useRetina=False, viewOri=0.0, viewPos=None, viewScale=None, waitBlanking=True, winType='pyglet')
4.9361 	EXP 	window1: recordFrameIntervals = False
4.9465 	EXP 	window1: recordFrameIntervals = True
4.9571 	WARNING 	t of last frame was 1.51ms (=1/663)
4.9573 	EXP 	window1: recordFrameIntervals = False
5.0143 	EXP 	Created lab_thanks = TextStim(__class__=<class 'psychopy.visual.text.TextStim'>, alignHoriz=method-wrapper(...), alignText='center', alignVert=method-wrapper(...), anchorHoriz='center', anchorVert='center', antialias=True, autoLog=True, bold=False, color='black', colorSpace='named', contrast=1.0, depth=0.0, flipHoriz=False, flipVert=False, font='Arial', fontFiles=[], height=0.05, italic=False, languageStyle='LTR', name='lab_thanks', opacity=1.0, ori=0, pos=array([0., 0.]), rgb=array([0., 0., 0.]), text=str(...), units='height', win=Window(...), wrapWidth=1)
5.0225 	EXP 	Created start_encoding_text = TextStim(__class__=<class 'psychopy.visual.text.TextStim'>, alignHoriz=method-wrapper(...), alignText='center', alignVert=method-wrapper(...), anchorHoriz='center', anchorVert='center', antialias=True, autoLog=True, bold=False, color='black', colorSpace='named', contrast=1.0, depth=0.0, flipHoriz=False, flipVert=False, font='Arial', fontFiles=[], height=0.1, italic=False, languageStyle='LTR', name='start_encoding_text', opacity=1.0, ori=0, pos=array([0., 0.]), rgb=array([0., 0., 0.]), text='default text', units='height', win=Window(...), wrapWidth=1)
5.0497 	EXP 	Created enc_instructions_1_text = TextStim(__class__=<class 'psychopy.visual.text.TextStim'>, alignHoriz=method-wrapper(...), alignText='center', alignVert=method-wrapper(...), anchorHoriz='center', anchorVert='center', antialias=True, autoLog=True, bold=False, color='black', colorSpace='named', contrast=1.0, depth=0.0, flipHoriz=False, flipVert=False, font='Arial', fontFiles=[], height=0.04, italic=False, languageStyle='LTR', name='enc_instructions_1_text', opacity=1.0, ori=0, pos=array([-0.4,  0. ]), rgb=array([0., 0., 0.]), text=str(...), units='height', win=Window(...), wrapWidth=0.9)
5.1033 	EXP 	Created enc_instructions_1_image = ImageStim(__class__=<class 'psychopy.visual.image.ImageStim'>, autoLog=True, color=array([1., 1., 1.]), colorSpace='rgb', contrast=1.0, depth=-1.0, flipHoriz=False, flipVert=False, image='stimuli/GalleryBuildingFromOutside.jpg', interpolate=True, mask=None, maskParams=None, name='enc_instructions_1_image', opacity=1.0, ori=0.0, pos=array([450.,   0.]), size=array([600., 450.]), texRes=128, units='pix', win=Window(...))
5.1176 	EXP 	Created enc_instructions_2_text = TextStim(__class__=<class 'psychopy.visual.text.TextStim'>, alignHoriz=method-wrapper(...), alignText='center', alignVert=method-wrapper(...), anchorHoriz='center', anchorVert='center', antialias=True, autoLog=True, bold=False, color='black', colorSpace='named', contrast=1.0, depth=0.0, flipHoriz=False, flipVert=False, font='Arial', fontFiles=[], height=0.04, italic=False, languageStyle='LTR', name='enc_instructions_2_text', opacity=1.0, ori=0, pos=array([-0.5,  0. ]), rgb=array([0., 0., 0.]), text=str(...), units='height', win=Window(...), wrapWidth=0.7)
5.1448 	EXP 	Created enc_instructions_2_image = ImageStim(__class__=<class 'psychopy.visual.image.ImageStim'>, autoLog=True, color=array([1., 1., 1.]), colorSpace='rgb', contrast=1.0, depth=-1.0, flipHoriz=False, flipVert=False, image='stimuli/GalleryInfo.jpg', interpolate=True, mask=None, maskParams=None, name='enc_instructions_2_image', opacity=1.0, ori=0.0, pos=array([425.,   0.]), size=array([1000.,  750.]), texRes=128, units='pix', win=Window(...))
5.1598 	EXP 	Created enc_instructions_3_text = TextStim(__class__=<class 'psychopy.visual.text.TextStim'>, alignHoriz=method-wrapper(...), alignText='center', alignVert=method-wrapper(...), anchorHoriz='center', anchorVert='center', antialias=True, autoLog=True, bold=False, color='black', colorSpace='named', contrast=1.0, depth=0.0, flipHoriz=False, flipVert=False, font='Arial', fontFiles=[], height=0.05, italic=False, languageStyle='LTR', name='enc_instructions_3_text', opacity=1.0, ori=0, pos=array([0., 0.]), rgb=array([0., 0., 0.]), text=str(...), units='height', win=Window(...), wrapWidth=1)
5.1679 	EXP 	Created start_practice_text = TextStim(__class__=<class 'psychopy.visual.text.TextStim'>, alignHoriz=method-wrapper(...), alignText='center', alignVert=method-wrapper(...), anchorHoriz='center', anchorVert='center', antialias=True, autoLog=True, bold=False, color='black', colorSpace='named', contrast=1.0, depth=0.0, flipHoriz=False, flipVert=False, font='Arial', fontFiles=[], height=0.1, italic=False, languageStyle='LTR', name='start_practice_text', opacity=1.0, ori=0, pos=array([0., 0.]), rgb=array([0., 0., 0.]), text='Kezdődik a gyakorlás...', units='height', win=Window(...), wrapWidth=1)
5.1832 	EXP 	Created enc_fx_map = ImageStim(__class__=<class 'psychopy.visual.image.ImageStim'>, autoLog=True, color=array([1., 1., 1.]), colorSpace='rgb', contrast=1.0, depth=0.0, flipHoriz=False, flipVert=False, image='stimuli/GalleryPlanInside.jpg', interpolate=True, mask=None, maskParams=None, name='enc_fx_map', opacity=1.0, ori=0.0, pos=array([  0., -25.]), size=array([1040., 1000.]), texRes=128, units='pix', win=Window(...))
5.1893 	EXP 	Created enc_fx_cross = TextStim(__class__=<class 'psychopy.visual.text.TextStim'>, alignHoriz=method-wrapper(...), alignText='center', alignVert=method-wrapper(...), anchorHoriz='center', anchorVert='center', antialias=True, autoLog=True, bold=False, color='black', colorSpace='named', contrast=1.0, depth=-1.0, flipHoriz=False, flipVert=False, font='Arial', fontFiles=[], height=50, italic=False, languageStyle='LTR', name='enc_fx_cross', opacity=1.0, ori=0, pos=array([0., 0.]), rgb=array([0., 0., 0.]), text='+', units='pix', win=Window(...), wrapWidth=500)
5.2048 	EXP 	Created enc_trial_map = ImageStim(__class__=<class 'psychopy.visual.image.ImageStim'>, autoLog=True, color=array([1., 1., 1.]), colorSpace='rgb', contrast=1.0, depth=0.0, flipHoriz=False, flipVert=False, image='stimuli/GalleryPlanInside.jpg', interpolate=True, mask=None, maskParams=None, name='enc_trial_map', opacity=1.0, ori=0.0, pos=array([  0., -25.]), size=array([1040., 1000.]), texRes=128, units='pix', win=Window(...))
5.2064 	EXP 	Created enc_trial_main_image = ImageStim(__class__=<class 'psychopy.visual.image.ImageStim'>, autoLog=True, color=array([1., 1., 1.]), colorSpace='rgb', contrast=1.0, depth=-1.0, flipHoriz=False, flipVert=False, image='sin', interpolate=True, mask=None, maskParams=None, name='enc_trial_main_image', opacity=1.0, ori=0.0, pos=array([0., 0.]), size=array([300., 300.]), texRes=128, units='pix', win=Window(...))
5.2218 	EXP 	Created enc_practice_feedback_map = ImageStim(__class__=<class 'psychopy.visual.image.ImageStim'>, autoLog=True, color=array([1., 1., 1.]), colorSpace='rgb', contrast=1.0, depth=-1.0, flipHoriz=False, flipVert=False, image='stimuli/GalleryPlanInside.jpg', interpolate=True, mask=None, maskParams=None, name='enc_practice_feedback_map', opacity=1.0, ori=0.0, pos=array([  0., -25.]), size=array([1040., 1000.]), texRes=128, units='pix', win=Window(...))
5.2234 	EXP 	Created enc_practice_feedback_image = ImageStim(__class__=<class 'psychopy.visual.image.ImageStim'>, autoLog=True, color=array([1., 1., 1.]), colorSpace='rgb', contrast=1.0, depth=-2.0, flipHoriz=False, flipVert=False, image='sin', interpolate=True, mask=None, maskParams=None, name='enc_practice_feedback_image', opacity=1.0, ori=0.0, pos=array([0., 0.]), size=array([300., 300.]), texRes=128, units='pix', win=Window(...))
5.2278 	EXP 	Created enc_practice_feedback_text = TextStim(__class__=<class 'psychopy.visual.text.TextStim'>, alignHoriz=method-wrapper(...), alignText='center', alignVert=method-wrapper(...), anchorHoriz='center', anchorVert='center', antialias=True, autoLog=True, bold=False, color='black', colorSpace='named', contrast=1.0, depth=-3.0, flipHoriz=False, flipVert=False, font='Arial', fontFiles=[], height=0.05, italic=False, languageStyle='LTR', name='enc_practice_feedback_text', opacity=1.0, ori=0, pos=array([0., 0.]), rgb=array([0., 0., 0.]), text='default text', units='height', win=Window(...), wrapWidth=1)
5.2437 	EXP 	Created end_practice_text = TextStim(__class__=<class 'psychopy.visual.text.TextStim'>, alignHoriz=method-wrapper(...), alignText='center', alignVert=method-wrapper(...), anchorHoriz='center', anchorVert='center', antialias=True, autoLog=True, bold=False, color='black', colorSpace='named', contrast=1.0, depth=0.0, flipHoriz=False, flipVert=False, font='Arial', fontFiles=[], height=0.05, italic=False, languageStyle='LTR', name='end_practice_text', opacity=1.0, ori=0, pos=array([0., 0.]), rgb=array([0., 0., 0.]), text=str(...), units='height', win=Window(...), wrapWidth=0.8)
5.2484 	EXP 	Created start_enc_run_text = TextStim(__class__=<class 'psychopy.visual.text.TextStim'>, alignHoriz=method-wrapper(...), alignText='center', alignVert=method-wrapper(...), anchorHoriz='center', anchorVert='center', antialias=True, autoLog=True, bold=False, color='black', colorSpace='named', contrast=1.0, depth=-2.0, flipHoriz=False, flipVert=False, font='Arial', fontFiles=[], height=0.1, italic=False, languageStyle='LTR', name='start_enc_run_text', opacity=1.0, ori=0, pos=array([0., 0.]), rgb=array([0., 0., 0.]), text='Kezdődik a feladat...', units='height', win=Window(...), wrapWidth=1)
5.2658 	EXP 	Created enc_fx_map = ImageStim(__class__=<class 'psychopy.visual.image.ImageStim'>, autoLog=True, color=array([1., 1., 1.]), colorSpace='rgb', contrast=1.0, depth=0.0, flipHoriz=False, flipVert=False, image='stimuli/GalleryPlanInside.jpg', interpolate=True, mask=None, maskParams=None, name='enc_fx_map', opacity=1.0, ori=0.0, pos=array([  0., -25.]), size=array([1040., 1000.]), texRes=128, units='pix', win=Window(...))
5.2671 	EXP 	Created enc_fx_cross = TextStim(__class__=<class 'psychopy.visual.text.TextStim'>, alignHoriz=method-wrapper(...), alignText='center', alignVert=method-wrapper(...), anchorHoriz='center', anchorVert='center', antialias=True, autoLog=True, bold=False, color='black', colorSpace='named', contrast=1.0, depth=-1.0, flipHoriz=False, flipVert=False, font='Arial', fontFiles=[], height=50, italic=False, languageStyle='LTR', name='enc_fx_cross', opacity=1.0, ori=0, pos=array([0., 0.]), rgb=array([0., 0., 0.]), text='+', units='pix', win=Window(...), wrapWidth=500)
5.2822 	EXP 	Created enc_trial_map = ImageStim(__class__=<class 'psychopy.visual.image.ImageStim'>, autoLog=True, color=array([1., 1., 1.]), colorSpace='rgb', contrast=1.0, depth=0.0, flipHoriz=False, flipVert=False, image='stimuli/GalleryPlanInside.jpg', interpolate=True, mask=None, maskParams=None, name='enc_trial_map', opacity=1.0, ori=0.0, pos=array([  0., -25.]), size=array([1040., 1000.]), texRes=128, units='pix', win=Window(...))
5.2836 	EXP 	Created enc_trial_main_image = ImageStim(__class__=<class 'psychopy.visual.image.ImageStim'>, autoLog=True, color=array([1., 1., 1.]), colorSpace='rgb', contrast=1.0, depth=-1.0, flipHoriz=False, flipVert=False, image='sin', interpolate=True, mask=None, maskParams=None, name='enc_trial_main_image', opacity=1.0, ori=0.0, pos=array([0., 0.]), size=array([300., 300.]), texRes=128, units='pix', win=Window(...))
5.2920 	EXP 	Created end_enc_run_text = TextStim(__class__=<class 'psychopy.visual.text.TextStim'>, alignHoriz=method-wrapper(...), alignText='center', alignVert=method-wrapper(...), anchorHoriz='center', anchorVert='center', antialias=True, autoLog=True, bold=False, color='black', colorSpace='named', contrast=1.0, depth=0.0, flipHoriz=False, flipVert=False, font='Arial', fontFiles=[], height=0.06, italic=False, languageStyle='LTR', name='end_enc_run_text', opacity=1.0, ori=0, pos=array([0., 0.]), rgb=array([0., 0., 0.]), text='default text', units='height', win=Window(...), wrapWidth=1)
5.3003 	EXP 	Created start_recognition_text = TextStim(__class__=<class 'psychopy.visual.text.TextStim'>, alignHoriz=method-wrapper(...), alignText='center', alignVert=method-wrapper(...), anchorHoriz='center', anchorVert='center', antialias=True, autoLog=True, bold=False, color='black', colorSpace='named', contrast=1.0, depth=-2.0, flipHoriz=False, flipVert=False, font='Arial', fontFiles=[], height=0.1, italic=False, languageStyle='LTR', name='start_recognition_text', opacity=1.0, ori=0, pos=array([0., 0.]), rgb=array([0., 0., 0.]), text='Második feladat\nKépfelismerés', units='height', win=Window(...), wrapWidth=1)
5.3172 	EXP 	Created rec_instructions_1_text = TextStim(__class__=<class 'psychopy.visual.text.TextStim'>, alignHoriz=method-wrapper(...), alignText='center', alignVert=method-wrapper(...), anchorHoriz='center', anchorVert='center', antialias=True, autoLog=True, bold=False, color='black', colorSpace='named', contrast=1.0, depth=0.0, flipHoriz=False, flipVert=False, font='Arial', fontFiles=[], height=0.05, italic=False, languageStyle='LTR', name='rec_instructions_1_text', opacity=1.0, ori=0, pos=array([0., 0.]), rgb=array([0., 0., 0.]), text=str(...), units='height', win=Window(...), wrapWidth=1)
5.3467 	EXP 	Created rec_instructions2_text = TextStim(__class__=<class 'psychopy.visual.text.TextStim'>, alignHoriz=method-wrapper(...), alignText='center', alignVert=method-wrapper(...), anchorHoriz='center', anchorVert='center', antialias=True, autoLog=True, bold=False, color='black', colorSpace='named', contrast=1.0, depth=0.0, flipHoriz=False, flipVert=False, font='Arial', fontFiles=[], height=0.03, italic=False, languageStyle='LTR', name='rec_instructions2_text', opacity=1.0, ori=0, pos=array([0., 0.]), rgb=array([0., 0., 0.]), text=str(...), units='height', win=Window(...), wrapWidth=1)
5.3739 	EXP 	Created rec_instrauction_3_text = TextStim(__class__=<class 'psychopy.visual.text.TextStim'>, alignHoriz=method-wrapper(...), alignText='center', alignVert=method-wrapper(...), anchorHoriz='center', anchorVert='center', antialias=True, autoLog=True, bold=False, color='black', colorSpace='named', contrast=1.0, depth=0.0, flipHoriz=False, flipVert=False, font='Arial', fontFiles=[], height=0.03, italic=False, languageStyle='LTR', name='rec_instrauction_3_text', opacity=1.0, ori=0, pos=array([0., 0.]), rgb=array([0., 0., 0.]), text=str(...), units='height', win=Window(...), wrapWidth=1)
5.3793 	EXP 	Created rec_instructions_4_text = TextStim(__class__=<class 'psychopy.visual.text.TextStim'>, alignHoriz=method-wrapper(...), alignText='center', alignVert=method-wrapper(...), anchorHoriz='center', anchorVert='center', antialias=True, autoLog=True, bold=False, color='black', colorSpace='named', contrast=1.0, depth=0.0, flipHoriz=False, flipVert=False, font='Arial', fontFiles=[], height=0.05, italic=False, languageStyle='LTR', name='rec_instructions_4_text', opacity=1.0, ori=0, pos=array([0., 0.]), rgb=array([0., 0., 0.]), text=str(...), units='height', win=Window(...), wrapWidth=1)
5.3967 	EXP 	Created demo_map = ImageStim(__class__=<class 'psychopy.visual.image.ImageStim'>, autoLog=True, color=array([1., 1., 1.]), colorSpace='rgb', contrast=1.0, depth=0.0, flipHoriz=False, flipVert=False, image='stimuli/GalleryPlanInside.jpg', interpolate=True, mask=None, maskParams=None, name='demo_map', opacity=1.0, ori=0.0, pos=array([  0., -25.]), size=array([1040., 1000.]), texRes=128, units='pix', win=Window(...))
5.3980 	EXP 	Created demo_main_image = ImageStim(__class__=<class 'psychopy.visual.image.ImageStim'>, autoLog=True, color=array([1., 1., 1.]), colorSpace='rgb', contrast=1.0, depth=-1.0, flipHoriz=False, flipVert=False, image='sin', interpolate=True, mask=None, maskParams=None, name='demo_main_image', opacity=1.0, ori=0.0, pos=array([0., 0.]), size=array([300., 300.]), texRes=128, units='pix', win=Window(...))
5.3993 	EXP 	Created demo_image = ImageStim(__class__=<class 'psychopy.visual.image.ImageStim'>, autoLog=True, color=array([1., 1., 1.]), colorSpace='rgb', contrast=1.0, depth=-2.0, flipHoriz=False, flipVert=False, image='sin', interpolate=True, mask=None, maskParams=None, name='demo_image', opacity=1.0, ori=0.0, pos=array([0., 0.]), size=array([300., 300.]), texRes=128, units='pix', win=Window(...))
5.4017 	EXP 	Created demo_text = TextStim(__class__=<class 'psychopy.visual.text.TextStim'>, alignHoriz=method-wrapper(...), alignText='center', alignVert=method-wrapper(...), anchorHoriz='center', anchorVert='center', antialias=True, autoLog=True, bold=False, color='black', colorSpace='named', contrast=1.0, depth=-3.0, flipHoriz=False, flipVert=False, font='Arial', fontFiles=[], height=0.05, italic=False, languageStyle='LTR', name='demo_text', opacity=1.0, ori=0, pos=array([0. , 0.9]), rgb=array([0., 0., 0.]), text='default text', units='height', win=Window(...), wrapWidth=1)
5.4064 	EXP 	Created demo_end_text = TextStim(__class__=<class 'psychopy.visual.text.TextStim'>, alignHoriz=method-wrapper(...), alignText='center', alignVert=method-wrapper(...), anchorHoriz='center', anchorVert='center', antialias=True, autoLog=True, bold=False, color='black', colorSpace='named', contrast=1.0, depth=0.0, flipHoriz=False, flipVert=False, font='Arial', fontFiles=[], height=0.05, italic=False, languageStyle='LTR', name='demo_end_text', opacity=1.0, ori=0, pos=array([0., 0.]), rgb=array([0., 0., 0.]), text=str(...), units='height', win=Window(...), wrapWidth=1)
5.4109 	EXP 	Created start_practice_text = TextStim(__class__=<class 'psychopy.visual.text.TextStim'>, alignHoriz=method-wrapper(...), alignText='center', alignVert=method-wrapper(...), anchorHoriz='center', anchorVert='center', antialias=True, autoLog=True, bold=False, color='black', colorSpace='named', contrast=1.0, depth=0.0, flipHoriz=False, flipVert=False, font='Arial', fontFiles=[], height=0.1, italic=False, languageStyle='LTR', name='start_practice_text', opacity=1.0, ori=0, pos=array([0., 0.]), rgb=array([0., 0., 0.]), text='Kezdődik a gyakorlás...', units='height', win=Window(...), wrapWidth=1)
5.4140 	EXP 	Created rec_practice_block_text = TextStim(__class__=<class 'psychopy.visual.text.TextStim'>, alignHoriz=method-wrapper(...), alignText='center', alignVert=method-wrapper(...), anchorHoriz='center', anchorVert='center', antialias=True, autoLog=True, bold=False, color='black', colorSpace='named', contrast=1.0, depth=-1.0, flipHoriz=False, flipVert=False, font='Arial', fontFiles=[], height=0.1, italic=False, languageStyle='LTR', name='rec_practice_block_text', opacity=1.0, ori=0, pos=array([0., 0.]), rgb=array([0., 0., 0.]), text='default text', units='height', win=Window(...), wrapWidth=1)
5.4296 	EXP 	Created rec_fx_map = ImageStim(__class__=<class 'psychopy.visual.image.ImageStim'>, autoLog=True, color=array([1., 1., 1.]), colorSpace='rgb', contrast=1.0, depth=0.0, flipHoriz=False, flipVert=False, image='stimuli/GalleryPlanInside.jpg', interpolate=True, mask=None, maskParams=None, name='rec_fx_map', opacity=1.0, ori=0.0, pos=array([  0., -25.]), size=array([1040., 1000.]), texRes=128, units='pix', win=Window(...))
5.4317 	EXP 	Created rec_fx_cross = TextStim(__class__=<class 'psychopy.visual.text.TextStim'>, alignHoriz=method-wrapper(...), alignText='center', alignVert=method-wrapper(...), anchorHoriz='center', anchorVert='center', antialias=True, autoLog=True, bold=False, color='black', colorSpace='named', contrast=1.0, depth=-1.0, flipHoriz=False, flipVert=False, font='Arial', fontFiles=[], height=50, italic=False, languageStyle='LTR', name='rec_fx_cross', opacity=1.0, ori=0, pos=array([0., 0.]), rgb=array([0., 0., 0.]), text='+', units='pix', win=Window(...), wrapWidth=500)
5.4473 	EXP 	Created rec_trial_map = ImageStim(__class__=<class 'psychopy.visual.image.ImageStim'>, autoLog=True, color=array([1., 1., 1.]), colorSpace='rgb', contrast=1.0, depth=0.0, flipHoriz=False, flipVert=False, image='stimuli/GalleryPlanInside.jpg', interpolate=True, mask=None, maskParams=None, name='rec_trial_map', opacity=1.0, ori=0.0, pos=array([  0., -25.]), size=array([1040., 1000.]), texRes=128, units='pix', win=Window(...))
5.4487 	EXP 	Created rec_trial_main_image = ImageStim(__class__=<class 'psychopy.visual.image.ImageStim'>, autoLog=True, color=array([1., 1., 1.]), colorSpace='rgb', contrast=1.0, depth=-1.0, flipHoriz=False, flipVert=False, image='sin', interpolate=True, mask=None, maskParams=None, name='rec_trial_main_image', opacity=1.0, ori=0.0, pos=array([0., 0.]), size=array([300., 300.]), texRes=128, units='pix', win=Window(...))
5.4627 	EXP 	Created end_practice_text = TextStim(__class__=<class 'psychopy.visual.text.TextStim'>, alignHoriz=method-wrapper(...), alignText='center', alignVert=method-wrapper(...), anchorHoriz='center', anchorVert='center', antialias=True, autoLog=True, bold=False, color='black', colorSpace='named', contrast=1.0, depth=0.0, flipHoriz=False, flipVert=False, font='Arial', fontFiles=[], height=0.05, italic=False, languageStyle='LTR', name='end_practice_text', opacity=1.0, ori=0, pos=array([0., 0.]), rgb=array([0., 0., 0.]), text=str(...), units='height', win=Window(...), wrapWidth=0.8)
5.4652 	EXP 	Created start_rec_run_text = TextStim(__class__=<class 'psychopy.visual.text.TextStim'>, alignHoriz=method-wrapper(...), alignText='center', alignVert=method-wrapper(...), anchorHoriz='center', anchorVert='center', antialias=True, autoLog=True, bold=False, color='black', colorSpace='named', contrast=1.0, depth=-1.0, flipHoriz=False, flipVert=False, font='Arial', fontFiles=[], height=0.1, italic=False, languageStyle='LTR', name='start_rec_run_text', opacity=1.0, ori=0, pos=array([0., 0.]), rgb=array([0., 0., 0.]), text='Kezdődik a feladat...', units='height', win=Window(...), wrapWidth=1)
5.4675 	EXP 	Created start_rec_block_text = TextStim(__class__=<class 'psychopy.visual.text.TextStim'>, alignHoriz=method-wrapper(...), alignText='center', alignVert=method-wrapper(...), anchorHoriz='center', anchorVert='center', antialias=True, autoLog=True, bold=False, color='black', colorSpace='named', contrast=1.0, depth=-1.0, flipHoriz=False, flipVert=False, font='Arial', fontFiles=[], height=0.1, italic=False, languageStyle='LTR', name='start_rec_block_text', opacity=1.0, ori=0, pos=array([0., 0.]), rgb=array([0., 0., 0.]), text='default text', units='height', win=Window(...), wrapWidth=1)
5.4831 	EXP 	Created rec_fx_map = ImageStim(__class__=<class 'psychopy.visual.image.ImageStim'>, autoLog=True, color=array([1., 1., 1.]), colorSpace='rgb', contrast=1.0, depth=0.0, flipHoriz=False, flipVert=False, image='stimuli/GalleryPlanInside.jpg', interpolate=True, mask=None, maskParams=None, name='rec_fx_map', opacity=1.0, ori=0.0, pos=array([  0., -25.]), size=array([1040., 1000.]), texRes=128, units='pix', win=Window(...))
5.4846 	EXP 	Created rec_fx_cross = TextStim(__class__=<class 'psychopy.visual.text.TextStim'>, alignHoriz=method-wrapper(...), alignText='center', alignVert=method-wrapper(...), anchorHoriz='center', anchorVert='center', antialias=True, autoLog=True, bold=False, color='black', colorSpace='named', contrast=1.0, depth=-1.0, flipHoriz=False, flipVert=False, font='Arial', fontFiles=[], height=50, italic=False, languageStyle='LTR', name='rec_fx_cross', opacity=1.0, ori=0, pos=array([0., 0.]), rgb=array([0., 0., 0.]), text='+', units='pix', win=Window(...), wrapWidth=500)
5.4997 	EXP 	Created rec_trial_map = ImageStim(__class__=<class 'psychopy.visual.image.ImageStim'>, autoLog=True, color=array([1., 1., 1.]), colorSpace='rgb', contrast=1.0, depth=0.0, flipHoriz=False, flipVert=False, image='stimuli/GalleryPlanInside.jpg', interpolate=True, mask=None, maskParams=None, name='rec_trial_map', opacity=1.0, ori=0.0, pos=array([  0., -25.]), size=array([1040., 1000.]), texRes=128, units='pix', win=Window(...))
5.5011 	EXP 	Created rec_trial_main_image = ImageStim(__class__=<class 'psychopy.visual.image.ImageStim'>, autoLog=True, color=array([1., 1., 1.]), colorSpace='rgb', contrast=1.0, depth=-1.0, flipHoriz=False, flipVert=False, image='sin', interpolate=True, mask=None, maskParams=None, name='rec_trial_main_image', opacity=1.0, ori=0.0, pos=array([0., 0.]), size=array([300., 300.]), texRes=128, units='pix', win=Window(...))
5.5035 	EXP 	Created end_rec_run_text = TextStim(__class__=<class 'psychopy.visual.text.TextStim'>, alignHoriz=method-wrapper(...), alignText='center', alignVert=method-wrapper(...), anchorHoriz='center', anchorVert='center', antialias=True, autoLog=True, bold=False, color='black', colorSpace='named', contrast=1.0, depth=0.0, flipHoriz=False, flipVert=False, font='Arial', fontFiles=[], height=0.1, italic=False, languageStyle='LTR', name='end_rec_run_text', opacity=1.0, ori=0, pos=array([0., 0.]), rgb=array([0., 0., 0.]), text='default text', units='height', win=Window(...), wrapWidth=1)
5.5072 	EXP 	lab_thanks: autoDraw = True
9.2474 	DATA 	Mouse: Left button down, pos=(1756,179)
9.3746 	DATA 	Mouse:  Left button up, pos=(1756,179)
10.0124 	DATA 	Keypress: right
10.0177 	EXP 	lab_thanks: autoDraw = False
10.0177 	EXP 	start_encoding_text: text = 'Első feladat\nGaléria berendezés'
10.0177 	EXP 	start_encoding_text: autoDraw = True
11.5194 	EXP 	start_encoding_text: autoDraw = False
11.5194 	EXP 	start_encoding_text: autoDraw = False
11.5194 	EXP 	enc_instructions_1_text: autoDraw = True
11.5194 	EXP 	enc_instructions_1_image: autoDraw = True
16.7298 	DATA 	Keypress: right
16.7332 	EXP 	enc_instructions_1_text: autoDraw = False
16.7332 	EXP 	enc_instructions_1_image: autoDraw = False
16.7332 	EXP 	enc_instructions_2_text: autoDraw = True
16.7332 	EXP 	enc_instructions_2_image: autoDraw = True
17.7967 	DATA 	Keypress: right
17.8010 	EXP 	enc_instructions_2_text: autoDraw = False
17.8010 	EXP 	enc_instructions_2_image: autoDraw = False
17.8010 	EXP 	enc_instructions_3_text: autoDraw = True
20.1195 	DATA 	Keypress: right
20.1209 	EXP 	enc_instructions_3_text: autoDraw = False
20.1209 	EXP 	start_practice_text: autoDraw = True
21.1267 	EXP 	Imported encoding_practice_trials.csv as conditions, 5 conditions, 9 params
21.1270 	EXP 	Created sequence: random, trialTypes=5, nReps=1, seed=None
21.1274 	EXP 	New trial (rep=0, index=0): OrderedDict([('Task', 'EncodingPractice'), ('TrialType', 'OBJ'), ('StimType', 'TARGET'), ('Order', 1), ('CurrentImage', 'stimuli/fractals/167a.jpg'), ('CurrentX', 300.0), ('CurrentY', 0.0), ('Jitter', 500), ('Section', 'Encoding')])
21.1317 	EXP 	start_practice_text: autoDraw = False
21.1317 	EXP 	start_practice_text: autoDraw = False
21.1317 	EXP 	enc_fx_cross: pos = array([300.,   0.])
21.1317 	EXP 	enc_fx_map: autoDraw = True
21.1317 	EXP 	enc_fx_cross: autoDraw = True
21.6723 	EXP 	enc_fx_map: autoDraw = False
21.6723 	EXP 	enc_fx_cross: autoDraw = False
21.6723 	EXP 	enc_fx_map: autoDraw = False
21.6723 	EXP 	enc_fx_cross: autoDraw = False
21.6723 	EXP 	enc_trial_main_image: pos = array([300.,   0.])
21.6723 	EXP 	enc_trial_main_image: image = 'stimuli/fractals/167a.jpg'
21.6723 	EXP 	enc_trial_map: autoDraw = True
21.6723 	EXP 	enc_trial_main_image: autoDraw = True
22.9748 	DATA 	Keypress: j
24.7130 	EXP 	enc_trial_map: autoDraw = False
24.7130 	EXP 	enc_trial_main_image: autoDraw = False
24.7130 	EXP 	enc_practice_feedback_image: pos = array([300.,   0.])
24.7130 	EXP 	enc_practice_feedback_image: image = 'stimuli/fractals/167a.jpg'
24.7130 	EXP 	enc_practice_feedback_text: text = 'Az Ön válasza:\nA kép marad.'
24.7130 	EXP 	enc_practice_feedback_map: autoDraw = True
24.7130 	EXP 	enc_practice_feedback_image: autoDraw = True
24.7130 	EXP 	enc_practice_feedback_text: autoDraw = True
25.6390 	EXP 	New trial (rep=0, index=1): OrderedDict([('Task', 'EncodingPractice'), ('TrialType', 'LOC'), ('StimType', 'LURE'), ('Order', 1), ('CurrentImage', 'stimuli/fractals/159a.jpg'), ('CurrentX', 0.0), ('CurrentY', 300.0), ('Jitter', 5000), ('Section', 'Encoding')])
25.6437 	EXP 	enc_practice_feedback_map: autoDraw = False
25.6437 	EXP 	enc_practice_feedback_image: autoDraw = False
25.6437 	EXP 	enc_practice_feedback_text: autoDraw = False
25.6437 	EXP 	enc_fx_cross: pos = array([  0., 300.])
25.6437 	EXP 	enc_fx_map: autoDraw = True
25.6437 	EXP 	enc_fx_cross: autoDraw = True
27.0153 	DATA 	Keypress: f
30.7236 	EXP 	enc_fx_map: autoDraw = False
30.7236 	EXP 	enc_fx_cross: autoDraw = False
30.7236 	EXP 	enc_fx_map: autoDraw = False
30.7236 	EXP 	enc_fx_cross: autoDraw = False
30.7236 	EXP 	enc_trial_main_image: pos = array([  0., 300.])
30.7236 	EXP 	enc_trial_main_image: image = 'stimuli/fractals/159a.jpg'
30.7236 	EXP 	enc_trial_map: autoDraw = True
30.7236 	EXP 	enc_trial_main_image: autoDraw = True
31.9716 	DATA 	Keypress: f
33.7305 	EXP 	enc_trial_map: autoDraw = False
33.7305 	EXP 	enc_trial_main_image: autoDraw = False
33.7305 	EXP 	enc_practice_feedback_image: pos = array([  0., 300.])
33.7305 	EXP 	enc_practice_feedback_image: image = 'stimuli/fractals/159a.jpg'
33.7305 	EXP 	enc_practice_feedback_text: text = 'Az Ön válasza:\nA kép nem marad.'
33.7305 	EXP 	enc_practice_feedback_map: autoDraw = True
33.7305 	EXP 	enc_practice_feedback_image: autoDraw = True
33.7305 	EXP 	enc_practice_feedback_text: autoDraw = True
34.6499 	EXP 	New trial (rep=0, index=2): OrderedDict([('Task', 'EncodingPractice'), ('TrialType', 'LOC'), ('StimType', 'TARGET'), ('Order', 1), ('CurrentImage', 'stimuli/fractals/166a.jpg'), ('CurrentX', -300.0), ('CurrentY', 0.0), ('Jitter', 1500), ('Section', 'Encoding')])
34.6546 	EXP 	enc_practice_feedback_map: autoDraw = False
34.6546 	EXP 	enc_practice_feedback_image: autoDraw = False
34.6546 	EXP 	enc_practice_feedback_text: autoDraw = False
34.6546 	EXP 	enc_fx_cross: pos = array([-300.,    0.])
34.6546 	EXP 	enc_fx_map: autoDraw = True
34.6546 	EXP 	enc_fx_cross: autoDraw = True
36.2201 	DATA 	Keypress: f
36.2264 	EXP 	enc_fx_map: autoDraw = False
36.2264 	EXP 	enc_fx_cross: autoDraw = False
36.2264 	EXP 	enc_fx_map: autoDraw = False
36.2264 	EXP 	enc_fx_cross: autoDraw = False
36.2264 	EXP 	enc_trial_main_image: pos = array([-300.,    0.])
36.2264 	EXP 	enc_trial_main_image: image = 'stimuli/fractals/166a.jpg'
36.2264 	EXP 	enc_trial_map: autoDraw = True
36.2264 	EXP 	enc_trial_main_image: autoDraw = True
38.5229 	DATA 	Keypress: f
39.2306 	EXP 	enc_trial_map: autoDraw = False
39.2306 	EXP 	enc_trial_main_image: autoDraw = False
39.2306 	EXP 	enc_practice_feedback_image: pos = array([-300.,    0.])
39.2306 	EXP 	enc_practice_feedback_image: image = 'stimuli/fractals/166a.jpg'
39.2306 	EXP 	enc_practice_feedback_text: text = 'Az Ön válasza:\nA kép nem marad.'
39.2306 	EXP 	enc_practice_feedback_map: autoDraw = True
39.2306 	EXP 	enc_practice_feedback_image: autoDraw = True
39.2306 	EXP 	enc_practice_feedback_text: autoDraw = True
40.1601 	EXP 	New trial (rep=0, index=3): OrderedDict([('Task', 'EncodingPractice'), ('TrialType', 'LOC'), ('StimType', 'FOIL'), ('Order', 1), ('CurrentImage', 'stimuli/fractals/148b.jpg'), ('CurrentX', 212.1320344), ('CurrentY', 212.1320344), ('Jitter', 1000), ('Section', 'Encoding')])
40.1649 	EXP 	enc_practice_feedback_map: autoDraw = False
40.1649 	EXP 	enc_practice_feedback_image: autoDraw = False
40.1649 	EXP 	enc_practice_feedback_text: autoDraw = False
40.1649 	EXP 	enc_fx_cross: pos = array([212.1320344, 212.1320344])
40.1649 	EXP 	enc_fx_map: autoDraw = True
40.1649 	EXP 	enc_fx_cross: autoDraw = True
41.2346 	EXP 	enc_fx_map: autoDraw = False
41.2346 	EXP 	enc_fx_cross: autoDraw = False
41.2346 	EXP 	enc_fx_map: autoDraw = False
41.2346 	EXP 	enc_fx_cross: autoDraw = False
41.2346 	EXP 	enc_trial_main_image: pos = array([212.1320344, 212.1320344])
41.2346 	EXP 	enc_trial_main_image: image = 'stimuli/fractals/148b.jpg'
41.2346 	EXP 	enc_trial_map: autoDraw = True
41.2346 	EXP 	enc_trial_main_image: autoDraw = True
44.2404 	EXP 	enc_trial_map: autoDraw = False
44.2404 	EXP 	enc_trial_main_image: autoDraw = False
44.2404 	EXP 	enc_practice_feedback_image: pos = array([212.1320344, 212.1320344])
44.2404 	EXP 	enc_practice_feedback_image: image = 'stimuli/fractals/148b.jpg'
44.2404 	EXP 	enc_practice_feedback_text: text = 'Nem adott választ.'
44.2404 	EXP 	enc_practice_feedback_map: autoDraw = True
44.2404 	EXP 	enc_practice_feedback_image: autoDraw = True
44.2404 	EXP 	enc_practice_feedback_text: autoDraw = True
45.1697 	EXP 	New trial (rep=0, index=4): OrderedDict([('Task', 'EncodingPractice'), ('TrialType', '-'), ('StimType', '-'), ('Order', 1), ('CurrentImage', 'stimuli/fractals/177b.jpg'), ('CurrentX', 300.0), ('CurrentY', 0.0), ('Jitter', 800), ('Section', 'Encoding')])
45.1743 	EXP 	enc_practice_feedback_map: autoDraw = False
45.1743 	EXP 	enc_practice_feedback_image: autoDraw = False
45.1743 	EXP 	enc_practice_feedback_text: autoDraw = False
45.1743 	EXP 	enc_fx_cross: pos = array([300.,   0.])
45.1743 	EXP 	enc_fx_map: autoDraw = True
45.1743 	EXP 	enc_fx_cross: autoDraw = True
46.0608 	EXP 	enc_fx_map: autoDraw = False
46.0608 	EXP 	enc_fx_cross: autoDraw = False
46.0608 	EXP 	enc_fx_map: autoDraw = False
46.0608 	EXP 	enc_fx_cross: autoDraw = False
46.0608 	EXP 	enc_trial_main_image: pos = array([300.,   0.])
46.0608 	EXP 	enc_trial_main_image: image = 'stimuli/fractals/177b.jpg'
46.0608 	EXP 	enc_trial_map: autoDraw = True
46.0608 	EXP 	enc_trial_main_image: autoDraw = True
46.6235 	DATA 	Keypress: j
49.0614 	EXP 	enc_trial_map: autoDraw = False
49.0614 	EXP 	enc_trial_main_image: autoDraw = False
49.0614 	EXP 	enc_practice_feedback_image: pos = array([300.,   0.])
49.0614 	EXP 	enc_practice_feedback_image: image = 'stimuli/fractals/177b.jpg'
49.0614 	EXP 	enc_practice_feedback_text: text = 'Az Ön válasza:\nA kép marad.'
49.0614 	EXP 	enc_practice_feedback_map: autoDraw = True
49.0614 	EXP 	enc_practice_feedback_image: autoDraw = True
49.0614 	EXP 	enc_practice_feedback_text: autoDraw = True
49.9850 	EXP 	enc_practice_feedback_map: autoDraw = False
49.9850 	EXP 	enc_practice_feedback_image: autoDraw = False
49.9850 	EXP 	enc_practice_feedback_text: autoDraw = False
49.9850 	EXP 	end_practice_text: autoDraw = True
65.3540 	DATA 	Keypress: right
65.3546 	EXP 	Created sequence: sequential, trialTypes=1, nReps=3, seed=None
65.3550 	EXP 	New trial (rep=0, index=0): None
65.3568 	EXP 	end_practice_text: autoDraw = False
65.3568 	EXP 	start_enc_run_text: autoDraw = True
67.4237 	EXP 	Imported stimuli_tables/encoding_trials_0.csv as conditions, 2 conditions, 20 params
67.4247 	EXP 	Created sequence: sequential, trialTypes=2, nReps=1, seed=None
67.4254 	EXP 	New trial (rep=0, index=0): OrderedDict([('TrialIndex', 1), ('Jitter', 2000), ('ScannerRun', 1), ('StimType', 'OLP'), ('Order', 1), ('Delay', 3), ('CurrentImage', 'stimuli/fractals/101b.jpg'), ('CurrentX', 212.1320344), ('CurrentY', 212.1320344), ('TripletMemberA', 'stimuli/fractals/101b.jpg'), ('TripletMemberB', 'stimuli/fractals/101a.jpg'), ('TripletMemberC', 'stimuli/fractals/101c.jpg'), ('Xcoordinate', 212.1320344), ('Ycoordinate', 212.1320344), ('Xcoordinate_lure1', 0.0), ('Ycoordinate_lure1', 300.0), ('Xcoordinate_lure2', 300.0), ('Ycoordinate_lure2', 0.0), ('Xcoordinate_foil', -212.1320344), ('Ycoordinate_foil', -212.1320344)])
67.4303 	EXP 	start_enc_run_text: autoDraw = False
67.4303 	EXP 	start_enc_run_text: autoDraw = False
67.4303 	EXP 	enc_fx_cross: pos = array([212.1320344, 212.1320344])
67.4303 	EXP 	enc_fx_map: autoDraw = True
67.4303 	EXP 	enc_fx_cross: autoDraw = True
69.5022 	EXP 	enc_fx_map: autoDraw = False
69.5022 	EXP 	enc_fx_cross: autoDraw = False
69.5022 	EXP 	enc_fx_map: autoDraw = False
69.5022 	EXP 	enc_fx_cross: autoDraw = False
69.5022 	EXP 	enc_trial_main_image: pos = array([212.1320344, 212.1320344])
69.5022 	EXP 	enc_trial_main_image: image = 'stimuli/fractals/101b.jpg'
69.5022 	EXP 	enc_trial_map: autoDraw = True
69.5022 	EXP 	enc_trial_main_image: autoDraw = True
72.4375 	EXP 	New trial (rep=0, index=1): OrderedDict([('TrialIndex', 2), ('Jitter', 6000), ('ScannerRun', 1), ('StimType', 'OLP'), ('Order', 1), ('Delay', 3), ('CurrentImage', 'stimuli/fractals/97b.jpg'), ('CurrentX', 212.1320344), ('CurrentY', -212.1320344), ('TripletMemberA', 'stimuli/fractals/97b.jpg'), ('TripletMemberB', 'stimuli/fractals/97c.jpg'), ('TripletMemberC', 'stimuli/fractals/97a.jpg'), ('Xcoordinate', 212.1320344), ('Ycoordinate', -212.1320344), ('Xcoordinate_lure1', 0.0), ('Ycoordinate_lure1', -300.0), ('Xcoordinate_lure2', 300.0), ('Ycoordinate_lure2', 0.0), ('Xcoordinate_foil', -212.1320344), ('Ycoordinate_foil', 212.1320344)])
72.4422 	EXP 	enc_trial_map: autoDraw = False
72.4422 	EXP 	enc_trial_main_image: autoDraw = False
72.4422 	EXP 	enc_fx_cross: pos = array([ 212.1320344, -212.1320344])
72.4422 	EXP 	enc_fx_map: autoDraw = True
72.4422 	EXP 	enc_fx_cross: autoDraw = True
74.2343 	DATA 	Keypress: j
78.5143 	EXP 	enc_fx_map: autoDraw = False
78.5143 	EXP 	enc_fx_cross: autoDraw = False
78.5143 	EXP 	enc_fx_map: autoDraw = False
78.5143 	EXP 	enc_fx_cross: autoDraw = False
78.5143 	EXP 	enc_trial_main_image: pos = array([ 212.1320344, -212.1320344])
78.5143 	EXP 	enc_trial_main_image: image = 'stimuli/fractals/97b.jpg'
78.5143 	EXP 	enc_trial_map: autoDraw = True
78.5143 	EXP 	enc_trial_main_image: autoDraw = True
81.4600 	EXP 	enc_trial_map: autoDraw = False
81.4600 	EXP 	enc_trial_main_image: autoDraw = False
81.4600 	EXP 	end_enc_run_text: text = 'Szünet\nA folytatáshoz nyomja le a jobb nyilat'
81.4600 	EXP 	end_enc_run_text: autoDraw = True
84.4926 	DATA 	Keypress: right
84.4945 	EXP 	New trial (rep=1, index=0): None
84.4960 	EXP 	end_enc_run_text: autoDraw = False
84.4960 	EXP 	start_enc_run_text: autoDraw = True
86.5625 	EXP 	Imported stimuli_tables/encoding_trials_0.csv as conditions, 2 conditions, 20 params
86.5635 	EXP 	Created sequence: sequential, trialTypes=2, nReps=1, seed=None
86.5643 	EXP 	New trial (rep=0, index=0): OrderedDict([('TrialIndex', 3), ('Jitter', 2000), ('ScannerRun', 1), ('StimType', 'LLP'), ('Order', 1), ('Delay', 5), ('CurrentImage', 'stimuli/fractals/76b.jpg'), ('CurrentX', 212.1320344), ('CurrentY', 212.1320344), ('TripletMemberA', 'stimuli/fractals/76b.jpg'), ('TripletMemberB', 'stimuli/fractals/76c.jpg'), ('TripletMemberC', 'stimuli/fractals/76a.jpg'), ('Xcoordinate', 212.1320344), ('Ycoordinate', 212.1320344), ('Xcoordinate_lure1', 300.0), ('Ycoordinate_lure1', 0.0), ('Xcoordinate_lure2', 0.0), ('Ycoordinate_lure2', 300.0), ('Xcoordinate_foil', -212.1320344), ('Ycoordinate_foil', -212.1320344)])
86.5694 	EXP 	start_enc_run_text: autoDraw = False
86.5694 	EXP 	start_enc_run_text: autoDraw = False
86.5694 	EXP 	enc_fx_cross: pos = array([212.1320344, 212.1320344])
86.5694 	EXP 	enc_fx_map: autoDraw = True
86.5694 	EXP 	enc_fx_cross: autoDraw = True
88.6417 	EXP 	enc_fx_map: autoDraw = False
88.6417 	EXP 	enc_fx_cross: autoDraw = False
88.6417 	EXP 	enc_fx_map: autoDraw = False
88.6417 	EXP 	enc_fx_cross: autoDraw = False
88.6417 	EXP 	enc_trial_main_image: pos = array([212.1320344, 212.1320344])
88.6417 	EXP 	enc_trial_main_image: image = 'stimuli/fractals/76b.jpg'
88.6417 	EXP 	enc_trial_map: autoDraw = True
88.6417 	EXP 	enc_trial_main_image: autoDraw = True
91.5769 	EXP 	New trial (rep=0, index=1): OrderedDict([('TrialIndex', 4), ('Jitter', 1000), ('ScannerRun', 1), ('StimType', 'ERP'), ('Order', 1), ('Delay', 2), ('CurrentImage', 'stimuli/fractals/19a.jpg'), ('CurrentX', 212.1320344), ('CurrentY', -212.1320344), ('TripletMemberA', 'stimuli/fractals/19a.jpg'), ('TripletMemberB', 'stimuli/fractals/19c.jpg'), ('TripletMemberC', 'stimuli/fractals/19b.jpg'), ('Xcoordinate', 212.1320344), ('Ycoordinate', -212.1320344), ('Xcoordinate_lure1', 300.0), ('Ycoordinate_lure1', 0.0), ('Xcoordinate_lure2', 0.0), ('Ycoordinate_lure2', -300.0), ('Xcoordinate_foil', -300.0), ('Ycoordinate_foil', 0.0)])
91.5820 	EXP 	enc_trial_map: autoDraw = False
91.5820 	EXP 	enc_trial_main_image: autoDraw = False
91.5820 	EXP 	enc_fx_cross: pos = array([ 212.1320344, -212.1320344])
91.5820 	EXP 	enc_fx_map: autoDraw = True
91.5820 	EXP 	enc_fx_cross: autoDraw = True
92.6534 	EXP 	enc_fx_map: autoDraw = False
92.6534 	EXP 	enc_fx_cross: autoDraw = False
92.6534 	EXP 	enc_fx_map: autoDraw = False
92.6534 	EXP 	enc_fx_cross: autoDraw = False
92.6534 	EXP 	enc_trial_main_image: pos = array([ 212.1320344, -212.1320344])
92.6534 	EXP 	enc_trial_main_image: image = 'stimuli/fractals/19a.jpg'
92.6534 	EXP 	enc_trial_map: autoDraw = True
92.6534 	EXP 	enc_trial_main_image: autoDraw = True
93.8570 	DATA 	Keypress: right
95.5911 	EXP 	enc_trial_map: autoDraw = False
95.5911 	EXP 	enc_trial_main_image: autoDraw = False
95.5911 	EXP 	end_enc_run_text: text = 'Szünet\nA folytatáshoz nyomja le a jobb nyilat'
95.5911 	EXP 	end_enc_run_text: autoDraw = True
113.0372 	DATA 	Keypress: right
113.0386 	EXP 	New trial (rep=2, index=0): None
113.0401 	EXP 	end_enc_run_text: autoDraw = False
113.0401 	EXP 	start_enc_run_text: autoDraw = True
115.1055 	EXP 	Imported stimuli_tables/encoding_trials_0.csv as conditions, 2 conditions, 20 params
115.1065 	EXP 	Created sequence: sequential, trialTypes=2, nReps=1, seed=None
115.1073 	EXP 	New trial (rep=0, index=0): OrderedDict([('TrialIndex', 5), ('Jitter', 5000), ('ScannerRun', 1), ('StimType', 'OLP'), ('Order', 2), ('Delay', 0), ('CurrentImage', 'stimuli/fractals/101a.jpg'), ('CurrentX', 212.1320344), ('CurrentY', 212.1320344), ('TripletMemberA', 'stimuli/fractals/101b.jpg'), ('TripletMemberB', 'stimuli/fractals/101a.jpg'), ('TripletMemberC', 'stimuli/fractals/101c.jpg'), ('Xcoordinate', 212.1320344), ('Ycoordinate', 212.1320344), ('Xcoordinate_lure1', 0.0), ('Ycoordinate_lure1', 300.0), ('Xcoordinate_lure2', 300.0), ('Ycoordinate_lure2', 0.0), ('Xcoordinate_foil', -212.1320344), ('Ycoordinate_foil', -212.1320344)])
115.1122 	EXP 	start_enc_run_text: autoDraw = False
115.1122 	EXP 	start_enc_run_text: autoDraw = False
115.1122 	EXP 	enc_fx_cross: pos = array([212.1320344, 212.1320344])
115.1122 	EXP 	enc_fx_map: autoDraw = True
115.1122 	EXP 	enc_fx_cross: autoDraw = True
120.1834 	EXP 	enc_fx_map: autoDraw = False
120.1834 	EXP 	enc_fx_cross: autoDraw = False
120.1834 	EXP 	enc_fx_map: autoDraw = False
120.1834 	EXP 	enc_fx_cross: autoDraw = False
120.1834 	EXP 	enc_trial_main_image: pos = array([212.1320344, 212.1320344])
120.1834 	EXP 	enc_trial_main_image: image = 'stimuli/fractals/101a.jpg'
120.1834 	EXP 	enc_trial_map: autoDraw = True
120.1834 	EXP 	enc_trial_main_image: autoDraw = True
123.1180 	EXP 	New trial (rep=0, index=1): OrderedDict([('TrialIndex', 6), ('Jitter', 3000), ('ScannerRun', 1), ('StimType', 'OLP'), ('Order', 2), ('Delay', 0), ('CurrentImage', 'stimuli/fractals/97c.jpg'), ('CurrentX', 212.1320344), ('CurrentY', -212.1320344), ('TripletMemberA', 'stimuli/fractals/97b.jpg'), ('TripletMemberB', 'stimuli/fractals/97c.jpg'), ('TripletMemberC', 'stimuli/fractals/97a.jpg'), ('Xcoordinate', 212.1320344), ('Ycoordinate', -212.1320344), ('Xcoordinate_lure1', 0.0), ('Ycoordinate_lure1', -300.0), ('Xcoordinate_lure2', 300.0), ('Ycoordinate_lure2', 0.0), ('Xcoordinate_foil', -212.1320344), ('Ycoordinate_foil', 212.1320344)])
123.1231 	EXP 	enc_trial_map: autoDraw = False
123.1231 	EXP 	enc_trial_main_image: autoDraw = False
123.1231 	EXP 	enc_fx_cross: pos = array([ 212.1320344, -212.1320344])
123.1231 	EXP 	enc_fx_map: autoDraw = True
123.1231 	EXP 	enc_fx_cross: autoDraw = True
126.1949 	EXP 	enc_fx_map: autoDraw = False
126.1949 	EXP 	enc_fx_cross: autoDraw = False
126.1949 	EXP 	enc_fx_map: autoDraw = False
126.1949 	EXP 	enc_fx_cross: autoDraw = False
126.1949 	EXP 	enc_trial_main_image: pos = array([ 212.1320344, -212.1320344])
126.1949 	EXP 	enc_trial_main_image: image = 'stimuli/fractals/97c.jpg'
126.1949 	EXP 	enc_trial_map: autoDraw = True
126.1949 	EXP 	enc_trial_main_image: autoDraw = True
129.1389 	EXP 	enc_trial_map: autoDraw = False
129.1389 	EXP 	enc_trial_main_image: autoDraw = False
129.1389 	EXP 	end_enc_run_text: text = 'Vége az első feladatnak'
129.1389 	EXP 	end_enc_run_text: autoDraw = True
132.2943 	DATA 	Keypress: right
132.2975 	EXP 	end_enc_run_text: autoDraw = False
132.2975 	EXP 	start_recognition_text: autoDraw = True
134.2977 	EXP 	start_recognition_text: autoDraw = False
134.2977 	EXP 	rec_instructions_1_text: autoDraw = True
140.3815 	DATA 	Keypress: right
140.3855 	EXP 	rec_instructions_1_text: autoDraw = False
140.3855 	EXP 	rec_instructions2_text: autoDraw = True
163.4966 	DATA 	Keypress: right
163.4988 	EXP 	rec_instructions2_text: autoDraw = False
163.4988 	EXP 	rec_instrauction_3_text: autoDraw = True
166.0145 	DATA 	Keypress: right
166.0166 	EXP 	rec_instrauction_3_text: autoDraw = False
166.0166 	EXP 	rec_instructions_4_text: autoDraw = True
167.7997 	DATA 	Keypress: right
167.8096 	EXP 	Imported stimuli_demo.csv as conditions, 10 conditions, 12 params
167.8101 	EXP 	Created sequence: sequential, trialTypes=10, nReps=1, seed=None
167.8107 	EXP 	New trial (rep=0, index=0): OrderedDict([('Task', 'Demo'), ('TrialType', 'OBJ'), ('StimType', 'LURE'), ('CurrentImage', 'stimuli/fractals//181b.jpg'), ('DemoImage', 'stimuli/fractals//181c.jpg'), ('CurrentX', 300.0), ('CurrentY', 0.0), ('DemoX', -300.0), ('DemoY', 0.0), ('InPractice', '-'), ('DemoText', 'Hasonló Képek'), ('Jitter', 2300)])
167.9577 	EXP 	rec_instructions_4_text: autoDraw = False
167.9577 	EXP 	demo_main_image: pos = array([300.,   0.])
167.9577 	EXP 	demo_main_image: image = 'stimuli/fractals//181b.jpg'
167.9577 	EXP 	demo_image: pos = array([-300.,    0.])
167.9577 	EXP 	demo_image: image = 'stimuli/fractals//181c.jpg'
167.9577 	EXP 	demo_text: text = 'Hasonló Képek'
167.9577 	EXP 	demo_map: autoDraw = True
167.9577 	EXP 	demo_main_image: autoDraw = True
167.9577 	EXP 	demo_image: autoDraw = True
167.9577 	EXP 	demo_text: autoDraw = True
169.8747 	DATA 	Keypress: right
174.5283 	DATA 	Keypress: right
174.5356 	EXP 	New trial (rep=0, index=1): OrderedDict([('Task', 'Demo'), ('TrialType', 'OBJ'), ('StimType', 'LURE'), ('CurrentImage', 'stimuli/fractals//149a.jpg'), ('DemoImage', 'stimuli/fractals//149b.jpg'), ('CurrentX', 300.0), ('CurrentY', 0.0), ('DemoX', -300.0), ('DemoY', 0.0), ('InPractice', '-'), ('DemoText', 'Hasonló Képek'), ('Jitter', 1000)])
174.6728 	EXP 	demo_map: autoDraw = False
174.6728 	EXP 	demo_main_image: autoDraw = False
174.6728 	EXP 	demo_image: autoDraw = False
174.6728 	EXP 	demo_text: autoDraw = False
174.6728 	EXP 	demo_main_image: pos = array([300.,   0.])
174.6728 	EXP 	demo_main_image: image = 'stimuli/fractals//149a.jpg'
174.6728 	EXP 	demo_image: pos = array([-300.,    0.])
174.6728 	EXP 	demo_image: image = 'stimuli/fractals//149b.jpg'
174.6728 	EXP 	demo_text: text = 'Hasonló Képek'
174.6728 	EXP 	demo_map: autoDraw = True
174.6728 	EXP 	demo_main_image: autoDraw = True
174.6728 	EXP 	demo_image: autoDraw = True
174.6728 	EXP 	demo_text: autoDraw = True
210.2502 	DATA 	Mouse: Left button down, pos=(521,358)
210.3481 	DATA 	Mouse:  Left button up, pos=(521,358)
211.3561 	DATA 	Keypress: right
211.3582 	EXP 	New trial (rep=0, index=2): OrderedDict([('Task', 'Demo'), ('TrialType', 'OBJ'), ('StimType', 'LURE'), ('CurrentImage', 'stimuli/fractals//177b.jpg'), ('DemoImage', 'stimuli/fractals//177c.jpg'), ('CurrentX', 300.0), ('CurrentY', 0.0), ('DemoX', -300.0), ('DemoY', 0.0), ('InPractice', '-'), ('DemoText', 'Hasonló Képek'), ('Jitter', 800)])
211.5066 	EXP 	demo_map: autoDraw = False
211.5066 	EXP 	demo_main_image: autoDraw = False
211.5066 	EXP 	demo_image: autoDraw = False
211.5066 	EXP 	demo_text: autoDraw = False
211.5066 	EXP 	demo_main_image: pos = array([300.,   0.])
211.5066 	EXP 	demo_main_image: image = 'stimuli/fractals//177b.jpg'
211.5066 	EXP 	demo_image: pos = array([-300.,    0.])
211.5066 	EXP 	demo_image: image = 'stimuli/fractals//177c.jpg'
211.5066 	EXP 	demo_text: text = 'Hasonló Képek'
211.5066 	EXP 	demo_map: autoDraw = True
211.5066 	EXP 	demo_main_image: autoDraw = True
211.5066 	EXP 	demo_image: autoDraw = True
211.5066 	EXP 	demo_text: autoDraw = True
212.1255 	DATA 	Keypress: right
213.6470 	DATA 	Keypress: right
213.6527 	EXP 	New trial (rep=0, index=3): OrderedDict([('Task', 'Demo'), ('TrialType', 'OBJ'), ('StimType', 'LURE'), ('CurrentImage', 'stimuli/fractals//167a.jpg'), ('DemoImage', 'stimuli/fractals//167b.jpg'), ('CurrentX', 300.0), ('CurrentY', 0.0), ('DemoX', -300.0), ('DemoY', 0.0), ('InPractice', 'OBJ-TARGET'), ('DemoText', 'Hasonló Képek'), ('Jitter', 1500)])
213.7875 	EXP 	demo_map: autoDraw = False
213.7875 	EXP 	demo_main_image: autoDraw = False
213.7875 	EXP 	demo_image: autoDraw = False
213.7875 	EXP 	demo_text: autoDraw = False
213.7875 	EXP 	demo_main_image: pos = array([300.,   0.])
213.7875 	EXP 	demo_main_image: image = 'stimuli/fractals//167a.jpg'
213.7875 	EXP 	demo_image: pos = array([-300.,    0.])
213.7875 	EXP 	demo_image: image = 'stimuli/fractals//167b.jpg'
213.7875 	EXP 	demo_text: text = 'Hasonló Képek'
213.7875 	EXP 	demo_map: autoDraw = True
213.7875 	EXP 	demo_main_image: autoDraw = True
213.7875 	EXP 	demo_image: autoDraw = True
213.7875 	EXP 	demo_text: autoDraw = True
215.2337 	DATA 	Keypress: right
215.8221 	DATA 	Keypress: right
215.8241 	EXP 	New trial (rep=0, index=4): OrderedDict([('Task', 'Demo'), ('TrialType', 'OBJ'), ('StimType', 'FOIL'), ('CurrentImage', 'stimuli/fractals//163a.jpg'), ('DemoImage', 'stimuli/fractals//173c.jpg'), ('CurrentX', 300.0), ('CurrentY', 0.0), ('DemoX', -300.0), ('DemoY', 0.0), ('InPractice', '-'), ('DemoText', 'Új Képek'), ('Jitter', 600)])
215.9620 	EXP 	demo_map: autoDraw = False
215.9620 	EXP 	demo_main_image: autoDraw = False
215.9620 	EXP 	demo_image: autoDraw = False
215.9620 	EXP 	demo_text: autoDraw = False
215.9620 	EXP 	demo_main_image: pos = array([300.,   0.])
215.9620 	EXP 	demo_main_image: image = 'stimuli/fractals//163a.jpg'
215.9620 	EXP 	demo_image: pos = array([-300.,    0.])
215.9620 	EXP 	demo_image: image = 'stimuli/fractals//173c.jpg'
215.9620 	EXP 	demo_text: text = 'Új Képek'
215.9620 	EXP 	demo_map: autoDraw = True
215.9620 	EXP 	demo_main_image: autoDraw = True
215.9620 	EXP 	demo_image: autoDraw = True
215.9620 	EXP 	demo_text: autoDraw = True
217.2538 	DATA 	Keypress: right
219.1062 	DATA 	Keypress: right
219.1126 	EXP 	New trial (rep=0, index=5): OrderedDict([('Task', 'Demo'), ('TrialType', 'LOC'), ('StimType', 'LURE'), ('CurrentImage', 'stimuli/fractals//166a.jpg'), ('DemoImage', 'stimuli/fractals//166a.jpg'), ('CurrentX', -300.0), ('CurrentY', 0.0), ('DemoX', -212.1320344), ('DemoY', -212.1320344), ('InPractice', 'LOC-TARGET, OBJ-LURE'), ('DemoText', 'Hasonló Helyek'), ('Jitter', 800)])
219.2492 	EXP 	demo_map: autoDraw = False
219.2492 	EXP 	demo_main_image: autoDraw = False
219.2492 	EXP 	demo_image: autoDraw = False
219.2492 	EXP 	demo_text: autoDraw = False
219.2492 	EXP 	demo_main_image: pos = array([-300.,    0.])
219.2492 	EXP 	demo_main_image: image = 'stimuli/fractals//166a.jpg'
219.2492 	EXP 	demo_image: pos = array([-212.1320344, -212.1320344])
219.2492 	EXP 	demo_image: image = 'stimuli/fractals//166a.jpg'
219.2492 	EXP 	demo_text: text = 'Hasonló Helyek'
219.2492 	EXP 	demo_map: autoDraw = True
219.2492 	EXP 	demo_main_image: autoDraw = True
219.2492 	EXP 	demo_image: autoDraw = True
219.2492 	EXP 	demo_text: autoDraw = True
220.1772 	DATA 	Keypress: right
220.5083 	DATA 	Keypress: right
221.0328 	DATA 	Keypress: right
221.8240 	DATA 	Keypress: right
221.8261 	EXP 	New trial (rep=0, index=6): OrderedDict([('Task', 'Demo'), ('TrialType', 'LOC'), ('StimType', 'LURE'), ('CurrentImage', 'stimuli/fractals//159a.jpg'), ('DemoImage', 'stimuli/fractals//159a.jpg'), ('CurrentX', 0.0), ('CurrentY', 300.0), ('DemoX', -212.1320344), ('DemoY', 212.1320344), ('InPractice', 'LOC-LURE'), ('DemoText', 'Hasonló Helyek'), ('Jitter', 1500)])
221.9696 	EXP 	demo_map: autoDraw = False
221.9696 	EXP 	demo_main_image: autoDraw = False
221.9696 	EXP 	demo_image: autoDraw = False
221.9696 	EXP 	demo_text: autoDraw = False
221.9696 	EXP 	demo_main_image: pos = array([  0., 300.])
221.9696 	EXP 	demo_main_image: image = 'stimuli/fractals//159a.jpg'
221.9696 	EXP 	demo_image: pos = array([-212.1320344,  212.1320344])
221.9696 	EXP 	demo_image: image = 'stimuli/fractals//159a.jpg'
221.9696 	EXP 	demo_text: text = 'Hasonló Helyek'
221.9696 	EXP 	demo_map: autoDraw = True
221.9696 	EXP 	demo_main_image: autoDraw = True
221.9696 	EXP 	demo_image: autoDraw = True
221.9696 	EXP 	demo_text: autoDraw = True
222.4576 	DATA 	Keypress: right
222.8108 	DATA 	Keypress: right
223.1648 	DATA 	Keypress: right
223.5601 	DATA 	Keypress: right
223.9792 	DATA 	Keypress: right
223.9812 	EXP 	New trial (rep=0, index=7): OrderedDict([('Task', 'Demo'), ('TrialType', 'LOC'), ('StimType', 'LURE'), ('CurrentImage', 'stimuli/fractals//148b.jpg'), ('DemoImage', 'stimuli/fractals//148b.jpg'), ('CurrentX', 212.1320344), ('CurrentY', 212.1320344), ('DemoX', 0.0), ('DemoY', 300.0), ('InPractice', 'LOC-FOIL'), ('DemoText', 'Hasonló Helyek'), ('Jitter', 800)])
224.1145 	EXP 	demo_map: autoDraw = False
224.1145 	EXP 	demo_main_image: autoDraw = False
224.1145 	EXP 	demo_image: autoDraw = False
224.1145 	EXP 	demo_text: autoDraw = False
224.1145 	EXP 	demo_main_image: pos = array([212.1320344, 212.1320344])
224.1145 	EXP 	demo_main_image: image = 'stimuli/fractals//148b.jpg'
224.1145 	EXP 	demo_image: pos = array([  0., 300.])
224.1145 	EXP 	demo_image: image = 'stimuli/fractals//148b.jpg'
224.1145 	EXP 	demo_text: text = 'Hasonló Helyek'
224.1145 	EXP 	demo_map: autoDraw = True
224.1145 	EXP 	demo_main_image: autoDraw = True
224.1145 	EXP 	demo_image: autoDraw = True
224.1145 	EXP 	demo_text: autoDraw = True
224.6970 	DATA 	Keypress: right
224.9894 	DATA 	Keypress: right
225.3924 	DATA 	Keypress: right
225.9098 	DATA 	Keypress: right
226.3515 	DATA 	Keypress: right
226.3536 	EXP 	New trial (rep=0, index=8): OrderedDict([('Task', 'Demo'), ('TrialType', 'LOC'), ('StimType', 'FOIL'), ('CurrentImage', 'stimuli/fractals//177b.jpg'), ('DemoImage', 'stimuli/fractals//177b.jpg'), ('CurrentX', 300.0), ('CurrentY', 0.0), ('DemoX', -212.1320344), ('DemoY', 212.1320344), ('InPractice', 'OBJ-LURE'), ('DemoText', 'Új Helyek'), ('Jitter', 800)])
226.5013 	EXP 	demo_map: autoDraw = False
226.5013 	EXP 	demo_main_image: autoDraw = False
226.5013 	EXP 	demo_image: autoDraw = False
226.5013 	EXP 	demo_text: autoDraw = False
226.5013 	EXP 	demo_main_image: pos = array([300.,   0.])
226.5013 	EXP 	demo_main_image: image = 'stimuli/fractals//177b.jpg'
226.5013 	EXP 	demo_image: pos = array([-212.1320344,  212.1320344])
226.5013 	EXP 	demo_image: image = 'stimuli/fractals//177b.jpg'
226.5013 	EXP 	demo_text: text = 'Új Helyek'
226.5013 	EXP 	demo_map: autoDraw = True
226.5013 	EXP 	demo_main_image: autoDraw = True
226.5013 	EXP 	demo_image: autoDraw = True
226.5013 	EXP 	demo_text: autoDraw = True
226.9985 	DATA 	Keypress: right
227.4895 	DATA 	Keypress: right
227.9952 	DATA 	Keypress: right
228.5289 	DATA 	Keypress: right
228.5309 	EXP 	New trial (rep=0, index=9): OrderedDict([('Task', 'Demo'), ('TrialType', 'LOC'), ('StimType', 'FOIL'), ('CurrentImage', 'stimuli/fractals//177b.jpg'), ('DemoImage', 'stimuli/fractals//177b.jpg'), ('CurrentX', 300.0), ('CurrentY', 0.0), ('DemoX', -300.0), ('DemoY', 0.0), ('InPractice', 'OBJ-LURE'), ('DemoText', 'Új Helyek'), ('Jitter', 1200)])
228.6748 	EXP 	demo_map: autoDraw = False
228.6748 	EXP 	demo_main_image: autoDraw = False
228.6748 	EXP 	demo_image: autoDraw = False
228.6748 	EXP 	demo_text: autoDraw = False
228.6748 	EXP 	demo_main_image: pos = array([300.,   0.])
228.6748 	EXP 	demo_main_image: image = 'stimuli/fractals//177b.jpg'
228.6748 	EXP 	demo_image: pos = array([-300.,    0.])
228.6748 	EXP 	demo_image: image = 'stimuli/fractals//177b.jpg'
228.6748 	EXP 	demo_text: text = 'Új Helyek'
228.6748 	EXP 	demo_map: autoDraw = True
228.6748 	EXP 	demo_main_image: autoDraw = True
228.6748 	EXP 	demo_image: autoDraw = True
228.6748 	EXP 	demo_text: autoDraw = True
229.1760 	DATA 	Keypress: right
229.7271 	DATA 	Keypress: right
230.0486 	DATA 	Keypress: right
230.3428 	DATA 	Keypress: right
230.6509 	DATA 	Keypress: right
230.9562 	DATA 	Keypress: right
230.9602 	EXP 	demo_map: autoDraw = False
230.9602 	EXP 	demo_main_image: autoDraw = False
230.9602 	EXP 	demo_image: autoDraw = False
230.9602 	EXP 	demo_text: autoDraw = False
230.9602 	EXP 	demo_end_text: autoDraw = True
232.9622 	DATA 	Keypress: right
237.6351 	DATA 	Keypress: right
237.6371 	EXP 	demo_end_text: autoDraw = False
237.6371 	EXP 	start_practice_text: autoDraw = True
238.6358 	EXP 	Created sequence: random, trialTypes=1, nReps=2, seed=None
238.6361 	EXP 	New trial (rep=0, index=0): None
238.6422 	EXP 	start_practice_text: autoDraw = False
238.6422 	EXP 	start_practice_text: autoDraw = False
238.6422 	EXP 	rec_practice_block_text: text = 'LOC'
238.6422 	EXP 	rec_practice_block_text: autoDraw = True
239.6490 	EXP 	Imported recognition_practice_trials.csv as conditions, 3 conditions, 10 params
239.6494 	EXP 	Created sequence: random, trialTypes=3, nReps=1, seed=None
239.6500 	EXP 	New trial (rep=0, index=0): OrderedDict([('Task', 'RecognitionPractice'), ('TrialIndex', 2), ('BlockNr', 1), ('TrialType', 'OBJ'), ('StimType', 'TARGET'), ('CurrentImage', 'stimuli/fractals/167a.jpg'), ('CurrentX', 0.0), ('CurrentY', 300.0), ('Jitter', 2.0), ('Filler', 0)])
239.6550 	EXP 	rec_practice_block_text: autoDraw = False
239.6550 	EXP 	rec_practice_block_text: autoDraw = False
239.6550 	EXP 	rec_fx_cross: pos = array([  0., 300.])
239.6550 	EXP 	rec_fx_map: autoDraw = True
239.6550 	EXP 	rec_fx_cross: autoDraw = True
239.7275 	EXP 	rec_fx_map: autoDraw = False
239.7275 	EXP 	rec_fx_cross: autoDraw = False
239.7275 	EXP 	rec_fx_map: autoDraw = False
239.7275 	EXP 	rec_fx_cross: autoDraw = False
239.7275 	EXP 	rec_trial_main_image: pos = array([  0., 300.])
239.7275 	EXP 	rec_trial_main_image: image = 'stimuli/fractals/167a.jpg'
239.7275 	EXP 	rec_trial_map: autoDraw = True
239.7275 	EXP 	rec_trial_main_image: autoDraw = True
242.6599 	EXP 	New trial (rep=0, index=1): OrderedDict([('Task', 'RecognitionPractice'), ('TrialIndex', 1), ('BlockNr', 1), ('TrialType', 'OBJ'), ('StimType', 'LURE'), ('CurrentImage', 'stimuli/fractals/166c.jpg'), ('CurrentX', -300.0), ('CurrentY', 0.0), ('Jitter', 0.6), ('Filler', 0)])
242.7325 	EXP 	rec_trial_map: autoDraw = False
242.7325 	EXP 	rec_trial_main_image: autoDraw = False
242.7325 	EXP 	rec_fx_cross: pos = array([-300.,    0.])
242.7325 	EXP 	rec_fx_map: autoDraw = True
242.7325 	EXP 	rec_fx_map: autoDraw = False
242.7325 	EXP 	rec_fx_cross: autoDraw = True
242.7325 	EXP 	rec_fx_cross: autoDraw = False
242.7325 	EXP 	rec_fx_map: autoDraw = False
242.7325 	EXP 	rec_fx_cross: autoDraw = False
242.7325 	EXP 	rec_trial_main_image: pos = array([-300.,    0.])
242.7325 	EXP 	rec_trial_main_image: image = 'stimuli/fractals/166c.jpg'
242.7325 	EXP 	rec_trial_map: autoDraw = True
242.7325 	EXP 	rec_trial_main_image: autoDraw = True
245.6635 	EXP 	New trial (rep=0, index=2): OrderedDict([('Task', 'RecognitionPractice'), ('TrialIndex', 1), ('BlockNr', 1), ('TrialType', 'OBJ'), ('StimType', 'FOIL'), ('CurrentImage', 'stimuli/fractals/156b.jpg'), ('CurrentX', 212.1320344), ('CurrentY', 212.1320344), ('Jitter', 0.6), ('Filler', 0)])
245.7362 	EXP 	rec_trial_map: autoDraw = False
245.7362 	EXP 	rec_trial_main_image: autoDraw = False
245.7362 	EXP 	rec_fx_cross: pos = array([212.1320344, 212.1320344])
245.7362 	EXP 	rec_fx_map: autoDraw = True
245.7362 	EXP 	rec_fx_map: autoDraw = False
245.7362 	EXP 	rec_fx_cross: autoDraw = True
245.7362 	EXP 	rec_fx_cross: autoDraw = False
245.7362 	EXP 	rec_fx_map: autoDraw = False
245.7362 	EXP 	rec_fx_cross: autoDraw = False
245.7362 	EXP 	rec_trial_main_image: pos = array([212.1320344, 212.1320344])
245.7362 	EXP 	rec_trial_main_image: image = 'stimuli/fractals/156b.jpg'
245.7362 	EXP 	rec_trial_map: autoDraw = True
245.7362 	EXP 	rec_trial_main_image: autoDraw = True
248.6672 	EXP 	New trial (rep=1, index=0): None
248.6723 	EXP 	rec_trial_map: autoDraw = False
248.6723 	EXP 	rec_trial_main_image: autoDraw = False
248.6723 	EXP 	rec_practice_block_text: text = 'OBJ'
248.6723 	EXP 	rec_practice_block_text: autoDraw = True
249.6744 	EXP 	Imported recognition_practice_trials.csv as conditions, 3 conditions, 10 params
249.6749 	EXP 	Created sequence: random, trialTypes=3, nReps=1, seed=None
249.6755 	EXP 	New trial (rep=0, index=0): OrderedDict([('Task', 'RecognitionPractice'), ('TrialIndex', 6), ('BlockNr', 2), ('TrialType', 'LOC'), ('StimType', 'TARGET'), ('CurrentImage', 'stimuli/fractals/166a.jpg'), ('CurrentX', -300.0), ('CurrentY', 0.0), ('Jitter', 1.0), ('Filler', 0)])
249.6802 	EXP 	rec_practice_block_text: autoDraw = False
249.6802 	EXP 	rec_fx_cross: pos = array([-300.,    0.])
249.6802 	EXP 	rec_fx_map: autoDraw = True
249.6802 	EXP 	rec_fx_cross: autoDraw = True
249.7515 	EXP 	rec_fx_map: autoDraw = False
249.7515 	EXP 	rec_fx_cross: autoDraw = False
249.7515 	EXP 	rec_fx_map: autoDraw = False
249.7515 	EXP 	rec_fx_cross: autoDraw = False
249.7515 	EXP 	rec_trial_main_image: pos = array([-300.,    0.])
249.7515 	EXP 	rec_trial_main_image: image = 'stimuli/fractals/166a.jpg'
249.7515 	EXP 	rec_trial_map: autoDraw = True
249.7515 	EXP 	rec_trial_main_image: autoDraw = True
252.6874 	EXP 	New trial (rep=0, index=1): OrderedDict([('Task', 'RecognitionPractice'), ('TrialIndex', 5), ('BlockNr', 2), ('TrialType', 'LOC'), ('StimType', 'FOIL'), ('CurrentImage', 'stimuli/fractals/148b.jpg'), ('CurrentX', -212.1320344), ('CurrentY', -212.1320344), ('Jitter', 1.5), ('Filler', 0)])
252.6921 	EXP 	rec_trial_map: autoDraw = False
252.6921 	EXP 	rec_trial_main_image: autoDraw = False
252.6921 	EXP 	rec_fx_cross: pos = array([-212.1320344, -212.1320344])
252.6921 	EXP 	rec_fx_map: autoDraw = True
252.6921 	EXP 	rec_fx_cross: autoDraw = True
252.7611 	EXP 	rec_fx_map: autoDraw = False
252.7611 	EXP 	rec_fx_cross: autoDraw = False
252.7611 	EXP 	rec_fx_map: autoDraw = False
252.7611 	EXP 	rec_fx_cross: autoDraw = False
252.7611 	EXP 	rec_trial_main_image: pos = array([-212.1320344, -212.1320344])
252.7611 	EXP 	rec_trial_main_image: image = 'stimuli/fractals/148b.jpg'
252.7611 	EXP 	rec_trial_map: autoDraw = True
252.7611 	EXP 	rec_trial_main_image: autoDraw = True
255.6955 	EXP 	New trial (rep=0, index=2): OrderedDict([('Task', 'RecognitionPractice'), ('TrialIndex', 4), ('BlockNr', 2), ('TrialType', 'LOC'), ('StimType', 'LURE'), ('CurrentImage', 'stimuli/fractals/159a.jpg'), ('CurrentX', 212.1320344), ('CurrentY', 212.1320344), ('Jitter', 1.0), ('Filler', 0)])
255.7001 	EXP 	rec_trial_map: autoDraw = False
255.7001 	EXP 	rec_trial_main_image: autoDraw = False
255.7001 	EXP 	rec_fx_cross: pos = array([212.1320344, 212.1320344])
255.7001 	EXP 	rec_fx_map: autoDraw = True
255.7001 	EXP 	rec_fx_cross: autoDraw = True
255.7761 	EXP 	rec_fx_map: autoDraw = False
255.7761 	EXP 	rec_fx_cross: autoDraw = False
255.7761 	EXP 	rec_fx_map: autoDraw = False
255.7761 	EXP 	rec_fx_cross: autoDraw = False
255.7761 	EXP 	rec_trial_main_image: pos = array([212.1320344, 212.1320344])
255.7761 	EXP 	rec_trial_main_image: image = 'stimuli/fractals/159a.jpg'
255.7761 	EXP 	rec_trial_map: autoDraw = True
255.7761 	EXP 	rec_trial_main_image: autoDraw = True
258.7057 	EXP 	rec_trial_map: autoDraw = False
258.7057 	EXP 	rec_trial_main_image: autoDraw = False
258.7057 	EXP 	end_practice_text: autoDraw = True
388.0432 	DATA 	Keypress: right
388.0438 	EXP 	Created sequence: sequential, trialTypes=1, nReps=3, seed=None
388.0442 	EXP 	New trial (rep=0, index=0): None
388.0461 	EXP 	end_practice_text: autoDraw = False
388.0461 	EXP 	start_rec_run_text: autoDraw = True
389.0467 	EXP 	Created sequence: sequential, trialTypes=1, nReps=2, seed=None
389.0470 	EXP 	New trial (rep=0, index=0): None
389.0509 	EXP 	start_rec_run_text: autoDraw = False
389.0509 	EXP 	start_rec_run_text: autoDraw = False
389.0509 	EXP 	start_rec_block_text: text = 'LOC'
389.0509 	EXP 	start_rec_block_text: autoDraw = True
390.6122 	EXP 	Imported stimuli_tables/recognition_trials_0.csv as conditions, 3 conditions, 25 params
390.6132 	EXP 	Created sequence: sequential, trialTypes=3, nReps=1, seed=None
390.6142 	EXP 	New trial (rep=0, index=0): OrderedDict([('TrialIndex', 1), ('Jitter', 500), ('ScannerRun', None), ('BlockNr', 1), ('TrialType', 'OBJ'), ('StimType', 'FOIL'), ('CurrentImage', 'stimuli/fractals/102b.jpg'), ('CurrentX', 300.0), ('CurrentY', 0.0), ('EncodingTrialIndex', 0.0), ('EncodingStimType', 'FOIL'), ('EncodingImage', None), ('EncodingXcoordinate', 0.0), ('EncodingYcoordinate', 0.0), ('TripletMemberA', None), ('TripletMemberB', None), ('TripletMemberC', None), ('Xcoordinate', None), ('Ycoordinate', None), ('Xcoordinate_lure1', None), ('Ycoordinate_lure1', None), ('Xcoordinate_lure2', None), ('Ycoordinate_lure2', None), ('Xcoordinate_foil', None), ('Ycoordinate_foil', None)])
390.6193 	EXP 	start_rec_block_text: autoDraw = False
390.6193 	EXP 	start_rec_block_text: autoDraw = False
390.6193 	EXP 	rec_fx_cross: pos = array([300.,   0.])
390.6193 	EXP 	rec_fx_map: autoDraw = True
390.6193 	EXP 	rec_fx_cross: autoDraw = True
391.1939 	EXP 	rec_fx_map: autoDraw = False
391.1939 	EXP 	rec_fx_cross: autoDraw = False
391.1939 	EXP 	rec_fx_map: autoDraw = False
391.1939 	EXP 	rec_fx_cross: autoDraw = False
391.1939 	EXP 	rec_trial_main_image: pos = array([300.,   0.])
391.1939 	EXP 	rec_trial_main_image: image = 'stimuli/fractals/102b.jpg'
391.1939 	EXP 	rec_trial_map: autoDraw = True
391.1939 	EXP 	rec_trial_main_image: autoDraw = True
394.1254 	EXP 	New trial (rep=0, index=1): OrderedDict([('TrialIndex', 2), ('Jitter', 1000), ('ScannerRun', None), ('BlockNr', 1), ('TrialType', 'OBJ'), ('StimType', 'LURE'), ('CurrentImage', 'stimuli/fractals/101c.jpg'), ('CurrentX', 212.1320344), ('CurrentY', 212.1320344), ('EncodingTrialIndex', 1.0), ('EncodingStimType', 'OLP'), ('EncodingImage', 'stimuli/fractals/101b.jpg'), ('EncodingXcoordinate', 212.1320344), ('EncodingYcoordinate', 212.1320344), ('TripletMemberA', 'stimuli/fractals/101b.jpg'), ('TripletMemberB', 'stimuli/fractals/101a.jpg'), ('TripletMemberC', 'stimuli/fractals/101c.jpg'), ('Xcoordinate', 212.1320344), ('Ycoordinate', 212.1320344), ('Xcoordinate_lure1', 0.0), ('Ycoordinate_lure1', 300.0), ('Xcoordinate_lure2', 300.0), ('Ycoordinate_lure2', 0.0), ('Xcoordinate_foil', -212.1320344), ('Ycoordinate_foil', -212.1320344)])
394.1303 	EXP 	rec_trial_map: autoDraw = False
394.1303 	EXP 	rec_trial_main_image: autoDraw = False
394.1303 	EXP 	rec_fx_cross: pos = array([212.1320344, 212.1320344])
394.1303 	EXP 	rec_fx_map: autoDraw = True
394.1303 	EXP 	rec_fx_cross: autoDraw = True
395.2036 	EXP 	rec_fx_map: autoDraw = False
395.2036 	EXP 	rec_fx_cross: autoDraw = False
395.2036 	EXP 	rec_fx_map: autoDraw = False
395.2036 	EXP 	rec_fx_cross: autoDraw = False
395.2036 	EXP 	rec_trial_main_image: pos = array([212.1320344, 212.1320344])
395.2036 	EXP 	rec_trial_main_image: image = 'stimuli/fractals/101c.jpg'
395.2036 	EXP 	rec_trial_map: autoDraw = True
395.2036 	EXP 	rec_trial_main_image: autoDraw = True
398.1354 	EXP 	New trial (rep=0, index=2): OrderedDict([('TrialIndex', 3), ('Jitter', 2000), ('ScannerRun', None), ('BlockNr', 1), ('TrialType', 'OBJ'), ('StimType', 'TARGET'), ('CurrentImage', 'stimuli/fractals/97b.jpg'), ('CurrentX', 212.1320344), ('CurrentY', -212.1320344), ('EncodingTrialIndex', 2.0), ('EncodingStimType', 'OLP'), ('EncodingImage', 'stimuli/fractals/97b.jpg'), ('EncodingXcoordinate', 212.1320344), ('EncodingYcoordinate', -212.1320344), ('TripletMemberA', 'stimuli/fractals/97b.jpg'), ('TripletMemberB', 'stimuli/fractals/97c.jpg'), ('TripletMemberC', 'stimuli/fractals/97a.jpg'), ('Xcoordinate', 212.1320344), ('Ycoordinate', -212.1320344), ('Xcoordinate_lure1', 0.0), ('Ycoordinate_lure1', -300.0), ('Xcoordinate_lure2', 300.0), ('Ycoordinate_lure2', 0.0), ('Xcoordinate_foil', -212.1320344), ('Ycoordinate_foil', 212.1320344)])
398.1404 	EXP 	rec_trial_map: autoDraw = False
398.1404 	EXP 	rec_trial_main_image: autoDraw = False
398.1404 	EXP 	rec_fx_cross: pos = array([ 212.1320344, -212.1320344])
398.1404 	EXP 	rec_fx_map: autoDraw = True
398.1404 	EXP 	rec_fx_cross: autoDraw = True
400.2142 	EXP 	rec_fx_map: autoDraw = False
400.2142 	EXP 	rec_fx_cross: autoDraw = False
400.2142 	EXP 	rec_fx_map: autoDraw = False
400.2142 	EXP 	rec_fx_cross: autoDraw = False
400.2142 	EXP 	rec_trial_main_image: pos = array([ 212.1320344, -212.1320344])
400.2142 	EXP 	rec_trial_main_image: image = 'stimuli/fractals/97b.jpg'
400.2142 	EXP 	rec_trial_map: autoDraw = True
400.2142 	EXP 	rec_trial_main_image: autoDraw = True
401.1264 	DATA 	Keypress: escape
401.1415 	EXP 	window1: mouseVisible = True
