0.3938 	WARNING 	We strongly recommend you activate the PTB sound engine in PsychoPy prefs as the preferred audio engine. Its timing is vastly superior. Your prefs are currently set to use ['sounddevice', 'PTB', 'pyo', 'pygame'] (in that order).
2.2269 	WARNING 	Import Error: No module named 'psychtoolbox'. Using event module for keyboard component.
16.5984 	WARNING 	Monitor specification not found. Creating a temporary one...
17.6949 	EXP 	Created window1 = Window(allowGUI=False, allowStencil=False, args=UNKNOWN, autoLog=True, bitsMode=UNKNOWN, blendMode='avg', bpc=(8, 8, 8), color=array([0.804, 0.804, 0.961]), colorSpace='rgb', depthBits=8, fullscr=<method-wrapper '__getattribute__' of attributeSetter object at 0x7f1e088c2ef0>, gamma=None, gammaErrorPolicy='raise', kwargs=UNKNOWN, lms=UNKNOWN, monitor=<psychopy.monitors.calibTools.Monitor object at 0x7f1e088a9160>, multiSample=False, name='window1', numSamples=2, pos=[0.0, 0.0], screen=0, size=array([1920, 1080]), stencilBits=0, stereo=False, units='height', useFBO=True, useRetina=False, viewOri=0.0, viewPos=None, viewScale=None, waitBlanking=True, winType='pyglet')
17.6949 	EXP 	window1: recordFrameIntervals = False
17.7049 	EXP 	window1: recordFrameIntervals = True
17.7163 	EXP 	window1: recordFrameIntervals = False
17.9095 	EXP 	Created lab_thanks = TextStim(__class__=<class 'psychopy.visual.text.TextStim'>, alignHoriz=method-wrapper(...), alignText='center', alignVert=method-wrapper(...), anchorHoriz='center', anchorVert='center', antialias=True, autoLog=True, bold=False, color='black', colorSpace='named', contrast=1.0, depth=0.0, flipHoriz=False, flipVert=False, font='Arial', fontFiles=[], height=0.05, italic=False, languageStyle='LTR', name='lab_thanks', opacity=1.0, ori=0, pos=array([0., 0.]), rgb=array([0., 0., 0.]), text=str(...), units='height', win=Window(...), wrapWidth=1)
17.9182 	EXP 	Created start_encoding_text = TextStim(__class__=<class 'psychopy.visual.text.TextStim'>, alignHoriz=method-wrapper(...), alignText='center', alignVert=method-wrapper(...), anchorHoriz='center', anchorVert='center', antialias=True, autoLog=True, bold=False, color='black', colorSpace='named', contrast=1.0, depth=0.0, flipHoriz=False, flipVert=False, font='Arial', fontFiles=[], height=0.1, italic=False, languageStyle='LTR', name='start_encoding_text', opacity=1.0, ori=0, pos=array([0., 0.]), rgb=array([0., 0., 0.]), text='default text', units='height', win=Window(...), wrapWidth=1)
18.0052 	EXP 	Created enc_instructions_1_text = TextStim(__class__=<class 'psychopy.visual.text.TextStim'>, alignHoriz=method-wrapper(...), alignText='center', alignVert=method-wrapper(...), anchorHoriz='center', anchorVert='center', antialias=True, autoLog=True, bold=False, color='black', colorSpace='named', contrast=1.0, depth=0.0, flipHoriz=False, flipVert=False, font='Arial', fontFiles=[], height=0.04, italic=False, languageStyle='LTR', name='enc_instructions_1_text', opacity=1.0, ori=0, pos=array([-0.4,  0. ]), rgb=array([0., 0., 0.]), text=str(...), units='height', win=Window(...), wrapWidth=0.9)
18.1400 	EXP 	Created enc_instructions_1_image = ImageStim(__class__=<class 'psychopy.visual.image.ImageStim'>, autoLog=True, color=array([1., 1., 1.]), colorSpace='rgb', contrast=1.0, depth=-1.0, flipHoriz=False, flipVert=False, image='stimuli/GalleryBuildingFromOutside.jpg', interpolate=True, mask=None, maskParams=None, name='enc_instructions_1_image', opacity=1.0, ori=0.0, pos=array([450.,   0.]), size=array([600., 450.]), texRes=128, units='pix', win=Window(...))
18.1590 	EXP 	Created enc_instructions_2_text = TextStim(__class__=<class 'psychopy.visual.text.TextStim'>, alignHoriz=method-wrapper(...), alignText='center', alignVert=method-wrapper(...), anchorHoriz='center', anchorVert='center', antialias=True, autoLog=True, bold=False, color='black', colorSpace='named', contrast=1.0, depth=0.0, flipHoriz=False, flipVert=False, font='Arial', fontFiles=[], height=0.04, italic=False, languageStyle='LTR', name='enc_instructions_2_text', opacity=1.0, ori=0, pos=array([-0.5,  0. ]), rgb=array([0., 0., 0.]), text=str(...), units='height', win=Window(...), wrapWidth=0.7)
18.1896 	EXP 	Created enc_instructions_2_image = ImageStim(__class__=<class 'psychopy.visual.image.ImageStim'>, autoLog=True, color=array([1., 1., 1.]), colorSpace='rgb', contrast=1.0, depth=-1.0, flipHoriz=False, flipVert=False, image='stimuli/GalleryInfo.jpg', interpolate=True, mask=None, maskParams=None, name='enc_instructions_2_image', opacity=1.0, ori=0.0, pos=array([425.,   0.]), size=array([1000.,  750.]), texRes=128, units='pix', win=Window(...))
18.2055 	EXP 	Created enc_instructions_3_text = TextStim(__class__=<class 'psychopy.visual.text.TextStim'>, alignHoriz=method-wrapper(...), alignText='center', alignVert=method-wrapper(...), anchorHoriz='center', anchorVert='center', antialias=True, autoLog=True, bold=False, color='black', colorSpace='named', contrast=1.0, depth=0.0, flipHoriz=False, flipVert=False, font='Arial', fontFiles=[], height=0.05, italic=False, languageStyle='LTR', name='enc_instructions_3_text', opacity=1.0, ori=0, pos=array([0., 0.]), rgb=array([0., 0., 0.]), text=str(...), units='height', win=Window(...), wrapWidth=1)
18.2140 	EXP 	Created start_practice_text = TextStim(__class__=<class 'psychopy.visual.text.TextStim'>, alignHoriz=method-wrapper(...), alignText='center', alignVert=method-wrapper(...), anchorHoriz='center', anchorVert='center', antialias=True, autoLog=True, bold=False, color='black', colorSpace='named', contrast=1.0, depth=0.0, flipHoriz=False, flipVert=False, font='Arial', fontFiles=[], height=0.1, italic=False, languageStyle='LTR', name='start_practice_text', opacity=1.0, ori=0, pos=array([0., 0.]), rgb=array([0., 0., 0.]), text='Kezdődik a gyakorlás...', units='height', win=Window(...), wrapWidth=1)
18.2315 	EXP 	Created enc_fx_map = ImageStim(__class__=<class 'psychopy.visual.image.ImageStim'>, autoLog=True, color=array([1., 1., 1.]), colorSpace='rgb', contrast=1.0, depth=0.0, flipHoriz=False, flipVert=False, image='stimuli/GalleryPlanInside.jpg', interpolate=True, mask=None, maskParams=None, name='enc_fx_map', opacity=1.0, ori=0.0, pos=array([  0., -25.]), size=array([1040., 1000.]), texRes=128, units='pix', win=Window(...))
18.2380 	EXP 	Created enc_fx_cross = TextStim(__class__=<class 'psychopy.visual.text.TextStim'>, alignHoriz=method-wrapper(...), alignText='center', alignVert=method-wrapper(...), anchorHoriz='center', anchorVert='center', antialias=True, autoLog=True, bold=False, color='black', colorSpace='named', contrast=1.0, depth=-1.0, flipHoriz=False, flipVert=False, font='Arial', fontFiles=[], height=50, italic=False, languageStyle='LTR', name='enc_fx_cross', opacity=1.0, ori=0, pos=array([0., 0.]), rgb=array([0., 0., 0.]), text='+', units='pix', win=Window(...), wrapWidth=500)
18.2551 	EXP 	Created enc_trial_map = ImageStim(__class__=<class 'psychopy.visual.image.ImageStim'>, autoLog=True, color=array([1., 1., 1.]), colorSpace='rgb', contrast=1.0, depth=0.0, flipHoriz=False, flipVert=False, image='stimuli/GalleryPlanInside.jpg', interpolate=True, mask=None, maskParams=None, name='enc_trial_map', opacity=1.0, ori=0.0, pos=array([  0., -25.]), size=array([1040., 1000.]), texRes=128, units='pix', win=Window(...))
18.2567 	EXP 	Created enc_trial_main_image = ImageStim(__class__=<class 'psychopy.visual.image.ImageStim'>, autoLog=True, color=array([1., 1., 1.]), colorSpace='rgb', contrast=1.0, depth=-1.0, flipHoriz=False, flipVert=False, image='sin', interpolate=True, mask=None, maskParams=None, name='enc_trial_main_image', opacity=1.0, ori=0.0, pos=array([0., 0.]), size=array([300., 300.]), texRes=128, units='pix', win=Window(...))
18.2729 	EXP 	Created enc_practice_feedback_map = ImageStim(__class__=<class 'psychopy.visual.image.ImageStim'>, autoLog=True, color=array([1., 1., 1.]), colorSpace='rgb', contrast=1.0, depth=-1.0, flipHoriz=False, flipVert=False, image='stimuli/GalleryPlanInside.jpg', interpolate=True, mask=None, maskParams=None, name='enc_practice_feedback_map', opacity=1.0, ori=0.0, pos=array([  0., -25.]), size=array([1040., 1000.]), texRes=128, units='pix', win=Window(...))
18.2742 	EXP 	Created enc_practice_feedback_image = ImageStim(__class__=<class 'psychopy.visual.image.ImageStim'>, autoLog=True, color=array([1., 1., 1.]), colorSpace='rgb', contrast=1.0, depth=-2.0, flipHoriz=False, flipVert=False, image='sin', interpolate=True, mask=None, maskParams=None, name='enc_practice_feedback_image', opacity=1.0, ori=0.0, pos=array([0., 0.]), size=array([300., 300.]), texRes=128, units='pix', win=Window(...))
18.2791 	EXP 	Created enc_practice_feedback_text = TextStim(__class__=<class 'psychopy.visual.text.TextStim'>, alignHoriz=method-wrapper(...), alignText='center', alignVert=method-wrapper(...), anchorHoriz='center', anchorVert='center', antialias=True, autoLog=True, bold=False, color='black', colorSpace='named', contrast=1.0, depth=-3.0, flipHoriz=False, flipVert=False, font='Arial', fontFiles=[], height=0.05, italic=False, languageStyle='LTR', name='enc_practice_feedback_text', opacity=1.0, ori=0, pos=array([0., 0.]), rgb=array([0., 0., 0.]), text='default text', units='height', win=Window(...), wrapWidth=1)
18.2954 	EXP 	Created end_practice_text = TextStim(__class__=<class 'psychopy.visual.text.TextStim'>, alignHoriz=method-wrapper(...), alignText='center', alignVert=method-wrapper(...), anchorHoriz='center', anchorVert='center', antialias=True, autoLog=True, bold=False, color='black', colorSpace='named', contrast=1.0, depth=0.0, flipHoriz=False, flipVert=False, font='Arial', fontFiles=[], height=0.05, italic=False, languageStyle='LTR', name='end_practice_text', opacity=1.0, ori=0, pos=array([0., 0.]), rgb=array([0., 0., 0.]), text=str(...), units='height', win=Window(...), wrapWidth=1)
18.2997 	EXP 	Created start_enc_run_text = TextStim(__class__=<class 'psychopy.visual.text.TextStim'>, alignHoriz=method-wrapper(...), alignText='center', alignVert=method-wrapper(...), anchorHoriz='center', anchorVert='center', antialias=True, autoLog=True, bold=False, color='black', colorSpace='named', contrast=1.0, depth=-2.0, flipHoriz=False, flipVert=False, font='Arial', fontFiles=[], height=0.1, italic=False, languageStyle='LTR', name='start_enc_run_text', opacity=1.0, ori=0, pos=array([0., 0.]), rgb=array([0., 0., 0.]), text='Kezdődik a feladat...', units='height', win=Window(...), wrapWidth=1)
18.3176 	EXP 	Created enc_fx_map = ImageStim(__class__=<class 'psychopy.visual.image.ImageStim'>, autoLog=True, color=array([1., 1., 1.]), colorSpace='rgb', contrast=1.0, depth=0.0, flipHoriz=False, flipVert=False, image='stimuli/GalleryPlanInside.jpg', interpolate=True, mask=None, maskParams=None, name='enc_fx_map', opacity=1.0, ori=0.0, pos=array([  0., -25.]), size=array([1040., 1000.]), texRes=128, units='pix', win=Window(...))
18.3189 	EXP 	Created enc_fx_cross = TextStim(__class__=<class 'psychopy.visual.text.TextStim'>, alignHoriz=method-wrapper(...), alignText='center', alignVert=method-wrapper(...), anchorHoriz='center', anchorVert='center', antialias=True, autoLog=True, bold=False, color='black', colorSpace='named', contrast=1.0, depth=-1.0, flipHoriz=False, flipVert=False, font='Arial', fontFiles=[], height=50, italic=False, languageStyle='LTR', name='enc_fx_cross', opacity=1.0, ori=0, pos=array([0., 0.]), rgb=array([0., 0., 0.]), text='+', units='pix', win=Window(...), wrapWidth=500)
18.3338 	EXP 	Created enc_trial_map = ImageStim(__class__=<class 'psychopy.visual.image.ImageStim'>, autoLog=True, color=array([1., 1., 1.]), colorSpace='rgb', contrast=1.0, depth=0.0, flipHoriz=False, flipVert=False, image='stimuli/GalleryPlanInside.jpg', interpolate=True, mask=None, maskParams=None, name='enc_trial_map', opacity=1.0, ori=0.0, pos=array([  0., -25.]), size=array([1040., 1000.]), texRes=128, units='pix', win=Window(...))
18.3352 	EXP 	Created enc_trial_main_image = ImageStim(__class__=<class 'psychopy.visual.image.ImageStim'>, autoLog=True, color=array([1., 1., 1.]), colorSpace='rgb', contrast=1.0, depth=-1.0, flipHoriz=False, flipVert=False, image='sin', interpolate=True, mask=None, maskParams=None, name='enc_trial_main_image', opacity=1.0, ori=0.0, pos=array([0., 0.]), size=array([300., 300.]), texRes=128, units='pix', win=Window(...))
18.3375 	EXP 	Created end_enc_run_text = TextStim(__class__=<class 'psychopy.visual.text.TextStim'>, alignHoriz=method-wrapper(...), alignText='center', alignVert=method-wrapper(...), anchorHoriz='center', anchorVert='center', antialias=True, autoLog=True, bold=False, color='black', colorSpace='named', contrast=1.0, depth=0.0, flipHoriz=False, flipVert=False, font='Arial', fontFiles=[], height=0.1, italic=False, languageStyle='LTR', name='end_enc_run_text', opacity=1.0, ori=0, pos=array([0., 0.]), rgb=array([0., 0., 0.]), text='default text', units='height', win=Window(...), wrapWidth=1)
18.3449 	EXP 	Created start_recognition_text = TextStim(__class__=<class 'psychopy.visual.text.TextStim'>, alignHoriz=method-wrapper(...), alignText='center', alignVert=method-wrapper(...), anchorHoriz='center', anchorVert='center', antialias=True, autoLog=True, bold=False, color='black', colorSpace='named', contrast=1.0, depth=-2.0, flipHoriz=False, flipVert=False, font='Arial', fontFiles=[], height=0.1, italic=False, languageStyle='LTR', name='start_recognition_text', opacity=1.0, ori=0, pos=array([0., 0.]), rgb=array([0., 0., 0.]), text='Második feladat\nKépfelismerés', units='height', win=Window(...), wrapWidth=1)
18.3569 	EXP 	Created rec_instructions_1_text = TextStim(__class__=<class 'psychopy.visual.text.TextStim'>, alignHoriz=method-wrapper(...), alignText='center', alignVert=method-wrapper(...), anchorHoriz='center', anchorVert='center', antialias=True, autoLog=True, bold=False, color='black', colorSpace='named', contrast=1.0, depth=0.0, flipHoriz=False, flipVert=False, font='Arial', fontFiles=[], height=0.05, italic=False, languageStyle='LTR', name='rec_instructions_1_text', opacity=1.0, ori=0, pos=array([0., 0.]), rgb=array([0., 0., 0.]), text=str(...), units='height', win=Window(...), wrapWidth=1)
18.3912 	EXP 	Created rec_instructions2_text = TextStim(__class__=<class 'psychopy.visual.text.TextStim'>, alignHoriz=method-wrapper(...), alignText='center', alignVert=method-wrapper(...), anchorHoriz='center', anchorVert='center', antialias=True, autoLog=True, bold=False, color='black', colorSpace='named', contrast=1.0, depth=0.0, flipHoriz=False, flipVert=False, font='Arial', fontFiles=[], height=0.03, italic=False, languageStyle='LTR', name='rec_instructions2_text', opacity=1.0, ori=0, pos=array([0., 0.]), rgb=array([0., 0., 0.]), text=str(...), units='height', win=Window(...), wrapWidth=1)
18.4136 	EXP 	Created rec_instrauction_3_text = TextStim(__class__=<class 'psychopy.visual.text.TextStim'>, alignHoriz=method-wrapper(...), alignText='center', alignVert=method-wrapper(...), anchorHoriz='center', anchorVert='center', antialias=True, autoLog=True, bold=False, color='black', colorSpace='named', contrast=1.0, depth=0.0, flipHoriz=False, flipVert=False, font='Arial', fontFiles=[], height=0.03, italic=False, languageStyle='LTR', name='rec_instrauction_3_text', opacity=1.0, ori=0, pos=array([0., 0.]), rgb=array([0., 0., 0.]), text=str(...), units='height', win=Window(...), wrapWidth=1)
18.4226 	EXP 	Created rec_instructions_4_text = TextStim(__class__=<class 'psychopy.visual.text.TextStim'>, alignHoriz=method-wrapper(...), alignText='center', alignVert=method-wrapper(...), anchorHoriz='center', anchorVert='center', antialias=True, autoLog=True, bold=False, color='black', colorSpace='named', contrast=1.0, depth=0.0, flipHoriz=False, flipVert=False, font='Arial', fontFiles=[], height=0.05, italic=False, languageStyle='LTR', name='rec_instructions_4_text', opacity=1.0, ori=0, pos=array([0., 0.]), rgb=array([0., 0., 0.]), text=str(...), units='height', win=Window(...), wrapWidth=1)
18.4400 	EXP 	Created demo_map = ImageStim(__class__=<class 'psychopy.visual.image.ImageStim'>, autoLog=True, color=array([1., 1., 1.]), colorSpace='rgb', contrast=1.0, depth=0.0, flipHoriz=False, flipVert=False, image='stimuli/GalleryPlanInside.jpg', interpolate=True, mask=None, maskParams=None, name='demo_map', opacity=1.0, ori=0.0, pos=array([  0., -25.]), size=array([1040., 1000.]), texRes=128, units='pix', win=Window(...))
18.4413 	EXP 	Created demo_main_image = ImageStim(__class__=<class 'psychopy.visual.image.ImageStim'>, autoLog=True, color=array([1., 1., 1.]), colorSpace='rgb', contrast=1.0, depth=-1.0, flipHoriz=False, flipVert=False, image='sin', interpolate=True, mask=None, maskParams=None, name='demo_main_image', opacity=1.0, ori=0.0, pos=array([0., 0.]), size=array([300., 300.]), texRes=128, units='pix', win=Window(...))
18.4426 	EXP 	Created demo_image = ImageStim(__class__=<class 'psychopy.visual.image.ImageStim'>, autoLog=True, color=array([1., 1., 1.]), colorSpace='rgb', contrast=1.0, depth=-2.0, flipHoriz=False, flipVert=False, image='sin', interpolate=True, mask=None, maskParams=None, name='demo_image', opacity=1.0, ori=0.0, pos=array([0., 0.]), size=array([300., 300.]), texRes=128, units='pix', win=Window(...))
18.4451 	EXP 	Created demo_text = TextStim(__class__=<class 'psychopy.visual.text.TextStim'>, alignHoriz=method-wrapper(...), alignText='center', alignVert=method-wrapper(...), anchorHoriz='center', anchorVert='center', antialias=True, autoLog=True, bold=False, color='black', colorSpace='named', contrast=1.0, depth=-3.0, flipHoriz=False, flipVert=False, font='Arial', fontFiles=[], height=0.05, italic=False, languageStyle='LTR', name='demo_text', opacity=1.0, ori=0, pos=array([0., 0.]), rgb=array([0., 0., 0.]), text='default text', units='height', win=Window(...), wrapWidth=1)
18.4498 	EXP 	Created demo_end_text = TextStim(__class__=<class 'psychopy.visual.text.TextStim'>, alignHoriz=method-wrapper(...), alignText='center', alignVert=method-wrapper(...), anchorHoriz='center', anchorVert='center', antialias=True, autoLog=True, bold=False, color='black', colorSpace='named', contrast=1.0, depth=0.0, flipHoriz=False, flipVert=False, font='Arial', fontFiles=[], height=0.05, italic=False, languageStyle='LTR', name='demo_end_text', opacity=1.0, ori=0, pos=array([0., 0.]), rgb=array([0., 0., 0.]), text=str(...), units='height', win=Window(...), wrapWidth=1)
18.4545 	EXP 	Created start_practice_text = TextStim(__class__=<class 'psychopy.visual.text.TextStim'>, alignHoriz=method-wrapper(...), alignText='center', alignVert=method-wrapper(...), anchorHoriz='center', anchorVert='center', antialias=True, autoLog=True, bold=False, color='black', colorSpace='named', contrast=1.0, depth=0.0, flipHoriz=False, flipVert=False, font='Arial', fontFiles=[], height=0.1, italic=False, languageStyle='LTR', name='start_practice_text', opacity=1.0, ori=0, pos=array([0., 0.]), rgb=array([0., 0., 0.]), text='Kezdődik a gyakorlás...', units='height', win=Window(...), wrapWidth=1)
18.4577 	EXP 	Created rec_practice_block_text = TextStim(__class__=<class 'psychopy.visual.text.TextStim'>, alignHoriz=method-wrapper(...), alignText='center', alignVert=method-wrapper(...), anchorHoriz='center', anchorVert='center', antialias=True, autoLog=True, bold=False, color='black', colorSpace='named', contrast=1.0, depth=-1.0, flipHoriz=False, flipVert=False, font='Arial', fontFiles=[], height=0.1, italic=False, languageStyle='LTR', name='rec_practice_block_text', opacity=1.0, ori=0, pos=array([0., 0.]), rgb=array([0., 0., 0.]), text='default text', units='height', win=Window(...), wrapWidth=1)
18.4735 	EXP 	Created rec_fx_map = ImageStim(__class__=<class 'psychopy.visual.image.ImageStim'>, autoLog=True, color=array([1., 1., 1.]), colorSpace='rgb', contrast=1.0, depth=0.0, flipHoriz=False, flipVert=False, image='stimuli/GalleryPlanInside.jpg', interpolate=True, mask=None, maskParams=None, name='rec_fx_map', opacity=1.0, ori=0.0, pos=array([  0., -25.]), size=array([1040., 1000.]), texRes=128, units='pix', win=Window(...))
18.4755 	EXP 	Created rec_fx_cross = TextStim(__class__=<class 'psychopy.visual.text.TextStim'>, alignHoriz=method-wrapper(...), alignText='center', alignVert=method-wrapper(...), anchorHoriz='center', anchorVert='center', antialias=True, autoLog=True, bold=False, color='black', colorSpace='named', contrast=1.0, depth=-1.0, flipHoriz=False, flipVert=False, font='Arial', fontFiles=[], height=50, italic=False, languageStyle='LTR', name='rec_fx_cross', opacity=1.0, ori=0, pos=array([0., 0.]), rgb=array([0., 0., 0.]), text='+', units='pix', win=Window(...), wrapWidth=500)
18.4914 	EXP 	Created rec_trial_map = ImageStim(__class__=<class 'psychopy.visual.image.ImageStim'>, autoLog=True, color=array([1., 1., 1.]), colorSpace='rgb', contrast=1.0, depth=0.0, flipHoriz=False, flipVert=False, image='stimuli/GalleryPlanInside.jpg', interpolate=True, mask=None, maskParams=None, name='rec_trial_map', opacity=1.0, ori=0.0, pos=array([  0., -25.]), size=array([1040., 1000.]), texRes=128, units='pix', win=Window(...))
18.4928 	EXP 	Created rec_trial_main_image = ImageStim(__class__=<class 'psychopy.visual.image.ImageStim'>, autoLog=True, color=array([1., 1., 1.]), colorSpace='rgb', contrast=1.0, depth=-1.0, flipHoriz=False, flipVert=False, image='sin', interpolate=True, mask=None, maskParams=None, name='rec_trial_main_image', opacity=1.0, ori=0.0, pos=array([0., 0.]), size=array([300., 300.]), texRes=128, units='pix', win=Window(...))
18.5063 	EXP 	Created end_practice_text = TextStim(__class__=<class 'psychopy.visual.text.TextStim'>, alignHoriz=method-wrapper(...), alignText='center', alignVert=method-wrapper(...), anchorHoriz='center', anchorVert='center', antialias=True, autoLog=True, bold=False, color='black', colorSpace='named', contrast=1.0, depth=0.0, flipHoriz=False, flipVert=False, font='Arial', fontFiles=[], height=0.05, italic=False, languageStyle='LTR', name='end_practice_text', opacity=1.0, ori=0, pos=array([0., 0.]), rgb=array([0., 0., 0.]), text=str(...), units='height', win=Window(...), wrapWidth=1)
18.5090 	EXP 	Created start_rec_run_text = TextStim(__class__=<class 'psychopy.visual.text.TextStim'>, alignHoriz=method-wrapper(...), alignText='center', alignVert=method-wrapper(...), anchorHoriz='center', anchorVert='center', antialias=True, autoLog=True, bold=False, color='black', colorSpace='named', contrast=1.0, depth=-1.0, flipHoriz=False, flipVert=False, font='Arial', fontFiles=[], height=0.1, italic=False, languageStyle='LTR', name='start_rec_run_text', opacity=1.0, ori=0, pos=array([0., 0.]), rgb=array([0., 0., 0.]), text='Kezdődik a feladat...', units='height', win=Window(...), wrapWidth=1)
18.5116 	EXP 	Created start_rec_block_text = TextStim(__class__=<class 'psychopy.visual.text.TextStim'>, alignHoriz=method-wrapper(...), alignText='center', alignVert=method-wrapper(...), anchorHoriz='center', anchorVert='center', antialias=True, autoLog=True, bold=False, color='black', colorSpace='named', contrast=1.0, depth=-1.0, flipHoriz=False, flipVert=False, font='Arial', fontFiles=[], height=0.1, italic=False, languageStyle='LTR', name='start_rec_block_text', opacity=1.0, ori=0, pos=array([0., 0.]), rgb=array([0., 0., 0.]), text='default text', units='height', win=Window(...), wrapWidth=1)
18.5274 	EXP 	Created rec_fx_map = ImageStim(__class__=<class 'psychopy.visual.image.ImageStim'>, autoLog=True, color=array([1., 1., 1.]), colorSpace='rgb', contrast=1.0, depth=0.0, flipHoriz=False, flipVert=False, image='stimuli/GalleryPlanInside.jpg', interpolate=True, mask=None, maskParams=None, name='rec_fx_map', opacity=1.0, ori=0.0, pos=array([  0., -25.]), size=array([1040., 1000.]), texRes=128, units='pix', win=Window(...))
18.5288 	EXP 	Created rec_fx_cross = TextStim(__class__=<class 'psychopy.visual.text.TextStim'>, alignHoriz=method-wrapper(...), alignText='center', alignVert=method-wrapper(...), anchorHoriz='center', anchorVert='center', antialias=True, autoLog=True, bold=False, color='black', colorSpace='named', contrast=1.0, depth=-1.0, flipHoriz=False, flipVert=False, font='Arial', fontFiles=[], height=50, italic=False, languageStyle='LTR', name='rec_fx_cross', opacity=1.0, ori=0, pos=array([0., 0.]), rgb=array([0., 0., 0.]), text='+', units='pix', win=Window(...), wrapWidth=500)
18.5435 	EXP 	Created rec_trial_map = ImageStim(__class__=<class 'psychopy.visual.image.ImageStim'>, autoLog=True, color=array([1., 1., 1.]), colorSpace='rgb', contrast=1.0, depth=0.0, flipHoriz=False, flipVert=False, image='stimuli/GalleryPlanInside.jpg', interpolate=True, mask=None, maskParams=None, name='rec_trial_map', opacity=1.0, ori=0.0, pos=array([  0., -25.]), size=array([1040., 1000.]), texRes=128, units='pix', win=Window(...))
18.5449 	EXP 	Created rec_trial_main_image = ImageStim(__class__=<class 'psychopy.visual.image.ImageStim'>, autoLog=True, color=array([1., 1., 1.]), colorSpace='rgb', contrast=1.0, depth=-1.0, flipHoriz=False, flipVert=False, image='sin', interpolate=True, mask=None, maskParams=None, name='rec_trial_main_image', opacity=1.0, ori=0.0, pos=array([0., 0.]), size=array([300., 300.]), texRes=128, units='pix', win=Window(...))
18.5473 	EXP 	Created end_rec_run_text = TextStim(__class__=<class 'psychopy.visual.text.TextStim'>, alignHoriz=method-wrapper(...), alignText='center', alignVert=method-wrapper(...), anchorHoriz='center', anchorVert='center', antialias=True, autoLog=True, bold=False, color='black', colorSpace='named', contrast=1.0, depth=0.0, flipHoriz=False, flipVert=False, font='Arial', fontFiles=[], height=0.1, italic=False, languageStyle='LTR', name='end_rec_run_text', opacity=1.0, ori=0, pos=array([0., 0.]), rgb=array([0., 0., 0.]), text='default text', units='height', win=Window(...), wrapWidth=1)
18.5591 	EXP 	lab_thanks: autoDraw = True
22.5542 	DATA 	Keypress: right
22.5598 	EXP 	lab_thanks: autoDraw = False
22.5598 	EXP 	start_encoding_text: text = 'Első feladat\nGaléria berendezés'
22.5598 	EXP 	start_encoding_text: autoDraw = True
24.0599 	EXP 	start_encoding_text: autoDraw = False
24.0599 	EXP 	start_encoding_text: autoDraw = False
24.0599 	EXP 	enc_instructions_1_text: autoDraw = True
24.0599 	EXP 	enc_instructions_1_image: autoDraw = True
36.2226 	DATA 	Keypress: right
36.2259 	EXP 	enc_instructions_1_text: autoDraw = False
36.2259 	EXP 	enc_instructions_1_image: autoDraw = False
36.2259 	EXP 	enc_instructions_2_text: autoDraw = True
36.2259 	EXP 	enc_instructions_2_image: autoDraw = True
177.1430 	DATA 	Mouse: Left button down, pos=(368,284)
177.2338 	DATA 	Mouse:  Left button up, pos=(368,284)
178.6176 	DATA 	Keypress: right
178.6202 	EXP 	enc_instructions_2_text: autoDraw = False
178.6202 	EXP 	enc_instructions_2_image: autoDraw = False
178.6202 	EXP 	enc_instructions_3_text: autoDraw = True
217.8997 	DATA 	Mouse: Left button down, pos=(191,43)
217.9880 	DATA 	Mouse:  Left button up, pos=(191,43)
218.7567 	DATA 	Keypress: right
218.7588 	EXP 	enc_instructions_3_text: autoDraw = False
218.7588 	EXP 	start_practice_text: autoDraw = True
219.7721 	EXP 	Imported encoding_practice_trials.csv as conditions, 5 conditions, 9 params
219.7728 	EXP 	Created sequence: random, trialTypes=5, nReps=1, seed=None
219.7735 	EXP 	New trial (rep=0, index=0): OrderedDict([('Task', 'EncodingPractice'), ('TrialType', 'LOC'), ('StimType', 'TARGET'), ('Order', 1), ('CurrentImage', 'stimuli/fractals/166a.jpg'), ('CurrentX', -300.0), ('CurrentY', 0.0), ('Jitter', 1500), ('Section', 'Encoding')])
219.7786 	EXP 	start_practice_text: autoDraw = False
219.7786 	EXP 	start_practice_text: autoDraw = False
219.7786 	EXP 	enc_fx_cross: pos = array([-300.,    0.])
219.7786 	EXP 	enc_fx_map: autoDraw = True
219.7786 	EXP 	enc_fx_cross: autoDraw = True
221.5011 	EXP 	enc_fx_map: autoDraw = False
221.5011 	EXP 	enc_fx_cross: autoDraw = False
221.5011 	EXP 	enc_fx_map: autoDraw = False
221.5011 	EXP 	enc_fx_cross: autoDraw = False
221.5011 	EXP 	enc_trial_main_image: pos = array([-300.,    0.])
221.5011 	EXP 	enc_trial_main_image: image = 'stimuli/fractals/166a.jpg'
221.5011 	EXP 	enc_trial_map: autoDraw = True
221.5011 	EXP 	enc_trial_main_image: autoDraw = True
224.3612 	EXP 	enc_trial_map: autoDraw = False
224.3612 	EXP 	enc_trial_main_image: autoDraw = False
224.3612 	EXP 	enc_practice_feedback_image: pos = array([-300.,    0.])
224.3612 	EXP 	enc_practice_feedback_image: image = 'stimuli/fractals/166a.jpg'
224.3612 	EXP 	enc_practice_feedback_text: text = 'Nem adott választ.'
224.3612 	EXP 	enc_practice_feedback_map: autoDraw = True
224.3612 	EXP 	enc_practice_feedback_image: autoDraw = True
224.3612 	EXP 	enc_practice_feedback_text: autoDraw = True
225.2830 	EXP 	New trial (rep=0, index=1): OrderedDict([('Task', 'EncodingPractice'), ('TrialType', '-'), ('StimType', '-'), ('Order', 1), ('CurrentImage', 'stimuli/fractals/177b.jpg'), ('CurrentX', 300.0), ('CurrentY', 0.0), ('Jitter', 800), ('Section', 'Encoding')])
225.2876 	EXP 	enc_practice_feedback_map: autoDraw = False
225.2876 	EXP 	enc_practice_feedback_image: autoDraw = False
225.2876 	EXP 	enc_practice_feedback_text: autoDraw = False
225.2876 	EXP 	enc_fx_cross: pos = array([300.,   0.])
225.2876 	EXP 	enc_fx_map: autoDraw = True
225.2876 	EXP 	enc_fx_cross: autoDraw = True
226.2615 	EXP 	enc_fx_map: autoDraw = False
226.2615 	EXP 	enc_fx_cross: autoDraw = False
226.2615 	EXP 	enc_fx_map: autoDraw = False
226.2615 	EXP 	enc_fx_cross: autoDraw = False
226.2615 	EXP 	enc_trial_main_image: pos = array([300.,   0.])
226.2615 	EXP 	enc_trial_main_image: image = 'stimuli/fractals/177b.jpg'
226.2615 	EXP 	enc_trial_map: autoDraw = True
226.2615 	EXP 	enc_trial_main_image: autoDraw = True
226.5856 	DATA 	Keypress: j
229.1724 	EXP 	enc_trial_map: autoDraw = False
229.1724 	EXP 	enc_trial_main_image: autoDraw = False
229.1724 	EXP 	enc_practice_feedback_image: pos = array([300.,   0.])
229.1724 	EXP 	enc_practice_feedback_image: image = 'stimuli/fractals/177b.jpg'
229.1724 	EXP 	enc_practice_feedback_text: text = 'Az Ön válasza:\nA kép marad.'
229.1724 	EXP 	enc_practice_feedback_map: autoDraw = True
229.1724 	EXP 	enc_practice_feedback_image: autoDraw = True
229.1724 	EXP 	enc_practice_feedback_text: autoDraw = True
230.0887 	EXP 	New trial (rep=0, index=2): OrderedDict([('Task', 'EncodingPractice'), ('TrialType', 'OBJ'), ('StimType', 'TARGET'), ('Order', 1), ('CurrentImage', 'stimuli/fractals/167a.jpg'), ('CurrentX', 300.0), ('CurrentY', 0.0), ('Jitter', 500), ('Section', 'Encoding')])
230.0933 	EXP 	enc_practice_feedback_map: autoDraw = False
230.0933 	EXP 	enc_practice_feedback_image: autoDraw = False
230.0933 	EXP 	enc_practice_feedback_text: autoDraw = False
230.0933 	EXP 	enc_fx_cross: pos = array([300.,   0.])
230.0933 	EXP 	enc_fx_map: autoDraw = True
230.0933 	EXP 	enc_fx_cross: autoDraw = True
230.7704 	EXP 	enc_fx_map: autoDraw = False
230.7704 	EXP 	enc_fx_cross: autoDraw = False
230.7704 	EXP 	enc_fx_map: autoDraw = False
230.7704 	EXP 	enc_fx_cross: autoDraw = False
230.7704 	EXP 	enc_trial_main_image: pos = array([300.,   0.])
230.7704 	EXP 	enc_trial_main_image: image = 'stimuli/fractals/167a.jpg'
230.7704 	EXP 	enc_trial_map: autoDraw = True
230.7704 	EXP 	enc_trial_main_image: autoDraw = True
233.5549 	DATA 	Keypress: f
233.6709 	EXP 	enc_trial_map: autoDraw = False
233.6709 	EXP 	enc_trial_main_image: autoDraw = False
233.6709 	EXP 	enc_practice_feedback_image: pos = array([300.,   0.])
233.6709 	EXP 	enc_practice_feedback_image: image = 'stimuli/fractals/167a.jpg'
233.6709 	EXP 	enc_practice_feedback_text: text = 'Az Ön válasza:\nA kép nem marad.'
233.6709 	EXP 	enc_practice_feedback_map: autoDraw = True
233.6709 	EXP 	enc_practice_feedback_image: autoDraw = True
233.6709 	EXP 	enc_practice_feedback_text: autoDraw = True
234.5957 	EXP 	New trial (rep=0, index=3): OrderedDict([('Task', 'EncodingPractice'), ('TrialType', 'LOC'), ('StimType', 'FOIL'), ('Order', 1), ('CurrentImage', 'stimuli/fractals/148b.jpg'), ('CurrentX', 212.1320344), ('CurrentY', 212.1320344), ('Jitter', 1000), ('Section', 'Encoding')])
234.6003 	EXP 	enc_practice_feedback_map: autoDraw = False
234.6003 	EXP 	enc_practice_feedback_image: autoDraw = False
234.6003 	EXP 	enc_practice_feedback_text: autoDraw = False
234.6003 	EXP 	enc_fx_cross: pos = array([212.1320344, 212.1320344])
234.6003 	EXP 	enc_fx_map: autoDraw = True
234.6003 	EXP 	enc_fx_cross: autoDraw = True
235.6918 	EXP 	enc_fx_map: autoDraw = False
235.6918 	EXP 	enc_fx_cross: autoDraw = False
235.6918 	EXP 	enc_fx_map: autoDraw = False
235.6918 	EXP 	enc_fx_cross: autoDraw = False
235.6918 	EXP 	enc_trial_main_image: pos = array([212.1320344, 212.1320344])
235.6918 	EXP 	enc_trial_main_image: image = 'stimuli/fractals/148b.jpg'
235.6918 	EXP 	enc_trial_map: autoDraw = True
235.6918 	EXP 	enc_trial_main_image: autoDraw = True
236.1883 	DATA 	Keypress: j
238.6772 	EXP 	enc_trial_map: autoDraw = False
238.6772 	EXP 	enc_trial_main_image: autoDraw = False
238.6772 	EXP 	enc_practice_feedback_image: pos = array([212.1320344, 212.1320344])
238.6772 	EXP 	enc_practice_feedback_image: image = 'stimuli/fractals/148b.jpg'
238.6772 	EXP 	enc_practice_feedback_text: text = 'Az Ön válasza:\nA kép marad.'
238.6772 	EXP 	enc_practice_feedback_map: autoDraw = True
238.6772 	EXP 	enc_practice_feedback_image: autoDraw = True
238.6772 	EXP 	enc_practice_feedback_text: autoDraw = True
239.6008 	EXP 	New trial (rep=0, index=4): OrderedDict([('Task', 'EncodingPractice'), ('TrialType', 'LOC'), ('StimType', 'LURE'), ('Order', 1), ('CurrentImage', 'stimuli/fractals/159a.jpg'), ('CurrentX', 0.0), ('CurrentY', 300.0), ('Jitter', 5000), ('Section', 'Encoding')])
239.6054 	EXP 	enc_practice_feedback_map: autoDraw = False
239.6054 	EXP 	enc_practice_feedback_image: autoDraw = False
239.6054 	EXP 	enc_practice_feedback_text: autoDraw = False
239.6054 	EXP 	enc_fx_cross: pos = array([  0., 300.])
239.6054 	EXP 	enc_fx_map: autoDraw = True
239.6054 	EXP 	enc_fx_cross: autoDraw = True
244.8047 	EXP 	enc_fx_map: autoDraw = False
244.8047 	EXP 	enc_fx_cross: autoDraw = False
244.8047 	EXP 	enc_fx_map: autoDraw = False
244.8047 	EXP 	enc_fx_cross: autoDraw = False
244.8047 	EXP 	enc_trial_main_image: pos = array([  0., 300.])
244.8047 	EXP 	enc_trial_main_image: image = 'stimuli/fractals/159a.jpg'
244.8047 	EXP 	enc_trial_map: autoDraw = True
244.8047 	EXP 	enc_trial_main_image: autoDraw = True
245.5370 	DATA 	Keypress: f
247.6910 	EXP 	enc_trial_map: autoDraw = False
247.6910 	EXP 	enc_trial_main_image: autoDraw = False
247.6910 	EXP 	enc_practice_feedback_image: pos = array([  0., 300.])
247.6910 	EXP 	enc_practice_feedback_image: image = 'stimuli/fractals/159a.jpg'
247.6910 	EXP 	enc_practice_feedback_text: text = 'Az Ön válasza:\nA kép nem marad.'
247.6910 	EXP 	enc_practice_feedback_map: autoDraw = True
247.6910 	EXP 	enc_practice_feedback_image: autoDraw = True
247.6910 	EXP 	enc_practice_feedback_text: autoDraw = True
248.6079 	EXP 	enc_practice_feedback_map: autoDraw = False
248.6079 	EXP 	enc_practice_feedback_image: autoDraw = False
248.6079 	EXP 	enc_practice_feedback_text: autoDraw = False
248.6079 	EXP 	end_practice_text: autoDraw = True
309.7171 	DATA 	Mouse: Left button down, pos=(501,468)
309.8084 	DATA 	Mouse:  Left button up, pos=(501,468)
313.1902 	DATA 	Keypress: right
313.1924 	EXP 	Created sequence: sequential, trialTypes=1, nReps=3, seed=None
313.1927 	EXP 	New trial (rep=0, index=0): None
313.1947 	EXP 	end_practice_text: autoDraw = False
313.1947 	EXP 	start_enc_run_text: autoDraw = True
315.2870 	EXP 	Imported stimuli_tables/encoding_trials_0.csv as conditions, 2 conditions, 20 params
315.2880 	EXP 	Created sequence: sequential, trialTypes=2, nReps=1, seed=None
315.2888 	EXP 	New trial (rep=0, index=0): OrderedDict([('TrialIndex', 1), ('Jitter', 2000), ('ScannerRun', 1), ('StimType', 'OLP'), ('Order', 1), ('Delay', 3), ('CurrentImage', 'stimuli/fractals/101b.jpg'), ('CurrentX', 212.1320344), ('CurrentY', 212.1320344), ('TripletMemberA', 'stimuli/fractals/101b.jpg'), ('TripletMemberB', 'stimuli/fractals/101a.jpg'), ('TripletMemberC', 'stimuli/fractals/101c.jpg'), ('Xcoordinate', 212.1320344), ('Ycoordinate', 212.1320344), ('Xcoordinate_lure1', 0.0), ('Ycoordinate_lure1', 300.0), ('Xcoordinate_lure2', 300.0), ('Ycoordinate_lure2', 0.0), ('Xcoordinate_foil', -212.1320344), ('Ycoordinate_foil', -212.1320344)])
315.2938 	EXP 	start_enc_run_text: autoDraw = False
315.2938 	EXP 	start_enc_run_text: autoDraw = False
315.2938 	EXP 	enc_fx_cross: pos = array([212.1320344, 212.1320344])
315.2938 	EXP 	enc_fx_map: autoDraw = True
315.2938 	EXP 	enc_fx_cross: autoDraw = True
317.3992 	EXP 	enc_fx_map: autoDraw = False
317.3992 	EXP 	enc_fx_cross: autoDraw = False
317.3992 	EXP 	enc_fx_map: autoDraw = False
317.3992 	EXP 	enc_fx_cross: autoDraw = False
317.3992 	EXP 	enc_trial_main_image: pos = array([212.1320344, 212.1320344])
317.3992 	EXP 	enc_trial_main_image: image = 'stimuli/fractals/101b.jpg'
317.3992 	EXP 	enc_trial_map: autoDraw = True
317.3992 	EXP 	enc_trial_main_image: autoDraw = True
320.2983 	EXP 	New trial (rep=0, index=1): OrderedDict([('TrialIndex', 2), ('Jitter', 6000), ('ScannerRun', 1), ('StimType', 'OLP'), ('Order', 1), ('Delay', 3), ('CurrentImage', 'stimuli/fractals/97b.jpg'), ('CurrentX', 212.1320344), ('CurrentY', -212.1320344), ('TripletMemberA', 'stimuli/fractals/97b.jpg'), ('TripletMemberB', 'stimuli/fractals/97c.jpg'), ('TripletMemberC', 'stimuli/fractals/97a.jpg'), ('Xcoordinate', 212.1320344), ('Ycoordinate', -212.1320344), ('Xcoordinate_lure1', 0.0), ('Ycoordinate_lure1', -300.0), ('Xcoordinate_lure2', 300.0), ('Ycoordinate_lure2', 0.0), ('Xcoordinate_foil', -212.1320344), ('Ycoordinate_foil', 212.1320344)])
320.3032 	EXP 	enc_trial_map: autoDraw = False
320.3032 	EXP 	enc_trial_main_image: autoDraw = False
320.3032 	EXP 	enc_fx_cross: pos = array([ 212.1320344, -212.1320344])
320.3032 	EXP 	enc_fx_map: autoDraw = True
320.3032 	EXP 	enc_fx_cross: autoDraw = True
326.6056 	EXP 	enc_fx_map: autoDraw = False
326.6056 	EXP 	enc_fx_cross: autoDraw = False
326.6056 	EXP 	enc_fx_map: autoDraw = False
326.6056 	EXP 	enc_fx_cross: autoDraw = False
326.6056 	EXP 	enc_trial_main_image: pos = array([ 212.1320344, -212.1320344])
326.6056 	EXP 	enc_trial_main_image: image = 'stimuli/fractals/97b.jpg'
326.6056 	EXP 	enc_trial_map: autoDraw = True
326.6056 	EXP 	enc_trial_main_image: autoDraw = True
329.3200 	EXP 	enc_trial_map: autoDraw = False
329.3200 	EXP 	enc_trial_main_image: autoDraw = False
329.3200 	EXP 	end_enc_run_text: text = 'Szünet\nA folytatáshoz nyomja le a jobb nyilat'
329.3200 	EXP 	end_enc_run_text: autoDraw = True
356.0472 	DATA 	Mouse: Left button down, pos=(549,548)
356.1600 	DATA 	Mouse:  Left button up, pos=(549,548)
357.5448 	DATA 	Keypress: right
357.5467 	EXP 	New trial (rep=1, index=0): None
357.5485 	EXP 	end_enc_run_text: autoDraw = False
357.5485 	EXP 	start_enc_run_text: autoDraw = True
359.6140 	EXP 	Imported stimuli_tables/encoding_trials_0.csv as conditions, 2 conditions, 20 params
359.6150 	EXP 	Created sequence: sequential, trialTypes=2, nReps=1, seed=None
359.6158 	EXP 	New trial (rep=0, index=0): OrderedDict([('TrialIndex', 3), ('Jitter', 2000), ('ScannerRun', 1), ('StimType', 'LLP'), ('Order', 1), ('Delay', 5), ('CurrentImage', 'stimuli/fractals/76b.jpg'), ('CurrentX', 212.1320344), ('CurrentY', 212.1320344), ('TripletMemberA', 'stimuli/fractals/76b.jpg'), ('TripletMemberB', 'stimuli/fractals/76c.jpg'), ('TripletMemberC', 'stimuli/fractals/76a.jpg'), ('Xcoordinate', 212.1320344), ('Ycoordinate', 212.1320344), ('Xcoordinate_lure1', 300.0), ('Ycoordinate_lure1', 0.0), ('Xcoordinate_lure2', 0.0), ('Ycoordinate_lure2', 300.0), ('Xcoordinate_foil', -212.1320344), ('Ycoordinate_foil', -212.1320344)])
359.6208 	EXP 	start_enc_run_text: autoDraw = False
359.6208 	EXP 	start_enc_run_text: autoDraw = False
359.6208 	EXP 	enc_fx_cross: pos = array([212.1320344, 212.1320344])
359.6208 	EXP 	enc_fx_map: autoDraw = True
359.6208 	EXP 	enc_fx_cross: autoDraw = True
361.8108 	EXP 	enc_fx_map: autoDraw = False
361.8108 	EXP 	enc_fx_cross: autoDraw = False
361.8108 	EXP 	enc_fx_map: autoDraw = False
361.8108 	EXP 	enc_fx_cross: autoDraw = False
361.8108 	EXP 	enc_trial_main_image: pos = array([212.1320344, 212.1320344])
361.8108 	EXP 	enc_trial_main_image: image = 'stimuli/fractals/76b.jpg'
361.8108 	EXP 	enc_trial_map: autoDraw = True
361.8108 	EXP 	enc_trial_main_image: autoDraw = True
364.6254 	EXP 	New trial (rep=0, index=1): OrderedDict([('TrialIndex', 4), ('Jitter', 1000), ('ScannerRun', 1), ('StimType', 'ERP'), ('Order', 1), ('Delay', 2), ('CurrentImage', 'stimuli/fractals/19a.jpg'), ('CurrentX', 212.1320344), ('CurrentY', -212.1320344), ('TripletMemberA', 'stimuli/fractals/19a.jpg'), ('TripletMemberB', 'stimuli/fractals/19c.jpg'), ('TripletMemberC', 'stimuli/fractals/19b.jpg'), ('Xcoordinate', 212.1320344), ('Ycoordinate', -212.1320344), ('Xcoordinate_lure1', 300.0), ('Ycoordinate_lure1', 0.0), ('Xcoordinate_lure2', 0.0), ('Ycoordinate_lure2', -300.0), ('Xcoordinate_foil', -300.0), ('Ycoordinate_foil', 0.0)])
364.6303 	EXP 	enc_trial_map: autoDraw = False
364.6303 	EXP 	enc_trial_main_image: autoDraw = False
364.6303 	EXP 	enc_fx_cross: pos = array([ 212.1320344, -212.1320344])
364.6303 	EXP 	enc_fx_map: autoDraw = True
364.6303 	EXP 	enc_fx_cross: autoDraw = True
365.8079 	EXP 	enc_fx_map: autoDraw = False
365.8079 	EXP 	enc_fx_cross: autoDraw = False
365.8079 	EXP 	enc_fx_map: autoDraw = False
365.8079 	EXP 	enc_fx_cross: autoDraw = False
365.8079 	EXP 	enc_trial_main_image: pos = array([ 212.1320344, -212.1320344])
365.8079 	EXP 	enc_trial_main_image: image = 'stimuli/fractals/19a.jpg'
365.8079 	EXP 	enc_trial_map: autoDraw = True
365.8079 	EXP 	enc_trial_main_image: autoDraw = True
368.6373 	EXP 	enc_trial_map: autoDraw = False
368.6373 	EXP 	enc_trial_main_image: autoDraw = False
368.6373 	EXP 	end_enc_run_text: text = 'Szünet\nA folytatáshoz nyomja le a jobb nyilat'
368.6373 	EXP 	end_enc_run_text: autoDraw = True
373.2953 	DATA 	Keypress: right
373.2966 	EXP 	New trial (rep=2, index=0): None
373.2983 	EXP 	end_enc_run_text: autoDraw = False
373.2983 	EXP 	start_enc_run_text: autoDraw = True
375.3638 	EXP 	Imported stimuli_tables/encoding_trials_0.csv as conditions, 2 conditions, 20 params
375.3651 	EXP 	Created sequence: sequential, trialTypes=2, nReps=1, seed=None
375.3665 	EXP 	New trial (rep=0, index=0): OrderedDict([('TrialIndex', 5), ('Jitter', 5000), ('ScannerRun', 1), ('StimType', 'OLP'), ('Order', 2), ('Delay', 0), ('CurrentImage', 'stimuli/fractals/101a.jpg'), ('CurrentX', 212.1320344), ('CurrentY', 212.1320344), ('TripletMemberA', 'stimuli/fractals/101b.jpg'), ('TripletMemberB', 'stimuli/fractals/101a.jpg'), ('TripletMemberC', 'stimuli/fractals/101c.jpg'), ('Xcoordinate', 212.1320344), ('Ycoordinate', 212.1320344), ('Xcoordinate_lure1', 0.0), ('Ycoordinate_lure1', 300.0), ('Xcoordinate_lure2', 300.0), ('Ycoordinate_lure2', 0.0), ('Xcoordinate_foil', -212.1320344), ('Ycoordinate_foil', -212.1320344)])
375.3728 	EXP 	start_enc_run_text: autoDraw = False
375.3728 	EXP 	start_enc_run_text: autoDraw = False
375.3728 	EXP 	enc_fx_cross: pos = array([212.1320344, 212.1320344])
375.3728 	EXP 	enc_fx_map: autoDraw = True
375.3728 	EXP 	enc_fx_cross: autoDraw = True
380.4440 	EXP 	enc_fx_map: autoDraw = False
380.4440 	EXP 	enc_fx_cross: autoDraw = False
380.4440 	EXP 	enc_fx_map: autoDraw = False
380.4440 	EXP 	enc_fx_cross: autoDraw = False
380.4440 	EXP 	enc_trial_main_image: pos = array([212.1320344, 212.1320344])
380.4440 	EXP 	enc_trial_main_image: image = 'stimuli/fractals/101a.jpg'
380.4440 	EXP 	enc_trial_map: autoDraw = True
380.4440 	EXP 	enc_trial_main_image: autoDraw = True
383.3769 	EXP 	New trial (rep=0, index=1): OrderedDict([('TrialIndex', 6), ('Jitter', 3000), ('ScannerRun', 1), ('StimType', 'OLP'), ('Order', 2), ('Delay', 0), ('CurrentImage', 'stimuli/fractals/97c.jpg'), ('CurrentX', 212.1320344), ('CurrentY', -212.1320344), ('TripletMemberA', 'stimuli/fractals/97b.jpg'), ('TripletMemberB', 'stimuli/fractals/97c.jpg'), ('TripletMemberC', 'stimuli/fractals/97a.jpg'), ('Xcoordinate', 212.1320344), ('Ycoordinate', -212.1320344), ('Xcoordinate_lure1', 0.0), ('Ycoordinate_lure1', -300.0), ('Xcoordinate_lure2', 300.0), ('Ycoordinate_lure2', 0.0), ('Xcoordinate_foil', -212.1320344), ('Ycoordinate_foil', 212.1320344)])
383.3818 	EXP 	enc_trial_map: autoDraw = False
383.3818 	EXP 	enc_trial_main_image: autoDraw = False
383.3818 	EXP 	enc_fx_cross: pos = array([ 212.1320344, -212.1320344])
383.3818 	EXP 	enc_fx_map: autoDraw = True
383.3818 	EXP 	enc_fx_cross: autoDraw = True
386.5592 	EXP 	enc_fx_map: autoDraw = False
386.5592 	EXP 	enc_fx_cross: autoDraw = False
386.5592 	EXP 	enc_fx_map: autoDraw = False
386.5592 	EXP 	enc_fx_cross: autoDraw = False
386.5592 	EXP 	enc_trial_main_image: pos = array([ 212.1320344, -212.1320344])
386.5592 	EXP 	enc_trial_main_image: image = 'stimuli/fractals/97c.jpg'
386.5592 	EXP 	enc_trial_map: autoDraw = True
386.5592 	EXP 	enc_trial_main_image: autoDraw = True
389.3919 	EXP 	enc_trial_map: autoDraw = False
389.3919 	EXP 	enc_trial_main_image: autoDraw = False
389.3919 	EXP 	end_enc_run_text: text = 'Vége az első feladatnak'
389.3919 	EXP 	end_enc_run_text: autoDraw = True
392.1138 	DATA 	Keypress: right
392.1182 	EXP 	end_enc_run_text: autoDraw = False
392.1182 	EXP 	start_recognition_text: autoDraw = True
394.1185 	EXP 	start_recognition_text: autoDraw = False
394.1185 	EXP 	start_recognition_text: autoDraw = False
394.1185 	EXP 	rec_instructions_1_text: autoDraw = True
415.6608 	DATA 	Mouse: Left button down, pos=(690,288)
415.7687 	DATA 	Mouse:  Left button up, pos=(690,288)
419.0834 	DATA 	Keypress: right
419.0862 	EXP 	rec_instructions_1_text: autoDraw = False
419.0862 	EXP 	rec_instructions2_text: autoDraw = True
549.6205 	DATA 	Mouse: Left button down, pos=(911,505)
549.6602 	DATA 	Mouse:  Left button up, pos=(911,505)
549.8386 	DATA 	Keypress: right
549.8409 	EXP 	rec_instructions2_text: autoDraw = False
549.8409 	EXP 	rec_instrauction_3_text: autoDraw = True
557.1163 	DATA 	Keypress: right
557.1190 	EXP 	rec_instrauction_3_text: autoDraw = False
557.1190 	EXP 	rec_instructions_4_text: autoDraw = True
570.4607 	DATA 	Keypress: right
570.4704 	EXP 	Imported stimuli_demo.csv as conditions, 10 conditions, 12 params
570.4709 	EXP 	Created sequence: sequential, trialTypes=10, nReps=1, seed=None
570.4715 	EXP 	New trial (rep=0, index=0): OrderedDict([('Task', 'Demo'), ('TrialType', 'OBJ'), ('StimType', 'LURE'), ('CurrentImage', 'stimuli/fractals//181b.jpg'), ('DemoImage', 'stimuli/fractals//181c.jpg'), ('CurrentX', 300.0), ('CurrentY', 0.0), ('DemoX', -300.0), ('DemoY', 0.0), ('InPractice', '-'), ('DemoText', 'Hasonló Képek'), ('Jitter', 2300)])
570.7267 	EXP 	rec_instructions_4_text: autoDraw = False
570.7267 	EXP 	demo_main_image: pos = array([300.,   0.])
570.7267 	EXP 	demo_main_image: image = 'stimuli/fractals//181b.jpg'
570.7267 	EXP 	demo_image: pos = array([-300.,    0.])
570.7267 	EXP 	demo_image: image = 'stimuli/fractals//181c.jpg'
570.7267 	EXP 	demo_text: text = 'Hasonló Képek'
570.7267 	EXP 	demo_map: autoDraw = True
570.7267 	EXP 	demo_main_image: autoDraw = True
570.7267 	EXP 	demo_image: autoDraw = True
570.7267 	EXP 	demo_text: autoDraw = True
575.9510 	DATA 	Keypress: right
575.9545 	EXP 	New trial (rep=0, index=1): OrderedDict([('Task', 'Demo'), ('TrialType', 'OBJ'), ('StimType', 'LURE'), ('CurrentImage', 'stimuli/fractals//149a.jpg'), ('DemoImage', 'stimuli/fractals//149b.jpg'), ('CurrentX', 300.0), ('CurrentY', 0.0), ('DemoX', -300.0), ('DemoY', 0.0), ('InPractice', '-'), ('DemoText', 'Hasonló Képek'), ('Jitter', 1000)])
576.2004 	EXP 	demo_map: autoDraw = False
576.2004 	EXP 	demo_main_image: autoDraw = False
576.2004 	EXP 	demo_image: autoDraw = False
576.2004 	EXP 	demo_text: autoDraw = False
576.2004 	EXP 	demo_main_image: pos = array([300.,   0.])
576.2004 	EXP 	demo_main_image: image = 'stimuli/fractals//149a.jpg'
576.2004 	EXP 	demo_image: pos = array([-300.,    0.])
576.2004 	EXP 	demo_image: image = 'stimuli/fractals//149b.jpg'
576.2004 	EXP 	demo_text: text = 'Hasonló Képek'
576.2004 	EXP 	demo_map: autoDraw = True
576.2004 	EXP 	demo_main_image: autoDraw = True
576.2004 	EXP 	demo_image: autoDraw = True
576.2004 	EXP 	demo_text: autoDraw = True
577.0250 	DATA 	Keypress: right
577.3987 	DATA 	Keypress: right
616.5176 	DATA 	Mouse: Left button down, pos=(1713,120)
616.6070 	DATA 	Mouse:  Left button up, pos=(1713,120)
617.1011 	DATA 	Keypress: right
617.1033 	EXP 	New trial (rep=0, index=2): OrderedDict([('Task', 'Demo'), ('TrialType', 'OBJ'), ('StimType', 'LURE'), ('CurrentImage', 'stimuli/fractals//177b.jpg'), ('DemoImage', 'stimuli/fractals//177c.jpg'), ('CurrentX', 300.0), ('CurrentY', 0.0), ('DemoX', -300.0), ('DemoY', 0.0), ('InPractice', '-'), ('DemoText', 'Hasonló Képek'), ('Jitter', 800)])
617.2604 	EXP 	demo_map: autoDraw = False
617.2604 	EXP 	demo_main_image: autoDraw = False
617.2604 	EXP 	demo_image: autoDraw = False
617.2604 	EXP 	demo_text: autoDraw = False
617.2604 	EXP 	demo_main_image: pos = array([300.,   0.])
617.2604 	EXP 	demo_main_image: image = 'stimuli/fractals//177b.jpg'
617.2604 	EXP 	demo_image: pos = array([-300.,    0.])
617.2604 	EXP 	demo_image: image = 'stimuli/fractals//177c.jpg'
617.2604 	EXP 	demo_text: text = 'Hasonló Képek'
617.2604 	EXP 	demo_map: autoDraw = True
617.2604 	EXP 	demo_main_image: autoDraw = True
617.2604 	EXP 	demo_image: autoDraw = True
617.2604 	EXP 	demo_text: autoDraw = True
619.0580 	DATA 	Keypress: right
621.3363 	DATA 	Keypress: right
627.5087 	DATA 	Keypress: right
627.5109 	EXP 	New trial (rep=0, index=3): OrderedDict([('Task', 'Demo'), ('TrialType', 'OBJ'), ('StimType', 'LURE'), ('CurrentImage', 'stimuli/fractals//167a.jpg'), ('DemoImage', 'stimuli/fractals//167b.jpg'), ('CurrentX', 300.0), ('CurrentY', 0.0), ('DemoX', -300.0), ('DemoY', 0.0), ('InPractice', 'OBJ-TARGET'), ('DemoText', 'Hasonló Képek'), ('Jitter', 1500)])
627.7543 	EXP 	demo_map: autoDraw = False
627.7543 	EXP 	demo_main_image: autoDraw = False
627.7543 	EXP 	demo_image: autoDraw = False
627.7543 	EXP 	demo_text: autoDraw = False
627.7543 	EXP 	demo_main_image: pos = array([300.,   0.])
627.7543 	EXP 	demo_main_image: image = 'stimuli/fractals//167a.jpg'
627.7543 	EXP 	demo_image: pos = array([-300.,    0.])
627.7543 	EXP 	demo_image: image = 'stimuli/fractals//167b.jpg'
627.7543 	EXP 	demo_text: text = 'Hasonló Képek'
627.7543 	EXP 	demo_map: autoDraw = True
627.7543 	EXP 	demo_main_image: autoDraw = True
627.7543 	EXP 	demo_image: autoDraw = True
627.7543 	EXP 	demo_text: autoDraw = True
644.8480 	DATA 	Keypress: right
644.8501 	EXP 	New trial (rep=0, index=4): OrderedDict([('Task', 'Demo'), ('TrialType', 'OBJ'), ('StimType', 'FOIL'), ('CurrentImage', 'stimuli/fractals//163a.jpg'), ('DemoImage', 'stimuli/fractals//173c.jpg'), ('CurrentX', 300.0), ('CurrentY', 0.0), ('DemoX', -300.0), ('DemoY', 0.0), ('InPractice', '-'), ('DemoText', 'Új Képek'), ('Jitter', 600)])
645.1045 	EXP 	demo_map: autoDraw = False
645.1045 	EXP 	demo_main_image: autoDraw = False
645.1045 	EXP 	demo_image: autoDraw = False
645.1045 	EXP 	demo_text: autoDraw = False
645.1045 	EXP 	demo_main_image: pos = array([300.,   0.])
645.1045 	EXP 	demo_main_image: image = 'stimuli/fractals//163a.jpg'
645.1045 	EXP 	demo_image: pos = array([-300.,    0.])
645.1045 	EXP 	demo_image: image = 'stimuli/fractals//173c.jpg'
645.1045 	EXP 	demo_text: text = 'Új Képek'
645.1045 	EXP 	demo_map: autoDraw = True
645.1045 	EXP 	demo_main_image: autoDraw = True
645.1045 	EXP 	demo_image: autoDraw = True
645.1045 	EXP 	demo_text: autoDraw = True
649.3875 	DATA 	Keypress: right
652.8860 	DATA 	Keypress: right
652.8881 	EXP 	New trial (rep=0, index=5): OrderedDict([('Task', 'Demo'), ('TrialType', 'LOC'), ('StimType', 'LURE'), ('CurrentImage', 'stimuli/fractals//166a.jpg'), ('DemoImage', 'stimuli/fractals//166a.jpg'), ('CurrentX', -300.0), ('CurrentY', 0.0), ('DemoX', -212.1320344), ('DemoY', -212.1320344), ('InPractice', 'LOC-TARGET, OBJ-LURE'), ('DemoText', 'Hasonló Helyek'), ('Jitter', 800)])
653.0315 	EXP 	demo_map: autoDraw = False
653.0315 	EXP 	demo_main_image: autoDraw = False
653.0315 	EXP 	demo_image: autoDraw = False
653.0315 	EXP 	demo_text: autoDraw = False
653.0315 	EXP 	demo_main_image: pos = array([-300.,    0.])
653.0315 	EXP 	demo_main_image: image = 'stimuli/fractals//166a.jpg'
653.0315 	EXP 	demo_image: pos = array([-212.1320344, -212.1320344])
653.0315 	EXP 	demo_image: image = 'stimuli/fractals//166a.jpg'
653.0315 	EXP 	demo_text: text = 'Hasonló Helyek'
653.0315 	EXP 	demo_map: autoDraw = True
653.0315 	EXP 	demo_main_image: autoDraw = True
653.0315 	EXP 	demo_image: autoDraw = True
653.0315 	EXP 	demo_text: autoDraw = True
658.2574 	DATA 	Keypress: right
658.2597 	EXP 	New trial (rep=0, index=6): OrderedDict([('Task', 'Demo'), ('TrialType', 'LOC'), ('StimType', 'LURE'), ('CurrentImage', 'stimuli/fractals//159a.jpg'), ('DemoImage', 'stimuli/fractals//159a.jpg'), ('CurrentX', 0.0), ('CurrentY', 300.0), ('DemoX', -212.1320344), ('DemoY', 212.1320344), ('InPractice', 'LOC-LURE'), ('DemoText', 'Hasonló Helyek'), ('Jitter', 1500)])
658.4087 	EXP 	demo_map: autoDraw = False
658.4087 	EXP 	demo_main_image: autoDraw = False
658.4087 	EXP 	demo_image: autoDraw = False
658.4087 	EXP 	demo_text: autoDraw = False
658.4087 	EXP 	demo_main_image: pos = array([  0., 300.])
658.4087 	EXP 	demo_main_image: image = 'stimuli/fractals//159a.jpg'
658.4087 	EXP 	demo_image: pos = array([-212.1320344,  212.1320344])
658.4087 	EXP 	demo_image: image = 'stimuli/fractals//159a.jpg'
658.4087 	EXP 	demo_text: text = 'Hasonló Helyek'
658.4087 	EXP 	demo_map: autoDraw = True
658.4087 	EXP 	demo_main_image: autoDraw = True
658.4087 	EXP 	demo_image: autoDraw = True
658.4087 	EXP 	demo_text: autoDraw = True
664.0636 	DATA 	Keypress: right
664.0658 	EXP 	New trial (rep=0, index=7): OrderedDict([('Task', 'Demo'), ('TrialType', 'LOC'), ('StimType', 'LURE'), ('CurrentImage', 'stimuli/fractals//148b.jpg'), ('DemoImage', 'stimuli/fractals//148b.jpg'), ('CurrentX', 212.1320344), ('CurrentY', 212.1320344), ('DemoX', 0.0), ('DemoY', 300.0), ('InPractice', 'LOC-FOIL'), ('DemoText', 'Hasonló Helyek'), ('Jitter', 800)])
664.1991 	EXP 	demo_map: autoDraw = False
664.1991 	EXP 	demo_main_image: autoDraw = False
664.1991 	EXP 	demo_image: autoDraw = False
664.1991 	EXP 	demo_text: autoDraw = False
664.1991 	EXP 	demo_main_image: pos = array([212.1320344, 212.1320344])
664.1991 	EXP 	demo_main_image: image = 'stimuli/fractals//148b.jpg'
664.1991 	EXP 	demo_image: pos = array([  0., 300.])
664.1991 	EXP 	demo_image: image = 'stimuli/fractals//148b.jpg'
664.1991 	EXP 	demo_text: text = 'Hasonló Helyek'
664.1991 	EXP 	demo_map: autoDraw = True
664.1991 	EXP 	demo_main_image: autoDraw = True
664.1991 	EXP 	demo_image: autoDraw = True
664.1991 	EXP 	demo_text: autoDraw = True
667.1557 	DATA 	Keypress: right
677.1837 	DATA 	Keypress: right
677.1858 	EXP 	New trial (rep=0, index=8): OrderedDict([('Task', 'Demo'), ('TrialType', 'LOC'), ('StimType', 'FOIL'), ('CurrentImage', 'stimuli/fractals//177b.jpg'), ('DemoImage', 'stimuli/fractals//177b.jpg'), ('CurrentX', 300.0), ('CurrentY', 0.0), ('DemoX', -212.1320344), ('DemoY', 212.1320344), ('InPractice', 'OBJ-LURE'), ('DemoText', 'Új Helyek'), ('Jitter', 800)])
677.3396 	EXP 	demo_map: autoDraw = False
677.3396 	EXP 	demo_main_image: autoDraw = False
677.3396 	EXP 	demo_image: autoDraw = False
677.3396 	EXP 	demo_text: autoDraw = False
677.3396 	EXP 	demo_main_image: pos = array([300.,   0.])
677.3396 	EXP 	demo_main_image: image = 'stimuli/fractals//177b.jpg'
677.3396 	EXP 	demo_image: pos = array([-212.1320344,  212.1320344])
677.3396 	EXP 	demo_image: image = 'stimuli/fractals//177b.jpg'
677.3396 	EXP 	demo_text: text = 'Új Helyek'
677.3396 	EXP 	demo_map: autoDraw = True
677.3396 	EXP 	demo_main_image: autoDraw = True
677.3396 	EXP 	demo_image: autoDraw = True
677.3396 	EXP 	demo_text: autoDraw = True
684.5625 	DATA 	Keypress: right
684.5646 	EXP 	New trial (rep=0, index=9): OrderedDict([('Task', 'Demo'), ('TrialType', 'LOC'), ('StimType', 'FOIL'), ('CurrentImage', 'stimuli/fractals//177b.jpg'), ('DemoImage', 'stimuli/fractals//177b.jpg'), ('CurrentX', 300.0), ('CurrentY', 0.0), ('DemoX', -300.0), ('DemoY', 0.0), ('InPractice', 'OBJ-LURE'), ('DemoText', 'Új Helyek'), ('Jitter', 1200)])
684.7114 	EXP 	demo_map: autoDraw = False
684.7114 	EXP 	demo_main_image: autoDraw = False
684.7114 	EXP 	demo_image: autoDraw = False
684.7114 	EXP 	demo_text: autoDraw = False
684.7114 	EXP 	demo_main_image: pos = array([300.,   0.])
684.7114 	EXP 	demo_main_image: image = 'stimuli/fractals//177b.jpg'
684.7114 	EXP 	demo_image: pos = array([-300.,    0.])
684.7114 	EXP 	demo_image: image = 'stimuli/fractals//177b.jpg'
684.7114 	EXP 	demo_text: text = 'Új Helyek'
684.7114 	EXP 	demo_map: autoDraw = True
684.7114 	EXP 	demo_main_image: autoDraw = True
684.7114 	EXP 	demo_image: autoDraw = True
684.7114 	EXP 	demo_text: autoDraw = True
691.2915 	DATA 	Keypress: right
691.2956 	EXP 	demo_map: autoDraw = False
691.2956 	EXP 	demo_main_image: autoDraw = False
691.2956 	EXP 	demo_image: autoDraw = False
691.2956 	EXP 	demo_text: autoDraw = False
691.2956 	EXP 	demo_end_text: autoDraw = True
724.5256 	DATA 	Mouse: Left button down, pos=(640,247)
724.6066 	DATA 	Mouse:  Left button up, pos=(640,247)
725.7665 	DATA 	Keypress: right
725.7683 	EXP 	demo_end_text: autoDraw = False
725.7683 	EXP 	start_practice_text: autoDraw = True
726.7672 	EXP 	Created sequence: random, trialTypes=1, nReps=2, seed=None
726.7675 	EXP 	New trial (rep=0, index=0): None
726.7728 	EXP 	start_practice_text: autoDraw = False
726.7728 	EXP 	start_practice_text: autoDraw = False
726.7728 	EXP 	rec_practice_block_text: text = 'LOC'
726.7728 	EXP 	rec_practice_block_text: autoDraw = True
727.7812 	EXP 	Imported recognition_practice_trials.csv as conditions, 3 conditions, 10 params
727.7818 	EXP 	Created sequence: random, trialTypes=3, nReps=1, seed=None
727.7824 	EXP 	New trial (rep=0, index=0): OrderedDict([('Task', 'RecognitionPractice'), ('TrialIndex', 2), ('BlockNr', 1), ('TrialType', 'OBJ'), ('StimType', 'TARGET'), ('CurrentImage', 'stimuli/fractals/167a.jpg'), ('CurrentX', 0.0), ('CurrentY', 300.0), ('Jitter', 2.0), ('Filler', 0)])
727.7875 	EXP 	rec_practice_block_text: autoDraw = False
727.7875 	EXP 	rec_practice_block_text: autoDraw = False
727.7875 	EXP 	rec_fx_cross: pos = array([  0., 300.])
727.7875 	EXP 	rec_fx_map: autoDraw = True
727.7875 	EXP 	rec_fx_cross: autoDraw = True
727.8627 	EXP 	rec_fx_map: autoDraw = False
727.8627 	EXP 	rec_fx_cross: autoDraw = False
727.8627 	EXP 	rec_fx_map: autoDraw = False
727.8627 	EXP 	rec_fx_cross: autoDraw = False
727.8627 	EXP 	rec_trial_main_image: pos = array([  0., 300.])
727.8627 	EXP 	rec_trial_main_image: image = 'stimuli/fractals/167a.jpg'
727.8627 	EXP 	rec_trial_map: autoDraw = True
727.8627 	EXP 	rec_trial_main_image: autoDraw = True
730.7927 	EXP 	New trial (rep=0, index=1): OrderedDict([('Task', 'RecognitionPractice'), ('TrialIndex', 1), ('BlockNr', 1), ('TrialType', 'OBJ'), ('StimType', 'FOIL'), ('CurrentImage', 'stimuli/fractals/156b.jpg'), ('CurrentX', 212.1320344), ('CurrentY', 212.1320344), ('Jitter', 0.6), ('Filler', 0)])
730.8987 	EXP 	rec_trial_map: autoDraw = False
730.8987 	EXP 	rec_trial_main_image: autoDraw = False
730.8987 	EXP 	rec_fx_cross: pos = array([212.1320344, 212.1320344])
730.8987 	EXP 	rec_fx_map: autoDraw = True
730.8987 	EXP 	rec_fx_map: autoDraw = False
730.8987 	EXP 	rec_fx_cross: autoDraw = True
730.8987 	EXP 	rec_fx_cross: autoDraw = False
730.8987 	EXP 	rec_fx_map: autoDraw = False
730.8987 	EXP 	rec_fx_cross: autoDraw = False
730.8987 	EXP 	rec_trial_main_image: pos = array([212.1320344, 212.1320344])
730.8987 	EXP 	rec_trial_main_image: image = 'stimuli/fractals/156b.jpg'
730.8987 	EXP 	rec_trial_map: autoDraw = True
730.8987 	EXP 	rec_trial_main_image: autoDraw = True
732.3480 	DATA 	Keypress: j
733.7962 	EXP 	New trial (rep=0, index=2): OrderedDict([('Task', 'RecognitionPractice'), ('TrialIndex', 1), ('BlockNr', 1), ('TrialType', 'OBJ'), ('StimType', 'LURE'), ('CurrentImage', 'stimuli/fractals/166c.jpg'), ('CurrentX', -300.0), ('CurrentY', 0.0), ('Jitter', 0.6), ('Filler', 0)])
733.8733 	EXP 	rec_trial_map: autoDraw = False
733.8733 	EXP 	rec_trial_main_image: autoDraw = False
733.8733 	EXP 	rec_fx_cross: pos = array([-300.,    0.])
733.8733 	EXP 	rec_fx_map: autoDraw = True
733.8733 	EXP 	rec_fx_map: autoDraw = False
733.8733 	EXP 	rec_fx_cross: autoDraw = True
733.8733 	EXP 	rec_fx_cross: autoDraw = False
733.8733 	EXP 	rec_fx_map: autoDraw = False
733.8733 	EXP 	rec_fx_cross: autoDraw = False
733.8733 	EXP 	rec_trial_main_image: pos = array([-300.,    0.])
733.8733 	EXP 	rec_trial_main_image: image = 'stimuli/fractals/166c.jpg'
733.8733 	EXP 	rec_trial_map: autoDraw = True
733.8733 	EXP 	rec_trial_main_image: autoDraw = True
736.8002 	EXP 	New trial (rep=1, index=0): None
736.8058 	EXP 	rec_trial_map: autoDraw = False
736.8058 	EXP 	rec_trial_main_image: autoDraw = False
736.8058 	EXP 	rec_practice_block_text: text = 'OBJ'
736.8058 	EXP 	rec_practice_block_text: autoDraw = True
737.8077 	EXP 	Imported recognition_practice_trials.csv as conditions, 3 conditions, 10 params
737.8082 	EXP 	Created sequence: random, trialTypes=3, nReps=1, seed=None
737.8088 	EXP 	New trial (rep=0, index=0): OrderedDict([('Task', 'RecognitionPractice'), ('TrialIndex', 5), ('BlockNr', 2), ('TrialType', 'LOC'), ('StimType', 'FOIL'), ('CurrentImage', 'stimuli/fractals/148b.jpg'), ('CurrentX', -212.1320344), ('CurrentY', -212.1320344), ('Jitter', 1.5), ('Filler', 0)])
737.8135 	EXP 	rec_practice_block_text: autoDraw = False
737.8135 	EXP 	rec_fx_cross: pos = array([-212.1320344, -212.1320344])
737.8135 	EXP 	rec_fx_map: autoDraw = True
737.8135 	EXP 	rec_fx_cross: autoDraw = True
737.8856 	EXP 	rec_fx_map: autoDraw = False
737.8856 	EXP 	rec_fx_cross: autoDraw = False
737.8856 	EXP 	rec_fx_map: autoDraw = False
737.8856 	EXP 	rec_fx_cross: autoDraw = False
737.8856 	EXP 	rec_trial_main_image: pos = array([-212.1320344, -212.1320344])
737.8856 	EXP 	rec_trial_main_image: image = 'stimuli/fractals/148b.jpg'
737.8856 	EXP 	rec_trial_map: autoDraw = True
737.8856 	EXP 	rec_trial_main_image: autoDraw = True
740.8204 	EXP 	New trial (rep=0, index=1): OrderedDict([('Task', 'RecognitionPractice'), ('TrialIndex', 4), ('BlockNr', 2), ('TrialType', 'LOC'), ('StimType', 'LURE'), ('CurrentImage', 'stimuli/fractals/159a.jpg'), ('CurrentX', 212.1320344), ('CurrentY', 212.1320344), ('Jitter', 1.0), ('Filler', 0)])
740.8252 	EXP 	rec_trial_map: autoDraw = False
740.8252 	EXP 	rec_trial_main_image: autoDraw = False
740.8252 	EXP 	rec_fx_cross: pos = array([212.1320344, 212.1320344])
740.8252 	EXP 	rec_fx_map: autoDraw = True
740.8252 	EXP 	rec_fx_cross: autoDraw = True
740.9046 	EXP 	rec_fx_map: autoDraw = False
740.9046 	EXP 	rec_fx_cross: autoDraw = False
740.9046 	EXP 	rec_fx_map: autoDraw = False
740.9046 	EXP 	rec_fx_cross: autoDraw = False
740.9046 	EXP 	rec_trial_main_image: pos = array([212.1320344, 212.1320344])
740.9046 	EXP 	rec_trial_main_image: image = 'stimuli/fractals/159a.jpg'
740.9046 	EXP 	rec_trial_map: autoDraw = True
740.9046 	EXP 	rec_trial_main_image: autoDraw = True
743.8280 	EXP 	New trial (rep=0, index=2): OrderedDict([('Task', 'RecognitionPractice'), ('TrialIndex', 6), ('BlockNr', 2), ('TrialType', 'LOC'), ('StimType', 'TARGET'), ('CurrentImage', 'stimuli/fractals/166a.jpg'), ('CurrentX', -300.0), ('CurrentY', 0.0), ('Jitter', 1.0), ('Filler', 0)])
743.8328 	EXP 	rec_trial_map: autoDraw = False
743.8328 	EXP 	rec_trial_main_image: autoDraw = False
743.8328 	EXP 	rec_fx_cross: pos = array([-300.,    0.])
743.8328 	EXP 	rec_fx_map: autoDraw = True
743.8328 	EXP 	rec_fx_cross: autoDraw = True
743.9053 	EXP 	rec_fx_map: autoDraw = False
743.9053 	EXP 	rec_fx_cross: autoDraw = False
743.9053 	EXP 	rec_fx_map: autoDraw = False
743.9053 	EXP 	rec_fx_cross: autoDraw = False
743.9053 	EXP 	rec_trial_main_image: pos = array([-300.,    0.])
743.9053 	EXP 	rec_trial_main_image: image = 'stimuli/fractals/166a.jpg'
743.9053 	EXP 	rec_trial_map: autoDraw = True
743.9053 	EXP 	rec_trial_main_image: autoDraw = True
746.8374 	EXP 	rec_trial_map: autoDraw = False
746.8374 	EXP 	rec_trial_main_image: autoDraw = False
746.8374 	EXP 	end_practice_text: autoDraw = True
795.4022 	DATA 	Mouse: Left button down, pos=(688,203)
795.4446 	DATA 	Mouse:  Left button up, pos=(688,203)
796.0112 	DATA 	Keypress: right
796.0122 	EXP 	Created sequence: random, trialTypes=1, nReps=3, seed=None
796.0125 	EXP 	New trial (rep=0, index=0): None
796.0145 	EXP 	end_practice_text: autoDraw = False
796.0145 	EXP 	start_rec_run_text: autoDraw = True
797.0145 	EXP 	Created sequence: random, trialTypes=1, nReps=2, seed=None
797.0149 	EXP 	New trial (rep=0, index=0): None
797.0187 	EXP 	start_rec_run_text: autoDraw = False
797.0187 	EXP 	start_rec_run_text: autoDraw = False
797.0187 	EXP 	start_rec_block_text: text = 'LOC'
797.0187 	EXP 	start_rec_block_text: autoDraw = True
798.6159 	EXP 	Imported stimuli_tables/recognition_trials_0.csv as conditions, 3 conditions, 25 params
798.6167 	EXP 	Created sequence: sequential, trialTypes=3, nReps=1, seed=None
798.6175 	EXP 	New trial (rep=0, index=0): OrderedDict([('TrialIndex', 1), ('Jitter', 500), ('ScannerRun', None), ('BlockNr', 1), ('TrialType', 'OBJ'), ('StimType', 'FOIL'), ('CurrentImage', 'stimuli/fractals/102b.jpg'), ('CurrentX', 300.0), ('CurrentY', 0.0), ('EncodingTrialIndex', 0.0), ('EncodingStimType', 'FOIL'), ('EncodingImage', None), ('EncodingXcoordinate', 0.0), ('EncodingYcoordinate', 0.0), ('TripletMemberA', None), ('TripletMemberB', None), ('TripletMemberC', None), ('Xcoordinate', None), ('Ycoordinate', None), ('Xcoordinate_lure1', None), ('Ycoordinate_lure1', None), ('Xcoordinate_lure2', None), ('Ycoordinate_lure2', None), ('Xcoordinate_foil', None), ('Ycoordinate_foil', None)])
798.6226 	EXP 	start_rec_block_text: autoDraw = False
798.6226 	EXP 	start_rec_block_text: autoDraw = False
798.6226 	EXP 	rec_fx_cross: pos = array([300.,   0.])
798.6226 	EXP 	rec_fx_map: autoDraw = True
798.6226 	EXP 	rec_fx_cross: autoDraw = True
799.3149 	EXP 	rec_fx_map: autoDraw = False
799.3149 	EXP 	rec_fx_cross: autoDraw = False
799.3149 	EXP 	rec_fx_map: autoDraw = False
799.3149 	EXP 	rec_fx_cross: autoDraw = False
799.3149 	EXP 	rec_trial_main_image: pos = array([300.,   0.])
799.3149 	EXP 	rec_trial_main_image: image = 'stimuli/fractals/102b.jpg'
799.3149 	EXP 	rec_trial_map: autoDraw = True
799.3149 	EXP 	rec_trial_main_image: autoDraw = True
802.1282 	EXP 	New trial (rep=0, index=1): OrderedDict([('TrialIndex', 2), ('Jitter', 1000), ('ScannerRun', None), ('BlockNr', 1), ('TrialType', 'OBJ'), ('StimType', 'LURE'), ('CurrentImage', 'stimuli/fractals/101c.jpg'), ('CurrentX', 212.1320344), ('CurrentY', 212.1320344), ('EncodingTrialIndex', 1.0), ('EncodingStimType', 'OLP'), ('EncodingImage', 'stimuli/fractals/101b.jpg'), ('EncodingXcoordinate', 212.1320344), ('EncodingYcoordinate', 212.1320344), ('TripletMemberA', 'stimuli/fractals/101b.jpg'), ('TripletMemberB', 'stimuli/fractals/101a.jpg'), ('TripletMemberC', 'stimuli/fractals/101c.jpg'), ('Xcoordinate', 212.1320344), ('Ycoordinate', 212.1320344), ('Xcoordinate_lure1', 0.0), ('Ycoordinate_lure1', 300.0), ('Xcoordinate_lure2', 300.0), ('Ycoordinate_lure2', 0.0), ('Xcoordinate_foil', -212.1320344), ('Ycoordinate_foil', -212.1320344)])
802.1332 	EXP 	rec_trial_map: autoDraw = False
802.1332 	EXP 	rec_trial_main_image: autoDraw = False
802.1332 	EXP 	rec_fx_cross: pos = array([212.1320344, 212.1320344])
802.1332 	EXP 	rec_fx_map: autoDraw = True
802.1332 	EXP 	rec_fx_cross: autoDraw = True
803.3142 	EXP 	rec_fx_map: autoDraw = False
803.3142 	EXP 	rec_fx_cross: autoDraw = False
803.3142 	EXP 	rec_fx_map: autoDraw = False
803.3142 	EXP 	rec_fx_cross: autoDraw = False
803.3142 	EXP 	rec_trial_main_image: pos = array([212.1320344, 212.1320344])
803.3142 	EXP 	rec_trial_main_image: image = 'stimuli/fractals/101c.jpg'
803.3142 	EXP 	rec_trial_map: autoDraw = True
803.3142 	EXP 	rec_trial_main_image: autoDraw = True
806.1380 	EXP 	New trial (rep=0, index=2): OrderedDict([('TrialIndex', 3), ('Jitter', 2000), ('ScannerRun', None), ('BlockNr', 1), ('TrialType', 'OBJ'), ('StimType', 'TARGET'), ('CurrentImage', 'stimuli/fractals/97b.jpg'), ('CurrentX', 212.1320344), ('CurrentY', -212.1320344), ('EncodingTrialIndex', 2.0), ('EncodingStimType', 'OLP'), ('EncodingImage', 'stimuli/fractals/97b.jpg'), ('EncodingXcoordinate', 212.1320344), ('EncodingYcoordinate', -212.1320344), ('TripletMemberA', 'stimuli/fractals/97b.jpg'), ('TripletMemberB', 'stimuli/fractals/97c.jpg'), ('TripletMemberC', 'stimuli/fractals/97a.jpg'), ('Xcoordinate', 212.1320344), ('Ycoordinate', -212.1320344), ('Xcoordinate_lure1', 0.0), ('Ycoordinate_lure1', -300.0), ('Xcoordinate_lure2', 300.0), ('Ycoordinate_lure2', 0.0), ('Xcoordinate_foil', -212.1320344), ('Ycoordinate_foil', 212.1320344)])
806.1429 	EXP 	rec_trial_map: autoDraw = False
806.1429 	EXP 	rec_trial_main_image: autoDraw = False
806.1429 	EXP 	rec_fx_cross: pos = array([ 212.1320344, -212.1320344])
806.1429 	EXP 	rec_fx_map: autoDraw = True
806.1429 	EXP 	rec_fx_cross: autoDraw = True
808.2165 	EXP 	rec_fx_map: autoDraw = False
808.2165 	EXP 	rec_fx_cross: autoDraw = False
808.2165 	EXP 	rec_fx_map: autoDraw = False
808.2165 	EXP 	rec_fx_cross: autoDraw = False
808.2165 	EXP 	rec_trial_main_image: pos = array([ 212.1320344, -212.1320344])
808.2165 	EXP 	rec_trial_main_image: image = 'stimuli/fractals/97b.jpg'
808.2165 	EXP 	rec_trial_map: autoDraw = True
808.2165 	EXP 	rec_trial_main_image: autoDraw = True
811.1468 	EXP 	New trial (rep=1, index=0): None
811.1509 	EXP 	rec_trial_map: autoDraw = False
811.1509 	EXP 	rec_trial_main_image: autoDraw = False
811.1509 	EXP 	start_rec_block_text: text = 'OBJ'
811.1509 	EXP 	start_rec_block_text: autoDraw = True
812.6990 	EXP 	Imported stimuli_tables/recognition_trials_0.csv as conditions, 3 conditions, 25 params
812.6999 	EXP 	Created sequence: sequential, trialTypes=3, nReps=1, seed=None
812.7007 	EXP 	New trial (rep=0, index=0): OrderedDict([('TrialIndex', 4), ('Jitter', 3000), ('ScannerRun', None), ('BlockNr', 1), ('TrialType', 'OBJ'), ('StimType', 'FOIL'), ('CurrentImage', 'stimuli/fractals/57a.jpg'), ('CurrentX', -212.1320344), ('CurrentY', -212.1320344), ('EncodingTrialIndex', 0.0), ('EncodingStimType', 'FOIL'), ('EncodingImage', None), ('EncodingXcoordinate', 0.0), ('EncodingYcoordinate', 0.0), ('TripletMemberA', None), ('TripletMemberB', None), ('TripletMemberC', None), ('Xcoordinate', None), ('Ycoordinate', None), ('Xcoordinate_lure1', None), ('Ycoordinate_lure1', None), ('Xcoordinate_lure2', None), ('Ycoordinate_lure2', None), ('Xcoordinate_foil', None), ('Ycoordinate_foil', None)])
812.7058 	EXP 	start_rec_block_text: autoDraw = False
812.7058 	EXP 	rec_fx_cross: pos = array([-212.1320344, -212.1320344])
812.7058 	EXP 	rec_fx_map: autoDraw = True
812.7058 	EXP 	rec_fx_cross: autoDraw = True
815.8999 	EXP 	rec_fx_map: autoDraw = False
815.8999 	EXP 	rec_fx_cross: autoDraw = False
815.8999 	EXP 	rec_fx_map: autoDraw = False
815.8999 	EXP 	rec_fx_cross: autoDraw = False
815.8999 	EXP 	rec_trial_main_image: pos = array([-212.1320344, -212.1320344])
815.8999 	EXP 	rec_trial_main_image: image = 'stimuli/fractals/57a.jpg'
815.8999 	EXP 	rec_trial_map: autoDraw = True
815.8999 	EXP 	rec_trial_main_image: autoDraw = True
818.7094 	EXP 	New trial (rep=0, index=1): OrderedDict([('TrialIndex', 5), ('Jitter', 2000), ('ScannerRun', None), ('BlockNr', 1), ('TrialType', 'OBJ'), ('StimType', 'TARGET'), ('CurrentImage', 'stimuli/fractals/15b.jpg'), ('CurrentX', -212.1320344), ('CurrentY', -212.1320344), ('EncodingTrialIndex', 12.0), ('EncodingStimType', 'OLP'), ('EncodingImage', 'stimuli/fractals/15b.jpg'), ('EncodingXcoordinate', -212.1320344), ('EncodingYcoordinate', -212.1320344), ('TripletMemberA', 'stimuli/fractals/15b.jpg'), ('TripletMemberB', 'stimuli/fractals/15a.jpg'), ('TripletMemberC', 'stimuli/fractals/15c.jpg'), ('Xcoordinate', -212.1320344), ('Ycoordinate', -212.1320344), ('Xcoordinate_lure1', -300.0), ('Ycoordinate_lure1', 0.0), ('Xcoordinate_lure2', 0.0), ('Ycoordinate_lure2', -300.0), ('Xcoordinate_foil', 212.1320344), ('Ycoordinate_foil', 212.1320344)])
818.7152 	EXP 	rec_trial_map: autoDraw = False
818.7152 	EXP 	rec_trial_main_image: autoDraw = False
818.7152 	EXP 	rec_fx_cross: pos = array([-212.1320344, -212.1320344])
818.7152 	EXP 	rec_fx_map: autoDraw = True
818.7152 	EXP 	rec_fx_cross: autoDraw = True
820.8929 	EXP 	rec_fx_map: autoDraw = False
820.8929 	EXP 	rec_fx_cross: autoDraw = False
820.8929 	EXP 	rec_fx_map: autoDraw = False
820.8929 	EXP 	rec_fx_cross: autoDraw = False
820.8929 	EXP 	rec_trial_main_image: pos = array([-212.1320344, -212.1320344])
820.8929 	EXP 	rec_trial_main_image: image = 'stimuli/fractals/15b.jpg'
820.8929 	EXP 	rec_trial_map: autoDraw = True
820.8929 	EXP 	rec_trial_main_image: autoDraw = True
823.7206 	EXP 	New trial (rep=0, index=2): OrderedDict([('TrialIndex', 6), ('Jitter', 1000), ('ScannerRun', None), ('BlockNr', 1), ('TrialType', 'OBJ'), ('StimType', 'FOIL'), ('CurrentImage', 'stimuli/fractals/20c.jpg'), ('CurrentX', 300.0), ('CurrentY', 0.0), ('EncodingTrialIndex', 0.0), ('EncodingStimType', 'FOIL'), ('EncodingImage', None), ('EncodingXcoordinate', 0.0), ('EncodingYcoordinate', 0.0), ('TripletMemberA', None), ('TripletMemberB', None), ('TripletMemberC', None), ('Xcoordinate', None), ('Ycoordinate', None), ('Xcoordinate_lure1', None), ('Ycoordinate_lure1', None), ('Xcoordinate_lure2', None), ('Ycoordinate_lure2', None), ('Xcoordinate_foil', None), ('Ycoordinate_foil', None)])
823.7258 	EXP 	rec_trial_map: autoDraw = False
823.7258 	EXP 	rec_trial_main_image: autoDraw = False
823.7258 	EXP 	rec_fx_cross: pos = array([300.,   0.])
823.7258 	EXP 	rec_fx_map: autoDraw = True
823.7258 	EXP 	rec_fx_cross: autoDraw = True
824.8018 	EXP 	rec_fx_map: autoDraw = False
824.8018 	EXP 	rec_fx_cross: autoDraw = False
824.8018 	EXP 	rec_fx_map: autoDraw = False
824.8018 	EXP 	rec_fx_cross: autoDraw = False
824.8018 	EXP 	rec_trial_main_image: pos = array([300.,   0.])
824.8018 	EXP 	rec_trial_main_image: image = 'stimuli/fractals/20c.jpg'
824.8018 	EXP 	rec_trial_map: autoDraw = True
824.8018 	EXP 	rec_trial_main_image: autoDraw = True
827.7412 	EXP 	rec_trial_map: autoDraw = False
827.7412 	EXP 	rec_trial_main_image: autoDraw = False
827.7412 	EXP 	end_rec_run_text: text = 'Szünet\nA folytatáshoz nyomja le a jobb nyilat'
827.7412 	EXP 	end_rec_run_text: autoDraw = True
1127.7304 	EXP 	New trial (rep=1, index=0): None
1127.7322 	EXP 	end_rec_run_text: autoDraw = False
1127.7322 	EXP 	start_rec_run_text: autoDraw = True
1128.7283 	EXP 	Created sequence: random, trialTypes=1, nReps=2, seed=None
1128.7286 	EXP 	New trial (rep=0, index=0): None
1128.7305 	EXP 	start_rec_run_text: autoDraw = False
1128.7305 	EXP 	start_rec_block_text: text = 'OBJ'
1128.7305 	EXP 	start_rec_block_text: autoDraw = True
1130.2802 	EXP 	Imported stimuli_tables/recognition_trials_0.csv as conditions, 3 conditions, 25 params
1130.2810 	EXP 	Created sequence: sequential, trialTypes=3, nReps=1, seed=None
1130.2818 	EXP 	New trial (rep=0, index=0): OrderedDict([('TrialIndex', 7), ('Jitter', 3000), ('ScannerRun', None), ('BlockNr', 1), ('TrialType', 'OBJ'), ('StimType', 'TARGET'), ('CurrentImage', 'stimuli/fractals/121b.jpg'), ('CurrentX', 0.0), ('CurrentY', 300.0), ('EncodingTrialIndex', 18.0), ('EncodingStimType', 'OLP'), ('EncodingImage', 'stimuli/fractals/121b.jpg'), ('EncodingXcoordinate', 0.0), ('EncodingYcoordinate', 300.0), ('TripletMemberA', 'stimuli/fractals/121b.jpg'), ('TripletMemberB', 'stimuli/fractals/121c.jpg'), ('TripletMemberC', 'stimuli/fractals/121a.jpg'), ('Xcoordinate', 0.0), ('Ycoordinate', 300.0), ('Xcoordinate_lure1', 212.1320344), ('Ycoordinate_lure1', 212.1320344), ('Xcoordinate_lure2', -212.1320344), ('Ycoordinate_lure2', 212.1320344), ('Xcoordinate_foil', 0.0), ('Ycoordinate_foil', -300.0)])
1130.2868 	EXP 	start_rec_block_text: autoDraw = False
1130.2868 	EXP 	rec_fx_cross: pos = array([  0., 300.])
1130.2868 	EXP 	rec_fx_map: autoDraw = True
1130.2868 	EXP 	rec_fx_cross: autoDraw = True
1133.4721 	EXP 	rec_fx_map: autoDraw = False
1133.4721 	EXP 	rec_fx_cross: autoDraw = False
1133.4721 	EXP 	rec_fx_map: autoDraw = False
1133.4721 	EXP 	rec_fx_cross: autoDraw = False
1133.4721 	EXP 	rec_trial_main_image: pos = array([  0., 300.])
1133.4721 	EXP 	rec_trial_main_image: image = 'stimuli/fractals/121b.jpg'
1133.4721 	EXP 	rec_trial_map: autoDraw = True
1133.4721 	EXP 	rec_trial_main_image: autoDraw = True
1136.2910 	EXP 	New trial (rep=0, index=1): OrderedDict([('TrialIndex', 8), ('Jitter', 1000), ('ScannerRun', None), ('BlockNr', 1), ('TrialType', 'OBJ'), ('StimType', 'TARGET'), ('CurrentImage', 'stimuli/fractals/19a.jpg'), ('CurrentX', 212.1320344), ('CurrentY', -212.1320344), ('EncodingTrialIndex', 4.0), ('EncodingStimType', 'ERP'), ('EncodingImage', 'stimuli/fractals/19a.jpg'), ('EncodingXcoordinate', 212.1320344), ('EncodingYcoordinate', -212.1320344), ('TripletMemberA', 'stimuli/fractals/19a.jpg'), ('TripletMemberB', 'stimuli/fractals/19c.jpg'), ('TripletMemberC', 'stimuli/fractals/19b.jpg'), ('Xcoordinate', 212.1320344), ('Ycoordinate', -212.1320344), ('Xcoordinate_lure1', 300.0), ('Ycoordinate_lure1', 0.0), ('Xcoordinate_lure2', 0.0), ('Ycoordinate_lure2', -300.0), ('Xcoordinate_foil', -300.0), ('Ycoordinate_foil', 0.0)])
1136.2975 	EXP 	rec_trial_map: autoDraw = False
1136.2975 	EXP 	rec_trial_main_image: autoDraw = False
1136.2975 	EXP 	rec_fx_cross: pos = array([ 212.1320344, -212.1320344])
1136.2975 	EXP 	rec_fx_map: autoDraw = True
1136.2975 	EXP 	rec_fx_cross: autoDraw = True
1137.3691 	EXP 	rec_fx_map: autoDraw = False
1137.3691 	EXP 	rec_fx_cross: autoDraw = False
1137.3691 	EXP 	rec_fx_map: autoDraw = False
1137.3691 	EXP 	rec_fx_cross: autoDraw = False
1137.3691 	EXP 	rec_trial_main_image: pos = array([ 212.1320344, -212.1320344])
1137.3691 	EXP 	rec_trial_main_image: image = 'stimuli/fractals/19a.jpg'
1137.3691 	EXP 	rec_trial_map: autoDraw = True
1137.3691 	EXP 	rec_trial_main_image: autoDraw = True
1140.3019 	EXP 	New trial (rep=0, index=2): OrderedDict([('TrialIndex', 9), ('Jitter', 2000), ('ScannerRun', None), ('BlockNr', 1), ('TrialType', 'OBJ'), ('StimType', 'TARGET'), ('CurrentImage', 'stimuli/fractals/14c.jpg'), ('CurrentX', -212.1320344), ('CurrentY', -212.1320344), ('EncodingTrialIndex', 8.0), ('EncodingStimType', 'ERP'), ('EncodingImage', 'stimuli/fractals/14c.jpg'), ('EncodingXcoordinate', -212.1320344), ('EncodingYcoordinate', -212.1320344), ('TripletMemberA', 'stimuli/fractals/14c.jpg'), ('TripletMemberB', 'stimuli/fractals/14b.jpg'), ('TripletMemberC', 'stimuli/fractals/14a.jpg'), ('Xcoordinate', -212.1320344), ('Ycoordinate', -212.1320344), ('Xcoordinate_lure1', -300.0), ('Ycoordinate_lure1', 0.0), ('Xcoordinate_lure2', 0.0), ('Ycoordinate_lure2', -300.0), ('Xcoordinate_foil', 212.1320344), ('Ycoordinate_foil', 212.1320344)])
1140.3077 	EXP 	rec_trial_map: autoDraw = False
1140.3077 	EXP 	rec_trial_main_image: autoDraw = False
1140.3077 	EXP 	rec_fx_cross: pos = array([-212.1320344, -212.1320344])
1140.3077 	EXP 	rec_fx_map: autoDraw = True
1140.3077 	EXP 	rec_fx_cross: autoDraw = True
1142.3857 	EXP 	rec_fx_map: autoDraw = False
1142.3857 	EXP 	rec_fx_cross: autoDraw = False
1142.3857 	EXP 	rec_fx_map: autoDraw = False
1142.3857 	EXP 	rec_fx_cross: autoDraw = False
1142.3857 	EXP 	rec_trial_main_image: pos = array([-212.1320344, -212.1320344])
1142.3857 	EXP 	rec_trial_main_image: image = 'stimuli/fractals/14c.jpg'
1142.3857 	EXP 	rec_trial_map: autoDraw = True
1142.3857 	EXP 	rec_trial_main_image: autoDraw = True
1145.3127 	EXP 	New trial (rep=1, index=0): None
1145.3153 	EXP 	rec_trial_map: autoDraw = False
1145.3153 	EXP 	rec_trial_main_image: autoDraw = False
1145.3153 	EXP 	start_rec_block_text: text = 'OBJ'
1145.3153 	EXP 	start_rec_block_text: autoDraw = True
1146.8620 	EXP 	Imported stimuli_tables/recognition_trials_0.csv as conditions, 3 conditions, 25 params
1146.8628 	EXP 	Created sequence: sequential, trialTypes=3, nReps=1, seed=None
1146.8636 	EXP 	New trial (rep=0, index=0): OrderedDict([('TrialIndex', 10), ('Jitter', 2000), ('ScannerRun', None), ('BlockNr', 1), ('TrialType', 'OBJ'), ('StimType', 'FOIL'), ('CurrentImage', 'stimuli/fractals/71c.jpg'), ('CurrentX', 300.0), ('CurrentY', 0.0), ('EncodingTrialIndex', 0.0), ('EncodingStimType', 'FOIL'), ('EncodingImage', None), ('EncodingXcoordinate', 0.0), ('EncodingYcoordinate', 0.0), ('TripletMemberA', None), ('TripletMemberB', None), ('TripletMemberC', None), ('Xcoordinate', None), ('Ycoordinate', None), ('Xcoordinate_lure1', None), ('Ycoordinate_lure1', None), ('Xcoordinate_lure2', None), ('Ycoordinate_lure2', None), ('Xcoordinate_foil', None), ('Ycoordinate_foil', None)])
1146.8687 	EXP 	start_rec_block_text: autoDraw = False
1146.8687 	EXP 	rec_fx_cross: pos = array([300.,   0.])
1146.8687 	EXP 	rec_fx_map: autoDraw = True
1146.8687 	EXP 	rec_fx_cross: autoDraw = True
1149.0522 	EXP 	rec_fx_map: autoDraw = False
1149.0522 	EXP 	rec_fx_cross: autoDraw = False
1149.0522 	EXP 	rec_fx_map: autoDraw = False
1149.0522 	EXP 	rec_fx_cross: autoDraw = False
1149.0522 	EXP 	rec_trial_main_image: pos = array([300.,   0.])
1149.0522 	EXP 	rec_trial_main_image: image = 'stimuli/fractals/71c.jpg'
1149.0522 	EXP 	rec_trial_map: autoDraw = True
1149.0522 	EXP 	rec_trial_main_image: autoDraw = True
1151.8717 	EXP 	New trial (rep=0, index=1): OrderedDict([('TrialIndex', 11), ('Jitter', 6000), ('ScannerRun', None), ('BlockNr', 1), ('TrialType', 'OBJ'), ('StimType', 'LURE'), ('CurrentImage', 'stimuli/fractals/76a.jpg'), ('CurrentX', 212.1320344), ('CurrentY', 212.1320344), ('EncodingTrialIndex', 3.0), ('EncodingStimType', 'LLP'), ('EncodingImage', 'stimuli/fractals/76b.jpg'), ('EncodingXcoordinate', 212.1320344), ('EncodingYcoordinate', 212.1320344), ('TripletMemberA', 'stimuli/fractals/76b.jpg'), ('TripletMemberB', 'stimuli/fractals/76c.jpg'), ('TripletMemberC', 'stimuli/fractals/76a.jpg'), ('Xcoordinate', 212.1320344), ('Ycoordinate', 212.1320344), ('Xcoordinate_lure1', 300.0), ('Ycoordinate_lure1', 0.0), ('Xcoordinate_lure2', 0.0), ('Ycoordinate_lure2', 300.0), ('Xcoordinate_foil', -212.1320344), ('Ycoordinate_foil', -212.1320344)])
1151.8767 	EXP 	rec_trial_map: autoDraw = False
1151.8767 	EXP 	rec_trial_main_image: autoDraw = False
1151.8767 	EXP 	rec_fx_cross: pos = array([212.1320344, 212.1320344])
1151.8767 	EXP 	rec_fx_map: autoDraw = True
1151.8767 	EXP 	rec_fx_cross: autoDraw = True
1158.0599 	EXP 	rec_fx_map: autoDraw = False
1158.0599 	EXP 	rec_fx_cross: autoDraw = False
1158.0599 	EXP 	rec_fx_map: autoDraw = False
1158.0599 	EXP 	rec_fx_cross: autoDraw = False
1158.0599 	EXP 	rec_trial_main_image: pos = array([212.1320344, 212.1320344])
1158.0599 	EXP 	rec_trial_main_image: image = 'stimuli/fractals/76a.jpg'
1158.0599 	EXP 	rec_trial_map: autoDraw = True
1158.0599 	EXP 	rec_trial_main_image: autoDraw = True
1160.8836 	EXP 	New trial (rep=0, index=2): OrderedDict([('TrialIndex', 12), ('Jitter', 2000), ('ScannerRun', None), ('BlockNr', 1), ('TrialType', 'OBJ'), ('StimType', 'FOIL'), ('CurrentImage', 'stimuli/fractals/129c.jpg'), ('CurrentX', 212.1320344), ('CurrentY', 212.1320344), ('EncodingTrialIndex', 0.0), ('EncodingStimType', 'FOIL'), ('EncodingImage', None), ('EncodingXcoordinate', 0.0), ('EncodingYcoordinate', 0.0), ('TripletMemberA', None), ('TripletMemberB', None), ('TripletMemberC', None), ('Xcoordinate', None), ('Ycoordinate', None), ('Xcoordinate_lure1', None), ('Ycoordinate_lure1', None), ('Xcoordinate_lure2', None), ('Ycoordinate_lure2', None), ('Xcoordinate_foil', None), ('Ycoordinate_foil', None)])
1160.8889 	EXP 	rec_trial_map: autoDraw = False
1160.8889 	EXP 	rec_trial_main_image: autoDraw = False
1160.8889 	EXP 	rec_fx_cross: pos = array([212.1320344, 212.1320344])
1160.8889 	EXP 	rec_fx_map: autoDraw = True
1160.8889 	EXP 	rec_fx_cross: autoDraw = True
1163.0643 	EXP 	rec_fx_map: autoDraw = False
1163.0643 	EXP 	rec_fx_cross: autoDraw = False
1163.0643 	EXP 	rec_fx_map: autoDraw = False
1163.0643 	EXP 	rec_fx_cross: autoDraw = False
1163.0643 	EXP 	rec_trial_main_image: pos = array([212.1320344, 212.1320344])
1163.0643 	EXP 	rec_trial_main_image: image = 'stimuli/fractals/129c.jpg'
1163.0643 	EXP 	rec_trial_map: autoDraw = True
1163.0643 	EXP 	rec_trial_main_image: autoDraw = True
1165.8987 	EXP 	rec_trial_map: autoDraw = False
1165.8987 	EXP 	rec_trial_main_image: autoDraw = False
1165.8987 	EXP 	end_rec_run_text: text = 'Szünet\nA folytatáshoz nyomja le a jobb nyilat'
1165.8987 	EXP 	end_rec_run_text: autoDraw = True
1179.1120 	DATA 	Mouse: Left button down, pos=(333,637)
1179.2453 	DATA 	Mouse:  Left button up, pos=(333,637)
1180.0111 	DATA 	Keypress: right
1180.0143 	EXP 	New trial (rep=2, index=0): None
1180.0159 	EXP 	end_rec_run_text: autoDraw = False
1180.0159 	EXP 	start_rec_run_text: autoDraw = True
1181.0152 	EXP 	Created sequence: random, trialTypes=1, nReps=2, seed=None
1181.0156 	EXP 	New trial (rep=0, index=0): None
1181.0178 	EXP 	start_rec_run_text: autoDraw = False
1181.0178 	EXP 	start_rec_run_text: autoDraw = False
1181.0178 	EXP 	start_rec_block_text: text = 'OBJ'
1181.0178 	EXP 	start_rec_block_text: autoDraw = True
1182.5758 	EXP 	Imported stimuli_tables/recognition_trials_0.csv as conditions, 3 conditions, 25 params
1182.5766 	EXP 	Created sequence: sequential, trialTypes=3, nReps=1, seed=None
1182.5775 	EXP 	New trial (rep=0, index=0): OrderedDict([('TrialIndex', 13), ('Jitter', 2000), ('ScannerRun', None), ('BlockNr', 1), ('TrialType', 'OBJ'), ('StimType', 'LURE'), ('CurrentImage', 'stimuli/fractals/63a.jpg'), ('CurrentX', 0.0), ('CurrentY', 300.0), ('EncodingTrialIndex', 11.0), ('EncodingStimType', 'ERP'), ('EncodingImage', 'stimuli/fractals/63c.jpg'), ('EncodingXcoordinate', 0.0), ('EncodingYcoordinate', 300.0), ('TripletMemberA', 'stimuli/fractals/63c.jpg'), ('TripletMemberB', 'stimuli/fractals/63b.jpg'), ('TripletMemberC', 'stimuli/fractals/63a.jpg'), ('Xcoordinate', 0.0), ('Ycoordinate', 300.0), ('Xcoordinate_lure1', -212.1320344), ('Ycoordinate_lure1', 212.1320344), ('Xcoordinate_lure2', 212.1320344), ('Ycoordinate_lure2', 212.1320344), ('Xcoordinate_foil', 0.0), ('Ycoordinate_foil', -300.0)])
1182.5825 	EXP 	start_rec_block_text: autoDraw = False
1182.5825 	EXP 	start_rec_block_text: autoDraw = False
1182.5825 	EXP 	rec_fx_cross: pos = array([  0., 300.])
1182.5825 	EXP 	rec_fx_map: autoDraw = True
1182.5825 	EXP 	rec_fx_cross: autoDraw = True
1184.7216 	EXP 	rec_fx_map: autoDraw = False
1184.7216 	EXP 	rec_fx_cross: autoDraw = False
1184.7216 	EXP 	rec_fx_map: autoDraw = False
1184.7216 	EXP 	rec_fx_cross: autoDraw = False
1184.7216 	EXP 	rec_trial_main_image: pos = array([  0., 300.])
1184.7216 	EXP 	rec_trial_main_image: image = 'stimuli/fractals/63a.jpg'
1184.7216 	EXP 	rec_trial_map: autoDraw = True
1184.7216 	EXP 	rec_trial_main_image: autoDraw = True
1187.5882 	EXP 	New trial (rep=0, index=1): OrderedDict([('TrialIndex', 14), ('Jitter', 3000), ('ScannerRun', None), ('BlockNr', 1), ('TrialType', 'OBJ'), ('StimType', 'FOIL'), ('CurrentImage', 'stimuli/fractals/23b.jpg'), ('CurrentX', -212.1320344), ('CurrentY', 212.1320344), ('EncodingTrialIndex', 0.0), ('EncodingStimType', 'FOIL'), ('EncodingImage', None), ('EncodingXcoordinate', 0.0), ('EncodingYcoordinate', 0.0), ('TripletMemberA', None), ('TripletMemberB', None), ('TripletMemberC', None), ('Xcoordinate', None), ('Ycoordinate', None), ('Xcoordinate_lure1', None), ('Ycoordinate_lure1', None), ('Xcoordinate_lure2', None), ('Ycoordinate_lure2', None), ('Xcoordinate_foil', None), ('Ycoordinate_foil', None)])
1187.5932 	EXP 	rec_trial_map: autoDraw = False
1187.5932 	EXP 	rec_trial_main_image: autoDraw = False
1187.5932 	EXP 	rec_fx_cross: pos = array([-212.1320344,  212.1320344])
1187.5932 	EXP 	rec_fx_map: autoDraw = True
1187.5932 	EXP 	rec_fx_cross: autoDraw = True
1190.7703 	EXP 	rec_fx_map: autoDraw = False
1190.7703 	EXP 	rec_fx_cross: autoDraw = False
1190.7703 	EXP 	rec_fx_map: autoDraw = False
1190.7703 	EXP 	rec_fx_cross: autoDraw = False
1190.7703 	EXP 	rec_trial_main_image: pos = array([-212.1320344,  212.1320344])
1190.7703 	EXP 	rec_trial_main_image: image = 'stimuli/fractals/23b.jpg'
1190.7703 	EXP 	rec_trial_map: autoDraw = True
1190.7703 	EXP 	rec_trial_main_image: autoDraw = True
1193.5952 	EXP 	New trial (rep=0, index=2): OrderedDict([('TrialIndex', 15), ('Jitter', 2000), ('ScannerRun', None), ('BlockNr', 1), ('TrialType', 'OBJ'), ('StimType', 'LURE'), ('CurrentImage', 'stimuli/fractals/36b.jpg'), ('CurrentX', -300.0), ('CurrentY', 0.0), ('EncodingTrialIndex', 22.0), ('EncodingStimType', 'ERP'), ('EncodingImage', 'stimuli/fractals/36a.jpg'), ('EncodingXcoordinate', -300.0), ('EncodingYcoordinate', 0.0), ('TripletMemberA', 'stimuli/fractals/36a.jpg'), ('TripletMemberB', 'stimuli/fractals/36c.jpg'), ('TripletMemberC', 'stimuli/fractals/36b.jpg'), ('Xcoordinate', -300.0), ('Ycoordinate', 0.0), ('Xcoordinate_lure1', -212.1320344), ('Ycoordinate_lure1', 212.1320344), ('Xcoordinate_lure2', -212.1320344), ('Ycoordinate_lure2', -212.1320344), ('Xcoordinate_foil', 212.1320344), ('Ycoordinate_foil', -212.1320344)])
1193.6001 	EXP 	rec_trial_map: autoDraw = False
1193.6001 	EXP 	rec_trial_main_image: autoDraw = False
1193.6001 	EXP 	rec_fx_cross: pos = array([-300.,    0.])
1193.6001 	EXP 	rec_fx_map: autoDraw = True
1193.6001 	EXP 	rec_fx_cross: autoDraw = True
1195.7884 	EXP 	rec_fx_map: autoDraw = False
1195.7884 	EXP 	rec_fx_cross: autoDraw = False
1195.7884 	EXP 	rec_fx_map: autoDraw = False
1195.7884 	EXP 	rec_fx_cross: autoDraw = False
1195.7884 	EXP 	rec_trial_main_image: pos = array([-300.,    0.])
1195.7884 	EXP 	rec_trial_main_image: image = 'stimuli/fractals/36b.jpg'
1195.7884 	EXP 	rec_trial_map: autoDraw = True
1195.7884 	EXP 	rec_trial_main_image: autoDraw = True
1198.6059 	EXP 	New trial (rep=1, index=0): None
1198.6076 	EXP 	rec_trial_map: autoDraw = False
1198.6076 	EXP 	rec_trial_main_image: autoDraw = False
1198.6076 	EXP 	start_rec_block_text: text = 'OBJ'
1198.6076 	EXP 	start_rec_block_text: autoDraw = True
1200.1543 	EXP 	Imported stimuli_tables/recognition_trials_0.csv as conditions, 3 conditions, 25 params
1200.1551 	EXP 	Created sequence: sequential, trialTypes=3, nReps=1, seed=None
1200.1560 	EXP 	New trial (rep=0, index=0): OrderedDict([('TrialIndex', 16), ('Jitter', 1000), ('ScannerRun', None), ('BlockNr', 1), ('TrialType', 'OBJ'), ('StimType', 'LURE'), ('CurrentImage', 'stimuli/fractals/27b.jpg'), ('CurrentX', 212.1320344), ('CurrentY', -212.1320344), ('EncodingTrialIndex', 10.0), ('EncodingStimType', 'LLP'), ('EncodingImage', 'stimuli/fractals/27a.jpg'), ('EncodingXcoordinate', 212.1320344), ('EncodingYcoordinate', -212.1320344), ('TripletMemberA', 'stimuli/fractals/27a.jpg'), ('TripletMemberB', 'stimuli/fractals/27c.jpg'), ('TripletMemberC', 'stimuli/fractals/27b.jpg'), ('Xcoordinate', 212.1320344), ('Ycoordinate', -212.1320344), ('Xcoordinate_lure1', 300.0), ('Ycoordinate_lure1', 0.0), ('Xcoordinate_lure2', 0.0), ('Ycoordinate_lure2', -300.0), ('Xcoordinate_foil', -300.0), ('Ycoordinate_foil', 0.0)])
1200.1610 	EXP 	start_rec_block_text: autoDraw = False
1200.1610 	EXP 	rec_fx_cross: pos = array([ 212.1320344, -212.1320344])
1200.1610 	EXP 	rec_fx_map: autoDraw = True
1200.1610 	EXP 	rec_fx_cross: autoDraw = True
1201.3468 	EXP 	rec_fx_map: autoDraw = False
1201.3468 	EXP 	rec_fx_cross: autoDraw = False
1201.3468 	EXP 	rec_fx_map: autoDraw = False
1201.3468 	EXP 	rec_fx_cross: autoDraw = False
1201.3468 	EXP 	rec_trial_main_image: pos = array([ 212.1320344, -212.1320344])
1201.3468 	EXP 	rec_trial_main_image: image = 'stimuli/fractals/27b.jpg'
1201.3468 	EXP 	rec_trial_map: autoDraw = True
1201.3468 	EXP 	rec_trial_main_image: autoDraw = True
1204.1651 	EXP 	New trial (rep=0, index=1): OrderedDict([('TrialIndex', 17), ('Jitter', 1000), ('ScannerRun', None), ('BlockNr', 1), ('TrialType', 'OBJ'), ('StimType', 'TARGET'), ('CurrentImage', 'stimuli/fractals/40a.jpg'), ('CurrentX', -212.1320344), ('CurrentY', -212.1320344), ('EncodingTrialIndex', 16.0), ('EncodingStimType', 'LLP'), ('EncodingImage', 'stimuli/fractals/40a.jpg'), ('EncodingXcoordinate', -212.1320344), ('EncodingYcoordinate', -212.1320344), ('TripletMemberA', 'stimuli/fractals/40a.jpg'), ('TripletMemberB', 'stimuli/fractals/40b.jpg'), ('TripletMemberC', 'stimuli/fractals/40c.jpg'), ('Xcoordinate', -212.1320344), ('Ycoordinate', -212.1320344), ('Xcoordinate_lure1', -300.0), ('Ycoordinate_lure1', 0.0), ('Xcoordinate_lure2', 0.0), ('Ycoordinate_lure2', -300.0), ('Xcoordinate_foil', 300.0), ('Ycoordinate_foil', 0.0)])
1204.1701 	EXP 	rec_trial_map: autoDraw = False
1204.1701 	EXP 	rec_trial_main_image: autoDraw = False
1204.1701 	EXP 	rec_fx_cross: pos = array([-212.1320344, -212.1320344])
1204.1701 	EXP 	rec_fx_map: autoDraw = True
1204.1701 	EXP 	rec_fx_cross: autoDraw = True
1205.2423 	EXP 	rec_fx_map: autoDraw = False
1205.2423 	EXP 	rec_fx_cross: autoDraw = False
1205.2423 	EXP 	rec_fx_map: autoDraw = False
1205.2423 	EXP 	rec_fx_cross: autoDraw = False
1205.2423 	EXP 	rec_trial_main_image: pos = array([-212.1320344, -212.1320344])
1205.2423 	EXP 	rec_trial_main_image: image = 'stimuli/fractals/40a.jpg'
1205.2423 	EXP 	rec_trial_map: autoDraw = True
1205.2423 	EXP 	rec_trial_main_image: autoDraw = True
1208.1742 	EXP 	New trial (rep=0, index=2): OrderedDict([('TrialIndex', 18), ('Jitter', 500), ('ScannerRun', None), ('BlockNr', 1), ('TrialType', 'OBJ'), ('StimType', 'FOIL'), ('CurrentImage', 'stimuli/fractals/95b.jpg'), ('CurrentX', 300.0), ('CurrentY', 0.0), ('EncodingTrialIndex', 0.0), ('EncodingStimType', 'FOIL'), ('EncodingImage', None), ('EncodingXcoordinate', 0.0), ('EncodingYcoordinate', 0.0), ('TripletMemberA', None), ('TripletMemberB', None), ('TripletMemberC', None), ('Xcoordinate', None), ('Ycoordinate', None), ('Xcoordinate_lure1', None), ('Ycoordinate_lure1', None), ('Xcoordinate_lure2', None), ('Ycoordinate_lure2', None), ('Xcoordinate_foil', None), ('Ycoordinate_foil', None)])
1208.1793 	EXP 	rec_trial_map: autoDraw = False
1208.1793 	EXP 	rec_trial_main_image: autoDraw = False
1208.1793 	EXP 	rec_fx_cross: pos = array([300.,   0.])
1208.1793 	EXP 	rec_fx_map: autoDraw = True
1208.1793 	EXP 	rec_fx_cross: autoDraw = True
1208.7701 	EXP 	rec_fx_map: autoDraw = False
1208.7701 	EXP 	rec_fx_cross: autoDraw = False
1208.7701 	EXP 	rec_fx_map: autoDraw = False
1208.7701 	EXP 	rec_fx_cross: autoDraw = False
1208.7701 	EXP 	rec_trial_main_image: pos = array([300.,   0.])
1208.7701 	EXP 	rec_trial_main_image: image = 'stimuli/fractals/95b.jpg'
1208.7701 	EXP 	rec_trial_map: autoDraw = True
1208.7701 	EXP 	rec_trial_main_image: autoDraw = True
1211.6949 	EXP 	rec_trial_map: autoDraw = False
1211.6949 	EXP 	rec_trial_main_image: autoDraw = False
1211.6949 	EXP 	end_rec_run_text: text = 'Vége a második feladatnak'
1211.6949 	EXP 	end_rec_run_text: autoDraw = True
1265.6430 	DATA 	Mouse: Left button down, pos=(548,400)
1265.7508 	DATA 	Mouse:  Left button up, pos=(548,400)
1267.0971 	DATA 	Keypress: right
1267.1000 	EXP 	end_rec_run_text: autoDraw = False
1267.1430 	EXP 	window1: mouseVisible = True
