0.6985 	WARNING 	We strongly recommend you activate the PTB sound engine in PsychoPy prefs as the preferred audio engine. Its timing is vastly superior. Your prefs are currently set to use ['sounddevice', 'PTB', 'pyo', 'pygame'] (in that order).
1.7952 	WARNING 	Import Error: No module named 'psychtoolbox'. Using event module for keyboard component.
5.7016 	WARNING 	Monitor specification not found. Creating a temporary one...
6.2861 	EXP 	Created window1 = Window(allowGUI=False, allowStencil=False, args=UNKNOWN, autoLog=True, bitsMode=UNKNOWN, blendMode='avg', bpc=(8, 8, 8), color=array([0.804, 0.804, 0.961]), colorSpace='rgb', depthBits=8, fullscr=<method-wrapper '__getattribute__' of attributeSetter object at 0x7f13fd80de48>, gamma=None, gammaErrorPolicy='raise', kwargs=UNKNOWN, lms=UNKNOWN, monitor=<psychopy.monitors.calibTools.Monitor object at 0x7f13fd7d80b8>, multiSample=False, name='window1', numSamples=2, pos=[0.0, 0.0], screen=0, size=array([1920, 1080]), stencilBits=0, stereo=False, units='height', useFBO=True, useRetina=False, viewOri=0.0, viewPos=None, viewScale=None, waitBlanking=True, winType='pyglet')
6.2862 	EXP 	window1: recordFrameIntervals = False
6.3065 	EXP 	window1: recordFrameIntervals = True
6.3119 	WARNING 	t of last frame was 3.47ms (=1/288)
6.3286 	WARNING 	t of last frame was 3.45ms (=1/290)
6.3310 	EXP 	window1: recordFrameIntervals = False
6.4354 	EXP 	Created lab_thanks = TextStim(__class__=<class 'psychopy.visual.text.TextStim'>, alignHoriz=method-wrapper(...), alignText='center', alignVert=method-wrapper(...), anchorHoriz='center', anchorVert='center', antialias=True, autoLog=True, bold=False, color='black', colorSpace='named', contrast=1.0, depth=0.0, flipHoriz=False, flipVert=False, font='Arial', fontFiles=[], height=0.05, italic=False, languageStyle='LTR', name='lab_thanks', opacity=1.0, ori=0, pos=array([0., 0.]), rgb=array([0., 0., 0.]), text=str(...), units='height', win=Window(...), wrapWidth=1)
6.4504 	EXP 	Created start_encoding_text = TextStim(__class__=<class 'psychopy.visual.text.TextStim'>, alignHoriz=method-wrapper(...), alignText='center', alignVert=method-wrapper(...), anchorHoriz='center', anchorVert='center', antialias=True, autoLog=True, bold=False, color='black', colorSpace='named', contrast=1.0, depth=0.0, flipHoriz=False, flipVert=False, font='Arial', fontFiles=[], height=0.1, italic=False, languageStyle='LTR', name='start_encoding_text', opacity=1.0, ori=0, pos=array([0., 0.]), rgb=array([0., 0., 0.]), text='default text', units='height', win=Window(...), wrapWidth=1)
6.5005 	EXP 	Created enc_instructions_1_text = TextStim(__class__=<class 'psychopy.visual.text.TextStim'>, alignHoriz=method-wrapper(...), alignText='center', alignVert=method-wrapper(...), anchorHoriz='center', anchorVert='center', antialias=True, autoLog=True, bold=False, color='black', colorSpace='named', contrast=1.0, depth=0.0, flipHoriz=False, flipVert=False, font='Arial', fontFiles=[], height=0.04, italic=False, languageStyle='LTR', name='enc_instructions_1_text', opacity=1.0, ori=0, pos=array([-0.4,  0. ]), rgb=array([0., 0., 0.]), text=str(...), units='height', win=Window(...), wrapWidth=0.9)
6.6035 	EXP 	Created enc_instructions_1_image = ImageStim(__class__=<class 'psychopy.visual.image.ImageStim'>, autoLog=True, color=array([1., 1., 1.]), colorSpace='rgb', contrast=1.0, depth=-1.0, flipHoriz=False, flipVert=False, image='stimuli/GalleryBuildingFromOutside.jpg', interpolate=True, mask=None, maskParams=None, name='enc_instructions_1_image', opacity=1.0, ori=0.0, pos=array([450.,   0.]), size=array([600., 450.]), texRes=128, units='pix', win=Window(...))
6.6310 	EXP 	Created enc_instructions_2_text = TextStim(__class__=<class 'psychopy.visual.text.TextStim'>, alignHoriz=method-wrapper(...), alignText='center', alignVert=method-wrapper(...), anchorHoriz='center', anchorVert='center', antialias=True, autoLog=True, bold=False, color='black', colorSpace='named', contrast=1.0, depth=0.0, flipHoriz=False, flipVert=False, font='Arial', fontFiles=[], height=0.04, italic=False, languageStyle='LTR', name='enc_instructions_2_text', opacity=1.0, ori=0, pos=array([-0.5,  0. ]), rgb=array([0., 0., 0.]), text=str(...), units='height', win=Window(...), wrapWidth=0.7)
6.6827 	EXP 	Created enc_instructions_2_image = ImageStim(__class__=<class 'psychopy.visual.image.ImageStim'>, autoLog=True, color=array([1., 1., 1.]), colorSpace='rgb', contrast=1.0, depth=-1.0, flipHoriz=False, flipVert=False, image='stimuli/GalleryInfo.jpg', interpolate=True, mask=None, maskParams=None, name='enc_instructions_2_image', opacity=1.0, ori=0.0, pos=array([425.,   0.]), size=array([1000.,  750.]), texRes=128, units='pix', win=Window(...))
6.7110 	EXP 	Created enc_instructions_3_text = TextStim(__class__=<class 'psychopy.visual.text.TextStim'>, alignHoriz=method-wrapper(...), alignText='center', alignVert=method-wrapper(...), anchorHoriz='center', anchorVert='center', antialias=True, autoLog=True, bold=False, color='black', colorSpace='named', contrast=1.0, depth=0.0, flipHoriz=False, flipVert=False, font='Arial', fontFiles=[], height=0.05, italic=False, languageStyle='LTR', name='enc_instructions_3_text', opacity=1.0, ori=0, pos=array([0., 0.]), rgb=array([0., 0., 0.]), text=str(...), units='height', win=Window(...), wrapWidth=1)
6.7265 	EXP 	Created start_practice_text = TextStim(__class__=<class 'psychopy.visual.text.TextStim'>, alignHoriz=method-wrapper(...), alignText='center', alignVert=method-wrapper(...), anchorHoriz='center', anchorVert='center', antialias=True, autoLog=True, bold=False, color='black', colorSpace='named', contrast=1.0, depth=0.0, flipHoriz=False, flipVert=False, font='Arial', fontFiles=[], height=0.1, italic=False, languageStyle='LTR', name='start_practice_text', opacity=1.0, ori=0, pos=array([0., 0.]), rgb=array([0., 0., 0.]), text='Kezdődik a gyakorlás...', units='height', win=Window(...), wrapWidth=1)
6.7570 	EXP 	Created enc_fx_map = ImageStim(__class__=<class 'psychopy.visual.image.ImageStim'>, autoLog=True, color=array([1., 1., 1.]), colorSpace='rgb', contrast=1.0, depth=0.0, flipHoriz=False, flipVert=False, image='stimuli/GalleryPlanInside.jpg', interpolate=True, mask=None, maskParams=None, name='enc_fx_map', opacity=1.0, ori=0.0, pos=array([  0., -25.]), size=array([1040., 1000.]), texRes=128, units='pix', win=Window(...))
6.7683 	EXP 	Created enc_fx_cross = TextStim(__class__=<class 'psychopy.visual.text.TextStim'>, alignHoriz=method-wrapper(...), alignText='center', alignVert=method-wrapper(...), anchorHoriz='center', anchorVert='center', antialias=True, autoLog=True, bold=False, color='black', colorSpace='named', contrast=1.0, depth=-1.0, flipHoriz=False, flipVert=False, font='Arial', fontFiles=[], height=50, italic=False, languageStyle='LTR', name='enc_fx_cross', opacity=1.0, ori=0, pos=array([0., 0.]), rgb=array([0., 0., 0.]), text='+', units='pix', win=Window(...), wrapWidth=500)
6.7976 	EXP 	Created enc_trial_map = ImageStim(__class__=<class 'psychopy.visual.image.ImageStim'>, autoLog=True, color=array([1., 1., 1.]), colorSpace='rgb', contrast=1.0, depth=0.0, flipHoriz=False, flipVert=False, image='stimuli/GalleryPlanInside.jpg', interpolate=True, mask=None, maskParams=None, name='enc_trial_map', opacity=1.0, ori=0.0, pos=array([  0., -25.]), size=array([1040., 1000.]), texRes=128, units='pix', win=Window(...))
6.8008 	EXP 	Created enc_trial_main_image = ImageStim(__class__=<class 'psychopy.visual.image.ImageStim'>, autoLog=True, color=array([1., 1., 1.]), colorSpace='rgb', contrast=1.0, depth=-1.0, flipHoriz=False, flipVert=False, image='sin', interpolate=True, mask=None, maskParams=None, name='enc_trial_main_image', opacity=1.0, ori=0.0, pos=array([0., 0.]), size=array([300., 300.]), texRes=128, units='pix', win=Window(...))
6.8310 	EXP 	Created enc_practice_feedback_map = ImageStim(__class__=<class 'psychopy.visual.image.ImageStim'>, autoLog=True, color=array([1., 1., 1.]), colorSpace='rgb', contrast=1.0, depth=-1.0, flipHoriz=False, flipVert=False, image='stimuli/GalleryPlanInside.jpg', interpolate=True, mask=None, maskParams=None, name='enc_practice_feedback_map', opacity=1.0, ori=0.0, pos=array([  0., -25.]), size=array([1040., 1000.]), texRes=128, units='pix', win=Window(...))
6.8338 	EXP 	Created enc_practice_feedback_image = ImageStim(__class__=<class 'psychopy.visual.image.ImageStim'>, autoLog=True, color=array([1., 1., 1.]), colorSpace='rgb', contrast=1.0, depth=-2.0, flipHoriz=False, flipVert=False, image='sin', interpolate=True, mask=None, maskParams=None, name='enc_practice_feedback_image', opacity=1.0, ori=0.0, pos=array([0., 0.]), size=array([300., 300.]), texRes=128, units='pix', win=Window(...))
6.8420 	EXP 	Created enc_practice_feedback_text = TextStim(__class__=<class 'psychopy.visual.text.TextStim'>, alignHoriz=method-wrapper(...), alignText='center', alignVert=method-wrapper(...), anchorHoriz='center', anchorVert='center', antialias=True, autoLog=True, bold=False, color='black', colorSpace='named', contrast=1.0, depth=-3.0, flipHoriz=False, flipVert=False, font='Arial', fontFiles=[], height=0.05, italic=False, languageStyle='LTR', name='enc_practice_feedback_text', opacity=1.0, ori=0, pos=array([0., 0.]), rgb=array([0., 0., 0.]), text='default text', units='height', win=Window(...), wrapWidth=1)
6.8738 	EXP 	Created end_practice_text = TextStim(__class__=<class 'psychopy.visual.text.TextStim'>, alignHoriz=method-wrapper(...), alignText='center', alignVert=method-wrapper(...), anchorHoriz='center', anchorVert='center', antialias=True, autoLog=True, bold=False, color='black', colorSpace='named', contrast=1.0, depth=0.0, flipHoriz=False, flipVert=False, font='Arial', fontFiles=[], height=0.05, italic=False, languageStyle='LTR', name='end_practice_text', opacity=1.0, ori=0, pos=array([0., 0.]), rgb=array([0., 0., 0.]), text=str(...), units='height', win=Window(...), wrapWidth=0.8)
6.8823 	EXP 	Created start_enc_run_text = TextStim(__class__=<class 'psychopy.visual.text.TextStim'>, alignHoriz=method-wrapper(...), alignText='center', alignVert=method-wrapper(...), anchorHoriz='center', anchorVert='center', antialias=True, autoLog=True, bold=False, color='black', colorSpace='named', contrast=1.0, depth=-2.0, flipHoriz=False, flipVert=False, font='Arial', fontFiles=[], height=0.1, italic=False, languageStyle='LTR', name='start_enc_run_text', opacity=1.0, ori=0, pos=array([0., 0.]), rgb=array([0., 0., 0.]), text='Kezdődik a feladat...', units='height', win=Window(...), wrapWidth=1)
6.9161 	EXP 	Created enc_fx_map = ImageStim(__class__=<class 'psychopy.visual.image.ImageStim'>, autoLog=True, color=array([1., 1., 1.]), colorSpace='rgb', contrast=1.0, depth=0.0, flipHoriz=False, flipVert=False, image='stimuli/GalleryPlanInside.jpg', interpolate=True, mask=None, maskParams=None, name='enc_fx_map', opacity=1.0, ori=0.0, pos=array([  0., -25.]), size=array([1040., 1000.]), texRes=128, units='pix', win=Window(...))
6.9186 	EXP 	Created enc_fx_cross = TextStim(__class__=<class 'psychopy.visual.text.TextStim'>, alignHoriz=method-wrapper(...), alignText='center', alignVert=method-wrapper(...), anchorHoriz='center', anchorVert='center', antialias=True, autoLog=True, bold=False, color='black', colorSpace='named', contrast=1.0, depth=-1.0, flipHoriz=False, flipVert=False, font='Arial', fontFiles=[], height=50, italic=False, languageStyle='LTR', name='enc_fx_cross', opacity=1.0, ori=0, pos=array([0., 0.]), rgb=array([0., 0., 0.]), text='+', units='pix', win=Window(...), wrapWidth=500)
6.9483 	EXP 	Created enc_trial_map = ImageStim(__class__=<class 'psychopy.visual.image.ImageStim'>, autoLog=True, color=array([1., 1., 1.]), colorSpace='rgb', contrast=1.0, depth=0.0, flipHoriz=False, flipVert=False, image='stimuli/GalleryPlanInside.jpg', interpolate=True, mask=None, maskParams=None, name='enc_trial_map', opacity=1.0, ori=0.0, pos=array([  0., -25.]), size=array([1040., 1000.]), texRes=128, units='pix', win=Window(...))
6.9511 	EXP 	Created enc_trial_main_image = ImageStim(__class__=<class 'psychopy.visual.image.ImageStim'>, autoLog=True, color=array([1., 1., 1.]), colorSpace='rgb', contrast=1.0, depth=-1.0, flipHoriz=False, flipVert=False, image='sin', interpolate=True, mask=None, maskParams=None, name='enc_trial_main_image', opacity=1.0, ori=0.0, pos=array([0., 0.]), size=array([300., 300.]), texRes=128, units='pix', win=Window(...))
6.9675 	EXP 	Created end_enc_run_text = TextStim(__class__=<class 'psychopy.visual.text.TextStim'>, alignHoriz=method-wrapper(...), alignText='center', alignVert=method-wrapper(...), anchorHoriz='center', anchorVert='center', antialias=True, autoLog=True, bold=False, color='black', colorSpace='named', contrast=1.0, depth=0.0, flipHoriz=False, flipVert=False, font='Arial', fontFiles=[], height=0.06, italic=False, languageStyle='LTR', name='end_enc_run_text', opacity=1.0, ori=0, pos=array([0., 0.]), rgb=array([0., 0., 0.]), text='default text', units='height', win=Window(...), wrapWidth=1)
6.9835 	EXP 	Created start_recognition_text = TextStim(__class__=<class 'psychopy.visual.text.TextStim'>, alignHoriz=method-wrapper(...), alignText='center', alignVert=method-wrapper(...), anchorHoriz='center', anchorVert='center', antialias=True, autoLog=True, bold=False, color='black', colorSpace='named', contrast=1.0, depth=-2.0, flipHoriz=False, flipVert=False, font='Arial', fontFiles=[], height=0.1, italic=False, languageStyle='LTR', name='start_recognition_text', opacity=1.0, ori=0, pos=array([0., 0.]), rgb=array([0., 0., 0.]), text='Második feladat\nKépfelismerés', units='height', win=Window(...), wrapWidth=1)
7.0169 	EXP 	Created rec_instructions_1_text = TextStim(__class__=<class 'psychopy.visual.text.TextStim'>, alignHoriz=method-wrapper(...), alignText='center', alignVert=method-wrapper(...), anchorHoriz='center', anchorVert='center', antialias=True, autoLog=True, bold=False, color='black', colorSpace='named', contrast=1.0, depth=0.0, flipHoriz=False, flipVert=False, font='Arial', fontFiles=[], height=0.05, italic=False, languageStyle='LTR', name='rec_instructions_1_text', opacity=1.0, ori=0, pos=array([0., 0.]), rgb=array([0., 0., 0.]), text=str(...), units='height', win=Window(...), wrapWidth=1)
7.0749 	EXP 	Created rec_instructions2_text = TextStim(__class__=<class 'psychopy.visual.text.TextStim'>, alignHoriz=method-wrapper(...), alignText='center', alignVert=method-wrapper(...), anchorHoriz='center', anchorVert='center', antialias=True, autoLog=True, bold=False, color='black', colorSpace='named', contrast=1.0, depth=0.0, flipHoriz=False, flipVert=False, font='Arial', fontFiles=[], height=0.03, italic=False, languageStyle='LTR', name='rec_instructions2_text', opacity=1.0, ori=0, pos=array([0., 0.]), rgb=array([0., 0., 0.]), text=str(...), units='height', win=Window(...), wrapWidth=1)
7.1289 	EXP 	Created rec_instrauction_3_text = TextStim(__class__=<class 'psychopy.visual.text.TextStim'>, alignHoriz=method-wrapper(...), alignText='center', alignVert=method-wrapper(...), anchorHoriz='center', anchorVert='center', antialias=True, autoLog=True, bold=False, color='black', colorSpace='named', contrast=1.0, depth=0.0, flipHoriz=False, flipVert=False, font='Arial', fontFiles=[], height=0.03, italic=False, languageStyle='LTR', name='rec_instrauction_3_text', opacity=1.0, ori=0, pos=array([0., 0.]), rgb=array([0., 0., 0.]), text=str(...), units='height', win=Window(...), wrapWidth=1)
7.1403 	EXP 	Created rec_instructions_4_text = TextStim(__class__=<class 'psychopy.visual.text.TextStim'>, alignHoriz=method-wrapper(...), alignText='center', alignVert=method-wrapper(...), anchorHoriz='center', anchorVert='center', antialias=True, autoLog=True, bold=False, color='black', colorSpace='named', contrast=1.0, depth=0.0, flipHoriz=False, flipVert=False, font='Arial', fontFiles=[], height=0.05, italic=False, languageStyle='LTR', name='rec_instructions_4_text', opacity=1.0, ori=0, pos=array([0., 0.]), rgb=array([0., 0., 0.]), text=str(...), units='height', win=Window(...), wrapWidth=1)
7.1740 	EXP 	Created demo_map = ImageStim(__class__=<class 'psychopy.visual.image.ImageStim'>, autoLog=True, color=array([1., 1., 1.]), colorSpace='rgb', contrast=1.0, depth=0.0, flipHoriz=False, flipVert=False, image='stimuli/GalleryPlanInside.jpg', interpolate=True, mask=None, maskParams=None, name='demo_map', opacity=1.0, ori=0.0, pos=array([  0., -25.]), size=array([1040., 1000.]), texRes=128, units='pix', win=Window(...))
7.1767 	EXP 	Created demo_main_image = ImageStim(__class__=<class 'psychopy.visual.image.ImageStim'>, autoLog=True, color=array([1., 1., 1.]), colorSpace='rgb', contrast=1.0, depth=-1.0, flipHoriz=False, flipVert=False, image='sin', interpolate=True, mask=None, maskParams=None, name='demo_main_image', opacity=1.0, ori=0.0, pos=array([0., 0.]), size=array([300., 300.]), texRes=128, units='pix', win=Window(...))
7.1792 	EXP 	Created demo_image = ImageStim(__class__=<class 'psychopy.visual.image.ImageStim'>, autoLog=True, color=array([1., 1., 1.]), colorSpace='rgb', contrast=1.0, depth=-2.0, flipHoriz=False, flipVert=False, image='sin', interpolate=True, mask=None, maskParams=None, name='demo_image', opacity=1.0, ori=0.0, pos=array([0., 0.]), size=array([300., 300.]), texRes=128, units='pix', win=Window(...))
7.1839 	EXP 	Created demo_text = TextStim(__class__=<class 'psychopy.visual.text.TextStim'>, alignHoriz=method-wrapper(...), alignText='center', alignVert=method-wrapper(...), anchorHoriz='center', anchorVert='center', antialias=True, autoLog=True, bold=False, color='black', colorSpace='named', contrast=1.0, depth=-3.0, flipHoriz=False, flipVert=False, font='Arial', fontFiles=[], height=0.05, italic=False, languageStyle='LTR', name='demo_text', opacity=1.0, ori=0, pos=array([0.  , 0.45]), rgb=array([0., 0., 0.]), text='default text', units='height', win=Window(...), wrapWidth=1)
7.1932 	EXP 	Created demo_end_text = TextStim(__class__=<class 'psychopy.visual.text.TextStim'>, alignHoriz=method-wrapper(...), alignText='center', alignVert=method-wrapper(...), anchorHoriz='center', anchorVert='center', antialias=True, autoLog=True, bold=False, color='black', colorSpace='named', contrast=1.0, depth=0.0, flipHoriz=False, flipVert=False, font='Arial', fontFiles=[], height=0.05, italic=False, languageStyle='LTR', name='demo_end_text', opacity=1.0, ori=0, pos=array([0., 0.]), rgb=array([0., 0., 0.]), text=str(...), units='height', win=Window(...), wrapWidth=1)
7.2022 	EXP 	Created start_practice_text = TextStim(__class__=<class 'psychopy.visual.text.TextStim'>, alignHoriz=method-wrapper(...), alignText='center', alignVert=method-wrapper(...), anchorHoriz='center', anchorVert='center', antialias=True, autoLog=True, bold=False, color='black', colorSpace='named', contrast=1.0, depth=0.0, flipHoriz=False, flipVert=False, font='Arial', fontFiles=[], height=0.1, italic=False, languageStyle='LTR', name='start_practice_text', opacity=1.0, ori=0, pos=array([0., 0.]), rgb=array([0., 0., 0.]), text='Kezdődik a gyakorlás...', units='height', win=Window(...), wrapWidth=1)
7.2082 	EXP 	Created rec_practice_block_text = TextStim(__class__=<class 'psychopy.visual.text.TextStim'>, alignHoriz=method-wrapper(...), alignText='center', alignVert=method-wrapper(...), anchorHoriz='center', anchorVert='center', antialias=True, autoLog=True, bold=False, color='black', colorSpace='named', contrast=1.0, depth=-1.0, flipHoriz=False, flipVert=False, font='Arial', fontFiles=[], height=0.1, italic=False, languageStyle='LTR', name='rec_practice_block_text', opacity=1.0, ori=0, pos=array([0., 0.]), rgb=array([0., 0., 0.]), text='default text', units='height', win=Window(...), wrapWidth=1)
7.2385 	EXP 	Created rec_fx_map = ImageStim(__class__=<class 'psychopy.visual.image.ImageStim'>, autoLog=True, color=array([1., 1., 1.]), colorSpace='rgb', contrast=1.0, depth=0.0, flipHoriz=False, flipVert=False, image='stimuli/GalleryPlanInside.jpg', interpolate=True, mask=None, maskParams=None, name='rec_fx_map', opacity=1.0, ori=0.0, pos=array([  0., -25.]), size=array([1040., 1000.]), texRes=128, units='pix', win=Window(...))
7.2424 	EXP 	Created rec_fx_cross = TextStim(__class__=<class 'psychopy.visual.text.TextStim'>, alignHoriz=method-wrapper(...), alignText='center', alignVert=method-wrapper(...), anchorHoriz='center', anchorVert='center', antialias=True, autoLog=True, bold=False, color='black', colorSpace='named', contrast=1.0, depth=-1.0, flipHoriz=False, flipVert=False, font='Arial', fontFiles=[], height=50, italic=False, languageStyle='LTR', name='rec_fx_cross', opacity=1.0, ori=0, pos=array([0., 0.]), rgb=array([0., 0., 0.]), text='+', units='pix', win=Window(...), wrapWidth=500)
7.2723 	EXP 	Created rec_trial_map = ImageStim(__class__=<class 'psychopy.visual.image.ImageStim'>, autoLog=True, color=array([1., 1., 1.]), colorSpace='rgb', contrast=1.0, depth=0.0, flipHoriz=False, flipVert=False, image='stimuli/GalleryPlanInside.jpg', interpolate=True, mask=None, maskParams=None, name='rec_trial_map', opacity=1.0, ori=0.0, pos=array([  0., -25.]), size=array([1040., 1000.]), texRes=128, units='pix', win=Window(...))
7.2752 	EXP 	Created rec_trial_main_image = ImageStim(__class__=<class 'psychopy.visual.image.ImageStim'>, autoLog=True, color=array([1., 1., 1.]), colorSpace='rgb', contrast=1.0, depth=-1.0, flipHoriz=False, flipVert=False, image='sin', interpolate=True, mask=None, maskParams=None, name='rec_trial_main_image', opacity=1.0, ori=0.0, pos=array([0., 0.]), size=array([300., 300.]), texRes=128, units='pix', win=Window(...))
7.2983 	EXP 	Created end_practice_text = TextStim(__class__=<class 'psychopy.visual.text.TextStim'>, alignHoriz=method-wrapper(...), alignText='center', alignVert=method-wrapper(...), anchorHoriz='center', anchorVert='center', antialias=True, autoLog=True, bold=False, color='black', colorSpace='named', contrast=1.0, depth=0.0, flipHoriz=False, flipVert=False, font='Arial', fontFiles=[], height=0.05, italic=False, languageStyle='LTR', name='end_practice_text', opacity=1.0, ori=0, pos=array([0., 0.]), rgb=array([0., 0., 0.]), text=str(...), units='height', win=Window(...), wrapWidth=0.8)
7.3011 	EXP 	Created start_rec_run_text = TextStim(__class__=<class 'psychopy.visual.text.TextStim'>, alignHoriz=method-wrapper(...), alignText='center', alignVert=method-wrapper(...), anchorHoriz='center', anchorVert='center', antialias=True, autoLog=True, bold=False, color='black', colorSpace='named', contrast=1.0, depth=-1.0, flipHoriz=False, flipVert=False, font='Arial', fontFiles=[], height=0.1, italic=False, languageStyle='LTR', name='start_rec_run_text', opacity=1.0, ori=0, pos=array([0., 0.]), rgb=array([0., 0., 0.]), text='Kezdődik a feladat...', units='height', win=Window(...), wrapWidth=1)
7.3035 	EXP 	Created start_rec_block_text = TextStim(__class__=<class 'psychopy.visual.text.TextStim'>, alignHoriz=method-wrapper(...), alignText='center', alignVert=method-wrapper(...), anchorHoriz='center', anchorVert='center', antialias=True, autoLog=True, bold=False, color='black', colorSpace='named', contrast=1.0, depth=-1.0, flipHoriz=False, flipVert=False, font='Arial', fontFiles=[], height=0.1, italic=False, languageStyle='LTR', name='start_rec_block_text', opacity=1.0, ori=0, pos=array([0., 0.]), rgb=array([0., 0., 0.]), text='default text', units='height', win=Window(...), wrapWidth=1)
7.3188 	EXP 	Created rec_fx_map = ImageStim(__class__=<class 'psychopy.visual.image.ImageStim'>, autoLog=True, color=array([1., 1., 1.]), colorSpace='rgb', contrast=1.0, depth=0.0, flipHoriz=False, flipVert=False, image='stimuli/GalleryPlanInside.jpg', interpolate=True, mask=None, maskParams=None, name='rec_fx_map', opacity=1.0, ori=0.0, pos=array([  0., -25.]), size=array([1040., 1000.]), texRes=128, units='pix', win=Window(...))
7.3203 	EXP 	Created rec_fx_cross = TextStim(__class__=<class 'psychopy.visual.text.TextStim'>, alignHoriz=method-wrapper(...), alignText='center', alignVert=method-wrapper(...), anchorHoriz='center', anchorVert='center', antialias=True, autoLog=True, bold=False, color='black', colorSpace='named', contrast=1.0, depth=-1.0, flipHoriz=False, flipVert=False, font='Arial', fontFiles=[], height=50, italic=False, languageStyle='LTR', name='rec_fx_cross', opacity=1.0, ori=0, pos=array([0., 0.]), rgb=array([0., 0., 0.]), text='+', units='pix', win=Window(...), wrapWidth=500)
7.3351 	EXP 	Created rec_trial_map = ImageStim(__class__=<class 'psychopy.visual.image.ImageStim'>, autoLog=True, color=array([1., 1., 1.]), colorSpace='rgb', contrast=1.0, depth=0.0, flipHoriz=False, flipVert=False, image='stimuli/GalleryPlanInside.jpg', interpolate=True, mask=None, maskParams=None, name='rec_trial_map', opacity=1.0, ori=0.0, pos=array([  0., -25.]), size=array([1040., 1000.]), texRes=128, units='pix', win=Window(...))
7.3365 	EXP 	Created rec_trial_main_image = ImageStim(__class__=<class 'psychopy.visual.image.ImageStim'>, autoLog=True, color=array([1., 1., 1.]), colorSpace='rgb', contrast=1.0, depth=-1.0, flipHoriz=False, flipVert=False, image='sin', interpolate=True, mask=None, maskParams=None, name='rec_trial_main_image', opacity=1.0, ori=0.0, pos=array([0., 0.]), size=array([300., 300.]), texRes=128, units='pix', win=Window(...))
7.3389 	EXP 	Created end_rec_run_text = TextStim(__class__=<class 'psychopy.visual.text.TextStim'>, alignHoriz=method-wrapper(...), alignText='center', alignVert=method-wrapper(...), anchorHoriz='center', anchorVert='center', antialias=True, autoLog=True, bold=False, color='black', colorSpace='named', contrast=1.0, depth=0.0, flipHoriz=False, flipVert=False, font='Arial', fontFiles=[], height=0.1, italic=False, languageStyle='LTR', name='end_rec_run_text', opacity=1.0, ori=0, pos=array([0., 0.]), rgb=array([0., 0., 0.]), text='default text', units='height', win=Window(...), wrapWidth=1)
7.3439 	EXP 	lab_thanks: autoDraw = True
8.7884 	DATA 	Keypress: right
8.7939 	EXP 	lab_thanks: autoDraw = False
8.7939 	EXP 	start_encoding_text: text = 'Első feladat\nGaléria berendezés'
8.7939 	EXP 	start_encoding_text: autoDraw = True
9.4542 	DATA 	Keypress: right
10.2943 	EXP 	start_encoding_text: autoDraw = False
10.2943 	EXP 	start_encoding_text: autoDraw = False
10.2943 	EXP 	enc_instructions_1_text: autoDraw = True
10.2943 	EXP 	enc_instructions_1_image: autoDraw = True
10.9146 	DATA 	Keypress: right
10.9179 	EXP 	enc_instructions_1_text: autoDraw = False
10.9179 	EXP 	enc_instructions_1_image: autoDraw = False
10.9179 	EXP 	enc_instructions_2_text: autoDraw = True
10.9179 	EXP 	enc_instructions_2_image: autoDraw = True
11.2736 	DATA 	Keypress: right
11.2755 	EXP 	enc_instructions_2_text: autoDraw = False
11.2755 	EXP 	enc_instructions_2_image: autoDraw = False
11.2755 	EXP 	enc_instructions_3_text: autoDraw = True
11.5276 	DATA 	Keypress: right
11.5291 	EXP 	enc_instructions_3_text: autoDraw = False
11.5291 	EXP 	start_practice_text: autoDraw = True
11.8460 	DATA 	Keypress: right
12.5345 	EXP 	Imported encoding_practice_trials.csv as conditions, 5 conditions, 9 params
12.5348 	EXP 	Created sequence: random, trialTypes=5, nReps=1, seed=None
12.5351 	EXP 	New trial (rep=0, index=0): OrderedDict([('Task', 'EncodingPractice'), ('TrialType', '-'), ('StimType', '-'), ('Order', 1), ('CurrentImage', 'stimuli/fractals/177b.jpg'), ('CurrentX', 300.0), ('CurrentY', 0.0), ('Jitter', 800), ('Section', 'Encoding')])
12.5392 	EXP 	start_practice_text: autoDraw = False
12.5392 	EXP 	start_practice_text: autoDraw = False
12.5392 	EXP 	enc_fx_cross: pos = array([300.,   0.])
12.5392 	EXP 	enc_fx_map: autoDraw = True
12.5392 	EXP 	enc_fx_cross: autoDraw = True
13.3800 	EXP 	enc_fx_map: autoDraw = False
13.3800 	EXP 	enc_fx_cross: autoDraw = False
13.3800 	EXP 	enc_fx_map: autoDraw = False
13.3800 	EXP 	enc_fx_cross: autoDraw = False
13.3800 	EXP 	enc_trial_main_image: pos = array([300.,   0.])
13.3800 	EXP 	enc_trial_main_image: image = 'stimuli/fractals/177b.jpg'
13.3800 	EXP 	enc_trial_map: autoDraw = True
13.3800 	EXP 	enc_trial_main_image: autoDraw = True
13.8907 	DATA 	Keypress: j
16.3817 	EXP 	enc_trial_map: autoDraw = False
16.3817 	EXP 	enc_trial_main_image: autoDraw = False
16.3817 	EXP 	enc_practice_feedback_image: pos = array([300.,   0.])
16.3817 	EXP 	enc_practice_feedback_image: image = 'stimuli/fractals/177b.jpg'
16.3817 	EXP 	enc_practice_feedback_text: text = 'Az Ön válasza:\nA kép marad.'
16.3817 	EXP 	enc_practice_feedback_map: autoDraw = True
16.3817 	EXP 	enc_practice_feedback_image: autoDraw = True
16.3817 	EXP 	enc_practice_feedback_text: autoDraw = True
17.3406 	EXP 	New trial (rep=0, index=1): OrderedDict([('Task', 'EncodingPractice'), ('TrialType', 'LOC'), ('StimType', 'LURE'), ('Order', 1), ('CurrentImage', 'stimuli/fractals/159a.jpg'), ('CurrentX', 0.0), ('CurrentY', 300.0), ('Jitter', 5000), ('Section', 'Encoding')])
17.3444 	EXP 	enc_practice_feedback_map: autoDraw = False
17.3444 	EXP 	enc_practice_feedback_image: autoDraw = False
17.3444 	EXP 	enc_practice_feedback_text: autoDraw = False
17.3444 	EXP 	enc_fx_cross: pos = array([  0., 300.])
17.3444 	EXP 	enc_fx_map: autoDraw = True
17.3444 	EXP 	enc_fx_cross: autoDraw = True
22.4218 	EXP 	enc_fx_map: autoDraw = False
22.4218 	EXP 	enc_fx_cross: autoDraw = False
22.4218 	EXP 	enc_fx_map: autoDraw = False
22.4218 	EXP 	enc_fx_cross: autoDraw = False
22.4218 	EXP 	enc_trial_main_image: pos = array([  0., 300.])
22.4218 	EXP 	enc_trial_main_image: image = 'stimuli/fractals/159a.jpg'
22.4218 	EXP 	enc_trial_map: autoDraw = True
22.4218 	EXP 	enc_trial_main_image: autoDraw = True
25.4247 	EXP 	enc_trial_map: autoDraw = False
25.4247 	EXP 	enc_trial_main_image: autoDraw = False
25.4247 	EXP 	enc_practice_feedback_image: pos = array([  0., 300.])
25.4247 	EXP 	enc_practice_feedback_image: image = 'stimuli/fractals/159a.jpg'
25.4247 	EXP 	enc_practice_feedback_text: text = 'Nem adott választ.'
25.4247 	EXP 	enc_practice_feedback_map: autoDraw = True
25.4247 	EXP 	enc_practice_feedback_image: autoDraw = True
25.4247 	EXP 	enc_practice_feedback_text: autoDraw = True
26.3500 	EXP 	New trial (rep=0, index=2): OrderedDict([('Task', 'EncodingPractice'), ('TrialType', 'LOC'), ('StimType', 'TARGET'), ('Order', 1), ('CurrentImage', 'stimuli/fractals/166a.jpg'), ('CurrentX', -300.0), ('CurrentY', 0.0), ('Jitter', 1500), ('Section', 'Encoding')])
26.3546 	EXP 	enc_practice_feedback_map: autoDraw = False
26.3546 	EXP 	enc_practice_feedback_image: autoDraw = False
26.3546 	EXP 	enc_practice_feedback_text: autoDraw = False
26.3546 	EXP 	enc_fx_cross: pos = array([-300.,    0.])
26.3546 	EXP 	enc_fx_map: autoDraw = True
26.3546 	EXP 	enc_fx_cross: autoDraw = True
27.9251 	EXP 	enc_fx_map: autoDraw = False
27.9251 	EXP 	enc_fx_cross: autoDraw = False
27.9251 	EXP 	enc_fx_map: autoDraw = False
27.9251 	EXP 	enc_fx_cross: autoDraw = False
27.9251 	EXP 	enc_trial_main_image: pos = array([-300.,    0.])
27.9251 	EXP 	enc_trial_main_image: image = 'stimuli/fractals/166a.jpg'
27.9251 	EXP 	enc_trial_map: autoDraw = True
27.9251 	EXP 	enc_trial_main_image: autoDraw = True
28.5530 	DATA 	Keypress: j
30.9334 	EXP 	enc_trial_map: autoDraw = False
30.9334 	EXP 	enc_trial_main_image: autoDraw = False
30.9334 	EXP 	enc_practice_feedback_image: pos = array([-300.,    0.])
30.9334 	EXP 	enc_practice_feedback_image: image = 'stimuli/fractals/166a.jpg'
30.9334 	EXP 	enc_practice_feedback_text: text = 'Az Ön válasza:\nA kép marad.'
30.9334 	EXP 	enc_practice_feedback_map: autoDraw = True
30.9334 	EXP 	enc_practice_feedback_image: autoDraw = True
30.9334 	EXP 	enc_practice_feedback_text: autoDraw = True
31.8608 	EXP 	New trial (rep=0, index=3): OrderedDict([('Task', 'EncodingPractice'), ('TrialType', 'LOC'), ('StimType', 'FOIL'), ('Order', 1), ('CurrentImage', 'stimuli/fractals/148b.jpg'), ('CurrentX', 212.1320344), ('CurrentY', 212.1320344), ('Jitter', 1000), ('Section', 'Encoding')])
31.8656 	EXP 	enc_practice_feedback_map: autoDraw = False
31.8656 	EXP 	enc_practice_feedback_image: autoDraw = False
31.8656 	EXP 	enc_practice_feedback_text: autoDraw = False
31.8656 	EXP 	enc_fx_cross: pos = array([212.1320344, 212.1320344])
31.8656 	EXP 	enc_fx_map: autoDraw = True
31.8656 	EXP 	enc_fx_cross: autoDraw = True
32.9345 	EXP 	enc_fx_map: autoDraw = False
32.9345 	EXP 	enc_fx_cross: autoDraw = False
32.9345 	EXP 	enc_fx_map: autoDraw = False
32.9345 	EXP 	enc_fx_cross: autoDraw = False
32.9345 	EXP 	enc_trial_main_image: pos = array([212.1320344, 212.1320344])
32.9345 	EXP 	enc_trial_main_image: image = 'stimuli/fractals/148b.jpg'
32.9345 	EXP 	enc_trial_map: autoDraw = True
32.9345 	EXP 	enc_trial_main_image: autoDraw = True
35.9411 	EXP 	enc_trial_map: autoDraw = False
35.9411 	EXP 	enc_trial_main_image: autoDraw = False
35.9411 	EXP 	enc_practice_feedback_image: pos = array([212.1320344, 212.1320344])
35.9411 	EXP 	enc_practice_feedback_image: image = 'stimuli/fractals/148b.jpg'
35.9411 	EXP 	enc_practice_feedback_text: text = 'Nem adott választ.'
35.9411 	EXP 	enc_practice_feedback_map: autoDraw = True
35.9411 	EXP 	enc_practice_feedback_image: autoDraw = True
35.9411 	EXP 	enc_practice_feedback_text: autoDraw = True
36.8704 	EXP 	New trial (rep=0, index=4): OrderedDict([('Task', 'EncodingPractice'), ('TrialType', 'OBJ'), ('StimType', 'TARGET'), ('Order', 1), ('CurrentImage', 'stimuli/fractals/167a.jpg'), ('CurrentX', 300.0), ('CurrentY', 0.0), ('Jitter', 500), ('Section', 'Encoding')])
36.8750 	EXP 	enc_practice_feedback_map: autoDraw = False
36.8750 	EXP 	enc_practice_feedback_image: autoDraw = False
36.8750 	EXP 	enc_practice_feedback_text: autoDraw = False
36.8750 	EXP 	enc_fx_cross: pos = array([300.,   0.])
36.8750 	EXP 	enc_fx_map: autoDraw = True
36.8750 	EXP 	enc_fx_cross: autoDraw = True
37.4436 	EXP 	enc_fx_map: autoDraw = False
37.4436 	EXP 	enc_fx_cross: autoDraw = False
37.4436 	EXP 	enc_fx_map: autoDraw = False
37.4436 	EXP 	enc_fx_cross: autoDraw = False
37.4436 	EXP 	enc_trial_main_image: pos = array([300.,   0.])
37.4436 	EXP 	enc_trial_main_image: image = 'stimuli/fractals/167a.jpg'
37.4436 	EXP 	enc_trial_map: autoDraw = True
37.4436 	EXP 	enc_trial_main_image: autoDraw = True
40.4457 	EXP 	enc_trial_map: autoDraw = False
40.4457 	EXP 	enc_trial_main_image: autoDraw = False
40.4457 	EXP 	enc_practice_feedback_image: pos = array([300.,   0.])
40.4457 	EXP 	enc_practice_feedback_image: image = 'stimuli/fractals/167a.jpg'
40.4457 	EXP 	enc_practice_feedback_text: text = 'Nem adott választ.'
40.4457 	EXP 	enc_practice_feedback_map: autoDraw = True
40.4457 	EXP 	enc_practice_feedback_image: autoDraw = True
40.4457 	EXP 	enc_practice_feedback_text: autoDraw = True
41.3808 	EXP 	enc_practice_feedback_map: autoDraw = False
41.3808 	EXP 	enc_practice_feedback_image: autoDraw = False
41.3808 	EXP 	enc_practice_feedback_text: autoDraw = False
41.3808 	EXP 	end_practice_text: autoDraw = True
42.2480 	DATA 	Keypress: right
42.2499 	EXP 	Created sequence: sequential, trialTypes=1, nReps=3, seed=None
42.2502 	EXP 	New trial (rep=0, index=0): None
42.2520 	EXP 	end_practice_text: autoDraw = False
42.2520 	EXP 	start_enc_run_text: autoDraw = True
42.7362 	DATA 	Keypress: right
44.3179 	EXP 	Imported stimuli_tables/encoding_trials_0.csv as conditions, 2 conditions, 20 params
44.3188 	EXP 	Created sequence: sequential, trialTypes=2, nReps=1, seed=None
44.3196 	EXP 	New trial (rep=0, index=0): OrderedDict([('TrialIndex', 1), ('Jitter', 2000), ('ScannerRun', 1), ('StimType', 'OLP'), ('Order', 1), ('Delay', 3), ('CurrentImage', 'stimuli/fractals/101b.jpg'), ('CurrentX', 212.1320344), ('CurrentY', 212.1320344), ('TripletMemberA', 'stimuli/fractals/101b.jpg'), ('TripletMemberB', 'stimuli/fractals/101a.jpg'), ('TripletMemberC', 'stimuli/fractals/101c.jpg'), ('Xcoordinate', 212.1320344), ('Ycoordinate', 212.1320344), ('Xcoordinate_lure1', 0.0), ('Ycoordinate_lure1', 300.0), ('Xcoordinate_lure2', 300.0), ('Ycoordinate_lure2', 0.0), ('Xcoordinate_foil', -212.1320344), ('Ycoordinate_foil', -212.1320344)])
44.3245 	EXP 	start_enc_run_text: autoDraw = False
44.3245 	EXP 	start_enc_run_text: autoDraw = False
44.3245 	EXP 	enc_fx_cross: pos = array([212.1320344, 212.1320344])
44.3245 	EXP 	enc_fx_map: autoDraw = True
44.3245 	EXP 	enc_fx_cross: autoDraw = True
46.3961 	EXP 	enc_fx_map: autoDraw = False
46.3961 	EXP 	enc_fx_cross: autoDraw = False
46.3961 	EXP 	enc_fx_map: autoDraw = False
46.3961 	EXP 	enc_fx_cross: autoDraw = False
46.3961 	EXP 	enc_trial_main_image: pos = array([212.1320344, 212.1320344])
46.3961 	EXP 	enc_trial_main_image: image = 'stimuli/fractals/101b.jpg'
46.3961 	EXP 	enc_trial_map: autoDraw = True
46.3961 	EXP 	enc_trial_main_image: autoDraw = True
49.3274 	EXP 	New trial (rep=0, index=1): OrderedDict([('TrialIndex', 2), ('Jitter', 6000), ('ScannerRun', 1), ('StimType', 'OLP'), ('Order', 1), ('Delay', 3), ('CurrentImage', 'stimuli/fractals/97b.jpg'), ('CurrentX', 212.1320344), ('CurrentY', -212.1320344), ('TripletMemberA', 'stimuli/fractals/97b.jpg'), ('TripletMemberB', 'stimuli/fractals/97c.jpg'), ('TripletMemberC', 'stimuli/fractals/97a.jpg'), ('Xcoordinate', 212.1320344), ('Ycoordinate', -212.1320344), ('Xcoordinate_lure1', 0.0), ('Ycoordinate_lure1', -300.0), ('Xcoordinate_lure2', 300.0), ('Ycoordinate_lure2', 0.0), ('Xcoordinate_foil', -212.1320344), ('Ycoordinate_foil', 212.1320344)])
49.3321 	EXP 	enc_trial_map: autoDraw = False
49.3321 	EXP 	enc_trial_main_image: autoDraw = False
49.3321 	EXP 	enc_fx_cross: pos = array([ 212.1320344, -212.1320344])
49.3321 	EXP 	enc_fx_map: autoDraw = True
49.3321 	EXP 	enc_fx_cross: autoDraw = True
55.4026 	EXP 	enc_fx_map: autoDraw = False
55.4026 	EXP 	enc_fx_cross: autoDraw = False
55.4026 	EXP 	enc_fx_map: autoDraw = False
55.4026 	EXP 	enc_fx_cross: autoDraw = False
55.4026 	EXP 	enc_trial_main_image: pos = array([ 212.1320344, -212.1320344])
55.4026 	EXP 	enc_trial_main_image: image = 'stimuli/fractals/97b.jpg'
55.4026 	EXP 	enc_trial_map: autoDraw = True
55.4026 	EXP 	enc_trial_main_image: autoDraw = True
58.3511 	EXP 	enc_trial_map: autoDraw = False
58.3511 	EXP 	enc_trial_main_image: autoDraw = False
58.3511 	EXP 	end_enc_run_text: text = 'Szünet\nA folytatáshoz nyomja le a jobb nyilat'
58.3511 	EXP 	end_enc_run_text: autoDraw = True
61.3040 	DATA 	Keypress: right
61.3071 	EXP 	New trial (rep=1, index=0): None
61.3087 	EXP 	end_enc_run_text: autoDraw = False
61.3087 	EXP 	start_enc_run_text: autoDraw = True
63.3739 	EXP 	Imported stimuli_tables/encoding_trials_0.csv as conditions, 2 conditions, 20 params
63.3749 	EXP 	Created sequence: sequential, trialTypes=2, nReps=1, seed=None
63.3757 	EXP 	New trial (rep=0, index=0): OrderedDict([('TrialIndex', 3), ('Jitter', 2000), ('ScannerRun', 1), ('StimType', 'LLP'), ('Order', 1), ('Delay', 5), ('CurrentImage', 'stimuli/fractals/76b.jpg'), ('CurrentX', 212.1320344), ('CurrentY', 212.1320344), ('TripletMemberA', 'stimuli/fractals/76b.jpg'), ('TripletMemberB', 'stimuli/fractals/76c.jpg'), ('TripletMemberC', 'stimuli/fractals/76a.jpg'), ('Xcoordinate', 212.1320344), ('Ycoordinate', 212.1320344), ('Xcoordinate_lure1', 300.0), ('Ycoordinate_lure1', 0.0), ('Xcoordinate_lure2', 0.0), ('Ycoordinate_lure2', 300.0), ('Xcoordinate_foil', -212.1320344), ('Ycoordinate_foil', -212.1320344)])
63.3805 	EXP 	start_enc_run_text: autoDraw = False
63.3805 	EXP 	start_enc_run_text: autoDraw = False
63.3805 	EXP 	enc_fx_cross: pos = array([212.1320344, 212.1320344])
63.3805 	EXP 	enc_fx_map: autoDraw = True
63.3805 	EXP 	enc_fx_cross: autoDraw = True
64.1984 	DATA 	Keypress: right
65.4515 	EXP 	enc_fx_map: autoDraw = False
65.4515 	EXP 	enc_fx_cross: autoDraw = False
65.4515 	EXP 	enc_fx_map: autoDraw = False
65.4515 	EXP 	enc_fx_cross: autoDraw = False
65.4515 	EXP 	enc_trial_main_image: pos = array([212.1320344, 212.1320344])
65.4515 	EXP 	enc_trial_main_image: image = 'stimuli/fractals/76b.jpg'
65.4515 	EXP 	enc_trial_map: autoDraw = True
65.4515 	EXP 	enc_trial_main_image: autoDraw = True
66.2619 	DATA 	Keypress: right
68.3850 	EXP 	New trial (rep=0, index=1): OrderedDict([('TrialIndex', 4), ('Jitter', 1000), ('ScannerRun', 1), ('StimType', 'ERP'), ('Order', 1), ('Delay', 2), ('CurrentImage', 'stimuli/fractals/19a.jpg'), ('CurrentX', 212.1320344), ('CurrentY', -212.1320344), ('TripletMemberA', 'stimuli/fractals/19a.jpg'), ('TripletMemberB', 'stimuli/fractals/19c.jpg'), ('TripletMemberC', 'stimuli/fractals/19b.jpg'), ('Xcoordinate', 212.1320344), ('Ycoordinate', -212.1320344), ('Xcoordinate_lure1', 300.0), ('Ycoordinate_lure1', 0.0), ('Xcoordinate_lure2', 0.0), ('Ycoordinate_lure2', -300.0), ('Xcoordinate_foil', -300.0), ('Ycoordinate_foil', 0.0)])
68.3900 	EXP 	enc_trial_map: autoDraw = False
68.3900 	EXP 	enc_trial_main_image: autoDraw = False
68.3900 	EXP 	enc_fx_cross: pos = array([ 212.1320344, -212.1320344])
68.3900 	EXP 	enc_fx_map: autoDraw = True
68.3900 	EXP 	enc_fx_cross: autoDraw = True
69.4606 	EXP 	enc_fx_map: autoDraw = False
69.4606 	EXP 	enc_fx_cross: autoDraw = False
69.4606 	EXP 	enc_fx_map: autoDraw = False
69.4606 	EXP 	enc_fx_cross: autoDraw = False
69.4606 	EXP 	enc_trial_main_image: pos = array([ 212.1320344, -212.1320344])
69.4606 	EXP 	enc_trial_main_image: image = 'stimuli/fractals/19a.jpg'
69.4606 	EXP 	enc_trial_map: autoDraw = True
69.4606 	EXP 	enc_trial_main_image: autoDraw = True
72.3975 	EXP 	enc_trial_map: autoDraw = False
72.3975 	EXP 	enc_trial_main_image: autoDraw = False
72.3975 	EXP 	end_enc_run_text: text = 'Szünet\nA folytatáshoz nyomja le a jobb nyilat'
72.3975 	EXP 	end_enc_run_text: autoDraw = True
72.9687 	DATA 	Keypress: right
72.9711 	EXP 	New trial (rep=2, index=0): None
72.9726 	EXP 	end_enc_run_text: autoDraw = False
72.9726 	EXP 	start_enc_run_text: autoDraw = True
73.7984 	DATA 	Keypress: right
75.0359 	EXP 	Imported stimuli_tables/encoding_trials_0.csv as conditions, 2 conditions, 20 params
75.0369 	EXP 	Created sequence: sequential, trialTypes=2, nReps=1, seed=None
75.0377 	EXP 	New trial (rep=0, index=0): OrderedDict([('TrialIndex', 5), ('Jitter', 5000), ('ScannerRun', 1), ('StimType', 'OLP'), ('Order', 2), ('Delay', 0), ('CurrentImage', 'stimuli/fractals/101a.jpg'), ('CurrentX', 212.1320344), ('CurrentY', 212.1320344), ('TripletMemberA', 'stimuli/fractals/101b.jpg'), ('TripletMemberB', 'stimuli/fractals/101a.jpg'), ('TripletMemberC', 'stimuli/fractals/101c.jpg'), ('Xcoordinate', 212.1320344), ('Ycoordinate', 212.1320344), ('Xcoordinate_lure1', 0.0), ('Ycoordinate_lure1', 300.0), ('Xcoordinate_lure2', 300.0), ('Ycoordinate_lure2', 0.0), ('Xcoordinate_foil', -212.1320344), ('Ycoordinate_foil', -212.1320344)])
75.0426 	EXP 	start_enc_run_text: autoDraw = False
75.0426 	EXP 	start_enc_run_text: autoDraw = False
75.0426 	EXP 	enc_fx_cross: pos = array([212.1320344, 212.1320344])
75.0426 	EXP 	enc_fx_map: autoDraw = True
75.0426 	EXP 	enc_fx_cross: autoDraw = True
80.1119 	EXP 	enc_fx_map: autoDraw = False
80.1119 	EXP 	enc_fx_cross: autoDraw = False
80.1119 	EXP 	enc_fx_map: autoDraw = False
80.1119 	EXP 	enc_fx_cross: autoDraw = False
80.1119 	EXP 	enc_trial_main_image: pos = array([212.1320344, 212.1320344])
80.1119 	EXP 	enc_trial_main_image: image = 'stimuli/fractals/101a.jpg'
80.1119 	EXP 	enc_trial_map: autoDraw = True
80.1119 	EXP 	enc_trial_main_image: autoDraw = True
83.0449 	EXP 	New trial (rep=0, index=1): OrderedDict([('TrialIndex', 6), ('Jitter', 3000), ('ScannerRun', 1), ('StimType', 'OLP'), ('Order', 2), ('Delay', 0), ('CurrentImage', 'stimuli/fractals/97c.jpg'), ('CurrentX', 212.1320344), ('CurrentY', -212.1320344), ('TripletMemberA', 'stimuli/fractals/97b.jpg'), ('TripletMemberB', 'stimuli/fractals/97c.jpg'), ('TripletMemberC', 'stimuli/fractals/97a.jpg'), ('Xcoordinate', 212.1320344), ('Ycoordinate', -212.1320344), ('Xcoordinate_lure1', 0.0), ('Ycoordinate_lure1', -300.0), ('Xcoordinate_lure2', 300.0), ('Ycoordinate_lure2', 0.0), ('Xcoordinate_foil', -212.1320344), ('Ycoordinate_foil', 212.1320344)])
83.0497 	EXP 	enc_trial_map: autoDraw = False
83.0497 	EXP 	enc_trial_main_image: autoDraw = False
83.0497 	EXP 	enc_fx_cross: pos = array([ 212.1320344, -212.1320344])
83.0497 	EXP 	enc_fx_map: autoDraw = True
83.0497 	EXP 	enc_fx_cross: autoDraw = True
83.9798 	DATA 	Keypress: right
86.1210 	EXP 	enc_fx_map: autoDraw = False
86.1210 	EXP 	enc_fx_cross: autoDraw = False
86.1210 	EXP 	enc_fx_map: autoDraw = False
86.1210 	EXP 	enc_fx_cross: autoDraw = False
86.1210 	EXP 	enc_trial_main_image: pos = array([ 212.1320344, -212.1320344])
86.1210 	EXP 	enc_trial_main_image: image = 'stimuli/fractals/97c.jpg'
86.1210 	EXP 	enc_trial_map: autoDraw = True
86.1210 	EXP 	enc_trial_main_image: autoDraw = True
86.7639 	DATA 	Keypress: right
87.1754 	DATA 	Keypress: right
89.0673 	EXP 	enc_trial_map: autoDraw = False
89.0673 	EXP 	enc_trial_main_image: autoDraw = False
89.0673 	EXP 	end_enc_run_text: text = 'Vége az első feladatnak'
89.0673 	EXP 	end_enc_run_text: autoDraw = True
92.6808 	DATA 	Keypress: right
92.6842 	EXP 	end_enc_run_text: autoDraw = False
92.6842 	EXP 	start_recognition_text: autoDraw = True
93.3071 	DATA 	Keypress: right
93.6748 	DATA 	Keypress: right
94.6835 	EXP 	start_recognition_text: autoDraw = False
94.6835 	EXP 	start_recognition_text: autoDraw = False
94.6835 	EXP 	rec_instructions_1_text: autoDraw = True
95.5206 	DATA 	Keypress: right
95.5236 	EXP 	rec_instructions_1_text: autoDraw = False
95.5236 	EXP 	rec_instructions2_text: autoDraw = True
95.9129 	DATA 	Keypress: right
95.9154 	EXP 	rec_instructions2_text: autoDraw = False
95.9154 	EXP 	rec_instrauction_3_text: autoDraw = True
96.2348 	DATA 	Keypress: right
96.2376 	EXP 	rec_instrauction_3_text: autoDraw = False
96.2376 	EXP 	rec_instructions_4_text: autoDraw = True
96.8729 	DATA 	Keypress: right
96.8845 	EXP 	Imported stimuli_demo.csv as conditions, 10 conditions, 12 params
96.8850 	EXP 	Created sequence: sequential, trialTypes=10, nReps=1, seed=None
96.8858 	EXP 	New trial (rep=0, index=0): OrderedDict([('Task', 'Demo'), ('TrialType', 'OBJ'), ('StimType', 'LURE'), ('CurrentImage', 'stimuli/fractals//181b.jpg'), ('DemoImage', 'stimuli/fractals//181c.jpg'), ('CurrentX', 300.0), ('CurrentY', 0.0), ('DemoX', -300.0), ('DemoY', 0.0), ('InPractice', '-'), ('DemoText', 'Hasonló Képek'), ('Jitter', 2300)])
97.0399 	EXP 	rec_instructions_4_text: autoDraw = False
97.0399 	EXP 	demo_main_image: pos = array([300.,   0.])
97.0399 	EXP 	demo_main_image: image = 'stimuli/fractals//181b.jpg'
97.0399 	EXP 	demo_image: pos = array([-300.,    0.])
97.0399 	EXP 	demo_image: image = 'stimuli/fractals//181c.jpg'
97.0399 	EXP 	demo_text: text = 'Hasonló Képek'
97.0399 	EXP 	demo_map: autoDraw = True
97.0399 	EXP 	demo_main_image: autoDraw = True
97.0399 	EXP 	demo_image: autoDraw = True
97.0399 	EXP 	demo_text: autoDraw = True
100.5070 	DATA 	Keypress: right
100.5102 	EXP 	New trial (rep=0, index=1): OrderedDict([('Task', 'Demo'), ('TrialType', 'OBJ'), ('StimType', 'LURE'), ('CurrentImage', 'stimuli/fractals//149a.jpg'), ('DemoImage', 'stimuli/fractals//149b.jpg'), ('CurrentX', 300.0), ('CurrentY', 0.0), ('DemoX', -300.0), ('DemoY', 0.0), ('InPractice', '-'), ('DemoText', 'Hasonló Képek'), ('Jitter', 1000)])
100.6470 	EXP 	demo_map: autoDraw = False
100.6470 	EXP 	demo_main_image: autoDraw = False
100.6470 	EXP 	demo_image: autoDraw = False
100.6470 	EXP 	demo_text: autoDraw = False
100.6470 	EXP 	demo_main_image: pos = array([300.,   0.])
100.6470 	EXP 	demo_main_image: image = 'stimuli/fractals//149a.jpg'
100.6470 	EXP 	demo_image: pos = array([-300.,    0.])
100.6470 	EXP 	demo_image: image = 'stimuli/fractals//149b.jpg'
100.6470 	EXP 	demo_text: text = 'Hasonló Képek'
100.6470 	EXP 	demo_map: autoDraw = True
100.6470 	EXP 	demo_main_image: autoDraw = True
100.6470 	EXP 	demo_image: autoDraw = True
100.6470 	EXP 	demo_text: autoDraw = True
101.0119 	DATA 	Keypress: right
101.5212 	DATA 	Keypress: right
102.3903 	DATA 	Keypress: right
103.6890 	DATA 	Keypress: right
103.6962 	EXP 	New trial (rep=0, index=2): OrderedDict([('Task', 'Demo'), ('TrialType', 'OBJ'), ('StimType', 'LURE'), ('CurrentImage', 'stimuli/fractals//177b.jpg'), ('DemoImage', 'stimuli/fractals//177c.jpg'), ('CurrentX', 300.0), ('CurrentY', 0.0), ('DemoX', -300.0), ('DemoY', 0.0), ('InPractice', '-'), ('DemoText', 'Hasonló Képek'), ('Jitter', 800)])
103.8430 	EXP 	demo_map: autoDraw = False
103.8430 	EXP 	demo_main_image: autoDraw = False
103.8430 	EXP 	demo_image: autoDraw = False
103.8430 	EXP 	demo_text: autoDraw = False
103.8430 	EXP 	demo_main_image: pos = array([300.,   0.])
103.8430 	EXP 	demo_main_image: image = 'stimuli/fractals//177b.jpg'
103.8430 	EXP 	demo_image: pos = array([-300.,    0.])
103.8430 	EXP 	demo_image: image = 'stimuli/fractals//177c.jpg'
103.8430 	EXP 	demo_text: text = 'Hasonló Képek'
103.8430 	EXP 	demo_map: autoDraw = True
103.8430 	EXP 	demo_main_image: autoDraw = True
103.8430 	EXP 	demo_image: autoDraw = True
103.8430 	EXP 	demo_text: autoDraw = True
104.3871 	DATA 	Keypress: right
104.7934 	DATA 	Keypress: right
105.1955 	DATA 	Keypress: right
105.5202 	DATA 	Keypress: right
105.9072 	DATA 	Keypress: right
105.9093 	EXP 	New trial (rep=0, index=3): OrderedDict([('Task', 'Demo'), ('TrialType', 'OBJ'), ('StimType', 'LURE'), ('CurrentImage', 'stimuli/fractals//167a.jpg'), ('DemoImage', 'stimuli/fractals//167b.jpg'), ('CurrentX', 300.0), ('CurrentY', 0.0), ('DemoX', -300.0), ('DemoY', 0.0), ('InPractice', 'OBJ-TARGET'), ('DemoText', 'Hasonló Képek'), ('Jitter', 1500)])
106.0410 	EXP 	demo_map: autoDraw = False
106.0410 	EXP 	demo_main_image: autoDraw = False
106.0410 	EXP 	demo_image: autoDraw = False
106.0410 	EXP 	demo_text: autoDraw = False
106.0410 	EXP 	demo_main_image: pos = array([300.,   0.])
106.0410 	EXP 	demo_main_image: image = 'stimuli/fractals//167a.jpg'
106.0410 	EXP 	demo_image: pos = array([-300.,    0.])
106.0410 	EXP 	demo_image: image = 'stimuli/fractals//167b.jpg'
106.0410 	EXP 	demo_text: text = 'Hasonló Képek'
106.0410 	EXP 	demo_map: autoDraw = True
106.0410 	EXP 	demo_main_image: autoDraw = True
106.0410 	EXP 	demo_image: autoDraw = True
106.0410 	EXP 	demo_text: autoDraw = True
106.4325 	DATA 	Keypress: right
106.9204 	DATA 	Keypress: right
107.5583 	DATA 	Keypress: right
108.6032 	DATA 	Keypress: right
108.6052 	EXP 	New trial (rep=0, index=4): OrderedDict([('Task', 'Demo'), ('TrialType', 'OBJ'), ('StimType', 'FOIL'), ('CurrentImage', 'stimuli/fractals//163a.jpg'), ('DemoImage', 'stimuli/fractals//173c.jpg'), ('CurrentX', 300.0), ('CurrentY', 0.0), ('DemoX', -300.0), ('DemoY', 0.0), ('InPractice', '-'), ('DemoText', 'Új Képek'), ('Jitter', 600)])
108.7406 	EXP 	demo_map: autoDraw = False
108.7406 	EXP 	demo_main_image: autoDraw = False
108.7406 	EXP 	demo_image: autoDraw = False
108.7406 	EXP 	demo_text: autoDraw = False
108.7406 	EXP 	demo_main_image: pos = array([300.,   0.])
108.7406 	EXP 	demo_main_image: image = 'stimuli/fractals//163a.jpg'
108.7406 	EXP 	demo_image: pos = array([-300.,    0.])
108.7406 	EXP 	demo_image: image = 'stimuli/fractals//173c.jpg'
108.7406 	EXP 	demo_text: text = 'Új Képek'
108.7406 	EXP 	demo_map: autoDraw = True
108.7406 	EXP 	demo_main_image: autoDraw = True
108.7406 	EXP 	demo_image: autoDraw = True
108.7406 	EXP 	demo_text: autoDraw = True
109.5154 	DATA 	Keypress: right
109.9323 	DATA 	Keypress: right
110.3240 	DATA 	Keypress: right
110.8019 	DATA 	Keypress: right
110.8039 	EXP 	New trial (rep=0, index=5): OrderedDict([('Task', 'Demo'), ('TrialType', 'LOC'), ('StimType', 'LURE'), ('CurrentImage', 'stimuli/fractals//166a.jpg'), ('DemoImage', 'stimuli/fractals//166a.jpg'), ('CurrentX', -300.0), ('CurrentY', 0.0), ('DemoX', -212.1320344), ('DemoY', -212.1320344), ('InPractice', 'LOC-TARGET, OBJ-LURE'), ('DemoText', 'Hasonló Helyek'), ('Jitter', 800)])
110.9429 	EXP 	demo_map: autoDraw = False
110.9429 	EXP 	demo_main_image: autoDraw = False
110.9429 	EXP 	demo_image: autoDraw = False
110.9429 	EXP 	demo_text: autoDraw = False
110.9429 	EXP 	demo_main_image: pos = array([-300.,    0.])
110.9429 	EXP 	demo_main_image: image = 'stimuli/fractals//166a.jpg'
110.9429 	EXP 	demo_image: pos = array([-212.1320344, -212.1320344])
110.9429 	EXP 	demo_image: image = 'stimuli/fractals//166a.jpg'
110.9429 	EXP 	demo_text: text = 'Hasonló Helyek'
110.9429 	EXP 	demo_map: autoDraw = True
110.9429 	EXP 	demo_main_image: autoDraw = True
110.9429 	EXP 	demo_image: autoDraw = True
110.9429 	EXP 	demo_text: autoDraw = True
111.7374 	DATA 	Keypress: right
112.8905 	DATA 	Keypress: right
114.1096 	DATA 	Keypress: right
114.1117 	EXP 	New trial (rep=0, index=6): OrderedDict([('Task', 'Demo'), ('TrialType', 'LOC'), ('StimType', 'LURE'), ('CurrentImage', 'stimuli/fractals//159a.jpg'), ('DemoImage', 'stimuli/fractals//159a.jpg'), ('CurrentX', 0.0), ('CurrentY', 300.0), ('DemoX', -212.1320344), ('DemoY', 212.1320344), ('InPractice', 'LOC-LURE'), ('DemoText', 'Hasonló Helyek'), ('Jitter', 1500)])
114.2556 	EXP 	demo_map: autoDraw = False
114.2556 	EXP 	demo_main_image: autoDraw = False
114.2556 	EXP 	demo_image: autoDraw = False
114.2556 	EXP 	demo_text: autoDraw = False
114.2556 	EXP 	demo_main_image: pos = array([  0., 300.])
114.2556 	EXP 	demo_main_image: image = 'stimuli/fractals//159a.jpg'
114.2556 	EXP 	demo_image: pos = array([-212.1320344,  212.1320344])
114.2556 	EXP 	demo_image: image = 'stimuli/fractals//159a.jpg'
114.2556 	EXP 	demo_text: text = 'Hasonló Helyek'
114.2556 	EXP 	demo_map: autoDraw = True
114.2556 	EXP 	demo_main_image: autoDraw = True
114.2556 	EXP 	demo_image: autoDraw = True
114.2556 	EXP 	demo_text: autoDraw = True
121.1940 	DATA 	Keypress: right
121.1996 	EXP 	New trial (rep=0, index=7): OrderedDict([('Task', 'Demo'), ('TrialType', 'LOC'), ('StimType', 'LURE'), ('CurrentImage', 'stimuli/fractals//148b.jpg'), ('DemoImage', 'stimuli/fractals//148b.jpg'), ('CurrentX', 212.1320344), ('CurrentY', 212.1320344), ('DemoX', 0.0), ('DemoY', 300.0), ('InPractice', 'LOC-FOIL'), ('DemoText', 'Hasonló Helyek'), ('Jitter', 800)])
121.3325 	EXP 	demo_map: autoDraw = False
121.3325 	EXP 	demo_main_image: autoDraw = False
121.3325 	EXP 	demo_image: autoDraw = False
121.3325 	EXP 	demo_text: autoDraw = False
121.3325 	EXP 	demo_main_image: pos = array([212.1320344, 212.1320344])
121.3325 	EXP 	demo_main_image: image = 'stimuli/fractals//148b.jpg'
121.3325 	EXP 	demo_image: pos = array([  0., 300.])
121.3325 	EXP 	demo_image: image = 'stimuli/fractals//148b.jpg'
121.3325 	EXP 	demo_text: text = 'Hasonló Helyek'
121.3325 	EXP 	demo_map: autoDraw = True
121.3325 	EXP 	demo_main_image: autoDraw = True
121.3325 	EXP 	demo_image: autoDraw = True
121.3325 	EXP 	demo_text: autoDraw = True
122.0021 	DATA 	Keypress: right
122.7082 	DATA 	Keypress: right
123.4214 	DATA 	Keypress: right
123.4234 	EXP 	New trial (rep=0, index=8): OrderedDict([('Task', 'Demo'), ('TrialType', 'LOC'), ('StimType', 'FOIL'), ('CurrentImage', 'stimuli/fractals//177b.jpg'), ('DemoImage', 'stimuli/fractals//177b.jpg'), ('CurrentX', 300.0), ('CurrentY', 0.0), ('DemoX', -212.1320344), ('DemoY', 212.1320344), ('InPractice', 'OBJ-LURE'), ('DemoText', 'Új Helyek'), ('Jitter', 800)])
123.5709 	EXP 	demo_map: autoDraw = False
123.5709 	EXP 	demo_main_image: autoDraw = False
123.5709 	EXP 	demo_image: autoDraw = False
123.5709 	EXP 	demo_text: autoDraw = False
123.5709 	EXP 	demo_main_image: pos = array([300.,   0.])
123.5709 	EXP 	demo_main_image: image = 'stimuli/fractals//177b.jpg'
123.5709 	EXP 	demo_image: pos = array([-212.1320344,  212.1320344])
123.5709 	EXP 	demo_image: image = 'stimuli/fractals//177b.jpg'
123.5709 	EXP 	demo_text: text = 'Új Helyek'
123.5709 	EXP 	demo_map: autoDraw = True
123.5709 	EXP 	demo_main_image: autoDraw = True
123.5709 	EXP 	demo_image: autoDraw = True
123.5709 	EXP 	demo_text: autoDraw = True
126.3852 	DATA 	Keypress: right
126.3872 	EXP 	New trial (rep=0, index=9): OrderedDict([('Task', 'Demo'), ('TrialType', 'LOC'), ('StimType', 'FOIL'), ('CurrentImage', 'stimuli/fractals//177b.jpg'), ('DemoImage', 'stimuli/fractals//177b.jpg'), ('CurrentX', 300.0), ('CurrentY', 0.0), ('DemoX', -300.0), ('DemoY', 0.0), ('InPractice', 'OBJ-LURE'), ('DemoText', 'Új Helyek'), ('Jitter', 1200)])
126.5401 	EXP 	demo_map: autoDraw = False
126.5401 	EXP 	demo_main_image: autoDraw = False
126.5401 	EXP 	demo_image: autoDraw = False
126.5401 	EXP 	demo_text: autoDraw = False
126.5401 	EXP 	demo_main_image: pos = array([300.,   0.])
126.5401 	EXP 	demo_main_image: image = 'stimuli/fractals//177b.jpg'
126.5401 	EXP 	demo_image: pos = array([-300.,    0.])
126.5401 	EXP 	demo_image: image = 'stimuli/fractals//177b.jpg'
126.5401 	EXP 	demo_text: text = 'Új Helyek'
126.5401 	EXP 	demo_map: autoDraw = True
126.5401 	EXP 	demo_main_image: autoDraw = True
126.5401 	EXP 	demo_image: autoDraw = True
126.5401 	EXP 	demo_text: autoDraw = True
127.5888 	DATA 	Keypress: right
130.0345 	DATA 	Keypress: right
130.0381 	EXP 	demo_map: autoDraw = False
130.0381 	EXP 	demo_main_image: autoDraw = False
130.0381 	EXP 	demo_image: autoDraw = False
130.0381 	EXP 	demo_text: autoDraw = False
130.0381 	EXP 	demo_end_text: autoDraw = True
135.1383 	DATA 	Keypress: right
135.1401 	EXP 	demo_end_text: autoDraw = False
135.1401 	EXP 	start_practice_text: autoDraw = True
136.1381 	EXP 	Created sequence: sequential, trialTypes=1, nReps=2, seed=None
136.1384 	EXP 	New trial (rep=0, index=0): None
136.1445 	EXP 	start_practice_text: autoDraw = False
136.1445 	EXP 	start_practice_text: autoDraw = False
136.1445 	EXP 	rec_practice_block_text: text = 'LOC'
136.1445 	EXP 	rec_practice_block_text: autoDraw = True
137.1517 	EXP 	Imported recognition_practice_trials.csv as conditions, 3 conditions, 10 params
137.1521 	EXP 	Created sequence: sequential, trialTypes=3, nReps=1, seed=None
137.1527 	EXP 	New trial (rep=0, index=0): OrderedDict([('Task', 'RecognitionPractice'), ('TrialIndex', 1), ('BlockNr', 1), ('TrialType', 'OBJ'), ('StimType', 'FOIL'), ('CurrentImage', 'stimuli/fractals/156b.jpg'), ('CurrentX', 212.1320344), ('CurrentY', 212.1320344), ('Jitter', 0.6), ('Filler', 0)])
137.2270 	EXP 	rec_practice_block_text: autoDraw = False
137.2270 	EXP 	rec_practice_block_text: autoDraw = False
137.2270 	EXP 	rec_fx_cross: pos = array([212.1320344, 212.1320344])
137.2270 	EXP 	rec_fx_map: autoDraw = True
137.2270 	EXP 	rec_fx_map: autoDraw = False
137.2270 	EXP 	rec_fx_cross: autoDraw = True
137.2270 	EXP 	rec_fx_cross: autoDraw = False
137.2270 	EXP 	rec_fx_map: autoDraw = False
137.2270 	EXP 	rec_fx_cross: autoDraw = False
137.2270 	EXP 	rec_trial_main_image: pos = array([212.1320344, 212.1320344])
137.2270 	EXP 	rec_trial_main_image: image = 'stimuli/fractals/156b.jpg'
137.2270 	EXP 	rec_trial_map: autoDraw = True
137.2270 	EXP 	rec_trial_main_image: autoDraw = True
140.1593 	EXP 	New trial (rep=0, index=1): OrderedDict([('Task', 'RecognitionPractice'), ('TrialIndex', 1), ('BlockNr', 1), ('TrialType', 'OBJ'), ('StimType', 'LURE'), ('CurrentImage', 'stimuli/fractals/166c.jpg'), ('CurrentX', -300.0), ('CurrentY', 0.0), ('Jitter', 0.6), ('Filler', 0)])
140.2313 	EXP 	rec_trial_map: autoDraw = False
140.2313 	EXP 	rec_trial_main_image: autoDraw = False
140.2313 	EXP 	rec_fx_cross: pos = array([-300.,    0.])
140.2313 	EXP 	rec_fx_map: autoDraw = True
140.2313 	EXP 	rec_fx_map: autoDraw = False
140.2313 	EXP 	rec_fx_cross: autoDraw = True
140.2313 	EXP 	rec_fx_cross: autoDraw = False
140.2313 	EXP 	rec_fx_map: autoDraw = False
140.2313 	EXP 	rec_fx_cross: autoDraw = False
140.2313 	EXP 	rec_trial_main_image: pos = array([-300.,    0.])
140.2313 	EXP 	rec_trial_main_image: image = 'stimuli/fractals/166c.jpg'
140.2313 	EXP 	rec_trial_map: autoDraw = True
140.2313 	EXP 	rec_trial_main_image: autoDraw = True
143.1638 	EXP 	New trial (rep=0, index=2): OrderedDict([('Task', 'RecognitionPractice'), ('TrialIndex', 2), ('BlockNr', 1), ('TrialType', 'OBJ'), ('StimType', 'TARGET'), ('CurrentImage', 'stimuli/fractals/167a.jpg'), ('CurrentX', 0.0), ('CurrentY', 300.0), ('Jitter', 2.0), ('Filler', 0)])
143.1696 	EXP 	rec_trial_map: autoDraw = False
143.1696 	EXP 	rec_trial_main_image: autoDraw = False
143.1696 	EXP 	rec_fx_cross: pos = array([  0., 300.])
143.1696 	EXP 	rec_fx_map: autoDraw = True
143.1696 	EXP 	rec_fx_cross: autoDraw = True
143.2407 	EXP 	rec_fx_map: autoDraw = False
143.2407 	EXP 	rec_fx_cross: autoDraw = False
143.2407 	EXP 	rec_fx_map: autoDraw = False
143.2407 	EXP 	rec_fx_cross: autoDraw = False
143.2407 	EXP 	rec_trial_main_image: pos = array([  0., 300.])
143.2407 	EXP 	rec_trial_main_image: image = 'stimuli/fractals/167a.jpg'
143.2407 	EXP 	rec_trial_map: autoDraw = True
143.2407 	EXP 	rec_trial_main_image: autoDraw = True
146.1744 	EXP 	New trial (rep=1, index=0): None
146.1794 	EXP 	rec_trial_map: autoDraw = False
146.1794 	EXP 	rec_trial_main_image: autoDraw = False
146.1794 	EXP 	rec_practice_block_text: text = 'OBJ'
146.1794 	EXP 	rec_practice_block_text: autoDraw = True
147.1807 	EXP 	Imported recognition_practice_trials.csv as conditions, 3 conditions, 10 params
147.1811 	EXP 	Created sequence: sequential, trialTypes=3, nReps=1, seed=None
147.1817 	EXP 	New trial (rep=0, index=0): OrderedDict([('Task', 'RecognitionPractice'), ('TrialIndex', 4), ('BlockNr', 2), ('TrialType', 'LOC'), ('StimType', 'LURE'), ('CurrentImage', 'stimuli/fractals/159a.jpg'), ('CurrentX', 212.1320344), ('CurrentY', 212.1320344), ('Jitter', 1.0), ('Filler', 0)])
147.1864 	EXP 	rec_practice_block_text: autoDraw = False
147.1864 	EXP 	rec_fx_cross: pos = array([212.1320344, 212.1320344])
147.1864 	EXP 	rec_fx_map: autoDraw = True
147.1864 	EXP 	rec_fx_cross: autoDraw = True
147.2631 	EXP 	rec_fx_map: autoDraw = False
147.2631 	EXP 	rec_fx_cross: autoDraw = False
147.2631 	EXP 	rec_fx_map: autoDraw = False
147.2631 	EXP 	rec_fx_cross: autoDraw = False
147.2631 	EXP 	rec_trial_main_image: pos = array([212.1320344, 212.1320344])
147.2631 	EXP 	rec_trial_main_image: image = 'stimuli/fractals/159a.jpg'
147.2631 	EXP 	rec_trial_map: autoDraw = True
147.2631 	EXP 	rec_trial_main_image: autoDraw = True
150.1937 	EXP 	New trial (rep=0, index=1): OrderedDict([('Task', 'RecognitionPractice'), ('TrialIndex', 5), ('BlockNr', 2), ('TrialType', 'LOC'), ('StimType', 'FOIL'), ('CurrentImage', 'stimuli/fractals/148b.jpg'), ('CurrentX', -212.1320344), ('CurrentY', -212.1320344), ('Jitter', 1.5), ('Filler', 0)])
150.1985 	EXP 	rec_trial_map: autoDraw = False
150.1985 	EXP 	rec_trial_main_image: autoDraw = False
150.1985 	EXP 	rec_fx_cross: pos = array([-212.1320344, -212.1320344])
150.1985 	EXP 	rec_fx_map: autoDraw = True
150.1985 	EXP 	rec_fx_cross: autoDraw = True
150.2686 	EXP 	rec_fx_map: autoDraw = False
150.2686 	EXP 	rec_fx_cross: autoDraw = False
150.2686 	EXP 	rec_fx_map: autoDraw = False
150.2686 	EXP 	rec_fx_cross: autoDraw = False
150.2686 	EXP 	rec_trial_main_image: pos = array([-212.1320344, -212.1320344])
150.2686 	EXP 	rec_trial_main_image: image = 'stimuli/fractals/148b.jpg'
150.2686 	EXP 	rec_trial_map: autoDraw = True
150.2686 	EXP 	rec_trial_main_image: autoDraw = True
153.2041 	EXP 	New trial (rep=0, index=2): OrderedDict([('Task', 'RecognitionPractice'), ('TrialIndex', 6), ('BlockNr', 2), ('TrialType', 'LOC'), ('StimType', 'TARGET'), ('CurrentImage', 'stimuli/fractals/166a.jpg'), ('CurrentX', -300.0), ('CurrentY', 0.0), ('Jitter', 1.0), ('Filler', 0)])
153.2094 	EXP 	rec_trial_map: autoDraw = False
153.2094 	EXP 	rec_trial_main_image: autoDraw = False
153.2094 	EXP 	rec_fx_cross: pos = array([-300.,    0.])
153.2094 	EXP 	rec_fx_map: autoDraw = True
153.2094 	EXP 	rec_fx_cross: autoDraw = True
153.2807 	EXP 	rec_fx_map: autoDraw = False
153.2807 	EXP 	rec_fx_cross: autoDraw = False
153.2807 	EXP 	rec_fx_map: autoDraw = False
153.2807 	EXP 	rec_fx_cross: autoDraw = False
153.2807 	EXP 	rec_trial_main_image: pos = array([-300.,    0.])
153.2807 	EXP 	rec_trial_main_image: image = 'stimuli/fractals/166a.jpg'
153.2807 	EXP 	rec_trial_map: autoDraw = True
153.2807 	EXP 	rec_trial_main_image: autoDraw = True
156.2146 	EXP 	rec_trial_map: autoDraw = False
156.2146 	EXP 	rec_trial_main_image: autoDraw = False
156.2146 	EXP 	end_practice_text: autoDraw = True
319.3525 	DATA 	Mouse: Left button down, pos=(1481,640)
319.4318 	DATA 	Mouse:  Left button up, pos=(1481,640)
319.7910 	DATA 	Keypress: right
319.7917 	EXP 	Created sequence: sequential, trialTypes=1, nReps=3, seed=None
319.7920 	EXP 	New trial (rep=0, index=0): None
319.7939 	EXP 	end_practice_text: autoDraw = False
319.7939 	EXP 	start_rec_run_text: autoDraw = True
320.7922 	EXP 	Created sequence: sequential, trialTypes=1, nReps=2, seed=None
320.7925 	EXP 	New trial (rep=0, index=0): None
320.7965 	EXP 	start_rec_run_text: autoDraw = False
320.7965 	EXP 	start_rec_run_text: autoDraw = False
320.7965 	EXP 	start_rec_block_text: text = 'LOC'
320.7965 	EXP 	start_rec_block_text: autoDraw = True
321.3541 	DATA 	Keypress: escape
321.3674 	EXP 	window1: mouseVisible = True
