0.3999 	WARNING 	We strongly recommend you activate the PTB sound engine in PsychoPy prefs as the preferred audio engine. Its timing is vastly superior. Your prefs are currently set to use ['sounddevice', 'PTB', 'pyo', 'pygame'] (in that order).
0.9759 	WARNING 	Import Error: No module named 'psychtoolbox'. Using event module for keyboard component.
5.6693 	WARNING 	Monitor specification not found. Creating a temporary one...
6.0423 	EXP 	Created window1 = Window(allowGUI=False, allowStencil=False, args=UNKNOWN, autoLog=True, bitsMode=UNKNOWN, blendMode='avg', bpc=(8, 8, 8), color=array([0.804, 0.804, 0.961]), colorSpace='rgb', depthBits=8, fullscr=<method-wrapper '__getattribute__' of attributeSetter object at 0x7f78c3fcee48>, gamma=None, gammaErrorPolicy='raise', kwargs=UNKNOWN, lms=UNKNOWN, monitor=<psychopy.monitors.calibTools.Monitor object at 0x7f78c3f960b8>, multiSample=False, name='window1', numSamples=2, pos=[0.0, 0.0], screen=0, size=array([1920, 1080]), stencilBits=0, stereo=False, units='height', useFBO=True, useRetina=False, viewOri=0.0, viewPos=None, viewScale=None, waitBlanking=True, winType='pyglet')
6.0424 	EXP 	window1: recordFrameIntervals = False
6.0516 	EXP 	window1: recordFrameIntervals = True
6.0632 	EXP 	window1: recordFrameIntervals = False
6.1187 	EXP 	Created lab_thanks = TextStim(__class__=<class 'psychopy.visual.text.TextStim'>, alignHoriz=method-wrapper(...), alignText='center', alignVert=method-wrapper(...), anchorHoriz='center', anchorVert='center', antialias=True, autoLog=True, bold=False, color='black', colorSpace='named', contrast=1.0, depth=0.0, flipHoriz=False, flipVert=False, font='Arial', fontFiles=[], height=0.05, italic=False, languageStyle='LTR', name='lab_thanks', opacity=1.0, ori=0, pos=array([0., 0.]), rgb=array([0., 0., 0.]), text=str(...), units='height', win=Window(...), wrapWidth=1)
6.1267 	EXP 	Created start_encoding_text = TextStim(__class__=<class 'psychopy.visual.text.TextStim'>, alignHoriz=method-wrapper(...), alignText='center', alignVert=method-wrapper(...), anchorHoriz='center', anchorVert='center', antialias=True, autoLog=True, bold=False, color='black', colorSpace='named', contrast=1.0, depth=0.0, flipHoriz=False, flipVert=False, font='Arial', fontFiles=[], height=0.1, italic=False, languageStyle='LTR', name='start_encoding_text', opacity=1.0, ori=0, pos=array([0., 0.]), rgb=array([0., 0., 0.]), text='default text', units='height', win=Window(...), wrapWidth=1)
6.1523 	EXP 	Created enc_instructions_1_text = TextStim(__class__=<class 'psychopy.visual.text.TextStim'>, alignHoriz=method-wrapper(...), alignText='center', alignVert=method-wrapper(...), anchorHoriz='center', anchorVert='center', antialias=True, autoLog=True, bold=False, color='black', colorSpace='named', contrast=1.0, depth=0.0, flipHoriz=False, flipVert=False, font='Arial', fontFiles=[], height=0.04, italic=False, languageStyle='LTR', name='enc_instructions_1_text', opacity=1.0, ori=0, pos=array([-0.4,  0. ]), rgb=array([0., 0., 0.]), text=str(...), units='height', win=Window(...), wrapWidth=0.9)
6.2053 	EXP 	Created enc_instructions_1_image = ImageStim(__class__=<class 'psychopy.visual.image.ImageStim'>, autoLog=True, color=array([1., 1., 1.]), colorSpace='rgb', contrast=1.0, depth=-1.0, flipHoriz=False, flipVert=False, image='stimuli/GalleryBuildingFromOutside.jpg', interpolate=True, mask=None, maskParams=None, name='enc_instructions_1_image', opacity=1.0, ori=0.0, pos=array([450.,   0.]), size=array([600., 450.]), texRes=128, units='pix', win=Window(...))
6.2191 	EXP 	Created enc_instructions_2_text = TextStim(__class__=<class 'psychopy.visual.text.TextStim'>, alignHoriz=method-wrapper(...), alignText='center', alignVert=method-wrapper(...), anchorHoriz='center', anchorVert='center', antialias=True, autoLog=True, bold=False, color='black', colorSpace='named', contrast=1.0, depth=0.0, flipHoriz=False, flipVert=False, font='Arial', fontFiles=[], height=0.04, italic=False, languageStyle='LTR', name='enc_instructions_2_text', opacity=1.0, ori=0, pos=array([-0.5,  0. ]), rgb=array([0., 0., 0.]), text=str(...), units='height', win=Window(...), wrapWidth=0.7)
6.2459 	EXP 	Created enc_instructions_2_image = ImageStim(__class__=<class 'psychopy.visual.image.ImageStim'>, autoLog=True, color=array([1., 1., 1.]), colorSpace='rgb', contrast=1.0, depth=-1.0, flipHoriz=False, flipVert=False, image='stimuli/GalleryInfo.jpg', interpolate=True, mask=None, maskParams=None, name='enc_instructions_2_image', opacity=1.0, ori=0.0, pos=array([425.,   0.]), size=array([1000.,  750.]), texRes=128, units='pix', win=Window(...))
6.2607 	EXP 	Created enc_instructions_3_text = TextStim(__class__=<class 'psychopy.visual.text.TextStim'>, alignHoriz=method-wrapper(...), alignText='center', alignVert=method-wrapper(...), anchorHoriz='center', anchorVert='center', antialias=True, autoLog=True, bold=False, color='black', colorSpace='named', contrast=1.0, depth=0.0, flipHoriz=False, flipVert=False, font='Arial', fontFiles=[], height=0.05, italic=False, languageStyle='LTR', name='enc_instructions_3_text', opacity=1.0, ori=0, pos=array([0., 0.]), rgb=array([0., 0., 0.]), text=str(...), units='height', win=Window(...), wrapWidth=1)
6.2688 	EXP 	Created start_practice_text = TextStim(__class__=<class 'psychopy.visual.text.TextStim'>, alignHoriz=method-wrapper(...), alignText='center', alignVert=method-wrapper(...), anchorHoriz='center', anchorVert='center', antialias=True, autoLog=True, bold=False, color='black', colorSpace='named', contrast=1.0, depth=0.0, flipHoriz=False, flipVert=False, font='Arial', fontFiles=[], height=0.1, italic=False, languageStyle='LTR', name='start_practice_text', opacity=1.0, ori=0, pos=array([0., 0.]), rgb=array([0., 0., 0.]), text='Kezdődik a gyakorlás...', units='height', win=Window(...), wrapWidth=1)
6.2843 	EXP 	Created enc_fx_map = ImageStim(__class__=<class 'psychopy.visual.image.ImageStim'>, autoLog=True, color=array([1., 1., 1.]), colorSpace='rgb', contrast=1.0, depth=0.0, flipHoriz=False, flipVert=False, image='stimuli/GalleryPlanInside.jpg', interpolate=True, mask=None, maskParams=None, name='enc_fx_map', opacity=1.0, ori=0.0, pos=array([  0., -25.]), size=array([1040., 1000.]), texRes=128, units='pix', win=Window(...))
6.2904 	EXP 	Created enc_fx_cross = TextStim(__class__=<class 'psychopy.visual.text.TextStim'>, alignHoriz=method-wrapper(...), alignText='center', alignVert=method-wrapper(...), anchorHoriz='center', anchorVert='center', antialias=True, autoLog=True, bold=False, color='black', colorSpace='named', contrast=1.0, depth=-1.0, flipHoriz=False, flipVert=False, font='Arial', fontFiles=[], height=50, italic=False, languageStyle='LTR', name='enc_fx_cross', opacity=1.0, ori=0, pos=array([0., 0.]), rgb=array([0., 0., 0.]), text='+', units='pix', win=Window(...), wrapWidth=500)
6.3055 	EXP 	Created enc_trial_map = ImageStim(__class__=<class 'psychopy.visual.image.ImageStim'>, autoLog=True, color=array([1., 1., 1.]), colorSpace='rgb', contrast=1.0, depth=0.0, flipHoriz=False, flipVert=False, image='stimuli/GalleryPlanInside.jpg', interpolate=True, mask=None, maskParams=None, name='enc_trial_map', opacity=1.0, ori=0.0, pos=array([  0., -25.]), size=array([1040., 1000.]), texRes=128, units='pix', win=Window(...))
6.3070 	EXP 	Created enc_trial_main_image = ImageStim(__class__=<class 'psychopy.visual.image.ImageStim'>, autoLog=True, color=array([1., 1., 1.]), colorSpace='rgb', contrast=1.0, depth=-1.0, flipHoriz=False, flipVert=False, image='sin', interpolate=True, mask=None, maskParams=None, name='enc_trial_main_image', opacity=1.0, ori=0.0, pos=array([0., 0.]), size=array([300., 300.]), texRes=128, units='pix', win=Window(...))
6.3225 	EXP 	Created enc_practice_feedback_map = ImageStim(__class__=<class 'psychopy.visual.image.ImageStim'>, autoLog=True, color=array([1., 1., 1.]), colorSpace='rgb', contrast=1.0, depth=-1.0, flipHoriz=False, flipVert=False, image='stimuli/GalleryPlanInside.jpg', interpolate=True, mask=None, maskParams=None, name='enc_practice_feedback_map', opacity=1.0, ori=0.0, pos=array([  0., -25.]), size=array([1040., 1000.]), texRes=128, units='pix', win=Window(...))
6.3238 	EXP 	Created enc_practice_feedback_image = ImageStim(__class__=<class 'psychopy.visual.image.ImageStim'>, autoLog=True, color=array([1., 1., 1.]), colorSpace='rgb', contrast=1.0, depth=-2.0, flipHoriz=False, flipVert=False, image='sin', interpolate=True, mask=None, maskParams=None, name='enc_practice_feedback_image', opacity=1.0, ori=0.0, pos=array([0., 0.]), size=array([300., 300.]), texRes=128, units='pix', win=Window(...))
6.3282 	EXP 	Created enc_practice_feedback_text = TextStim(__class__=<class 'psychopy.visual.text.TextStim'>, alignHoriz=method-wrapper(...), alignText='center', alignVert=method-wrapper(...), anchorHoriz='center', anchorVert='center', antialias=True, autoLog=True, bold=False, color='black', colorSpace='named', contrast=1.0, depth=-3.0, flipHoriz=False, flipVert=False, font='Arial', fontFiles=[], height=0.05, italic=False, languageStyle='LTR', name='enc_practice_feedback_text', opacity=1.0, ori=0, pos=array([0., 0.]), rgb=array([0., 0., 0.]), text='default text', units='height', win=Window(...), wrapWidth=1)
6.3437 	EXP 	Created end_practice_text = TextStim(__class__=<class 'psychopy.visual.text.TextStim'>, alignHoriz=method-wrapper(...), alignText='center', alignVert=method-wrapper(...), anchorHoriz='center', anchorVert='center', antialias=True, autoLog=True, bold=False, color='black', colorSpace='named', contrast=1.0, depth=0.0, flipHoriz=False, flipVert=False, font='Arial', fontFiles=[], height=0.05, italic=False, languageStyle='LTR', name='end_practice_text', opacity=1.0, ori=0, pos=array([0., 0.]), rgb=array([0., 0., 0.]), text=str(...), units='height', win=Window(...), wrapWidth=0.8)
6.3480 	EXP 	Created start_enc_run_text = TextStim(__class__=<class 'psychopy.visual.text.TextStim'>, alignHoriz=method-wrapper(...), alignText='center', alignVert=method-wrapper(...), anchorHoriz='center', anchorVert='center', antialias=True, autoLog=True, bold=False, color='black', colorSpace='named', contrast=1.0, depth=-2.0, flipHoriz=False, flipVert=False, font='Arial', fontFiles=[], height=0.1, italic=False, languageStyle='LTR', name='start_enc_run_text', opacity=1.0, ori=0, pos=array([0., 0.]), rgb=array([0., 0., 0.]), text='Kezdődik a feladat...', units='height', win=Window(...), wrapWidth=1)
6.3652 	EXP 	Created enc_fx_map = ImageStim(__class__=<class 'psychopy.visual.image.ImageStim'>, autoLog=True, color=array([1., 1., 1.]), colorSpace='rgb', contrast=1.0, depth=0.0, flipHoriz=False, flipVert=False, image='stimuli/GalleryPlanInside.jpg', interpolate=True, mask=None, maskParams=None, name='enc_fx_map', opacity=1.0, ori=0.0, pos=array([  0., -25.]), size=array([1040., 1000.]), texRes=128, units='pix', win=Window(...))
6.3665 	EXP 	Created enc_fx_cross = TextStim(__class__=<class 'psychopy.visual.text.TextStim'>, alignHoriz=method-wrapper(...), alignText='center', alignVert=method-wrapper(...), anchorHoriz='center', anchorVert='center', antialias=True, autoLog=True, bold=False, color='black', colorSpace='named', contrast=1.0, depth=-1.0, flipHoriz=False, flipVert=False, font='Arial', fontFiles=[], height=50, italic=False, languageStyle='LTR', name='enc_fx_cross', opacity=1.0, ori=0, pos=array([0., 0.]), rgb=array([0., 0., 0.]), text='+', units='pix', win=Window(...), wrapWidth=500)
6.3817 	EXP 	Created enc_trial_map = ImageStim(__class__=<class 'psychopy.visual.image.ImageStim'>, autoLog=True, color=array([1., 1., 1.]), colorSpace='rgb', contrast=1.0, depth=0.0, flipHoriz=False, flipVert=False, image='stimuli/GalleryPlanInside.jpg', interpolate=True, mask=None, maskParams=None, name='enc_trial_map', opacity=1.0, ori=0.0, pos=array([  0., -25.]), size=array([1040., 1000.]), texRes=128, units='pix', win=Window(...))
6.3832 	EXP 	Created enc_trial_main_image = ImageStim(__class__=<class 'psychopy.visual.image.ImageStim'>, autoLog=True, color=array([1., 1., 1.]), colorSpace='rgb', contrast=1.0, depth=-1.0, flipHoriz=False, flipVert=False, image='sin', interpolate=True, mask=None, maskParams=None, name='enc_trial_main_image', opacity=1.0, ori=0.0, pos=array([0., 0.]), size=array([300., 300.]), texRes=128, units='pix', win=Window(...))
6.3913 	EXP 	Created end_enc_run_text = TextStim(__class__=<class 'psychopy.visual.text.TextStim'>, alignHoriz=method-wrapper(...), alignText='center', alignVert=method-wrapper(...), anchorHoriz='center', anchorVert='center', antialias=True, autoLog=True, bold=False, color='black', colorSpace='named', contrast=1.0, depth=0.0, flipHoriz=False, flipVert=False, font='Arial', fontFiles=[], height=0.06, italic=False, languageStyle='LTR', name='end_enc_run_text', opacity=1.0, ori=0, pos=array([0., 0.]), rgb=array([0., 0., 0.]), text='default text', units='height', win=Window(...), wrapWidth=1)
6.3992 	EXP 	Created start_recognition_text = TextStim(__class__=<class 'psychopy.visual.text.TextStim'>, alignHoriz=method-wrapper(...), alignText='center', alignVert=method-wrapper(...), anchorHoriz='center', anchorVert='center', antialias=True, autoLog=True, bold=False, color='black', colorSpace='named', contrast=1.0, depth=-2.0, flipHoriz=False, flipVert=False, font='Arial', fontFiles=[], height=0.1, italic=False, languageStyle='LTR', name='start_recognition_text', opacity=1.0, ori=0, pos=array([0., 0.]), rgb=array([0., 0., 0.]), text='Második feladat\nKépfelismerés', units='height', win=Window(...), wrapWidth=1)
6.4156 	EXP 	Created rec_instructions_1_text = TextStim(__class__=<class 'psychopy.visual.text.TextStim'>, alignHoriz=method-wrapper(...), alignText='center', alignVert=method-wrapper(...), anchorHoriz='center', anchorVert='center', antialias=True, autoLog=True, bold=False, color='black', colorSpace='named', contrast=1.0, depth=0.0, flipHoriz=False, flipVert=False, font='Arial', fontFiles=[], height=0.05, italic=False, languageStyle='LTR', name='rec_instructions_1_text', opacity=1.0, ori=0, pos=array([0., 0.]), rgb=array([0., 0., 0.]), text=str(...), units='height', win=Window(...), wrapWidth=1)
6.4435 	EXP 	Created rec_instructions2_text = TextStim(__class__=<class 'psychopy.visual.text.TextStim'>, alignHoriz=method-wrapper(...), alignText='center', alignVert=method-wrapper(...), anchorHoriz='center', anchorVert='center', antialias=True, autoLog=True, bold=False, color='black', colorSpace='named', contrast=1.0, depth=0.0, flipHoriz=False, flipVert=False, font='Arial', fontFiles=[], height=0.03, italic=False, languageStyle='LTR', name='rec_instructions2_text', opacity=1.0, ori=0, pos=array([0., 0.]), rgb=array([0., 0., 0.]), text=str(...), units='height', win=Window(...), wrapWidth=1)
6.4680 	EXP 	Created rec_instrauction_3_text = TextStim(__class__=<class 'psychopy.visual.text.TextStim'>, alignHoriz=method-wrapper(...), alignText='center', alignVert=method-wrapper(...), anchorHoriz='center', anchorVert='center', antialias=True, autoLog=True, bold=False, color='black', colorSpace='named', contrast=1.0, depth=0.0, flipHoriz=False, flipVert=False, font='Arial', fontFiles=[], height=0.03, italic=False, languageStyle='LTR', name='rec_instrauction_3_text', opacity=1.0, ori=0, pos=array([0., 0.]), rgb=array([0., 0., 0.]), text=str(...), units='height', win=Window(...), wrapWidth=1)
6.4733 	EXP 	Created rec_instructions_4_text = TextStim(__class__=<class 'psychopy.visual.text.TextStim'>, alignHoriz=method-wrapper(...), alignText='center', alignVert=method-wrapper(...), anchorHoriz='center', anchorVert='center', antialias=True, autoLog=True, bold=False, color='black', colorSpace='named', contrast=1.0, depth=0.0, flipHoriz=False, flipVert=False, font='Arial', fontFiles=[], height=0.05, italic=False, languageStyle='LTR', name='rec_instructions_4_text', opacity=1.0, ori=0, pos=array([0., 0.]), rgb=array([0., 0., 0.]), text=str(...), units='height', win=Window(...), wrapWidth=1)
6.4901 	EXP 	Created demo_map = ImageStim(__class__=<class 'psychopy.visual.image.ImageStim'>, autoLog=True, color=array([1., 1., 1.]), colorSpace='rgb', contrast=1.0, depth=0.0, flipHoriz=False, flipVert=False, image='stimuli/GalleryPlanInside.jpg', interpolate=True, mask=None, maskParams=None, name='demo_map', opacity=1.0, ori=0.0, pos=array([  0., -25.]), size=array([1040., 1000.]), texRes=128, units='pix', win=Window(...))
6.4914 	EXP 	Created demo_main_image = ImageStim(__class__=<class 'psychopy.visual.image.ImageStim'>, autoLog=True, color=array([1., 1., 1.]), colorSpace='rgb', contrast=1.0, depth=-1.0, flipHoriz=False, flipVert=False, image='sin', interpolate=True, mask=None, maskParams=None, name='demo_main_image', opacity=1.0, ori=0.0, pos=array([0., 0.]), size=array([300., 300.]), texRes=128, units='pix', win=Window(...))
6.4927 	EXP 	Created demo_image = ImageStim(__class__=<class 'psychopy.visual.image.ImageStim'>, autoLog=True, color=array([1., 1., 1.]), colorSpace='rgb', contrast=1.0, depth=-2.0, flipHoriz=False, flipVert=False, image='sin', interpolate=True, mask=None, maskParams=None, name='demo_image', opacity=1.0, ori=0.0, pos=array([0., 0.]), size=array([300., 300.]), texRes=128, units='pix', win=Window(...))
6.4950 	EXP 	Created demo_text = TextStim(__class__=<class 'psychopy.visual.text.TextStim'>, alignHoriz=method-wrapper(...), alignText='center', alignVert=method-wrapper(...), anchorHoriz='center', anchorVert='center', antialias=True, autoLog=True, bold=False, color='black', colorSpace='named', contrast=1.0, depth=-3.0, flipHoriz=False, flipVert=False, font='Arial', fontFiles=[], height=0.05, italic=False, languageStyle='LTR', name='demo_text', opacity=1.0, ori=0, pos=array([0.  , 0.45]), rgb=array([0., 0., 0.]), text='default text', units='height', win=Window(...), wrapWidth=1)
6.4995 	EXP 	Created demo_end_text = TextStim(__class__=<class 'psychopy.visual.text.TextStim'>, alignHoriz=method-wrapper(...), alignText='center', alignVert=method-wrapper(...), anchorHoriz='center', anchorVert='center', antialias=True, autoLog=True, bold=False, color='black', colorSpace='named', contrast=1.0, depth=0.0, flipHoriz=False, flipVert=False, font='Arial', fontFiles=[], height=0.05, italic=False, languageStyle='LTR', name='demo_end_text', opacity=1.0, ori=0, pos=array([0., 0.]), rgb=array([0., 0., 0.]), text=str(...), units='height', win=Window(...), wrapWidth=1)
6.5038 	EXP 	Created start_practice_text = TextStim(__class__=<class 'psychopy.visual.text.TextStim'>, alignHoriz=method-wrapper(...), alignText='center', alignVert=method-wrapper(...), anchorHoriz='center', anchorVert='center', antialias=True, autoLog=True, bold=False, color='black', colorSpace='named', contrast=1.0, depth=0.0, flipHoriz=False, flipVert=False, font='Arial', fontFiles=[], height=0.1, italic=False, languageStyle='LTR', name='start_practice_text', opacity=1.0, ori=0, pos=array([0., 0.]), rgb=array([0., 0., 0.]), text='Kezdődik a gyakorlás...', units='height', win=Window(...), wrapWidth=1)
6.5067 	EXP 	Created rec_practice_block_text = TextStim(__class__=<class 'psychopy.visual.text.TextStim'>, alignHoriz=method-wrapper(...), alignText='center', alignVert=method-wrapper(...), anchorHoriz='center', anchorVert='center', antialias=True, autoLog=True, bold=False, color='black', colorSpace='named', contrast=1.0, depth=-1.0, flipHoriz=False, flipVert=False, font='Arial', fontFiles=[], height=0.1, italic=False, languageStyle='LTR', name='rec_practice_block_text', opacity=1.0, ori=0, pos=array([0., 0.]), rgb=array([0., 0., 0.]), text='default text', units='height', win=Window(...), wrapWidth=1)
6.5218 	EXP 	Created rec_fx_map = ImageStim(__class__=<class 'psychopy.visual.image.ImageStim'>, autoLog=True, color=array([1., 1., 1.]), colorSpace='rgb', contrast=1.0, depth=0.0, flipHoriz=False, flipVert=False, image='stimuli/GalleryPlanInside.jpg', interpolate=True, mask=None, maskParams=None, name='rec_fx_map', opacity=1.0, ori=0.0, pos=array([  0., -25.]), size=array([1040., 1000.]), texRes=128, units='pix', win=Window(...))
6.5240 	EXP 	Created rec_fx_cross = TextStim(__class__=<class 'psychopy.visual.text.TextStim'>, alignHoriz=method-wrapper(...), alignText='center', alignVert=method-wrapper(...), anchorHoriz='center', anchorVert='center', antialias=True, autoLog=True, bold=False, color='black', colorSpace='named', contrast=1.0, depth=-1.0, flipHoriz=False, flipVert=False, font='Arial', fontFiles=[], height=50, italic=False, languageStyle='LTR', name='rec_fx_cross', opacity=1.0, ori=0, pos=array([0., 0.]), rgb=array([0., 0., 0.]), text='+', units='pix', win=Window(...), wrapWidth=500)
6.5393 	EXP 	Created rec_trial_map = ImageStim(__class__=<class 'psychopy.visual.image.ImageStim'>, autoLog=True, color=array([1., 1., 1.]), colorSpace='rgb', contrast=1.0, depth=0.0, flipHoriz=False, flipVert=False, image='stimuli/GalleryPlanInside.jpg', interpolate=True, mask=None, maskParams=None, name='rec_trial_map', opacity=1.0, ori=0.0, pos=array([  0., -25.]), size=array([1040., 1000.]), texRes=128, units='pix', win=Window(...))
6.5407 	EXP 	Created rec_trial_main_image = ImageStim(__class__=<class 'psychopy.visual.image.ImageStim'>, autoLog=True, color=array([1., 1., 1.]), colorSpace='rgb', contrast=1.0, depth=-1.0, flipHoriz=False, flipVert=False, image='sin', interpolate=True, mask=None, maskParams=None, name='rec_trial_main_image', opacity=1.0, ori=0.0, pos=array([0., 0.]), size=array([300., 300.]), texRes=128, units='pix', win=Window(...))
6.5543 	EXP 	Created end_practice_text = TextStim(__class__=<class 'psychopy.visual.text.TextStim'>, alignHoriz=method-wrapper(...), alignText='center', alignVert=method-wrapper(...), anchorHoriz='center', anchorVert='center', antialias=True, autoLog=True, bold=False, color='black', colorSpace='named', contrast=1.0, depth=0.0, flipHoriz=False, flipVert=False, font='Arial', fontFiles=[], height=0.05, italic=False, languageStyle='LTR', name='end_practice_text', opacity=1.0, ori=0, pos=array([0., 0.]), rgb=array([0., 0., 0.]), text=str(...), units='height', win=Window(...), wrapWidth=0.8)
6.5568 	EXP 	Created start_rec_run_text = TextStim(__class__=<class 'psychopy.visual.text.TextStim'>, alignHoriz=method-wrapper(...), alignText='center', alignVert=method-wrapper(...), anchorHoriz='center', anchorVert='center', antialias=True, autoLog=True, bold=False, color='black', colorSpace='named', contrast=1.0, depth=-1.0, flipHoriz=False, flipVert=False, font='Arial', fontFiles=[], height=0.1, italic=False, languageStyle='LTR', name='start_rec_run_text', opacity=1.0, ori=0, pos=array([0., 0.]), rgb=array([0., 0., 0.]), text='Kezdődik a feladat...', units='height', win=Window(...), wrapWidth=1)
6.5591 	EXP 	Created start_rec_block_text = TextStim(__class__=<class 'psychopy.visual.text.TextStim'>, alignHoriz=method-wrapper(...), alignText='center', alignVert=method-wrapper(...), anchorHoriz='center', anchorVert='center', antialias=True, autoLog=True, bold=False, color='black', colorSpace='named', contrast=1.0, depth=-1.0, flipHoriz=False, flipVert=False, font='Arial', fontFiles=[], height=0.1, italic=False, languageStyle='LTR', name='start_rec_block_text', opacity=1.0, ori=0, pos=array([0., 0.]), rgb=array([0., 0., 0.]), text='default text', units='height', win=Window(...), wrapWidth=1)
6.5740 	EXP 	Created rec_fx_map = ImageStim(__class__=<class 'psychopy.visual.image.ImageStim'>, autoLog=True, color=array([1., 1., 1.]), colorSpace='rgb', contrast=1.0, depth=0.0, flipHoriz=False, flipVert=False, image='stimuli/GalleryPlanInside.jpg', interpolate=True, mask=None, maskParams=None, name='rec_fx_map', opacity=1.0, ori=0.0, pos=array([  0., -25.]), size=array([1040., 1000.]), texRes=128, units='pix', win=Window(...))
6.5754 	EXP 	Created rec_fx_cross = TextStim(__class__=<class 'psychopy.visual.text.TextStim'>, alignHoriz=method-wrapper(...), alignText='center', alignVert=method-wrapper(...), anchorHoriz='center', anchorVert='center', antialias=True, autoLog=True, bold=False, color='black', colorSpace='named', contrast=1.0, depth=-1.0, flipHoriz=False, flipVert=False, font='Arial', fontFiles=[], height=50, italic=False, languageStyle='LTR', name='rec_fx_cross', opacity=1.0, ori=0, pos=array([0., 0.]), rgb=array([0., 0., 0.]), text='+', units='pix', win=Window(...), wrapWidth=500)
6.5903 	EXP 	Created rec_trial_map = ImageStim(__class__=<class 'psychopy.visual.image.ImageStim'>, autoLog=True, color=array([1., 1., 1.]), colorSpace='rgb', contrast=1.0, depth=0.0, flipHoriz=False, flipVert=False, image='stimuli/GalleryPlanInside.jpg', interpolate=True, mask=None, maskParams=None, name='rec_trial_map', opacity=1.0, ori=0.0, pos=array([  0., -25.]), size=array([1040., 1000.]), texRes=128, units='pix', win=Window(...))
6.5916 	EXP 	Created rec_trial_main_image = ImageStim(__class__=<class 'psychopy.visual.image.ImageStim'>, autoLog=True, color=array([1., 1., 1.]), colorSpace='rgb', contrast=1.0, depth=-1.0, flipHoriz=False, flipVert=False, image='sin', interpolate=True, mask=None, maskParams=None, name='rec_trial_main_image', opacity=1.0, ori=0.0, pos=array([0., 0.]), size=array([300., 300.]), texRes=128, units='pix', win=Window(...))
6.5941 	EXP 	Created end_rec_run_text = TextStim(__class__=<class 'psychopy.visual.text.TextStim'>, alignHoriz=method-wrapper(...), alignText='center', alignVert=method-wrapper(...), anchorHoriz='center', anchorVert='center', antialias=True, autoLog=True, bold=False, color='black', colorSpace='named', contrast=1.0, depth=0.0, flipHoriz=False, flipVert=False, font='Arial', fontFiles=[], height=0.1, italic=False, languageStyle='LTR', name='end_rec_run_text', opacity=1.0, ori=0, pos=array([0., 0.]), rgb=array([0., 0., 0.]), text='default text', units='height', win=Window(...), wrapWidth=1)
6.5980 	EXP 	lab_thanks: autoDraw = True
16.1478 	DATA 	Keypress: right
16.1532 	EXP 	lab_thanks: autoDraw = False
16.1532 	EXP 	start_encoding_text: text = 'Első feladat\nGaléria berendezés'
16.1532 	EXP 	start_encoding_text: autoDraw = True
16.4972 	DATA 	Keypress: right
17.6557 	EXP 	start_encoding_text: autoDraw = False
17.6557 	EXP 	start_encoding_text: autoDraw = False
17.6557 	EXP 	enc_instructions_1_text: autoDraw = True
17.6557 	EXP 	enc_instructions_1_image: autoDraw = True
46.2457 	DATA 	Mouse: Left button down, pos=(725,520)
46.3340 	DATA 	Mouse:  Left button up, pos=(725,520)
46.9688 	DATA 	Keypress: right
46.9731 	EXP 	enc_instructions_1_text: autoDraw = False
46.9731 	EXP 	enc_instructions_1_image: autoDraw = False
46.9731 	EXP 	enc_instructions_2_text: autoDraw = True
46.9731 	EXP 	enc_instructions_2_image: autoDraw = True
47.6049 	DATA 	Keypress: right
47.6074 	EXP 	enc_instructions_2_text: autoDraw = False
47.6074 	EXP 	enc_instructions_2_image: autoDraw = False
47.6074 	EXP 	enc_instructions_3_text: autoDraw = True
47.9348 	DATA 	Keypress: right
47.9380 	EXP 	enc_instructions_3_text: autoDraw = False
47.9380 	EXP 	start_practice_text: autoDraw = True
48.2254 	DATA 	Keypress: right
48.9523 	EXP 	Imported encoding_practice_trials.csv as conditions, 5 conditions, 9 params
48.9529 	EXP 	Created sequence: random, trialTypes=5, nReps=1, seed=None
48.9536 	EXP 	New trial (rep=0, index=0): OrderedDict([('Task', 'EncodingPractice'), ('TrialType', 'OBJ'), ('StimType', 'TARGET'), ('Order', 1), ('CurrentImage', 'stimuli/fractals/167a.jpg'), ('CurrentX', 300.0), ('CurrentY', 0.0), ('Jitter', 500), ('Section', 'Encoding')])
48.9587 	EXP 	start_practice_text: autoDraw = False
48.9587 	EXP 	start_practice_text: autoDraw = False
48.9587 	EXP 	enc_fx_cross: pos = array([300.,   0.])
48.9587 	EXP 	enc_fx_map: autoDraw = True
48.9587 	EXP 	enc_fx_cross: autoDraw = True
49.5395 	EXP 	enc_fx_map: autoDraw = False
49.5395 	EXP 	enc_fx_cross: autoDraw = False
49.5395 	EXP 	enc_fx_map: autoDraw = False
49.5395 	EXP 	enc_fx_cross: autoDraw = False
49.5395 	EXP 	enc_trial_main_image: pos = array([300.,   0.])
49.5395 	EXP 	enc_trial_main_image: image = 'stimuli/fractals/167a.jpg'
49.5395 	EXP 	enc_trial_map: autoDraw = True
49.5395 	EXP 	enc_trial_main_image: autoDraw = True
51.6575 	DATA 	Keypress: right
52.5461 	EXP 	enc_trial_map: autoDraw = False
52.5461 	EXP 	enc_trial_main_image: autoDraw = False
52.5461 	EXP 	enc_practice_feedback_image: pos = array([300.,   0.])
52.5461 	EXP 	enc_practice_feedback_image: image = 'stimuli/fractals/167a.jpg'
52.5461 	EXP 	enc_practice_feedback_text: text = 'Nem adott választ.'
52.5461 	EXP 	enc_practice_feedback_map: autoDraw = True
52.5461 	EXP 	enc_practice_feedback_image: autoDraw = True
52.5461 	EXP 	enc_practice_feedback_text: autoDraw = True
53.4675 	EXP 	New trial (rep=0, index=1): OrderedDict([('Task', 'EncodingPractice'), ('TrialType', 'LOC'), ('StimType', 'FOIL'), ('Order', 1), ('CurrentImage', 'stimuli/fractals/148b.jpg'), ('CurrentX', 212.1320344), ('CurrentY', 212.1320344), ('Jitter', 1000), ('Section', 'Encoding')])
53.4726 	EXP 	enc_practice_feedback_map: autoDraw = False
53.4726 	EXP 	enc_practice_feedback_image: autoDraw = False
53.4726 	EXP 	enc_practice_feedback_text: autoDraw = False
53.4726 	EXP 	enc_fx_cross: pos = array([212.1320344, 212.1320344])
53.4726 	EXP 	enc_fx_map: autoDraw = True
53.4726 	EXP 	enc_fx_cross: autoDraw = True
54.3688 	DATA 	Keypress: right
54.5504 	EXP 	enc_fx_map: autoDraw = False
54.5504 	EXP 	enc_fx_cross: autoDraw = False
54.5504 	EXP 	enc_fx_map: autoDraw = False
54.5504 	EXP 	enc_fx_cross: autoDraw = False
54.5504 	EXP 	enc_trial_main_image: pos = array([212.1320344, 212.1320344])
54.5504 	EXP 	enc_trial_main_image: image = 'stimuli/fractals/148b.jpg'
54.5504 	EXP 	enc_trial_map: autoDraw = True
54.5504 	EXP 	enc_trial_main_image: autoDraw = True
56.6794 	DATA 	Keypress: right
57.5498 	EXP 	enc_trial_map: autoDraw = False
57.5498 	EXP 	enc_trial_main_image: autoDraw = False
57.5498 	EXP 	enc_practice_feedback_image: pos = array([212.1320344, 212.1320344])
57.5498 	EXP 	enc_practice_feedback_image: image = 'stimuli/fractals/148b.jpg'
57.5498 	EXP 	enc_practice_feedback_text: text = 'Nem adott választ.'
57.5498 	EXP 	enc_practice_feedback_map: autoDraw = True
57.5498 	EXP 	enc_practice_feedback_image: autoDraw = True
57.5498 	EXP 	enc_practice_feedback_text: autoDraw = True
58.4807 	EXP 	New trial (rep=0, index=2): OrderedDict([('Task', 'EncodingPractice'), ('TrialType', '-'), ('StimType', '-'), ('Order', 1), ('CurrentImage', 'stimuli/fractals/177b.jpg'), ('CurrentX', 300.0), ('CurrentY', 0.0), ('Jitter', 800), ('Section', 'Encoding')])
58.4855 	EXP 	enc_practice_feedback_map: autoDraw = False
58.4855 	EXP 	enc_practice_feedback_image: autoDraw = False
58.4855 	EXP 	enc_practice_feedback_text: autoDraw = False
58.4855 	EXP 	enc_fx_cross: pos = array([300.,   0.])
58.4855 	EXP 	enc_fx_map: autoDraw = True
58.4855 	EXP 	enc_fx_cross: autoDraw = True
59.2244 	DATA 	Keypress: j
59.3634 	EXP 	enc_fx_map: autoDraw = False
59.3634 	EXP 	enc_fx_cross: autoDraw = False
59.3634 	EXP 	enc_fx_map: autoDraw = False
59.3634 	EXP 	enc_fx_cross: autoDraw = False
59.3634 	EXP 	enc_trial_main_image: pos = array([300.,   0.])
59.3634 	EXP 	enc_trial_main_image: image = 'stimuli/fractals/177b.jpg'
59.3634 	EXP 	enc_trial_map: autoDraw = True
59.3634 	EXP 	enc_trial_main_image: autoDraw = True
60.7380 	DATA 	Keypress: j
62.3758 	EXP 	enc_trial_map: autoDraw = False
62.3758 	EXP 	enc_trial_main_image: autoDraw = False
62.3758 	EXP 	enc_practice_feedback_image: pos = array([300.,   0.])
62.3758 	EXP 	enc_practice_feedback_image: image = 'stimuli/fractals/177b.jpg'
62.3758 	EXP 	enc_practice_feedback_text: text = 'Az Ön válasza:\nA kép marad.'
62.3758 	EXP 	enc_practice_feedback_map: autoDraw = True
62.3758 	EXP 	enc_practice_feedback_image: autoDraw = True
62.3758 	EXP 	enc_practice_feedback_text: autoDraw = True
63.2894 	EXP 	New trial (rep=0, index=3): OrderedDict([('Task', 'EncodingPractice'), ('TrialType', 'LOC'), ('StimType', 'TARGET'), ('Order', 1), ('CurrentImage', 'stimuli/fractals/166a.jpg'), ('CurrentX', -300.0), ('CurrentY', 0.0), ('Jitter', 1500), ('Section', 'Encoding')])
63.2942 	EXP 	enc_practice_feedback_map: autoDraw = False
63.2942 	EXP 	enc_practice_feedback_image: autoDraw = False
63.2942 	EXP 	enc_practice_feedback_text: autoDraw = False
63.2942 	EXP 	enc_fx_cross: pos = array([-300.,    0.])
63.2942 	EXP 	enc_fx_map: autoDraw = True
63.2942 	EXP 	enc_fx_cross: autoDraw = True
64.8683 	EXP 	enc_fx_map: autoDraw = False
64.8683 	EXP 	enc_fx_cross: autoDraw = False
64.8683 	EXP 	enc_fx_map: autoDraw = False
64.8683 	EXP 	enc_fx_cross: autoDraw = False
64.8683 	EXP 	enc_trial_main_image: pos = array([-300.,    0.])
64.8683 	EXP 	enc_trial_main_image: image = 'stimuli/fractals/166a.jpg'
64.8683 	EXP 	enc_trial_map: autoDraw = True
64.8683 	EXP 	enc_trial_main_image: autoDraw = True
67.8751 	EXP 	enc_trial_map: autoDraw = False
67.8751 	EXP 	enc_trial_main_image: autoDraw = False
67.8751 	EXP 	enc_practice_feedback_image: pos = array([-300.,    0.])
67.8751 	EXP 	enc_practice_feedback_image: image = 'stimuli/fractals/166a.jpg'
67.8751 	EXP 	enc_practice_feedback_text: text = 'Nem adott választ.'
67.8751 	EXP 	enc_practice_feedback_map: autoDraw = True
67.8751 	EXP 	enc_practice_feedback_image: autoDraw = True
67.8751 	EXP 	enc_practice_feedback_text: autoDraw = True
68.5092 	DATA 	Keypress: j
68.8011 	EXP 	New trial (rep=0, index=4): OrderedDict([('Task', 'EncodingPractice'), ('TrialType', 'LOC'), ('StimType', 'LURE'), ('Order', 1), ('CurrentImage', 'stimuli/fractals/159a.jpg'), ('CurrentX', 0.0), ('CurrentY', 300.0), ('Jitter', 5000), ('Section', 'Encoding')])
68.8059 	EXP 	enc_practice_feedback_map: autoDraw = False
68.8059 	EXP 	enc_practice_feedback_image: autoDraw = False
68.8059 	EXP 	enc_practice_feedback_text: autoDraw = False
68.8059 	EXP 	enc_fx_cross: pos = array([  0., 300.])
68.8059 	EXP 	enc_fx_map: autoDraw = True
68.8059 	EXP 	enc_fx_cross: autoDraw = True
72.3832 	DATA 	Keypress: j
73.8863 	EXP 	enc_fx_map: autoDraw = False
73.8863 	EXP 	enc_fx_cross: autoDraw = False
73.8863 	EXP 	enc_fx_map: autoDraw = False
73.8863 	EXP 	enc_fx_cross: autoDraw = False
73.8863 	EXP 	enc_trial_main_image: pos = array([  0., 300.])
73.8863 	EXP 	enc_trial_main_image: image = 'stimuli/fractals/159a.jpg'
73.8863 	EXP 	enc_trial_map: autoDraw = True
73.8863 	EXP 	enc_trial_main_image: autoDraw = True
74.6365 	DATA 	Keypress: j
74.6963 	DATA 	Keypress: o
74.9451 	DATA 	Keypress: j
76.8964 	EXP 	enc_trial_map: autoDraw = False
76.8964 	EXP 	enc_trial_main_image: autoDraw = False
76.8964 	EXP 	enc_practice_feedback_image: pos = array([  0., 300.])
76.8964 	EXP 	enc_practice_feedback_image: image = 'stimuli/fractals/159a.jpg'
76.8964 	EXP 	enc_practice_feedback_text: text = 'Az Ön válasza:\nA kép marad.'
76.8964 	EXP 	enc_practice_feedback_map: autoDraw = True
76.8964 	EXP 	enc_practice_feedback_image: autoDraw = True
76.8964 	EXP 	enc_practice_feedback_text: autoDraw = True
77.8161 	EXP 	enc_practice_feedback_map: autoDraw = False
77.8161 	EXP 	enc_practice_feedback_image: autoDraw = False
77.8161 	EXP 	enc_practice_feedback_text: autoDraw = False
77.8161 	EXP 	end_practice_text: autoDraw = True
82.0096 	DATA 	Keypress: right
82.0104 	EXP 	Created sequence: sequential, trialTypes=1, nReps=3, seed=None
82.0107 	EXP 	New trial (rep=0, index=0): None
82.0127 	EXP 	end_practice_text: autoDraw = False
82.0127 	EXP 	start_enc_run_text: autoDraw = True
84.0810 	EXP 	Imported stimuli_tables/encoding_trials_0.csv as conditions, 2 conditions, 20 params
84.0820 	EXP 	Created sequence: sequential, trialTypes=2, nReps=1, seed=None
84.0828 	EXP 	New trial (rep=0, index=0): OrderedDict([('TrialIndex', 1), ('Jitter', 2000), ('ScannerRun', 1), ('StimType', 'OLP'), ('Order', 1), ('Delay', 3), ('CurrentImage', 'stimuli/fractals/101b.jpg'), ('CurrentX', 212.1320344), ('CurrentY', 212.1320344), ('TripletMemberA', 'stimuli/fractals/101b.jpg'), ('TripletMemberB', 'stimuli/fractals/101a.jpg'), ('TripletMemberC', 'stimuli/fractals/101c.jpg'), ('Xcoordinate', 212.1320344), ('Ycoordinate', 212.1320344), ('Xcoordinate_lure1', 0.0), ('Ycoordinate_lure1', 300.0), ('Xcoordinate_lure2', 300.0), ('Ycoordinate_lure2', 0.0), ('Xcoordinate_foil', -212.1320344), ('Ycoordinate_foil', -212.1320344)])
84.0878 	EXP 	start_enc_run_text: autoDraw = False
84.0878 	EXP 	start_enc_run_text: autoDraw = False
84.0878 	EXP 	enc_fx_cross: pos = array([212.1320344, 212.1320344])
84.0878 	EXP 	enc_fx_map: autoDraw = True
84.0878 	EXP 	enc_fx_cross: autoDraw = True
86.1622 	EXP 	enc_fx_map: autoDraw = False
86.1622 	EXP 	enc_fx_cross: autoDraw = False
86.1622 	EXP 	enc_fx_map: autoDraw = False
86.1622 	EXP 	enc_fx_cross: autoDraw = False
86.1622 	EXP 	enc_trial_main_image: pos = array([212.1320344, 212.1320344])
86.1622 	EXP 	enc_trial_main_image: image = 'stimuli/fractals/101b.jpg'
86.1622 	EXP 	enc_trial_map: autoDraw = True
86.1622 	EXP 	enc_trial_main_image: autoDraw = True
89.0922 	EXP 	New trial (rep=0, index=1): OrderedDict([('TrialIndex', 2), ('Jitter', 6000), ('ScannerRun', 1), ('StimType', 'OLP'), ('Order', 1), ('Delay', 3), ('CurrentImage', 'stimuli/fractals/97b.jpg'), ('CurrentX', 212.1320344), ('CurrentY', -212.1320344), ('TripletMemberA', 'stimuli/fractals/97b.jpg'), ('TripletMemberB', 'stimuli/fractals/97c.jpg'), ('TripletMemberC', 'stimuli/fractals/97a.jpg'), ('Xcoordinate', 212.1320344), ('Ycoordinate', -212.1320344), ('Xcoordinate_lure1', 0.0), ('Ycoordinate_lure1', -300.0), ('Xcoordinate_lure2', 300.0), ('Ycoordinate_lure2', 0.0), ('Xcoordinate_foil', -212.1320344), ('Ycoordinate_foil', 212.1320344)])
89.0972 	EXP 	enc_trial_map: autoDraw = False
89.0972 	EXP 	enc_trial_main_image: autoDraw = False
89.0972 	EXP 	enc_fx_cross: pos = array([ 212.1320344, -212.1320344])
89.0972 	EXP 	enc_fx_map: autoDraw = True
89.0972 	EXP 	enc_fx_cross: autoDraw = True
95.1689 	EXP 	enc_fx_map: autoDraw = False
95.1689 	EXP 	enc_fx_cross: autoDraw = False
95.1689 	EXP 	enc_fx_map: autoDraw = False
95.1689 	EXP 	enc_fx_cross: autoDraw = False
95.1689 	EXP 	enc_trial_main_image: pos = array([ 212.1320344, -212.1320344])
95.1689 	EXP 	enc_trial_main_image: image = 'stimuli/fractals/97b.jpg'
95.1689 	EXP 	enc_trial_map: autoDraw = True
95.1689 	EXP 	enc_trial_main_image: autoDraw = True
98.1155 	EXP 	enc_trial_map: autoDraw = False
98.1155 	EXP 	enc_trial_main_image: autoDraw = False
98.1155 	EXP 	end_enc_run_text: text = 'Szünet\nA folytatáshoz nyomja le a jobb nyilat'
98.1155 	EXP 	end_enc_run_text: autoDraw = True
99.7403 	DATA 	Keypress: right
99.7422 	EXP 	New trial (rep=1, index=0): None
99.7438 	EXP 	end_enc_run_text: autoDraw = False
99.7438 	EXP 	start_enc_run_text: autoDraw = True
101.8097 	EXP 	Imported stimuli_tables/encoding_trials_0.csv as conditions, 2 conditions, 20 params
101.8107 	EXP 	Created sequence: sequential, trialTypes=2, nReps=1, seed=None
101.8115 	EXP 	New trial (rep=0, index=0): OrderedDict([('TrialIndex', 3), ('Jitter', 2000), ('ScannerRun', 1), ('StimType', 'LLP'), ('Order', 1), ('Delay', 5), ('CurrentImage', 'stimuli/fractals/76b.jpg'), ('CurrentX', 212.1320344), ('CurrentY', 212.1320344), ('TripletMemberA', 'stimuli/fractals/76b.jpg'), ('TripletMemberB', 'stimuli/fractals/76c.jpg'), ('TripletMemberC', 'stimuli/fractals/76a.jpg'), ('Xcoordinate', 212.1320344), ('Ycoordinate', 212.1320344), ('Xcoordinate_lure1', 300.0), ('Ycoordinate_lure1', 0.0), ('Xcoordinate_lure2', 0.0), ('Ycoordinate_lure2', 300.0), ('Xcoordinate_foil', -212.1320344), ('Ycoordinate_foil', -212.1320344)])
101.8167 	EXP 	start_enc_run_text: autoDraw = False
101.8167 	EXP 	start_enc_run_text: autoDraw = False
101.8167 	EXP 	enc_fx_cross: pos = array([212.1320344, 212.1320344])
101.8167 	EXP 	enc_fx_map: autoDraw = True
101.8167 	EXP 	enc_fx_cross: autoDraw = True
103.8902 	EXP 	enc_fx_map: autoDraw = False
103.8902 	EXP 	enc_fx_cross: autoDraw = False
103.8902 	EXP 	enc_fx_map: autoDraw = False
103.8902 	EXP 	enc_fx_cross: autoDraw = False
103.8902 	EXP 	enc_trial_main_image: pos = array([212.1320344, 212.1320344])
103.8902 	EXP 	enc_trial_main_image: image = 'stimuli/fractals/76b.jpg'
103.8902 	EXP 	enc_trial_map: autoDraw = True
103.8902 	EXP 	enc_trial_main_image: autoDraw = True
104.4726 	DATA 	Keypress: right
106.8208 	EXP 	New trial (rep=0, index=1): OrderedDict([('TrialIndex', 4), ('Jitter', 1000), ('ScannerRun', 1), ('StimType', 'ERP'), ('Order', 1), ('Delay', 2), ('CurrentImage', 'stimuli/fractals/19a.jpg'), ('CurrentX', 212.1320344), ('CurrentY', -212.1320344), ('TripletMemberA', 'stimuli/fractals/19a.jpg'), ('TripletMemberB', 'stimuli/fractals/19c.jpg'), ('TripletMemberC', 'stimuli/fractals/19b.jpg'), ('Xcoordinate', 212.1320344), ('Ycoordinate', -212.1320344), ('Xcoordinate_lure1', 300.0), ('Ycoordinate_lure1', 0.0), ('Xcoordinate_lure2', 0.0), ('Ycoordinate_lure2', -300.0), ('Xcoordinate_foil', -300.0), ('Ycoordinate_foil', 0.0)])
106.8266 	EXP 	enc_trial_map: autoDraw = False
106.8266 	EXP 	enc_trial_main_image: autoDraw = False
106.8266 	EXP 	enc_fx_cross: pos = array([ 212.1320344, -212.1320344])
106.8266 	EXP 	enc_fx_map: autoDraw = True
106.8266 	EXP 	enc_fx_cross: autoDraw = True
107.8979 	EXP 	enc_fx_map: autoDraw = False
107.8979 	EXP 	enc_fx_cross: autoDraw = False
107.8979 	EXP 	enc_fx_map: autoDraw = False
107.8979 	EXP 	enc_fx_cross: autoDraw = False
107.8979 	EXP 	enc_trial_main_image: pos = array([ 212.1320344, -212.1320344])
107.8979 	EXP 	enc_trial_main_image: image = 'stimuli/fractals/19a.jpg'
107.8979 	EXP 	enc_trial_map: autoDraw = True
107.8979 	EXP 	enc_trial_main_image: autoDraw = True
110.8301 	EXP 	enc_trial_map: autoDraw = False
110.8301 	EXP 	enc_trial_main_image: autoDraw = False
110.8301 	EXP 	end_enc_run_text: text = 'Szünet\nA folytatáshoz nyomja le a jobb nyilat'
110.8301 	EXP 	end_enc_run_text: autoDraw = True
115.6829 	DATA 	Keypress: right
115.6842 	EXP 	New trial (rep=2, index=0): None
115.6860 	EXP 	end_enc_run_text: autoDraw = False
115.6860 	EXP 	start_enc_run_text: autoDraw = True
117.7530 	EXP 	Imported stimuli_tables/encoding_trials_0.csv as conditions, 2 conditions, 20 params
117.7540 	EXP 	Created sequence: sequential, trialTypes=2, nReps=1, seed=None
117.7548 	EXP 	New trial (rep=0, index=0): OrderedDict([('TrialIndex', 5), ('Jitter', 5000), ('ScannerRun', 1), ('StimType', 'OLP'), ('Order', 2), ('Delay', 0), ('CurrentImage', 'stimuli/fractals/101a.jpg'), ('CurrentX', 212.1320344), ('CurrentY', 212.1320344), ('TripletMemberA', 'stimuli/fractals/101b.jpg'), ('TripletMemberB', 'stimuli/fractals/101a.jpg'), ('TripletMemberC', 'stimuli/fractals/101c.jpg'), ('Xcoordinate', 212.1320344), ('Ycoordinate', 212.1320344), ('Xcoordinate_lure1', 0.0), ('Ycoordinate_lure1', 300.0), ('Xcoordinate_lure2', 300.0), ('Ycoordinate_lure2', 0.0), ('Xcoordinate_foil', -212.1320344), ('Ycoordinate_foil', -212.1320344)])
117.7598 	EXP 	start_enc_run_text: autoDraw = False
117.7598 	EXP 	start_enc_run_text: autoDraw = False
117.7598 	EXP 	enc_fx_cross: pos = array([212.1320344, 212.1320344])
117.7598 	EXP 	enc_fx_map: autoDraw = True
117.7598 	EXP 	enc_fx_cross: autoDraw = True
122.8324 	EXP 	enc_fx_map: autoDraw = False
122.8324 	EXP 	enc_fx_cross: autoDraw = False
122.8324 	EXP 	enc_fx_map: autoDraw = False
122.8324 	EXP 	enc_fx_cross: autoDraw = False
122.8324 	EXP 	enc_trial_main_image: pos = array([212.1320344, 212.1320344])
122.8324 	EXP 	enc_trial_main_image: image = 'stimuli/fractals/101a.jpg'
122.8324 	EXP 	enc_trial_map: autoDraw = True
122.8324 	EXP 	enc_trial_main_image: autoDraw = True
125.7670 	EXP 	New trial (rep=0, index=1): OrderedDict([('TrialIndex', 6), ('Jitter', 3000), ('ScannerRun', 1), ('StimType', 'OLP'), ('Order', 2), ('Delay', 0), ('CurrentImage', 'stimuli/fractals/97c.jpg'), ('CurrentX', 212.1320344), ('CurrentY', -212.1320344), ('TripletMemberA', 'stimuli/fractals/97b.jpg'), ('TripletMemberB', 'stimuli/fractals/97c.jpg'), ('TripletMemberC', 'stimuli/fractals/97a.jpg'), ('Xcoordinate', 212.1320344), ('Ycoordinate', -212.1320344), ('Xcoordinate_lure1', 0.0), ('Ycoordinate_lure1', -300.0), ('Xcoordinate_lure2', 300.0), ('Ycoordinate_lure2', 0.0), ('Xcoordinate_foil', -212.1320344), ('Ycoordinate_foil', 212.1320344)])
125.7720 	EXP 	enc_trial_map: autoDraw = False
125.7720 	EXP 	enc_trial_main_image: autoDraw = False
125.7720 	EXP 	enc_fx_cross: pos = array([ 212.1320344, -212.1320344])
125.7720 	EXP 	enc_fx_map: autoDraw = True
125.7720 	EXP 	enc_fx_cross: autoDraw = True
128.8468 	EXP 	enc_fx_map: autoDraw = False
128.8468 	EXP 	enc_fx_cross: autoDraw = False
128.8468 	EXP 	enc_fx_map: autoDraw = False
128.8468 	EXP 	enc_fx_cross: autoDraw = False
128.8468 	EXP 	enc_trial_main_image: pos = array([ 212.1320344, -212.1320344])
128.8468 	EXP 	enc_trial_main_image: image = 'stimuli/fractals/97c.jpg'
128.8468 	EXP 	enc_trial_map: autoDraw = True
128.8468 	EXP 	enc_trial_main_image: autoDraw = True
131.7900 	EXP 	enc_trial_map: autoDraw = False
131.7900 	EXP 	enc_trial_main_image: autoDraw = False
131.7900 	EXP 	end_enc_run_text: text = 'Vége az első feladatnak'
131.7900 	EXP 	end_enc_run_text: autoDraw = True
134.3768 	DATA 	Keypress: right
134.3815 	EXP 	end_enc_run_text: autoDraw = False
134.3815 	EXP 	start_recognition_text: autoDraw = True
136.3327 	DATA 	Keypress: right
136.3817 	EXP 	start_recognition_text: autoDraw = False
136.3817 	EXP 	rec_instructions_1_text: autoDraw = True
137.9898 	DATA 	Keypress: right
137.9922 	EXP 	rec_instructions_1_text: autoDraw = False
137.9922 	EXP 	rec_instructions2_text: autoDraw = True
138.6449 	DATA 	Keypress: right
138.6472 	EXP 	rec_instructions2_text: autoDraw = False
138.6472 	EXP 	rec_instrauction_3_text: autoDraw = True
139.1034 	DATA 	Keypress: right
139.1068 	EXP 	rec_instrauction_3_text: autoDraw = False
139.1068 	EXP 	rec_instructions_4_text: autoDraw = True
139.8561 	DATA 	Keypress: right
139.8671 	EXP 	Imported stimuli_demo.csv as conditions, 10 conditions, 12 params
139.8676 	EXP 	Created sequence: sequential, trialTypes=10, nReps=1, seed=None
139.8682 	EXP 	New trial (rep=0, index=0): OrderedDict([('Task', 'Demo'), ('TrialType', 'OBJ'), ('StimType', 'LURE'), ('CurrentImage', 'stimuli/fractals//181b.jpg'), ('DemoImage', 'stimuli/fractals//181c.jpg'), ('CurrentX', 300.0), ('CurrentY', 0.0), ('DemoX', -300.0), ('DemoY', 0.0), ('InPractice', '-'), ('DemoText', 'Hasonló Képek'), ('Jitter', 2300)])
140.0182 	EXP 	rec_instructions_4_text: autoDraw = False
140.0182 	EXP 	demo_main_image: pos = array([300.,   0.])
140.0182 	EXP 	demo_main_image: image = 'stimuli/fractals//181b.jpg'
140.0182 	EXP 	demo_image: pos = array([-300.,    0.])
140.0182 	EXP 	demo_image: image = 'stimuli/fractals//181c.jpg'
140.0182 	EXP 	demo_text: text = 'Hasonló Képek'
140.0182 	EXP 	demo_map: autoDraw = True
140.0182 	EXP 	demo_main_image: autoDraw = True
140.0182 	EXP 	demo_image: autoDraw = True
140.0182 	EXP 	demo_text: autoDraw = True
140.3459 	DATA 	Keypress: right
141.8765 	DATA 	Keypress: right
143.1122 	DATA 	Keypress: right
143.1154 	EXP 	New trial (rep=0, index=1): OrderedDict([('Task', 'Demo'), ('TrialType', 'OBJ'), ('StimType', 'LURE'), ('CurrentImage', 'stimuli/fractals//149a.jpg'), ('DemoImage', 'stimuli/fractals//149b.jpg'), ('CurrentX', 300.0), ('CurrentY', 0.0), ('DemoX', -300.0), ('DemoY', 0.0), ('InPractice', '-'), ('DemoText', 'Hasonló Képek'), ('Jitter', 1000)])
143.2567 	EXP 	demo_map: autoDraw = False
143.2567 	EXP 	demo_main_image: autoDraw = False
143.2567 	EXP 	demo_image: autoDraw = False
143.2567 	EXP 	demo_text: autoDraw = False
143.2567 	EXP 	demo_main_image: pos = array([300.,   0.])
143.2567 	EXP 	demo_main_image: image = 'stimuli/fractals//149a.jpg'
143.2567 	EXP 	demo_image: pos = array([-300.,    0.])
143.2567 	EXP 	demo_image: image = 'stimuli/fractals//149b.jpg'
143.2567 	EXP 	demo_text: text = 'Hasonló Képek'
143.2567 	EXP 	demo_map: autoDraw = True
143.2567 	EXP 	demo_main_image: autoDraw = True
143.2567 	EXP 	demo_image: autoDraw = True
143.2567 	EXP 	demo_text: autoDraw = True
143.8887 	DATA 	Keypress: right
144.4854 	DATA 	Keypress: right
147.0689 	DATA 	Keypress: right
147.0710 	EXP 	New trial (rep=0, index=2): OrderedDict([('Task', 'Demo'), ('TrialType', 'OBJ'), ('StimType', 'LURE'), ('CurrentImage', 'stimuli/fractals//177b.jpg'), ('DemoImage', 'stimuli/fractals//177c.jpg'), ('CurrentX', 300.0), ('CurrentY', 0.0), ('DemoX', -300.0), ('DemoY', 0.0), ('InPractice', '-'), ('DemoText', 'Hasonló Képek'), ('Jitter', 800)])
147.2174 	EXP 	demo_map: autoDraw = False
147.2174 	EXP 	demo_main_image: autoDraw = False
147.2174 	EXP 	demo_image: autoDraw = False
147.2174 	EXP 	demo_text: autoDraw = False
147.2174 	EXP 	demo_main_image: pos = array([300.,   0.])
147.2174 	EXP 	demo_main_image: image = 'stimuli/fractals//177b.jpg'
147.2174 	EXP 	demo_image: pos = array([-300.,    0.])
147.2174 	EXP 	demo_image: image = 'stimuli/fractals//177c.jpg'
147.2174 	EXP 	demo_text: text = 'Hasonló Képek'
147.2174 	EXP 	demo_map: autoDraw = True
147.2174 	EXP 	demo_main_image: autoDraw = True
147.2174 	EXP 	demo_image: autoDraw = True
147.2174 	EXP 	demo_text: autoDraw = True
147.9237 	DATA 	Keypress: right
148.3917 	DATA 	Keypress: right
148.8281 	DATA 	Keypress: right
149.3664 	DATA 	Keypress: right
149.3754 	EXP 	New trial (rep=0, index=3): OrderedDict([('Task', 'Demo'), ('TrialType', 'OBJ'), ('StimType', 'LURE'), ('CurrentImage', 'stimuli/fractals//167a.jpg'), ('DemoImage', 'stimuli/fractals//167b.jpg'), ('CurrentX', 300.0), ('CurrentY', 0.0), ('DemoX', -300.0), ('DemoY', 0.0), ('InPractice', 'OBJ-TARGET'), ('DemoText', 'Hasonló Képek'), ('Jitter', 1500)])
149.5189 	EXP 	demo_map: autoDraw = False
149.5189 	EXP 	demo_main_image: autoDraw = False
149.5189 	EXP 	demo_image: autoDraw = False
149.5189 	EXP 	demo_text: autoDraw = False
149.5189 	EXP 	demo_main_image: pos = array([300.,   0.])
149.5189 	EXP 	demo_main_image: image = 'stimuli/fractals//167a.jpg'
149.5189 	EXP 	demo_image: pos = array([-300.,    0.])
149.5189 	EXP 	demo_image: image = 'stimuli/fractals//167b.jpg'
149.5189 	EXP 	demo_text: text = 'Hasonló Képek'
149.5189 	EXP 	demo_map: autoDraw = True
149.5189 	EXP 	demo_main_image: autoDraw = True
149.5189 	EXP 	demo_image: autoDraw = True
149.5189 	EXP 	demo_text: autoDraw = True
150.4979 	DATA 	Keypress: right
151.0252 	DATA 	Keypress: right
153.3897 	DATA 	Keypress: right
153.3918 	EXP 	New trial (rep=0, index=4): OrderedDict([('Task', 'Demo'), ('TrialType', 'OBJ'), ('StimType', 'FOIL'), ('CurrentImage', 'stimuli/fractals//163a.jpg'), ('DemoImage', 'stimuli/fractals//173c.jpg'), ('CurrentX', 300.0), ('CurrentY', 0.0), ('DemoX', -300.0), ('DemoY', 0.0), ('InPractice', '-'), ('DemoText', 'Új Képek'), ('Jitter', 600)])
153.5288 	EXP 	demo_map: autoDraw = False
153.5288 	EXP 	demo_main_image: autoDraw = False
153.5288 	EXP 	demo_image: autoDraw = False
153.5288 	EXP 	demo_text: autoDraw = False
153.5288 	EXP 	demo_main_image: pos = array([300.,   0.])
153.5288 	EXP 	demo_main_image: image = 'stimuli/fractals//163a.jpg'
153.5288 	EXP 	demo_image: pos = array([-300.,    0.])
153.5288 	EXP 	demo_image: image = 'stimuli/fractals//173c.jpg'
153.5288 	EXP 	demo_text: text = 'Új Képek'
153.5288 	EXP 	demo_map: autoDraw = True
153.5288 	EXP 	demo_main_image: autoDraw = True
153.5288 	EXP 	demo_image: autoDraw = True
153.5288 	EXP 	demo_text: autoDraw = True
154.5811 	DATA 	Keypress: right
157.4652 	DATA 	Keypress: right
157.4673 	EXP 	New trial (rep=0, index=5): OrderedDict([('Task', 'Demo'), ('TrialType', 'LOC'), ('StimType', 'LURE'), ('CurrentImage', 'stimuli/fractals//166a.jpg'), ('DemoImage', 'stimuli/fractals//166a.jpg'), ('CurrentX', -300.0), ('CurrentY', 0.0), ('DemoX', -212.1320344), ('DemoY', -212.1320344), ('InPractice', 'LOC-TARGET, OBJ-LURE'), ('DemoText', 'Hasonló Helyek'), ('Jitter', 800)])
157.6107 	EXP 	demo_map: autoDraw = False
157.6107 	EXP 	demo_main_image: autoDraw = False
157.6107 	EXP 	demo_image: autoDraw = False
157.6107 	EXP 	demo_text: autoDraw = False
157.6107 	EXP 	demo_main_image: pos = array([-300.,    0.])
157.6107 	EXP 	demo_main_image: image = 'stimuli/fractals//166a.jpg'
157.6107 	EXP 	demo_image: pos = array([-212.1320344, -212.1320344])
157.6107 	EXP 	demo_image: image = 'stimuli/fractals//166a.jpg'
157.6107 	EXP 	demo_text: text = 'Hasonló Helyek'
157.6107 	EXP 	demo_map: autoDraw = True
157.6107 	EXP 	demo_main_image: autoDraw = True
157.6107 	EXP 	demo_image: autoDraw = True
157.6107 	EXP 	demo_text: autoDraw = True
158.6357 	DATA 	Keypress: right
160.2858 	DATA 	Keypress: right
160.2879 	EXP 	New trial (rep=0, index=6): OrderedDict([('Task', 'Demo'), ('TrialType', 'LOC'), ('StimType', 'LURE'), ('CurrentImage', 'stimuli/fractals//159a.jpg'), ('DemoImage', 'stimuli/fractals//159a.jpg'), ('CurrentX', 0.0), ('CurrentY', 300.0), ('DemoX', -212.1320344), ('DemoY', 212.1320344), ('InPractice', 'LOC-LURE'), ('DemoText', 'Hasonló Helyek'), ('Jitter', 1500)])
160.4412 	EXP 	demo_map: autoDraw = False
160.4412 	EXP 	demo_main_image: autoDraw = False
160.4412 	EXP 	demo_image: autoDraw = False
160.4412 	EXP 	demo_text: autoDraw = False
160.4412 	EXP 	demo_main_image: pos = array([  0., 300.])
160.4412 	EXP 	demo_main_image: image = 'stimuli/fractals//159a.jpg'
160.4412 	EXP 	demo_image: pos = array([-212.1320344,  212.1320344])
160.4412 	EXP 	demo_image: image = 'stimuli/fractals//159a.jpg'
160.4412 	EXP 	demo_text: text = 'Hasonló Helyek'
160.4412 	EXP 	demo_map: autoDraw = True
160.4412 	EXP 	demo_main_image: autoDraw = True
160.4412 	EXP 	demo_image: autoDraw = True
160.4412 	EXP 	demo_text: autoDraw = True
163.1731 	DATA 	Keypress: right
163.1791 	EXP 	New trial (rep=0, index=7): OrderedDict([('Task', 'Demo'), ('TrialType', 'LOC'), ('StimType', 'LURE'), ('CurrentImage', 'stimuli/fractals//148b.jpg'), ('DemoImage', 'stimuli/fractals//148b.jpg'), ('CurrentX', 212.1320344), ('CurrentY', 212.1320344), ('DemoX', 0.0), ('DemoY', 300.0), ('InPractice', 'LOC-FOIL'), ('DemoText', 'Hasonló Helyek'), ('Jitter', 800)])
163.3199 	EXP 	demo_map: autoDraw = False
163.3199 	EXP 	demo_main_image: autoDraw = False
163.3199 	EXP 	demo_image: autoDraw = False
163.3199 	EXP 	demo_text: autoDraw = False
163.3199 	EXP 	demo_main_image: pos = array([212.1320344, 212.1320344])
163.3199 	EXP 	demo_main_image: image = 'stimuli/fractals//148b.jpg'
163.3199 	EXP 	demo_image: pos = array([  0., 300.])
163.3199 	EXP 	demo_image: image = 'stimuli/fractals//148b.jpg'
163.3199 	EXP 	demo_text: text = 'Hasonló Helyek'
163.3199 	EXP 	demo_map: autoDraw = True
163.3199 	EXP 	demo_main_image: autoDraw = True
163.3199 	EXP 	demo_image: autoDraw = True
163.3199 	EXP 	demo_text: autoDraw = True
164.3337 	DATA 	Keypress: right
166.3269 	DATA 	Keypress: right
166.3290 	EXP 	New trial (rep=0, index=8): OrderedDict([('Task', 'Demo'), ('TrialType', 'LOC'), ('StimType', 'FOIL'), ('CurrentImage', 'stimuli/fractals//177b.jpg'), ('DemoImage', 'stimuli/fractals//177b.jpg'), ('CurrentX', 300.0), ('CurrentY', 0.0), ('DemoX', -212.1320344), ('DemoY', 212.1320344), ('InPractice', 'OBJ-LURE'), ('DemoText', 'Új Helyek'), ('Jitter', 800)])
166.4783 	EXP 	demo_map: autoDraw = False
166.4783 	EXP 	demo_main_image: autoDraw = False
166.4783 	EXP 	demo_image: autoDraw = False
166.4783 	EXP 	demo_text: autoDraw = False
166.4783 	EXP 	demo_main_image: pos = array([300.,   0.])
166.4783 	EXP 	demo_main_image: image = 'stimuli/fractals//177b.jpg'
166.4783 	EXP 	demo_image: pos = array([-212.1320344,  212.1320344])
166.4783 	EXP 	demo_image: image = 'stimuli/fractals//177b.jpg'
166.4783 	EXP 	demo_text: text = 'Új Helyek'
166.4783 	EXP 	demo_map: autoDraw = True
166.4783 	EXP 	demo_main_image: autoDraw = True
166.4783 	EXP 	demo_image: autoDraw = True
166.4783 	EXP 	demo_text: autoDraw = True
167.5354 	DATA 	Keypress: right
168.3456 	DATA 	Keypress: right
169.1032 	DATA 	Keypress: right
169.1090 	EXP 	New trial (rep=0, index=9): OrderedDict([('Task', 'Demo'), ('TrialType', 'LOC'), ('StimType', 'FOIL'), ('CurrentImage', 'stimuli/fractals//177b.jpg'), ('DemoImage', 'stimuli/fractals//177b.jpg'), ('CurrentX', 300.0), ('CurrentY', 0.0), ('DemoX', -300.0), ('DemoY', 0.0), ('InPractice', 'OBJ-LURE'), ('DemoText', 'Új Helyek'), ('Jitter', 1200)])
169.2609 	EXP 	demo_map: autoDraw = False
169.2609 	EXP 	demo_main_image: autoDraw = False
169.2609 	EXP 	demo_image: autoDraw = False
169.2609 	EXP 	demo_text: autoDraw = False
169.2609 	EXP 	demo_main_image: pos = array([300.,   0.])
169.2609 	EXP 	demo_main_image: image = 'stimuli/fractals//177b.jpg'
169.2609 	EXP 	demo_image: pos = array([-300.,    0.])
169.2609 	EXP 	demo_image: image = 'stimuli/fractals//177b.jpg'
169.2609 	EXP 	demo_text: text = 'Új Helyek'
169.2609 	EXP 	demo_map: autoDraw = True
169.2609 	EXP 	demo_main_image: autoDraw = True
169.2609 	EXP 	demo_image: autoDraw = True
169.2609 	EXP 	demo_text: autoDraw = True
169.9976 	DATA 	Keypress: right
171.0396 	DATA 	Keypress: right
171.9167 	DATA 	Keypress: right
171.9218 	EXP 	demo_map: autoDraw = False
171.9218 	EXP 	demo_main_image: autoDraw = False
171.9218 	EXP 	demo_image: autoDraw = False
171.9218 	EXP 	demo_text: autoDraw = False
171.9218 	EXP 	demo_end_text: autoDraw = True
181.6117 	DATA 	Keypress: right
181.6135 	EXP 	demo_end_text: autoDraw = False
181.6135 	EXP 	start_practice_text: autoDraw = True
182.7422 	EXP 	window1: mouseVisible = True
