0.4111 	WARNING 	We strongly recommend you activate the PTB sound engine in PsychoPy prefs as the preferred audio engine. Its timing is vastly superior. Your prefs are currently set to use ['sounddevice', 'PTB', 'pyo', 'pygame'] (in that order).
1.0074 	WARNING 	Import Error: No module named 'psychtoolbox'. Using event module for keyboard component.
5.9670 	WARNING 	Monitor specification not found. Creating a temporary one...
6.3124 	EXP 	Created window1 = Window(allowGUI=False, allowStencil=False, args=UNKNOWN, autoLog=True, bitsMode=UNKNOWN, blendMode='avg', bpc=(8, 8, 8), color=array([0., 0., 0.]), colorSpace='rgb', depthBits=8, fullscr=<method-wrapper '__getattribute__' of attributeSetter object at 0x7f1a256ebe48>, gamma=None, gammaErrorPolicy='raise', kwargs=UNKNOWN, lms=UNKNOWN, monitor=<psychopy.monitors.calibTools.Monitor object at 0x7f1a241ae0b8>, multiSample=False, name='window1', numSamples=2, pos=[0.0, 0.0], screen=0, size=array([1920, 1080]), stencilBits=0, stereo=False, units='height', useFBO=True, useRetina=False, viewOri=0.0, viewPos=None, viewScale=None, waitBlanking=True, winType='pyglet')
6.3124 	EXP 	window1: recordFrameIntervals = False
6.3218 	EXP 	window1: recordFrameIntervals = True
6.3261 	WARNING 	t of last frame was 1.55ms (=1/646)
6.3332 	EXP 	window1: recordFrameIntervals = False
6.3836 	EXP 	Created setup_text = TextStim(__class__=<class 'psychopy.visual.text.TextStim'>, alignHoriz=method-wrapper(...), alignText='center', alignVert=method-wrapper(...), anchorHoriz='center', anchorVert='center', antialias=True, autoLog=True, bold=False, color='white', colorSpace='named', contrast=1.0, depth=0.0, flipHoriz=False, flipVert=False, font='Arial', fontFiles=[], height=0.1, italic=False, languageStyle='LTR', name='setup_text', opacity=1.0, ori=0, pos=array([0., 0.]), rgb=array([255., 255., 255.]), text='default text', units='height', win=Window(...), wrapWidth=1)
6.3857 	EXP 	Created main_image = ImageStim(__class__=<class 'psychopy.visual.image.ImageStim'>, autoLog=True, color=array([1., 1., 1.]), colorSpace='rgb', contrast=1.0, depth=0.0, flipHoriz=False, flipVert=False, image='sin', interpolate=True, mask=None, maskParams=None, name='main_image', opacity=1.0, ori=0.0, pos=array([0., 0.]), size=array([300., 300.]), texRes=128, units='pix', win=Window(...))
6.3946 	EXP 	setup_text: text = 'stimuli_tables/encoding_trials_1.csv'
6.3946 	EXP 	setup_text: autoDraw = True
7.4202 	EXP 	Imported stimuli_tables/encoding_trials_1.csv as conditions, 5 conditions, 20 params
7.4207 	EXP 	Created sequence: sequential, trialTypes=5, nReps=1, seed=None
7.4211 	EXP 	New trial (rep=0, index=0): OrderedDict([('TrialIndex', 1), ('Jitter', 2000), ('ScannerRun', 1), ('StimType', 'OLP'), ('Order', 1), ('Delay', 3), ('CurrentImage', 'stimuli/fractals/28c.jpg'), ('CurrentX', 212.1320344), ('CurrentY', 212.1320344), ('TripletMemberA', 'stimuli/fractals/28c.jpg'), ('TripletMemberB', 'stimuli/fractals/28a.jpg'), ('TripletMemberC', 'stimuli/fractals/28b.jpg'), ('Xcoordinate', 212.1320344), ('Ycoordinate', 212.1320344), ('Xcoordinate_lure1', 0.0), ('Ycoordinate_lure1', 300.0), ('Xcoordinate_lure2', 300.0), ('Ycoordinate_lure2', 0.0), ('Xcoordinate_foil', -212.1320344), ('Ycoordinate_foil', -212.1320344)])
7.4625 	EXP 	setup_text: autoDraw = False
7.4625 	EXP 	main_image: pos = array([212.1320344, 212.1320344])
7.4625 	EXP 	main_image: image = 'stimuli/fractals/28c.jpg'
7.4625 	EXP 	main_image: autoDraw = True
8.3873 	EXP 	New trial (rep=0, index=1): OrderedDict([('TrialIndex', 2), ('Jitter', 6000), ('ScannerRun', 1), ('StimType', 'OLP'), ('Order', 1), ('Delay', 3), ('CurrentImage', 'stimuli/fractals/96b.jpg'), ('CurrentX', 212.1320344), ('CurrentY', -212.1320344), ('TripletMemberA', 'stimuli/fractals/96b.jpg'), ('TripletMemberB', 'stimuli/fractals/96c.jpg'), ('TripletMemberC', 'stimuli/fractals/96a.jpg'), ('Xcoordinate', 212.1320344), ('Ycoordinate', -212.1320344), ('Xcoordinate_lure1', 0.0), ('Ycoordinate_lure1', -300.0), ('Xcoordinate_lure2', 300.0), ('Ycoordinate_lure2', 0.0), ('Xcoordinate_foil', -212.1320344), ('Ycoordinate_foil', 212.1320344)])
8.4261 	EXP 	main_image: autoDraw = False
8.4261 	EXP 	main_image: pos = array([ 212.1320344, -212.1320344])
8.4261 	EXP 	main_image: image = 'stimuli/fractals/96b.jpg'
8.4261 	EXP 	main_image: autoDraw = True
9.3866 	EXP 	New trial (rep=0, index=2): OrderedDict([('TrialIndex', 3), ('Jitter', 2000), ('ScannerRun', 1), ('StimType', 'LLP'), ('Order', 1), ('Delay', 5), ('CurrentImage', 'stimuli/fractals/30c.jpg'), ('CurrentX', 212.1320344), ('CurrentY', 212.1320344), ('TripletMemberA', 'stimuli/fractals/30c.jpg'), ('TripletMemberB', 'stimuli/fractals/30b.jpg'), ('TripletMemberC', 'stimuli/fractals/30a.jpg'), ('Xcoordinate', 212.1320344), ('Ycoordinate', 212.1320344), ('Xcoordinate_lure1', 300.0), ('Ycoordinate_lure1', 0.0), ('Xcoordinate_lure2', 0.0), ('Ycoordinate_lure2', 300.0), ('Xcoordinate_foil', -212.1320344), ('Ycoordinate_foil', -212.1320344)])
9.4231 	EXP 	main_image: autoDraw = False
9.4231 	EXP 	main_image: pos = array([212.1320344, 212.1320344])
9.4231 	EXP 	main_image: image = 'stimuli/fractals/30c.jpg'
9.4231 	EXP 	main_image: autoDraw = True
10.3870 	EXP 	New trial (rep=0, index=3): OrderedDict([('TrialIndex', 4), ('Jitter', 1000), ('ScannerRun', 1), ('StimType', 'ERP'), ('Order', 1), ('Delay', 2), ('CurrentImage', 'stimuli/fractals/36c.jpg'), ('CurrentX', 212.1320344), ('CurrentY', -212.1320344), ('TripletMemberA', 'stimuli/fractals/36c.jpg'), ('TripletMemberB', 'stimuli/fractals/36a.jpg'), ('TripletMemberC', 'stimuli/fractals/36b.jpg'), ('Xcoordinate', 212.1320344), ('Ycoordinate', -212.1320344), ('Xcoordinate_lure1', 300.0), ('Ycoordinate_lure1', 0.0), ('Xcoordinate_lure2', 0.0), ('Ycoordinate_lure2', -300.0), ('Xcoordinate_foil', -300.0), ('Ycoordinate_foil', 0.0)])
10.4212 	EXP 	main_image: autoDraw = False
10.4212 	EXP 	main_image: pos = array([ 212.1320344, -212.1320344])
10.4212 	EXP 	main_image: image = 'stimuli/fractals/36c.jpg'
10.4212 	EXP 	main_image: autoDraw = True
11.3871 	EXP 	New trial (rep=0, index=4): OrderedDict([('TrialIndex', 5), ('Jitter', 5000), ('ScannerRun', 1), ('StimType', 'OLP'), ('Order', 2), ('Delay', 0), ('CurrentImage', 'stimuli/fractals/28a.jpg'), ('CurrentX', 212.1320344), ('CurrentY', 212.1320344), ('TripletMemberA', 'stimuli/fractals/28c.jpg'), ('TripletMemberB', 'stimuli/fractals/28a.jpg'), ('TripletMemberC', 'stimuli/fractals/28b.jpg'), ('Xcoordinate', 212.1320344), ('Ycoordinate', 212.1320344), ('Xcoordinate_lure1', 0.0), ('Ycoordinate_lure1', 300.0), ('Xcoordinate_lure2', 300.0), ('Ycoordinate_lure2', 0.0), ('Xcoordinate_foil', -212.1320344), ('Ycoordinate_foil', -212.1320344)])
11.4228 	EXP 	main_image: autoDraw = False
11.4228 	EXP 	main_image: pos = array([212.1320344, 212.1320344])
11.4228 	EXP 	main_image: image = 'stimuli/fractals/28c.jpg'
11.4228 	EXP 	main_image: autoDraw = True
12.3884 	EXP 	main_image: autoDraw = False
12.3974 	EXP 	window1: mouseVisible = True
