0.4369 	WARNING 	We strongly recommend you activate the PTB sound engine in PsychoPy prefs as the preferred audio engine. Its timing is vastly superior. Your prefs are currently set to use ['sounddevice', 'PTB', 'pyo', 'pygame'] (in that order).
1.0190 	WARNING 	Import Error: No module named 'psychtoolbox'. Using event module for keyboard component.
4.3619 	WARNING 	Monitor specification not found. Creating a temporary one...
4.7247 	EXP 	Created window1 = Window(allowGUI=False, allowStencil=False, args=UNKNOWN, autoLog=True, bitsMode=UNKNOWN, blendMode='avg', bpc=(8, 8, 8), color=array([0.804, 0.804, 0.961]), colorSpace='rgb', depthBits=8, fullscr=<method-wrapper '__getattribute__' of attributeSetter object at 0x7f4cd61f87f0>, gamma=None, gammaErrorPolicy='raise', kwargs=UNKNOWN, lms=UNKNOWN, monitor=<psychopy.monitors.calibTools.Monitor object at 0x7f4cc7f24a20>, multiSample=False, name='window1', numSamples=2, pos=[0.0, 0.0], screen=0, size=array([1920, 1080]), stencilBits=0, stereo=False, units='height', useFBO=True, useRetina=False, viewOri=0.0, viewPos=None, viewScale=None, waitBlanking=True, winType='pyglet')
4.7248 	EXP 	window1: recordFrameIntervals = False
4.7345 	EXP 	window1: recordFrameIntervals = True
4.7399 	WARNING 	t of last frame was 1.57ms (=1/636)
4.7461 	EXP 	window1: recordFrameIntervals = False
4.8037 	EXP 	Created lab_thanks = TextStim(__class__=<class 'psychopy.visual.text.TextStim'>, alignHoriz=method-wrapper(...), alignText='center', alignVert=method-wrapper(...), anchorHoriz='center', anchorVert='center', antialias=True, autoLog=True, bold=False, color='black', colorSpace='named', contrast=1.0, depth=0.0, flipHoriz=False, flipVert=False, font='Arial', fontFiles=[], height=0.05, italic=False, languageStyle='LTR', name='lab_thanks', opacity=1.0, ori=0, pos=array([0., 0.]), rgb=array([0., 0., 0.]), text=str(...), units='height', win=Window(...), wrapWidth=1)
4.8114 	EXP 	Created start_encoding_text = TextStim(__class__=<class 'psychopy.visual.text.TextStim'>, alignHoriz=method-wrapper(...), alignText='center', alignVert=method-wrapper(...), anchorHoriz='center', anchorVert='center', antialias=True, autoLog=True, bold=False, color='black', colorSpace='named', contrast=1.0, depth=0.0, flipHoriz=False, flipVert=False, font='Arial', fontFiles=[], height=0.1, italic=False, languageStyle='LTR', name='start_encoding_text', opacity=1.0, ori=0, pos=array([0., 0.]), rgb=array([0., 0., 0.]), text='default text', units='height', win=Window(...), wrapWidth=1)
4.8366 	EXP 	Created enc_instructions_1_text = TextStim(__class__=<class 'psychopy.visual.text.TextStim'>, alignHoriz=method-wrapper(...), alignText='center', alignVert=method-wrapper(...), anchorHoriz='center', anchorVert='center', antialias=True, autoLog=True, bold=False, color='black', colorSpace='named', contrast=1.0, depth=0.0, flipHoriz=False, flipVert=False, font='Arial', fontFiles=[], height=0.04, italic=False, languageStyle='LTR', name='enc_instructions_1_text', opacity=1.0, ori=0, pos=array([-0.4,  0. ]), rgb=array([0., 0., 0.]), text=str(...), units='height', win=Window(...), wrapWidth=0.9)
4.8881 	EXP 	Created enc_instructions_1_image = ImageStim(__class__=<class 'psychopy.visual.image.ImageStim'>, autoLog=True, color=array([1., 1., 1.]), colorSpace='rgb', contrast=1.0, depth=-1.0, flipHoriz=False, flipVert=False, image='stimuli/GalleryBuildingFromOutside.jpg', interpolate=True, mask=None, maskParams=None, name='enc_instructions_1_image', opacity=1.0, ori=0.0, pos=array([450.,   0.]), size=array([600., 450.]), texRes=128, units='pix', win=Window(...))
4.9015 	EXP 	Created enc_instructions_2_text = TextStim(__class__=<class 'psychopy.visual.text.TextStim'>, alignHoriz=method-wrapper(...), alignText='center', alignVert=method-wrapper(...), anchorHoriz='center', anchorVert='center', antialias=True, autoLog=True, bold=False, color='black', colorSpace='named', contrast=1.0, depth=0.0, flipHoriz=False, flipVert=False, font='Arial', fontFiles=[], height=0.04, italic=False, languageStyle='LTR', name='enc_instructions_2_text', opacity=1.0, ori=0, pos=array([-0.5,  0. ]), rgb=array([0., 0., 0.]), text=str(...), units='height', win=Window(...), wrapWidth=0.7)
4.9273 	EXP 	Created enc_instructions_2_image = ImageStim(__class__=<class 'psychopy.visual.image.ImageStim'>, autoLog=True, color=array([1., 1., 1.]), colorSpace='rgb', contrast=1.0, depth=-1.0, flipHoriz=False, flipVert=False, image='stimuli/GalleryInfo.jpg', interpolate=True, mask=None, maskParams=None, name='enc_instructions_2_image', opacity=1.0, ori=0.0, pos=array([425.,   0.]), size=array([1000.,  750.]), texRes=128, units='pix', win=Window(...))
4.9412 	EXP 	Created enc_instructions_3_text = TextStim(__class__=<class 'psychopy.visual.text.TextStim'>, alignHoriz=method-wrapper(...), alignText='center', alignVert=method-wrapper(...), anchorHoriz='center', anchorVert='center', antialias=True, autoLog=True, bold=False, color='black', colorSpace='named', contrast=1.0, depth=0.0, flipHoriz=False, flipVert=False, font='Arial', fontFiles=[], height=0.05, italic=False, languageStyle='LTR', name='enc_instructions_3_text', opacity=1.0, ori=0, pos=array([0., 0.]), rgb=array([0., 0., 0.]), text=str(...), units='height', win=Window(...), wrapWidth=1)
4.9488 	EXP 	Created start_practice_text = TextStim(__class__=<class 'psychopy.visual.text.TextStim'>, alignHoriz=method-wrapper(...), alignText='center', alignVert=method-wrapper(...), anchorHoriz='center', anchorVert='center', antialias=True, autoLog=True, bold=False, color='black', colorSpace='named', contrast=1.0, depth=0.0, flipHoriz=False, flipVert=False, font='Arial', fontFiles=[], height=0.1, italic=False, languageStyle='LTR', name='start_practice_text', opacity=1.0, ori=0, pos=array([0., 0.]), rgb=array([0., 0., 0.]), text='Kezdődik a gyakorlás...', units='height', win=Window(...), wrapWidth=1)
4.9636 	EXP 	Created enc_fx_map = ImageStim(__class__=<class 'psychopy.visual.image.ImageStim'>, autoLog=True, color=array([1., 1., 1.]), colorSpace='rgb', contrast=1.0, depth=0.0, flipHoriz=False, flipVert=False, image='stimuli/GalleryPlanInside.jpg', interpolate=True, mask=None, maskParams=None, name='enc_fx_map', opacity=1.0, ori=0.0, pos=array([  0., -25.]), size=array([1040., 1000.]), texRes=128, units='pix', win=Window(...))
4.9695 	EXP 	Created enc_fx_cross = TextStim(__class__=<class 'psychopy.visual.text.TextStim'>, alignHoriz=method-wrapper(...), alignText='center', alignVert=method-wrapper(...), anchorHoriz='center', anchorVert='center', antialias=True, autoLog=True, bold=False, color='black', colorSpace='named', contrast=1.0, depth=-1.0, flipHoriz=False, flipVert=False, font='Arial', fontFiles=[], height=50, italic=False, languageStyle='LTR', name='enc_fx_cross', opacity=1.0, ori=0, pos=array([0., 0.]), rgb=array([0., 0., 0.]), text='+', units='pix', win=Window(...), wrapWidth=500)
4.9836 	EXP 	Created enc_trial_map = ImageStim(__class__=<class 'psychopy.visual.image.ImageStim'>, autoLog=True, color=array([1., 1., 1.]), colorSpace='rgb', contrast=1.0, depth=0.0, flipHoriz=False, flipVert=False, image='stimuli/GalleryPlanInside.jpg', interpolate=True, mask=None, maskParams=None, name='enc_trial_map', opacity=1.0, ori=0.0, pos=array([  0., -25.]), size=array([1040., 1000.]), texRes=128, units='pix', win=Window(...))
4.9851 	EXP 	Created enc_trial_main_image = ImageStim(__class__=<class 'psychopy.visual.image.ImageStim'>, autoLog=True, color=array([1., 1., 1.]), colorSpace='rgb', contrast=1.0, depth=-1.0, flipHoriz=False, flipVert=False, image='sin', interpolate=True, mask=None, maskParams=None, name='enc_trial_main_image', opacity=1.0, ori=0.0, pos=array([0., 0.]), size=array([300., 300.]), texRes=128, units='pix', win=Window(...))
4.9995 	EXP 	Created enc_practice_feedback_map = ImageStim(__class__=<class 'psychopy.visual.image.ImageStim'>, autoLog=True, color=array([1., 1., 1.]), colorSpace='rgb', contrast=1.0, depth=-1.0, flipHoriz=False, flipVert=False, image='stimuli/GalleryPlanInside.jpg', interpolate=True, mask=None, maskParams=None, name='enc_practice_feedback_map', opacity=1.0, ori=0.0, pos=array([  0., -25.]), size=array([1040., 1000.]), texRes=128, units='pix', win=Window(...))
5.0007 	EXP 	Created enc_practice_feedback_image = ImageStim(__class__=<class 'psychopy.visual.image.ImageStim'>, autoLog=True, color=array([1., 1., 1.]), colorSpace='rgb', contrast=1.0, depth=-2.0, flipHoriz=False, flipVert=False, image='sin', interpolate=True, mask=None, maskParams=None, name='enc_practice_feedback_image', opacity=1.0, ori=0.0, pos=array([0., 0.]), size=array([300., 300.]), texRes=128, units='pix', win=Window(...))
5.0046 	EXP 	Created enc_practice_feedback_text = TextStim(__class__=<class 'psychopy.visual.text.TextStim'>, alignHoriz=method-wrapper(...), alignText='center', alignVert=method-wrapper(...), anchorHoriz='center', anchorVert='center', antialias=True, autoLog=True, bold=False, color='black', colorSpace='named', contrast=1.0, depth=-3.0, flipHoriz=False, flipVert=False, font='Arial', fontFiles=[], height=0.05, italic=False, languageStyle='LTR', name='enc_practice_feedback_text', opacity=1.0, ori=0, pos=array([0., 0.]), rgb=array([0., 0., 0.]), text='default text', units='height', win=Window(...), wrapWidth=1)
5.0189 	EXP 	Created end_practice_text = TextStim(__class__=<class 'psychopy.visual.text.TextStim'>, alignHoriz=method-wrapper(...), alignText='center', alignVert=method-wrapper(...), anchorHoriz='center', anchorVert='center', antialias=True, autoLog=True, bold=False, color='black', colorSpace='named', contrast=1.0, depth=0.0, flipHoriz=False, flipVert=False, font='Arial', fontFiles=[], height=0.05, italic=False, languageStyle='LTR', name='end_practice_text', opacity=1.0, ori=0, pos=array([0., 0.]), rgb=array([0., 0., 0.]), text=str(...), units='height', win=Window(...), wrapWidth=0.8)
5.0228 	EXP 	Created start_enc_run_text = TextStim(__class__=<class 'psychopy.visual.text.TextStim'>, alignHoriz=method-wrapper(...), alignText='center', alignVert=method-wrapper(...), anchorHoriz='center', anchorVert='center', antialias=True, autoLog=True, bold=False, color='black', colorSpace='named', contrast=1.0, depth=-2.0, flipHoriz=False, flipVert=False, font='Arial', fontFiles=[], height=0.1, italic=False, languageStyle='LTR', name='start_enc_run_text', opacity=1.0, ori=0, pos=array([0., 0.]), rgb=array([0., 0., 0.]), text='Kezdődik a feladat...', units='height', win=Window(...), wrapWidth=1)
5.0386 	EXP 	Created enc_fx_map = ImageStim(__class__=<class 'psychopy.visual.image.ImageStim'>, autoLog=True, color=array([1., 1., 1.]), colorSpace='rgb', contrast=1.0, depth=0.0, flipHoriz=False, flipVert=False, image='stimuli/GalleryPlanInside.jpg', interpolate=True, mask=None, maskParams=None, name='enc_fx_map', opacity=1.0, ori=0.0, pos=array([  0., -25.]), size=array([1040., 1000.]), texRes=128, units='pix', win=Window(...))
5.0398 	EXP 	Created enc_fx_cross = TextStim(__class__=<class 'psychopy.visual.text.TextStim'>, alignHoriz=method-wrapper(...), alignText='center', alignVert=method-wrapper(...), anchorHoriz='center', anchorVert='center', antialias=True, autoLog=True, bold=False, color='black', colorSpace='named', contrast=1.0, depth=-1.0, flipHoriz=False, flipVert=False, font='Arial', fontFiles=[], height=50, italic=False, languageStyle='LTR', name='enc_fx_cross', opacity=1.0, ori=0, pos=array([0., 0.]), rgb=array([0., 0., 0.]), text='+', units='pix', win=Window(...), wrapWidth=500)
5.0544 	EXP 	Created enc_trial_map = ImageStim(__class__=<class 'psychopy.visual.image.ImageStim'>, autoLog=True, color=array([1., 1., 1.]), colorSpace='rgb', contrast=1.0, depth=0.0, flipHoriz=False, flipVert=False, image='stimuli/GalleryPlanInside.jpg', interpolate=True, mask=None, maskParams=None, name='enc_trial_map', opacity=1.0, ori=0.0, pos=array([  0., -25.]), size=array([1040., 1000.]), texRes=128, units='pix', win=Window(...))
5.0557 	EXP 	Created enc_trial_main_image = ImageStim(__class__=<class 'psychopy.visual.image.ImageStim'>, autoLog=True, color=array([1., 1., 1.]), colorSpace='rgb', contrast=1.0, depth=-1.0, flipHoriz=False, flipVert=False, image='sin', interpolate=True, mask=None, maskParams=None, name='enc_trial_main_image', opacity=1.0, ori=0.0, pos=array([0., 0.]), size=array([300., 300.]), texRes=128, units='pix', win=Window(...))
5.0637 	EXP 	Created end_enc_run_text = TextStim(__class__=<class 'psychopy.visual.text.TextStim'>, alignHoriz=method-wrapper(...), alignText='center', alignVert=method-wrapper(...), anchorHoriz='center', anchorVert='center', antialias=True, autoLog=True, bold=False, color='black', colorSpace='named', contrast=1.0, depth=0.0, flipHoriz=False, flipVert=False, font='Arial', fontFiles=[], height=0.06, italic=False, languageStyle='LTR', name='end_enc_run_text', opacity=1.0, ori=0, pos=array([0., 0.]), rgb=array([0., 0., 0.]), text='default text', units='height', win=Window(...), wrapWidth=1)
5.0715 	EXP 	Created start_recognition_text = TextStim(__class__=<class 'psychopy.visual.text.TextStim'>, alignHoriz=method-wrapper(...), alignText='center', alignVert=method-wrapper(...), anchorHoriz='center', anchorVert='center', antialias=True, autoLog=True, bold=False, color='black', colorSpace='named', contrast=1.0, depth=-2.0, flipHoriz=False, flipVert=False, font='Arial', fontFiles=[], height=0.1, italic=False, languageStyle='LTR', name='start_recognition_text', opacity=1.0, ori=0, pos=array([0., 0.]), rgb=array([0., 0., 0.]), text='Második feladat\nKépfelismerés', units='height', win=Window(...), wrapWidth=1)
5.0869 	EXP 	Created rec_instructions_1_text = TextStim(__class__=<class 'psychopy.visual.text.TextStim'>, alignHoriz=method-wrapper(...), alignText='center', alignVert=method-wrapper(...), anchorHoriz='center', anchorVert='center', antialias=True, autoLog=True, bold=False, color='black', colorSpace='named', contrast=1.0, depth=0.0, flipHoriz=False, flipVert=False, font='Arial', fontFiles=[], height=0.05, italic=False, languageStyle='LTR', name='rec_instructions_1_text', opacity=1.0, ori=0, pos=array([0., 0.]), rgb=array([0., 0., 0.]), text=str(...), units='height', win=Window(...), wrapWidth=1)
5.1132 	EXP 	Created rec_instructions2_text = TextStim(__class__=<class 'psychopy.visual.text.TextStim'>, alignHoriz=method-wrapper(...), alignText='center', alignVert=method-wrapper(...), anchorHoriz='center', anchorVert='center', antialias=True, autoLog=True, bold=False, color='black', colorSpace='named', contrast=1.0, depth=0.0, flipHoriz=False, flipVert=False, font='Arial', fontFiles=[], height=0.03, italic=False, languageStyle='LTR', name='rec_instructions2_text', opacity=1.0, ori=0, pos=array([0., 0.]), rgb=array([0., 0., 0.]), text=str(...), units='height', win=Window(...), wrapWidth=1)
5.1378 	EXP 	Created rec_instrauction_3_text = TextStim(__class__=<class 'psychopy.visual.text.TextStim'>, alignHoriz=method-wrapper(...), alignText='center', alignVert=method-wrapper(...), anchorHoriz='center', anchorVert='center', antialias=True, autoLog=True, bold=False, color='black', colorSpace='named', contrast=1.0, depth=0.0, flipHoriz=False, flipVert=False, font='Arial', fontFiles=[], height=0.03, italic=False, languageStyle='LTR', name='rec_instrauction_3_text', opacity=1.0, ori=0, pos=array([0., 0.]), rgb=array([0., 0., 0.]), text=str(...), units='height', win=Window(...), wrapWidth=1)
5.1429 	EXP 	Created rec_instructions_4_text = TextStim(__class__=<class 'psychopy.visual.text.TextStim'>, alignHoriz=method-wrapper(...), alignText='center', alignVert=method-wrapper(...), anchorHoriz='center', anchorVert='center', antialias=True, autoLog=True, bold=False, color='black', colorSpace='named', contrast=1.0, depth=0.0, flipHoriz=False, flipVert=False, font='Arial', fontFiles=[], height=0.05, italic=False, languageStyle='LTR', name='rec_instructions_4_text', opacity=1.0, ori=0, pos=array([0., 0.]), rgb=array([0., 0., 0.]), text=str(...), units='height', win=Window(...), wrapWidth=1)
5.1591 	EXP 	Created demo_map = ImageStim(__class__=<class 'psychopy.visual.image.ImageStim'>, autoLog=True, color=array([1., 1., 1.]), colorSpace='rgb', contrast=1.0, depth=0.0, flipHoriz=False, flipVert=False, image='stimuli/GalleryPlanInside.jpg', interpolate=True, mask=None, maskParams=None, name='demo_map', opacity=1.0, ori=0.0, pos=array([  0., -25.]), size=array([1040., 1000.]), texRes=128, units='pix', win=Window(...))
5.1604 	EXP 	Created demo_main_image = ImageStim(__class__=<class 'psychopy.visual.image.ImageStim'>, autoLog=True, color=array([1., 1., 1.]), colorSpace='rgb', contrast=1.0, depth=-1.0, flipHoriz=False, flipVert=False, image='sin', interpolate=True, mask=None, maskParams=None, name='demo_main_image', opacity=1.0, ori=0.0, pos=array([0., 0.]), size=array([300., 300.]), texRes=128, units='pix', win=Window(...))
5.1616 	EXP 	Created demo_image = ImageStim(__class__=<class 'psychopy.visual.image.ImageStim'>, autoLog=True, color=array([1., 1., 1.]), colorSpace='rgb', contrast=1.0, depth=-2.0, flipHoriz=False, flipVert=False, image='sin', interpolate=True, mask=None, maskParams=None, name='demo_image', opacity=1.0, ori=0.0, pos=array([0., 0.]), size=array([300., 300.]), texRes=128, units='pix', win=Window(...))
5.1638 	EXP 	Created demo_text = TextStim(__class__=<class 'psychopy.visual.text.TextStim'>, alignHoriz=method-wrapper(...), alignText='center', alignVert=method-wrapper(...), anchorHoriz='center', anchorVert='center', antialias=True, autoLog=True, bold=False, color='black', colorSpace='named', contrast=1.0, depth=-3.0, flipHoriz=False, flipVert=False, font='Arial', fontFiles=[], height=0.05, italic=False, languageStyle='LTR', name='demo_text', opacity=1.0, ori=0, pos=array([0.  , 0.45]), rgb=array([0., 0., 0.]), text='default text', units='height', win=Window(...), wrapWidth=1)
5.1680 	EXP 	Created demo_end_text = TextStim(__class__=<class 'psychopy.visual.text.TextStim'>, alignHoriz=method-wrapper(...), alignText='center', alignVert=method-wrapper(...), anchorHoriz='center', anchorVert='center', antialias=True, autoLog=True, bold=False, color='black', colorSpace='named', contrast=1.0, depth=0.0, flipHoriz=False, flipVert=False, font='Arial', fontFiles=[], height=0.05, italic=False, languageStyle='LTR', name='demo_end_text', opacity=1.0, ori=0, pos=array([0., 0.]), rgb=array([0., 0., 0.]), text=str(...), units='height', win=Window(...), wrapWidth=1)
5.1720 	EXP 	Created start_practice_text = TextStim(__class__=<class 'psychopy.visual.text.TextStim'>, alignHoriz=method-wrapper(...), alignText='center', alignVert=method-wrapper(...), anchorHoriz='center', anchorVert='center', antialias=True, autoLog=True, bold=False, color='black', colorSpace='named', contrast=1.0, depth=0.0, flipHoriz=False, flipVert=False, font='Arial', fontFiles=[], height=0.1, italic=False, languageStyle='LTR', name='start_practice_text', opacity=1.0, ori=0, pos=array([0., 0.]), rgb=array([0., 0., 0.]), text='Kezdődik a gyakorlás...', units='height', win=Window(...), wrapWidth=1)
5.1748 	EXP 	Created rec_practice_block_text = TextStim(__class__=<class 'psychopy.visual.text.TextStim'>, alignHoriz=method-wrapper(...), alignText='center', alignVert=method-wrapper(...), anchorHoriz='center', anchorVert='center', antialias=True, autoLog=True, bold=False, color='black', colorSpace='named', contrast=1.0, depth=-1.0, flipHoriz=False, flipVert=False, font='Arial', fontFiles=[], height=0.1, italic=False, languageStyle='LTR', name='rec_practice_block_text', opacity=1.0, ori=0, pos=array([0., 0.]), rgb=array([0., 0., 0.]), text='default text', units='height', win=Window(...), wrapWidth=1)
5.1888 	EXP 	Created rec_fx_map = ImageStim(__class__=<class 'psychopy.visual.image.ImageStim'>, autoLog=True, color=array([1., 1., 1.]), colorSpace='rgb', contrast=1.0, depth=0.0, flipHoriz=False, flipVert=False, image='stimuli/GalleryPlanInside.jpg', interpolate=True, mask=None, maskParams=None, name='rec_fx_map', opacity=1.0, ori=0.0, pos=array([  0., -25.]), size=array([1040., 1000.]), texRes=128, units='pix', win=Window(...))
5.1907 	EXP 	Created rec_fx_cross = TextStim(__class__=<class 'psychopy.visual.text.TextStim'>, alignHoriz=method-wrapper(...), alignText='center', alignVert=method-wrapper(...), anchorHoriz='center', anchorVert='center', antialias=True, autoLog=True, bold=False, color='black', colorSpace='named', contrast=1.0, depth=-1.0, flipHoriz=False, flipVert=False, font='Arial', fontFiles=[], height=50, italic=False, languageStyle='LTR', name='rec_fx_cross', opacity=1.0, ori=0, pos=array([0., 0.]), rgb=array([0., 0., 0.]), text='+', units='pix', win=Window(...), wrapWidth=500)
5.1955 	EXP 	Created rec_fx_text_block = TextStim(__class__=<class 'psychopy.visual.text.TextStim'>, alignHoriz=method-wrapper(...), alignText='center', alignVert=method-wrapper(...), anchorHoriz='center', anchorVert='center', antialias=True, autoLog=True, bold=False, color='black', colorSpace='named', contrast=1.0, depth=-3.0, flipHoriz=False, flipVert=False, font='Arial', fontFiles=[], height=0.045, italic=False, languageStyle='LTR', name='rec_fx_text_block', opacity=1.0, ori=0, pos=array([0.  , 0.45]), rgb=array([0., 0., 0.]), text='default text', units='height', win=Window(...), wrapWidth=1)
5.2014 	EXP 	Created rec_fx_instructions_text = TextStim(__class__=<class 'psychopy.visual.text.TextStim'>, alignHoriz=method-wrapper(...), alignText='center', alignVert=method-wrapper(...), anchorHoriz='center', anchorVert='center', antialias=True, autoLog=True, bold=False, color='white', colorSpace='named', contrast=1.0, depth=-4.0, flipHoriz=False, flipVert=False, font='Arial', fontFiles=[], height=0.045, italic=False, languageStyle='LTR', name='rec_fx_instructions_text', opacity=1.0, ori=0, pos=array([ 0.   , -0.045]), rgb=array([255., 255., 255.]), text='[F - Régi]  [J - Új] [K - Hasonló]', units='height', win=Window(...), wrapWidth=1)
5.2158 	EXP 	Created rec_trial_map = ImageStim(__class__=<class 'psychopy.visual.image.ImageStim'>, autoLog=True, color=array([1., 1., 1.]), colorSpace='rgb', contrast=1.0, depth=0.0, flipHoriz=False, flipVert=False, image='stimuli/GalleryPlanInside.jpg', interpolate=True, mask=None, maskParams=None, name='rec_trial_map', opacity=1.0, ori=0.0, pos=array([  0., -25.]), size=array([1040., 1000.]), texRes=128, units='pix', win=Window(...))
5.2170 	EXP 	Created rec_trial_main_image = ImageStim(__class__=<class 'psychopy.visual.image.ImageStim'>, autoLog=True, color=array([1., 1., 1.]), colorSpace='rgb', contrast=1.0, depth=-1.0, flipHoriz=False, flipVert=False, image='sin', interpolate=True, mask=None, maskParams=None, name='rec_trial_main_image', opacity=1.0, ori=0.0, pos=array([0., 0.]), size=array([300., 300.]), texRes=128, units='pix', win=Window(...))
5.2195 	EXP 	Created rec_trial_text_block = TextStim(__class__=<class 'psychopy.visual.text.TextStim'>, alignHoriz=method-wrapper(...), alignText='center', alignVert=method-wrapper(...), anchorHoriz='center', anchorVert='center', antialias=True, autoLog=True, bold=False, color='black', colorSpace='named', contrast=1.0, depth=-3.0, flipHoriz=False, flipVert=False, font='Arial', fontFiles=[], height=0.045, italic=False, languageStyle='LTR', name='rec_trial_text_block', opacity=1.0, ori=0, pos=array([0.  , 0.45]), rgb=array([0., 0., 0.]), text='default text', units='height', win=Window(...), wrapWidth=1)
5.2217 	EXP 	Created rec_trial_instructions_text = TextStim(__class__=<class 'psychopy.visual.text.TextStim'>, alignHoriz=method-wrapper(...), alignText='center', alignVert=method-wrapper(...), anchorHoriz='center', anchorVert='center', antialias=True, autoLog=True, bold=False, color='black', colorSpace='named', contrast=1.0, depth=-4.0, flipHoriz=False, flipVert=False, font='Arial', fontFiles=[], height=0.045, italic=False, languageStyle='LTR', name='rec_trial_instructions_text', opacity=1.0, ori=0, pos=array([ 0.  , -0.45]), rgb=array([0., 0., 0.]), text='[F - Régi]  [J - Új] [K - Hasonló]', units='height', win=Window(...), wrapWidth=1)
5.2248 	EXP 	Created rec_practice_feedback_text = TextStim(__class__=<class 'psychopy.visual.text.TextStim'>, alignHoriz=method-wrapper(...), alignText='center', alignVert=method-wrapper(...), anchorHoriz='center', anchorVert='center', antialias=True, autoLog=True, bold=False, color='black', colorSpace='named', contrast=1.0, depth=0.0, flipHoriz=False, flipVert=False, font='Arial', fontFiles=[], height=0.05, italic=False, languageStyle='LTR', name='rec_practice_feedback_text', opacity=1.0, ori=0, pos=array([0., 0.]), rgb=array([0., 0., 0.]), text='default text', units='height', win=Window(...), wrapWidth=1)
5.2377 	EXP 	Created end_practice_text = TextStim(__class__=<class 'psychopy.visual.text.TextStim'>, alignHoriz=method-wrapper(...), alignText='center', alignVert=method-wrapper(...), anchorHoriz='center', anchorVert='center', antialias=True, autoLog=True, bold=False, color='black', colorSpace='named', contrast=1.0, depth=0.0, flipHoriz=False, flipVert=False, font='Arial', fontFiles=[], height=0.05, italic=False, languageStyle='LTR', name='end_practice_text', opacity=1.0, ori=0, pos=array([0., 0.]), rgb=array([0., 0., 0.]), text=str(...), units='height', win=Window(...), wrapWidth=0.8)
5.2413 	EXP 	Created start_rec_run_text = TextStim(__class__=<class 'psychopy.visual.text.TextStim'>, alignHoriz=method-wrapper(...), alignText='center', alignVert=method-wrapper(...), anchorHoriz='center', anchorVert='center', antialias=True, autoLog=True, bold=False, color='black', colorSpace='named', contrast=1.0, depth=-1.0, flipHoriz=False, flipVert=False, font='Arial', fontFiles=[], height=0.1, italic=False, languageStyle='LTR', name='start_rec_run_text', opacity=1.0, ori=0, pos=array([0., 0.]), rgb=array([0., 0., 0.]), text='Kezdődik a feladat...', units='height', win=Window(...), wrapWidth=1)
5.2433 	EXP 	Created start_rec_block_text = TextStim(__class__=<class 'psychopy.visual.text.TextStim'>, alignHoriz=method-wrapper(...), alignText='center', alignVert=method-wrapper(...), anchorHoriz='center', anchorVert='center', antialias=True, autoLog=True, bold=False, color='black', colorSpace='named', contrast=1.0, depth=-1.0, flipHoriz=False, flipVert=False, font='Arial', fontFiles=[], height=0.1, italic=False, languageStyle='LTR', name='start_rec_block_text', opacity=1.0, ori=0, pos=array([0., 0.]), rgb=array([0., 0., 0.]), text='default text', units='height', win=Window(...), wrapWidth=1)
5.2575 	EXP 	Created rec_fx_map = ImageStim(__class__=<class 'psychopy.visual.image.ImageStim'>, autoLog=True, color=array([1., 1., 1.]), colorSpace='rgb', contrast=1.0, depth=0.0, flipHoriz=False, flipVert=False, image='stimuli/GalleryPlanInside.jpg', interpolate=True, mask=None, maskParams=None, name='rec_fx_map', opacity=1.0, ori=0.0, pos=array([  0., -25.]), size=array([1040., 1000.]), texRes=128, units='pix', win=Window(...))
5.2593 	EXP 	Created rec_fx_cross = TextStim(__class__=<class 'psychopy.visual.text.TextStim'>, alignHoriz=method-wrapper(...), alignText='center', alignVert=method-wrapper(...), anchorHoriz='center', anchorVert='center', antialias=True, autoLog=True, bold=False, color='black', colorSpace='named', contrast=1.0, depth=-1.0, flipHoriz=False, flipVert=False, font='Arial', fontFiles=[], height=50, italic=False, languageStyle='LTR', name='rec_fx_cross', opacity=1.0, ori=0, pos=array([0., 0.]), rgb=array([0., 0., 0.]), text='+', units='pix', win=Window(...), wrapWidth=500)
5.2623 	EXP 	Created rec_fx_text_block = TextStim(__class__=<class 'psychopy.visual.text.TextStim'>, alignHoriz=method-wrapper(...), alignText='center', alignVert=method-wrapper(...), anchorHoriz='center', anchorVert='center', antialias=True, autoLog=True, bold=False, color='black', colorSpace='named', contrast=1.0, depth=-3.0, flipHoriz=False, flipVert=False, font='Arial', fontFiles=[], height=0.045, italic=False, languageStyle='LTR', name='rec_fx_text_block', opacity=1.0, ori=0, pos=array([0.  , 0.45]), rgb=array([0., 0., 0.]), text='default text', units='height', win=Window(...), wrapWidth=1)
5.2680 	EXP 	Created rec_fx_instructions_text = TextStim(__class__=<class 'psychopy.visual.text.TextStim'>, alignHoriz=method-wrapper(...), alignText='center', alignVert=method-wrapper(...), anchorHoriz='center', anchorVert='center', antialias=True, autoLog=True, bold=False, color='white', colorSpace='named', contrast=1.0, depth=-4.0, flipHoriz=False, flipVert=False, font='Arial', fontFiles=[], height=0.045, italic=False, languageStyle='LTR', name='rec_fx_instructions_text', opacity=1.0, ori=0, pos=array([ 0.   , -0.045]), rgb=array([255., 255., 255.]), text='[F - Régi]  [J - Új] [K - Hasonló]', units='height', win=Window(...), wrapWidth=1)
5.2813 	EXP 	Created rec_trial_map = ImageStim(__class__=<class 'psychopy.visual.image.ImageStim'>, autoLog=True, color=array([1., 1., 1.]), colorSpace='rgb', contrast=1.0, depth=0.0, flipHoriz=False, flipVert=False, image='stimuli/GalleryPlanInside.jpg', interpolate=True, mask=None, maskParams=None, name='rec_trial_map', opacity=1.0, ori=0.0, pos=array([  0., -25.]), size=array([1040., 1000.]), texRes=128, units='pix', win=Window(...))
5.2826 	EXP 	Created rec_trial_main_image = ImageStim(__class__=<class 'psychopy.visual.image.ImageStim'>, autoLog=True, color=array([1., 1., 1.]), colorSpace='rgb', contrast=1.0, depth=-1.0, flipHoriz=False, flipVert=False, image='sin', interpolate=True, mask=None, maskParams=None, name='rec_trial_main_image', opacity=1.0, ori=0.0, pos=array([0., 0.]), size=array([300., 300.]), texRes=128, units='pix', win=Window(...))
5.2850 	EXP 	Created rec_trial_text_block = TextStim(__class__=<class 'psychopy.visual.text.TextStim'>, alignHoriz=method-wrapper(...), alignText='center', alignVert=method-wrapper(...), anchorHoriz='center', anchorVert='center', antialias=True, autoLog=True, bold=False, color='black', colorSpace='named', contrast=1.0, depth=-3.0, flipHoriz=False, flipVert=False, font='Arial', fontFiles=[], height=0.045, italic=False, languageStyle='LTR', name='rec_trial_text_block', opacity=1.0, ori=0, pos=array([0.  , 0.45]), rgb=array([0., 0., 0.]), text='default text', units='height', win=Window(...), wrapWidth=1)
5.2877 	EXP 	Created rec_trial_instructions_text = TextStim(__class__=<class 'psychopy.visual.text.TextStim'>, alignHoriz=method-wrapper(...), alignText='center', alignVert=method-wrapper(...), anchorHoriz='center', anchorVert='center', antialias=True, autoLog=True, bold=False, color='black', colorSpace='named', contrast=1.0, depth=-4.0, flipHoriz=False, flipVert=False, font='Arial', fontFiles=[], height=0.045, italic=False, languageStyle='LTR', name='rec_trial_instructions_text', opacity=1.0, ori=0, pos=array([ 0.  , -0.45]), rgb=array([0., 0., 0.]), text='[F - Régi]  [J - Új] [K - Hasonló]', units='height', win=Window(...), wrapWidth=1)
5.2894 	EXP 	Created end_rec_run_text = TextStim(__class__=<class 'psychopy.visual.text.TextStim'>, alignHoriz=method-wrapper(...), alignText='center', alignVert=method-wrapper(...), anchorHoriz='center', anchorVert='center', antialias=True, autoLog=True, bold=False, color='black', colorSpace='named', contrast=1.0, depth=0.0, flipHoriz=False, flipVert=False, font='Arial', fontFiles=[], height=0.1, italic=False, languageStyle='LTR', name='end_rec_run_text', opacity=1.0, ori=0, pos=array([0., 0.]), rgb=array([0., 0., 0.]), text='default text', units='height', win=Window(...), wrapWidth=1)
5.2914 	EXP 	lab_thanks: autoDraw = True
7.6161 	DATA 	Keypress: right
7.6230 	EXP 	lab_thanks: autoDraw = False
7.6230 	EXP 	start_encoding_text: text = 'Első feladat\nGaléria berendezés'
7.6230 	EXP 	start_encoding_text: autoDraw = True
8.5726 	DATA 	Keypress: right
9.1243 	EXP 	start_encoding_text: autoDraw = False
9.1243 	EXP 	start_encoding_text: autoDraw = False
9.1243 	EXP 	enc_instructions_1_text: autoDraw = True
9.1243 	EXP 	enc_instructions_1_image: autoDraw = True
10.8767 	DATA 	Keypress: right
10.8800 	EXP 	enc_instructions_1_text: autoDraw = False
10.8800 	EXP 	enc_instructions_1_image: autoDraw = False
10.8800 	EXP 	enc_instructions_2_text: autoDraw = True
10.8800 	EXP 	enc_instructions_2_image: autoDraw = True
12.0807 	DATA 	Keypress: right
12.0825 	EXP 	enc_instructions_2_text: autoDraw = False
12.0825 	EXP 	enc_instructions_2_image: autoDraw = False
12.0825 	EXP 	enc_instructions_3_text: autoDraw = True
12.8477 	DATA 	Keypress: right
12.8493 	EXP 	enc_instructions_3_text: autoDraw = False
12.8493 	EXP 	start_practice_text: autoDraw = True
13.2201 	DATA 	Keypress: right
13.8553 	EXP 	Imported encoding_practice_trials.csv as conditions, 5 conditions, 9 params
13.8556 	EXP 	Created sequence: random, trialTypes=5, nReps=1, seed=None
13.8559 	EXP 	New trial (rep=0, index=0): OrderedDict([('Task', 'EncodingPractice'), ('TrialType', 'LOC'), ('StimType', 'LURE'), ('Order', 1), ('CurrentImage', 'stimuli/fractals/159a.jpg'), ('CurrentX', 0.0), ('CurrentY', 300.0), ('Jitter', 5000), ('Section', 'Encoding')])
13.8600 	EXP 	start_practice_text: autoDraw = False
13.8600 	EXP 	start_practice_text: autoDraw = False
13.8600 	EXP 	enc_fx_cross: pos = array([  0., 300.])
13.8600 	EXP 	enc_fx_map: autoDraw = True
13.8600 	EXP 	enc_fx_cross: autoDraw = True
18.9010 	EXP 	enc_fx_map: autoDraw = False
18.9010 	EXP 	enc_fx_cross: autoDraw = False
18.9010 	EXP 	enc_fx_map: autoDraw = False
18.9010 	EXP 	enc_fx_cross: autoDraw = False
18.9010 	EXP 	enc_trial_main_image: pos = array([  0., 300.])
18.9010 	EXP 	enc_trial_main_image: image = 'stimuli/fractals/159a.jpg'
18.9010 	EXP 	enc_trial_map: autoDraw = True
18.9010 	EXP 	enc_trial_main_image: autoDraw = True
21.9045 	EXP 	enc_trial_map: autoDraw = False
21.9045 	EXP 	enc_trial_main_image: autoDraw = False
21.9045 	EXP 	enc_practice_feedback_image: pos = array([  0., 300.])
21.9045 	EXP 	enc_practice_feedback_image: image = 'stimuli/fractals/159a.jpg'
21.9045 	EXP 	enc_practice_feedback_text: text = 'Nem adott választ.'
21.9045 	EXP 	enc_practice_feedback_map: autoDraw = True
21.9045 	EXP 	enc_practice_feedback_image: autoDraw = True
21.9045 	EXP 	enc_practice_feedback_text: autoDraw = True
22.8620 	EXP 	New trial (rep=0, index=1): OrderedDict([('Task', 'EncodingPractice'), ('TrialType', 'LOC'), ('StimType', 'TARGET'), ('Order', 1), ('CurrentImage', 'stimuli/fractals/166a.jpg'), ('CurrentX', -300.0), ('CurrentY', 0.0), ('Jitter', 1500), ('Section', 'Encoding')])
22.8658 	EXP 	enc_practice_feedback_map: autoDraw = False
22.8658 	EXP 	enc_practice_feedback_image: autoDraw = False
22.8658 	EXP 	enc_practice_feedback_text: autoDraw = False
22.8658 	EXP 	enc_fx_cross: pos = array([-300.,    0.])
22.8658 	EXP 	enc_fx_map: autoDraw = True
22.8658 	EXP 	enc_fx_cross: autoDraw = True
24.4024 	EXP 	enc_fx_map: autoDraw = False
24.4024 	EXP 	enc_fx_cross: autoDraw = False
24.4024 	EXP 	enc_fx_map: autoDraw = False
24.4024 	EXP 	enc_fx_cross: autoDraw = False
24.4024 	EXP 	enc_trial_main_image: pos = array([-300.,    0.])
24.4024 	EXP 	enc_trial_main_image: image = 'stimuli/fractals/166a.jpg'
24.4024 	EXP 	enc_trial_map: autoDraw = True
24.4024 	EXP 	enc_trial_main_image: autoDraw = True
24.9995 	DATA 	Keypress: j
27.4444 	EXP 	enc_trial_map: autoDraw = False
27.4444 	EXP 	enc_trial_main_image: autoDraw = False
27.4444 	EXP 	enc_practice_feedback_image: pos = array([-300.,    0.])
27.4444 	EXP 	enc_practice_feedback_image: image = 'stimuli/fractals/166a.jpg'
27.4444 	EXP 	enc_practice_feedback_text: text = 'Az Ön válasza:\nA kép marad.'
27.4444 	EXP 	enc_practice_feedback_map: autoDraw = True
27.4444 	EXP 	enc_practice_feedback_image: autoDraw = True
27.4444 	EXP 	enc_practice_feedback_text: autoDraw = True
28.3691 	EXP 	New trial (rep=0, index=2): OrderedDict([('Task', 'EncodingPractice'), ('TrialType', 'LOC'), ('StimType', 'FOIL'), ('Order', 1), ('CurrentImage', 'stimuli/fractals/148b.jpg'), ('CurrentX', 212.1320344), ('CurrentY', 212.1320344), ('Jitter', 1000), ('Section', 'Encoding')])
28.3735 	EXP 	enc_practice_feedback_map: autoDraw = False
28.3735 	EXP 	enc_practice_feedback_image: autoDraw = False
28.3735 	EXP 	enc_practice_feedback_text: autoDraw = False
28.3735 	EXP 	enc_fx_cross: pos = array([212.1320344, 212.1320344])
28.3735 	EXP 	enc_fx_map: autoDraw = True
28.3735 	EXP 	enc_fx_cross: autoDraw = True
29.4429 	EXP 	enc_fx_map: autoDraw = False
29.4429 	EXP 	enc_fx_cross: autoDraw = False
29.4429 	EXP 	enc_fx_map: autoDraw = False
29.4429 	EXP 	enc_fx_cross: autoDraw = False
29.4429 	EXP 	enc_trial_main_image: pos = array([212.1320344, 212.1320344])
29.4429 	EXP 	enc_trial_main_image: image = 'stimuli/fractals/148b.jpg'
29.4429 	EXP 	enc_trial_map: autoDraw = True
29.4429 	EXP 	enc_trial_main_image: autoDraw = True
30.7119 	DATA 	Keypress: f
32.4496 	EXP 	enc_trial_map: autoDraw = False
32.4496 	EXP 	enc_trial_main_image: autoDraw = False
32.4496 	EXP 	enc_practice_feedback_image: pos = array([212.1320344, 212.1320344])
32.4496 	EXP 	enc_practice_feedback_image: image = 'stimuli/fractals/148b.jpg'
32.4496 	EXP 	enc_practice_feedback_text: text = 'Az Ön válasza:\nA kép nem marad.'
32.4496 	EXP 	enc_practice_feedback_map: autoDraw = True
32.4496 	EXP 	enc_practice_feedback_image: autoDraw = True
32.4496 	EXP 	enc_practice_feedback_text: autoDraw = True
33.3776 	EXP 	New trial (rep=0, index=3): OrderedDict([('Task', 'EncodingPractice'), ('TrialType', '-'), ('StimType', '-'), ('Order', 1), ('CurrentImage', 'stimuli/fractals/177b.jpg'), ('CurrentX', 300.0), ('CurrentY', 0.0), ('Jitter', 800), ('Section', 'Encoding')])
33.3822 	EXP 	enc_practice_feedback_map: autoDraw = False
33.3822 	EXP 	enc_practice_feedback_image: autoDraw = False
33.3822 	EXP 	enc_practice_feedback_text: autoDraw = False
33.3822 	EXP 	enc_fx_cross: pos = array([300.,   0.])
33.3822 	EXP 	enc_fx_map: autoDraw = True
33.3822 	EXP 	enc_fx_cross: autoDraw = True
34.2563 	EXP 	enc_fx_map: autoDraw = False
34.2563 	EXP 	enc_fx_cross: autoDraw = False
34.2563 	EXP 	enc_fx_map: autoDraw = False
34.2563 	EXP 	enc_fx_cross: autoDraw = False
34.2563 	EXP 	enc_trial_main_image: pos = array([300.,   0.])
34.2563 	EXP 	enc_trial_main_image: image = 'stimuli/fractals/177b.jpg'
34.2563 	EXP 	enc_trial_map: autoDraw = True
34.2563 	EXP 	enc_trial_main_image: autoDraw = True
34.8076 	DATA 	Keypress: j
37.2654 	EXP 	enc_trial_map: autoDraw = False
37.2654 	EXP 	enc_trial_main_image: autoDraw = False
37.2654 	EXP 	enc_practice_feedback_image: pos = array([300.,   0.])
37.2654 	EXP 	enc_practice_feedback_image: image = 'stimuli/fractals/177b.jpg'
37.2654 	EXP 	enc_practice_feedback_text: text = 'Az Ön válasza:\nA kép marad.'
37.2654 	EXP 	enc_practice_feedback_map: autoDraw = True
37.2654 	EXP 	enc_practice_feedback_image: autoDraw = True
37.2654 	EXP 	enc_practice_feedback_text: autoDraw = True
38.1847 	EXP 	New trial (rep=0, index=4): OrderedDict([('Task', 'EncodingPractice'), ('TrialType', 'OBJ'), ('StimType', 'TARGET'), ('Order', 1), ('CurrentImage', 'stimuli/fractals/167a.jpg'), ('CurrentX', 300.0), ('CurrentY', 0.0), ('Jitter', 500), ('Section', 'Encoding')])
38.1893 	EXP 	enc_practice_feedback_map: autoDraw = False
38.1893 	EXP 	enc_practice_feedback_image: autoDraw = False
38.1893 	EXP 	enc_practice_feedback_text: autoDraw = False
38.1893 	EXP 	enc_fx_cross: pos = array([300.,   0.])
38.1893 	EXP 	enc_fx_map: autoDraw = True
38.1893 	EXP 	enc_fx_cross: autoDraw = True
38.7604 	EXP 	enc_fx_map: autoDraw = False
38.7604 	EXP 	enc_fx_cross: autoDraw = False
38.7604 	EXP 	enc_fx_map: autoDraw = False
38.7604 	EXP 	enc_fx_cross: autoDraw = False
38.7604 	EXP 	enc_trial_main_image: pos = array([300.,   0.])
38.7604 	EXP 	enc_trial_main_image: image = 'stimuli/fractals/167a.jpg'
38.7604 	EXP 	enc_trial_map: autoDraw = True
38.7604 	EXP 	enc_trial_main_image: autoDraw = True
40.2860 	DATA 	Keypress: j
40.3453 	DATA 	Keypress: o
41.7628 	EXP 	enc_trial_map: autoDraw = False
41.7628 	EXP 	enc_trial_main_image: autoDraw = False
41.7628 	EXP 	enc_practice_feedback_image: pos = array([300.,   0.])
41.7628 	EXP 	enc_practice_feedback_image: image = 'stimuli/fractals/167a.jpg'
41.7628 	EXP 	enc_practice_feedback_text: text = 'Az Ön válasza:\nA kép marad.'
41.7628 	EXP 	enc_practice_feedback_map: autoDraw = True
41.7628 	EXP 	enc_practice_feedback_image: autoDraw = True
41.7628 	EXP 	enc_practice_feedback_text: autoDraw = True
42.6980 	EXP 	enc_practice_feedback_map: autoDraw = False
42.6980 	EXP 	enc_practice_feedback_image: autoDraw = False
42.6980 	EXP 	enc_practice_feedback_text: autoDraw = False
42.6980 	EXP 	end_practice_text: autoDraw = True
44.6952 	DATA 	Keypress: right
44.6971 	EXP 	Created sequence: sequential, trialTypes=1, nReps=3, seed=None
44.6974 	EXP 	New trial (rep=0, index=0): None
44.6992 	EXP 	end_practice_text: autoDraw = False
44.6992 	EXP 	start_enc_run_text: autoDraw = True
46.7644 	EXP 	Imported stimuli_tables/encoding_trials_0.csv as conditions, 2 conditions, 20 params
46.7653 	EXP 	Created sequence: sequential, trialTypes=2, nReps=1, seed=None
46.7661 	EXP 	New trial (rep=0, index=0): OrderedDict([('TrialIndex', 1), ('Jitter', 2000), ('ScannerRun', 1), ('StimType', 'OLP'), ('Order', 1), ('Delay', 3), ('CurrentImage', 'stimuli/fractals/101b.jpg'), ('CurrentX', 212.1320344), ('CurrentY', 212.1320344), ('TripletMemberA', 'stimuli/fractals/101b.jpg'), ('TripletMemberB', 'stimuli/fractals/101a.jpg'), ('TripletMemberC', 'stimuli/fractals/101c.jpg'), ('Xcoordinate', 212.1320344), ('Ycoordinate', 212.1320344), ('Xcoordinate_lure1', 0.0), ('Ycoordinate_lure1', 300.0), ('Xcoordinate_lure2', 300.0), ('Ycoordinate_lure2', 0.0), ('Xcoordinate_foil', -212.1320344), ('Ycoordinate_foil', -212.1320344)])
46.7710 	EXP 	start_enc_run_text: autoDraw = False
46.7710 	EXP 	start_enc_run_text: autoDraw = False
46.7710 	EXP 	enc_fx_cross: pos = array([212.1320344, 212.1320344])
46.7710 	EXP 	enc_fx_map: autoDraw = True
46.7710 	EXP 	enc_fx_cross: autoDraw = True
48.8426 	EXP 	enc_fx_map: autoDraw = False
48.8426 	EXP 	enc_fx_cross: autoDraw = False
48.8426 	EXP 	enc_fx_map: autoDraw = False
48.8426 	EXP 	enc_fx_cross: autoDraw = False
48.8426 	EXP 	enc_trial_main_image: pos = array([212.1320344, 212.1320344])
48.8426 	EXP 	enc_trial_main_image: image = 'stimuli/fractals/101b.jpg'
48.8426 	EXP 	enc_trial_map: autoDraw = True
48.8426 	EXP 	enc_trial_main_image: autoDraw = True
51.7774 	EXP 	New trial (rep=0, index=1): OrderedDict([('TrialIndex', 2), ('Jitter', 6000), ('ScannerRun', 1), ('StimType', 'OLP'), ('Order', 1), ('Delay', 3), ('CurrentImage', 'stimuli/fractals/97b.jpg'), ('CurrentX', 212.1320344), ('CurrentY', -212.1320344), ('TripletMemberA', 'stimuli/fractals/97b.jpg'), ('TripletMemberB', 'stimuli/fractals/97c.jpg'), ('TripletMemberC', 'stimuli/fractals/97a.jpg'), ('Xcoordinate', 212.1320344), ('Ycoordinate', -212.1320344), ('Xcoordinate_lure1', 0.0), ('Ycoordinate_lure1', -300.0), ('Xcoordinate_lure2', 300.0), ('Ycoordinate_lure2', 0.0), ('Xcoordinate_foil', -212.1320344), ('Ycoordinate_foil', 212.1320344)])
51.7822 	EXP 	enc_trial_map: autoDraw = False
51.7822 	EXP 	enc_trial_main_image: autoDraw = False
51.7822 	EXP 	enc_fx_cross: pos = array([ 212.1320344, -212.1320344])
51.7822 	EXP 	enc_fx_map: autoDraw = True
51.7822 	EXP 	enc_fx_cross: autoDraw = True
57.8528 	EXP 	enc_fx_map: autoDraw = False
57.8528 	EXP 	enc_fx_cross: autoDraw = False
57.8528 	EXP 	enc_fx_map: autoDraw = False
57.8528 	EXP 	enc_fx_cross: autoDraw = False
57.8528 	EXP 	enc_trial_main_image: pos = array([ 212.1320344, -212.1320344])
57.8528 	EXP 	enc_trial_main_image: image = 'stimuli/fractals/97b.jpg'
57.8528 	EXP 	enc_trial_map: autoDraw = True
57.8528 	EXP 	enc_trial_main_image: autoDraw = True
60.8001 	EXP 	enc_trial_map: autoDraw = False
60.8001 	EXP 	enc_trial_main_image: autoDraw = False
60.8001 	EXP 	end_enc_run_text: text = 'Szünet\nA folytatáshoz nyomja le a jobb nyilat'
60.8001 	EXP 	end_enc_run_text: autoDraw = True
62.6614 	DATA 	Keypress: right
62.6632 	EXP 	New trial (rep=1, index=0): None
62.6649 	EXP 	end_enc_run_text: autoDraw = False
62.6649 	EXP 	start_enc_run_text: autoDraw = True
64.7281 	EXP 	Imported stimuli_tables/encoding_trials_0.csv as conditions, 2 conditions, 20 params
64.7290 	EXP 	Created sequence: sequential, trialTypes=2, nReps=1, seed=None
64.7298 	EXP 	New trial (rep=0, index=0): OrderedDict([('TrialIndex', 3), ('Jitter', 2000), ('ScannerRun', 1), ('StimType', 'LLP'), ('Order', 1), ('Delay', 5), ('CurrentImage', 'stimuli/fractals/76b.jpg'), ('CurrentX', 212.1320344), ('CurrentY', 212.1320344), ('TripletMemberA', 'stimuli/fractals/76b.jpg'), ('TripletMemberB', 'stimuli/fractals/76c.jpg'), ('TripletMemberC', 'stimuli/fractals/76a.jpg'), ('Xcoordinate', 212.1320344), ('Ycoordinate', 212.1320344), ('Xcoordinate_lure1', 300.0), ('Ycoordinate_lure1', 0.0), ('Xcoordinate_lure2', 0.0), ('Ycoordinate_lure2', 300.0), ('Xcoordinate_foil', -212.1320344), ('Ycoordinate_foil', -212.1320344)])
64.7347 	EXP 	start_enc_run_text: autoDraw = False
64.7347 	EXP 	start_enc_run_text: autoDraw = False
64.7347 	EXP 	enc_fx_cross: pos = array([212.1320344, 212.1320344])
64.7347 	EXP 	enc_fx_map: autoDraw = True
64.7347 	EXP 	enc_fx_cross: autoDraw = True
66.8063 	EXP 	enc_fx_map: autoDraw = False
66.8063 	EXP 	enc_fx_cross: autoDraw = False
66.8063 	EXP 	enc_fx_map: autoDraw = False
66.8063 	EXP 	enc_fx_cross: autoDraw = False
66.8063 	EXP 	enc_trial_main_image: pos = array([212.1320344, 212.1320344])
66.8063 	EXP 	enc_trial_main_image: image = 'stimuli/fractals/76b.jpg'
66.8063 	EXP 	enc_trial_map: autoDraw = True
66.8063 	EXP 	enc_trial_main_image: autoDraw = True
69.7435 	EXP 	New trial (rep=0, index=1): OrderedDict([('TrialIndex', 4), ('Jitter', 1000), ('ScannerRun', 1), ('StimType', 'ERP'), ('Order', 1), ('Delay', 2), ('CurrentImage', 'stimuli/fractals/19a.jpg'), ('CurrentX', 212.1320344), ('CurrentY', -212.1320344), ('TripletMemberA', 'stimuli/fractals/19a.jpg'), ('TripletMemberB', 'stimuli/fractals/19c.jpg'), ('TripletMemberC', 'stimuli/fractals/19b.jpg'), ('Xcoordinate', 212.1320344), ('Ycoordinate', -212.1320344), ('Xcoordinate_lure1', 300.0), ('Ycoordinate_lure1', 0.0), ('Xcoordinate_lure2', 0.0), ('Ycoordinate_lure2', -300.0), ('Xcoordinate_foil', -300.0), ('Ycoordinate_foil', 0.0)])
69.7483 	EXP 	enc_trial_map: autoDraw = False
69.7483 	EXP 	enc_trial_main_image: autoDraw = False
69.7483 	EXP 	enc_fx_cross: pos = array([ 212.1320344, -212.1320344])
69.7483 	EXP 	enc_fx_map: autoDraw = True
69.7483 	EXP 	enc_fx_cross: autoDraw = True
70.8181 	EXP 	enc_fx_map: autoDraw = False
70.8181 	EXP 	enc_fx_cross: autoDraw = False
70.8181 	EXP 	enc_fx_map: autoDraw = False
70.8181 	EXP 	enc_fx_cross: autoDraw = False
70.8181 	EXP 	enc_trial_main_image: pos = array([ 212.1320344, -212.1320344])
70.8181 	EXP 	enc_trial_main_image: image = 'stimuli/fractals/19a.jpg'
70.8181 	EXP 	enc_trial_map: autoDraw = True
70.8181 	EXP 	enc_trial_main_image: autoDraw = True
73.7532 	EXP 	enc_trial_map: autoDraw = False
73.7532 	EXP 	enc_trial_main_image: autoDraw = False
73.7532 	EXP 	end_enc_run_text: text = 'Szünet\nA folytatáshoz nyomja le a jobb nyilat'
73.7532 	EXP 	end_enc_run_text: autoDraw = True
79.6920 	DATA 	Keypress: right
79.6933 	EXP 	New trial (rep=2, index=0): None
79.6951 	EXP 	end_enc_run_text: autoDraw = False
79.6951 	EXP 	start_enc_run_text: autoDraw = True
81.7590 	EXP 	Imported stimuli_tables/encoding_trials_0.csv as conditions, 2 conditions, 20 params
81.7600 	EXP 	Created sequence: sequential, trialTypes=2, nReps=1, seed=None
81.7607 	EXP 	New trial (rep=0, index=0): OrderedDict([('TrialIndex', 5), ('Jitter', 5000), ('ScannerRun', 1), ('StimType', 'OLP'), ('Order', 2), ('Delay', 0), ('CurrentImage', 'stimuli/fractals/101a.jpg'), ('CurrentX', 212.1320344), ('CurrentY', 212.1320344), ('TripletMemberA', 'stimuli/fractals/101b.jpg'), ('TripletMemberB', 'stimuli/fractals/101a.jpg'), ('TripletMemberC', 'stimuli/fractals/101c.jpg'), ('Xcoordinate', 212.1320344), ('Ycoordinate', 212.1320344), ('Xcoordinate_lure1', 0.0), ('Ycoordinate_lure1', 300.0), ('Xcoordinate_lure2', 300.0), ('Ycoordinate_lure2', 0.0), ('Xcoordinate_foil', -212.1320344), ('Ycoordinate_foil', -212.1320344)])
81.7657 	EXP 	start_enc_run_text: autoDraw = False
81.7657 	EXP 	start_enc_run_text: autoDraw = False
81.7657 	EXP 	enc_fx_cross: pos = array([212.1320344, 212.1320344])
81.7657 	EXP 	enc_fx_map: autoDraw = True
81.7657 	EXP 	enc_fx_cross: autoDraw = True
82.9807 	DATA 	Keypress: right
86.8359 	EXP 	enc_fx_map: autoDraw = False
86.8359 	EXP 	enc_fx_cross: autoDraw = False
86.8359 	EXP 	enc_fx_map: autoDraw = False
86.8359 	EXP 	enc_fx_cross: autoDraw = False
86.8359 	EXP 	enc_trial_main_image: pos = array([212.1320344, 212.1320344])
86.8359 	EXP 	enc_trial_main_image: image = 'stimuli/fractals/101a.jpg'
86.8359 	EXP 	enc_trial_map: autoDraw = True
86.8359 	EXP 	enc_trial_main_image: autoDraw = True
89.7724 	EXP 	New trial (rep=0, index=1): OrderedDict([('TrialIndex', 6), ('Jitter', 3000), ('ScannerRun', 1), ('StimType', 'OLP'), ('Order', 2), ('Delay', 0), ('CurrentImage', 'stimuli/fractals/97c.jpg'), ('CurrentX', 212.1320344), ('CurrentY', -212.1320344), ('TripletMemberA', 'stimuli/fractals/97b.jpg'), ('TripletMemberB', 'stimuli/fractals/97c.jpg'), ('TripletMemberC', 'stimuli/fractals/97a.jpg'), ('Xcoordinate', 212.1320344), ('Ycoordinate', -212.1320344), ('Xcoordinate_lure1', 0.0), ('Ycoordinate_lure1', -300.0), ('Xcoordinate_lure2', 300.0), ('Ycoordinate_lure2', 0.0), ('Xcoordinate_foil', -212.1320344), ('Ycoordinate_foil', 212.1320344)])
89.7774 	EXP 	enc_trial_map: autoDraw = False
89.7774 	EXP 	enc_trial_main_image: autoDraw = False
89.7774 	EXP 	enc_fx_cross: pos = array([ 212.1320344, -212.1320344])
89.7774 	EXP 	enc_fx_map: autoDraw = True
89.7774 	EXP 	enc_fx_cross: autoDraw = True
92.8462 	EXP 	enc_fx_map: autoDraw = False
92.8462 	EXP 	enc_fx_cross: autoDraw = False
92.8462 	EXP 	enc_fx_map: autoDraw = False
92.8462 	EXP 	enc_fx_cross: autoDraw = False
92.8462 	EXP 	enc_trial_main_image: pos = array([ 212.1320344, -212.1320344])
92.8462 	EXP 	enc_trial_main_image: image = 'stimuli/fractals/97c.jpg'
92.8462 	EXP 	enc_trial_map: autoDraw = True
92.8462 	EXP 	enc_trial_main_image: autoDraw = True
95.4198 	DATA 	Keypress: right
95.7886 	EXP 	enc_trial_map: autoDraw = False
95.7886 	EXP 	enc_trial_main_image: autoDraw = False
95.7886 	EXP 	end_enc_run_text: text = 'Vége az első feladatnak'
95.7886 	EXP 	end_enc_run_text: autoDraw = True
96.6711 	DATA 	Keypress: right
96.6749 	EXP 	end_enc_run_text: autoDraw = False
96.6749 	EXP 	start_recognition_text: autoDraw = True
97.3293 	DATA 	Keypress: right
98.6753 	EXP 	start_recognition_text: autoDraw = False
98.6753 	EXP 	rec_instructions_1_text: autoDraw = True
99.3518 	DATA 	Keypress: right
99.3541 	EXP 	rec_instructions_1_text: autoDraw = False
99.3541 	EXP 	rec_instructions2_text: autoDraw = True
99.9267 	DATA 	Keypress: right
99.9290 	EXP 	rec_instructions2_text: autoDraw = False
99.9290 	EXP 	rec_instrauction_3_text: autoDraw = True
100.4756 	DATA 	Keypress: right
100.4790 	EXP 	rec_instrauction_3_text: autoDraw = False
100.4790 	EXP 	rec_instructions_4_text: autoDraw = True
101.1483 	DATA 	Keypress: right
101.1592 	EXP 	Imported stimuli_demo.csv as conditions, 10 conditions, 12 params
101.1596 	EXP 	Created sequence: sequential, trialTypes=10, nReps=1, seed=None
101.1603 	EXP 	New trial (rep=0, index=0): OrderedDict([('Task', 'Demo'), ('TrialType', 'OBJ'), ('StimType', 'LURE'), ('CurrentImage', 'stimuli/fractals//181b.jpg'), ('DemoImage', 'stimuli/fractals//181c.jpg'), ('CurrentX', 300.0), ('CurrentY', 0.0), ('DemoX', -300.0), ('DemoY', 0.0), ('InPractice', '-'), ('DemoText', 'Hasonló Képek'), ('Jitter', 2300)])
101.3046 	EXP 	rec_instructions_4_text: autoDraw = False
101.3046 	EXP 	demo_main_image: pos = array([300.,   0.])
101.3046 	EXP 	demo_main_image: image = 'stimuli/fractals//181b.jpg'
101.3046 	EXP 	demo_image: pos = array([-300.,    0.])
101.3046 	EXP 	demo_image: image = 'stimuli/fractals//181c.jpg'
101.3046 	EXP 	demo_text: text = 'Hasonló Képek'
101.3046 	EXP 	demo_map: autoDraw = True
101.3046 	EXP 	demo_main_image: autoDraw = True
101.3046 	EXP 	demo_image: autoDraw = True
101.3046 	EXP 	demo_text: autoDraw = True
103.5348 	DATA 	Keypress: right
103.5415 	EXP 	New trial (rep=0, index=1): OrderedDict([('Task', 'Demo'), ('TrialType', 'OBJ'), ('StimType', 'LURE'), ('CurrentImage', 'stimuli/fractals//149a.jpg'), ('DemoImage', 'stimuli/fractals//149b.jpg'), ('CurrentX', 300.0), ('CurrentY', 0.0), ('DemoX', -300.0), ('DemoY', 0.0), ('InPractice', '-'), ('DemoText', 'Hasonló Képek'), ('Jitter', 1000)])
103.6761 	EXP 	demo_map: autoDraw = False
103.6761 	EXP 	demo_main_image: autoDraw = False
103.6761 	EXP 	demo_image: autoDraw = False
103.6761 	EXP 	demo_text: autoDraw = False
103.6761 	EXP 	demo_main_image: pos = array([300.,   0.])
103.6761 	EXP 	demo_main_image: image = 'stimuli/fractals//149a.jpg'
103.6761 	EXP 	demo_image: pos = array([-300.,    0.])
103.6761 	EXP 	demo_image: image = 'stimuli/fractals//149b.jpg'
103.6761 	EXP 	demo_text: text = 'Hasonló Képek'
103.6761 	EXP 	demo_map: autoDraw = True
103.6761 	EXP 	demo_main_image: autoDraw = True
103.6761 	EXP 	demo_image: autoDraw = True
103.6761 	EXP 	demo_text: autoDraw = True
105.8846 	DATA 	Keypress: right
105.8905 	EXP 	New trial (rep=0, index=2): OrderedDict([('Task', 'Demo'), ('TrialType', 'OBJ'), ('StimType', 'LURE'), ('CurrentImage', 'stimuli/fractals//177b.jpg'), ('DemoImage', 'stimuli/fractals//177c.jpg'), ('CurrentX', 300.0), ('CurrentY', 0.0), ('DemoX', -300.0), ('DemoY', 0.0), ('InPractice', '-'), ('DemoText', 'Hasonló Képek'), ('Jitter', 800)])
106.0331 	EXP 	demo_map: autoDraw = False
106.0331 	EXP 	demo_main_image: autoDraw = False
106.0331 	EXP 	demo_image: autoDraw = False
106.0331 	EXP 	demo_text: autoDraw = False
106.0331 	EXP 	demo_main_image: pos = array([300.,   0.])
106.0331 	EXP 	demo_main_image: image = 'stimuli/fractals//177b.jpg'
106.0331 	EXP 	demo_image: pos = array([-300.,    0.])
106.0331 	EXP 	demo_image: image = 'stimuli/fractals//177c.jpg'
106.0331 	EXP 	demo_text: text = 'Hasonló Képek'
106.0331 	EXP 	demo_map: autoDraw = True
106.0331 	EXP 	demo_main_image: autoDraw = True
106.0331 	EXP 	demo_image: autoDraw = True
106.0331 	EXP 	demo_text: autoDraw = True
108.1807 	DATA 	Keypress: right
108.1827 	EXP 	New trial (rep=0, index=3): OrderedDict([('Task', 'Demo'), ('TrialType', 'OBJ'), ('StimType', 'LURE'), ('CurrentImage', 'stimuli/fractals//167a.jpg'), ('DemoImage', 'stimuli/fractals//167b.jpg'), ('CurrentX', 300.0), ('CurrentY', 0.0), ('DemoX', -300.0), ('DemoY', 0.0), ('InPractice', 'OBJ-TARGET'), ('DemoText', 'Hasonló Képek'), ('Jitter', 1500)])
108.3118 	EXP 	demo_map: autoDraw = False
108.3118 	EXP 	demo_main_image: autoDraw = False
108.3118 	EXP 	demo_image: autoDraw = False
108.3118 	EXP 	demo_text: autoDraw = False
108.3118 	EXP 	demo_main_image: pos = array([300.,   0.])
108.3118 	EXP 	demo_main_image: image = 'stimuli/fractals//167a.jpg'
108.3118 	EXP 	demo_image: pos = array([-300.,    0.])
108.3118 	EXP 	demo_image: image = 'stimuli/fractals//167b.jpg'
108.3118 	EXP 	demo_text: text = 'Hasonló Képek'
108.3118 	EXP 	demo_map: autoDraw = True
108.3118 	EXP 	demo_main_image: autoDraw = True
108.3118 	EXP 	demo_image: autoDraw = True
108.3118 	EXP 	demo_text: autoDraw = True
110.2659 	DATA 	Keypress: right
116.0744 	DATA 	Keypress: right
116.0765 	EXP 	New trial (rep=0, index=4): OrderedDict([('Task', 'Demo'), ('TrialType', 'OBJ'), ('StimType', 'FOIL'), ('CurrentImage', 'stimuli/fractals//163a.jpg'), ('DemoImage', 'stimuli/fractals//173c.jpg'), ('CurrentX', 300.0), ('CurrentY', 0.0), ('DemoX', -300.0), ('DemoY', 0.0), ('InPractice', '-'), ('DemoText', 'Új Képek'), ('Jitter', 600)])
116.2132 	EXP 	demo_map: autoDraw = False
116.2132 	EXP 	demo_main_image: autoDraw = False
116.2132 	EXP 	demo_image: autoDraw = False
116.2132 	EXP 	demo_text: autoDraw = False
116.2132 	EXP 	demo_main_image: pos = array([300.,   0.])
116.2132 	EXP 	demo_main_image: image = 'stimuli/fractals//163a.jpg'
116.2132 	EXP 	demo_image: pos = array([-300.,    0.])
116.2132 	EXP 	demo_image: image = 'stimuli/fractals//173c.jpg'
116.2132 	EXP 	demo_text: text = 'Új Képek'
116.2132 	EXP 	demo_map: autoDraw = True
116.2132 	EXP 	demo_main_image: autoDraw = True
116.2132 	EXP 	demo_image: autoDraw = True
116.2132 	EXP 	demo_text: autoDraw = True
119.1244 	DATA 	Keypress: right
119.1300 	EXP 	New trial (rep=0, index=5): OrderedDict([('Task', 'Demo'), ('TrialType', 'LOC'), ('StimType', 'LURE'), ('CurrentImage', 'stimuli/fractals//166a.jpg'), ('DemoImage', 'stimuli/fractals//166a.jpg'), ('CurrentX', -300.0), ('CurrentY', 0.0), ('DemoX', -212.1320344), ('DemoY', -212.1320344), ('InPractice', 'LOC-TARGET, OBJ-LURE'), ('DemoText', 'Hasonló Helyek'), ('Jitter', 800)])
119.2631 	EXP 	demo_map: autoDraw = False
119.2631 	EXP 	demo_main_image: autoDraw = False
119.2631 	EXP 	demo_image: autoDraw = False
119.2631 	EXP 	demo_text: autoDraw = False
119.2631 	EXP 	demo_main_image: pos = array([-300.,    0.])
119.2631 	EXP 	demo_main_image: image = 'stimuli/fractals//166a.jpg'
119.2631 	EXP 	demo_image: pos = array([-212.1320344, -212.1320344])
119.2631 	EXP 	demo_image: image = 'stimuli/fractals//166a.jpg'
119.2631 	EXP 	demo_text: text = 'Hasonló Helyek'
119.2631 	EXP 	demo_map: autoDraw = True
119.2631 	EXP 	demo_main_image: autoDraw = True
119.2631 	EXP 	demo_image: autoDraw = True
119.2631 	EXP 	demo_text: autoDraw = True
122.1008 	DATA 	Keypress: right
122.1029 	EXP 	New trial (rep=0, index=6): OrderedDict([('Task', 'Demo'), ('TrialType', 'LOC'), ('StimType', 'LURE'), ('CurrentImage', 'stimuli/fractals//159a.jpg'), ('DemoImage', 'stimuli/fractals//159a.jpg'), ('CurrentX', 0.0), ('CurrentY', 300.0), ('DemoX', -212.1320344), ('DemoY', 212.1320344), ('InPractice', 'LOC-LURE'), ('DemoText', 'Hasonló Helyek'), ('Jitter', 1500)])
122.2464 	EXP 	demo_map: autoDraw = False
122.2464 	EXP 	demo_main_image: autoDraw = False
122.2464 	EXP 	demo_image: autoDraw = False
122.2464 	EXP 	demo_text: autoDraw = False
122.2464 	EXP 	demo_main_image: pos = array([  0., 300.])
122.2464 	EXP 	demo_main_image: image = 'stimuli/fractals//159a.jpg'
122.2464 	EXP 	demo_image: pos = array([-212.1320344,  212.1320344])
122.2464 	EXP 	demo_image: image = 'stimuli/fractals//159a.jpg'
122.2464 	EXP 	demo_text: text = 'Hasonló Helyek'
122.2464 	EXP 	demo_map: autoDraw = True
122.2464 	EXP 	demo_main_image: autoDraw = True
122.2464 	EXP 	demo_image: autoDraw = True
122.2464 	EXP 	demo_text: autoDraw = True
123.4588 	DATA 	Keypress: right
124.7387 	DATA 	Keypress: right
124.7408 	EXP 	New trial (rep=0, index=7): OrderedDict([('Task', 'Demo'), ('TrialType', 'LOC'), ('StimType', 'LURE'), ('CurrentImage', 'stimuli/fractals//148b.jpg'), ('DemoImage', 'stimuli/fractals//148b.jpg'), ('CurrentX', 212.1320344), ('CurrentY', 212.1320344), ('DemoX', 0.0), ('DemoY', 300.0), ('InPractice', 'LOC-FOIL'), ('DemoText', 'Hasonló Helyek'), ('Jitter', 800)])
124.8698 	EXP 	demo_map: autoDraw = False
124.8698 	EXP 	demo_main_image: autoDraw = False
124.8698 	EXP 	demo_image: autoDraw = False
124.8698 	EXP 	demo_text: autoDraw = False
124.8698 	EXP 	demo_main_image: pos = array([212.1320344, 212.1320344])
124.8698 	EXP 	demo_main_image: image = 'stimuli/fractals//148b.jpg'
124.8698 	EXP 	demo_image: pos = array([  0., 300.])
124.8698 	EXP 	demo_image: image = 'stimuli/fractals//148b.jpg'
124.8698 	EXP 	demo_text: text = 'Hasonló Helyek'
124.8698 	EXP 	demo_map: autoDraw = True
124.8698 	EXP 	demo_main_image: autoDraw = True
124.8698 	EXP 	demo_image: autoDraw = True
124.8698 	EXP 	demo_text: autoDraw = True
126.0721 	DATA 	Keypress: right
128.5737 	DATA 	Keypress: right
128.5757 	EXP 	New trial (rep=0, index=8): OrderedDict([('Task', 'Demo'), ('TrialType', 'LOC'), ('StimType', 'FOIL'), ('CurrentImage', 'stimuli/fractals//177b.jpg'), ('DemoImage', 'stimuli/fractals//177b.jpg'), ('CurrentX', 300.0), ('CurrentY', 0.0), ('DemoX', -212.1320344), ('DemoY', 212.1320344), ('InPractice', 'OBJ-LURE'), ('DemoText', 'Új Helyek'), ('Jitter', 800)])
128.7198 	EXP 	demo_map: autoDraw = False
128.7198 	EXP 	demo_main_image: autoDraw = False
128.7198 	EXP 	demo_image: autoDraw = False
128.7198 	EXP 	demo_text: autoDraw = False
128.7198 	EXP 	demo_main_image: pos = array([300.,   0.])
128.7198 	EXP 	demo_main_image: image = 'stimuli/fractals//177b.jpg'
128.7198 	EXP 	demo_image: pos = array([-212.1320344,  212.1320344])
128.7198 	EXP 	demo_image: image = 'stimuli/fractals//177b.jpg'
128.7198 	EXP 	demo_text: text = 'Új Helyek'
128.7198 	EXP 	demo_map: autoDraw = True
128.7198 	EXP 	demo_main_image: autoDraw = True
128.7198 	EXP 	demo_image: autoDraw = True
128.7198 	EXP 	demo_text: autoDraw = True
130.0010 	DATA 	Keypress: right
131.5318 	DATA 	Keypress: right
131.5376 	EXP 	New trial (rep=0, index=9): OrderedDict([('Task', 'Demo'), ('TrialType', 'LOC'), ('StimType', 'FOIL'), ('CurrentImage', 'stimuli/fractals//177b.jpg'), ('DemoImage', 'stimuli/fractals//177b.jpg'), ('CurrentX', 300.0), ('CurrentY', 0.0), ('DemoX', -300.0), ('DemoY', 0.0), ('InPractice', 'OBJ-LURE'), ('DemoText', 'Új Helyek'), ('Jitter', 1200)])
131.6826 	EXP 	demo_map: autoDraw = False
131.6826 	EXP 	demo_main_image: autoDraw = False
131.6826 	EXP 	demo_image: autoDraw = False
131.6826 	EXP 	demo_text: autoDraw = False
131.6826 	EXP 	demo_main_image: pos = array([300.,   0.])
131.6826 	EXP 	demo_main_image: image = 'stimuli/fractals//177b.jpg'
131.6826 	EXP 	demo_image: pos = array([-300.,    0.])
131.6826 	EXP 	demo_image: image = 'stimuli/fractals//177b.jpg'
131.6826 	EXP 	demo_text: text = 'Új Helyek'
131.6826 	EXP 	demo_map: autoDraw = True
131.6826 	EXP 	demo_main_image: autoDraw = True
131.6826 	EXP 	demo_image: autoDraw = True
131.6826 	EXP 	demo_text: autoDraw = True
133.8988 	DATA 	Keypress: right
133.9025 	EXP 	demo_map: autoDraw = False
133.9025 	EXP 	demo_main_image: autoDraw = False
133.9025 	EXP 	demo_image: autoDraw = False
133.9025 	EXP 	demo_text: autoDraw = False
133.9025 	EXP 	demo_end_text: autoDraw = True
136.6363 	DATA 	Keypress: right
139.0491 	DATA 	Keypress: right
139.0520 	EXP 	demo_end_text: autoDraw = False
139.0520 	EXP 	start_practice_text: autoDraw = True
140.0514 	EXP 	Created sequence: sequential, trialTypes=1, nReps=2, seed=None
140.0518 	EXP 	New trial (rep=0, index=0): None
140.0575 	EXP 	start_practice_text: autoDraw = False
140.0575 	EXP 	start_practice_text: autoDraw = False
140.0575 	EXP 	rec_practice_block_text: text = 'Kép'
140.0575 	EXP 	rec_practice_block_text: autoDraw = True
141.0645 	EXP 	Imported recognition_practice_trials.csv as conditions, 3 conditions, 10 params
141.0649 	EXP 	Created sequence: sequential, trialTypes=3, nReps=1, seed=None
141.0655 	EXP 	New trial (rep=0, index=0): OrderedDict([('Task', 'RecognitionPractice'), ('TrialIndex', 1), ('BlockNr', 1), ('TrialType', 'OBJ'), ('StimType', 'FOIL'), ('CurrentImage', 'stimuli/fractals/156b.jpg'), ('CurrentX', 212.1320344), ('CurrentY', 212.1320344), ('Jitter', 0.6), ('Filler', 0)])
141.1454 	EXP 	rec_practice_block_text: autoDraw = False
141.1454 	EXP 	rec_practice_block_text: autoDraw = False
141.1454 	EXP 	rec_fx_cross: pos = array([212.1320344, 212.1320344])
141.1454 	EXP 	rec_fx_text_block: text = 'Kép'
141.1454 	EXP 	rec_fx_map: autoDraw = True
141.1454 	EXP 	rec_fx_map: autoDraw = False
141.1454 	EXP 	rec_fx_cross: autoDraw = True
141.1454 	EXP 	rec_fx_cross: autoDraw = False
141.1454 	EXP 	rec_fx_text_block: autoDraw = True
141.1454 	EXP 	rec_fx_text_block: autoDraw = False
141.1454 	EXP 	rec_fx_instructions_text: autoDraw = True
141.1454 	EXP 	rec_fx_instructions_text: autoDraw = False
141.1454 	EXP 	rec_fx_map: autoDraw = False
141.1454 	EXP 	rec_fx_cross: autoDraw = False
141.1454 	EXP 	rec_fx_text_block: autoDraw = False
141.1454 	EXP 	rec_fx_instructions_text: autoDraw = False
141.1454 	EXP 	rec_trial_main_image: pos = array([212.1320344, 212.1320344])
141.1454 	EXP 	rec_trial_main_image: image = 'stimuli/fractals/156b.jpg'
141.1454 	EXP 	rec_trial_text_block: text = 'OBJ'
141.1454 	EXP 	rec_trial_map: autoDraw = True
141.1454 	EXP 	rec_trial_main_image: autoDraw = True
141.1454 	EXP 	rec_trial_text_block: autoDraw = True
141.1454 	EXP 	rec_trial_instructions_text: autoDraw = True
144.1135 	EXP 	window1: mouseVisible = True
