0.4213 	WARNING 	We strongly recommend you activate the PTB sound engine in PsychoPy prefs as the preferred audio engine. Its timing is vastly superior. Your prefs are currently set to use ['sounddevice', 'PTB', 'pyo', 'pygame'] (in that order).
1.0245 	WARNING 	Import Error: No module named 'psychtoolbox'. Using event module for keyboard component.
4.8497 	WARNING 	Monitor specification not found. Creating a temporary one...
5.1761 	EXP 	Created window1 = Window(allowGUI=False, allowStencil=False, args=UNKNOWN, autoLog=True, bitsMode=UNKNOWN, blendMode='avg', bpc=(8, 8, 8), color=array([0.804, 0.804, 0.961]), colorSpace='rgb', depthBits=8, fullscr=<method-wrapper '__getattribute__' of attributeSetter object at 0x7f25c8a977f0>, gamma=None, gammaErrorPolicy='raise', kwargs=UNKNOWN, lms=UNKNOWN, monitor=<psychopy.monitors.calibTools.Monitor object at 0x7f25c67f8a20>, multiSample=False, name='window1', numSamples=2, pos=[0.0, 0.0], screen=0, size=array([1920, 1080]), stencilBits=0, stereo=False, units='height', useFBO=True, useRetina=False, viewOri=0.0, viewPos=None, viewScale=None, waitBlanking=True, winType='pyglet')
5.1762 	EXP 	window1: recordFrameIntervals = False
5.1864 	EXP 	window1: recordFrameIntervals = True
5.1962 	WARNING 	t of last frame was 1.54ms (=1/649)
5.1974 	EXP 	window1: recordFrameIntervals = False
5.2559 	EXP 	Created lab_thanks = TextStim(__class__=<class 'psychopy.visual.text.TextStim'>, alignHoriz=method-wrapper(...), alignText='center', alignVert=method-wrapper(...), anchorHoriz='center', anchorVert='center', antialias=True, autoLog=True, bold=False, color='black', colorSpace='named', contrast=1.0, depth=0.0, flipHoriz=False, flipVert=False, font='Arial', fontFiles=[], height=0.05, italic=False, languageStyle='LTR', name='lab_thanks', opacity=1.0, ori=0, pos=array([0., 0.]), rgb=array([0., 0., 0.]), text=str(...), units='height', win=Window(...), wrapWidth=1)
5.2637 	EXP 	Created start_encoding_text = TextStim(__class__=<class 'psychopy.visual.text.TextStim'>, alignHoriz=method-wrapper(...), alignText='center', alignVert=method-wrapper(...), anchorHoriz='center', anchorVert='center', antialias=True, autoLog=True, bold=False, color='black', colorSpace='named', contrast=1.0, depth=0.0, flipHoriz=False, flipVert=False, font='Arial', fontFiles=[], height=0.1, italic=False, languageStyle='LTR', name='start_encoding_text', opacity=1.0, ori=0, pos=array([0., 0.]), rgb=array([0., 0., 0.]), text='default text', units='height', win=Window(...), wrapWidth=1)
5.2895 	EXP 	Created enc_instructions_1_text = TextStim(__class__=<class 'psychopy.visual.text.TextStim'>, alignHoriz=method-wrapper(...), alignText='center', alignVert=method-wrapper(...), anchorHoriz='center', anchorVert='center', antialias=True, autoLog=True, bold=False, color='black', colorSpace='named', contrast=1.0, depth=0.0, flipHoriz=False, flipVert=False, font='Arial', fontFiles=[], height=0.04, italic=False, languageStyle='LTR', name='enc_instructions_1_text', opacity=1.0, ori=0, pos=array([-0.4,  0. ]), rgb=array([0., 0., 0.]), text=str(...), units='height', win=Window(...), wrapWidth=0.9)
5.3412 	EXP 	Created enc_instructions_1_image = ImageStim(__class__=<class 'psychopy.visual.image.ImageStim'>, autoLog=True, color=array([1., 1., 1.]), colorSpace='rgb', contrast=1.0, depth=-1.0, flipHoriz=False, flipVert=False, image='stimuli/GalleryBuildingFromOutside.jpg', interpolate=True, mask=None, maskParams=None, name='enc_instructions_1_image', opacity=1.0, ori=0.0, pos=array([450.,   0.]), size=array([600., 450.]), texRes=128, units='pix', win=Window(...))
5.3538 	EXP 	Created enc_instructions_2_text = TextStim(__class__=<class 'psychopy.visual.text.TextStim'>, alignHoriz=method-wrapper(...), alignText='center', alignVert=method-wrapper(...), anchorHoriz='center', anchorVert='center', antialias=True, autoLog=True, bold=False, color='black', colorSpace='named', contrast=1.0, depth=0.0, flipHoriz=False, flipVert=False, font='Arial', fontFiles=[], height=0.04, italic=False, languageStyle='LTR', name='enc_instructions_2_text', opacity=1.0, ori=0, pos=array([-0.5,  0. ]), rgb=array([0., 0., 0.]), text=str(...), units='height', win=Window(...), wrapWidth=0.7)
5.3790 	EXP 	Created enc_instructions_2_image = ImageStim(__class__=<class 'psychopy.visual.image.ImageStim'>, autoLog=True, color=array([1., 1., 1.]), colorSpace='rgb', contrast=1.0, depth=-1.0, flipHoriz=False, flipVert=False, image='stimuli/GalleryInfo.jpg', interpolate=True, mask=None, maskParams=None, name='enc_instructions_2_image', opacity=1.0, ori=0.0, pos=array([425.,   0.]), size=array([1000.,  750.]), texRes=128, units='pix', win=Window(...))
5.3925 	EXP 	Created enc_instructions_3_text = TextStim(__class__=<class 'psychopy.visual.text.TextStim'>, alignHoriz=method-wrapper(...), alignText='center', alignVert=method-wrapper(...), anchorHoriz='center', anchorVert='center', antialias=True, autoLog=True, bold=False, color='black', colorSpace='named', contrast=1.0, depth=0.0, flipHoriz=False, flipVert=False, font='Arial', fontFiles=[], height=0.05, italic=False, languageStyle='LTR', name='enc_instructions_3_text', opacity=1.0, ori=0, pos=array([0., 0.]), rgb=array([0., 0., 0.]), text=str(...), units='height', win=Window(...), wrapWidth=1)
5.4000 	EXP 	Created start_practice_text = TextStim(__class__=<class 'psychopy.visual.text.TextStim'>, alignHoriz=method-wrapper(...), alignText='center', alignVert=method-wrapper(...), anchorHoriz='center', anchorVert='center', antialias=True, autoLog=True, bold=False, color='black', colorSpace='named', contrast=1.0, depth=0.0, flipHoriz=False, flipVert=False, font='Arial', fontFiles=[], height=0.1, italic=False, languageStyle='LTR', name='start_practice_text', opacity=1.0, ori=0, pos=array([0., 0.]), rgb=array([0., 0., 0.]), text='Kezdődik a gyakorlás...', units='height', win=Window(...), wrapWidth=1)
5.4145 	EXP 	Created enc_fx_map = ImageStim(__class__=<class 'psychopy.visual.image.ImageStim'>, autoLog=True, color=array([1., 1., 1.]), colorSpace='rgb', contrast=1.0, depth=0.0, flipHoriz=False, flipVert=False, image='stimuli/GalleryPlanInside.jpg', interpolate=True, mask=None, maskParams=None, name='enc_fx_map', opacity=1.0, ori=0.0, pos=array([  0., -25.]), size=array([1040., 1000.]), texRes=128, units='pix', win=Window(...))
5.4202 	EXP 	Created enc_fx_cross = TextStim(__class__=<class 'psychopy.visual.text.TextStim'>, alignHoriz=method-wrapper(...), alignText='center', alignVert=method-wrapper(...), anchorHoriz='center', anchorVert='center', antialias=True, autoLog=True, bold=False, color='black', colorSpace='named', contrast=1.0, depth=-1.0, flipHoriz=False, flipVert=False, font='Arial', fontFiles=[], height=50, italic=False, languageStyle='LTR', name='enc_fx_cross', opacity=1.0, ori=0, pos=array([0., 0.]), rgb=array([0., 0., 0.]), text='+', units='pix', win=Window(...), wrapWidth=500)
5.4346 	EXP 	Created enc_trial_map = ImageStim(__class__=<class 'psychopy.visual.image.ImageStim'>, autoLog=True, color=array([1., 1., 1.]), colorSpace='rgb', contrast=1.0, depth=0.0, flipHoriz=False, flipVert=False, image='stimuli/GalleryPlanInside.jpg', interpolate=True, mask=None, maskParams=None, name='enc_trial_map', opacity=1.0, ori=0.0, pos=array([  0., -25.]), size=array([1040., 1000.]), texRes=128, units='pix', win=Window(...))
5.4362 	EXP 	Created enc_trial_main_image = ImageStim(__class__=<class 'psychopy.visual.image.ImageStim'>, autoLog=True, color=array([1., 1., 1.]), colorSpace='rgb', contrast=1.0, depth=-1.0, flipHoriz=False, flipVert=False, image='sin', interpolate=True, mask=None, maskParams=None, name='enc_trial_main_image', opacity=1.0, ori=0.0, pos=array([0., 0.]), size=array([300., 300.]), texRes=128, units='pix', win=Window(...))
5.4506 	EXP 	Created enc_practice_feedback_map = ImageStim(__class__=<class 'psychopy.visual.image.ImageStim'>, autoLog=True, color=array([1., 1., 1.]), colorSpace='rgb', contrast=1.0, depth=-1.0, flipHoriz=False, flipVert=False, image='stimuli/GalleryPlanInside.jpg', interpolate=True, mask=None, maskParams=None, name='enc_practice_feedback_map', opacity=1.0, ori=0.0, pos=array([  0., -25.]), size=array([1040., 1000.]), texRes=128, units='pix', win=Window(...))
5.4518 	EXP 	Created enc_practice_feedback_image = ImageStim(__class__=<class 'psychopy.visual.image.ImageStim'>, autoLog=True, color=array([1., 1., 1.]), colorSpace='rgb', contrast=1.0, depth=-2.0, flipHoriz=False, flipVert=False, image='sin', interpolate=True, mask=None, maskParams=None, name='enc_practice_feedback_image', opacity=1.0, ori=0.0, pos=array([0., 0.]), size=array([300., 300.]), texRes=128, units='pix', win=Window(...))
5.4557 	EXP 	Created enc_practice_feedback_text = TextStim(__class__=<class 'psychopy.visual.text.TextStim'>, alignHoriz=method-wrapper(...), alignText='center', alignVert=method-wrapper(...), anchorHoriz='center', anchorVert='center', antialias=True, autoLog=True, bold=False, color='black', colorSpace='named', contrast=1.0, depth=-3.0, flipHoriz=False, flipVert=False, font='Arial', fontFiles=[], height=0.05, italic=False, languageStyle='LTR', name='enc_practice_feedback_text', opacity=1.0, ori=0, pos=array([0., 0.]), rgb=array([0., 0., 0.]), text='default text', units='height', win=Window(...), wrapWidth=1)
5.4705 	EXP 	Created end_practice_text = TextStim(__class__=<class 'psychopy.visual.text.TextStim'>, alignHoriz=method-wrapper(...), alignText='center', alignVert=method-wrapper(...), anchorHoriz='center', anchorVert='center', antialias=True, autoLog=True, bold=False, color='black', colorSpace='named', contrast=1.0, depth=0.0, flipHoriz=False, flipVert=False, font='Arial', fontFiles=[], height=0.05, italic=False, languageStyle='LTR', name='end_practice_text', opacity=1.0, ori=0, pos=array([0., 0.]), rgb=array([0., 0., 0.]), text=str(...), units='height', win=Window(...), wrapWidth=0.8)
5.4743 	EXP 	Created start_enc_run_text = TextStim(__class__=<class 'psychopy.visual.text.TextStim'>, alignHoriz=method-wrapper(...), alignText='center', alignVert=method-wrapper(...), anchorHoriz='center', anchorVert='center', antialias=True, autoLog=True, bold=False, color='black', colorSpace='named', contrast=1.0, depth=-2.0, flipHoriz=False, flipVert=False, font='Arial', fontFiles=[], height=0.1, italic=False, languageStyle='LTR', name='start_enc_run_text', opacity=1.0, ori=0, pos=array([0., 0.]), rgb=array([0., 0., 0.]), text='Kezdődik a feladat...', units='height', win=Window(...), wrapWidth=1)
5.4902 	EXP 	Created enc_fx_map = ImageStim(__class__=<class 'psychopy.visual.image.ImageStim'>, autoLog=True, color=array([1., 1., 1.]), colorSpace='rgb', contrast=1.0, depth=0.0, flipHoriz=False, flipVert=False, image='stimuli/GalleryPlanInside.jpg', interpolate=True, mask=None, maskParams=None, name='enc_fx_map', opacity=1.0, ori=0.0, pos=array([  0., -25.]), size=array([1040., 1000.]), texRes=128, units='pix', win=Window(...))
5.4914 	EXP 	Created enc_fx_cross = TextStim(__class__=<class 'psychopy.visual.text.TextStim'>, alignHoriz=method-wrapper(...), alignText='center', alignVert=method-wrapper(...), anchorHoriz='center', anchorVert='center', antialias=True, autoLog=True, bold=False, color='black', colorSpace='named', contrast=1.0, depth=-1.0, flipHoriz=False, flipVert=False, font='Arial', fontFiles=[], height=50, italic=False, languageStyle='LTR', name='enc_fx_cross', opacity=1.0, ori=0, pos=array([0., 0.]), rgb=array([0., 0., 0.]), text='+', units='pix', win=Window(...), wrapWidth=500)
5.5051 	EXP 	Created enc_trial_map = ImageStim(__class__=<class 'psychopy.visual.image.ImageStim'>, autoLog=True, color=array([1., 1., 1.]), colorSpace='rgb', contrast=1.0, depth=0.0, flipHoriz=False, flipVert=False, image='stimuli/GalleryPlanInside.jpg', interpolate=True, mask=None, maskParams=None, name='enc_trial_map', opacity=1.0, ori=0.0, pos=array([  0., -25.]), size=array([1040., 1000.]), texRes=128, units='pix', win=Window(...))
5.5064 	EXP 	Created enc_trial_main_image = ImageStim(__class__=<class 'psychopy.visual.image.ImageStim'>, autoLog=True, color=array([1., 1., 1.]), colorSpace='rgb', contrast=1.0, depth=-1.0, flipHoriz=False, flipVert=False, image='sin', interpolate=True, mask=None, maskParams=None, name='enc_trial_main_image', opacity=1.0, ori=0.0, pos=array([0., 0.]), size=array([300., 300.]), texRes=128, units='pix', win=Window(...))
5.5139 	EXP 	Created end_enc_run_text = TextStim(__class__=<class 'psychopy.visual.text.TextStim'>, alignHoriz=method-wrapper(...), alignText='center', alignVert=method-wrapper(...), anchorHoriz='center', anchorVert='center', antialias=True, autoLog=True, bold=False, color='black', colorSpace='named', contrast=1.0, depth=0.0, flipHoriz=False, flipVert=False, font='Arial', fontFiles=[], height=0.06, italic=False, languageStyle='LTR', name='end_enc_run_text', opacity=1.0, ori=0, pos=array([0., 0.]), rgb=array([0., 0., 0.]), text='default text', units='height', win=Window(...), wrapWidth=1)
5.5213 	EXP 	Created start_recognition_text = TextStim(__class__=<class 'psychopy.visual.text.TextStim'>, alignHoriz=method-wrapper(...), alignText='center', alignVert=method-wrapper(...), anchorHoriz='center', anchorVert='center', antialias=True, autoLog=True, bold=False, color='black', colorSpace='named', contrast=1.0, depth=-2.0, flipHoriz=False, flipVert=False, font='Arial', fontFiles=[], height=0.1, italic=False, languageStyle='LTR', name='start_recognition_text', opacity=1.0, ori=0, pos=array([0., 0.]), rgb=array([0., 0., 0.]), text='Második feladat\nKépfelismerés', units='height', win=Window(...), wrapWidth=1)
5.5366 	EXP 	Created rec_instructions_1_text = TextStim(__class__=<class 'psychopy.visual.text.TextStim'>, alignHoriz=method-wrapper(...), alignText='center', alignVert=method-wrapper(...), anchorHoriz='center', anchorVert='center', antialias=True, autoLog=True, bold=False, color='black', colorSpace='named', contrast=1.0, depth=0.0, flipHoriz=False, flipVert=False, font='Arial', fontFiles=[], height=0.05, italic=False, languageStyle='LTR', name='rec_instructions_1_text', opacity=1.0, ori=0, pos=array([0., 0.]), rgb=array([0., 0., 0.]), text=str(...), units='height', win=Window(...), wrapWidth=1)
5.5631 	EXP 	Created rec_instructions2_text = TextStim(__class__=<class 'psychopy.visual.text.TextStim'>, alignHoriz=method-wrapper(...), alignText='center', alignVert=method-wrapper(...), anchorHoriz='center', anchorVert='center', antialias=True, autoLog=True, bold=False, color='black', colorSpace='named', contrast=1.0, depth=0.0, flipHoriz=False, flipVert=False, font='Arial', fontFiles=[], height=0.03, italic=False, languageStyle='LTR', name='rec_instructions2_text', opacity=1.0, ori=0, pos=array([0., 0.]), rgb=array([0., 0., 0.]), text=str(...), units='height', win=Window(...), wrapWidth=1)
5.5877 	EXP 	Created rec_instrauction_3_text = TextStim(__class__=<class 'psychopy.visual.text.TextStim'>, alignHoriz=method-wrapper(...), alignText='center', alignVert=method-wrapper(...), anchorHoriz='center', anchorVert='center', antialias=True, autoLog=True, bold=False, color='black', colorSpace='named', contrast=1.0, depth=0.0, flipHoriz=False, flipVert=False, font='Arial', fontFiles=[], height=0.03, italic=False, languageStyle='LTR', name='rec_instrauction_3_text', opacity=1.0, ori=0, pos=array([0., 0.]), rgb=array([0., 0., 0.]), text=str(...), units='height', win=Window(...), wrapWidth=1)
5.5928 	EXP 	Created rec_instructions_4_text = TextStim(__class__=<class 'psychopy.visual.text.TextStim'>, alignHoriz=method-wrapper(...), alignText='center', alignVert=method-wrapper(...), anchorHoriz='center', anchorVert='center', antialias=True, autoLog=True, bold=False, color='black', colorSpace='named', contrast=1.0, depth=0.0, flipHoriz=False, flipVert=False, font='Arial', fontFiles=[], height=0.05, italic=False, languageStyle='LTR', name='rec_instructions_4_text', opacity=1.0, ori=0, pos=array([0., 0.]), rgb=array([0., 0., 0.]), text=str(...), units='height', win=Window(...), wrapWidth=1)
5.6091 	EXP 	Created demo_map = ImageStim(__class__=<class 'psychopy.visual.image.ImageStim'>, autoLog=True, color=array([1., 1., 1.]), colorSpace='rgb', contrast=1.0, depth=0.0, flipHoriz=False, flipVert=False, image='stimuli/GalleryPlanInside.jpg', interpolate=True, mask=None, maskParams=None, name='demo_map', opacity=1.0, ori=0.0, pos=array([  0., -25.]), size=array([1040., 1000.]), texRes=128, units='pix', win=Window(...))
5.6103 	EXP 	Created demo_main_image = ImageStim(__class__=<class 'psychopy.visual.image.ImageStim'>, autoLog=True, color=array([1., 1., 1.]), colorSpace='rgb', contrast=1.0, depth=-1.0, flipHoriz=False, flipVert=False, image='sin', interpolate=True, mask=None, maskParams=None, name='demo_main_image', opacity=1.0, ori=0.0, pos=array([0., 0.]), size=array([300., 300.]), texRes=128, units='pix', win=Window(...))
5.6115 	EXP 	Created demo_image = ImageStim(__class__=<class 'psychopy.visual.image.ImageStim'>, autoLog=True, color=array([1., 1., 1.]), colorSpace='rgb', contrast=1.0, depth=-2.0, flipHoriz=False, flipVert=False, image='sin', interpolate=True, mask=None, maskParams=None, name='demo_image', opacity=1.0, ori=0.0, pos=array([0., 0.]), size=array([300., 300.]), texRes=128, units='pix', win=Window(...))
5.6137 	EXP 	Created demo_text = TextStim(__class__=<class 'psychopy.visual.text.TextStim'>, alignHoriz=method-wrapper(...), alignText='center', alignVert=method-wrapper(...), anchorHoriz='center', anchorVert='center', antialias=True, autoLog=True, bold=False, color='black', colorSpace='named', contrast=1.0, depth=-3.0, flipHoriz=False, flipVert=False, font='Arial', fontFiles=[], height=0.05, italic=False, languageStyle='LTR', name='demo_text', opacity=1.0, ori=0, pos=array([0.  , 0.45]), rgb=array([0., 0., 0.]), text='default text', units='height', win=Window(...), wrapWidth=1)
5.6178 	EXP 	Created demo_end_text = TextStim(__class__=<class 'psychopy.visual.text.TextStim'>, alignHoriz=method-wrapper(...), alignText='center', alignVert=method-wrapper(...), anchorHoriz='center', anchorVert='center', antialias=True, autoLog=True, bold=False, color='black', colorSpace='named', contrast=1.0, depth=0.0, flipHoriz=False, flipVert=False, font='Arial', fontFiles=[], height=0.05, italic=False, languageStyle='LTR', name='demo_end_text', opacity=1.0, ori=0, pos=array([0., 0.]), rgb=array([0., 0., 0.]), text=str(...), units='height', win=Window(...), wrapWidth=1)
5.6221 	EXP 	Created start_practice_text = TextStim(__class__=<class 'psychopy.visual.text.TextStim'>, alignHoriz=method-wrapper(...), alignText='center', alignVert=method-wrapper(...), anchorHoriz='center', anchorVert='center', antialias=True, autoLog=True, bold=False, color='black', colorSpace='named', contrast=1.0, depth=0.0, flipHoriz=False, flipVert=False, font='Arial', fontFiles=[], height=0.1, italic=False, languageStyle='LTR', name='start_practice_text', opacity=1.0, ori=0, pos=array([0., 0.]), rgb=array([0., 0., 0.]), text='Kezdődik a gyakorlás...', units='height', win=Window(...), wrapWidth=1)
5.6249 	EXP 	Created rec_practice_block_text = TextStim(__class__=<class 'psychopy.visual.text.TextStim'>, alignHoriz=method-wrapper(...), alignText='center', alignVert=method-wrapper(...), anchorHoriz='center', anchorVert='center', antialias=True, autoLog=True, bold=False, color='black', colorSpace='named', contrast=1.0, depth=-1.0, flipHoriz=False, flipVert=False, font='Arial', fontFiles=[], height=0.1, italic=False, languageStyle='LTR', name='rec_practice_block_text', opacity=1.0, ori=0, pos=array([0., 0.]), rgb=array([0., 0., 0.]), text='default text', units='height', win=Window(...), wrapWidth=1)
5.6392 	EXP 	Created rec_fx_map = ImageStim(__class__=<class 'psychopy.visual.image.ImageStim'>, autoLog=True, color=array([1., 1., 1.]), colorSpace='rgb', contrast=1.0, depth=0.0, flipHoriz=False, flipVert=False, image='stimuli/GalleryPlanInside.jpg', interpolate=True, mask=None, maskParams=None, name='rec_fx_map', opacity=1.0, ori=0.0, pos=array([  0., -25.]), size=array([1040., 1000.]), texRes=128, units='pix', win=Window(...))
5.6411 	EXP 	Created rec_fx_cross = TextStim(__class__=<class 'psychopy.visual.text.TextStim'>, alignHoriz=method-wrapper(...), alignText='center', alignVert=method-wrapper(...), anchorHoriz='center', anchorVert='center', antialias=True, autoLog=True, bold=False, color='black', colorSpace='named', contrast=1.0, depth=-1.0, flipHoriz=False, flipVert=False, font='Arial', fontFiles=[], height=50, italic=False, languageStyle='LTR', name='rec_fx_cross', opacity=1.0, ori=0, pos=array([0., 0.]), rgb=array([0., 0., 0.]), text='+', units='pix', win=Window(...), wrapWidth=500)
5.6458 	EXP 	Created rec_fx_text_block = TextStim(__class__=<class 'psychopy.visual.text.TextStim'>, alignHoriz=method-wrapper(...), alignText='center', alignVert=method-wrapper(...), anchorHoriz='center', anchorVert='center', antialias=True, autoLog=True, bold=False, color='black', colorSpace='named', contrast=1.0, depth=-3.0, flipHoriz=False, flipVert=False, font='Arial', fontFiles=[], height=0.045, italic=False, languageStyle='LTR', name='rec_fx_text_block', opacity=1.0, ori=0, pos=array([0.  , 0.45]), rgb=array([0., 0., 0.]), text='default text', units='height', win=Window(...), wrapWidth=1)
5.6518 	EXP 	Created rec_fx_instructions_text = TextStim(__class__=<class 'psychopy.visual.text.TextStim'>, alignHoriz=method-wrapper(...), alignText='center', alignVert=method-wrapper(...), anchorHoriz='center', anchorVert='center', antialias=True, autoLog=True, bold=False, color='white', colorSpace='named', contrast=1.0, depth=-4.0, flipHoriz=False, flipVert=False, font='Arial', fontFiles=[], height=0.045, italic=False, languageStyle='LTR', name='rec_fx_instructions_text', opacity=1.0, ori=0, pos=array([ 0.   , -0.045]), rgb=array([255., 255., 255.]), text='[F - Régi]  [J - Új] [K - Hasonló]', units='height', win=Window(...), wrapWidth=1)
5.6662 	EXP 	Created rec_trial_map = ImageStim(__class__=<class 'psychopy.visual.image.ImageStim'>, autoLog=True, color=array([1., 1., 1.]), colorSpace='rgb', contrast=1.0, depth=0.0, flipHoriz=False, flipVert=False, image='stimuli/GalleryPlanInside.jpg', interpolate=True, mask=None, maskParams=None, name='rec_trial_map', opacity=1.0, ori=0.0, pos=array([  0., -25.]), size=array([1040., 1000.]), texRes=128, units='pix', win=Window(...))
5.6675 	EXP 	Created rec_trial_main_image = ImageStim(__class__=<class 'psychopy.visual.image.ImageStim'>, autoLog=True, color=array([1., 1., 1.]), colorSpace='rgb', contrast=1.0, depth=-1.0, flipHoriz=False, flipVert=False, image='sin', interpolate=True, mask=None, maskParams=None, name='rec_trial_main_image', opacity=1.0, ori=0.0, pos=array([0., 0.]), size=array([300., 300.]), texRes=128, units='pix', win=Window(...))
5.6698 	EXP 	Created rec_trial_text_block = TextStim(__class__=<class 'psychopy.visual.text.TextStim'>, alignHoriz=method-wrapper(...), alignText='center', alignVert=method-wrapper(...), anchorHoriz='center', anchorVert='center', antialias=True, autoLog=True, bold=False, color='black', colorSpace='named', contrast=1.0, depth=-3.0, flipHoriz=False, flipVert=False, font='Arial', fontFiles=[], height=0.045, italic=False, languageStyle='LTR', name='rec_trial_text_block', opacity=1.0, ori=0, pos=array([0.  , 0.45]), rgb=array([0., 0., 0.]), text='default text', units='height', win=Window(...), wrapWidth=1)
5.6720 	EXP 	Created rec_trial_instructions_text = TextStim(__class__=<class 'psychopy.visual.text.TextStim'>, alignHoriz=method-wrapper(...), alignText='center', alignVert=method-wrapper(...), anchorHoriz='center', anchorVert='center', antialias=True, autoLog=True, bold=False, color='black', colorSpace='named', contrast=1.0, depth=-4.0, flipHoriz=False, flipVert=False, font='Arial', fontFiles=[], height=0.045, italic=False, languageStyle='LTR', name='rec_trial_instructions_text', opacity=1.0, ori=0, pos=array([ 0.  , -0.45]), rgb=array([0., 0., 0.]), text='[F - Régi]  [J - Új] [K - Hasonló]', units='height', win=Window(...), wrapWidth=1)
5.6750 	EXP 	Created rec_practice_feedback_text = TextStim(__class__=<class 'psychopy.visual.text.TextStim'>, alignHoriz=method-wrapper(...), alignText='center', alignVert=method-wrapper(...), anchorHoriz='center', anchorVert='center', antialias=True, autoLog=True, bold=False, color='black', colorSpace='named', contrast=1.0, depth=-1.0, flipHoriz=False, flipVert=False, font='Arial', fontFiles=[], height=0.05, italic=False, languageStyle='LTR', name='rec_practice_feedback_text', opacity=1.0, ori=0, pos=array([0., 0.]), rgb=array([0., 0., 0.]), text='default text', units='height', win=Window(...), wrapWidth=1)
5.6878 	EXP 	Created end_practice_text = TextStim(__class__=<class 'psychopy.visual.text.TextStim'>, alignHoriz=method-wrapper(...), alignText='center', alignVert=method-wrapper(...), anchorHoriz='center', anchorVert='center', antialias=True, autoLog=True, bold=False, color='black', colorSpace='named', contrast=1.0, depth=0.0, flipHoriz=False, flipVert=False, font='Arial', fontFiles=[], height=0.05, italic=False, languageStyle='LTR', name='end_practice_text', opacity=1.0, ori=0, pos=array([0., 0.]), rgb=array([0., 0., 0.]), text=str(...), units='height', win=Window(...), wrapWidth=0.8)
5.6914 	EXP 	Created start_rec_run_text = TextStim(__class__=<class 'psychopy.visual.text.TextStim'>, alignHoriz=method-wrapper(...), alignText='center', alignVert=method-wrapper(...), anchorHoriz='center', anchorVert='center', antialias=True, autoLog=True, bold=False, color='black', colorSpace='named', contrast=1.0, depth=-1.0, flipHoriz=False, flipVert=False, font='Arial', fontFiles=[], height=0.1, italic=False, languageStyle='LTR', name='start_rec_run_text', opacity=1.0, ori=0, pos=array([0., 0.]), rgb=array([0., 0., 0.]), text='Kezdődik a feladat...', units='height', win=Window(...), wrapWidth=1)
5.6935 	EXP 	Created start_rec_block_text = TextStim(__class__=<class 'psychopy.visual.text.TextStim'>, alignHoriz=method-wrapper(...), alignText='center', alignVert=method-wrapper(...), anchorHoriz='center', anchorVert='center', antialias=True, autoLog=True, bold=False, color='black', colorSpace='named', contrast=1.0, depth=-1.0, flipHoriz=False, flipVert=False, font='Arial', fontFiles=[], height=0.1, italic=False, languageStyle='LTR', name='start_rec_block_text', opacity=1.0, ori=0, pos=array([0., 0.]), rgb=array([0., 0., 0.]), text='default text', units='height', win=Window(...), wrapWidth=1)
5.7075 	EXP 	Created rec_fx_map = ImageStim(__class__=<class 'psychopy.visual.image.ImageStim'>, autoLog=True, color=array([1., 1., 1.]), colorSpace='rgb', contrast=1.0, depth=0.0, flipHoriz=False, flipVert=False, image='stimuli/GalleryPlanInside.jpg', interpolate=True, mask=None, maskParams=None, name='rec_fx_map', opacity=1.0, ori=0.0, pos=array([  0., -25.]), size=array([1040., 1000.]), texRes=128, units='pix', win=Window(...))
5.7095 	EXP 	Created rec_fx_cross = TextStim(__class__=<class 'psychopy.visual.text.TextStim'>, alignHoriz=method-wrapper(...), alignText='center', alignVert=method-wrapper(...), anchorHoriz='center', anchorVert='center', antialias=True, autoLog=True, bold=False, color='black', colorSpace='named', contrast=1.0, depth=-1.0, flipHoriz=False, flipVert=False, font='Arial', fontFiles=[], height=50, italic=False, languageStyle='LTR', name='rec_fx_cross', opacity=1.0, ori=0, pos=array([0., 0.]), rgb=array([0., 0., 0.]), text='+', units='pix', win=Window(...), wrapWidth=500)
5.7124 	EXP 	Created rec_fx_text_block = TextStim(__class__=<class 'psychopy.visual.text.TextStim'>, alignHoriz=method-wrapper(...), alignText='center', alignVert=method-wrapper(...), anchorHoriz='center', anchorVert='center', antialias=True, autoLog=True, bold=False, color='black', colorSpace='named', contrast=1.0, depth=-3.0, flipHoriz=False, flipVert=False, font='Arial', fontFiles=[], height=0.045, italic=False, languageStyle='LTR', name='rec_fx_text_block', opacity=1.0, ori=0, pos=array([0.  , 0.45]), rgb=array([0., 0., 0.]), text='default text', units='height', win=Window(...), wrapWidth=1)
5.7181 	EXP 	Created rec_fx_instructions_text = TextStim(__class__=<class 'psychopy.visual.text.TextStim'>, alignHoriz=method-wrapper(...), alignText='center', alignVert=method-wrapper(...), anchorHoriz='center', anchorVert='center', antialias=True, autoLog=True, bold=False, color='white', colorSpace='named', contrast=1.0, depth=-4.0, flipHoriz=False, flipVert=False, font='Arial', fontFiles=[], height=0.045, italic=False, languageStyle='LTR', name='rec_fx_instructions_text', opacity=1.0, ori=0, pos=array([ 0.   , -0.045]), rgb=array([255., 255., 255.]), text='[F - Régi]  [J - Új] [K - Hasonló]', units='height', win=Window(...), wrapWidth=1)
5.7316 	EXP 	Created rec_trial_map = ImageStim(__class__=<class 'psychopy.visual.image.ImageStim'>, autoLog=True, color=array([1., 1., 1.]), colorSpace='rgb', contrast=1.0, depth=0.0, flipHoriz=False, flipVert=False, image='stimuli/GalleryPlanInside.jpg', interpolate=True, mask=None, maskParams=None, name='rec_trial_map', opacity=1.0, ori=0.0, pos=array([  0., -25.]), size=array([1040., 1000.]), texRes=128, units='pix', win=Window(...))
5.7328 	EXP 	Created rec_trial_main_image = ImageStim(__class__=<class 'psychopy.visual.image.ImageStim'>, autoLog=True, color=array([1., 1., 1.]), colorSpace='rgb', contrast=1.0, depth=-1.0, flipHoriz=False, flipVert=False, image='sin', interpolate=True, mask=None, maskParams=None, name='rec_trial_main_image', opacity=1.0, ori=0.0, pos=array([0., 0.]), size=array([300., 300.]), texRes=128, units='pix', win=Window(...))
5.7353 	EXP 	Created rec_trial_text_block = TextStim(__class__=<class 'psychopy.visual.text.TextStim'>, alignHoriz=method-wrapper(...), alignText='center', alignVert=method-wrapper(...), anchorHoriz='center', anchorVert='center', antialias=True, autoLog=True, bold=False, color='black', colorSpace='named', contrast=1.0, depth=-3.0, flipHoriz=False, flipVert=False, font='Arial', fontFiles=[], height=0.045, italic=False, languageStyle='LTR', name='rec_trial_text_block', opacity=1.0, ori=0, pos=array([0.  , 0.45]), rgb=array([0., 0., 0.]), text='default text', units='height', win=Window(...), wrapWidth=1)
5.7380 	EXP 	Created rec_trial_instructions_text = TextStim(__class__=<class 'psychopy.visual.text.TextStim'>, alignHoriz=method-wrapper(...), alignText='center', alignVert=method-wrapper(...), anchorHoriz='center', anchorVert='center', antialias=True, autoLog=True, bold=False, color='black', colorSpace='named', contrast=1.0, depth=-4.0, flipHoriz=False, flipVert=False, font='Arial', fontFiles=[], height=0.045, italic=False, languageStyle='LTR', name='rec_trial_instructions_text', opacity=1.0, ori=0, pos=array([ 0.  , -0.45]), rgb=array([0., 0., 0.]), text='[F - Régi]  [J - Új] [K - Hasonló]', units='height', win=Window(...), wrapWidth=1)
5.7397 	EXP 	Created end_rec_run_text = TextStim(__class__=<class 'psychopy.visual.text.TextStim'>, alignHoriz=method-wrapper(...), alignText='center', alignVert=method-wrapper(...), anchorHoriz='center', anchorVert='center', antialias=True, autoLog=True, bold=False, color='black', colorSpace='named', contrast=1.0, depth=0.0, flipHoriz=False, flipVert=False, font='Arial', fontFiles=[], height=0.1, italic=False, languageStyle='LTR', name='end_rec_run_text', opacity=1.0, ori=0, pos=array([0., 0.]), rgb=array([0., 0., 0.]), text='default text', units='height', win=Window(...), wrapWidth=1)
5.7416 	EXP 	lab_thanks: autoDraw = True
12.0761 	DATA 	Keypress: right
12.0826 	EXP 	lab_thanks: autoDraw = False
12.0826 	EXP 	start_encoding_text: text = 'Első feladat\nGaléria berendezés'
12.0826 	EXP 	start_encoding_text: autoDraw = True
13.5848 	EXP 	start_encoding_text: autoDraw = False
13.5848 	EXP 	start_encoding_text: autoDraw = False
13.5848 	EXP 	enc_instructions_1_text: autoDraw = True
13.5848 	EXP 	enc_instructions_1_image: autoDraw = True
13.6140 	DATA 	Keypress: right
13.6173 	EXP 	enc_instructions_1_text: autoDraw = False
13.6173 	EXP 	enc_instructions_1_image: autoDraw = False
13.6173 	EXP 	enc_instructions_2_text: autoDraw = True
13.6173 	EXP 	enc_instructions_2_image: autoDraw = True
14.7065 	DATA 	Keypress: right
14.7084 	EXP 	enc_instructions_2_text: autoDraw = False
14.7084 	EXP 	enc_instructions_2_image: autoDraw = False
14.7084 	EXP 	enc_instructions_3_text: autoDraw = True
15.2188 	DATA 	Keypress: right
15.2204 	EXP 	enc_instructions_3_text: autoDraw = False
15.2204 	EXP 	start_practice_text: autoDraw = True
15.6584 	DATA 	Keypress: right
16.2262 	EXP 	Imported encoding_practice_trials.csv as conditions, 5 conditions, 9 params
16.2265 	EXP 	Created sequence: random, trialTypes=5, nReps=1, seed=None
16.2268 	EXP 	New trial (rep=0, index=0): OrderedDict([('Task', 'EncodingPractice'), ('TrialType', 'OBJ'), ('StimType', 'TARGET'), ('Order', 1), ('CurrentImage', 'stimuli/fractals/167a.jpg'), ('CurrentX', 300.0), ('CurrentY', 0.0), ('Jitter', 500), ('Section', 'Encoding')])
16.2309 	EXP 	start_practice_text: autoDraw = False
16.2309 	EXP 	start_practice_text: autoDraw = False
16.2309 	EXP 	enc_fx_cross: pos = array([300.,   0.])
16.2309 	EXP 	enc_fx_map: autoDraw = True
16.2309 	EXP 	enc_fx_cross: autoDraw = True
16.7697 	EXP 	enc_fx_map: autoDraw = False
16.7697 	EXP 	enc_fx_cross: autoDraw = False
16.7697 	EXP 	enc_fx_map: autoDraw = False
16.7697 	EXP 	enc_fx_cross: autoDraw = False
16.7697 	EXP 	enc_trial_main_image: pos = array([300.,   0.])
16.7697 	EXP 	enc_trial_main_image: image = 'stimuli/fractals/167a.jpg'
16.7697 	EXP 	enc_trial_map: autoDraw = True
16.7697 	EXP 	enc_trial_main_image: autoDraw = True
17.3969 	DATA 	Keypress: right
19.7730 	EXP 	enc_trial_map: autoDraw = False
19.7730 	EXP 	enc_trial_main_image: autoDraw = False
19.7730 	EXP 	enc_practice_feedback_image: pos = array([300.,   0.])
19.7730 	EXP 	enc_practice_feedback_image: image = 'stimuli/fractals/167a.jpg'
19.7730 	EXP 	enc_practice_feedback_text: text = 'Nem adott választ.'
19.7730 	EXP 	enc_practice_feedback_map: autoDraw = True
19.7730 	EXP 	enc_practice_feedback_image: autoDraw = True
19.7730 	EXP 	enc_practice_feedback_text: autoDraw = True
20.7343 	EXP 	New trial (rep=0, index=1): OrderedDict([('Task', 'EncodingPractice'), ('TrialType', '-'), ('StimType', '-'), ('Order', 1), ('CurrentImage', 'stimuli/fractals/177b.jpg'), ('CurrentX', 300.0), ('CurrentY', 0.0), ('Jitter', 800), ('Section', 'Encoding')])
20.7383 	EXP 	enc_practice_feedback_map: autoDraw = False
20.7383 	EXP 	enc_practice_feedback_image: autoDraw = False
20.7383 	EXP 	enc_practice_feedback_text: autoDraw = False
20.7383 	EXP 	enc_fx_cross: pos = array([300.,   0.])
20.7383 	EXP 	enc_fx_map: autoDraw = True
20.7383 	EXP 	enc_fx_cross: autoDraw = True
21.0047 	DATA 	Keypress: right
21.5787 	EXP 	enc_fx_map: autoDraw = False
21.5787 	EXP 	enc_fx_cross: autoDraw = False
21.5787 	EXP 	enc_fx_map: autoDraw = False
21.5787 	EXP 	enc_fx_cross: autoDraw = False
21.5787 	EXP 	enc_trial_main_image: pos = array([300.,   0.])
21.5787 	EXP 	enc_trial_main_image: image = 'stimuli/fractals/177b.jpg'
21.5787 	EXP 	enc_trial_map: autoDraw = True
21.5787 	EXP 	enc_trial_main_image: autoDraw = True
24.5806 	EXP 	enc_trial_map: autoDraw = False
24.5806 	EXP 	enc_trial_main_image: autoDraw = False
24.5806 	EXP 	enc_practice_feedback_image: pos = array([300.,   0.])
24.5806 	EXP 	enc_practice_feedback_image: image = 'stimuli/fractals/177b.jpg'
24.5806 	EXP 	enc_practice_feedback_text: text = 'Nem adott választ.'
24.5806 	EXP 	enc_practice_feedback_map: autoDraw = True
24.5806 	EXP 	enc_practice_feedback_image: autoDraw = True
24.5806 	EXP 	enc_practice_feedback_text: autoDraw = True
25.5432 	EXP 	New trial (rep=0, index=2): OrderedDict([('Task', 'EncodingPractice'), ('TrialType', 'LOC'), ('StimType', 'FOIL'), ('Order', 1), ('CurrentImage', 'stimuli/fractals/148b.jpg'), ('CurrentX', 212.1320344), ('CurrentY', 212.1320344), ('Jitter', 1000), ('Section', 'Encoding')])
25.5478 	EXP 	enc_practice_feedback_map: autoDraw = False
25.5478 	EXP 	enc_practice_feedback_image: autoDraw = False
25.5478 	EXP 	enc_practice_feedback_text: autoDraw = False
25.5478 	EXP 	enc_fx_cross: pos = array([212.1320344, 212.1320344])
25.5478 	EXP 	enc_fx_map: autoDraw = True
25.5478 	EXP 	enc_fx_cross: autoDraw = True
26.6152 	EXP 	enc_fx_map: autoDraw = False
26.6152 	EXP 	enc_fx_cross: autoDraw = False
26.6152 	EXP 	enc_fx_map: autoDraw = False
26.6152 	EXP 	enc_fx_cross: autoDraw = False
26.6152 	EXP 	enc_trial_main_image: pos = array([212.1320344, 212.1320344])
26.6152 	EXP 	enc_trial_main_image: image = 'stimuli/fractals/148b.jpg'
26.6152 	EXP 	enc_trial_map: autoDraw = True
26.6152 	EXP 	enc_trial_main_image: autoDraw = True
29.6198 	EXP 	enc_trial_map: autoDraw = False
29.6198 	EXP 	enc_trial_main_image: autoDraw = False
29.6198 	EXP 	enc_practice_feedback_image: pos = array([212.1320344, 212.1320344])
29.6198 	EXP 	enc_practice_feedback_image: image = 'stimuli/fractals/148b.jpg'
29.6198 	EXP 	enc_practice_feedback_text: text = 'Nem adott választ.'
29.6198 	EXP 	enc_practice_feedback_map: autoDraw = True
29.6198 	EXP 	enc_practice_feedback_image: autoDraw = True
29.6198 	EXP 	enc_practice_feedback_text: autoDraw = True
30.5503 	EXP 	New trial (rep=0, index=3): OrderedDict([('Task', 'EncodingPractice'), ('TrialType', 'LOC'), ('StimType', 'LURE'), ('Order', 1), ('CurrentImage', 'stimuli/fractals/159a.jpg'), ('CurrentX', 0.0), ('CurrentY', 300.0), ('Jitter', 5000), ('Section', 'Encoding')])
30.5549 	EXP 	enc_practice_feedback_map: autoDraw = False
30.5549 	EXP 	enc_practice_feedback_image: autoDraw = False
30.5549 	EXP 	enc_practice_feedback_text: autoDraw = False
30.5549 	EXP 	enc_fx_cross: pos = array([  0., 300.])
30.5549 	EXP 	enc_fx_map: autoDraw = True
30.5549 	EXP 	enc_fx_cross: autoDraw = True
35.6297 	EXP 	enc_fx_map: autoDraw = False
35.6297 	EXP 	enc_fx_cross: autoDraw = False
35.6297 	EXP 	enc_fx_map: autoDraw = False
35.6297 	EXP 	enc_fx_cross: autoDraw = False
35.6297 	EXP 	enc_trial_main_image: pos = array([  0., 300.])
35.6297 	EXP 	enc_trial_main_image: image = 'stimuli/fractals/159a.jpg'
35.6297 	EXP 	enc_trial_map: autoDraw = True
35.6297 	EXP 	enc_trial_main_image: autoDraw = True
38.6316 	EXP 	enc_trial_map: autoDraw = False
38.6316 	EXP 	enc_trial_main_image: autoDraw = False
38.6316 	EXP 	enc_practice_feedback_image: pos = array([  0., 300.])
38.6316 	EXP 	enc_practice_feedback_image: image = 'stimuli/fractals/159a.jpg'
38.6316 	EXP 	enc_practice_feedback_text: text = 'Nem adott választ.'
38.6316 	EXP 	enc_practice_feedback_map: autoDraw = True
38.6316 	EXP 	enc_practice_feedback_image: autoDraw = True
38.6316 	EXP 	enc_practice_feedback_text: autoDraw = True
39.5587 	EXP 	New trial (rep=0, index=4): OrderedDict([('Task', 'EncodingPractice'), ('TrialType', 'LOC'), ('StimType', 'TARGET'), ('Order', 1), ('CurrentImage', 'stimuli/fractals/166a.jpg'), ('CurrentX', -300.0), ('CurrentY', 0.0), ('Jitter', 1500), ('Section', 'Encoding')])
39.5632 	EXP 	enc_practice_feedback_map: autoDraw = False
39.5632 	EXP 	enc_practice_feedback_image: autoDraw = False
39.5632 	EXP 	enc_practice_feedback_text: autoDraw = False
39.5632 	EXP 	enc_fx_cross: pos = array([-300.,    0.])
39.5632 	EXP 	enc_fx_map: autoDraw = True
39.5632 	EXP 	enc_fx_cross: autoDraw = True
41.1317 	EXP 	enc_fx_map: autoDraw = False
41.1317 	EXP 	enc_fx_cross: autoDraw = False
41.1317 	EXP 	enc_fx_map: autoDraw = False
41.1317 	EXP 	enc_fx_cross: autoDraw = False
41.1317 	EXP 	enc_trial_main_image: pos = array([-300.,    0.])
41.1317 	EXP 	enc_trial_main_image: image = 'stimuli/fractals/166a.jpg'
41.1317 	EXP 	enc_trial_map: autoDraw = True
41.1317 	EXP 	enc_trial_main_image: autoDraw = True
44.1359 	EXP 	enc_trial_map: autoDraw = False
44.1359 	EXP 	enc_trial_main_image: autoDraw = False
44.1359 	EXP 	enc_practice_feedback_image: pos = array([-300.,    0.])
44.1359 	EXP 	enc_practice_feedback_image: image = 'stimuli/fractals/166a.jpg'
44.1359 	EXP 	enc_practice_feedback_text: text = 'Nem adott választ.'
44.1359 	EXP 	enc_practice_feedback_map: autoDraw = True
44.1359 	EXP 	enc_practice_feedback_image: autoDraw = True
44.1359 	EXP 	enc_practice_feedback_text: autoDraw = True
45.0701 	EXP 	enc_practice_feedback_map: autoDraw = False
45.0701 	EXP 	enc_practice_feedback_image: autoDraw = False
45.0701 	EXP 	enc_practice_feedback_text: autoDraw = False
45.0701 	EXP 	end_practice_text: autoDraw = True
46.9635 	DATA 	Keypress: right
46.9642 	EXP 	Created sequence: sequential, trialTypes=1, nReps=3, seed=None
46.9645 	EXP 	New trial (rep=0, index=0): None
46.9663 	EXP 	end_practice_text: autoDraw = False
46.9663 	EXP 	start_enc_run_text: autoDraw = True
49.0314 	EXP 	Imported stimuli_tables/encoding_trials_0.csv as conditions, 2 conditions, 20 params
49.0323 	EXP 	Created sequence: sequential, trialTypes=2, nReps=1, seed=None
49.0331 	EXP 	New trial (rep=0, index=0): OrderedDict([('TrialIndex', 1), ('Jitter', 2000), ('ScannerRun', 1), ('StimType', 'OLP'), ('Order', 1), ('Delay', 3), ('CurrentImage', 'stimuli/fractals/101b.jpg'), ('CurrentX', 212.1320344), ('CurrentY', 212.1320344), ('TripletMemberA', 'stimuli/fractals/101b.jpg'), ('TripletMemberB', 'stimuli/fractals/101a.jpg'), ('TripletMemberC', 'stimuli/fractals/101c.jpg'), ('Xcoordinate', 212.1320344), ('Ycoordinate', 212.1320344), ('Xcoordinate_lure1', 0.0), ('Ycoordinate_lure1', 300.0), ('Xcoordinate_lure2', 300.0), ('Ycoordinate_lure2', 0.0), ('Xcoordinate_foil', -212.1320344), ('Ycoordinate_foil', -212.1320344)])
49.0380 	EXP 	start_enc_run_text: autoDraw = False
49.0380 	EXP 	start_enc_run_text: autoDraw = False
49.0380 	EXP 	enc_fx_cross: pos = array([212.1320344, 212.1320344])
49.0380 	EXP 	enc_fx_map: autoDraw = True
49.0380 	EXP 	enc_fx_cross: autoDraw = True
51.1090 	EXP 	enc_fx_map: autoDraw = False
51.1090 	EXP 	enc_fx_cross: autoDraw = False
51.1090 	EXP 	enc_fx_map: autoDraw = False
51.1090 	EXP 	enc_fx_cross: autoDraw = False
51.1090 	EXP 	enc_trial_main_image: pos = array([212.1320344, 212.1320344])
51.1090 	EXP 	enc_trial_main_image: image = 'stimuli/fractals/101b.jpg'
51.1090 	EXP 	enc_trial_map: autoDraw = True
51.1090 	EXP 	enc_trial_main_image: autoDraw = True
54.0423 	EXP 	New trial (rep=0, index=1): OrderedDict([('TrialIndex', 2), ('Jitter', 6000), ('ScannerRun', 1), ('StimType', 'OLP'), ('Order', 1), ('Delay', 3), ('CurrentImage', 'stimuli/fractals/97b.jpg'), ('CurrentX', 212.1320344), ('CurrentY', -212.1320344), ('TripletMemberA', 'stimuli/fractals/97b.jpg'), ('TripletMemberB', 'stimuli/fractals/97c.jpg'), ('TripletMemberC', 'stimuli/fractals/97a.jpg'), ('Xcoordinate', 212.1320344), ('Ycoordinate', -212.1320344), ('Xcoordinate_lure1', 0.0), ('Ycoordinate_lure1', -300.0), ('Xcoordinate_lure2', 300.0), ('Ycoordinate_lure2', 0.0), ('Xcoordinate_foil', -212.1320344), ('Ycoordinate_foil', 212.1320344)])
54.0470 	EXP 	enc_trial_map: autoDraw = False
54.0470 	EXP 	enc_trial_main_image: autoDraw = False
54.0470 	EXP 	enc_fx_cross: pos = array([ 212.1320344, -212.1320344])
54.0470 	EXP 	enc_fx_map: autoDraw = True
54.0470 	EXP 	enc_fx_cross: autoDraw = True
60.1156 	EXP 	enc_fx_map: autoDraw = False
60.1156 	EXP 	enc_fx_cross: autoDraw = False
60.1156 	EXP 	enc_fx_map: autoDraw = False
60.1156 	EXP 	enc_fx_cross: autoDraw = False
60.1156 	EXP 	enc_trial_main_image: pos = array([ 212.1320344, -212.1320344])
60.1156 	EXP 	enc_trial_main_image: image = 'stimuli/fractals/97b.jpg'
60.1156 	EXP 	enc_trial_map: autoDraw = True
60.1156 	EXP 	enc_trial_main_image: autoDraw = True
63.0617 	EXP 	enc_trial_map: autoDraw = False
63.0617 	EXP 	enc_trial_main_image: autoDraw = False
63.0617 	EXP 	end_enc_run_text: text = 'Szünet\nA folytatáshoz nyomja le a jobb nyilat'
63.0617 	EXP 	end_enc_run_text: autoDraw = True
64.3171 	DATA 	Keypress: right
64.3200 	EXP 	New trial (rep=1, index=0): None
64.3216 	EXP 	end_enc_run_text: autoDraw = False
64.3216 	EXP 	start_enc_run_text: autoDraw = True
66.3865 	EXP 	Imported stimuli_tables/encoding_trials_0.csv as conditions, 2 conditions, 20 params
66.3875 	EXP 	Created sequence: sequential, trialTypes=2, nReps=1, seed=None
66.3882 	EXP 	New trial (rep=0, index=0): OrderedDict([('TrialIndex', 3), ('Jitter', 2000), ('ScannerRun', 1), ('StimType', 'LLP'), ('Order', 1), ('Delay', 5), ('CurrentImage', 'stimuli/fractals/76b.jpg'), ('CurrentX', 212.1320344), ('CurrentY', 212.1320344), ('TripletMemberA', 'stimuli/fractals/76b.jpg'), ('TripletMemberB', 'stimuli/fractals/76c.jpg'), ('TripletMemberC', 'stimuli/fractals/76a.jpg'), ('Xcoordinate', 212.1320344), ('Ycoordinate', 212.1320344), ('Xcoordinate_lure1', 300.0), ('Ycoordinate_lure1', 0.0), ('Xcoordinate_lure2', 0.0), ('Ycoordinate_lure2', 300.0), ('Xcoordinate_foil', -212.1320344), ('Ycoordinate_foil', -212.1320344)])
66.3931 	EXP 	start_enc_run_text: autoDraw = False
66.3931 	EXP 	start_enc_run_text: autoDraw = False
66.3931 	EXP 	enc_fx_cross: pos = array([212.1320344, 212.1320344])
66.3931 	EXP 	enc_fx_map: autoDraw = True
66.3931 	EXP 	enc_fx_cross: autoDraw = True
68.4638 	EXP 	enc_fx_map: autoDraw = False
68.4638 	EXP 	enc_fx_cross: autoDraw = False
68.4638 	EXP 	enc_fx_map: autoDraw = False
68.4638 	EXP 	enc_fx_cross: autoDraw = False
68.4638 	EXP 	enc_trial_main_image: pos = array([212.1320344, 212.1320344])
68.4638 	EXP 	enc_trial_main_image: image = 'stimuli/fractals/76b.jpg'
68.4638 	EXP 	enc_trial_map: autoDraw = True
68.4638 	EXP 	enc_trial_main_image: autoDraw = True
71.3978 	EXP 	New trial (rep=0, index=1): OrderedDict([('TrialIndex', 4), ('Jitter', 1000), ('ScannerRun', 1), ('StimType', 'ERP'), ('Order', 1), ('Delay', 2), ('CurrentImage', 'stimuli/fractals/19a.jpg'), ('CurrentX', 212.1320344), ('CurrentY', -212.1320344), ('TripletMemberA', 'stimuli/fractals/19a.jpg'), ('TripletMemberB', 'stimuli/fractals/19c.jpg'), ('TripletMemberC', 'stimuli/fractals/19b.jpg'), ('Xcoordinate', 212.1320344), ('Ycoordinate', -212.1320344), ('Xcoordinate_lure1', 300.0), ('Ycoordinate_lure1', 0.0), ('Xcoordinate_lure2', 0.0), ('Ycoordinate_lure2', -300.0), ('Xcoordinate_foil', -300.0), ('Ycoordinate_foil', 0.0)])
71.4026 	EXP 	enc_trial_map: autoDraw = False
71.4026 	EXP 	enc_trial_main_image: autoDraw = False
71.4026 	EXP 	enc_fx_cross: pos = array([ 212.1320344, -212.1320344])
71.4026 	EXP 	enc_fx_map: autoDraw = True
71.4026 	EXP 	enc_fx_cross: autoDraw = True
72.4709 	EXP 	enc_fx_map: autoDraw = False
72.4709 	EXP 	enc_fx_cross: autoDraw = False
72.4709 	EXP 	enc_fx_map: autoDraw = False
72.4709 	EXP 	enc_fx_cross: autoDraw = False
72.4709 	EXP 	enc_trial_main_image: pos = array([ 212.1320344, -212.1320344])
72.4709 	EXP 	enc_trial_main_image: image = 'stimuli/fractals/19a.jpg'
72.4709 	EXP 	enc_trial_map: autoDraw = True
72.4709 	EXP 	enc_trial_main_image: autoDraw = True
75.4083 	EXP 	enc_trial_map: autoDraw = False
75.4083 	EXP 	enc_trial_main_image: autoDraw = False
75.4083 	EXP 	end_enc_run_text: text = 'Szünet\nA folytatáshoz nyomja le a jobb nyilat'
75.4083 	EXP 	end_enc_run_text: autoDraw = True
76.8346 	DATA 	Keypress: right
76.8360 	EXP 	New trial (rep=2, index=0): None
76.8378 	EXP 	end_enc_run_text: autoDraw = False
76.8378 	EXP 	start_enc_run_text: autoDraw = True
78.9017 	EXP 	Imported stimuli_tables/encoding_trials_0.csv as conditions, 2 conditions, 20 params
78.9027 	EXP 	Created sequence: sequential, trialTypes=2, nReps=1, seed=None
78.9034 	EXP 	New trial (rep=0, index=0): OrderedDict([('TrialIndex', 5), ('Jitter', 5000), ('ScannerRun', 1), ('StimType', 'OLP'), ('Order', 2), ('Delay', 0), ('CurrentImage', 'stimuli/fractals/101a.jpg'), ('CurrentX', 212.1320344), ('CurrentY', 212.1320344), ('TripletMemberA', 'stimuli/fractals/101b.jpg'), ('TripletMemberB', 'stimuli/fractals/101a.jpg'), ('TripletMemberC', 'stimuli/fractals/101c.jpg'), ('Xcoordinate', 212.1320344), ('Ycoordinate', 212.1320344), ('Xcoordinate_lure1', 0.0), ('Ycoordinate_lure1', 300.0), ('Xcoordinate_lure2', 300.0), ('Ycoordinate_lure2', 0.0), ('Xcoordinate_foil', -212.1320344), ('Ycoordinate_foil', -212.1320344)])
78.9083 	EXP 	start_enc_run_text: autoDraw = False
78.9083 	EXP 	start_enc_run_text: autoDraw = False
78.9083 	EXP 	enc_fx_cross: pos = array([212.1320344, 212.1320344])
78.9083 	EXP 	enc_fx_map: autoDraw = True
78.9083 	EXP 	enc_fx_cross: autoDraw = True
83.9794 	EXP 	enc_fx_map: autoDraw = False
83.9794 	EXP 	enc_fx_cross: autoDraw = False
83.9794 	EXP 	enc_fx_map: autoDraw = False
83.9794 	EXP 	enc_fx_cross: autoDraw = False
83.9794 	EXP 	enc_trial_main_image: pos = array([212.1320344, 212.1320344])
83.9794 	EXP 	enc_trial_main_image: image = 'stimuli/fractals/101a.jpg'
83.9794 	EXP 	enc_trial_map: autoDraw = True
83.9794 	EXP 	enc_trial_main_image: autoDraw = True
84.8882 	DATA 	Keypress: right
86.9172 	EXP 	New trial (rep=0, index=1): OrderedDict([('TrialIndex', 6), ('Jitter', 3000), ('ScannerRun', 1), ('StimType', 'OLP'), ('Order', 2), ('Delay', 0), ('CurrentImage', 'stimuli/fractals/97c.jpg'), ('CurrentX', 212.1320344), ('CurrentY', -212.1320344), ('TripletMemberA', 'stimuli/fractals/97b.jpg'), ('TripletMemberB', 'stimuli/fractals/97c.jpg'), ('TripletMemberC', 'stimuli/fractals/97a.jpg'), ('Xcoordinate', 212.1320344), ('Ycoordinate', -212.1320344), ('Xcoordinate_lure1', 0.0), ('Ycoordinate_lure1', -300.0), ('Xcoordinate_lure2', 300.0), ('Ycoordinate_lure2', 0.0), ('Xcoordinate_foil', -212.1320344), ('Ycoordinate_foil', 212.1320344)])
86.9220 	EXP 	enc_trial_map: autoDraw = False
86.9220 	EXP 	enc_trial_main_image: autoDraw = False
86.9220 	EXP 	enc_fx_cross: pos = array([ 212.1320344, -212.1320344])
86.9220 	EXP 	enc_fx_map: autoDraw = True
86.9220 	EXP 	enc_fx_cross: autoDraw = True
89.9918 	EXP 	enc_fx_map: autoDraw = False
89.9918 	EXP 	enc_fx_cross: autoDraw = False
89.9918 	EXP 	enc_fx_map: autoDraw = False
89.9918 	EXP 	enc_fx_cross: autoDraw = False
89.9918 	EXP 	enc_trial_main_image: pos = array([ 212.1320344, -212.1320344])
89.9918 	EXP 	enc_trial_main_image: image = 'stimuli/fractals/97c.jpg'
89.9918 	EXP 	enc_trial_map: autoDraw = True
89.9918 	EXP 	enc_trial_main_image: autoDraw = True
92.9333 	EXP 	enc_trial_map: autoDraw = False
92.9333 	EXP 	enc_trial_main_image: autoDraw = False
92.9333 	EXP 	end_enc_run_text: text = 'Vége az első feladatnak'
92.9333 	EXP 	end_enc_run_text: autoDraw = True
95.1269 	DATA 	Keypress: right
95.1301 	EXP 	end_enc_run_text: autoDraw = False
95.1301 	EXP 	start_recognition_text: autoDraw = True
97.1318 	EXP 	start_recognition_text: autoDraw = False
97.1318 	EXP 	rec_instructions_1_text: autoDraw = True
98.0272 	DATA 	Keypress: right
98.0295 	EXP 	rec_instructions_1_text: autoDraw = False
98.0295 	EXP 	rec_instructions2_text: autoDraw = True
99.4306 	DATA 	Keypress: right
99.4346 	EXP 	rec_instructions2_text: autoDraw = False
99.4346 	EXP 	rec_instrauction_3_text: autoDraw = True
106.5921 	DATA 	Keypress: right
106.5942 	EXP 	rec_instrauction_3_text: autoDraw = False
106.5942 	EXP 	rec_instructions_4_text: autoDraw = True
108.1230 	DATA 	Keypress: right
108.1340 	EXP 	Imported stimuli_demo.csv as conditions, 10 conditions, 12 params
108.1345 	EXP 	Created sequence: sequential, trialTypes=10, nReps=1, seed=None
108.1351 	EXP 	New trial (rep=0, index=0): OrderedDict([('Task', 'Demo'), ('TrialType', 'OBJ'), ('StimType', 'LURE'), ('CurrentImage', 'stimuli/fractals//181b.jpg'), ('DemoImage', 'stimuli/fractals//181c.jpg'), ('CurrentX', 300.0), ('CurrentY', 0.0), ('DemoX', -300.0), ('DemoY', 0.0), ('InPractice', '-'), ('DemoText', 'Hasonló Képek'), ('Jitter', 2300)])
108.2811 	EXP 	rec_instructions_4_text: autoDraw = False
108.2811 	EXP 	demo_main_image: pos = array([300.,   0.])
108.2811 	EXP 	demo_main_image: image = 'stimuli/fractals//181b.jpg'
108.2811 	EXP 	demo_image: pos = array([-300.,    0.])
108.2811 	EXP 	demo_image: image = 'stimuli/fractals//181c.jpg'
108.2811 	EXP 	demo_text: text = 'Hasonló Képek'
108.2811 	EXP 	demo_map: autoDraw = True
108.2811 	EXP 	demo_main_image: autoDraw = True
108.2811 	EXP 	demo_image: autoDraw = True
108.2811 	EXP 	demo_text: autoDraw = True
109.8416 	DATA 	Keypress: right
116.6517 	DATA 	Keypress: right
116.6583 	EXP 	New trial (rep=0, index=1): OrderedDict([('Task', 'Demo'), ('TrialType', 'OBJ'), ('StimType', 'LURE'), ('CurrentImage', 'stimuli/fractals//149a.jpg'), ('DemoImage', 'stimuli/fractals//149b.jpg'), ('CurrentX', 300.0), ('CurrentY', 0.0), ('DemoX', -300.0), ('DemoY', 0.0), ('InPractice', '-'), ('DemoText', 'Hasonló Képek'), ('Jitter', 1000)])
116.7907 	EXP 	demo_map: autoDraw = False
116.7907 	EXP 	demo_main_image: autoDraw = False
116.7907 	EXP 	demo_image: autoDraw = False
116.7907 	EXP 	demo_text: autoDraw = False
116.7907 	EXP 	demo_main_image: pos = array([300.,   0.])
116.7907 	EXP 	demo_main_image: image = 'stimuli/fractals//149a.jpg'
116.7907 	EXP 	demo_image: pos = array([-300.,    0.])
116.7907 	EXP 	demo_image: image = 'stimuli/fractals//149b.jpg'
116.7907 	EXP 	demo_text: text = 'Hasonló Képek'
116.7907 	EXP 	demo_map: autoDraw = True
116.7907 	EXP 	demo_main_image: autoDraw = True
116.7907 	EXP 	demo_image: autoDraw = True
116.7907 	EXP 	demo_text: autoDraw = True
118.9762 	DATA 	Keypress: right
118.9783 	EXP 	New trial (rep=0, index=2): OrderedDict([('Task', 'Demo'), ('TrialType', 'OBJ'), ('StimType', 'LURE'), ('CurrentImage', 'stimuli/fractals//177b.jpg'), ('DemoImage', 'stimuli/fractals//177c.jpg'), ('CurrentX', 300.0), ('CurrentY', 0.0), ('DemoX', -300.0), ('DemoY', 0.0), ('InPractice', '-'), ('DemoText', 'Hasonló Képek'), ('Jitter', 800)])
119.1226 	EXP 	demo_map: autoDraw = False
119.1226 	EXP 	demo_main_image: autoDraw = False
119.1226 	EXP 	demo_image: autoDraw = False
119.1226 	EXP 	demo_text: autoDraw = False
119.1226 	EXP 	demo_main_image: pos = array([300.,   0.])
119.1226 	EXP 	demo_main_image: image = 'stimuli/fractals//177b.jpg'
119.1226 	EXP 	demo_image: pos = array([-300.,    0.])
119.1226 	EXP 	demo_image: image = 'stimuli/fractals//177c.jpg'
119.1226 	EXP 	demo_text: text = 'Hasonló Képek'
119.1226 	EXP 	demo_map: autoDraw = True
119.1226 	EXP 	demo_main_image: autoDraw = True
119.1226 	EXP 	demo_image: autoDraw = True
119.1226 	EXP 	demo_text: autoDraw = True
120.4743 	DATA 	Keypress: right
121.5114 	DATA 	Keypress: right
121.5134 	EXP 	New trial (rep=0, index=3): OrderedDict([('Task', 'Demo'), ('TrialType', 'OBJ'), ('StimType', 'LURE'), ('CurrentImage', 'stimuli/fractals//167a.jpg'), ('DemoImage', 'stimuli/fractals//167b.jpg'), ('CurrentX', 300.0), ('CurrentY', 0.0), ('DemoX', -300.0), ('DemoY', 0.0), ('InPractice', 'OBJ-TARGET'), ('DemoText', 'Hasonló Képek'), ('Jitter', 1500)])
121.6462 	EXP 	demo_map: autoDraw = False
121.6462 	EXP 	demo_main_image: autoDraw = False
121.6462 	EXP 	demo_image: autoDraw = False
121.6462 	EXP 	demo_text: autoDraw = False
121.6462 	EXP 	demo_main_image: pos = array([300.,   0.])
121.6462 	EXP 	demo_main_image: image = 'stimuli/fractals//167a.jpg'
121.6462 	EXP 	demo_image: pos = array([-300.,    0.])
121.6462 	EXP 	demo_image: image = 'stimuli/fractals//167b.jpg'
121.6462 	EXP 	demo_text: text = 'Hasonló Képek'
121.6462 	EXP 	demo_map: autoDraw = True
121.6462 	EXP 	demo_main_image: autoDraw = True
121.6462 	EXP 	demo_image: autoDraw = True
121.6462 	EXP 	demo_text: autoDraw = True
126.0067 	DATA 	Keypress: right
126.0087 	EXP 	New trial (rep=0, index=4): OrderedDict([('Task', 'Demo'), ('TrialType', 'OBJ'), ('StimType', 'FOIL'), ('CurrentImage', 'stimuli/fractals//163a.jpg'), ('DemoImage', 'stimuli/fractals//173c.jpg'), ('CurrentX', 300.0), ('CurrentY', 0.0), ('DemoX', -300.0), ('DemoY', 0.0), ('InPractice', '-'), ('DemoText', 'Új Képek'), ('Jitter', 600)])
126.1659 	EXP 	demo_map: autoDraw = False
126.1659 	EXP 	demo_main_image: autoDraw = False
126.1659 	EXP 	demo_image: autoDraw = False
126.1659 	EXP 	demo_text: autoDraw = False
126.1659 	EXP 	demo_main_image: pos = array([300.,   0.])
126.1659 	EXP 	demo_main_image: image = 'stimuli/fractals//163a.jpg'
126.1659 	EXP 	demo_image: pos = array([-300.,    0.])
126.1659 	EXP 	demo_image: image = 'stimuli/fractals//173c.jpg'
126.1659 	EXP 	demo_text: text = 'Új Képek'
126.1659 	EXP 	demo_map: autoDraw = True
126.1659 	EXP 	demo_main_image: autoDraw = True
126.1659 	EXP 	demo_image: autoDraw = True
126.1659 	EXP 	demo_text: autoDraw = True
128.0133 	DATA 	Keypress: right
130.3496 	DATA 	Keypress: right
130.3516 	EXP 	New trial (rep=0, index=5): OrderedDict([('Task', 'Demo'), ('TrialType', 'LOC'), ('StimType', 'LURE'), ('CurrentImage', 'stimuli/fractals//166a.jpg'), ('DemoImage', 'stimuli/fractals//166a.jpg'), ('CurrentX', -300.0), ('CurrentY', 0.0), ('DemoX', -212.1320344), ('DemoY', -212.1320344), ('InPractice', 'LOC-TARGET, OBJ-LURE'), ('DemoText', 'Hasonló Helyek'), ('Jitter', 800)])
130.4844 	EXP 	demo_map: autoDraw = False
130.4844 	EXP 	demo_main_image: autoDraw = False
130.4844 	EXP 	demo_image: autoDraw = False
130.4844 	EXP 	demo_text: autoDraw = False
130.4844 	EXP 	demo_main_image: pos = array([-300.,    0.])
130.4844 	EXP 	demo_main_image: image = 'stimuli/fractals//166a.jpg'
130.4844 	EXP 	demo_image: pos = array([-212.1320344, -212.1320344])
130.4844 	EXP 	demo_image: image = 'stimuli/fractals//166a.jpg'
130.4844 	EXP 	demo_text: text = 'Hasonló Helyek'
130.4844 	EXP 	demo_map: autoDraw = True
130.4844 	EXP 	demo_main_image: autoDraw = True
130.4844 	EXP 	demo_image: autoDraw = True
130.4844 	EXP 	demo_text: autoDraw = True
132.1004 	DATA 	Keypress: right
133.7734 	DATA 	Keypress: right
133.7754 	EXP 	New trial (rep=0, index=6): OrderedDict([('Task', 'Demo'), ('TrialType', 'LOC'), ('StimType', 'LURE'), ('CurrentImage', 'stimuli/fractals//159a.jpg'), ('DemoImage', 'stimuli/fractals//159a.jpg'), ('CurrentX', 0.0), ('CurrentY', 300.0), ('DemoX', -212.1320344), ('DemoY', 212.1320344), ('InPractice', 'LOC-LURE'), ('DemoText', 'Hasonló Helyek'), ('Jitter', 1500)])
133.9164 	EXP 	demo_map: autoDraw = False
133.9164 	EXP 	demo_main_image: autoDraw = False
133.9164 	EXP 	demo_image: autoDraw = False
133.9164 	EXP 	demo_text: autoDraw = False
133.9164 	EXP 	demo_main_image: pos = array([  0., 300.])
133.9164 	EXP 	demo_main_image: image = 'stimuli/fractals//159a.jpg'
133.9164 	EXP 	demo_image: pos = array([-212.1320344,  212.1320344])
133.9164 	EXP 	demo_image: image = 'stimuli/fractals//159a.jpg'
133.9164 	EXP 	demo_text: text = 'Hasonló Helyek'
133.9164 	EXP 	demo_map: autoDraw = True
133.9164 	EXP 	demo_main_image: autoDraw = True
133.9164 	EXP 	demo_image: autoDraw = True
133.9164 	EXP 	demo_text: autoDraw = True
135.6515 	DATA 	Keypress: right
137.0837 	DATA 	Keypress: right
137.0857 	EXP 	New trial (rep=0, index=7): OrderedDict([('Task', 'Demo'), ('TrialType', 'LOC'), ('StimType', 'LURE'), ('CurrentImage', 'stimuli/fractals//148b.jpg'), ('DemoImage', 'stimuli/fractals//148b.jpg'), ('CurrentX', 212.1320344), ('CurrentY', 212.1320344), ('DemoX', 0.0), ('DemoY', 300.0), ('InPractice', 'LOC-FOIL'), ('DemoText', 'Hasonló Helyek'), ('Jitter', 800)])
137.2215 	EXP 	demo_map: autoDraw = False
137.2215 	EXP 	demo_main_image: autoDraw = False
137.2215 	EXP 	demo_image: autoDraw = False
137.2215 	EXP 	demo_text: autoDraw = False
137.2215 	EXP 	demo_main_image: pos = array([212.1320344, 212.1320344])
137.2215 	EXP 	demo_main_image: image = 'stimuli/fractals//148b.jpg'
137.2215 	EXP 	demo_image: pos = array([  0., 300.])
137.2215 	EXP 	demo_image: image = 'stimuli/fractals//148b.jpg'
137.2215 	EXP 	demo_text: text = 'Hasonló Helyek'
137.2215 	EXP 	demo_map: autoDraw = True
137.2215 	EXP 	demo_main_image: autoDraw = True
137.2215 	EXP 	demo_image: autoDraw = True
137.2215 	EXP 	demo_text: autoDraw = True
138.5929 	DATA 	Keypress: right
139.5521 	DATA 	Keypress: right
139.5541 	EXP 	New trial (rep=0, index=8): OrderedDict([('Task', 'Demo'), ('TrialType', 'LOC'), ('StimType', 'FOIL'), ('CurrentImage', 'stimuli/fractals//177b.jpg'), ('DemoImage', 'stimuli/fractals//177b.jpg'), ('CurrentX', 300.0), ('CurrentY', 0.0), ('DemoX', -212.1320344), ('DemoY', 212.1320344), ('InPractice', 'OBJ-LURE'), ('DemoText', 'Új Helyek'), ('Jitter', 800)])
139.7032 	EXP 	demo_map: autoDraw = False
139.7032 	EXP 	demo_main_image: autoDraw = False
139.7032 	EXP 	demo_image: autoDraw = False
139.7032 	EXP 	demo_text: autoDraw = False
139.7032 	EXP 	demo_main_image: pos = array([300.,   0.])
139.7032 	EXP 	demo_main_image: image = 'stimuli/fractals//177b.jpg'
139.7032 	EXP 	demo_image: pos = array([-212.1320344,  212.1320344])
139.7032 	EXP 	demo_image: image = 'stimuli/fractals//177b.jpg'
139.7032 	EXP 	demo_text: text = 'Új Helyek'
139.7032 	EXP 	demo_map: autoDraw = True
139.7032 	EXP 	demo_main_image: autoDraw = True
139.7032 	EXP 	demo_image: autoDraw = True
139.7032 	EXP 	demo_text: autoDraw = True
141.3071 	DATA 	Keypress: right
142.8983 	DATA 	Keypress: right
142.9003 	EXP 	New trial (rep=0, index=9): OrderedDict([('Task', 'Demo'), ('TrialType', 'LOC'), ('StimType', 'FOIL'), ('CurrentImage', 'stimuli/fractals//177b.jpg'), ('DemoImage', 'stimuli/fractals//177b.jpg'), ('CurrentX', 300.0), ('CurrentY', 0.0), ('DemoX', -300.0), ('DemoY', 0.0), ('InPractice', 'OBJ-LURE'), ('DemoText', 'Új Helyek'), ('Jitter', 1200)])
143.0426 	EXP 	demo_map: autoDraw = False
143.0426 	EXP 	demo_main_image: autoDraw = False
143.0426 	EXP 	demo_image: autoDraw = False
143.0426 	EXP 	demo_text: autoDraw = False
143.0426 	EXP 	demo_main_image: pos = array([300.,   0.])
143.0426 	EXP 	demo_main_image: image = 'stimuli/fractals//177b.jpg'
143.0426 	EXP 	demo_image: pos = array([-300.,    0.])
143.0426 	EXP 	demo_image: image = 'stimuli/fractals//177b.jpg'
143.0426 	EXP 	demo_text: text = 'Új Helyek'
143.0426 	EXP 	demo_map: autoDraw = True
143.0426 	EXP 	demo_main_image: autoDraw = True
143.0426 	EXP 	demo_image: autoDraw = True
143.0426 	EXP 	demo_text: autoDraw = True
147.9779 	DATA 	Keypress: right
147.9815 	EXP 	demo_map: autoDraw = False
147.9815 	EXP 	demo_main_image: autoDraw = False
147.9815 	EXP 	demo_image: autoDraw = False
147.9815 	EXP 	demo_text: autoDraw = False
147.9815 	EXP 	demo_end_text: autoDraw = True
151.9703 	DATA 	Keypress: right
154.0414 	DATA 	Keypress: right
154.0448 	EXP 	demo_end_text: autoDraw = False
154.0448 	EXP 	start_practice_text: autoDraw = True
155.0435 	EXP 	Created sequence: sequential, trialTypes=1, nReps=2, seed=None
155.0439 	EXP 	New trial (rep=0, index=0): None
155.0495 	EXP 	start_practice_text: autoDraw = False
155.0495 	EXP 	start_practice_text: autoDraw = False
155.0495 	EXP 	rec_practice_block_text: text = 'Kép'
155.0495 	EXP 	rec_practice_block_text: autoDraw = True
156.0568 	EXP 	Imported recognition_practice_trials.csv as conditions, 3 conditions, 10 params
156.0572 	EXP 	Created sequence: sequential, trialTypes=3, nReps=1, seed=None
156.0577 	EXP 	New trial (rep=0, index=0): OrderedDict([('Task', 'RecognitionPractice'), ('TrialIndex', 1), ('BlockNr', 1), ('TrialType', 'OBJ'), ('StimType', 'FOIL'), ('CurrentImage', 'stimuli/fractals/156b.jpg'), ('CurrentX', 212.1320344), ('CurrentY', 212.1320344), ('Jitter', 0.6), ('Filler', 0)])
156.1378 	EXP 	rec_practice_block_text: autoDraw = False
156.1378 	EXP 	rec_practice_block_text: autoDraw = False
156.1378 	EXP 	rec_fx_cross: pos = array([212.1320344, 212.1320344])
156.1378 	EXP 	rec_fx_text_block: text = 'Kép'
156.1378 	EXP 	rec_fx_map: autoDraw = True
156.1378 	EXP 	rec_fx_map: autoDraw = False
156.1378 	EXP 	rec_fx_cross: autoDraw = True
156.1378 	EXP 	rec_fx_cross: autoDraw = False
156.1378 	EXP 	rec_fx_text_block: autoDraw = True
156.1378 	EXP 	rec_fx_text_block: autoDraw = False
156.1378 	EXP 	rec_fx_instructions_text: autoDraw = True
156.1378 	EXP 	rec_fx_instructions_text: autoDraw = False
156.1378 	EXP 	rec_fx_map: autoDraw = False
156.1378 	EXP 	rec_fx_cross: autoDraw = False
156.1378 	EXP 	rec_fx_text_block: autoDraw = False
156.1378 	EXP 	rec_fx_instructions_text: autoDraw = False
156.1378 	EXP 	rec_trial_main_image: pos = array([212.1320344, 212.1320344])
156.1378 	EXP 	rec_trial_main_image: image = 'stimuli/fractals/156b.jpg'
156.1378 	EXP 	rec_trial_text_block: text = 'OBJ'
156.1378 	EXP 	rec_trial_map: autoDraw = True
156.1378 	EXP 	rec_trial_main_image: autoDraw = True
156.1378 	EXP 	rec_trial_text_block: autoDraw = True
156.1378 	EXP 	rec_trial_instructions_text: autoDraw = True
157.8585 	DATA 	Keypress: j
159.0826 	EXP 	rec_trial_map: autoDraw = False
159.0826 	EXP 	rec_trial_main_image: autoDraw = False
159.0826 	EXP 	rec_trial_text_block: autoDraw = False
159.0826 	EXP 	rec_trial_instructions_text: autoDraw = False
159.0826 	EXP 	rec_practice_feedback_text: text = 'A helyes válasz: Új\nAz Ön válasza: Hasonló'
159.0826 	EXP 	rec_practice_feedback_text: autoDraw = True
160.0658 	EXP 	New trial (rep=0, index=1): OrderedDict([('Task', 'RecognitionPractice'), ('TrialIndex', 1), ('BlockNr', 1), ('TrialType', 'OBJ'), ('StimType', 'LURE'), ('CurrentImage', 'stimuli/fractals/166c.jpg'), ('CurrentX', -300.0), ('CurrentY', 0.0), ('Jitter', 0.6), ('Filler', 0)])
160.1377 	EXP 	rec_practice_feedback_text: autoDraw = False
160.1377 	EXP 	rec_fx_cross: pos = array([-300.,    0.])
160.1377 	EXP 	rec_fx_text_block: text = 'Kép'
160.1377 	EXP 	rec_fx_map: autoDraw = True
160.1377 	EXP 	rec_fx_map: autoDraw = False
160.1377 	EXP 	rec_fx_cross: autoDraw = True
160.1377 	EXP 	rec_fx_cross: autoDraw = False
160.1377 	EXP 	rec_fx_text_block: autoDraw = True
160.1377 	EXP 	rec_fx_text_block: autoDraw = False
160.1377 	EXP 	rec_fx_instructions_text: autoDraw = True
160.1377 	EXP 	rec_fx_instructions_text: autoDraw = False
160.1377 	EXP 	rec_fx_map: autoDraw = False
160.1377 	EXP 	rec_fx_cross: autoDraw = False
160.1377 	EXP 	rec_fx_text_block: autoDraw = False
160.1377 	EXP 	rec_fx_instructions_text: autoDraw = False
160.1377 	EXP 	rec_trial_main_image: pos = array([-300.,    0.])
160.1377 	EXP 	rec_trial_main_image: image = 'stimuli/fractals/166c.jpg'
160.1377 	EXP 	rec_trial_text_block: text = 'OBJ'
160.1377 	EXP 	rec_trial_map: autoDraw = True
160.1377 	EXP 	rec_trial_main_image: autoDraw = True
160.1377 	EXP 	rec_trial_text_block: autoDraw = True
160.1377 	EXP 	rec_trial_instructions_text: autoDraw = True
163.0785 	EXP 	rec_trial_map: autoDraw = False
163.0785 	EXP 	rec_trial_main_image: autoDraw = False
163.0785 	EXP 	rec_trial_text_block: autoDraw = False
163.0785 	EXP 	rec_trial_instructions_text: autoDraw = False
163.0785 	EXP 	rec_practice_feedback_text: text = 'A helyes válasz: Hasonló\n'
163.0785 	EXP 	rec_practice_feedback_text: autoDraw = True
164.0698 	EXP 	New trial (rep=0, index=2): OrderedDict([('Task', 'RecognitionPractice'), ('TrialIndex', 2), ('BlockNr', 1), ('TrialType', 'OBJ'), ('StimType', 'TARGET'), ('CurrentImage', 'stimuli/fractals/167a.jpg'), ('CurrentX', 0.0), ('CurrentY', 300.0), ('Jitter', 2.0), ('Filler', 0)])
164.0756 	EXP 	rec_practice_feedback_text: autoDraw = False
164.0756 	EXP 	rec_fx_cross: pos = array([  0., 300.])
164.0756 	EXP 	rec_fx_text_block: text = 'Kép'
164.0756 	EXP 	rec_fx_map: autoDraw = True
164.0756 	EXP 	rec_fx_cross: autoDraw = True
164.0756 	EXP 	rec_fx_text_block: autoDraw = True
164.0756 	EXP 	rec_fx_instructions_text: autoDraw = True
164.1465 	EXP 	rec_fx_map: autoDraw = False
164.1465 	EXP 	rec_fx_cross: autoDraw = False
164.1465 	EXP 	rec_fx_text_block: autoDraw = False
164.1465 	EXP 	rec_fx_instructions_text: autoDraw = False
164.1465 	EXP 	rec_fx_map: autoDraw = False
164.1465 	EXP 	rec_fx_cross: autoDraw = False
164.1465 	EXP 	rec_fx_text_block: autoDraw = False
164.1465 	EXP 	rec_fx_instructions_text: autoDraw = False
164.1465 	EXP 	rec_trial_main_image: pos = array([  0., 300.])
164.1465 	EXP 	rec_trial_main_image: image = 'stimuli/fractals/167a.jpg'
164.1465 	EXP 	rec_trial_text_block: text = 'OBJ'
164.1465 	EXP 	rec_trial_map: autoDraw = True
164.1465 	EXP 	rec_trial_main_image: autoDraw = True
164.1465 	EXP 	rec_trial_text_block: autoDraw = True
164.1465 	EXP 	rec_trial_instructions_text: autoDraw = True
165.1641 	DATA 	Keypress: k
167.0905 	EXP 	rec_trial_map: autoDraw = False
167.0905 	EXP 	rec_trial_main_image: autoDraw = False
167.0905 	EXP 	rec_trial_text_block: autoDraw = False
167.0905 	EXP 	rec_trial_instructions_text: autoDraw = False
167.0905 	EXP 	rec_practice_feedback_text: text = 'A helyes válasz: Régi\nAz Ön válasza: Új'
167.0905 	EXP 	rec_practice_feedback_text: autoDraw = True
168.0781 	EXP 	New trial (rep=1, index=0): None
168.0835 	EXP 	rec_practice_feedback_text: autoDraw = False
168.0835 	EXP 	rec_practice_block_text: text = 'Hely'
168.0835 	EXP 	rec_practice_block_text: autoDraw = True
169.0869 	EXP 	Imported recognition_practice_trials.csv as conditions, 3 conditions, 10 params
169.0873 	EXP 	Created sequence: sequential, trialTypes=3, nReps=1, seed=None
169.0879 	EXP 	New trial (rep=0, index=0): OrderedDict([('Task', 'RecognitionPractice'), ('TrialIndex', 4), ('BlockNr', 2), ('TrialType', 'LOC'), ('StimType', 'LURE'), ('CurrentImage', 'stimuli/fractals/159a.jpg'), ('CurrentX', 212.1320344), ('CurrentY', 212.1320344), ('Jitter', 1.0), ('Filler', 0)])
169.0962 	EXP 	rec_practice_block_text: autoDraw = False
169.0962 	EXP 	rec_fx_cross: pos = array([212.1320344, 212.1320344])
169.0962 	EXP 	rec_fx_text_block: text = 'Hely'
169.0962 	EXP 	rec_fx_map: autoDraw = True
169.0962 	EXP 	rec_fx_cross: autoDraw = True
169.0962 	EXP 	rec_fx_text_block: autoDraw = True
169.0962 	EXP 	rec_fx_instructions_text: autoDraw = True
169.1739 	EXP 	rec_fx_map: autoDraw = False
169.1739 	EXP 	rec_fx_cross: autoDraw = False
169.1739 	EXP 	rec_fx_text_block: autoDraw = False
169.1739 	EXP 	rec_fx_instructions_text: autoDraw = False
169.1739 	EXP 	rec_fx_map: autoDraw = False
169.1739 	EXP 	rec_fx_cross: autoDraw = False
169.1739 	EXP 	rec_fx_text_block: autoDraw = False
169.1739 	EXP 	rec_fx_instructions_text: autoDraw = False
169.1739 	EXP 	rec_trial_main_image: pos = array([212.1320344, 212.1320344])
169.1739 	EXP 	rec_trial_main_image: image = 'stimuli/fractals/159a.jpg'
169.1739 	EXP 	rec_trial_text_block: text = 'LOC'
169.1739 	EXP 	rec_trial_map: autoDraw = True
169.1739 	EXP 	rec_trial_main_image: autoDraw = True
169.1739 	EXP 	rec_trial_text_block: autoDraw = True
169.1739 	EXP 	rec_trial_instructions_text: autoDraw = True
172.1068 	EXP 	rec_trial_map: autoDraw = False
172.1068 	EXP 	rec_trial_main_image: autoDraw = False
172.1068 	EXP 	rec_trial_text_block: autoDraw = False
172.1068 	EXP 	rec_trial_instructions_text: autoDraw = False
172.1068 	EXP 	rec_practice_feedback_text: text = 'A helyes válasz: Hasonló\n'
172.1068 	EXP 	rec_practice_feedback_text: autoDraw = True
173.1011 	EXP 	New trial (rep=0, index=1): OrderedDict([('Task', 'RecognitionPractice'), ('TrialIndex', 5), ('BlockNr', 2), ('TrialType', 'LOC'), ('StimType', 'FOIL'), ('CurrentImage', 'stimuli/fractals/148b.jpg'), ('CurrentX', -212.1320344), ('CurrentY', -212.1320344), ('Jitter', 1.5), ('Filler', 0)])
173.1062 	EXP 	rec_practice_feedback_text: autoDraw = False
173.1062 	EXP 	rec_fx_cross: pos = array([-212.1320344, -212.1320344])
173.1062 	EXP 	rec_fx_text_block: text = 'Hely'
173.1062 	EXP 	rec_fx_map: autoDraw = True
173.1062 	EXP 	rec_fx_cross: autoDraw = True
173.1062 	EXP 	rec_fx_text_block: autoDraw = True
173.1062 	EXP 	rec_fx_instructions_text: autoDraw = True
173.1758 	EXP 	rec_fx_map: autoDraw = False
173.1758 	EXP 	rec_fx_cross: autoDraw = False
173.1758 	EXP 	rec_fx_text_block: autoDraw = False
173.1758 	EXP 	rec_fx_instructions_text: autoDraw = False
173.1758 	EXP 	rec_fx_map: autoDraw = False
173.1758 	EXP 	rec_fx_cross: autoDraw = False
173.1758 	EXP 	rec_fx_text_block: autoDraw = False
173.1758 	EXP 	rec_fx_instructions_text: autoDraw = False
173.1758 	EXP 	rec_trial_main_image: pos = array([-212.1320344, -212.1320344])
173.1758 	EXP 	rec_trial_main_image: image = 'stimuli/fractals/148b.jpg'
173.1758 	EXP 	rec_trial_text_block: text = 'LOC'
173.1758 	EXP 	rec_trial_map: autoDraw = True
173.1758 	EXP 	rec_trial_main_image: autoDraw = True
173.1758 	EXP 	rec_trial_text_block: autoDraw = True
173.1758 	EXP 	rec_trial_instructions_text: autoDraw = True
174.1966 	DATA 	Keypress: f
176.1199 	EXP 	rec_trial_map: autoDraw = False
176.1199 	EXP 	rec_trial_main_image: autoDraw = False
176.1199 	EXP 	rec_trial_text_block: autoDraw = False
176.1199 	EXP 	rec_trial_instructions_text: autoDraw = False
176.1199 	EXP 	rec_practice_feedback_text: text = 'A helyes válasz: Új\nAz Ön válasza: Régi'
176.1199 	EXP 	rec_practice_feedback_text: autoDraw = True
177.1088 	EXP 	New trial (rep=0, index=2): OrderedDict([('Task', 'RecognitionPractice'), ('TrialIndex', 6), ('BlockNr', 2), ('TrialType', 'LOC'), ('StimType', 'TARGET'), ('CurrentImage', 'stimuli/fractals/166a.jpg'), ('CurrentX', -300.0), ('CurrentY', 0.0), ('Jitter', 1.0), ('Filler', 0)])
177.1140 	EXP 	rec_practice_feedback_text: autoDraw = False
177.1140 	EXP 	rec_fx_cross: pos = array([-300.,    0.])
177.1140 	EXP 	rec_fx_text_block: text = 'Hely'
177.1140 	EXP 	rec_fx_map: autoDraw = True
177.1140 	EXP 	rec_fx_cross: autoDraw = True
177.1140 	EXP 	rec_fx_text_block: autoDraw = True
177.1140 	EXP 	rec_fx_instructions_text: autoDraw = True
177.1869 	EXP 	rec_fx_map: autoDraw = False
177.1869 	EXP 	rec_fx_cross: autoDraw = False
177.1869 	EXP 	rec_fx_text_block: autoDraw = False
177.1869 	EXP 	rec_fx_instructions_text: autoDraw = False
177.1869 	EXP 	rec_fx_map: autoDraw = False
177.1869 	EXP 	rec_fx_cross: autoDraw = False
177.1869 	EXP 	rec_fx_text_block: autoDraw = False
177.1869 	EXP 	rec_fx_instructions_text: autoDraw = False
177.1869 	EXP 	rec_trial_main_image: pos = array([-300.,    0.])
177.1869 	EXP 	rec_trial_main_image: image = 'stimuli/fractals/166a.jpg'
177.1869 	EXP 	rec_trial_text_block: text = 'LOC'
177.1869 	EXP 	rec_trial_map: autoDraw = True
177.1869 	EXP 	rec_trial_main_image: autoDraw = True
177.1869 	EXP 	rec_trial_text_block: autoDraw = True
177.1869 	EXP 	rec_trial_instructions_text: autoDraw = True
179.6030 	DATA 	Keypress: f
180.1254 	EXP 	rec_trial_map: autoDraw = False
180.1254 	EXP 	rec_trial_main_image: autoDraw = False
180.1254 	EXP 	rec_trial_text_block: autoDraw = False
180.1254 	EXP 	rec_trial_instructions_text: autoDraw = False
180.1254 	EXP 	rec_practice_feedback_text: text = 'A helyes válasz: Régi\nAz Ön válasza: Régi'
180.1254 	EXP 	rec_practice_feedback_text: autoDraw = True
181.1191 	EXP 	rec_practice_feedback_text: autoDraw = False
181.1191 	EXP 	end_practice_text: autoDraw = True
243.4125 	DATA 	Mouse: Left button down, pos=(712,700)
243.4854 	DATA 	Mouse:  Left button up, pos=(712,700)
244.2166 	DATA 	Keypress: escape
244.2331 	EXP 	window1: mouseVisible = True
