0.7672 	WARNING 	We strongly recommend you activate the PTB sound engine in PsychoPy prefs as the preferred audio engine. Its timing is vastly superior. Your prefs are currently set to use ['sounddevice', 'PTB', 'pyo', 'pygame'] (in that order).
1.8603 	WARNING 	Import Error: No module named 'psychtoolbox'. Using event module for keyboard component.
8.9267 	WARNING 	Monitor specification not found. Creating a temporary one...
9.3530 	EXP 	Created window1 = Window(allowGUI=False, allowStencil=False, args=UNKNOWN, autoLog=True, bitsMode=UNKNOWN, blendMode='avg', bpc=(8, 8, 8), color=array([0.804, 0.804, 0.961]), colorSpace='rgb', depthBits=8, fullscr=<method-wrapper '__getattribute__' of attributeSetter object at 0x7f719478c860>, gamma=None, gammaErrorPolicy='raise', kwargs=UNKNOWN, lms=UNKNOWN, monitor=<psychopy.monitors.calibTools.Monitor object at 0x7f71925e4a90>, multiSample=False, name='window1', numSamples=2, pos=[0.0, 0.0], screen=0, size=array([1920, 1080]), stencilBits=0, stereo=False, units='height', useFBO=True, useRetina=False, viewOri=0.0, viewPos=None, viewScale=None, waitBlanking=True, winType='pyglet')
9.3531 	EXP 	window1: recordFrameIntervals = False
9.3673 	EXP 	window1: recordFrameIntervals = True
9.3750 	WARNING 	t of last frame was 1.79ms (=1/558)
9.3769 	WARNING 	t of last frame was 1.90ms (=1/526)
9.3803 	WARNING 	t of last frame was 2.42ms (=1/412)
9.3824 	WARNING 	t of last frame was 2.05ms (=1/487)
9.3846 	WARNING 	Multiple dropped frames have occurred - I'll stop bothering you about them!
9.3847 	EXP 	window1: recordFrameIntervals = False
9.4506 	EXP 	Created lab_thanks = TextStim(__class__=<class 'psychopy.visual.text.TextStim'>, alignHoriz=method-wrapper(...), alignText='center', alignVert=method-wrapper(...), anchorHoriz='center', anchorVert='center', antialias=True, autoLog=True, bold=False, color='black', colorSpace='named', contrast=1.0, depth=0.0, flipHoriz=False, flipVert=False, font='Arial', fontFiles=[], height=0.05, italic=False, languageStyle='LTR', name='lab_thanks', opacity=1.0, ori=0, pos=array([0., 0.]), rgb=array([0., 0., 0.]), text=str(...), units='height', win=Window(...), wrapWidth=1)
9.4592 	EXP 	Created start_encoding_text = TextStim(__class__=<class 'psychopy.visual.text.TextStim'>, alignHoriz=method-wrapper(...), alignText='center', alignVert=method-wrapper(...), anchorHoriz='center', anchorVert='center', antialias=True, autoLog=True, bold=False, color='black', colorSpace='named', contrast=1.0, depth=0.0, flipHoriz=False, flipVert=False, font='Arial', fontFiles=[], height=0.1, italic=False, languageStyle='LTR', name='start_encoding_text', opacity=1.0, ori=0, pos=array([0., 0.]), rgb=array([0., 0., 0.]), text='default text', units='height', win=Window(...), wrapWidth=1)
9.4863 	EXP 	Created enc_instructions_1_text = TextStim(__class__=<class 'psychopy.visual.text.TextStim'>, alignHoriz=method-wrapper(...), alignText='center', alignVert=method-wrapper(...), anchorHoriz='center', anchorVert='center', antialias=True, autoLog=True, bold=False, color='black', colorSpace='named', contrast=1.0, depth=0.0, flipHoriz=False, flipVert=False, font='Arial', fontFiles=[], height=0.04, italic=False, languageStyle='LTR', name='enc_instructions_1_text', opacity=1.0, ori=0, pos=array([-0.4,  0. ]), rgb=array([0., 0., 0.]), text=str(...), units='height', win=Window(...), wrapWidth=0.9)
9.5435 	EXP 	Created enc_instructions_1_image = ImageStim(__class__=<class 'psychopy.visual.image.ImageStim'>, autoLog=True, color=array([1., 1., 1.]), colorSpace='rgb', contrast=1.0, depth=-1.0, flipHoriz=False, flipVert=False, image='stimuli/GalleryBuildingFromOutside.jpg', interpolate=True, mask=None, maskParams=None, name='enc_instructions_1_image', opacity=1.0, ori=0.0, pos=array([450.,   0.]), size=array([600., 450.]), texRes=128, units='pix', win=Window(...))
9.5576 	EXP 	Created enc_instructions_2_text = TextStim(__class__=<class 'psychopy.visual.text.TextStim'>, alignHoriz=method-wrapper(...), alignText='center', alignVert=method-wrapper(...), anchorHoriz='center', anchorVert='center', antialias=True, autoLog=True, bold=False, color='black', colorSpace='named', contrast=1.0, depth=0.0, flipHoriz=False, flipVert=False, font='Arial', fontFiles=[], height=0.04, italic=False, languageStyle='LTR', name='enc_instructions_2_text', opacity=1.0, ori=0, pos=array([-0.5,  0. ]), rgb=array([0., 0., 0.]), text=str(...), units='height', win=Window(...), wrapWidth=0.7)
9.5850 	EXP 	Created enc_instructions_2_image = ImageStim(__class__=<class 'psychopy.visual.image.ImageStim'>, autoLog=True, color=array([1., 1., 1.]), colorSpace='rgb', contrast=1.0, depth=-1.0, flipHoriz=False, flipVert=False, image='stimuli/GalleryInfo.jpg', interpolate=True, mask=None, maskParams=None, name='enc_instructions_2_image', opacity=1.0, ori=0.0, pos=array([425.,   0.]), size=array([1000.,  750.]), texRes=128, units='pix', win=Window(...))
9.5999 	EXP 	Created enc_instructions_3_text = TextStim(__class__=<class 'psychopy.visual.text.TextStim'>, alignHoriz=method-wrapper(...), alignText='center', alignVert=method-wrapper(...), anchorHoriz='center', anchorVert='center', antialias=True, autoLog=True, bold=False, color='black', colorSpace='named', contrast=1.0, depth=0.0, flipHoriz=False, flipVert=False, font='Arial', fontFiles=[], height=0.05, italic=False, languageStyle='LTR', name='enc_instructions_3_text', opacity=1.0, ori=0, pos=array([0., 0.]), rgb=array([0., 0., 0.]), text=str(...), units='height', win=Window(...), wrapWidth=1)
9.6082 	EXP 	Created start_practice_text = TextStim(__class__=<class 'psychopy.visual.text.TextStim'>, alignHoriz=method-wrapper(...), alignText='center', alignVert=method-wrapper(...), anchorHoriz='center', anchorVert='center', antialias=True, autoLog=True, bold=False, color='black', colorSpace='named', contrast=1.0, depth=0.0, flipHoriz=False, flipVert=False, font='Arial', fontFiles=[], height=0.1, italic=False, languageStyle='LTR', name='start_practice_text', opacity=1.0, ori=0, pos=array([0., 0.]), rgb=array([0., 0., 0.]), text='Kezdődik a gyakorlás...', units='height', win=Window(...), wrapWidth=1)
9.6235 	EXP 	Created enc_fx_map = ImageStim(__class__=<class 'psychopy.visual.image.ImageStim'>, autoLog=True, color=array([1., 1., 1.]), colorSpace='rgb', contrast=1.0, depth=0.0, flipHoriz=False, flipVert=False, image='stimuli/GalleryPlanInside.jpg', interpolate=True, mask=None, maskParams=None, name='enc_fx_map', opacity=1.0, ori=0.0, pos=array([  0., -25.]), size=array([1040., 1000.]), texRes=128, units='pix', win=Window(...))
9.6294 	EXP 	Created enc_fx_cross = TextStim(__class__=<class 'psychopy.visual.text.TextStim'>, alignHoriz=method-wrapper(...), alignText='center', alignVert=method-wrapper(...), anchorHoriz='center', anchorVert='center', antialias=True, autoLog=True, bold=False, color='black', colorSpace='named', contrast=1.0, depth=-1.0, flipHoriz=False, flipVert=False, font='Arial', fontFiles=[], height=50, italic=False, languageStyle='LTR', name='enc_fx_cross', opacity=1.0, ori=0, pos=array([0., 0.]), rgb=array([0., 0., 0.]), text='+', units='pix', win=Window(...), wrapWidth=500)
9.6446 	EXP 	Created enc_trial_map = ImageStim(__class__=<class 'psychopy.visual.image.ImageStim'>, autoLog=True, color=array([1., 1., 1.]), colorSpace='rgb', contrast=1.0, depth=0.0, flipHoriz=False, flipVert=False, image='stimuli/GalleryPlanInside.jpg', interpolate=True, mask=None, maskParams=None, name='enc_trial_map', opacity=1.0, ori=0.0, pos=array([  0., -25.]), size=array([1040., 1000.]), texRes=128, units='pix', win=Window(...))
9.6462 	EXP 	Created enc_trial_main_image = ImageStim(__class__=<class 'psychopy.visual.image.ImageStim'>, autoLog=True, color=array([1., 1., 1.]), colorSpace='rgb', contrast=1.0, depth=-1.0, flipHoriz=False, flipVert=False, image='sin', interpolate=True, mask=None, maskParams=None, name='enc_trial_main_image', opacity=1.0, ori=0.0, pos=array([0., 0.]), size=array([300., 300.]), texRes=128, units='pix', win=Window(...))
9.6616 	EXP 	Created enc_practice_feedback_map = ImageStim(__class__=<class 'psychopy.visual.image.ImageStim'>, autoLog=True, color=array([1., 1., 1.]), colorSpace='rgb', contrast=1.0, depth=-1.0, flipHoriz=False, flipVert=False, image='stimuli/GalleryPlanInside.jpg', interpolate=True, mask=None, maskParams=None, name='enc_practice_feedback_map', opacity=1.0, ori=0.0, pos=array([  0., -25.]), size=array([1040., 1000.]), texRes=128, units='pix', win=Window(...))
9.6629 	EXP 	Created enc_practice_feedback_image = ImageStim(__class__=<class 'psychopy.visual.image.ImageStim'>, autoLog=True, color=array([1., 1., 1.]), colorSpace='rgb', contrast=1.0, depth=-2.0, flipHoriz=False, flipVert=False, image='sin', interpolate=True, mask=None, maskParams=None, name='enc_practice_feedback_image', opacity=1.0, ori=0.0, pos=array([0., 0.]), size=array([300., 300.]), texRes=128, units='pix', win=Window(...))
9.6669 	EXP 	Created enc_practice_feedback_text = TextStim(__class__=<class 'psychopy.visual.text.TextStim'>, alignHoriz=method-wrapper(...), alignText='center', alignVert=method-wrapper(...), anchorHoriz='center', anchorVert='center', antialias=True, autoLog=True, bold=False, color='black', colorSpace='named', contrast=1.0, depth=-3.0, flipHoriz=False, flipVert=False, font='Arial', fontFiles=[], height=0.05, italic=False, languageStyle='LTR', name='enc_practice_feedback_text', opacity=1.0, ori=0, pos=array([0., 0.]), rgb=array([0., 0., 0.]), text='default text', units='height', win=Window(...), wrapWidth=1)
9.6754 	EXP 	Created end_practice_text = TextStim(__class__=<class 'psychopy.visual.text.TextStim'>, alignHoriz=method-wrapper(...), alignText='center', alignVert=method-wrapper(...), anchorHoriz='center', anchorVert='center', antialias=True, autoLog=True, bold=False, color='black', colorSpace='named', contrast=1.0, depth=0.0, flipHoriz=False, flipVert=False, font='Arial', fontFiles=[], height=0.05, italic=False, languageStyle='LTR', name='end_practice_text', opacity=1.0, ori=0, pos=array([0., 0.]), rgb=array([0., 0., 0.]), text=str(...), units='height', win=Window(...), wrapWidth=0.8)
9.6794 	EXP 	Created start_enc_run_text = TextStim(__class__=<class 'psychopy.visual.text.TextStim'>, alignHoriz=method-wrapper(...), alignText='center', alignVert=method-wrapper(...), anchorHoriz='center', anchorVert='center', antialias=True, autoLog=True, bold=False, color='black', colorSpace='named', contrast=1.0, depth=-2.0, flipHoriz=False, flipVert=False, font='Arial', fontFiles=[], height=0.1, italic=False, languageStyle='LTR', name='start_enc_run_text', opacity=1.0, ori=0, pos=array([0., 0.]), rgb=array([0., 0., 0.]), text='Kezdődik a feladat...', units='height', win=Window(...), wrapWidth=1)
9.6963 	EXP 	Created enc_fx_map = ImageStim(__class__=<class 'psychopy.visual.image.ImageStim'>, autoLog=True, color=array([1., 1., 1.]), colorSpace='rgb', contrast=1.0, depth=0.0, flipHoriz=False, flipVert=False, image='stimuli/GalleryPlanInside.jpg', interpolate=True, mask=None, maskParams=None, name='enc_fx_map', opacity=1.0, ori=0.0, pos=array([  0., -25.]), size=array([1040., 1000.]), texRes=128, units='pix', win=Window(...))
9.6974 	EXP 	Created enc_fx_cross = TextStim(__class__=<class 'psychopy.visual.text.TextStim'>, alignHoriz=method-wrapper(...), alignText='center', alignVert=method-wrapper(...), anchorHoriz='center', anchorVert='center', antialias=True, autoLog=True, bold=False, color='black', colorSpace='named', contrast=1.0, depth=-1.0, flipHoriz=False, flipVert=False, font='Arial', fontFiles=[], height=50, italic=False, languageStyle='LTR', name='enc_fx_cross', opacity=1.0, ori=0, pos=array([0., 0.]), rgb=array([0., 0., 0.]), text='+', units='pix', win=Window(...), wrapWidth=500)
9.7115 	EXP 	Created enc_trial_map = ImageStim(__class__=<class 'psychopy.visual.image.ImageStim'>, autoLog=True, color=array([1., 1., 1.]), colorSpace='rgb', contrast=1.0, depth=0.0, flipHoriz=False, flipVert=False, image='stimuli/GalleryPlanInside.jpg', interpolate=True, mask=None, maskParams=None, name='enc_trial_map', opacity=1.0, ori=0.0, pos=array([  0., -25.]), size=array([1040., 1000.]), texRes=128, units='pix', win=Window(...))
9.7128 	EXP 	Created enc_trial_main_image = ImageStim(__class__=<class 'psychopy.visual.image.ImageStim'>, autoLog=True, color=array([1., 1., 1.]), colorSpace='rgb', contrast=1.0, depth=-1.0, flipHoriz=False, flipVert=False, image='sin', interpolate=True, mask=None, maskParams=None, name='enc_trial_main_image', opacity=1.0, ori=0.0, pos=array([0., 0.]), size=array([300., 300.]), texRes=128, units='pix', win=Window(...))
9.7202 	EXP 	Created end_enc_run_text = TextStim(__class__=<class 'psychopy.visual.text.TextStim'>, alignHoriz=method-wrapper(...), alignText='center', alignVert=method-wrapper(...), anchorHoriz='center', anchorVert='center', antialias=True, autoLog=True, bold=False, color='black', colorSpace='named', contrast=1.0, depth=0.0, flipHoriz=False, flipVert=False, font='Arial', fontFiles=[], height=0.06, italic=False, languageStyle='LTR', name='end_enc_run_text', opacity=1.0, ori=0, pos=array([0., 0.]), rgb=array([0., 0., 0.]), text='default text', units='height', win=Window(...), wrapWidth=1)
9.7255 	EXP 	Created start_recognition_text = TextStim(__class__=<class 'psychopy.visual.text.TextStim'>, alignHoriz=method-wrapper(...), alignText='center', alignVert=method-wrapper(...), anchorHoriz='center', anchorVert='center', antialias=True, autoLog=True, bold=False, color='black', colorSpace='named', contrast=1.0, depth=-2.0, flipHoriz=False, flipVert=False, font='Arial', fontFiles=[], height=0.1, italic=False, languageStyle='LTR', name='start_recognition_text', opacity=1.0, ori=0, pos=array([0., 0.]), rgb=array([0., 0., 0.]), text='Második feladat\nKépfelismerés', units='height', win=Window(...), wrapWidth=1)
9.7425 	EXP 	Created rec_instructions_1_text = TextStim(__class__=<class 'psychopy.visual.text.TextStim'>, alignHoriz=method-wrapper(...), alignText='center', alignVert=method-wrapper(...), anchorHoriz='center', anchorVert='center', antialias=True, autoLog=True, bold=False, color='black', colorSpace='named', contrast=1.0, depth=0.0, flipHoriz=False, flipVert=False, font='Arial', fontFiles=[], height=0.05, italic=False, languageStyle='LTR', name='rec_instructions_1_text', opacity=1.0, ori=0, pos=array([0., 0.]), rgb=array([0., 0., 0.]), text=str(...), units='height', win=Window(...), wrapWidth=1)
9.7687 	EXP 	Created rec_instructions2_text = TextStim(__class__=<class 'psychopy.visual.text.TextStim'>, alignHoriz=method-wrapper(...), alignText='center', alignVert=method-wrapper(...), anchorHoriz='center', anchorVert='center', antialias=True, autoLog=True, bold=False, color='black', colorSpace='named', contrast=1.0, depth=0.0, flipHoriz=False, flipVert=False, font='Arial', fontFiles=[], height=0.03, italic=False, languageStyle='LTR', name='rec_instructions2_text', opacity=1.0, ori=0, pos=array([0., 0.]), rgb=array([0., 0., 0.]), text=str(...), units='height', win=Window(...), wrapWidth=1)
9.7931 	EXP 	Created rec_instrauction_3_text = TextStim(__class__=<class 'psychopy.visual.text.TextStim'>, alignHoriz=method-wrapper(...), alignText='center', alignVert=method-wrapper(...), anchorHoriz='center', anchorVert='center', antialias=True, autoLog=True, bold=False, color='black', colorSpace='named', contrast=1.0, depth=0.0, flipHoriz=False, flipVert=False, font='Arial', fontFiles=[], height=0.03, italic=False, languageStyle='LTR', name='rec_instrauction_3_text', opacity=1.0, ori=0, pos=array([0., 0.]), rgb=array([0., 0., 0.]), text=str(...), units='height', win=Window(...), wrapWidth=1)
9.7981 	EXP 	Created rec_instructions_4_text = TextStim(__class__=<class 'psychopy.visual.text.TextStim'>, alignHoriz=method-wrapper(...), alignText='center', alignVert=method-wrapper(...), anchorHoriz='center', anchorVert='center', antialias=True, autoLog=True, bold=False, color='black', colorSpace='named', contrast=1.0, depth=0.0, flipHoriz=False, flipVert=False, font='Arial', fontFiles=[], height=0.05, italic=False, languageStyle='LTR', name='rec_instructions_4_text', opacity=1.0, ori=0, pos=array([0., 0.]), rgb=array([0., 0., 0.]), text=str(...), units='height', win=Window(...), wrapWidth=1)
9.8146 	EXP 	Created demo_map = ImageStim(__class__=<class 'psychopy.visual.image.ImageStim'>, autoLog=True, color=array([1., 1., 1.]), colorSpace='rgb', contrast=1.0, depth=0.0, flipHoriz=False, flipVert=False, image='stimuli/GalleryPlanInside.jpg', interpolate=True, mask=None, maskParams=None, name='demo_map', opacity=1.0, ori=0.0, pos=array([  0., -25.]), size=array([1040., 1000.]), texRes=128, units='pix', win=Window(...))
9.8159 	EXP 	Created demo_main_image = ImageStim(__class__=<class 'psychopy.visual.image.ImageStim'>, autoLog=True, color=array([1., 1., 1.]), colorSpace='rgb', contrast=1.0, depth=-1.0, flipHoriz=False, flipVert=False, image='sin', interpolate=True, mask=None, maskParams=None, name='demo_main_image', opacity=1.0, ori=0.0, pos=array([0., 0.]), size=array([300., 300.]), texRes=128, units='pix', win=Window(...))
9.8171 	EXP 	Created demo_image = ImageStim(__class__=<class 'psychopy.visual.image.ImageStim'>, autoLog=True, color=array([1., 1., 1.]), colorSpace='rgb', contrast=1.0, depth=-2.0, flipHoriz=False, flipVert=False, image='sin', interpolate=True, mask=None, maskParams=None, name='demo_image', opacity=1.0, ori=0.0, pos=array([0., 0.]), size=array([300., 300.]), texRes=128, units='pix', win=Window(...))
9.8192 	EXP 	Created demo_text = TextStim(__class__=<class 'psychopy.visual.text.TextStim'>, alignHoriz=method-wrapper(...), alignText='center', alignVert=method-wrapper(...), anchorHoriz='center', anchorVert='center', antialias=True, autoLog=True, bold=False, color='black', colorSpace='named', contrast=1.0, depth=-3.0, flipHoriz=False, flipVert=False, font='Arial', fontFiles=[], height=0.05, italic=False, languageStyle='LTR', name='demo_text', opacity=1.0, ori=0, pos=array([0.  , 0.45]), rgb=array([0., 0., 0.]), text='default text', units='height', win=Window(...), wrapWidth=1)
9.8233 	EXP 	Created demo_end_text = TextStim(__class__=<class 'psychopy.visual.text.TextStim'>, alignHoriz=method-wrapper(...), alignText='center', alignVert=method-wrapper(...), anchorHoriz='center', anchorVert='center', antialias=True, autoLog=True, bold=False, color='black', colorSpace='named', contrast=1.0, depth=0.0, flipHoriz=False, flipVert=False, font='Arial', fontFiles=[], height=0.05, italic=False, languageStyle='LTR', name='demo_end_text', opacity=1.0, ori=0, pos=array([0., 0.]), rgb=array([0., 0., 0.]), text=str(...), units='height', win=Window(...), wrapWidth=1)
9.8274 	EXP 	Created start_practice_text = TextStim(__class__=<class 'psychopy.visual.text.TextStim'>, alignHoriz=method-wrapper(...), alignText='center', alignVert=method-wrapper(...), anchorHoriz='center', anchorVert='center', antialias=True, autoLog=True, bold=False, color='black', colorSpace='named', contrast=1.0, depth=0.0, flipHoriz=False, flipVert=False, font='Arial', fontFiles=[], height=0.1, italic=False, languageStyle='LTR', name='start_practice_text', opacity=1.0, ori=0, pos=array([0., 0.]), rgb=array([0., 0., 0.]), text='Kezdődik a gyakorlás...', units='height', win=Window(...), wrapWidth=1)
9.8302 	EXP 	Created rec_practice_block_text = TextStim(__class__=<class 'psychopy.visual.text.TextStim'>, alignHoriz=method-wrapper(...), alignText='center', alignVert=method-wrapper(...), anchorHoriz='center', anchorVert='center', antialias=True, autoLog=True, bold=False, color='black', colorSpace='named', contrast=1.0, depth=-1.0, flipHoriz=False, flipVert=False, font='Arial', fontFiles=[], height=0.1, italic=False, languageStyle='LTR', name='rec_practice_block_text', opacity=1.0, ori=0, pos=array([0., 0.]), rgb=array([0., 0., 0.]), text='default text', units='height', win=Window(...), wrapWidth=1)
9.8445 	EXP 	Created rec_fx_map = ImageStim(__class__=<class 'psychopy.visual.image.ImageStim'>, autoLog=True, color=array([1., 1., 1.]), colorSpace='rgb', contrast=1.0, depth=0.0, flipHoriz=False, flipVert=False, image='stimuli/GalleryPlanInside.jpg', interpolate=True, mask=None, maskParams=None, name='rec_fx_map', opacity=1.0, ori=0.0, pos=array([  0., -25.]), size=array([1040., 1000.]), texRes=128, units='pix', win=Window(...))
9.8462 	EXP 	Created rec_fx_cross = TextStim(__class__=<class 'psychopy.visual.text.TextStim'>, alignHoriz=method-wrapper(...), alignText='center', alignVert=method-wrapper(...), anchorHoriz='center', anchorVert='center', antialias=True, autoLog=True, bold=False, color='black', colorSpace='named', contrast=1.0, depth=-1.0, flipHoriz=False, flipVert=False, font='Arial', fontFiles=[], height=50, italic=False, languageStyle='LTR', name='rec_fx_cross', opacity=1.0, ori=0, pos=array([0., 0.]), rgb=array([0., 0., 0.]), text='+', units='pix', win=Window(...), wrapWidth=500)
9.8509 	EXP 	Created rec_fx_text_block = TextStim(__class__=<class 'psychopy.visual.text.TextStim'>, alignHoriz=method-wrapper(...), alignText='center', alignVert=method-wrapper(...), anchorHoriz='center', anchorVert='center', antialias=True, autoLog=True, bold=False, color='black', colorSpace='named', contrast=1.0, depth=-3.0, flipHoriz=False, flipVert=False, font='Arial', fontFiles=[], height=0.045, italic=False, languageStyle='LTR', name='rec_fx_text_block', opacity=1.0, ori=0, pos=array([0.  , 0.45]), rgb=array([0., 0., 0.]), text='default text', units='height', win=Window(...), wrapWidth=1)
9.8569 	EXP 	Created rec_fx_instructions_text = TextStim(__class__=<class 'psychopy.visual.text.TextStim'>, alignHoriz=method-wrapper(...), alignText='center', alignVert=method-wrapper(...), anchorHoriz='center', anchorVert='center', antialias=True, autoLog=True, bold=False, color='white', colorSpace='named', contrast=1.0, depth=-4.0, flipHoriz=False, flipVert=False, font='Arial', fontFiles=[], height=0.045, italic=False, languageStyle='LTR', name='rec_fx_instructions_text', opacity=1.0, ori=0, pos=array([ 0.   , -0.045]), rgb=array([255., 255., 255.]), text='[F - Régi]      [J - Hasonló]     [K - Új]', units='height', win=Window(...), wrapWidth=1)
9.8712 	EXP 	Created rec_trial_map = ImageStim(__class__=<class 'psychopy.visual.image.ImageStim'>, autoLog=True, color=array([1., 1., 1.]), colorSpace='rgb', contrast=1.0, depth=0.0, flipHoriz=False, flipVert=False, image='stimuli/GalleryPlanInside.jpg', interpolate=True, mask=None, maskParams=None, name='rec_trial_map', opacity=1.0, ori=0.0, pos=array([  0., -25.]), size=array([1040., 1000.]), texRes=128, units='pix', win=Window(...))
9.8725 	EXP 	Created rec_trial_main_image = ImageStim(__class__=<class 'psychopy.visual.image.ImageStim'>, autoLog=True, color=array([1., 1., 1.]), colorSpace='rgb', contrast=1.0, depth=-1.0, flipHoriz=False, flipVert=False, image='sin', interpolate=True, mask=None, maskParams=None, name='rec_trial_main_image', opacity=1.0, ori=0.0, pos=array([0., 0.]), size=array([300., 300.]), texRes=128, units='pix', win=Window(...))
9.8748 	EXP 	Created rec_trial_text_block = TextStim(__class__=<class 'psychopy.visual.text.TextStim'>, alignHoriz=method-wrapper(...), alignText='center', alignVert=method-wrapper(...), anchorHoriz='center', anchorVert='center', antialias=True, autoLog=True, bold=False, color='black', colorSpace='named', contrast=1.0, depth=-3.0, flipHoriz=False, flipVert=False, font='Arial', fontFiles=[], height=0.045, italic=False, languageStyle='LTR', name='rec_trial_text_block', opacity=1.0, ori=0, pos=array([0.  , 0.45]), rgb=array([0., 0., 0.]), text='default text', units='height', win=Window(...), wrapWidth=1)
9.8770 	EXP 	Created rec_trial_instructions_text = TextStim(__class__=<class 'psychopy.visual.text.TextStim'>, alignHoriz=method-wrapper(...), alignText='center', alignVert=method-wrapper(...), anchorHoriz='center', anchorVert='center', antialias=True, autoLog=True, bold=False, color='black', colorSpace='named', contrast=1.0, depth=-4.0, flipHoriz=False, flipVert=False, font='Arial', fontFiles=[], height=0.045, italic=False, languageStyle='LTR', name='rec_trial_instructions_text', opacity=1.0, ori=0, pos=array([ 0.  , -0.45]), rgb=array([0., 0., 0.]), text='[F - Régi]      [J - Hasonló]     [K - Új]', units='height', win=Window(...), wrapWidth=1)
9.8800 	EXP 	Created rec_practice_feedback_text = TextStim(__class__=<class 'psychopy.visual.text.TextStim'>, alignHoriz=method-wrapper(...), alignText='center', alignVert=method-wrapper(...), anchorHoriz='center', anchorVert='center', antialias=True, autoLog=True, bold=False, color='black', colorSpace='named', contrast=1.0, depth=-1.0, flipHoriz=False, flipVert=False, font='Arial', fontFiles=[], height=0.05, italic=False, languageStyle='LTR', name='rec_practice_feedback_text', opacity=1.0, ori=0, pos=array([0., 0.]), rgb=array([0., 0., 0.]), text='default text', units='height', win=Window(...), wrapWidth=1)
9.8869 	EXP 	Created end_practice_text = TextStim(__class__=<class 'psychopy.visual.text.TextStim'>, alignHoriz=method-wrapper(...), alignText='center', alignVert=method-wrapper(...), anchorHoriz='center', anchorVert='center', antialias=True, autoLog=True, bold=False, color='black', colorSpace='named', contrast=1.0, depth=0.0, flipHoriz=False, flipVert=False, font='Arial', fontFiles=[], height=0.05, italic=False, languageStyle='LTR', name='end_practice_text', opacity=1.0, ori=0, pos=array([0., 0.]), rgb=array([0., 0., 0.]), text=str(...), units='height', win=Window(...), wrapWidth=0.8)
9.8904 	EXP 	Created start_rec_run_text = TextStim(__class__=<class 'psychopy.visual.text.TextStim'>, alignHoriz=method-wrapper(...), alignText='center', alignVert=method-wrapper(...), anchorHoriz='center', anchorVert='center', antialias=True, autoLog=True, bold=False, color='black', colorSpace='named', contrast=1.0, depth=-1.0, flipHoriz=False, flipVert=False, font='Arial', fontFiles=[], height=0.1, italic=False, languageStyle='LTR', name='start_rec_run_text', opacity=1.0, ori=0, pos=array([0., 0.]), rgb=array([0., 0., 0.]), text='Kezdődik a feladat...', units='height', win=Window(...), wrapWidth=1)
9.8923 	EXP 	Created start_rec_block_text = TextStim(__class__=<class 'psychopy.visual.text.TextStim'>, alignHoriz=method-wrapper(...), alignText='center', alignVert=method-wrapper(...), anchorHoriz='center', anchorVert='center', antialias=True, autoLog=True, bold=False, color='black', colorSpace='named', contrast=1.0, depth=-1.0, flipHoriz=False, flipVert=False, font='Arial', fontFiles=[], height=0.1, italic=False, languageStyle='LTR', name='start_rec_block_text', opacity=1.0, ori=0, pos=array([0., 0.]), rgb=array([0., 0., 0.]), text='default text', units='height', win=Window(...), wrapWidth=1)
9.9065 	EXP 	Created rec_fx_map = ImageStim(__class__=<class 'psychopy.visual.image.ImageStim'>, autoLog=True, color=array([1., 1., 1.]), colorSpace='rgb', contrast=1.0, depth=0.0, flipHoriz=False, flipVert=False, image='stimuli/GalleryPlanInside.jpg', interpolate=True, mask=None, maskParams=None, name='rec_fx_map', opacity=1.0, ori=0.0, pos=array([  0., -25.]), size=array([1040., 1000.]), texRes=128, units='pix', win=Window(...))
9.9086 	EXP 	Created rec_fx_cross = TextStim(__class__=<class 'psychopy.visual.text.TextStim'>, alignHoriz=method-wrapper(...), alignText='center', alignVert=method-wrapper(...), anchorHoriz='center', anchorVert='center', antialias=True, autoLog=True, bold=False, color='black', colorSpace='named', contrast=1.0, depth=-1.0, flipHoriz=False, flipVert=False, font='Arial', fontFiles=[], height=50, italic=False, languageStyle='LTR', name='rec_fx_cross', opacity=1.0, ori=0, pos=array([0., 0.]), rgb=array([0., 0., 0.]), text='+', units='pix', win=Window(...), wrapWidth=500)
9.9116 	EXP 	Created rec_fx_text_block = TextStim(__class__=<class 'psychopy.visual.text.TextStim'>, alignHoriz=method-wrapper(...), alignText='center', alignVert=method-wrapper(...), anchorHoriz='center', anchorVert='center', antialias=True, autoLog=True, bold=False, color='black', colorSpace='named', contrast=1.0, depth=-3.0, flipHoriz=False, flipVert=False, font='Arial', fontFiles=[], height=0.045, italic=False, languageStyle='LTR', name='rec_fx_text_block', opacity=1.0, ori=0, pos=array([0.  , 0.45]), rgb=array([0., 0., 0.]), text='default text', units='height', win=Window(...), wrapWidth=1)
9.9175 	EXP 	Created rec_fx_instructions_text = TextStim(__class__=<class 'psychopy.visual.text.TextStim'>, alignHoriz=method-wrapper(...), alignText='center', alignVert=method-wrapper(...), anchorHoriz='center', anchorVert='center', antialias=True, autoLog=True, bold=False, color='white', colorSpace='named', contrast=1.0, depth=-4.0, flipHoriz=False, flipVert=False, font='Arial', fontFiles=[], height=0.045, italic=False, languageStyle='LTR', name='rec_fx_instructions_text', opacity=1.0, ori=0, pos=array([ 0.   , -0.045]), rgb=array([255., 255., 255.]), text='[F - Régi]      [J - Hasonló]     [K - Új]', units='height', win=Window(...), wrapWidth=1)
9.9312 	EXP 	Created rec_trial_map = ImageStim(__class__=<class 'psychopy.visual.image.ImageStim'>, autoLog=True, color=array([1., 1., 1.]), colorSpace='rgb', contrast=1.0, depth=0.0, flipHoriz=False, flipVert=False, image='stimuli/GalleryPlanInside.jpg', interpolate=True, mask=None, maskParams=None, name='rec_trial_map', opacity=1.0, ori=0.0, pos=array([  0., -25.]), size=array([1040., 1000.]), texRes=128, units='pix', win=Window(...))
9.9324 	EXP 	Created rec_trial_main_image = ImageStim(__class__=<class 'psychopy.visual.image.ImageStim'>, autoLog=True, color=array([1., 1., 1.]), colorSpace='rgb', contrast=1.0, depth=-1.0, flipHoriz=False, flipVert=False, image='sin', interpolate=True, mask=None, maskParams=None, name='rec_trial_main_image', opacity=1.0, ori=0.0, pos=array([0., 0.]), size=array([300., 300.]), texRes=128, units='pix', win=Window(...))
9.9348 	EXP 	Created rec_trial_text_block = TextStim(__class__=<class 'psychopy.visual.text.TextStim'>, alignHoriz=method-wrapper(...), alignText='center', alignVert=method-wrapper(...), anchorHoriz='center', anchorVert='center', antialias=True, autoLog=True, bold=False, color='black', colorSpace='named', contrast=1.0, depth=-3.0, flipHoriz=False, flipVert=False, font='Arial', fontFiles=[], height=0.045, italic=False, languageStyle='LTR', name='rec_trial_text_block', opacity=1.0, ori=0, pos=array([0.  , 0.45]), rgb=array([0., 0., 0.]), text='default text', units='height', win=Window(...), wrapWidth=1)
9.9371 	EXP 	Created rec_trial_instructions_text = TextStim(__class__=<class 'psychopy.visual.text.TextStim'>, alignHoriz=method-wrapper(...), alignText='center', alignVert=method-wrapper(...), anchorHoriz='center', anchorVert='center', antialias=True, autoLog=True, bold=False, color='black', colorSpace='named', contrast=1.0, depth=-4.0, flipHoriz=False, flipVert=False, font='Arial', fontFiles=[], height=0.045, italic=False, languageStyle='LTR', name='rec_trial_instructions_text', opacity=1.0, ori=0, pos=array([ 0.  , -0.45]), rgb=array([0., 0., 0.]), text='[F - Régi]      [J - Hasonló]     [K - Új]', units='height', win=Window(...), wrapWidth=1)
9.9387 	EXP 	Created end_rec_run_text = TextStim(__class__=<class 'psychopy.visual.text.TextStim'>, alignHoriz=method-wrapper(...), alignText='center', alignVert=method-wrapper(...), anchorHoriz='center', anchorVert='center', antialias=True, autoLog=True, bold=False, color='black', colorSpace='named', contrast=1.0, depth=0.0, flipHoriz=False, flipVert=False, font='Arial', fontFiles=[], height=0.1, italic=False, languageStyle='LTR', name='end_rec_run_text', opacity=1.0, ori=0, pos=array([0., 0.]), rgb=array([0., 0., 0.]), text='default text', units='height', win=Window(...), wrapWidth=1)
9.9407 	EXP 	lab_thanks: autoDraw = True
14.7018 	DATA 	Keypress: right
14.7093 	EXP 	lab_thanks: autoDraw = False
14.7093 	EXP 	start_encoding_text: text = 'Első feladat\nGaléria berendezés'
14.7093 	EXP 	start_encoding_text: autoDraw = True
16.2108 	EXP 	start_encoding_text: autoDraw = False
16.2108 	EXP 	start_encoding_text: autoDraw = False
16.2108 	EXP 	enc_instructions_1_text: autoDraw = True
16.2108 	EXP 	enc_instructions_1_image: autoDraw = True
37.0215 	DATA 	Mouse: Left button down, pos=(118,308)
37.1487 	DATA 	Mouse:  Left button up, pos=(118,308)
37.9591 	DATA 	Keypress: right
37.9631 	EXP 	enc_instructions_1_text: autoDraw = False
37.9631 	EXP 	enc_instructions_1_image: autoDraw = False
37.9631 	EXP 	enc_instructions_2_text: autoDraw = True
37.9631 	EXP 	enc_instructions_2_image: autoDraw = True
48.2409 	DATA 	Keypress: right
48.2431 	EXP 	enc_instructions_2_text: autoDraw = False
48.2431 	EXP 	enc_instructions_2_image: autoDraw = False
48.2431 	EXP 	enc_instructions_3_text: autoDraw = True
50.5018 	DATA 	Keypress: right
50.5038 	EXP 	enc_instructions_3_text: autoDraw = False
50.5038 	EXP 	start_practice_text: autoDraw = True
51.5177 	EXP 	Imported encoding_practice_trials.csv as conditions, 5 conditions, 9 params
51.5183 	EXP 	Created sequence: random, trialTypes=5, nReps=1, seed=None
51.5190 	EXP 	New trial (rep=0, index=0): OrderedDict([('Task', 'EncodingPractice'), ('TrialType', 'LOC'), ('StimType', 'FOIL'), ('Order', 1), ('CurrentImage', 'stimuli/fractals/148b.jpg'), ('CurrentX', 212.1320344), ('CurrentY', 212.1320344), ('Jitter', 1000), ('Section', 'Encoding')])
51.5240 	EXP 	start_practice_text: autoDraw = False
51.5240 	EXP 	start_practice_text: autoDraw = False
51.5240 	EXP 	enc_fx_cross: pos = array([212.1320344, 212.1320344])
51.5240 	EXP 	enc_fx_map: autoDraw = True
51.5240 	EXP 	enc_fx_cross: autoDraw = True
52.6002 	EXP 	enc_fx_map: autoDraw = False
52.6002 	EXP 	enc_fx_cross: autoDraw = False
52.6002 	EXP 	enc_fx_map: autoDraw = False
52.6002 	EXP 	enc_fx_cross: autoDraw = False
52.6002 	EXP 	enc_trial_main_image: pos = array([212.1320344, 212.1320344])
52.6002 	EXP 	enc_trial_main_image: image = 'stimuli/fractals/148b.jpg'
52.6002 	EXP 	enc_trial_map: autoDraw = True
52.6002 	EXP 	enc_trial_main_image: autoDraw = True
53.6895 	DATA 	Keypress: right
55.6068 	EXP 	enc_trial_map: autoDraw = False
55.6068 	EXP 	enc_trial_main_image: autoDraw = False
55.6068 	EXP 	enc_practice_feedback_image: pos = array([212.1320344, 212.1320344])
55.6068 	EXP 	enc_practice_feedback_image: image = 'stimuli/fractals/148b.jpg'
55.6068 	EXP 	enc_practice_feedback_text: text = 'Nem adott választ.'
55.6068 	EXP 	enc_practice_feedback_map: autoDraw = True
55.6068 	EXP 	enc_practice_feedback_image: autoDraw = True
55.6068 	EXP 	enc_practice_feedback_text: autoDraw = True
55.7328 	DATA 	Keypress: j
56.5298 	EXP 	New trial (rep=0, index=1): OrderedDict([('Task', 'EncodingPractice'), ('TrialType', 'OBJ'), ('StimType', 'TARGET'), ('Order', 1), ('CurrentImage', 'stimuli/fractals/167a.jpg'), ('CurrentX', 300.0), ('CurrentY', 0.0), ('Jitter', 500), ('Section', 'Encoding')])
56.5346 	EXP 	enc_practice_feedback_map: autoDraw = False
56.5346 	EXP 	enc_practice_feedback_image: autoDraw = False
56.5346 	EXP 	enc_practice_feedback_text: autoDraw = False
56.5346 	EXP 	enc_fx_cross: pos = array([300.,   0.])
56.5346 	EXP 	enc_fx_map: autoDraw = True
56.5346 	EXP 	enc_fx_cross: autoDraw = True
57.1057 	EXP 	enc_fx_map: autoDraw = False
57.1057 	EXP 	enc_fx_cross: autoDraw = False
57.1057 	EXP 	enc_fx_map: autoDraw = False
57.1057 	EXP 	enc_fx_cross: autoDraw = False
57.1057 	EXP 	enc_trial_main_image: pos = array([300.,   0.])
57.1057 	EXP 	enc_trial_main_image: image = 'stimuli/fractals/167a.jpg'
57.1057 	EXP 	enc_trial_map: autoDraw = True
57.1057 	EXP 	enc_trial_main_image: autoDraw = True
60.1047 	EXP 	enc_trial_map: autoDraw = False
60.1047 	EXP 	enc_trial_main_image: autoDraw = False
60.1047 	EXP 	enc_practice_feedback_image: pos = array([300.,   0.])
60.1047 	EXP 	enc_practice_feedback_image: image = 'stimuli/fractals/167a.jpg'
60.1047 	EXP 	enc_practice_feedback_text: text = 'Nem adott választ.'
60.1047 	EXP 	enc_practice_feedback_map: autoDraw = True
60.1047 	EXP 	enc_practice_feedback_image: autoDraw = True
60.1047 	EXP 	enc_practice_feedback_text: autoDraw = True
61.0360 	EXP 	New trial (rep=0, index=2): OrderedDict([('Task', 'EncodingPractice'), ('TrialType', '-'), ('StimType', '-'), ('Order', 1), ('CurrentImage', 'stimuli/fractals/177b.jpg'), ('CurrentX', 300.0), ('CurrentY', 0.0), ('Jitter', 800), ('Section', 'Encoding')])
61.0405 	EXP 	enc_practice_feedback_map: autoDraw = False
61.0405 	EXP 	enc_practice_feedback_image: autoDraw = False
61.0405 	EXP 	enc_practice_feedback_text: autoDraw = False
61.0405 	EXP 	enc_fx_cross: pos = array([300.,   0.])
61.0405 	EXP 	enc_fx_map: autoDraw = True
61.0405 	EXP 	enc_fx_cross: autoDraw = True
61.9141 	EXP 	enc_fx_map: autoDraw = False
61.9141 	EXP 	enc_fx_cross: autoDraw = False
61.9141 	EXP 	enc_fx_map: autoDraw = False
61.9141 	EXP 	enc_fx_cross: autoDraw = False
61.9141 	EXP 	enc_trial_main_image: pos = array([300.,   0.])
61.9141 	EXP 	enc_trial_main_image: image = 'stimuli/fractals/177b.jpg'
61.9141 	EXP 	enc_trial_map: autoDraw = True
61.9141 	EXP 	enc_trial_main_image: autoDraw = True
64.9184 	EXP 	enc_trial_map: autoDraw = False
64.9184 	EXP 	enc_trial_main_image: autoDraw = False
64.9184 	EXP 	enc_practice_feedback_image: pos = array([300.,   0.])
64.9184 	EXP 	enc_practice_feedback_image: image = 'stimuli/fractals/177b.jpg'
64.9184 	EXP 	enc_practice_feedback_text: text = 'Nem adott választ.'
64.9184 	EXP 	enc_practice_feedback_map: autoDraw = True
64.9184 	EXP 	enc_practice_feedback_image: autoDraw = True
64.9184 	EXP 	enc_practice_feedback_text: autoDraw = True
65.8446 	EXP 	New trial (rep=0, index=3): OrderedDict([('Task', 'EncodingPractice'), ('TrialType', 'LOC'), ('StimType', 'TARGET'), ('Order', 1), ('CurrentImage', 'stimuli/fractals/166a.jpg'), ('CurrentX', -300.0), ('CurrentY', 0.0), ('Jitter', 1500), ('Section', 'Encoding')])
65.8494 	EXP 	enc_practice_feedback_map: autoDraw = False
65.8494 	EXP 	enc_practice_feedback_image: autoDraw = False
65.8494 	EXP 	enc_practice_feedback_text: autoDraw = False
65.8494 	EXP 	enc_fx_cross: pos = array([-300.,    0.])
65.8494 	EXP 	enc_fx_map: autoDraw = True
65.8494 	EXP 	enc_fx_cross: autoDraw = True
67.4197 	EXP 	enc_fx_map: autoDraw = False
67.4197 	EXP 	enc_fx_cross: autoDraw = False
67.4197 	EXP 	enc_fx_map: autoDraw = False
67.4197 	EXP 	enc_fx_cross: autoDraw = False
67.4197 	EXP 	enc_trial_main_image: pos = array([-300.,    0.])
67.4197 	EXP 	enc_trial_main_image: image = 'stimuli/fractals/166a.jpg'
67.4197 	EXP 	enc_trial_map: autoDraw = True
67.4197 	EXP 	enc_trial_main_image: autoDraw = True
70.4238 	EXP 	enc_trial_map: autoDraw = False
70.4238 	EXP 	enc_trial_main_image: autoDraw = False
70.4238 	EXP 	enc_practice_feedback_image: pos = array([-300.,    0.])
70.4238 	EXP 	enc_practice_feedback_image: image = 'stimuli/fractals/166a.jpg'
70.4238 	EXP 	enc_practice_feedback_text: text = 'Nem adott választ.'
70.4238 	EXP 	enc_practice_feedback_map: autoDraw = True
70.4238 	EXP 	enc_practice_feedback_image: autoDraw = True
70.4238 	EXP 	enc_practice_feedback_text: autoDraw = True
71.3524 	EXP 	New trial (rep=0, index=4): OrderedDict([('Task', 'EncodingPractice'), ('TrialType', 'LOC'), ('StimType', 'LURE'), ('Order', 1), ('CurrentImage', 'stimuli/fractals/159a.jpg'), ('CurrentX', 0.0), ('CurrentY', 300.0), ('Jitter', 5000), ('Section', 'Encoding')])
71.3570 	EXP 	enc_practice_feedback_map: autoDraw = False
71.3570 	EXP 	enc_practice_feedback_image: autoDraw = False
71.3570 	EXP 	enc_practice_feedback_text: autoDraw = False
71.3570 	EXP 	enc_fx_cross: pos = array([  0., 300.])
71.3570 	EXP 	enc_fx_map: autoDraw = True
71.3570 	EXP 	enc_fx_cross: autoDraw = True
76.4359 	EXP 	enc_fx_map: autoDraw = False
76.4359 	EXP 	enc_fx_cross: autoDraw = False
76.4359 	EXP 	enc_fx_map: autoDraw = False
76.4359 	EXP 	enc_fx_cross: autoDraw = False
76.4359 	EXP 	enc_trial_main_image: pos = array([  0., 300.])
76.4359 	EXP 	enc_trial_main_image: image = 'stimuli/fractals/159a.jpg'
76.4359 	EXP 	enc_trial_map: autoDraw = True
76.4359 	EXP 	enc_trial_main_image: autoDraw = True
79.4340 	EXP 	enc_trial_map: autoDraw = False
79.4340 	EXP 	enc_trial_main_image: autoDraw = False
79.4340 	EXP 	enc_practice_feedback_image: pos = array([  0., 300.])
79.4340 	EXP 	enc_practice_feedback_image: image = 'stimuli/fractals/159a.jpg'
79.4340 	EXP 	enc_practice_feedback_text: text = 'Nem adott választ.'
79.4340 	EXP 	enc_practice_feedback_map: autoDraw = True
79.4340 	EXP 	enc_practice_feedback_image: autoDraw = True
79.4340 	EXP 	enc_practice_feedback_text: autoDraw = True
80.3637 	EXP 	enc_practice_feedback_map: autoDraw = False
80.3637 	EXP 	enc_practice_feedback_image: autoDraw = False
80.3637 	EXP 	enc_practice_feedback_text: autoDraw = False
80.3637 	EXP 	end_practice_text: autoDraw = True
82.1924 	DATA 	Keypress: right
82.1930 	EXP 	Created sequence: sequential, trialTypes=1, nReps=3, seed=None
82.1934 	EXP 	New trial (rep=0, index=0): None
82.1952 	EXP 	end_practice_text: autoDraw = False
82.1952 	EXP 	start_enc_run_text: autoDraw = True
84.2584 	EXP 	Imported stimuli_tables/encoding_trials_0.csv as conditions, 2 conditions, 20 params
84.2593 	EXP 	Created sequence: sequential, trialTypes=2, nReps=1, seed=None
84.2600 	EXP 	New trial (rep=0, index=0): OrderedDict([('TrialIndex', 1), ('Jitter', 2000), ('ScannerRun', 1), ('StimType', 'OLP'), ('Order', 1), ('Delay', 3), ('CurrentImage', 'stimuli/fractals/101b.jpg'), ('CurrentX', 212.1320344), ('CurrentY', 212.1320344), ('TripletMemberA', 'stimuli/fractals/101b.jpg'), ('TripletMemberB', 'stimuli/fractals/101a.jpg'), ('TripletMemberC', 'stimuli/fractals/101c.jpg'), ('Xcoordinate', 212.1320344), ('Ycoordinate', 212.1320344), ('Xcoordinate_lure1', 0.0), ('Ycoordinate_lure1', 300.0), ('Xcoordinate_lure2', 300.0), ('Ycoordinate_lure2', 0.0), ('Xcoordinate_foil', -212.1320344), ('Ycoordinate_foil', -212.1320344)])
84.2650 	EXP 	start_enc_run_text: autoDraw = False
84.2650 	EXP 	start_enc_run_text: autoDraw = False
84.2650 	EXP 	enc_fx_cross: pos = array([212.1320344, 212.1320344])
84.2650 	EXP 	enc_fx_map: autoDraw = True
84.2650 	EXP 	enc_fx_cross: autoDraw = True
86.3371 	EXP 	enc_fx_map: autoDraw = False
86.3371 	EXP 	enc_fx_cross: autoDraw = False
86.3371 	EXP 	enc_fx_map: autoDraw = False
86.3371 	EXP 	enc_fx_cross: autoDraw = False
86.3371 	EXP 	enc_trial_main_image: pos = array([212.1320344, 212.1320344])
86.3371 	EXP 	enc_trial_main_image: image = 'stimuli/fractals/101b.jpg'
86.3371 	EXP 	enc_trial_map: autoDraw = True
86.3371 	EXP 	enc_trial_main_image: autoDraw = True
89.2692 	EXP 	New trial (rep=0, index=1): OrderedDict([('TrialIndex', 2), ('Jitter', 6000), ('ScannerRun', 1), ('StimType', 'OLP'), ('Order', 1), ('Delay', 3), ('CurrentImage', 'stimuli/fractals/97b.jpg'), ('CurrentX', 212.1320344), ('CurrentY', -212.1320344), ('TripletMemberA', 'stimuli/fractals/97b.jpg'), ('TripletMemberB', 'stimuli/fractals/97c.jpg'), ('TripletMemberC', 'stimuli/fractals/97a.jpg'), ('Xcoordinate', 212.1320344), ('Ycoordinate', -212.1320344), ('Xcoordinate_lure1', 0.0), ('Ycoordinate_lure1', -300.0), ('Xcoordinate_lure2', 300.0), ('Ycoordinate_lure2', 0.0), ('Xcoordinate_foil', -212.1320344), ('Ycoordinate_foil', 212.1320344)])
89.2739 	EXP 	enc_trial_map: autoDraw = False
89.2739 	EXP 	enc_trial_main_image: autoDraw = False
89.2739 	EXP 	enc_fx_cross: pos = array([ 212.1320344, -212.1320344])
89.2739 	EXP 	enc_fx_map: autoDraw = True
89.2739 	EXP 	enc_fx_cross: autoDraw = True
95.3444 	EXP 	enc_fx_map: autoDraw = False
95.3444 	EXP 	enc_fx_cross: autoDraw = False
95.3444 	EXP 	enc_fx_map: autoDraw = False
95.3444 	EXP 	enc_fx_cross: autoDraw = False
95.3444 	EXP 	enc_trial_main_image: pos = array([ 212.1320344, -212.1320344])
95.3444 	EXP 	enc_trial_main_image: image = 'stimuli/fractals/97b.jpg'
95.3444 	EXP 	enc_trial_map: autoDraw = True
95.3444 	EXP 	enc_trial_main_image: autoDraw = True
98.2922 	EXP 	enc_trial_map: autoDraw = False
98.2922 	EXP 	enc_trial_main_image: autoDraw = False
98.2922 	EXP 	end_enc_run_text: text = 'Szünet\nA folytatáshoz nyomja le a jobb nyilat'
98.2922 	EXP 	end_enc_run_text: autoDraw = True
115.9067 	DATA 	Keypress: right
115.9099 	EXP 	New trial (rep=1, index=0): None
115.9115 	EXP 	end_enc_run_text: autoDraw = False
115.9115 	EXP 	start_enc_run_text: autoDraw = True
117.9755 	EXP 	Imported stimuli_tables/encoding_trials_0.csv as conditions, 2 conditions, 20 params
117.9764 	EXP 	Created sequence: sequential, trialTypes=2, nReps=1, seed=None
117.9772 	EXP 	New trial (rep=0, index=0): OrderedDict([('TrialIndex', 3), ('Jitter', 2000), ('ScannerRun', 1), ('StimType', 'LLP'), ('Order', 1), ('Delay', 5), ('CurrentImage', 'stimuli/fractals/76b.jpg'), ('CurrentX', 212.1320344), ('CurrentY', 212.1320344), ('TripletMemberA', 'stimuli/fractals/76b.jpg'), ('TripletMemberB', 'stimuli/fractals/76c.jpg'), ('TripletMemberC', 'stimuli/fractals/76a.jpg'), ('Xcoordinate', 212.1320344), ('Ycoordinate', 212.1320344), ('Xcoordinate_lure1', 300.0), ('Ycoordinate_lure1', 0.0), ('Xcoordinate_lure2', 0.0), ('Ycoordinate_lure2', 300.0), ('Xcoordinate_foil', -212.1320344), ('Ycoordinate_foil', -212.1320344)])
117.9821 	EXP 	start_enc_run_text: autoDraw = False
117.9821 	EXP 	start_enc_run_text: autoDraw = False
117.9821 	EXP 	enc_fx_cross: pos = array([212.1320344, 212.1320344])
117.9821 	EXP 	enc_fx_map: autoDraw = True
117.9821 	EXP 	enc_fx_cross: autoDraw = True
120.0522 	EXP 	enc_fx_map: autoDraw = False
120.0522 	EXP 	enc_fx_cross: autoDraw = False
120.0522 	EXP 	enc_fx_map: autoDraw = False
120.0522 	EXP 	enc_fx_cross: autoDraw = False
120.0522 	EXP 	enc_trial_main_image: pos = array([212.1320344, 212.1320344])
120.0522 	EXP 	enc_trial_main_image: image = 'stimuli/fractals/76b.jpg'
120.0522 	EXP 	enc_trial_map: autoDraw = True
120.0522 	EXP 	enc_trial_main_image: autoDraw = True
122.9864 	EXP 	New trial (rep=0, index=1): OrderedDict([('TrialIndex', 4), ('Jitter', 1000), ('ScannerRun', 1), ('StimType', 'ERP'), ('Order', 1), ('Delay', 2), ('CurrentImage', 'stimuli/fractals/19a.jpg'), ('CurrentX', 212.1320344), ('CurrentY', -212.1320344), ('TripletMemberA', 'stimuli/fractals/19a.jpg'), ('TripletMemberB', 'stimuli/fractals/19c.jpg'), ('TripletMemberC', 'stimuli/fractals/19b.jpg'), ('Xcoordinate', 212.1320344), ('Ycoordinate', -212.1320344), ('Xcoordinate_lure1', 300.0), ('Ycoordinate_lure1', 0.0), ('Xcoordinate_lure2', 0.0), ('Ycoordinate_lure2', -300.0), ('Xcoordinate_foil', -300.0), ('Ycoordinate_foil', 0.0)])
122.9911 	EXP 	enc_trial_map: autoDraw = False
122.9911 	EXP 	enc_trial_main_image: autoDraw = False
122.9911 	EXP 	enc_fx_cross: pos = array([ 212.1320344, -212.1320344])
122.9911 	EXP 	enc_fx_map: autoDraw = True
122.9911 	EXP 	enc_fx_cross: autoDraw = True
124.0603 	EXP 	enc_fx_map: autoDraw = False
124.0603 	EXP 	enc_fx_cross: autoDraw = False
124.0603 	EXP 	enc_fx_map: autoDraw = False
124.0603 	EXP 	enc_fx_cross: autoDraw = False
124.0603 	EXP 	enc_trial_main_image: pos = array([ 212.1320344, -212.1320344])
124.0603 	EXP 	enc_trial_main_image: image = 'stimuli/fractals/19a.jpg'
124.0603 	EXP 	enc_trial_map: autoDraw = True
124.0603 	EXP 	enc_trial_main_image: autoDraw = True
126.9963 	EXP 	enc_trial_map: autoDraw = False
126.9963 	EXP 	enc_trial_main_image: autoDraw = False
126.9963 	EXP 	end_enc_run_text: text = 'Szünet\nA folytatáshoz nyomja le a jobb nyilat'
126.9963 	EXP 	end_enc_run_text: autoDraw = True
140.5469 	DATA 	Keypress: right
140.5482 	EXP 	New trial (rep=2, index=0): None
140.5500 	EXP 	end_enc_run_text: autoDraw = False
140.5500 	EXP 	start_enc_run_text: autoDraw = True
142.6127 	EXP 	Imported stimuli_tables/encoding_trials_0.csv as conditions, 2 conditions, 20 params
142.6137 	EXP 	Created sequence: sequential, trialTypes=2, nReps=1, seed=None
142.6144 	EXP 	New trial (rep=0, index=0): OrderedDict([('TrialIndex', 5), ('Jitter', 5000), ('ScannerRun', 1), ('StimType', 'OLP'), ('Order', 2), ('Delay', 0), ('CurrentImage', 'stimuli/fractals/101a.jpg'), ('CurrentX', 212.1320344), ('CurrentY', 212.1320344), ('TripletMemberA', 'stimuli/fractals/101b.jpg'), ('TripletMemberB', 'stimuli/fractals/101a.jpg'), ('TripletMemberC', 'stimuli/fractals/101c.jpg'), ('Xcoordinate', 212.1320344), ('Ycoordinate', 212.1320344), ('Xcoordinate_lure1', 0.0), ('Ycoordinate_lure1', 300.0), ('Xcoordinate_lure2', 300.0), ('Ycoordinate_lure2', 0.0), ('Xcoordinate_foil', -212.1320344), ('Ycoordinate_foil', -212.1320344)])
142.6193 	EXP 	start_enc_run_text: autoDraw = False
142.6193 	EXP 	start_enc_run_text: autoDraw = False
142.6193 	EXP 	enc_fx_cross: pos = array([212.1320344, 212.1320344])
142.6193 	EXP 	enc_fx_map: autoDraw = True
142.6193 	EXP 	enc_fx_cross: autoDraw = True
144.5725 	DATA 	Keypress: right
147.6897 	EXP 	enc_fx_map: autoDraw = False
147.6897 	EXP 	enc_fx_cross: autoDraw = False
147.6897 	EXP 	enc_fx_map: autoDraw = False
147.6897 	EXP 	enc_fx_cross: autoDraw = False
147.6897 	EXP 	enc_trial_main_image: pos = array([212.1320344, 212.1320344])
147.6897 	EXP 	enc_trial_main_image: image = 'stimuli/fractals/101a.jpg'
147.6897 	EXP 	enc_trial_map: autoDraw = True
147.6897 	EXP 	enc_trial_main_image: autoDraw = True
148.7186 	DATA 	Keypress: right
150.6263 	EXP 	New trial (rep=0, index=1): OrderedDict([('TrialIndex', 6), ('Jitter', 3000), ('ScannerRun', 1), ('StimType', 'OLP'), ('Order', 2), ('Delay', 0), ('CurrentImage', 'stimuli/fractals/97c.jpg'), ('CurrentX', 212.1320344), ('CurrentY', -212.1320344), ('TripletMemberA', 'stimuli/fractals/97b.jpg'), ('TripletMemberB', 'stimuli/fractals/97c.jpg'), ('TripletMemberC', 'stimuli/fractals/97a.jpg'), ('Xcoordinate', 212.1320344), ('Ycoordinate', -212.1320344), ('Xcoordinate_lure1', 0.0), ('Ycoordinate_lure1', -300.0), ('Xcoordinate_lure2', 300.0), ('Ycoordinate_lure2', 0.0), ('Xcoordinate_foil', -212.1320344), ('Ycoordinate_foil', 212.1320344)])
150.6310 	EXP 	enc_trial_map: autoDraw = False
150.6310 	EXP 	enc_trial_main_image: autoDraw = False
150.6310 	EXP 	enc_fx_cross: pos = array([ 212.1320344, -212.1320344])
150.6310 	EXP 	enc_fx_map: autoDraw = True
150.6310 	EXP 	enc_fx_cross: autoDraw = True
153.7025 	EXP 	enc_fx_map: autoDraw = False
153.7025 	EXP 	enc_fx_cross: autoDraw = False
153.7025 	EXP 	enc_fx_map: autoDraw = False
153.7025 	EXP 	enc_fx_cross: autoDraw = False
153.7025 	EXP 	enc_trial_main_image: pos = array([ 212.1320344, -212.1320344])
153.7025 	EXP 	enc_trial_main_image: image = 'stimuli/fractals/97c.jpg'
153.7025 	EXP 	enc_trial_map: autoDraw = True
153.7025 	EXP 	enc_trial_main_image: autoDraw = True
156.2788 	DATA 	Keypress: right
156.6448 	EXP 	enc_trial_map: autoDraw = False
156.6448 	EXP 	enc_trial_main_image: autoDraw = False
156.6448 	EXP 	end_enc_run_text: text = 'Vége az első feladatnak'
156.6448 	EXP 	end_enc_run_text: autoDraw = True
160.9077 	DATA 	Keypress: right
160.9108 	EXP 	end_enc_run_text: autoDraw = False
160.9108 	EXP 	start_recognition_text: autoDraw = True
161.1593 	DATA 	Keypress: right
162.9114 	EXP 	start_recognition_text: autoDraw = False
162.9114 	EXP 	rec_instructions_1_text: autoDraw = True
166.2213 	DATA 	Keypress: right
166.2235 	EXP 	rec_instructions_1_text: autoDraw = False
166.2235 	EXP 	rec_instructions2_text: autoDraw = True
171.2276 	DATA 	Keypress: right
171.2312 	EXP 	rec_instructions2_text: autoDraw = False
171.2312 	EXP 	rec_instrauction_3_text: autoDraw = True
172.1943 	DATA 	Keypress: right
172.1964 	EXP 	rec_instrauction_3_text: autoDraw = False
172.1964 	EXP 	rec_instructions_4_text: autoDraw = True
176.9547 	DATA 	Keypress: right
176.9643 	EXP 	Imported stimuli_demo.csv as conditions, 10 conditions, 12 params
176.9647 	EXP 	Created sequence: sequential, trialTypes=10, nReps=1, seed=None
176.9654 	EXP 	New trial (rep=0, index=0): OrderedDict([('Task', 'Demo'), ('TrialType', 'OBJ'), ('StimType', 'LURE'), ('CurrentImage', 'stimuli/fractals//181b.jpg'), ('DemoImage', 'stimuli/fractals//181c.jpg'), ('CurrentX', 300.0), ('CurrentY', 0.0), ('DemoX', -300.0), ('DemoY', 0.0), ('InPractice', '-'), ('DemoText', 'Hasonló Képek'), ('Jitter', 2300)])
177.1111 	EXP 	rec_instructions_4_text: autoDraw = False
177.1111 	EXP 	demo_main_image: pos = array([300.,   0.])
177.1111 	EXP 	demo_main_image: image = 'stimuli/fractals//181b.jpg'
177.1111 	EXP 	demo_image: pos = array([-300.,    0.])
177.1111 	EXP 	demo_image: image = 'stimuli/fractals//181c.jpg'
177.1111 	EXP 	demo_text: text = 'Hasonló Képek'
177.1111 	EXP 	demo_map: autoDraw = True
177.1111 	EXP 	demo_main_image: autoDraw = True
177.1111 	EXP 	demo_image: autoDraw = True
177.1111 	EXP 	demo_text: autoDraw = True
183.4459 	DATA 	Keypress: right
183.4489 	EXP 	New trial (rep=0, index=1): OrderedDict([('Task', 'Demo'), ('TrialType', 'OBJ'), ('StimType', 'LURE'), ('CurrentImage', 'stimuli/fractals//149a.jpg'), ('DemoImage', 'stimuli/fractals//149b.jpg'), ('CurrentX', 300.0), ('CurrentY', 0.0), ('DemoX', -300.0), ('DemoY', 0.0), ('InPractice', '-'), ('DemoText', 'Hasonló Képek'), ('Jitter', 1000)])
183.5829 	EXP 	demo_map: autoDraw = False
183.5829 	EXP 	demo_main_image: autoDraw = False
183.5829 	EXP 	demo_image: autoDraw = False
183.5829 	EXP 	demo_text: autoDraw = False
183.5829 	EXP 	demo_main_image: pos = array([300.,   0.])
183.5829 	EXP 	demo_main_image: image = 'stimuli/fractals//149a.jpg'
183.5829 	EXP 	demo_image: pos = array([-300.,    0.])
183.5829 	EXP 	demo_image: image = 'stimuli/fractals//149b.jpg'
183.5829 	EXP 	demo_text: text = 'Hasonló Képek'
183.5829 	EXP 	demo_map: autoDraw = True
183.5829 	EXP 	demo_main_image: autoDraw = True
183.5829 	EXP 	demo_image: autoDraw = True
183.5829 	EXP 	demo_text: autoDraw = True
187.9425 	DATA 	Keypress: right
187.9445 	EXP 	New trial (rep=0, index=2): OrderedDict([('Task', 'Demo'), ('TrialType', 'OBJ'), ('StimType', 'LURE'), ('CurrentImage', 'stimuli/fractals//177b.jpg'), ('DemoImage', 'stimuli/fractals//177c.jpg'), ('CurrentX', 300.0), ('CurrentY', 0.0), ('DemoX', -300.0), ('DemoY', 0.0), ('InPractice', '-'), ('DemoText', 'Hasonló Képek'), ('Jitter', 800)])
188.0868 	EXP 	demo_map: autoDraw = False
188.0868 	EXP 	demo_main_image: autoDraw = False
188.0868 	EXP 	demo_image: autoDraw = False
188.0868 	EXP 	demo_text: autoDraw = False
188.0868 	EXP 	demo_main_image: pos = array([300.,   0.])
188.0868 	EXP 	demo_main_image: image = 'stimuli/fractals//177b.jpg'
188.0868 	EXP 	demo_image: pos = array([-300.,    0.])
188.0868 	EXP 	demo_image: image = 'stimuli/fractals//177c.jpg'
188.0868 	EXP 	demo_text: text = 'Hasonló Képek'
188.0868 	EXP 	demo_map: autoDraw = True
188.0868 	EXP 	demo_main_image: autoDraw = True
188.0868 	EXP 	demo_image: autoDraw = True
188.0868 	EXP 	demo_text: autoDraw = True
189.6854 	DATA 	Keypress: right
191.1167 	DATA 	Keypress: right
191.1224 	EXP 	New trial (rep=0, index=3): OrderedDict([('Task', 'Demo'), ('TrialType', 'OBJ'), ('StimType', 'LURE'), ('CurrentImage', 'stimuli/fractals//167a.jpg'), ('DemoImage', 'stimuli/fractals//167b.jpg'), ('CurrentX', 300.0), ('CurrentY', 0.0), ('DemoX', -300.0), ('DemoY', 0.0), ('InPractice', 'OBJ-TARGET'), ('DemoText', 'Hasonló Képek'), ('Jitter', 1500)])
191.2516 	EXP 	demo_map: autoDraw = False
191.2516 	EXP 	demo_main_image: autoDraw = False
191.2516 	EXP 	demo_image: autoDraw = False
191.2516 	EXP 	demo_text: autoDraw = False
191.2516 	EXP 	demo_main_image: pos = array([300.,   0.])
191.2516 	EXP 	demo_main_image: image = 'stimuli/fractals//167a.jpg'
191.2516 	EXP 	demo_image: pos = array([-300.,    0.])
191.2516 	EXP 	demo_image: image = 'stimuli/fractals//167b.jpg'
191.2516 	EXP 	demo_text: text = 'Hasonló Képek'
191.2516 	EXP 	demo_map: autoDraw = True
191.2516 	EXP 	demo_main_image: autoDraw = True
191.2516 	EXP 	demo_image: autoDraw = True
191.2516 	EXP 	demo_text: autoDraw = True
193.8553 	DATA 	Keypress: right
193.8574 	EXP 	New trial (rep=0, index=4): OrderedDict([('Task', 'Demo'), ('TrialType', 'OBJ'), ('StimType', 'FOIL'), ('CurrentImage', 'stimuli/fractals//163a.jpg'), ('DemoImage', 'stimuli/fractals//173c.jpg'), ('CurrentX', 300.0), ('CurrentY', 0.0), ('DemoX', -300.0), ('DemoY', 0.0), ('InPractice', '-'), ('DemoText', 'Új Képek'), ('Jitter', 600)])
193.9894 	EXP 	demo_map: autoDraw = False
193.9894 	EXP 	demo_main_image: autoDraw = False
193.9894 	EXP 	demo_image: autoDraw = False
193.9894 	EXP 	demo_text: autoDraw = False
193.9894 	EXP 	demo_main_image: pos = array([300.,   0.])
193.9894 	EXP 	demo_main_image: image = 'stimuli/fractals//163a.jpg'
193.9894 	EXP 	demo_image: pos = array([-300.,    0.])
193.9894 	EXP 	demo_image: image = 'stimuli/fractals//173c.jpg'
193.9894 	EXP 	demo_text: text = 'Új Képek'
193.9894 	EXP 	demo_map: autoDraw = True
193.9894 	EXP 	demo_main_image: autoDraw = True
193.9894 	EXP 	demo_image: autoDraw = True
193.9894 	EXP 	demo_text: autoDraw = True
196.1667 	DATA 	Keypress: right
196.1687 	EXP 	New trial (rep=0, index=5): OrderedDict([('Task', 'Demo'), ('TrialType', 'LOC'), ('StimType', 'LURE'), ('CurrentImage', 'stimuli/fractals//166a.jpg'), ('DemoImage', 'stimuli/fractals//166a.jpg'), ('CurrentX', -300.0), ('CurrentY', 0.0), ('DemoX', -212.1320344), ('DemoY', -212.1320344), ('InPractice', 'LOC-TARGET, OBJ-LURE'), ('DemoText', 'Hasonló Helyek'), ('Jitter', 800)])
196.3016 	EXP 	demo_map: autoDraw = False
196.3016 	EXP 	demo_main_image: autoDraw = False
196.3016 	EXP 	demo_image: autoDraw = False
196.3016 	EXP 	demo_text: autoDraw = False
196.3016 	EXP 	demo_main_image: pos = array([-300.,    0.])
196.3016 	EXP 	demo_main_image: image = 'stimuli/fractals//166a.jpg'
196.3016 	EXP 	demo_image: pos = array([-212.1320344, -212.1320344])
196.3016 	EXP 	demo_image: image = 'stimuli/fractals//166a.jpg'
196.3016 	EXP 	demo_text: text = 'Hasonló Helyek'
196.3016 	EXP 	demo_map: autoDraw = True
196.3016 	EXP 	demo_main_image: autoDraw = True
196.3016 	EXP 	demo_image: autoDraw = True
196.3016 	EXP 	demo_text: autoDraw = True
200.8741 	DATA 	Keypress: right
200.8761 	EXP 	New trial (rep=0, index=6): OrderedDict([('Task', 'Demo'), ('TrialType', 'LOC'), ('StimType', 'LURE'), ('CurrentImage', 'stimuli/fractals//159a.jpg'), ('DemoImage', 'stimuli/fractals//159a.jpg'), ('CurrentX', 0.0), ('CurrentY', 300.0), ('DemoX', -212.1320344), ('DemoY', 212.1320344), ('InPractice', 'LOC-LURE'), ('DemoText', 'Hasonló Helyek'), ('Jitter', 1500)])
201.0223 	EXP 	demo_map: autoDraw = False
201.0223 	EXP 	demo_main_image: autoDraw = False
201.0223 	EXP 	demo_image: autoDraw = False
201.0223 	EXP 	demo_text: autoDraw = False
201.0223 	EXP 	demo_main_image: pos = array([  0., 300.])
201.0223 	EXP 	demo_main_image: image = 'stimuli/fractals//159a.jpg'
201.0223 	EXP 	demo_image: pos = array([-212.1320344,  212.1320344])
201.0223 	EXP 	demo_image: image = 'stimuli/fractals//159a.jpg'
201.0223 	EXP 	demo_text: text = 'Hasonló Helyek'
201.0223 	EXP 	demo_map: autoDraw = True
201.0223 	EXP 	demo_main_image: autoDraw = True
201.0223 	EXP 	demo_image: autoDraw = True
201.0223 	EXP 	demo_text: autoDraw = True
202.5000 	DATA 	Keypress: right
204.8508 	DATA 	Keypress: right
204.8528 	EXP 	New trial (rep=0, index=7): OrderedDict([('Task', 'Demo'), ('TrialType', 'LOC'), ('StimType', 'LURE'), ('CurrentImage', 'stimuli/fractals//148b.jpg'), ('DemoImage', 'stimuli/fractals//148b.jpg'), ('CurrentX', 212.1320344), ('CurrentY', 212.1320344), ('DemoX', 0.0), ('DemoY', 300.0), ('InPractice', 'LOC-FOIL'), ('DemoText', 'Hasonló Helyek'), ('Jitter', 800)])
204.9859 	EXP 	demo_map: autoDraw = False
204.9859 	EXP 	demo_main_image: autoDraw = False
204.9859 	EXP 	demo_image: autoDraw = False
204.9859 	EXP 	demo_text: autoDraw = False
204.9859 	EXP 	demo_main_image: pos = array([212.1320344, 212.1320344])
204.9859 	EXP 	demo_main_image: image = 'stimuli/fractals//148b.jpg'
204.9859 	EXP 	demo_image: pos = array([  0., 300.])
204.9859 	EXP 	demo_image: image = 'stimuli/fractals//148b.jpg'
204.9859 	EXP 	demo_text: text = 'Hasonló Helyek'
204.9859 	EXP 	demo_map: autoDraw = True
204.9859 	EXP 	demo_main_image: autoDraw = True
204.9859 	EXP 	demo_image: autoDraw = True
204.9859 	EXP 	demo_text: autoDraw = True
206.6362 	DATA 	Keypress: right
208.2764 	DATA 	Keypress: right
208.2784 	EXP 	New trial (rep=0, index=8): OrderedDict([('Task', 'Demo'), ('TrialType', 'LOC'), ('StimType', 'FOIL'), ('CurrentImage', 'stimuli/fractals//177b.jpg'), ('DemoImage', 'stimuli/fractals//177b.jpg'), ('CurrentX', 300.0), ('CurrentY', 0.0), ('DemoX', -212.1320344), ('DemoY', 212.1320344), ('InPractice', 'OBJ-LURE'), ('DemoText', 'Új Helyek'), ('Jitter', 800)])
208.4235 	EXP 	demo_map: autoDraw = False
208.4235 	EXP 	demo_main_image: autoDraw = False
208.4235 	EXP 	demo_image: autoDraw = False
208.4235 	EXP 	demo_text: autoDraw = False
208.4235 	EXP 	demo_main_image: pos = array([300.,   0.])
208.4235 	EXP 	demo_main_image: image = 'stimuli/fractals//177b.jpg'
208.4235 	EXP 	demo_image: pos = array([-212.1320344,  212.1320344])
208.4235 	EXP 	demo_image: image = 'stimuli/fractals//177b.jpg'
208.4235 	EXP 	demo_text: text = 'Új Helyek'
208.4235 	EXP 	demo_map: autoDraw = True
208.4235 	EXP 	demo_main_image: autoDraw = True
208.4235 	EXP 	demo_image: autoDraw = True
208.4235 	EXP 	demo_text: autoDraw = True
210.5276 	DATA 	Keypress: right
210.5296 	EXP 	New trial (rep=0, index=9): OrderedDict([('Task', 'Demo'), ('TrialType', 'LOC'), ('StimType', 'FOIL'), ('CurrentImage', 'stimuli/fractals//177b.jpg'), ('DemoImage', 'stimuli/fractals//177b.jpg'), ('CurrentX', 300.0), ('CurrentY', 0.0), ('DemoX', -300.0), ('DemoY', 0.0), ('InPractice', 'OBJ-LURE'), ('DemoText', 'Új Helyek'), ('Jitter', 1200)])
210.6730 	EXP 	demo_map: autoDraw = False
210.6730 	EXP 	demo_main_image: autoDraw = False
210.6730 	EXP 	demo_image: autoDraw = False
210.6730 	EXP 	demo_text: autoDraw = False
210.6730 	EXP 	demo_main_image: pos = array([300.,   0.])
210.6730 	EXP 	demo_main_image: image = 'stimuli/fractals//177b.jpg'
210.6730 	EXP 	demo_image: pos = array([-300.,    0.])
210.6730 	EXP 	demo_image: image = 'stimuli/fractals//177b.jpg'
210.6730 	EXP 	demo_text: text = 'Új Helyek'
210.6730 	EXP 	demo_map: autoDraw = True
210.6730 	EXP 	demo_main_image: autoDraw = True
210.6730 	EXP 	demo_image: autoDraw = True
210.6730 	EXP 	demo_text: autoDraw = True
212.0587 	DATA 	Keypress: right
213.0863 	DATA 	Keypress: right
213.0901 	EXP 	demo_map: autoDraw = False
213.0901 	EXP 	demo_main_image: autoDraw = False
213.0901 	EXP 	demo_image: autoDraw = False
213.0901 	EXP 	demo_text: autoDraw = False
213.0901 	EXP 	demo_end_text: autoDraw = True
216.0653 	DATA 	Keypress: right
217.8422 	DATA 	Keypress: right
219.4935 	DATA 	Keypress: right
219.4953 	EXP 	demo_end_text: autoDraw = False
219.4953 	EXP 	start_practice_text: autoDraw = True
220.4944 	EXP 	Created sequence: sequential, trialTypes=1, nReps=2, seed=None
220.4948 	EXP 	New trial (rep=0, index=0): None
220.5014 	EXP 	start_practice_text: autoDraw = False
220.5014 	EXP 	start_practice_text: autoDraw = False
220.5014 	EXP 	rec_practice_block_text: text = 'Kép'
220.5014 	EXP 	rec_practice_block_text: autoDraw = True
221.5092 	EXP 	Imported recognition_practice_trials.csv as conditions, 3 conditions, 10 params
221.5096 	EXP 	Created sequence: sequential, trialTypes=3, nReps=1, seed=None
221.5102 	EXP 	New trial (rep=0, index=0): OrderedDict([('Task', 'RecognitionPractice'), ('TrialIndex', 1), ('BlockNr', 1), ('TrialType', 'OBJ'), ('StimType', 'FOIL'), ('CurrentImage', 'stimuli/fractals/156b.jpg'), ('CurrentX', 212.1320344), ('CurrentY', 212.1320344), ('Jitter', 0.6), ('Filler', 0)])
221.5902 	EXP 	rec_practice_block_text: autoDraw = False
221.5902 	EXP 	rec_practice_block_text: autoDraw = False
221.5902 	EXP 	rec_fx_cross: pos = array([212.1320344, 212.1320344])
221.5902 	EXP 	rec_fx_text_block: text = 'Kép'
221.5902 	EXP 	rec_fx_map: autoDraw = True
221.5902 	EXP 	rec_fx_map: autoDraw = False
221.5902 	EXP 	rec_fx_cross: autoDraw = True
221.5902 	EXP 	rec_fx_cross: autoDraw = False
221.5902 	EXP 	rec_fx_text_block: autoDraw = True
221.5902 	EXP 	rec_fx_text_block: autoDraw = False
221.5902 	EXP 	rec_fx_instructions_text: autoDraw = True
221.5902 	EXP 	rec_fx_instructions_text: autoDraw = False
221.5902 	EXP 	rec_fx_map: autoDraw = False
221.5902 	EXP 	rec_fx_cross: autoDraw = False
221.5902 	EXP 	rec_fx_text_block: autoDraw = False
221.5902 	EXP 	rec_fx_instructions_text: autoDraw = False
221.5902 	EXP 	rec_trial_main_image: pos = array([212.1320344, 212.1320344])
221.5902 	EXP 	rec_trial_main_image: image = 'stimuli/fractals/156b.jpg'
221.5902 	EXP 	rec_trial_text_block: text = 'OBJ'
221.5902 	EXP 	rec_trial_map: autoDraw = True
221.5902 	EXP 	rec_trial_main_image: autoDraw = True
221.5902 	EXP 	rec_trial_text_block: autoDraw = True
221.5902 	EXP 	rec_trial_instructions_text: autoDraw = True
223.1616 	DATA 	Keypress: j
224.5384 	EXP 	rec_trial_map: autoDraw = False
224.5384 	EXP 	rec_trial_main_image: autoDraw = False
224.5384 	EXP 	rec_trial_text_block: autoDraw = False
224.5384 	EXP 	rec_trial_instructions_text: autoDraw = False
224.5384 	EXP 	rec_practice_feedback_text: text = 'A helyes válasz: Új\nAz Ön válasza: Hasonló'
224.5384 	EXP 	rec_practice_feedback_text: autoDraw = True
226.5181 	EXP 	New trial (rep=0, index=1): OrderedDict([('Task', 'RecognitionPractice'), ('TrialIndex', 1), ('BlockNr', 1), ('TrialType', 'OBJ'), ('StimType', 'LURE'), ('CurrentImage', 'stimuli/fractals/166c.jpg'), ('CurrentX', -300.0), ('CurrentY', 0.0), ('Jitter', 0.6), ('Filler', 0)])
226.5898 	EXP 	rec_practice_feedback_text: autoDraw = False
226.5898 	EXP 	rec_fx_cross: pos = array([-300.,    0.])
226.5898 	EXP 	rec_fx_text_block: text = 'Kép'
226.5898 	EXP 	rec_fx_map: autoDraw = True
226.5898 	EXP 	rec_fx_map: autoDraw = False
226.5898 	EXP 	rec_fx_cross: autoDraw = True
226.5898 	EXP 	rec_fx_cross: autoDraw = False
226.5898 	EXP 	rec_fx_text_block: autoDraw = True
226.5898 	EXP 	rec_fx_text_block: autoDraw = False
226.5898 	EXP 	rec_fx_instructions_text: autoDraw = True
226.5898 	EXP 	rec_fx_instructions_text: autoDraw = False
226.5898 	EXP 	rec_fx_map: autoDraw = False
226.5898 	EXP 	rec_fx_cross: autoDraw = False
226.5898 	EXP 	rec_fx_text_block: autoDraw = False
226.5898 	EXP 	rec_fx_instructions_text: autoDraw = False
226.5898 	EXP 	rec_trial_main_image: pos = array([-300.,    0.])
226.5898 	EXP 	rec_trial_main_image: image = 'stimuli/fractals/166c.jpg'
226.5898 	EXP 	rec_trial_text_block: text = 'OBJ'
226.5898 	EXP 	rec_trial_map: autoDraw = True
226.5898 	EXP 	rec_trial_main_image: autoDraw = True
226.5898 	EXP 	rec_trial_text_block: autoDraw = True
226.5898 	EXP 	rec_trial_instructions_text: autoDraw = True
228.6391 	DATA 	Keypress: j
229.5321 	EXP 	rec_trial_map: autoDraw = False
229.5321 	EXP 	rec_trial_main_image: autoDraw = False
229.5321 	EXP 	rec_trial_text_block: autoDraw = False
229.5321 	EXP 	rec_trial_instructions_text: autoDraw = False
229.5321 	EXP 	rec_practice_feedback_text: text = 'A helyes válasz: Hasonló\nAz Ön válasza: Hasonló'
229.5321 	EXP 	rec_practice_feedback_text: autoDraw = True
231.5225 	EXP 	New trial (rep=0, index=2): OrderedDict([('Task', 'RecognitionPractice'), ('TrialIndex', 2), ('BlockNr', 1), ('TrialType', 'OBJ'), ('StimType', 'TARGET'), ('CurrentImage', 'stimuli/fractals/167a.jpg'), ('CurrentX', 0.0), ('CurrentY', 300.0), ('Jitter', 2.0), ('Filler', 0)])
231.5282 	EXP 	rec_practice_feedback_text: autoDraw = False
231.5282 	EXP 	rec_fx_cross: pos = array([  0., 300.])
231.5282 	EXP 	rec_fx_text_block: text = 'Kép'
231.5282 	EXP 	rec_fx_map: autoDraw = True
231.5282 	EXP 	rec_fx_cross: autoDraw = True
231.5282 	EXP 	rec_fx_text_block: autoDraw = True
231.5282 	EXP 	rec_fx_instructions_text: autoDraw = True
231.5992 	EXP 	rec_fx_map: autoDraw = False
231.5992 	EXP 	rec_fx_cross: autoDraw = False
231.5992 	EXP 	rec_fx_text_block: autoDraw = False
231.5992 	EXP 	rec_fx_instructions_text: autoDraw = False
231.5992 	EXP 	rec_fx_map: autoDraw = False
231.5992 	EXP 	rec_fx_cross: autoDraw = False
231.5992 	EXP 	rec_fx_text_block: autoDraw = False
231.5992 	EXP 	rec_fx_instructions_text: autoDraw = False
231.5992 	EXP 	rec_trial_main_image: pos = array([  0., 300.])
231.5992 	EXP 	rec_trial_main_image: image = 'stimuli/fractals/167a.jpg'
231.5992 	EXP 	rec_trial_text_block: text = 'OBJ'
231.5992 	EXP 	rec_trial_map: autoDraw = True
231.5992 	EXP 	rec_trial_main_image: autoDraw = True
231.5992 	EXP 	rec_trial_text_block: autoDraw = True
231.5992 	EXP 	rec_trial_instructions_text: autoDraw = True
233.3568 	DATA 	Keypress: f
234.5429 	EXP 	rec_trial_map: autoDraw = False
234.5429 	EXP 	rec_trial_main_image: autoDraw = False
234.5429 	EXP 	rec_trial_text_block: autoDraw = False
234.5429 	EXP 	rec_trial_instructions_text: autoDraw = False
234.5429 	EXP 	rec_practice_feedback_text: text = 'A helyes válasz: Régi\nAz Ön válasza: Régi'
234.5429 	EXP 	rec_practice_feedback_text: autoDraw = True
236.5310 	EXP 	New trial (rep=1, index=0): None
236.5365 	EXP 	rec_practice_feedback_text: autoDraw = False
236.5365 	EXP 	rec_practice_block_text: text = 'Hely'
236.5365 	EXP 	rec_practice_block_text: autoDraw = True
237.5398 	EXP 	Imported recognition_practice_trials.csv as conditions, 3 conditions, 10 params
237.5402 	EXP 	Created sequence: sequential, trialTypes=3, nReps=1, seed=None
237.5407 	EXP 	New trial (rep=0, index=0): OrderedDict([('Task', 'RecognitionPractice'), ('TrialIndex', 4), ('BlockNr', 2), ('TrialType', 'LOC'), ('StimType', 'LURE'), ('CurrentImage', 'stimuli/fractals/159a.jpg'), ('CurrentX', 212.1320344), ('CurrentY', 212.1320344), ('Jitter', 1.0), ('Filler', 0)])
237.5492 	EXP 	rec_practice_block_text: autoDraw = False
237.5492 	EXP 	rec_fx_cross: pos = array([212.1320344, 212.1320344])
237.5492 	EXP 	rec_fx_text_block: text = 'Hely'
237.5492 	EXP 	rec_fx_map: autoDraw = True
237.5492 	EXP 	rec_fx_cross: autoDraw = True
237.5492 	EXP 	rec_fx_text_block: autoDraw = True
237.5492 	EXP 	rec_fx_instructions_text: autoDraw = True
237.6268 	EXP 	rec_fx_map: autoDraw = False
237.6268 	EXP 	rec_fx_cross: autoDraw = False
237.6268 	EXP 	rec_fx_text_block: autoDraw = False
237.6268 	EXP 	rec_fx_instructions_text: autoDraw = False
237.6268 	EXP 	rec_fx_map: autoDraw = False
237.6268 	EXP 	rec_fx_cross: autoDraw = False
237.6268 	EXP 	rec_fx_text_block: autoDraw = False
237.6268 	EXP 	rec_fx_instructions_text: autoDraw = False
237.6268 	EXP 	rec_trial_main_image: pos = array([212.1320344, 212.1320344])
237.6268 	EXP 	rec_trial_main_image: image = 'stimuli/fractals/159a.jpg'
237.6268 	EXP 	rec_trial_text_block: text = 'LOC'
237.6268 	EXP 	rec_trial_map: autoDraw = True
237.6268 	EXP 	rec_trial_main_image: autoDraw = True
237.6268 	EXP 	rec_trial_text_block: autoDraw = True
237.6268 	EXP 	rec_trial_instructions_text: autoDraw = True
240.5606 	EXP 	rec_trial_map: autoDraw = False
240.5606 	EXP 	rec_trial_main_image: autoDraw = False
240.5606 	EXP 	rec_trial_text_block: autoDraw = False
240.5606 	EXP 	rec_trial_instructions_text: autoDraw = False
240.5606 	EXP 	rec_practice_feedback_text: text = 'A helyes válasz: Hasonló\n'
240.5606 	EXP 	rec_practice_feedback_text: autoDraw = True
240.9830 	DATA 	Keypress: f
242.5538 	EXP 	New trial (rep=0, index=1): OrderedDict([('Task', 'RecognitionPractice'), ('TrialIndex', 5), ('BlockNr', 2), ('TrialType', 'LOC'), ('StimType', 'FOIL'), ('CurrentImage', 'stimuli/fractals/148b.jpg'), ('CurrentX', -212.1320344), ('CurrentY', -212.1320344), ('Jitter', 1.5), ('Filler', 0)])
242.5590 	EXP 	rec_practice_feedback_text: autoDraw = False
242.5590 	EXP 	rec_fx_cross: pos = array([-212.1320344, -212.1320344])
242.5590 	EXP 	rec_fx_text_block: text = 'Hely'
242.5590 	EXP 	rec_fx_map: autoDraw = True
242.5590 	EXP 	rec_fx_cross: autoDraw = True
242.5590 	EXP 	rec_fx_text_block: autoDraw = True
242.5590 	EXP 	rec_fx_instructions_text: autoDraw = True
242.6284 	EXP 	rec_fx_map: autoDraw = False
242.6284 	EXP 	rec_fx_cross: autoDraw = False
242.6284 	EXP 	rec_fx_text_block: autoDraw = False
242.6284 	EXP 	rec_fx_instructions_text: autoDraw = False
242.6284 	EXP 	rec_fx_map: autoDraw = False
242.6284 	EXP 	rec_fx_cross: autoDraw = False
242.6284 	EXP 	rec_fx_text_block: autoDraw = False
242.6284 	EXP 	rec_fx_instructions_text: autoDraw = False
242.6284 	EXP 	rec_trial_main_image: pos = array([-212.1320344, -212.1320344])
242.6284 	EXP 	rec_trial_main_image: image = 'stimuli/fractals/148b.jpg'
242.6284 	EXP 	rec_trial_text_block: text = 'LOC'
242.6284 	EXP 	rec_trial_map: autoDraw = True
242.6284 	EXP 	rec_trial_main_image: autoDraw = True
242.6284 	EXP 	rec_trial_text_block: autoDraw = True
242.6284 	EXP 	rec_trial_instructions_text: autoDraw = True
245.0546 	DATA 	Keypress: k
245.5725 	EXP 	rec_trial_map: autoDraw = False
245.5725 	EXP 	rec_trial_main_image: autoDraw = False
245.5725 	EXP 	rec_trial_text_block: autoDraw = False
245.5725 	EXP 	rec_trial_instructions_text: autoDraw = False
245.5725 	EXP 	rec_practice_feedback_text: text = 'A helyes válasz: Új\nAz Ön válasza: Új'
245.5725 	EXP 	rec_practice_feedback_text: autoDraw = True
247.5624 	EXP 	New trial (rep=0, index=2): OrderedDict([('Task', 'RecognitionPractice'), ('TrialIndex', 6), ('BlockNr', 2), ('TrialType', 'LOC'), ('StimType', 'TARGET'), ('CurrentImage', 'stimuli/fractals/166a.jpg'), ('CurrentX', -300.0), ('CurrentY', 0.0), ('Jitter', 1.0), ('Filler', 0)])
247.5675 	EXP 	rec_practice_feedback_text: autoDraw = False
247.5675 	EXP 	rec_fx_cross: pos = array([-300.,    0.])
247.5675 	EXP 	rec_fx_text_block: text = 'Hely'
247.5675 	EXP 	rec_fx_map: autoDraw = True
247.5675 	EXP 	rec_fx_cross: autoDraw = True
247.5675 	EXP 	rec_fx_text_block: autoDraw = True
247.5675 	EXP 	rec_fx_instructions_text: autoDraw = True
247.6379 	EXP 	rec_fx_map: autoDraw = False
247.6379 	EXP 	rec_fx_cross: autoDraw = False
247.6379 	EXP 	rec_fx_text_block: autoDraw = False
247.6379 	EXP 	rec_fx_instructions_text: autoDraw = False
247.6379 	EXP 	rec_fx_map: autoDraw = False
247.6379 	EXP 	rec_fx_cross: autoDraw = False
247.6379 	EXP 	rec_fx_text_block: autoDraw = False
247.6379 	EXP 	rec_fx_instructions_text: autoDraw = False
247.6379 	EXP 	rec_trial_main_image: pos = array([-300.,    0.])
247.6379 	EXP 	rec_trial_main_image: image = 'stimuli/fractals/166a.jpg'
247.6379 	EXP 	rec_trial_text_block: text = 'LOC'
247.6379 	EXP 	rec_trial_map: autoDraw = True
247.6379 	EXP 	rec_trial_main_image: autoDraw = True
247.6379 	EXP 	rec_trial_text_block: autoDraw = True
247.6379 	EXP 	rec_trial_instructions_text: autoDraw = True
249.7673 	DATA 	Keypress: f
250.5813 	EXP 	rec_trial_map: autoDraw = False
250.5813 	EXP 	rec_trial_main_image: autoDraw = False
250.5813 	EXP 	rec_trial_text_block: autoDraw = False
250.5813 	EXP 	rec_trial_instructions_text: autoDraw = False
250.5813 	EXP 	rec_practice_feedback_text: text = 'A helyes válasz: Régi\nAz Ön válasza: Régi'
250.5813 	EXP 	rec_practice_feedback_text: autoDraw = True
252.5725 	EXP 	rec_practice_feedback_text: autoDraw = False
252.5725 	EXP 	end_practice_text: autoDraw = True
260.8073 	DATA 	Keypress: right
260.8079 	EXP 	Created sequence: sequential, trialTypes=1, nReps=3, seed=None
260.8083 	EXP 	New trial (rep=0, index=0): None
260.8102 	EXP 	end_practice_text: autoDraw = False
260.8102 	EXP 	start_rec_run_text: autoDraw = True
261.8097 	EXP 	Created sequence: sequential, trialTypes=1, nReps=2, seed=None
261.8100 	EXP 	New trial (rep=0, index=0): None
261.8142 	EXP 	start_rec_run_text: autoDraw = False
261.8142 	EXP 	start_rec_run_text: autoDraw = False
261.8142 	EXP 	start_rec_block_text: text = 'Kép'
261.8142 	EXP 	start_rec_block_text: autoDraw = True
263.3628 	EXP 	Imported stimuli_tables/recognition_trials_0.csv as conditions, 3 conditions, 25 params
263.3636 	EXP 	Created sequence: sequential, trialTypes=3, nReps=1, seed=None
263.3644 	EXP 	New trial (rep=0, index=0): OrderedDict([('TrialIndex', 1), ('Jitter', 500), ('ScannerRun', None), ('BlockNr', 1), ('TrialType', 'OBJ'), ('StimType', 'FOIL'), ('CurrentImage', 'stimuli/fractals/102b.jpg'), ('CurrentX', 300.0), ('CurrentY', 0.0), ('EncodingTrialIndex', 0.0), ('EncodingStimType', 'FOIL'), ('EncodingImage', None), ('EncodingXcoordinate', 0.0), ('EncodingYcoordinate', 0.0), ('TripletMemberA', None), ('TripletMemberB', None), ('TripletMemberC', None), ('Xcoordinate', None), ('Ycoordinate', None), ('Xcoordinate_lure1', None), ('Ycoordinate_lure1', None), ('Xcoordinate_lure2', None), ('Ycoordinate_lure2', None), ('Xcoordinate_foil', None), ('Ycoordinate_foil', None)])
263.3721 	EXP 	start_rec_block_text: autoDraw = False
263.3721 	EXP 	start_rec_block_text: autoDraw = False
263.3721 	EXP 	rec_fx_cross: pos = array([300.,   0.])
263.3721 	EXP 	rec_fx_text_block: text = 'Kép'
263.3721 	EXP 	rec_fx_map: autoDraw = True
263.3721 	EXP 	rec_fx_cross: autoDraw = True
263.3721 	EXP 	rec_fx_text_block: autoDraw = True
263.3721 	EXP 	rec_fx_instructions_text: autoDraw = True
263.9480 	EXP 	rec_fx_map: autoDraw = False
263.9480 	EXP 	rec_fx_cross: autoDraw = False
263.9480 	EXP 	rec_fx_text_block: autoDraw = False
263.9480 	EXP 	rec_fx_instructions_text: autoDraw = False
263.9480 	EXP 	rec_fx_map: autoDraw = False
263.9480 	EXP 	rec_fx_cross: autoDraw = False
263.9480 	EXP 	rec_fx_text_block: autoDraw = False
263.9480 	EXP 	rec_fx_instructions_text: autoDraw = False
263.9480 	EXP 	rec_trial_main_image: pos = array([300.,   0.])
263.9480 	EXP 	rec_trial_main_image: image = 'stimuli/fractals/102b.jpg'
263.9480 	EXP 	rec_trial_text_block: text = 'OBJ'
263.9480 	EXP 	rec_trial_map: autoDraw = True
263.9480 	EXP 	rec_trial_main_image: autoDraw = True
263.9480 	EXP 	rec_trial_text_block: autoDraw = True
263.9480 	EXP 	rec_trial_instructions_text: autoDraw = True
266.8791 	EXP 	New trial (rep=0, index=1): OrderedDict([('TrialIndex', 2), ('Jitter', 1000), ('ScannerRun', None), ('BlockNr', 1), ('TrialType', 'OBJ'), ('StimType', 'LURE'), ('CurrentImage', 'stimuli/fractals/101c.jpg'), ('CurrentX', 212.1320344), ('CurrentY', 212.1320344), ('EncodingTrialIndex', 1.0), ('EncodingStimType', 'OLP'), ('EncodingImage', 'stimuli/fractals/101b.jpg'), ('EncodingXcoordinate', 212.1320344), ('EncodingYcoordinate', 212.1320344), ('TripletMemberA', 'stimuli/fractals/101b.jpg'), ('TripletMemberB', 'stimuli/fractals/101a.jpg'), ('TripletMemberC', 'stimuli/fractals/101c.jpg'), ('Xcoordinate', 212.1320344), ('Ycoordinate', 212.1320344), ('Xcoordinate_lure1', 0.0), ('Ycoordinate_lure1', 300.0), ('Xcoordinate_lure2', 300.0), ('Ycoordinate_lure2', 0.0), ('Xcoordinate_foil', -212.1320344), ('Ycoordinate_foil', -212.1320344)])
266.8846 	EXP 	rec_trial_map: autoDraw = False
266.8846 	EXP 	rec_trial_main_image: autoDraw = False
266.8846 	EXP 	rec_trial_text_block: autoDraw = False
266.8846 	EXP 	rec_trial_instructions_text: autoDraw = False
266.8846 	EXP 	rec_fx_cross: pos = array([212.1320344, 212.1320344])
266.8846 	EXP 	rec_fx_text_block: text = 'Kép'
266.8846 	EXP 	rec_fx_map: autoDraw = True
266.8846 	EXP 	rec_fx_cross: autoDraw = True
266.8846 	EXP 	rec_fx_text_block: autoDraw = True
266.8846 	EXP 	rec_fx_instructions_text: autoDraw = True
267.9600 	EXP 	rec_fx_map: autoDraw = False
267.9600 	EXP 	rec_fx_cross: autoDraw = False
267.9600 	EXP 	rec_fx_text_block: autoDraw = False
267.9600 	EXP 	rec_fx_instructions_text: autoDraw = False
267.9600 	EXP 	rec_fx_map: autoDraw = False
267.9600 	EXP 	rec_fx_cross: autoDraw = False
267.9600 	EXP 	rec_fx_text_block: autoDraw = False
267.9600 	EXP 	rec_fx_instructions_text: autoDraw = False
267.9600 	EXP 	rec_trial_main_image: pos = array([212.1320344, 212.1320344])
267.9600 	EXP 	rec_trial_main_image: image = 'stimuli/fractals/101c.jpg'
267.9600 	EXP 	rec_trial_text_block: text = 'OBJ'
267.9600 	EXP 	rec_trial_map: autoDraw = True
267.9600 	EXP 	rec_trial_main_image: autoDraw = True
267.9600 	EXP 	rec_trial_text_block: autoDraw = True
267.9600 	EXP 	rec_trial_instructions_text: autoDraw = True
270.8920 	EXP 	New trial (rep=0, index=2): OrderedDict([('TrialIndex', 3), ('Jitter', 2000), ('ScannerRun', None), ('BlockNr', 1), ('TrialType', 'OBJ'), ('StimType', 'TARGET'), ('CurrentImage', 'stimuli/fractals/97b.jpg'), ('CurrentX', 212.1320344), ('CurrentY', -212.1320344), ('EncodingTrialIndex', 2.0), ('EncodingStimType', 'OLP'), ('EncodingImage', 'stimuli/fractals/97b.jpg'), ('EncodingXcoordinate', 212.1320344), ('EncodingYcoordinate', -212.1320344), ('TripletMemberA', 'stimuli/fractals/97b.jpg'), ('TripletMemberB', 'stimuli/fractals/97c.jpg'), ('TripletMemberC', 'stimuli/fractals/97a.jpg'), ('Xcoordinate', 212.1320344), ('Ycoordinate', -212.1320344), ('Xcoordinate_lure1', 0.0), ('Ycoordinate_lure1', -300.0), ('Xcoordinate_lure2', 300.0), ('Ycoordinate_lure2', 0.0), ('Xcoordinate_foil', -212.1320344), ('Ycoordinate_foil', 212.1320344)])
270.8976 	EXP 	rec_trial_map: autoDraw = False
270.8976 	EXP 	rec_trial_main_image: autoDraw = False
270.8976 	EXP 	rec_trial_text_block: autoDraw = False
270.8976 	EXP 	rec_trial_instructions_text: autoDraw = False
270.8976 	EXP 	rec_fx_cross: pos = array([ 212.1320344, -212.1320344])
270.8976 	EXP 	rec_fx_text_block: text = 'Kép'
270.8976 	EXP 	rec_fx_map: autoDraw = True
270.8976 	EXP 	rec_fx_cross: autoDraw = True
270.8976 	EXP 	rec_fx_text_block: autoDraw = True
270.8976 	EXP 	rec_fx_instructions_text: autoDraw = True
272.9679 	EXP 	rec_fx_map: autoDraw = False
272.9679 	EXP 	rec_fx_cross: autoDraw = False
272.9679 	EXP 	rec_fx_text_block: autoDraw = False
272.9679 	EXP 	rec_fx_instructions_text: autoDraw = False
272.9679 	EXP 	rec_fx_map: autoDraw = False
272.9679 	EXP 	rec_fx_cross: autoDraw = False
272.9679 	EXP 	rec_fx_text_block: autoDraw = False
272.9679 	EXP 	rec_fx_instructions_text: autoDraw = False
272.9679 	EXP 	rec_trial_main_image: pos = array([ 212.1320344, -212.1320344])
272.9679 	EXP 	rec_trial_main_image: image = 'stimuli/fractals/97b.jpg'
272.9679 	EXP 	rec_trial_text_block: text = 'OBJ'
272.9679 	EXP 	rec_trial_map: autoDraw = True
272.9679 	EXP 	rec_trial_main_image: autoDraw = True
272.9679 	EXP 	rec_trial_text_block: autoDraw = True
272.9679 	EXP 	rec_trial_instructions_text: autoDraw = True
275.9012 	EXP 	New trial (rep=1, index=0): None
275.9030 	EXP 	rec_trial_map: autoDraw = False
275.9030 	EXP 	rec_trial_main_image: autoDraw = False
275.9030 	EXP 	rec_trial_text_block: autoDraw = False
275.9030 	EXP 	rec_trial_instructions_text: autoDraw = False
275.9030 	EXP 	start_rec_block_text: text = 'Kép'
275.9030 	EXP 	start_rec_block_text: autoDraw = True
277.4484 	EXP 	Imported stimuli_tables/recognition_trials_0.csv as conditions, 3 conditions, 25 params
277.4491 	EXP 	Created sequence: sequential, trialTypes=3, nReps=1, seed=None
277.4499 	EXP 	New trial (rep=0, index=0): OrderedDict([('TrialIndex', 4), ('Jitter', 3000), ('ScannerRun', None), ('BlockNr', 1), ('TrialType', 'OBJ'), ('StimType', 'FOIL'), ('CurrentImage', 'stimuli/fractals/57a.jpg'), ('CurrentX', -212.1320344), ('CurrentY', -212.1320344), ('EncodingTrialIndex', 0.0), ('EncodingStimType', 'FOIL'), ('EncodingImage', None), ('EncodingXcoordinate', 0.0), ('EncodingYcoordinate', 0.0), ('TripletMemberA', None), ('TripletMemberB', None), ('TripletMemberC', None), ('Xcoordinate', None), ('Ycoordinate', None), ('Xcoordinate_lure1', None), ('Ycoordinate_lure1', None), ('Xcoordinate_lure2', None), ('Ycoordinate_lure2', None), ('Xcoordinate_foil', None), ('Ycoordinate_foil', None)])
277.4554 	EXP 	start_rec_block_text: autoDraw = False
277.4554 	EXP 	rec_fx_cross: pos = array([-212.1320344, -212.1320344])
277.4554 	EXP 	rec_fx_text_block: text = 'Kép'
277.4554 	EXP 	rec_fx_map: autoDraw = True
277.4554 	EXP 	rec_fx_cross: autoDraw = True
277.4554 	EXP 	rec_fx_text_block: autoDraw = True
277.4554 	EXP 	rec_fx_instructions_text: autoDraw = True
280.5319 	EXP 	rec_fx_map: autoDraw = False
280.5319 	EXP 	rec_fx_cross: autoDraw = False
280.5319 	EXP 	rec_fx_text_block: autoDraw = False
280.5319 	EXP 	rec_fx_instructions_text: autoDraw = False
280.5319 	EXP 	rec_fx_map: autoDraw = False
280.5319 	EXP 	rec_fx_cross: autoDraw = False
280.5319 	EXP 	rec_fx_text_block: autoDraw = False
280.5319 	EXP 	rec_fx_instructions_text: autoDraw = False
280.5319 	EXP 	rec_trial_main_image: pos = array([-212.1320344, -212.1320344])
280.5319 	EXP 	rec_trial_main_image: image = 'stimuli/fractals/57a.jpg'
280.5319 	EXP 	rec_trial_text_block: text = 'OBJ'
280.5319 	EXP 	rec_trial_map: autoDraw = True
280.5319 	EXP 	rec_trial_main_image: autoDraw = True
280.5319 	EXP 	rec_trial_text_block: autoDraw = True
280.5319 	EXP 	rec_trial_instructions_text: autoDraw = True
283.4634 	EXP 	New trial (rep=0, index=1): OrderedDict([('TrialIndex', 5), ('Jitter', 2000), ('ScannerRun', None), ('BlockNr', 1), ('TrialType', 'OBJ'), ('StimType', 'TARGET'), ('CurrentImage', 'stimuli/fractals/15b.jpg'), ('CurrentX', -212.1320344), ('CurrentY', -212.1320344), ('EncodingTrialIndex', 12.0), ('EncodingStimType', 'OLP'), ('EncodingImage', 'stimuli/fractals/15b.jpg'), ('EncodingXcoordinate', -212.1320344), ('EncodingYcoordinate', -212.1320344), ('TripletMemberA', 'stimuli/fractals/15b.jpg'), ('TripletMemberB', 'stimuli/fractals/15a.jpg'), ('TripletMemberC', 'stimuli/fractals/15c.jpg'), ('Xcoordinate', -212.1320344), ('Ycoordinate', -212.1320344), ('Xcoordinate_lure1', -300.0), ('Ycoordinate_lure1', 0.0), ('Xcoordinate_lure2', 0.0), ('Ycoordinate_lure2', -300.0), ('Xcoordinate_foil', 212.1320344), ('Ycoordinate_foil', 212.1320344)])
283.4690 	EXP 	rec_trial_map: autoDraw = False
283.4690 	EXP 	rec_trial_main_image: autoDraw = False
283.4690 	EXP 	rec_trial_text_block: autoDraw = False
283.4690 	EXP 	rec_trial_instructions_text: autoDraw = False
283.4690 	EXP 	rec_fx_cross: pos = array([-212.1320344, -212.1320344])
283.4690 	EXP 	rec_fx_text_block: text = 'Kép'
283.4690 	EXP 	rec_fx_map: autoDraw = True
283.4690 	EXP 	rec_fx_cross: autoDraw = True
283.4690 	EXP 	rec_fx_text_block: autoDraw = True
283.4690 	EXP 	rec_fx_instructions_text: autoDraw = True
285.5441 	EXP 	rec_fx_map: autoDraw = False
285.5441 	EXP 	rec_fx_cross: autoDraw = False
285.5441 	EXP 	rec_fx_text_block: autoDraw = False
285.5441 	EXP 	rec_fx_instructions_text: autoDraw = False
285.5441 	EXP 	rec_fx_map: autoDraw = False
285.5441 	EXP 	rec_fx_cross: autoDraw = False
285.5441 	EXP 	rec_fx_text_block: autoDraw = False
285.5441 	EXP 	rec_fx_instructions_text: autoDraw = False
285.5441 	EXP 	rec_trial_main_image: pos = array([-212.1320344, -212.1320344])
285.5441 	EXP 	rec_trial_main_image: image = 'stimuli/fractals/15b.jpg'
285.5441 	EXP 	rec_trial_text_block: text = 'OBJ'
285.5441 	EXP 	rec_trial_map: autoDraw = True
285.5441 	EXP 	rec_trial_main_image: autoDraw = True
285.5441 	EXP 	rec_trial_text_block: autoDraw = True
285.5441 	EXP 	rec_trial_instructions_text: autoDraw = True
288.4767 	EXP 	New trial (rep=0, index=2): OrderedDict([('TrialIndex', 6), ('Jitter', 1000), ('ScannerRun', None), ('BlockNr', 1), ('TrialType', 'OBJ'), ('StimType', 'FOIL'), ('CurrentImage', 'stimuli/fractals/20c.jpg'), ('CurrentX', 300.0), ('CurrentY', 0.0), ('EncodingTrialIndex', 0.0), ('EncodingStimType', 'FOIL'), ('EncodingImage', None), ('EncodingXcoordinate', 0.0), ('EncodingYcoordinate', 0.0), ('TripletMemberA', None), ('TripletMemberB', None), ('TripletMemberC', None), ('Xcoordinate', None), ('Ycoordinate', None), ('Xcoordinate_lure1', None), ('Ycoordinate_lure1', None), ('Xcoordinate_lure2', None), ('Ycoordinate_lure2', None), ('Xcoordinate_foil', None), ('Ycoordinate_foil', None)])
288.4824 	EXP 	rec_trial_map: autoDraw = False
288.4824 	EXP 	rec_trial_main_image: autoDraw = False
288.4824 	EXP 	rec_trial_text_block: autoDraw = False
288.4824 	EXP 	rec_trial_instructions_text: autoDraw = False
288.4824 	EXP 	rec_fx_cross: pos = array([300.,   0.])
288.4824 	EXP 	rec_fx_text_block: text = 'Kép'
288.4824 	EXP 	rec_fx_map: autoDraw = True
288.4824 	EXP 	rec_fx_cross: autoDraw = True
288.4824 	EXP 	rec_fx_text_block: autoDraw = True
288.4824 	EXP 	rec_fx_instructions_text: autoDraw = True
289.5564 	EXP 	rec_fx_map: autoDraw = False
289.5564 	EXP 	rec_fx_cross: autoDraw = False
289.5564 	EXP 	rec_fx_text_block: autoDraw = False
289.5564 	EXP 	rec_fx_instructions_text: autoDraw = False
289.5564 	EXP 	rec_fx_map: autoDraw = False
289.5564 	EXP 	rec_fx_cross: autoDraw = False
289.5564 	EXP 	rec_fx_text_block: autoDraw = False
289.5564 	EXP 	rec_fx_instructions_text: autoDraw = False
289.5564 	EXP 	rec_trial_main_image: pos = array([300.,   0.])
289.5564 	EXP 	rec_trial_main_image: image = 'stimuli/fractals/20c.jpg'
289.5564 	EXP 	rec_trial_text_block: text = 'OBJ'
289.5564 	EXP 	rec_trial_map: autoDraw = True
289.5564 	EXP 	rec_trial_main_image: autoDraw = True
289.5564 	EXP 	rec_trial_text_block: autoDraw = True
289.5564 	EXP 	rec_trial_instructions_text: autoDraw = True
292.5064 	EXP 	rec_trial_map: autoDraw = False
292.5064 	EXP 	rec_trial_main_image: autoDraw = False
292.5064 	EXP 	rec_trial_text_block: autoDraw = False
292.5064 	EXP 	rec_trial_instructions_text: autoDraw = False
292.5064 	EXP 	end_rec_run_text: text = 'Szünet\nA folytatáshoz nyomja le a jobb nyilat'
292.5064 	EXP 	end_rec_run_text: autoDraw = True
303.5522 	DATA 	Mouse: Left button down, pos=(551,668)
303.6563 	DATA 	Mouse:  Left button up, pos=(551,668)
304.2716 	DATA 	Keypress: right
304.2748 	EXP 	New trial (rep=1, index=0): None
304.2764 	EXP 	end_rec_run_text: autoDraw = False
304.2764 	EXP 	start_rec_run_text: autoDraw = True
305.2752 	EXP 	Created sequence: sequential, trialTypes=1, nReps=2, seed=None
305.2755 	EXP 	New trial (rep=0, index=0): None
305.2771 	EXP 	start_rec_run_text: autoDraw = False
305.2771 	EXP 	start_rec_run_text: autoDraw = False
305.2771 	EXP 	start_rec_block_text: text = 'Kép'
305.2771 	EXP 	start_rec_block_text: autoDraw = True
306.8247 	EXP 	Imported stimuli_tables/recognition_trials_0.csv as conditions, 3 conditions, 25 params
306.8254 	EXP 	Created sequence: sequential, trialTypes=3, nReps=1, seed=None
306.8262 	EXP 	New trial (rep=0, index=0): OrderedDict([('TrialIndex', 7), ('Jitter', 3000), ('ScannerRun', None), ('BlockNr', 1), ('TrialType', 'OBJ'), ('StimType', 'TARGET'), ('CurrentImage', 'stimuli/fractals/121b.jpg'), ('CurrentX', 0.0), ('CurrentY', 300.0), ('EncodingTrialIndex', 18.0), ('EncodingStimType', 'OLP'), ('EncodingImage', 'stimuli/fractals/121b.jpg'), ('EncodingXcoordinate', 0.0), ('EncodingYcoordinate', 300.0), ('TripletMemberA', 'stimuli/fractals/121b.jpg'), ('TripletMemberB', 'stimuli/fractals/121c.jpg'), ('TripletMemberC', 'stimuli/fractals/121a.jpg'), ('Xcoordinate', 0.0), ('Ycoordinate', 300.0), ('Xcoordinate_lure1', 212.1320344), ('Ycoordinate_lure1', 212.1320344), ('Xcoordinate_lure2', -212.1320344), ('Ycoordinate_lure2', 212.1320344), ('Xcoordinate_foil', 0.0), ('Ycoordinate_foil', -300.0)])
306.8317 	EXP 	start_rec_block_text: autoDraw = False
306.8317 	EXP 	start_rec_block_text: autoDraw = False
306.8317 	EXP 	rec_fx_cross: pos = array([  0., 300.])
306.8317 	EXP 	rec_fx_text_block: text = 'Kép'
306.8317 	EXP 	rec_fx_map: autoDraw = True
306.8317 	EXP 	rec_fx_cross: autoDraw = True
306.8317 	EXP 	rec_fx_text_block: autoDraw = True
306.8317 	EXP 	rec_fx_instructions_text: autoDraw = True
309.9053 	EXP 	rec_fx_map: autoDraw = False
309.9053 	EXP 	rec_fx_cross: autoDraw = False
309.9053 	EXP 	rec_fx_text_block: autoDraw = False
309.9053 	EXP 	rec_fx_instructions_text: autoDraw = False
309.9053 	EXP 	rec_fx_map: autoDraw = False
309.9053 	EXP 	rec_fx_cross: autoDraw = False
309.9053 	EXP 	rec_fx_text_block: autoDraw = False
309.9053 	EXP 	rec_fx_instructions_text: autoDraw = False
309.9053 	EXP 	rec_trial_main_image: pos = array([  0., 300.])
309.9053 	EXP 	rec_trial_main_image: image = 'stimuli/fractals/121b.jpg'
309.9053 	EXP 	rec_trial_text_block: text = 'OBJ'
309.9053 	EXP 	rec_trial_map: autoDraw = True
309.9053 	EXP 	rec_trial_main_image: autoDraw = True
309.9053 	EXP 	rec_trial_text_block: autoDraw = True
309.9053 	EXP 	rec_trial_instructions_text: autoDraw = True
311.9634 	DATA 	Keypress: escape
311.9812 	EXP 	window1: mouseVisible = True
