0.4146 	WARNING 	We strongly recommend you activate the PTB sound engine in PsychoPy prefs as the preferred audio engine. Its timing is vastly superior. Your prefs are currently set to use ['sounddevice', 'PTB', 'pyo', 'pygame'] (in that order).
0.9964 	WARNING 	Import Error: No module named 'psychtoolbox'. Using event module for keyboard component.
10.2201 	WARNING 	Monitor specification not found. Creating a temporary one...
10.5992 	EXP 	Created window1 = Window(allowGUI=False, allowStencil=False, args=UNKNOWN, autoLog=True, bitsMode=UNKNOWN, blendMode='avg', bpc=(8, 8, 8), color=array([0.804, 0.804, 0.961]), colorSpace='rgb', depthBits=8, fullscr=<method-wrapper '__getattribute__' of attributeSetter object at 0x7f013422e7f0>, gamma=None, gammaErrorPolicy='raise', kwargs=UNKNOWN, lms=UNKNOWN, monitor=<psychopy.monitors.calibTools.Monitor object at 0x7f0132035a20>, multiSample=False, name='window1', numSamples=2, pos=[0.0, 0.0], screen=0, size=array([1920, 1080]), stencilBits=0, stereo=False, units='height', useFBO=True, useRetina=False, viewOri=0.0, viewPos=None, viewScale=None, waitBlanking=True, winType='pyglet')
10.5993 	EXP 	window1: recordFrameIntervals = False
10.6273 	EXP 	window1: recordFrameIntervals = True
10.6577 	EXP 	window1: recordFrameIntervals = False
10.7197 	EXP 	Created lab_thanks = TextStim(__class__=<class 'psychopy.visual.text.TextStim'>, alignHoriz=method-wrapper(...), alignText='center', alignVert=method-wrapper(...), anchorHoriz='center', anchorVert='center', antialias=True, autoLog=True, bold=False, color='black', colorSpace='named', contrast=1.0, depth=0.0, flipHoriz=False, flipVert=False, font='Arial', fontFiles=[], height=0.05, italic=False, languageStyle='LTR', name='lab_thanks', opacity=1.0, ori=0, pos=array([0., 0.]), rgb=array([0., 0., 0.]), text=str(...), units='height', win=Window(...), wrapWidth=1)
10.7278 	EXP 	Created start_encoding_text = TextStim(__class__=<class 'psychopy.visual.text.TextStim'>, alignHoriz=method-wrapper(...), alignText='center', alignVert=method-wrapper(...), anchorHoriz='center', anchorVert='center', antialias=True, autoLog=True, bold=False, color='black', colorSpace='named', contrast=1.0, depth=0.0, flipHoriz=False, flipVert=False, font='Arial', fontFiles=[], height=0.1, italic=False, languageStyle='LTR', name='start_encoding_text', opacity=1.0, ori=0, pos=array([0., 0.]), rgb=array([0., 0., 0.]), text='default text', units='height', win=Window(...), wrapWidth=1)
10.7534 	EXP 	Created enc_instructions_1_text = TextStim(__class__=<class 'psychopy.visual.text.TextStim'>, alignHoriz=method-wrapper(...), alignText='center', alignVert=method-wrapper(...), anchorHoriz='center', anchorVert='center', antialias=True, autoLog=True, bold=False, color='black', colorSpace='named', contrast=1.0, depth=0.0, flipHoriz=False, flipVert=False, font='Arial', fontFiles=[], height=0.04, italic=False, languageStyle='LTR', name='enc_instructions_1_text', opacity=1.0, ori=0, pos=array([-0.4,  0. ]), rgb=array([0., 0., 0.]), text=str(...), units='height', win=Window(...), wrapWidth=0.9)
10.8050 	EXP 	Created enc_instructions_1_image = ImageStim(__class__=<class 'psychopy.visual.image.ImageStim'>, autoLog=True, color=array([1., 1., 1.]), colorSpace='rgb', contrast=1.0, depth=-1.0, flipHoriz=False, flipVert=False, image='stimuli/GalleryBuildingFromOutside.jpg', interpolate=True, mask=None, maskParams=None, name='enc_instructions_1_image', opacity=1.0, ori=0.0, pos=array([450.,   0.]), size=array([600., 450.]), texRes=128, units='pix', win=Window(...))
10.8184 	EXP 	Created enc_instructions_2_text = TextStim(__class__=<class 'psychopy.visual.text.TextStim'>, alignHoriz=method-wrapper(...), alignText='center', alignVert=method-wrapper(...), anchorHoriz='center', anchorVert='center', antialias=True, autoLog=True, bold=False, color='black', colorSpace='named', contrast=1.0, depth=0.0, flipHoriz=False, flipVert=False, font='Arial', fontFiles=[], height=0.04, italic=False, languageStyle='LTR', name='enc_instructions_2_text', opacity=1.0, ori=0, pos=array([-0.5,  0. ]), rgb=array([0., 0., 0.]), text=str(...), units='height', win=Window(...), wrapWidth=0.7)
10.8443 	EXP 	Created enc_instructions_2_image = ImageStim(__class__=<class 'psychopy.visual.image.ImageStim'>, autoLog=True, color=array([1., 1., 1.]), colorSpace='rgb', contrast=1.0, depth=-1.0, flipHoriz=False, flipVert=False, image='stimuli/GalleryInfo.jpg', interpolate=True, mask=None, maskParams=None, name='enc_instructions_2_image', opacity=1.0, ori=0.0, pos=array([425.,   0.]), size=array([1000.,  750.]), texRes=128, units='pix', win=Window(...))
10.8585 	EXP 	Created enc_instructions_3_text = TextStim(__class__=<class 'psychopy.visual.text.TextStim'>, alignHoriz=method-wrapper(...), alignText='center', alignVert=method-wrapper(...), anchorHoriz='center', anchorVert='center', antialias=True, autoLog=True, bold=False, color='black', colorSpace='named', contrast=1.0, depth=0.0, flipHoriz=False, flipVert=False, font='Arial', fontFiles=[], height=0.05, italic=False, languageStyle='LTR', name='enc_instructions_3_text', opacity=1.0, ori=0, pos=array([0., 0.]), rgb=array([0., 0., 0.]), text=str(...), units='height', win=Window(...), wrapWidth=1)
10.8665 	EXP 	Created start_practice_text = TextStim(__class__=<class 'psychopy.visual.text.TextStim'>, alignHoriz=method-wrapper(...), alignText='center', alignVert=method-wrapper(...), anchorHoriz='center', anchorVert='center', antialias=True, autoLog=True, bold=False, color='black', colorSpace='named', contrast=1.0, depth=0.0, flipHoriz=False, flipVert=False, font='Arial', fontFiles=[], height=0.1, italic=False, languageStyle='LTR', name='start_practice_text', opacity=1.0, ori=0, pos=array([0., 0.]), rgb=array([0., 0., 0.]), text='Kezdődik a gyakorlás...', units='height', win=Window(...), wrapWidth=1)
10.8822 	EXP 	Created enc_fx_map = ImageStim(__class__=<class 'psychopy.visual.image.ImageStim'>, autoLog=True, color=array([1., 1., 1.]), colorSpace='rgb', contrast=1.0, depth=0.0, flipHoriz=False, flipVert=False, image='stimuli/GalleryPlanInside.jpg', interpolate=True, mask=None, maskParams=None, name='enc_fx_map', opacity=1.0, ori=0.0, pos=array([  0., -25.]), size=array([1040., 1000.]), texRes=128, units='pix', win=Window(...))
10.8881 	EXP 	Created enc_fx_cross = TextStim(__class__=<class 'psychopy.visual.text.TextStim'>, alignHoriz=method-wrapper(...), alignText='center', alignVert=method-wrapper(...), anchorHoriz='center', anchorVert='center', antialias=True, autoLog=True, bold=False, color='black', colorSpace='named', contrast=1.0, depth=-1.0, flipHoriz=False, flipVert=False, font='Arial', fontFiles=[], height=50, italic=False, languageStyle='LTR', name='enc_fx_cross', opacity=1.0, ori=0, pos=array([0., 0.]), rgb=array([0., 0., 0.]), text='+', units='pix', win=Window(...), wrapWidth=500)
10.9030 	EXP 	Created enc_trial_map = ImageStim(__class__=<class 'psychopy.visual.image.ImageStim'>, autoLog=True, color=array([1., 1., 1.]), colorSpace='rgb', contrast=1.0, depth=0.0, flipHoriz=False, flipVert=False, image='stimuli/GalleryPlanInside.jpg', interpolate=True, mask=None, maskParams=None, name='enc_trial_map', opacity=1.0, ori=0.0, pos=array([  0., -25.]), size=array([1040., 1000.]), texRes=128, units='pix', win=Window(...))
10.9045 	EXP 	Created enc_trial_main_image = ImageStim(__class__=<class 'psychopy.visual.image.ImageStim'>, autoLog=True, color=array([1., 1., 1.]), colorSpace='rgb', contrast=1.0, depth=-1.0, flipHoriz=False, flipVert=False, image='sin', interpolate=True, mask=None, maskParams=None, name='enc_trial_main_image', opacity=1.0, ori=0.0, pos=array([0., 0.]), size=array([300., 300.]), texRes=128, units='pix', win=Window(...))
10.9197 	EXP 	Created enc_practice_feedback_map = ImageStim(__class__=<class 'psychopy.visual.image.ImageStim'>, autoLog=True, color=array([1., 1., 1.]), colorSpace='rgb', contrast=1.0, depth=-1.0, flipHoriz=False, flipVert=False, image='stimuli/GalleryPlanInside.jpg', interpolate=True, mask=None, maskParams=None, name='enc_practice_feedback_map', opacity=1.0, ori=0.0, pos=array([  0., -25.]), size=array([1040., 1000.]), texRes=128, units='pix', win=Window(...))
10.9211 	EXP 	Created enc_practice_feedback_image = ImageStim(__class__=<class 'psychopy.visual.image.ImageStim'>, autoLog=True, color=array([1., 1., 1.]), colorSpace='rgb', contrast=1.0, depth=-2.0, flipHoriz=False, flipVert=False, image='sin', interpolate=True, mask=None, maskParams=None, name='enc_practice_feedback_image', opacity=1.0, ori=0.0, pos=array([0., 0.]), size=array([300., 300.]), texRes=128, units='pix', win=Window(...))
10.9252 	EXP 	Created enc_practice_feedback_text = TextStim(__class__=<class 'psychopy.visual.text.TextStim'>, alignHoriz=method-wrapper(...), alignText='center', alignVert=method-wrapper(...), anchorHoriz='center', anchorVert='center', antialias=True, autoLog=True, bold=False, color='black', colorSpace='named', contrast=1.0, depth=-3.0, flipHoriz=False, flipVert=False, font='Arial', fontFiles=[], height=0.05, italic=False, languageStyle='LTR', name='enc_practice_feedback_text', opacity=1.0, ori=0, pos=array([0., 0.]), rgb=array([0., 0., 0.]), text='default text', units='height', win=Window(...), wrapWidth=1)
10.9341 	EXP 	Created end_practice_text = TextStim(__class__=<class 'psychopy.visual.text.TextStim'>, alignHoriz=method-wrapper(...), alignText='center', alignVert=method-wrapper(...), anchorHoriz='center', anchorVert='center', antialias=True, autoLog=True, bold=False, color='black', colorSpace='named', contrast=1.0, depth=0.0, flipHoriz=False, flipVert=False, font='Arial', fontFiles=[], height=0.05, italic=False, languageStyle='LTR', name='end_practice_text', opacity=1.0, ori=0, pos=array([0., 0.]), rgb=array([0., 0., 0.]), text=str(...), units='height', win=Window(...), wrapWidth=0.8)
10.9382 	EXP 	Created start_enc_run_text = TextStim(__class__=<class 'psychopy.visual.text.TextStim'>, alignHoriz=method-wrapper(...), alignText='center', alignVert=method-wrapper(...), anchorHoriz='center', anchorVert='center', antialias=True, autoLog=True, bold=False, color='black', colorSpace='named', contrast=1.0, depth=-2.0, flipHoriz=False, flipVert=False, font='Arial', fontFiles=[], height=0.1, italic=False, languageStyle='LTR', name='start_enc_run_text', opacity=1.0, ori=0, pos=array([0., 0.]), rgb=array([0., 0., 0.]), text='Kezdődik a feladat...', units='height', win=Window(...), wrapWidth=1)
10.9555 	EXP 	Created enc_fx_map = ImageStim(__class__=<class 'psychopy.visual.image.ImageStim'>, autoLog=True, color=array([1., 1., 1.]), colorSpace='rgb', contrast=1.0, depth=0.0, flipHoriz=False, flipVert=False, image='stimuli/GalleryPlanInside.jpg', interpolate=True, mask=None, maskParams=None, name='enc_fx_map', opacity=1.0, ori=0.0, pos=array([  0., -25.]), size=array([1040., 1000.]), texRes=128, units='pix', win=Window(...))
10.9568 	EXP 	Created enc_fx_cross = TextStim(__class__=<class 'psychopy.visual.text.TextStim'>, alignHoriz=method-wrapper(...), alignText='center', alignVert=method-wrapper(...), anchorHoriz='center', anchorVert='center', antialias=True, autoLog=True, bold=False, color='black', colorSpace='named', contrast=1.0, depth=-1.0, flipHoriz=False, flipVert=False, font='Arial', fontFiles=[], height=50, italic=False, languageStyle='LTR', name='enc_fx_cross', opacity=1.0, ori=0, pos=array([0., 0.]), rgb=array([0., 0., 0.]), text='+', units='pix', win=Window(...), wrapWidth=500)
10.9714 	EXP 	Created enc_trial_map = ImageStim(__class__=<class 'psychopy.visual.image.ImageStim'>, autoLog=True, color=array([1., 1., 1.]), colorSpace='rgb', contrast=1.0, depth=0.0, flipHoriz=False, flipVert=False, image='stimuli/GalleryPlanInside.jpg', interpolate=True, mask=None, maskParams=None, name='enc_trial_map', opacity=1.0, ori=0.0, pos=array([  0., -25.]), size=array([1040., 1000.]), texRes=128, units='pix', win=Window(...))
10.9727 	EXP 	Created enc_trial_main_image = ImageStim(__class__=<class 'psychopy.visual.image.ImageStim'>, autoLog=True, color=array([1., 1., 1.]), colorSpace='rgb', contrast=1.0, depth=-1.0, flipHoriz=False, flipVert=False, image='sin', interpolate=True, mask=None, maskParams=None, name='enc_trial_main_image', opacity=1.0, ori=0.0, pos=array([0., 0.]), size=array([300., 300.]), texRes=128, units='pix', win=Window(...))
10.9808 	EXP 	Created end_enc_run_text = TextStim(__class__=<class 'psychopy.visual.text.TextStim'>, alignHoriz=method-wrapper(...), alignText='center', alignVert=method-wrapper(...), anchorHoriz='center', anchorVert='center', antialias=True, autoLog=True, bold=False, color='black', colorSpace='named', contrast=1.0, depth=0.0, flipHoriz=False, flipVert=False, font='Arial', fontFiles=[], height=0.06, italic=False, languageStyle='LTR', name='end_enc_run_text', opacity=1.0, ori=0, pos=array([0., 0.]), rgb=array([0., 0., 0.]), text='default text', units='height', win=Window(...), wrapWidth=1)
10.9866 	EXP 	Created start_recognition_text = TextStim(__class__=<class 'psychopy.visual.text.TextStim'>, alignHoriz=method-wrapper(...), alignText='center', alignVert=method-wrapper(...), anchorHoriz='center', anchorVert='center', antialias=True, autoLog=True, bold=False, color='black', colorSpace='named', contrast=1.0, depth=-2.0, flipHoriz=False, flipVert=False, font='Arial', fontFiles=[], height=0.1, italic=False, languageStyle='LTR', name='start_recognition_text', opacity=1.0, ori=0, pos=array([0., 0.]), rgb=array([0., 0., 0.]), text='Második feladat\nKépfelismerés', units='height', win=Window(...), wrapWidth=1)
11.0053 	EXP 	Created rec_instructions_1_text = TextStim(__class__=<class 'psychopy.visual.text.TextStim'>, alignHoriz=method-wrapper(...), alignText='center', alignVert=method-wrapper(...), anchorHoriz='center', anchorVert='center', antialias=True, autoLog=True, bold=False, color='black', colorSpace='named', contrast=1.0, depth=0.0, flipHoriz=False, flipVert=False, font='Arial', fontFiles=[], height=0.05, italic=False, languageStyle='LTR', name='rec_instructions_1_text', opacity=1.0, ori=0, pos=array([0., 0.]), rgb=array([0., 0., 0.]), text=str(...), units='height', win=Window(...), wrapWidth=1)
11.0337 	EXP 	Created rec_instructions2_text = TextStim(__class__=<class 'psychopy.visual.text.TextStim'>, alignHoriz=method-wrapper(...), alignText='center', alignVert=method-wrapper(...), anchorHoriz='center', anchorVert='center', antialias=True, autoLog=True, bold=False, color='black', colorSpace='named', contrast=1.0, depth=0.0, flipHoriz=False, flipVert=False, font='Arial', fontFiles=[], height=0.03, italic=False, languageStyle='LTR', name='rec_instructions2_text', opacity=1.0, ori=0, pos=array([0., 0.]), rgb=array([0., 0., 0.]), text=str(...), units='height', win=Window(...), wrapWidth=1)
11.0592 	EXP 	Created rec_instrauction_3_text = TextStim(__class__=<class 'psychopy.visual.text.TextStim'>, alignHoriz=method-wrapper(...), alignText='center', alignVert=method-wrapper(...), anchorHoriz='center', anchorVert='center', antialias=True, autoLog=True, bold=False, color='black', colorSpace='named', contrast=1.0, depth=0.0, flipHoriz=False, flipVert=False, font='Arial', fontFiles=[], height=0.03, italic=False, languageStyle='LTR', name='rec_instrauction_3_text', opacity=1.0, ori=0, pos=array([0., 0.]), rgb=array([0., 0., 0.]), text=str(...), units='height', win=Window(...), wrapWidth=1)
11.0643 	EXP 	Created rec_instructions_4_text = TextStim(__class__=<class 'psychopy.visual.text.TextStim'>, alignHoriz=method-wrapper(...), alignText='center', alignVert=method-wrapper(...), anchorHoriz='center', anchorVert='center', antialias=True, autoLog=True, bold=False, color='black', colorSpace='named', contrast=1.0, depth=0.0, flipHoriz=False, flipVert=False, font='Arial', fontFiles=[], height=0.05, italic=False, languageStyle='LTR', name='rec_instructions_4_text', opacity=1.0, ori=0, pos=array([0., 0.]), rgb=array([0., 0., 0.]), text=str(...), units='height', win=Window(...), wrapWidth=1)
11.0806 	EXP 	Created demo_map = ImageStim(__class__=<class 'psychopy.visual.image.ImageStim'>, autoLog=True, color=array([1., 1., 1.]), colorSpace='rgb', contrast=1.0, depth=0.0, flipHoriz=False, flipVert=False, image='stimuli/GalleryPlanInside.jpg', interpolate=True, mask=None, maskParams=None, name='demo_map', opacity=1.0, ori=0.0, pos=array([  0., -25.]), size=array([1040., 1000.]), texRes=128, units='pix', win=Window(...))
11.0819 	EXP 	Created demo_main_image = ImageStim(__class__=<class 'psychopy.visual.image.ImageStim'>, autoLog=True, color=array([1., 1., 1.]), colorSpace='rgb', contrast=1.0, depth=-1.0, flipHoriz=False, flipVert=False, image='sin', interpolate=True, mask=None, maskParams=None, name='demo_main_image', opacity=1.0, ori=0.0, pos=array([0., 0.]), size=array([300., 300.]), texRes=128, units='pix', win=Window(...))
11.0831 	EXP 	Created demo_image = ImageStim(__class__=<class 'psychopy.visual.image.ImageStim'>, autoLog=True, color=array([1., 1., 1.]), colorSpace='rgb', contrast=1.0, depth=-2.0, flipHoriz=False, flipVert=False, image='sin', interpolate=True, mask=None, maskParams=None, name='demo_image', opacity=1.0, ori=0.0, pos=array([0., 0.]), size=array([300., 300.]), texRes=128, units='pix', win=Window(...))
11.0854 	EXP 	Created demo_text = TextStim(__class__=<class 'psychopy.visual.text.TextStim'>, alignHoriz=method-wrapper(...), alignText='center', alignVert=method-wrapper(...), anchorHoriz='center', anchorVert='center', antialias=True, autoLog=True, bold=False, color='black', colorSpace='named', contrast=1.0, depth=-3.0, flipHoriz=False, flipVert=False, font='Arial', fontFiles=[], height=0.05, italic=False, languageStyle='LTR', name='demo_text', opacity=1.0, ori=0, pos=array([0.  , 0.45]), rgb=array([0., 0., 0.]), text='default text', units='height', win=Window(...), wrapWidth=1)
11.0899 	EXP 	Created demo_end_text = TextStim(__class__=<class 'psychopy.visual.text.TextStim'>, alignHoriz=method-wrapper(...), alignText='center', alignVert=method-wrapper(...), anchorHoriz='center', anchorVert='center', antialias=True, autoLog=True, bold=False, color='black', colorSpace='named', contrast=1.0, depth=0.0, flipHoriz=False, flipVert=False, font='Arial', fontFiles=[], height=0.05, italic=False, languageStyle='LTR', name='demo_end_text', opacity=1.0, ori=0, pos=array([0., 0.]), rgb=array([0., 0., 0.]), text=str(...), units='height', win=Window(...), wrapWidth=1)
11.0942 	EXP 	Created start_practice_text = TextStim(__class__=<class 'psychopy.visual.text.TextStim'>, alignHoriz=method-wrapper(...), alignText='center', alignVert=method-wrapper(...), anchorHoriz='center', anchorVert='center', antialias=True, autoLog=True, bold=False, color='black', colorSpace='named', contrast=1.0, depth=0.0, flipHoriz=False, flipVert=False, font='Arial', fontFiles=[], height=0.1, italic=False, languageStyle='LTR', name='start_practice_text', opacity=1.0, ori=0, pos=array([0., 0.]), rgb=array([0., 0., 0.]), text='Kezdődik a gyakorlás...', units='height', win=Window(...), wrapWidth=1)
11.0973 	EXP 	Created rec_practice_block_text = TextStim(__class__=<class 'psychopy.visual.text.TextStim'>, alignHoriz=method-wrapper(...), alignText='center', alignVert=method-wrapper(...), anchorHoriz='center', anchorVert='center', antialias=True, autoLog=True, bold=False, color='black', colorSpace='named', contrast=1.0, depth=-1.0, flipHoriz=False, flipVert=False, font='Arial', fontFiles=[], height=0.1, italic=False, languageStyle='LTR', name='rec_practice_block_text', opacity=1.0, ori=0, pos=array([0., 0.]), rgb=array([0., 0., 0.]), text='default text', units='height', win=Window(...), wrapWidth=1)
11.1121 	EXP 	Created rec_fx_map = ImageStim(__class__=<class 'psychopy.visual.image.ImageStim'>, autoLog=True, color=array([1., 1., 1.]), colorSpace='rgb', contrast=1.0, depth=0.0, flipHoriz=False, flipVert=False, image='stimuli/GalleryPlanInside.jpg', interpolate=True, mask=None, maskParams=None, name='rec_fx_map', opacity=1.0, ori=0.0, pos=array([  0., -25.]), size=array([1040., 1000.]), texRes=128, units='pix', win=Window(...))
11.1140 	EXP 	Created rec_fx_cross = TextStim(__class__=<class 'psychopy.visual.text.TextStim'>, alignHoriz=method-wrapper(...), alignText='center', alignVert=method-wrapper(...), anchorHoriz='center', anchorVert='center', antialias=True, autoLog=True, bold=False, color='black', colorSpace='named', contrast=1.0, depth=-1.0, flipHoriz=False, flipVert=False, font='Arial', fontFiles=[], height=50, italic=False, languageStyle='LTR', name='rec_fx_cross', opacity=1.0, ori=0, pos=array([0., 0.]), rgb=array([0., 0., 0.]), text='+', units='pix', win=Window(...), wrapWidth=500)
11.1189 	EXP 	Created rec_fx_text_block = TextStim(__class__=<class 'psychopy.visual.text.TextStim'>, alignHoriz=method-wrapper(...), alignText='center', alignVert=method-wrapper(...), anchorHoriz='center', anchorVert='center', antialias=True, autoLog=True, bold=False, color='black', colorSpace='named', contrast=1.0, depth=-3.0, flipHoriz=False, flipVert=False, font='Arial', fontFiles=[], height=0.045, italic=False, languageStyle='LTR', name='rec_fx_text_block', opacity=1.0, ori=0, pos=array([0.  , 0.45]), rgb=array([0., 0., 0.]), text='default text', units='height', win=Window(...), wrapWidth=1)
11.1251 	EXP 	Created rec_fx_instructions_text = TextStim(__class__=<class 'psychopy.visual.text.TextStim'>, alignHoriz=method-wrapper(...), alignText='center', alignVert=method-wrapper(...), anchorHoriz='center', anchorVert='center', antialias=True, autoLog=True, bold=False, color='white', colorSpace='named', contrast=1.0, depth=-4.0, flipHoriz=False, flipVert=False, font='Arial', fontFiles=[], height=0.045, italic=False, languageStyle='LTR', name='rec_fx_instructions_text', opacity=1.0, ori=0, pos=array([ 0.   , -0.045]), rgb=array([255., 255., 255.]), text='[F - Régi]      [J - Hasonló]     [K - Új]', units='height', win=Window(...), wrapWidth=1)
11.1400 	EXP 	Created rec_trial_map = ImageStim(__class__=<class 'psychopy.visual.image.ImageStim'>, autoLog=True, color=array([1., 1., 1.]), colorSpace='rgb', contrast=1.0, depth=0.0, flipHoriz=False, flipVert=False, image='stimuli/GalleryPlanInside.jpg', interpolate=True, mask=None, maskParams=None, name='rec_trial_map', opacity=1.0, ori=0.0, pos=array([  0., -25.]), size=array([1040., 1000.]), texRes=128, units='pix', win=Window(...))
11.1414 	EXP 	Created rec_trial_main_image = ImageStim(__class__=<class 'psychopy.visual.image.ImageStim'>, autoLog=True, color=array([1., 1., 1.]), colorSpace='rgb', contrast=1.0, depth=-1.0, flipHoriz=False, flipVert=False, image='sin', interpolate=True, mask=None, maskParams=None, name='rec_trial_main_image', opacity=1.0, ori=0.0, pos=array([0., 0.]), size=array([300., 300.]), texRes=128, units='pix', win=Window(...))
11.1440 	EXP 	Created rec_trial_text_block = TextStim(__class__=<class 'psychopy.visual.text.TextStim'>, alignHoriz=method-wrapper(...), alignText='center', alignVert=method-wrapper(...), anchorHoriz='center', anchorVert='center', antialias=True, autoLog=True, bold=False, color='black', colorSpace='named', contrast=1.0, depth=-3.0, flipHoriz=False, flipVert=False, font='Arial', fontFiles=[], height=0.045, italic=False, languageStyle='LTR', name='rec_trial_text_block', opacity=1.0, ori=0, pos=array([0.  , 0.45]), rgb=array([0., 0., 0.]), text='default text', units='height', win=Window(...), wrapWidth=1)
11.1464 	EXP 	Created rec_trial_instructions_text = TextStim(__class__=<class 'psychopy.visual.text.TextStim'>, alignHoriz=method-wrapper(...), alignText='center', alignVert=method-wrapper(...), anchorHoriz='center', anchorVert='center', antialias=True, autoLog=True, bold=False, color='black', colorSpace='named', contrast=1.0, depth=-4.0, flipHoriz=False, flipVert=False, font='Arial', fontFiles=[], height=0.045, italic=False, languageStyle='LTR', name='rec_trial_instructions_text', opacity=1.0, ori=0, pos=array([ 0.  , -0.45]), rgb=array([0., 0., 0.]), text='[F - Régi]      [J - Hasonló]     [K - Új]', units='height', win=Window(...), wrapWidth=1)
11.1494 	EXP 	Created rec_practice_feedback_text = TextStim(__class__=<class 'psychopy.visual.text.TextStim'>, alignHoriz=method-wrapper(...), alignText='center', alignVert=method-wrapper(...), anchorHoriz='center', anchorVert='center', antialias=True, autoLog=True, bold=False, color='black', colorSpace='named', contrast=1.0, depth=-1.0, flipHoriz=False, flipVert=False, font='Arial', fontFiles=[], height=0.05, italic=False, languageStyle='LTR', name='rec_practice_feedback_text', opacity=1.0, ori=0, pos=array([0., 0.]), rgb=array([0., 0., 0.]), text='default text', units='height', win=Window(...), wrapWidth=1)
11.1564 	EXP 	Created end_practice_text = TextStim(__class__=<class 'psychopy.visual.text.TextStim'>, alignHoriz=method-wrapper(...), alignText='center', alignVert=method-wrapper(...), anchorHoriz='center', anchorVert='center', antialias=True, autoLog=True, bold=False, color='black', colorSpace='named', contrast=1.0, depth=0.0, flipHoriz=False, flipVert=False, font='Arial', fontFiles=[], height=0.05, italic=False, languageStyle='LTR', name='end_practice_text', opacity=1.0, ori=0, pos=array([0., 0.]), rgb=array([0., 0., 0.]), text=str(...), units='height', win=Window(...), wrapWidth=0.8)
11.1601 	EXP 	Created start_rec_run_text = TextStim(__class__=<class 'psychopy.visual.text.TextStim'>, alignHoriz=method-wrapper(...), alignText='center', alignVert=method-wrapper(...), anchorHoriz='center', anchorVert='center', antialias=True, autoLog=True, bold=False, color='black', colorSpace='named', contrast=1.0, depth=-1.0, flipHoriz=False, flipVert=False, font='Arial', fontFiles=[], height=0.1, italic=False, languageStyle='LTR', name='start_rec_run_text', opacity=1.0, ori=0, pos=array([0., 0.]), rgb=array([0., 0., 0.]), text='Kezdődik a feladat...', units='height', win=Window(...), wrapWidth=1)
11.1620 	EXP 	Created start_rec_block_text = TextStim(__class__=<class 'psychopy.visual.text.TextStim'>, alignHoriz=method-wrapper(...), alignText='center', alignVert=method-wrapper(...), anchorHoriz='center', anchorVert='center', antialias=True, autoLog=True, bold=False, color='black', colorSpace='named', contrast=1.0, depth=-1.0, flipHoriz=False, flipVert=False, font='Arial', fontFiles=[], height=0.1, italic=False, languageStyle='LTR', name='start_rec_block_text', opacity=1.0, ori=0, pos=array([0., 0.]), rgb=array([0., 0., 0.]), text='default text', units='height', win=Window(...), wrapWidth=1)
11.1761 	EXP 	Created rec_fx_map = ImageStim(__class__=<class 'psychopy.visual.image.ImageStim'>, autoLog=True, color=array([1., 1., 1.]), colorSpace='rgb', contrast=1.0, depth=0.0, flipHoriz=False, flipVert=False, image='stimuli/GalleryPlanInside.jpg', interpolate=True, mask=None, maskParams=None, name='rec_fx_map', opacity=1.0, ori=0.0, pos=array([  0., -25.]), size=array([1040., 1000.]), texRes=128, units='pix', win=Window(...))
11.1781 	EXP 	Created rec_fx_cross = TextStim(__class__=<class 'psychopy.visual.text.TextStim'>, alignHoriz=method-wrapper(...), alignText='center', alignVert=method-wrapper(...), anchorHoriz='center', anchorVert='center', antialias=True, autoLog=True, bold=False, color='black', colorSpace='named', contrast=1.0, depth=-1.0, flipHoriz=False, flipVert=False, font='Arial', fontFiles=[], height=50, italic=False, languageStyle='LTR', name='rec_fx_cross', opacity=1.0, ori=0, pos=array([0., 0.]), rgb=array([0., 0., 0.]), text='+', units='pix', win=Window(...), wrapWidth=500)
11.1810 	EXP 	Created rec_fx_text_block = TextStim(__class__=<class 'psychopy.visual.text.TextStim'>, alignHoriz=method-wrapper(...), alignText='center', alignVert=method-wrapper(...), anchorHoriz='center', anchorVert='center', antialias=True, autoLog=True, bold=False, color='black', colorSpace='named', contrast=1.0, depth=-3.0, flipHoriz=False, flipVert=False, font='Arial', fontFiles=[], height=0.045, italic=False, languageStyle='LTR', name='rec_fx_text_block', opacity=1.0, ori=0, pos=array([0.  , 0.45]), rgb=array([0., 0., 0.]), text='default text', units='height', win=Window(...), wrapWidth=1)
11.1868 	EXP 	Created rec_fx_instructions_text = TextStim(__class__=<class 'psychopy.visual.text.TextStim'>, alignHoriz=method-wrapper(...), alignText='center', alignVert=method-wrapper(...), anchorHoriz='center', anchorVert='center', antialias=True, autoLog=True, bold=False, color='white', colorSpace='named', contrast=1.0, depth=-4.0, flipHoriz=False, flipVert=False, font='Arial', fontFiles=[], height=0.045, italic=False, languageStyle='LTR', name='rec_fx_instructions_text', opacity=1.0, ori=0, pos=array([ 0.   , -0.045]), rgb=array([255., 255., 255.]), text='[F - Régi]      [J - Hasonló]     [K - Új]', units='height', win=Window(...), wrapWidth=1)
11.2005 	EXP 	Created rec_trial_map = ImageStim(__class__=<class 'psychopy.visual.image.ImageStim'>, autoLog=True, color=array([1., 1., 1.]), colorSpace='rgb', contrast=1.0, depth=0.0, flipHoriz=False, flipVert=False, image='stimuli/GalleryPlanInside.jpg', interpolate=True, mask=None, maskParams=None, name='rec_trial_map', opacity=1.0, ori=0.0, pos=array([  0., -25.]), size=array([1040., 1000.]), texRes=128, units='pix', win=Window(...))
11.2018 	EXP 	Created rec_trial_main_image = ImageStim(__class__=<class 'psychopy.visual.image.ImageStim'>, autoLog=True, color=array([1., 1., 1.]), colorSpace='rgb', contrast=1.0, depth=-1.0, flipHoriz=False, flipVert=False, image='sin', interpolate=True, mask=None, maskParams=None, name='rec_trial_main_image', opacity=1.0, ori=0.0, pos=array([0., 0.]), size=array([300., 300.]), texRes=128, units='pix', win=Window(...))
11.2042 	EXP 	Created rec_trial_text_block = TextStim(__class__=<class 'psychopy.visual.text.TextStim'>, alignHoriz=method-wrapper(...), alignText='center', alignVert=method-wrapper(...), anchorHoriz='center', anchorVert='center', antialias=True, autoLog=True, bold=False, color='black', colorSpace='named', contrast=1.0, depth=-3.0, flipHoriz=False, flipVert=False, font='Arial', fontFiles=[], height=0.045, italic=False, languageStyle='LTR', name='rec_trial_text_block', opacity=1.0, ori=0, pos=array([0.  , 0.45]), rgb=array([0., 0., 0.]), text='default text', units='height', win=Window(...), wrapWidth=1)
11.2065 	EXP 	Created rec_trial_instructions_text = TextStim(__class__=<class 'psychopy.visual.text.TextStim'>, alignHoriz=method-wrapper(...), alignText='center', alignVert=method-wrapper(...), anchorHoriz='center', anchorVert='center', antialias=True, autoLog=True, bold=False, color='black', colorSpace='named', contrast=1.0, depth=-4.0, flipHoriz=False, flipVert=False, font='Arial', fontFiles=[], height=0.045, italic=False, languageStyle='LTR', name='rec_trial_instructions_text', opacity=1.0, ori=0, pos=array([ 0.  , -0.45]), rgb=array([0., 0., 0.]), text='[F - Régi]      [J - Hasonló]     [K - Új]', units='height', win=Window(...), wrapWidth=1)
11.2082 	EXP 	Created end_rec_run_text = TextStim(__class__=<class 'psychopy.visual.text.TextStim'>, alignHoriz=method-wrapper(...), alignText='center', alignVert=method-wrapper(...), anchorHoriz='center', anchorVert='center', antialias=True, autoLog=True, bold=False, color='black', colorSpace='named', contrast=1.0, depth=0.0, flipHoriz=False, flipVert=False, font='Arial', fontFiles=[], height=0.1, italic=False, languageStyle='LTR', name='end_rec_run_text', opacity=1.0, ori=0, pos=array([0., 0.]), rgb=array([0., 0., 0.]), text='default text', units='height', win=Window(...), wrapWidth=1)
11.2102 	EXP 	lab_thanks: autoDraw = True
13.0314 	DATA 	Keypress: right
13.0381 	EXP 	lab_thanks: autoDraw = False
13.0381 	EXP 	start_encoding_text: text = 'Első feladat\nGaléria berendezés'
13.0381 	EXP 	start_encoding_text: autoDraw = True
14.1264 	DATA 	Keypress: right
14.5382 	EXP 	start_encoding_text: autoDraw = False
14.5382 	EXP 	start_encoding_text: autoDraw = False
14.5382 	EXP 	enc_instructions_1_text: autoDraw = True
14.5382 	EXP 	enc_instructions_1_image: autoDraw = True
15.1187 	DATA 	Keypress: right
15.1219 	EXP 	enc_instructions_1_text: autoDraw = False
15.1219 	EXP 	enc_instructions_1_image: autoDraw = False
15.1219 	EXP 	enc_instructions_2_text: autoDraw = True
15.1219 	EXP 	enc_instructions_2_image: autoDraw = True
16.3594 	DATA 	Keypress: right
16.3612 	EXP 	enc_instructions_2_text: autoDraw = False
16.3612 	EXP 	enc_instructions_2_image: autoDraw = False
16.3612 	EXP 	enc_instructions_3_text: autoDraw = True
17.8715 	DATA 	Keypress: right
17.8731 	EXP 	enc_instructions_3_text: autoDraw = False
17.8731 	EXP 	start_practice_text: autoDraw = True
18.8772 	EXP 	Imported encoding_practice_trials.csv as conditions, 5 conditions, 9 params
18.8775 	EXP 	Created sequence: random, trialTypes=5, nReps=1, seed=None
18.8778 	EXP 	New trial (rep=0, index=0): OrderedDict([('Task', 'EncodingPractice'), ('TrialType', 'LOC'), ('StimType', 'TARGET'), ('Order', 1), ('CurrentImage', 'stimuli/fractals/166a.jpg'), ('CurrentX', -300.0), ('CurrentY', 0.0), ('Jitter', 1500), ('Section', 'Encoding')])
18.8821 	EXP 	start_practice_text: autoDraw = False
18.8821 	EXP 	start_practice_text: autoDraw = False
18.8821 	EXP 	enc_fx_cross: pos = array([-300.,    0.])
18.8821 	EXP 	enc_fx_map: autoDraw = True
18.8821 	EXP 	enc_fx_cross: autoDraw = True
19.0077 	DATA 	Keypress: right
20.4208 	EXP 	enc_fx_map: autoDraw = False
20.4208 	EXP 	enc_fx_cross: autoDraw = False
20.4208 	EXP 	enc_fx_map: autoDraw = False
20.4208 	EXP 	enc_fx_cross: autoDraw = False
20.4208 	EXP 	enc_trial_main_image: pos = array([-300.,    0.])
20.4208 	EXP 	enc_trial_main_image: image = 'stimuli/fractals/166a.jpg'
20.4208 	EXP 	enc_trial_map: autoDraw = True
20.4208 	EXP 	enc_trial_main_image: autoDraw = True
23.4239 	EXP 	enc_trial_map: autoDraw = False
23.4239 	EXP 	enc_trial_main_image: autoDraw = False
23.4239 	EXP 	enc_practice_feedback_image: pos = array([-300.,    0.])
23.4239 	EXP 	enc_practice_feedback_image: image = 'stimuli/fractals/166a.jpg'
23.4239 	EXP 	enc_practice_feedback_text: text = 'Nem adott választ.'
23.4239 	EXP 	enc_practice_feedback_map: autoDraw = True
23.4239 	EXP 	enc_practice_feedback_image: autoDraw = True
23.4239 	EXP 	enc_practice_feedback_text: autoDraw = True
24.3853 	EXP 	New trial (rep=0, index=1): OrderedDict([('Task', 'EncodingPractice'), ('TrialType', 'LOC'), ('StimType', 'FOIL'), ('Order', 1), ('CurrentImage', 'stimuli/fractals/148b.jpg'), ('CurrentX', 212.1320344), ('CurrentY', 212.1320344), ('Jitter', 1000), ('Section', 'Encoding')])
24.3893 	EXP 	enc_practice_feedback_map: autoDraw = False
24.3893 	EXP 	enc_practice_feedback_image: autoDraw = False
24.3893 	EXP 	enc_practice_feedback_text: autoDraw = False
24.3893 	EXP 	enc_fx_cross: pos = array([212.1320344, 212.1320344])
24.3893 	EXP 	enc_fx_map: autoDraw = True
24.3893 	EXP 	enc_fx_cross: autoDraw = True
25.4257 	EXP 	enc_fx_map: autoDraw = False
25.4257 	EXP 	enc_fx_cross: autoDraw = False
25.4257 	EXP 	enc_fx_map: autoDraw = False
25.4257 	EXP 	enc_fx_cross: autoDraw = False
25.4257 	EXP 	enc_trial_main_image: pos = array([212.1320344, 212.1320344])
25.4257 	EXP 	enc_trial_main_image: image = 'stimuli/fractals/148b.jpg'
25.4257 	EXP 	enc_trial_map: autoDraw = True
25.4257 	EXP 	enc_trial_main_image: autoDraw = True
28.4273 	EXP 	enc_trial_map: autoDraw = False
28.4273 	EXP 	enc_trial_main_image: autoDraw = False
28.4273 	EXP 	enc_practice_feedback_image: pos = array([212.1320344, 212.1320344])
28.4273 	EXP 	enc_practice_feedback_image: image = 'stimuli/fractals/148b.jpg'
28.4273 	EXP 	enc_practice_feedback_text: text = 'Nem adott választ.'
28.4273 	EXP 	enc_practice_feedback_map: autoDraw = True
28.4273 	EXP 	enc_practice_feedback_image: autoDraw = True
28.4273 	EXP 	enc_practice_feedback_text: autoDraw = True
28.6790 	DATA 	Keypress: f
29.3928 	EXP 	New trial (rep=0, index=2): OrderedDict([('Task', 'EncodingPractice'), ('TrialType', 'OBJ'), ('StimType', 'TARGET'), ('Order', 1), ('CurrentImage', 'stimuli/fractals/167a.jpg'), ('CurrentX', 300.0), ('CurrentY', 0.0), ('Jitter', 500), ('Section', 'Encoding')])
29.3968 	EXP 	enc_practice_feedback_map: autoDraw = False
29.3968 	EXP 	enc_practice_feedback_image: autoDraw = False
29.3968 	EXP 	enc_practice_feedback_text: autoDraw = False
29.3968 	EXP 	enc_fx_cross: pos = array([300.,   0.])
29.3968 	EXP 	enc_fx_map: autoDraw = True
29.3968 	EXP 	enc_fx_cross: autoDraw = True
29.9301 	EXP 	enc_fx_map: autoDraw = False
29.9301 	EXP 	enc_fx_cross: autoDraw = False
29.9301 	EXP 	enc_fx_map: autoDraw = False
29.9301 	EXP 	enc_fx_cross: autoDraw = False
29.9301 	EXP 	enc_trial_main_image: pos = array([300.,   0.])
29.9301 	EXP 	enc_trial_main_image: image = 'stimuli/fractals/167a.jpg'
29.9301 	EXP 	enc_trial_map: autoDraw = True
29.9301 	EXP 	enc_trial_main_image: autoDraw = True
30.7299 	DATA 	Keypress: f
32.9714 	EXP 	enc_trial_map: autoDraw = False
32.9714 	EXP 	enc_trial_main_image: autoDraw = False
32.9714 	EXP 	enc_practice_feedback_image: pos = array([300.,   0.])
32.9714 	EXP 	enc_practice_feedback_image: image = 'stimuli/fractals/167a.jpg'
32.9714 	EXP 	enc_practice_feedback_text: text = 'Az Ön válasza:\nA kép nem marad.'
32.9714 	EXP 	enc_practice_feedback_map: autoDraw = True
32.9714 	EXP 	enc_practice_feedback_image: autoDraw = True
32.9714 	EXP 	enc_practice_feedback_text: autoDraw = True
33.8968 	EXP 	New trial (rep=0, index=3): OrderedDict([('Task', 'EncodingPractice'), ('TrialType', '-'), ('StimType', '-'), ('Order', 1), ('CurrentImage', 'stimuli/fractals/177b.jpg'), ('CurrentX', 300.0), ('CurrentY', 0.0), ('Jitter', 800), ('Section', 'Encoding')])
33.9014 	EXP 	enc_practice_feedback_map: autoDraw = False
33.9014 	EXP 	enc_practice_feedback_image: autoDraw = False
33.9014 	EXP 	enc_practice_feedback_text: autoDraw = False
33.9014 	EXP 	enc_fx_cross: pos = array([300.,   0.])
33.9014 	EXP 	enc_fx_map: autoDraw = True
33.9014 	EXP 	enc_fx_cross: autoDraw = True
34.7763 	EXP 	enc_fx_map: autoDraw = False
34.7763 	EXP 	enc_fx_cross: autoDraw = False
34.7763 	EXP 	enc_fx_map: autoDraw = False
34.7763 	EXP 	enc_fx_cross: autoDraw = False
34.7763 	EXP 	enc_trial_main_image: pos = array([300.,   0.])
34.7763 	EXP 	enc_trial_main_image: image = 'stimuli/fractals/177b.jpg'
34.7763 	EXP 	enc_trial_map: autoDraw = True
34.7763 	EXP 	enc_trial_main_image: autoDraw = True
36.9172 	DATA 	Keypress: f
37.7792 	EXP 	enc_trial_map: autoDraw = False
37.7792 	EXP 	enc_trial_main_image: autoDraw = False
37.7792 	EXP 	enc_practice_feedback_image: pos = array([300.,   0.])
37.7792 	EXP 	enc_practice_feedback_image: image = 'stimuli/fractals/177b.jpg'
37.7792 	EXP 	enc_practice_feedback_text: text = 'Az Ön válasza:\nA kép nem marad.'
37.7792 	EXP 	enc_practice_feedback_map: autoDraw = True
37.7792 	EXP 	enc_practice_feedback_image: autoDraw = True
37.7792 	EXP 	enc_practice_feedback_text: autoDraw = True
38.7066 	EXP 	New trial (rep=0, index=4): OrderedDict([('Task', 'EncodingPractice'), ('TrialType', 'LOC'), ('StimType', 'LURE'), ('Order', 1), ('CurrentImage', 'stimuli/fractals/159a.jpg'), ('CurrentX', 0.0), ('CurrentY', 300.0), ('Jitter', 5000), ('Section', 'Encoding')])
38.7112 	EXP 	enc_practice_feedback_map: autoDraw = False
38.7112 	EXP 	enc_practice_feedback_image: autoDraw = False
38.7112 	EXP 	enc_practice_feedback_text: autoDraw = False
38.7112 	EXP 	enc_fx_cross: pos = array([  0., 300.])
38.7112 	EXP 	enc_fx_map: autoDraw = True
38.7112 	EXP 	enc_fx_cross: autoDraw = True
43.7836 	EXP 	enc_fx_map: autoDraw = False
43.7836 	EXP 	enc_fx_cross: autoDraw = False
43.7836 	EXP 	enc_fx_map: autoDraw = False
43.7836 	EXP 	enc_fx_cross: autoDraw = False
43.7836 	EXP 	enc_trial_main_image: pos = array([  0., 300.])
43.7836 	EXP 	enc_trial_main_image: image = 'stimuli/fractals/159a.jpg'
43.7836 	EXP 	enc_trial_map: autoDraw = True
43.7836 	EXP 	enc_trial_main_image: autoDraw = True
44.9695 	DATA 	Keypress: j
46.7903 	EXP 	enc_trial_map: autoDraw = False
46.7903 	EXP 	enc_trial_main_image: autoDraw = False
46.7903 	EXP 	enc_practice_feedback_image: pos = array([  0., 300.])
46.7903 	EXP 	enc_practice_feedback_image: image = 'stimuli/fractals/159a.jpg'
46.7903 	EXP 	enc_practice_feedback_text: text = 'Az Ön válasza:\nA kép marad.'
46.7903 	EXP 	enc_practice_feedback_map: autoDraw = True
46.7903 	EXP 	enc_practice_feedback_image: autoDraw = True
46.7903 	EXP 	enc_practice_feedback_text: autoDraw = True
47.7141 	EXP 	enc_practice_feedback_map: autoDraw = False
47.7141 	EXP 	enc_practice_feedback_image: autoDraw = False
47.7141 	EXP 	enc_practice_feedback_text: autoDraw = False
47.7141 	EXP 	end_practice_text: autoDraw = True
51.7944 	DATA 	Keypress: right
51.7950 	EXP 	Created sequence: sequential, trialTypes=1, nReps=3, seed=None
51.7954 	EXP 	New trial (rep=0, index=0): None
51.7974 	EXP 	end_practice_text: autoDraw = False
51.7974 	EXP 	start_enc_run_text: autoDraw = True
53.8633 	EXP 	Imported stimuli_tables/encoding_trials_0.csv as conditions, 2 conditions, 20 params
53.8643 	EXP 	Created sequence: sequential, trialTypes=2, nReps=1, seed=None
53.8650 	EXP 	New trial (rep=0, index=0): OrderedDict([('TrialIndex', 1), ('Jitter', 2000), ('ScannerRun', 1), ('StimType', 'OLP'), ('Order', 1), ('Delay', 3), ('CurrentImage', 'stimuli/fractals/101b.jpg'), ('CurrentX', 212.1320344), ('CurrentY', 212.1320344), ('TripletMemberA', 'stimuli/fractals/101b.jpg'), ('TripletMemberB', 'stimuli/fractals/101a.jpg'), ('TripletMemberC', 'stimuli/fractals/101c.jpg'), ('Xcoordinate', 212.1320344), ('Ycoordinate', 212.1320344), ('Xcoordinate_lure1', 0.0), ('Ycoordinate_lure1', 300.0), ('Xcoordinate_lure2', 300.0), ('Ycoordinate_lure2', 0.0), ('Xcoordinate_foil', -212.1320344), ('Ycoordinate_foil', -212.1320344)])
53.8700 	EXP 	start_enc_run_text: autoDraw = False
53.8700 	EXP 	start_enc_run_text: autoDraw = False
53.8700 	EXP 	enc_fx_cross: pos = array([212.1320344, 212.1320344])
53.8700 	EXP 	enc_fx_map: autoDraw = True
53.8700 	EXP 	enc_fx_cross: autoDraw = True
55.9389 	EXP 	enc_fx_map: autoDraw = False
55.9389 	EXP 	enc_fx_cross: autoDraw = False
55.9389 	EXP 	enc_fx_map: autoDraw = False
55.9389 	EXP 	enc_fx_cross: autoDraw = False
55.9389 	EXP 	enc_trial_main_image: pos = array([212.1320344, 212.1320344])
55.9389 	EXP 	enc_trial_main_image: image = 'stimuli/fractals/101b.jpg'
55.9389 	EXP 	enc_trial_map: autoDraw = True
55.9389 	EXP 	enc_trial_main_image: autoDraw = True
57.8797 	DATA 	Keypress: f
58.8722 	EXP 	New trial (rep=0, index=1): OrderedDict([('TrialIndex', 2), ('Jitter', 6000), ('ScannerRun', 1), ('StimType', 'OLP'), ('Order', 1), ('Delay', 3), ('CurrentImage', 'stimuli/fractals/97b.jpg'), ('CurrentX', 212.1320344), ('CurrentY', -212.1320344), ('TripletMemberA', 'stimuli/fractals/97b.jpg'), ('TripletMemberB', 'stimuli/fractals/97c.jpg'), ('TripletMemberC', 'stimuli/fractals/97a.jpg'), ('Xcoordinate', 212.1320344), ('Ycoordinate', -212.1320344), ('Xcoordinate_lure1', 0.0), ('Ycoordinate_lure1', -300.0), ('Xcoordinate_lure2', 300.0), ('Ycoordinate_lure2', 0.0), ('Xcoordinate_foil', -212.1320344), ('Ycoordinate_foil', 212.1320344)])
58.8770 	EXP 	enc_trial_map: autoDraw = False
58.8770 	EXP 	enc_trial_main_image: autoDraw = False
58.8770 	EXP 	enc_fx_cross: pos = array([ 212.1320344, -212.1320344])
58.8770 	EXP 	enc_fx_map: autoDraw = True
58.8770 	EXP 	enc_fx_cross: autoDraw = True
64.9457 	EXP 	enc_fx_map: autoDraw = False
64.9457 	EXP 	enc_fx_cross: autoDraw = False
64.9457 	EXP 	enc_fx_map: autoDraw = False
64.9457 	EXP 	enc_fx_cross: autoDraw = False
64.9457 	EXP 	enc_trial_main_image: pos = array([ 212.1320344, -212.1320344])
64.9457 	EXP 	enc_trial_main_image: image = 'stimuli/fractals/97b.jpg'
64.9457 	EXP 	enc_trial_map: autoDraw = True
64.9457 	EXP 	enc_trial_main_image: autoDraw = True
65.5868 	DATA 	Keypress: j
67.8932 	EXP 	enc_trial_map: autoDraw = False
67.8932 	EXP 	enc_trial_main_image: autoDraw = False
67.8932 	EXP 	end_enc_run_text: text = 'Szünet\nA folytatáshoz nyomja le a jobb nyilat'
67.8932 	EXP 	end_enc_run_text: autoDraw = True
69.3238 	DATA 	Keypress: right
69.3257 	EXP 	New trial (rep=1, index=0): None
69.3274 	EXP 	end_enc_run_text: autoDraw = False
69.3274 	EXP 	start_enc_run_text: autoDraw = True
71.3889 	EXP 	Imported stimuli_tables/encoding_trials_0.csv as conditions, 2 conditions, 20 params
71.3898 	EXP 	Created sequence: sequential, trialTypes=2, nReps=1, seed=None
71.3906 	EXP 	New trial (rep=0, index=0): OrderedDict([('TrialIndex', 3), ('Jitter', 2000), ('ScannerRun', 1), ('StimType', 'LLP'), ('Order', 1), ('Delay', 5), ('CurrentImage', 'stimuli/fractals/76b.jpg'), ('CurrentX', 212.1320344), ('CurrentY', 212.1320344), ('TripletMemberA', 'stimuli/fractals/76b.jpg'), ('TripletMemberB', 'stimuli/fractals/76c.jpg'), ('TripletMemberC', 'stimuli/fractals/76a.jpg'), ('Xcoordinate', 212.1320344), ('Ycoordinate', 212.1320344), ('Xcoordinate_lure1', 300.0), ('Ycoordinate_lure1', 0.0), ('Xcoordinate_lure2', 0.0), ('Ycoordinate_lure2', 300.0), ('Xcoordinate_foil', -212.1320344), ('Ycoordinate_foil', -212.1320344)])
71.3962 	EXP 	start_enc_run_text: autoDraw = False
71.3962 	EXP 	start_enc_run_text: autoDraw = False
71.3962 	EXP 	enc_fx_cross: pos = array([212.1320344, 212.1320344])
71.3962 	EXP 	enc_fx_map: autoDraw = True
71.3962 	EXP 	enc_fx_cross: autoDraw = True
73.4667 	EXP 	enc_fx_map: autoDraw = False
73.4667 	EXP 	enc_fx_cross: autoDraw = False
73.4667 	EXP 	enc_fx_map: autoDraw = False
73.4667 	EXP 	enc_fx_cross: autoDraw = False
73.4667 	EXP 	enc_trial_main_image: pos = array([212.1320344, 212.1320344])
73.4667 	EXP 	enc_trial_main_image: image = 'stimuli/fractals/76b.jpg'
73.4667 	EXP 	enc_trial_map: autoDraw = True
73.4667 	EXP 	enc_trial_main_image: autoDraw = True
74.3244 	DATA 	Keypress: f
76.4036 	EXP 	New trial (rep=0, index=1): OrderedDict([('TrialIndex', 4), ('Jitter', 1000), ('ScannerRun', 1), ('StimType', 'ERP'), ('Order', 1), ('Delay', 2), ('CurrentImage', 'stimuli/fractals/19a.jpg'), ('CurrentX', 212.1320344), ('CurrentY', -212.1320344), ('TripletMemberA', 'stimuli/fractals/19a.jpg'), ('TripletMemberB', 'stimuli/fractals/19c.jpg'), ('TripletMemberC', 'stimuli/fractals/19b.jpg'), ('Xcoordinate', 212.1320344), ('Ycoordinate', -212.1320344), ('Xcoordinate_lure1', 300.0), ('Ycoordinate_lure1', 0.0), ('Xcoordinate_lure2', 0.0), ('Ycoordinate_lure2', -300.0), ('Xcoordinate_foil', -300.0), ('Ycoordinate_foil', 0.0)])
76.4084 	EXP 	enc_trial_map: autoDraw = False
76.4084 	EXP 	enc_trial_main_image: autoDraw = False
76.4084 	EXP 	enc_fx_cross: pos = array([ 212.1320344, -212.1320344])
76.4084 	EXP 	enc_fx_map: autoDraw = True
76.4084 	EXP 	enc_fx_cross: autoDraw = True
77.4744 	EXP 	enc_fx_map: autoDraw = False
77.4744 	EXP 	enc_fx_cross: autoDraw = False
77.4744 	EXP 	enc_fx_map: autoDraw = False
77.4744 	EXP 	enc_fx_cross: autoDraw = False
77.4744 	EXP 	enc_trial_main_image: pos = array([ 212.1320344, -212.1320344])
77.4744 	EXP 	enc_trial_main_image: image = 'stimuli/fractals/19a.jpg'
77.4744 	EXP 	enc_trial_map: autoDraw = True
77.4744 	EXP 	enc_trial_main_image: autoDraw = True
78.5295 	DATA 	Keypress: j
80.4099 	EXP 	enc_trial_map: autoDraw = False
80.4099 	EXP 	enc_trial_main_image: autoDraw = False
80.4099 	EXP 	end_enc_run_text: text = 'Szünet\nA folytatáshoz nyomja le a jobb nyilat'
80.4099 	EXP 	end_enc_run_text: autoDraw = True
81.7436 	DATA 	Keypress: right
81.7460 	EXP 	New trial (rep=2, index=0): None
81.7476 	EXP 	end_enc_run_text: autoDraw = False
81.7476 	EXP 	start_enc_run_text: autoDraw = True
83.8093 	EXP 	Imported stimuli_tables/encoding_trials_0.csv as conditions, 2 conditions, 20 params
83.8102 	EXP 	Created sequence: sequential, trialTypes=2, nReps=1, seed=None
83.8110 	EXP 	New trial (rep=0, index=0): OrderedDict([('TrialIndex', 5), ('Jitter', 5000), ('ScannerRun', 1), ('StimType', 'OLP'), ('Order', 2), ('Delay', 0), ('CurrentImage', 'stimuli/fractals/101a.jpg'), ('CurrentX', 212.1320344), ('CurrentY', 212.1320344), ('TripletMemberA', 'stimuli/fractals/101b.jpg'), ('TripletMemberB', 'stimuli/fractals/101a.jpg'), ('TripletMemberC', 'stimuli/fractals/101c.jpg'), ('Xcoordinate', 212.1320344), ('Ycoordinate', 212.1320344), ('Xcoordinate_lure1', 0.0), ('Ycoordinate_lure1', 300.0), ('Xcoordinate_lure2', 300.0), ('Ycoordinate_lure2', 0.0), ('Xcoordinate_foil', -212.1320344), ('Ycoordinate_foil', -212.1320344)])
83.8160 	EXP 	start_enc_run_text: autoDraw = False
83.8160 	EXP 	start_enc_run_text: autoDraw = False
83.8160 	EXP 	enc_fx_cross: pos = array([212.1320344, 212.1320344])
83.8160 	EXP 	enc_fx_map: autoDraw = True
83.8160 	EXP 	enc_fx_cross: autoDraw = True
88.8858 	EXP 	enc_fx_map: autoDraw = False
88.8858 	EXP 	enc_fx_cross: autoDraw = False
88.8858 	EXP 	enc_fx_map: autoDraw = False
88.8858 	EXP 	enc_fx_cross: autoDraw = False
88.8858 	EXP 	enc_trial_main_image: pos = array([212.1320344, 212.1320344])
88.8858 	EXP 	enc_trial_main_image: image = 'stimuli/fractals/101a.jpg'
88.8858 	EXP 	enc_trial_map: autoDraw = True
88.8858 	EXP 	enc_trial_main_image: autoDraw = True
89.5729 	DATA 	Keypress: j
91.8213 	EXP 	New trial (rep=0, index=1): OrderedDict([('TrialIndex', 6), ('Jitter', 3000), ('ScannerRun', 1), ('StimType', 'OLP'), ('Order', 2), ('Delay', 0), ('CurrentImage', 'stimuli/fractals/97c.jpg'), ('CurrentX', 212.1320344), ('CurrentY', -212.1320344), ('TripletMemberA', 'stimuli/fractals/97b.jpg'), ('TripletMemberB', 'stimuli/fractals/97c.jpg'), ('TripletMemberC', 'stimuli/fractals/97a.jpg'), ('Xcoordinate', 212.1320344), ('Ycoordinate', -212.1320344), ('Xcoordinate_lure1', 0.0), ('Ycoordinate_lure1', -300.0), ('Xcoordinate_lure2', 300.0), ('Ycoordinate_lure2', 0.0), ('Xcoordinate_foil', -212.1320344), ('Ycoordinate_foil', 212.1320344)])
91.8261 	EXP 	enc_trial_map: autoDraw = False
91.8261 	EXP 	enc_trial_main_image: autoDraw = False
91.8261 	EXP 	enc_fx_cross: pos = array([ 212.1320344, -212.1320344])
91.8261 	EXP 	enc_fx_map: autoDraw = True
91.8261 	EXP 	enc_fx_cross: autoDraw = True
94.8972 	EXP 	enc_fx_map: autoDraw = False
94.8972 	EXP 	enc_fx_cross: autoDraw = False
94.8972 	EXP 	enc_fx_map: autoDraw = False
94.8972 	EXP 	enc_fx_cross: autoDraw = False
94.8972 	EXP 	enc_trial_main_image: pos = array([ 212.1320344, -212.1320344])
94.8972 	EXP 	enc_trial_main_image: image = 'stimuli/fractals/97c.jpg'
94.8972 	EXP 	enc_trial_map: autoDraw = True
94.8972 	EXP 	enc_trial_main_image: autoDraw = True
95.6727 	DATA 	Keypress: j
97.8368 	EXP 	enc_trial_map: autoDraw = False
97.8368 	EXP 	enc_trial_main_image: autoDraw = False
97.8368 	EXP 	end_enc_run_text: text = 'Vége az első feladatnak'
97.8368 	EXP 	end_enc_run_text: autoDraw = True
107.1971 	DATA 	Keypress: right
107.2002 	EXP 	end_enc_run_text: autoDraw = False
107.2002 	EXP 	start_recognition_text: autoDraw = True
108.8217 	DATA 	Keypress: right
109.2000 	EXP 	start_recognition_text: autoDraw = False
109.2000 	EXP 	start_recognition_text: autoDraw = False
109.2000 	EXP 	rec_instructions_1_text: autoDraw = True
109.7951 	DATA 	Keypress: right
109.7977 	EXP 	rec_instructions_1_text: autoDraw = False
109.7977 	EXP 	rec_instructions2_text: autoDraw = True
110.2812 	DATA 	Keypress: right
110.2835 	EXP 	rec_instructions2_text: autoDraw = False
110.2835 	EXP 	rec_instrauction_3_text: autoDraw = True
110.7476 	DATA 	Keypress: right
110.7497 	EXP 	rec_instrauction_3_text: autoDraw = False
110.7497 	EXP 	rec_instructions_4_text: autoDraw = True
111.4940 	DATA 	Keypress: right
111.5050 	EXP 	Imported stimuli_demo.csv as conditions, 10 conditions, 12 params
111.5055 	EXP 	Created sequence: sequential, trialTypes=10, nReps=1, seed=None
111.5061 	EXP 	New trial (rep=0, index=0): OrderedDict([('Task', 'Demo'), ('TrialType', 'OBJ'), ('StimType', 'LURE'), ('CurrentImage', 'stimuli/fractals//181b.jpg'), ('DemoImage', 'stimuli/fractals//181c.jpg'), ('CurrentX', 300.0), ('CurrentY', 0.0), ('DemoX', -300.0), ('DemoY', 0.0), ('InPractice', '-'), ('DemoText', 'Hasonló Képek'), ('Jitter', 2300)])
111.6511 	EXP 	rec_instructions_4_text: autoDraw = False
111.6511 	EXP 	demo_main_image: pos = array([300.,   0.])
111.6511 	EXP 	demo_main_image: image = 'stimuli/fractals//181b.jpg'
111.6511 	EXP 	demo_image: pos = array([-300.,    0.])
111.6511 	EXP 	demo_image: image = 'stimuli/fractals//181c.jpg'
111.6511 	EXP 	demo_text: text = 'Hasonló Képek'
111.6511 	EXP 	demo_map: autoDraw = True
111.6511 	EXP 	demo_main_image: autoDraw = True
111.6511 	EXP 	demo_image: autoDraw = True
111.6511 	EXP 	demo_text: autoDraw = True
113.5440 	DATA 	Keypress: right
115.5295 	DATA 	Keypress: right
115.5328 	EXP 	New trial (rep=0, index=1): OrderedDict([('Task', 'Demo'), ('TrialType', 'OBJ'), ('StimType', 'LURE'), ('CurrentImage', 'stimuli/fractals//149a.jpg'), ('DemoImage', 'stimuli/fractals//149b.jpg'), ('CurrentX', 300.0), ('CurrentY', 0.0), ('DemoX', -300.0), ('DemoY', 0.0), ('InPractice', '-'), ('DemoText', 'Hasonló Képek'), ('Jitter', 1000)])
115.6680 	EXP 	demo_map: autoDraw = False
115.6680 	EXP 	demo_main_image: autoDraw = False
115.6680 	EXP 	demo_image: autoDraw = False
115.6680 	EXP 	demo_text: autoDraw = False
115.6680 	EXP 	demo_main_image: pos = array([300.,   0.])
115.6680 	EXP 	demo_main_image: image = 'stimuli/fractals//149a.jpg'
115.6680 	EXP 	demo_image: pos = array([-300.,    0.])
115.6680 	EXP 	demo_image: image = 'stimuli/fractals//149b.jpg'
115.6680 	EXP 	demo_text: text = 'Hasonló Képek'
115.6680 	EXP 	demo_map: autoDraw = True
115.6680 	EXP 	demo_main_image: autoDraw = True
115.6680 	EXP 	demo_image: autoDraw = True
115.6680 	EXP 	demo_text: autoDraw = True
116.9006 	DATA 	Keypress: right
118.7860 	DATA 	Keypress: right
118.7880 	EXP 	New trial (rep=0, index=2): OrderedDict([('Task', 'Demo'), ('TrialType', 'OBJ'), ('StimType', 'LURE'), ('CurrentImage', 'stimuli/fractals//177b.jpg'), ('DemoImage', 'stimuli/fractals//177c.jpg'), ('CurrentX', 300.0), ('CurrentY', 0.0), ('DemoX', -300.0), ('DemoY', 0.0), ('InPractice', '-'), ('DemoText', 'Hasonló Képek'), ('Jitter', 800)])
118.9309 	EXP 	demo_map: autoDraw = False
118.9309 	EXP 	demo_main_image: autoDraw = False
118.9309 	EXP 	demo_image: autoDraw = False
118.9309 	EXP 	demo_text: autoDraw = False
118.9309 	EXP 	demo_main_image: pos = array([300.,   0.])
118.9309 	EXP 	demo_main_image: image = 'stimuli/fractals//177b.jpg'
118.9309 	EXP 	demo_image: pos = array([-300.,    0.])
118.9309 	EXP 	demo_image: image = 'stimuli/fractals//177c.jpg'
118.9309 	EXP 	demo_text: text = 'Hasonló Képek'
118.9309 	EXP 	demo_map: autoDraw = True
118.9309 	EXP 	demo_main_image: autoDraw = True
118.9309 	EXP 	demo_image: autoDraw = True
118.9309 	EXP 	demo_text: autoDraw = True
120.2151 	DATA 	Keypress: right
121.9019 	DATA 	Keypress: right
121.9040 	EXP 	New trial (rep=0, index=3): OrderedDict([('Task', 'Demo'), ('TrialType', 'OBJ'), ('StimType', 'LURE'), ('CurrentImage', 'stimuli/fractals//167a.jpg'), ('DemoImage', 'stimuli/fractals//167b.jpg'), ('CurrentX', 300.0), ('CurrentY', 0.0), ('DemoX', -300.0), ('DemoY', 0.0), ('InPractice', 'OBJ-TARGET'), ('DemoText', 'Hasonló Képek'), ('Jitter', 1500)])
122.0332 	EXP 	demo_map: autoDraw = False
122.0332 	EXP 	demo_main_image: autoDraw = False
122.0332 	EXP 	demo_image: autoDraw = False
122.0332 	EXP 	demo_text: autoDraw = False
122.0332 	EXP 	demo_main_image: pos = array([300.,   0.])
122.0332 	EXP 	demo_main_image: image = 'stimuli/fractals//167a.jpg'
122.0332 	EXP 	demo_image: pos = array([-300.,    0.])
122.0332 	EXP 	demo_image: image = 'stimuli/fractals//167b.jpg'
122.0332 	EXP 	demo_text: text = 'Hasonló Képek'
122.0332 	EXP 	demo_map: autoDraw = True
122.0332 	EXP 	demo_main_image: autoDraw = True
122.0332 	EXP 	demo_image: autoDraw = True
122.0332 	EXP 	demo_text: autoDraw = True
123.5871 	DATA 	Keypress: right
128.6541 	DATA 	Keypress: right
128.6600 	EXP 	New trial (rep=0, index=4): OrderedDict([('Task', 'Demo'), ('TrialType', 'OBJ'), ('StimType', 'FOIL'), ('CurrentImage', 'stimuli/fractals//163a.jpg'), ('DemoImage', 'stimuli/fractals//173c.jpg'), ('CurrentX', 300.0), ('CurrentY', 0.0), ('DemoX', -300.0), ('DemoY', 0.0), ('InPractice', '-'), ('DemoText', 'Új Képek'), ('Jitter', 600)])
128.7927 	EXP 	demo_map: autoDraw = False
128.7927 	EXP 	demo_main_image: autoDraw = False
128.7927 	EXP 	demo_image: autoDraw = False
128.7927 	EXP 	demo_text: autoDraw = False
128.7927 	EXP 	demo_main_image: pos = array([300.,   0.])
128.7927 	EXP 	demo_main_image: image = 'stimuli/fractals//163a.jpg'
128.7927 	EXP 	demo_image: pos = array([-300.,    0.])
128.7927 	EXP 	demo_image: image = 'stimuli/fractals//173c.jpg'
128.7927 	EXP 	demo_text: text = 'Új Képek'
128.7927 	EXP 	demo_map: autoDraw = True
128.7927 	EXP 	demo_main_image: autoDraw = True
128.7927 	EXP 	demo_image: autoDraw = True
128.7927 	EXP 	demo_text: autoDraw = True
134.4098 	DATA 	Keypress: right
134.4119 	EXP 	New trial (rep=0, index=5): OrderedDict([('Task', 'Demo'), ('TrialType', 'LOC'), ('StimType', 'LURE'), ('CurrentImage', 'stimuli/fractals//166a.jpg'), ('DemoImage', 'stimuli/fractals//166a.jpg'), ('CurrentX', -300.0), ('CurrentY', 0.0), ('DemoX', -212.1320344), ('DemoY', -212.1320344), ('InPractice', 'LOC-TARGET, OBJ-LURE'), ('DemoText', 'Hasonló Helyek'), ('Jitter', 800)])
134.5453 	EXP 	demo_map: autoDraw = False
134.5453 	EXP 	demo_main_image: autoDraw = False
134.5453 	EXP 	demo_image: autoDraw = False
134.5453 	EXP 	demo_text: autoDraw = False
134.5453 	EXP 	demo_main_image: pos = array([-300.,    0.])
134.5453 	EXP 	demo_main_image: image = 'stimuli/fractals//166a.jpg'
134.5453 	EXP 	demo_image: pos = array([-212.1320344, -212.1320344])
134.5453 	EXP 	demo_image: image = 'stimuli/fractals//166a.jpg'
134.5453 	EXP 	demo_text: text = 'Hasonló Helyek'
134.5453 	EXP 	demo_map: autoDraw = True
134.5453 	EXP 	demo_main_image: autoDraw = True
134.5453 	EXP 	demo_image: autoDraw = True
134.5453 	EXP 	demo_text: autoDraw = True
135.4189 	DATA 	Keypress: right
136.2004 	DATA 	Keypress: right
136.4708 	DATA 	Keypress: right
136.6861 	DATA 	Keypress: right
136.6882 	EXP 	New trial (rep=0, index=6): OrderedDict([('Task', 'Demo'), ('TrialType', 'LOC'), ('StimType', 'LURE'), ('CurrentImage', 'stimuli/fractals//159a.jpg'), ('DemoImage', 'stimuli/fractals//159a.jpg'), ('CurrentX', 0.0), ('CurrentY', 300.0), ('DemoX', -212.1320344), ('DemoY', 212.1320344), ('InPractice', 'LOC-LURE'), ('DemoText', 'Hasonló Helyek'), ('Jitter', 1500)])
136.8327 	EXP 	demo_map: autoDraw = False
136.8327 	EXP 	demo_main_image: autoDraw = False
136.8327 	EXP 	demo_image: autoDraw = False
136.8327 	EXP 	demo_text: autoDraw = False
136.8327 	EXP 	demo_main_image: pos = array([  0., 300.])
136.8327 	EXP 	demo_main_image: image = 'stimuli/fractals//159a.jpg'
136.8327 	EXP 	demo_image: pos = array([-212.1320344,  212.1320344])
136.8327 	EXP 	demo_image: image = 'stimuli/fractals//159a.jpg'
136.8327 	EXP 	demo_text: text = 'Hasonló Helyek'
136.8327 	EXP 	demo_map: autoDraw = True
136.8327 	EXP 	demo_main_image: autoDraw = True
136.8327 	EXP 	demo_image: autoDraw = True
136.8327 	EXP 	demo_text: autoDraw = True
137.3756 	DATA 	Keypress: right
138.1702 	DATA 	Keypress: right
140.7479 	DATA 	Keypress: right
140.7504 	EXP 	New trial (rep=0, index=7): OrderedDict([('Task', 'Demo'), ('TrialType', 'LOC'), ('StimType', 'LURE'), ('CurrentImage', 'stimuli/fractals//148b.jpg'), ('DemoImage', 'stimuli/fractals//148b.jpg'), ('CurrentX', 212.1320344), ('CurrentY', 212.1320344), ('DemoX', 0.0), ('DemoY', 300.0), ('InPractice', 'LOC-FOIL'), ('DemoText', 'Hasonló Helyek'), ('Jitter', 800)])
140.8802 	EXP 	demo_map: autoDraw = False
140.8802 	EXP 	demo_main_image: autoDraw = False
140.8802 	EXP 	demo_image: autoDraw = False
140.8802 	EXP 	demo_text: autoDraw = False
140.8802 	EXP 	demo_main_image: pos = array([212.1320344, 212.1320344])
140.8802 	EXP 	demo_main_image: image = 'stimuli/fractals//148b.jpg'
140.8802 	EXP 	demo_image: pos = array([  0., 300.])
140.8802 	EXP 	demo_image: image = 'stimuli/fractals//148b.jpg'
140.8802 	EXP 	demo_text: text = 'Hasonló Helyek'
140.8802 	EXP 	demo_map: autoDraw = True
140.8802 	EXP 	demo_main_image: autoDraw = True
140.8802 	EXP 	demo_image: autoDraw = True
140.8802 	EXP 	demo_text: autoDraw = True
143.7424 	DATA 	Keypress: right
143.7454 	EXP 	New trial (rep=0, index=8): OrderedDict([('Task', 'Demo'), ('TrialType', 'LOC'), ('StimType', 'FOIL'), ('CurrentImage', 'stimuli/fractals//177b.jpg'), ('DemoImage', 'stimuli/fractals//177b.jpg'), ('CurrentX', 300.0), ('CurrentY', 0.0), ('DemoX', -212.1320344), ('DemoY', 212.1320344), ('InPractice', 'OBJ-LURE'), ('DemoText', 'Új Helyek'), ('Jitter', 800)])
143.8953 	EXP 	demo_map: autoDraw = False
143.8953 	EXP 	demo_main_image: autoDraw = False
143.8953 	EXP 	demo_image: autoDraw = False
143.8953 	EXP 	demo_text: autoDraw = False
143.8953 	EXP 	demo_main_image: pos = array([300.,   0.])
143.8953 	EXP 	demo_main_image: image = 'stimuli/fractals//177b.jpg'
143.8953 	EXP 	demo_image: pos = array([-212.1320344,  212.1320344])
143.8953 	EXP 	demo_image: image = 'stimuli/fractals//177b.jpg'
143.8953 	EXP 	demo_text: text = 'Új Helyek'
143.8953 	EXP 	demo_map: autoDraw = True
143.8953 	EXP 	demo_main_image: autoDraw = True
143.8953 	EXP 	demo_image: autoDraw = True
143.8953 	EXP 	demo_text: autoDraw = True
145.7834 	DATA 	Keypress: right
148.2900 	DATA 	Keypress: right
148.2920 	EXP 	New trial (rep=0, index=9): OrderedDict([('Task', 'Demo'), ('TrialType', 'LOC'), ('StimType', 'FOIL'), ('CurrentImage', 'stimuli/fractals//177b.jpg'), ('DemoImage', 'stimuli/fractals//177b.jpg'), ('CurrentX', 300.0), ('CurrentY', 0.0), ('DemoX', -300.0), ('DemoY', 0.0), ('InPractice', 'OBJ-LURE'), ('DemoText', 'Új Helyek'), ('Jitter', 1200)])
148.4376 	EXP 	demo_map: autoDraw = False
148.4376 	EXP 	demo_main_image: autoDraw = False
148.4376 	EXP 	demo_image: autoDraw = False
148.4376 	EXP 	demo_text: autoDraw = False
148.4376 	EXP 	demo_main_image: pos = array([300.,   0.])
148.4376 	EXP 	demo_main_image: image = 'stimuli/fractals//177b.jpg'
148.4376 	EXP 	demo_image: pos = array([-300.,    0.])
148.4376 	EXP 	demo_image: image = 'stimuli/fractals//177b.jpg'
148.4376 	EXP 	demo_text: text = 'Új Helyek'
148.4376 	EXP 	demo_map: autoDraw = True
148.4376 	EXP 	demo_main_image: autoDraw = True
148.4376 	EXP 	demo_image: autoDraw = True
148.4376 	EXP 	demo_text: autoDraw = True
150.7696 	DATA 	Keypress: right
150.7732 	EXP 	demo_map: autoDraw = False
150.7732 	EXP 	demo_main_image: autoDraw = False
150.7732 	EXP 	demo_image: autoDraw = False
150.7732 	EXP 	demo_text: autoDraw = False
150.7732 	EXP 	demo_end_text: autoDraw = True
153.6072 	DATA 	Keypress: right
155.1873 	DATA 	Keypress: right
156.6406 	DATA 	Keypress: right
156.6438 	EXP 	demo_end_text: autoDraw = False
156.6438 	EXP 	start_practice_text: autoDraw = True
157.6411 	EXP 	Created sequence: sequential, trialTypes=1, nReps=2, seed=None
157.6414 	EXP 	New trial (rep=0, index=0): None
157.6470 	EXP 	start_practice_text: autoDraw = False
157.6470 	EXP 	start_practice_text: autoDraw = False
157.6470 	EXP 	rec_practice_block_text: text = 'Kép'
157.6470 	EXP 	rec_practice_block_text: autoDraw = True
158.6531 	EXP 	Imported recognition_practice_trials.csv as conditions, 3 conditions, 10 params
158.6535 	EXP 	Created sequence: sequential, trialTypes=3, nReps=1, seed=None
158.6541 	EXP 	New trial (rep=0, index=0): OrderedDict([('Task', 'RecognitionPractice'), ('TrialIndex', 1), ('BlockNr', 1), ('TrialType', 'OBJ'), ('StimType', 'FOIL'), ('CurrentImage', 'stimuli/fractals/156b.jpg'), ('CurrentX', 212.1320344), ('CurrentY', 212.1320344), ('Jitter', 0.6), ('Filler', 0)])
158.7351 	EXP 	rec_practice_block_text: autoDraw = False
158.7351 	EXP 	rec_practice_block_text: autoDraw = False
158.7351 	EXP 	rec_fx_cross: pos = array([212.1320344, 212.1320344])
158.7351 	EXP 	rec_fx_text_block: text = 'Kép'
158.7351 	EXP 	rec_fx_map: autoDraw = True
158.7351 	EXP 	rec_fx_map: autoDraw = False
158.7351 	EXP 	rec_fx_cross: autoDraw = True
158.7351 	EXP 	rec_fx_cross: autoDraw = False
158.7351 	EXP 	rec_fx_text_block: autoDraw = True
158.7351 	EXP 	rec_fx_text_block: autoDraw = False
158.7351 	EXP 	rec_fx_instructions_text: autoDraw = True
158.7351 	EXP 	rec_fx_instructions_text: autoDraw = False
158.7351 	EXP 	rec_fx_map: autoDraw = False
158.7351 	EXP 	rec_fx_cross: autoDraw = False
158.7351 	EXP 	rec_fx_text_block: autoDraw = False
158.7351 	EXP 	rec_fx_instructions_text: autoDraw = False
158.7351 	EXP 	rec_trial_main_image: pos = array([212.1320344, 212.1320344])
158.7351 	EXP 	rec_trial_main_image: image = 'stimuli/fractals/156b.jpg'
158.7351 	EXP 	rec_trial_text_block: text = 'OBJ'
158.7351 	EXP 	rec_trial_map: autoDraw = True
158.7351 	EXP 	rec_trial_main_image: autoDraw = True
158.7351 	EXP 	rec_trial_text_block: autoDraw = True
158.7351 	EXP 	rec_trial_instructions_text: autoDraw = True
161.6787 	EXP 	rec_trial_map: autoDraw = False
161.6787 	EXP 	rec_trial_main_image: autoDraw = False
161.6787 	EXP 	rec_trial_text_block: autoDraw = False
161.6787 	EXP 	rec_trial_instructions_text: autoDraw = False
161.6787 	EXP 	rec_practice_feedback_text: text = 'A helyes válasz: Új\n'
161.6787 	EXP 	rec_practice_feedback_text: autoDraw = True
162.6625 	EXP 	New trial (rep=0, index=1): OrderedDict([('Task', 'RecognitionPractice'), ('TrialIndex', 1), ('BlockNr', 1), ('TrialType', 'OBJ'), ('StimType', 'LURE'), ('CurrentImage', 'stimuli/fractals/166c.jpg'), ('CurrentX', -300.0), ('CurrentY', 0.0), ('Jitter', 0.6), ('Filler', 0)])
162.7349 	EXP 	rec_practice_feedback_text: autoDraw = False
162.7349 	EXP 	rec_fx_cross: pos = array([-300.,    0.])
162.7349 	EXP 	rec_fx_text_block: text = 'Kép'
162.7349 	EXP 	rec_fx_map: autoDraw = True
162.7349 	EXP 	rec_fx_map: autoDraw = False
162.7349 	EXP 	rec_fx_cross: autoDraw = True
162.7349 	EXP 	rec_fx_cross: autoDraw = False
162.7349 	EXP 	rec_fx_text_block: autoDraw = True
162.7349 	EXP 	rec_fx_text_block: autoDraw = False
162.7349 	EXP 	rec_fx_instructions_text: autoDraw = True
162.7349 	EXP 	rec_fx_instructions_text: autoDraw = False
162.7349 	EXP 	rec_fx_map: autoDraw = False
162.7349 	EXP 	rec_fx_cross: autoDraw = False
162.7349 	EXP 	rec_fx_text_block: autoDraw = False
162.7349 	EXP 	rec_fx_instructions_text: autoDraw = False
162.7349 	EXP 	rec_trial_main_image: pos = array([-300.,    0.])
162.7349 	EXP 	rec_trial_main_image: image = 'stimuli/fractals/166c.jpg'
162.7349 	EXP 	rec_trial_text_block: text = 'OBJ'
162.7349 	EXP 	rec_trial_map: autoDraw = True
162.7349 	EXP 	rec_trial_main_image: autoDraw = True
162.7349 	EXP 	rec_trial_text_block: autoDraw = True
162.7349 	EXP 	rec_trial_instructions_text: autoDraw = True
165.2993 	DATA 	Keypress: k
165.4491 	DATA 	Keypress: j
165.6785 	EXP 	rec_trial_map: autoDraw = False
165.6785 	EXP 	rec_trial_main_image: autoDraw = False
165.6785 	EXP 	rec_trial_text_block: autoDraw = False
165.6785 	EXP 	rec_trial_instructions_text: autoDraw = False
165.6785 	EXP 	rec_practice_feedback_text: text = 'A helyes válasz: Hasonló\nAz Ön válasza: Hasonló'
165.6785 	EXP 	rec_practice_feedback_text: autoDraw = True
166.6666 	EXP 	New trial (rep=0, index=2): OrderedDict([('Task', 'RecognitionPractice'), ('TrialIndex', 2), ('BlockNr', 1), ('TrialType', 'OBJ'), ('StimType', 'TARGET'), ('CurrentImage', 'stimuli/fractals/167a.jpg'), ('CurrentX', 0.0), ('CurrentY', 300.0), ('Jitter', 2.0), ('Filler', 0)])
166.6724 	EXP 	rec_practice_feedback_text: autoDraw = False
166.6724 	EXP 	rec_fx_cross: pos = array([  0., 300.])
166.6724 	EXP 	rec_fx_text_block: text = 'Kép'
166.6724 	EXP 	rec_fx_map: autoDraw = True
166.6724 	EXP 	rec_fx_cross: autoDraw = True
166.6724 	EXP 	rec_fx_text_block: autoDraw = True
166.6724 	EXP 	rec_fx_instructions_text: autoDraw = True
166.7449 	EXP 	rec_fx_map: autoDraw = False
166.7449 	EXP 	rec_fx_cross: autoDraw = False
166.7449 	EXP 	rec_fx_text_block: autoDraw = False
166.7449 	EXP 	rec_fx_instructions_text: autoDraw = False
166.7449 	EXP 	rec_fx_map: autoDraw = False
166.7449 	EXP 	rec_fx_cross: autoDraw = False
166.7449 	EXP 	rec_fx_text_block: autoDraw = False
166.7449 	EXP 	rec_fx_instructions_text: autoDraw = False
166.7449 	EXP 	rec_trial_main_image: pos = array([  0., 300.])
166.7449 	EXP 	rec_trial_main_image: image = 'stimuli/fractals/167a.jpg'
166.7449 	EXP 	rec_trial_text_block: text = 'OBJ'
166.7449 	EXP 	rec_trial_map: autoDraw = True
166.7449 	EXP 	rec_trial_main_image: autoDraw = True
166.7449 	EXP 	rec_trial_text_block: autoDraw = True
166.7449 	EXP 	rec_trial_instructions_text: autoDraw = True
168.9334 	DATA 	Keypress: j
169.6855 	EXP 	rec_trial_map: autoDraw = False
169.6855 	EXP 	rec_trial_main_image: autoDraw = False
169.6855 	EXP 	rec_trial_text_block: autoDraw = False
169.6855 	EXP 	rec_trial_instructions_text: autoDraw = False
169.6855 	EXP 	rec_practice_feedback_text: text = 'A helyes válasz: Régi\nAz Ön válasza: Hasonló'
169.6855 	EXP 	rec_practice_feedback_text: autoDraw = True
170.6754 	EXP 	New trial (rep=1, index=0): None
170.6803 	EXP 	rec_practice_feedback_text: autoDraw = False
170.6803 	EXP 	rec_practice_block_text: text = 'Hely'
170.6803 	EXP 	rec_practice_block_text: autoDraw = True
171.6837 	EXP 	Imported recognition_practice_trials.csv as conditions, 3 conditions, 10 params
171.6841 	EXP 	Created sequence: sequential, trialTypes=3, nReps=1, seed=None
171.6847 	EXP 	New trial (rep=0, index=0): OrderedDict([('Task', 'RecognitionPractice'), ('TrialIndex', 4), ('BlockNr', 2), ('TrialType', 'LOC'), ('StimType', 'LURE'), ('CurrentImage', 'stimuli/fractals/159a.jpg'), ('CurrentX', 212.1320344), ('CurrentY', 212.1320344), ('Jitter', 1.0), ('Filler', 0)])
171.6932 	EXP 	rec_practice_block_text: autoDraw = False
171.6932 	EXP 	rec_fx_cross: pos = array([212.1320344, 212.1320344])
171.6932 	EXP 	rec_fx_text_block: text = 'Hely'
171.6932 	EXP 	rec_fx_map: autoDraw = True
171.6932 	EXP 	rec_fx_cross: autoDraw = True
171.6932 	EXP 	rec_fx_text_block: autoDraw = True
171.6932 	EXP 	rec_fx_instructions_text: autoDraw = True
171.7731 	EXP 	rec_fx_map: autoDraw = False
171.7731 	EXP 	rec_fx_cross: autoDraw = False
171.7731 	EXP 	rec_fx_text_block: autoDraw = False
171.7731 	EXP 	rec_fx_instructions_text: autoDraw = False
171.7731 	EXP 	rec_fx_map: autoDraw = False
171.7731 	EXP 	rec_fx_cross: autoDraw = False
171.7731 	EXP 	rec_fx_text_block: autoDraw = False
171.7731 	EXP 	rec_fx_instructions_text: autoDraw = False
171.7731 	EXP 	rec_trial_main_image: pos = array([212.1320344, 212.1320344])
171.7731 	EXP 	rec_trial_main_image: image = 'stimuli/fractals/159a.jpg'
171.7731 	EXP 	rec_trial_text_block: text = 'LOC'
171.7731 	EXP 	rec_trial_map: autoDraw = True
171.7731 	EXP 	rec_trial_main_image: autoDraw = True
171.7731 	EXP 	rec_trial_text_block: autoDraw = True
171.7731 	EXP 	rec_trial_instructions_text: autoDraw = True
173.8451 	DATA 	Keypress: f
174.7070 	EXP 	rec_trial_map: autoDraw = False
174.7070 	EXP 	rec_trial_main_image: autoDraw = False
174.7070 	EXP 	rec_trial_text_block: autoDraw = False
174.7070 	EXP 	rec_trial_instructions_text: autoDraw = False
174.7070 	EXP 	rec_practice_feedback_text: text = 'A helyes válasz: Hasonló\nAz Ön válasza: Régi'
174.7070 	EXP 	rec_practice_feedback_text: autoDraw = True
175.6981 	EXP 	New trial (rep=0, index=1): OrderedDict([('Task', 'RecognitionPractice'), ('TrialIndex', 5), ('BlockNr', 2), ('TrialType', 'LOC'), ('StimType', 'FOIL'), ('CurrentImage', 'stimuli/fractals/148b.jpg'), ('CurrentX', -212.1320344), ('CurrentY', -212.1320344), ('Jitter', 1.5), ('Filler', 0)])
175.7033 	EXP 	rec_practice_feedback_text: autoDraw = False
175.7033 	EXP 	rec_fx_cross: pos = array([-212.1320344, -212.1320344])
175.7033 	EXP 	rec_fx_text_block: text = 'Hely'
175.7033 	EXP 	rec_fx_map: autoDraw = True
175.7033 	EXP 	rec_fx_cross: autoDraw = True
175.7033 	EXP 	rec_fx_text_block: autoDraw = True
175.7033 	EXP 	rec_fx_instructions_text: autoDraw = True
175.7740 	EXP 	rec_fx_map: autoDraw = False
175.7740 	EXP 	rec_fx_cross: autoDraw = False
175.7740 	EXP 	rec_fx_text_block: autoDraw = False
175.7740 	EXP 	rec_fx_instructions_text: autoDraw = False
175.7740 	EXP 	rec_fx_map: autoDraw = False
175.7740 	EXP 	rec_fx_cross: autoDraw = False
175.7740 	EXP 	rec_fx_text_block: autoDraw = False
175.7740 	EXP 	rec_fx_instructions_text: autoDraw = False
175.7740 	EXP 	rec_trial_main_image: pos = array([-212.1320344, -212.1320344])
175.7740 	EXP 	rec_trial_main_image: image = 'stimuli/fractals/148b.jpg'
175.7740 	EXP 	rec_trial_text_block: text = 'LOC'
175.7740 	EXP 	rec_trial_map: autoDraw = True
175.7740 	EXP 	rec_trial_main_image: autoDraw = True
175.7740 	EXP 	rec_trial_text_block: autoDraw = True
175.7740 	EXP 	rec_trial_instructions_text: autoDraw = True
178.1296 	DATA 	Keypress: k
178.7160 	EXP 	rec_trial_map: autoDraw = False
178.7160 	EXP 	rec_trial_main_image: autoDraw = False
178.7160 	EXP 	rec_trial_text_block: autoDraw = False
178.7160 	EXP 	rec_trial_instructions_text: autoDraw = False
178.7160 	EXP 	rec_practice_feedback_text: text = 'A helyes válasz: Új\nAz Ön válasza: Új'
178.7160 	EXP 	rec_practice_feedback_text: autoDraw = True
179.7084 	EXP 	New trial (rep=0, index=2): OrderedDict([('Task', 'RecognitionPractice'), ('TrialIndex', 6), ('BlockNr', 2), ('TrialType', 'LOC'), ('StimType', 'TARGET'), ('CurrentImage', 'stimuli/fractals/166a.jpg'), ('CurrentX', -300.0), ('CurrentY', 0.0), ('Jitter', 1.0), ('Filler', 0)])
179.7137 	EXP 	rec_practice_feedback_text: autoDraw = False
179.7137 	EXP 	rec_fx_cross: pos = array([-300.,    0.])
179.7137 	EXP 	rec_fx_text_block: text = 'Hely'
179.7137 	EXP 	rec_fx_map: autoDraw = True
179.7137 	EXP 	rec_fx_cross: autoDraw = True
179.7137 	EXP 	rec_fx_text_block: autoDraw = True
179.7137 	EXP 	rec_fx_instructions_text: autoDraw = True
179.7854 	EXP 	rec_fx_map: autoDraw = False
179.7854 	EXP 	rec_fx_cross: autoDraw = False
179.7854 	EXP 	rec_fx_text_block: autoDraw = False
179.7854 	EXP 	rec_fx_instructions_text: autoDraw = False
179.7854 	EXP 	rec_fx_map: autoDraw = False
179.7854 	EXP 	rec_fx_cross: autoDraw = False
179.7854 	EXP 	rec_fx_text_block: autoDraw = False
179.7854 	EXP 	rec_fx_instructions_text: autoDraw = False
179.7854 	EXP 	rec_trial_main_image: pos = array([-300.,    0.])
179.7854 	EXP 	rec_trial_main_image: image = 'stimuli/fractals/166a.jpg'
179.7854 	EXP 	rec_trial_text_block: text = 'LOC'
179.7854 	EXP 	rec_trial_map: autoDraw = True
179.7854 	EXP 	rec_trial_main_image: autoDraw = True
179.7854 	EXP 	rec_trial_text_block: autoDraw = True
179.7854 	EXP 	rec_trial_instructions_text: autoDraw = True
182.7250 	EXP 	rec_trial_map: autoDraw = False
182.7250 	EXP 	rec_trial_main_image: autoDraw = False
182.7250 	EXP 	rec_trial_text_block: autoDraw = False
182.7250 	EXP 	rec_trial_instructions_text: autoDraw = False
182.7250 	EXP 	rec_practice_feedback_text: text = 'A helyes válasz: Régi\n'
182.7250 	EXP 	rec_practice_feedback_text: autoDraw = True
182.9071 	DATA 	Keypress: f
183.7177 	EXP 	rec_practice_feedback_text: autoDraw = False
183.7177 	EXP 	end_practice_text: autoDraw = True
239.8197 	DATA 	Mouse: Left button down, pos=(593,738)
239.9148 	DATA 	Mouse:  Left button up, pos=(593,738)
240.8556 	DATA 	Keypress: escape
240.8729 	EXP 	window1: mouseVisible = True
